[2025-03-10T09:14:25.594+0100] {processor.py:161} INFO - Started process (PID=136902) to work on /home/philip/de_engineering/airflow_projects/airflow1/venv/lib/python3.10/site-packages/airflow/example_dags/example_python_decorator.py
[2025-03-10T09:14:25.595+0100] {processor.py:830} INFO - Processing file /home/philip/de_engineering/airflow_projects/airflow1/venv/lib/python3.10/site-packages/airflow/example_dags/example_python_decorator.py for tasks to queue
[2025-03-10T09:14:25.595+0100] {logging_mixin.py:188} INFO - [2025-03-10T09:14:25.595+0100] {dagbag.py:538} INFO - Filling up the DagBag from /home/philip/de_engineering/airflow_projects/airflow1/venv/lib/python3.10/site-packages/airflow/example_dags/example_python_decorator.py
[2025-03-10T09:14:25.656+0100] {logging_mixin.py:188} INFO - [2025-03-10T09:14:25.656+0100] {example_python_decorator.py:79} WARNING - The virtalenv_python example task requires virtualenv, please install it.
[2025-03-10T09:14:25.658+0100] {processor.py:840} INFO - DAG(s) 'example_python_decorator' retrieved from /home/philip/de_engineering/airflow_projects/airflow1/venv/lib/python3.10/site-packages/airflow/example_dags/example_python_decorator.py
[2025-03-10T09:14:25.733+0100] {logging_mixin.py:188} INFO - [2025-03-10T09:14:25.733+0100] {override.py:1769} INFO - Created Permission View: can read on DAG:example_python_decorator
[2025-03-10T09:14:25.740+0100] {logging_mixin.py:188} INFO - [2025-03-10T09:14:25.739+0100] {override.py:1769} INFO - Created Permission View: can delete on DAG:example_python_decorator
[2025-03-10T09:14:25.744+0100] {logging_mixin.py:188} INFO - [2025-03-10T09:14:25.744+0100] {override.py:1769} INFO - Created Permission View: can edit on DAG:example_python_decorator
[2025-03-10T09:14:25.745+0100] {logging_mixin.py:188} INFO - [2025-03-10T09:14:25.745+0100] {dag.py:3036} INFO - Sync 1 DAGs
[2025-03-10T09:14:25.752+0100] {logging_mixin.py:188} INFO - [2025-03-10T09:14:25.752+0100] {dag.py:3058} INFO - Creating ORM DAG for example_python_decorator
[2025-03-10T09:14:25.753+0100] {logging_mixin.py:188} INFO - [2025-03-10T09:14:25.753+0100] {dag.py:3823} INFO - Setting next_dagrun for example_python_decorator to None, run_after=None
[2025-03-10T09:14:25.768+0100] {processor.py:183} INFO - Processing /home/philip/de_engineering/airflow_projects/airflow1/venv/lib/python3.10/site-packages/airflow/example_dags/example_python_decorator.py took 0.177 seconds
[2025-03-10T09:14:56.282+0100] {processor.py:161} INFO - Started process (PID=137014) to work on /home/philip/de_engineering/airflow_projects/airflow1/venv/lib/python3.10/site-packages/airflow/example_dags/example_python_decorator.py
[2025-03-10T09:14:56.283+0100] {processor.py:830} INFO - Processing file /home/philip/de_engineering/airflow_projects/airflow1/venv/lib/python3.10/site-packages/airflow/example_dags/example_python_decorator.py for tasks to queue
[2025-03-10T09:14:56.284+0100] {logging_mixin.py:188} INFO - [2025-03-10T09:14:56.284+0100] {dagbag.py:538} INFO - Filling up the DagBag from /home/philip/de_engineering/airflow_projects/airflow1/venv/lib/python3.10/site-packages/airflow/example_dags/example_python_decorator.py
[2025-03-10T09:14:56.325+0100] {logging_mixin.py:188} INFO - [2025-03-10T09:14:56.325+0100] {example_python_decorator.py:79} WARNING - The virtalenv_python example task requires virtualenv, please install it.
[2025-03-10T09:14:56.325+0100] {processor.py:840} INFO - DAG(s) 'example_python_decorator' retrieved from /home/philip/de_engineering/airflow_projects/airflow1/venv/lib/python3.10/site-packages/airflow/example_dags/example_python_decorator.py
[2025-03-10T09:14:56.345+0100] {logging_mixin.py:188} INFO - [2025-03-10T09:14:56.345+0100] {dag.py:3036} INFO - Sync 1 DAGs
[2025-03-10T09:14:56.355+0100] {logging_mixin.py:188} INFO - [2025-03-10T09:14:56.355+0100] {dag.py:3823} INFO - Setting next_dagrun for example_python_decorator to None, run_after=None
[2025-03-10T09:14:56.370+0100] {processor.py:183} INFO - Processing /home/philip/de_engineering/airflow_projects/airflow1/venv/lib/python3.10/site-packages/airflow/example_dags/example_python_decorator.py took 0.092 seconds
[2025-03-10T09:15:26.429+0100] {processor.py:161} INFO - Started process (PID=137115) to work on /home/philip/de_engineering/airflow_projects/airflow1/venv/lib/python3.10/site-packages/airflow/example_dags/example_python_decorator.py
[2025-03-10T09:15:26.430+0100] {processor.py:830} INFO - Processing file /home/philip/de_engineering/airflow_projects/airflow1/venv/lib/python3.10/site-packages/airflow/example_dags/example_python_decorator.py for tasks to queue
[2025-03-10T09:15:26.430+0100] {logging_mixin.py:188} INFO - [2025-03-10T09:15:26.430+0100] {dagbag.py:538} INFO - Filling up the DagBag from /home/philip/de_engineering/airflow_projects/airflow1/venv/lib/python3.10/site-packages/airflow/example_dags/example_python_decorator.py
[2025-03-10T09:15:26.486+0100] {logging_mixin.py:188} INFO - [2025-03-10T09:15:26.485+0100] {example_python_decorator.py:79} WARNING - The virtalenv_python example task requires virtualenv, please install it.
[2025-03-10T09:15:26.486+0100] {processor.py:840} INFO - DAG(s) 'example_python_decorator' retrieved from /home/philip/de_engineering/airflow_projects/airflow1/venv/lib/python3.10/site-packages/airflow/example_dags/example_python_decorator.py
[2025-03-10T09:15:26.507+0100] {logging_mixin.py:188} INFO - [2025-03-10T09:15:26.507+0100] {dag.py:3036} INFO - Sync 1 DAGs
[2025-03-10T09:15:26.517+0100] {logging_mixin.py:188} INFO - [2025-03-10T09:15:26.517+0100] {dag.py:3823} INFO - Setting next_dagrun for example_python_decorator to None, run_after=None
[2025-03-10T09:15:26.535+0100] {processor.py:183} INFO - Processing /home/philip/de_engineering/airflow_projects/airflow1/venv/lib/python3.10/site-packages/airflow/example_dags/example_python_decorator.py took 0.110 seconds
[2025-03-10T09:15:56.906+0100] {processor.py:161} INFO - Started process (PID=137216) to work on /home/philip/de_engineering/airflow_projects/airflow1/venv/lib/python3.10/site-packages/airflow/example_dags/example_python_decorator.py
[2025-03-10T09:15:56.906+0100] {processor.py:830} INFO - Processing file /home/philip/de_engineering/airflow_projects/airflow1/venv/lib/python3.10/site-packages/airflow/example_dags/example_python_decorator.py for tasks to queue
[2025-03-10T09:15:56.907+0100] {logging_mixin.py:188} INFO - [2025-03-10T09:15:56.907+0100] {dagbag.py:538} INFO - Filling up the DagBag from /home/philip/de_engineering/airflow_projects/airflow1/venv/lib/python3.10/site-packages/airflow/example_dags/example_python_decorator.py
[2025-03-10T09:15:56.980+0100] {logging_mixin.py:188} INFO - [2025-03-10T09:15:56.979+0100] {example_python_decorator.py:79} WARNING - The virtalenv_python example task requires virtualenv, please install it.
[2025-03-10T09:15:56.980+0100] {processor.py:840} INFO - DAG(s) 'example_python_decorator' retrieved from /home/philip/de_engineering/airflow_projects/airflow1/venv/lib/python3.10/site-packages/airflow/example_dags/example_python_decorator.py
[2025-03-10T09:15:57.001+0100] {logging_mixin.py:188} INFO - [2025-03-10T09:15:57.001+0100] {dag.py:3036} INFO - Sync 1 DAGs
[2025-03-10T09:15:57.011+0100] {logging_mixin.py:188} INFO - [2025-03-10T09:15:57.011+0100] {dag.py:3823} INFO - Setting next_dagrun for example_python_decorator to None, run_after=None
[2025-03-10T09:15:57.029+0100] {processor.py:183} INFO - Processing /home/philip/de_engineering/airflow_projects/airflow1/venv/lib/python3.10/site-packages/airflow/example_dags/example_python_decorator.py took 0.126 seconds
[2025-03-10T09:16:27.209+0100] {processor.py:161} INFO - Started process (PID=137592) to work on /home/philip/de_engineering/airflow_projects/airflow1/venv/lib/python3.10/site-packages/airflow/example_dags/example_python_decorator.py
[2025-03-10T09:16:27.210+0100] {processor.py:830} INFO - Processing file /home/philip/de_engineering/airflow_projects/airflow1/venv/lib/python3.10/site-packages/airflow/example_dags/example_python_decorator.py for tasks to queue
[2025-03-10T09:16:27.211+0100] {logging_mixin.py:188} INFO - [2025-03-10T09:16:27.210+0100] {dagbag.py:538} INFO - Filling up the DagBag from /home/philip/de_engineering/airflow_projects/airflow1/venv/lib/python3.10/site-packages/airflow/example_dags/example_python_decorator.py
[2025-03-10T09:16:27.262+0100] {logging_mixin.py:188} INFO - [2025-03-10T09:16:27.261+0100] {example_python_decorator.py:79} WARNING - The virtalenv_python example task requires virtualenv, please install it.
[2025-03-10T09:16:27.262+0100] {processor.py:840} INFO - DAG(s) 'example_python_decorator' retrieved from /home/philip/de_engineering/airflow_projects/airflow1/venv/lib/python3.10/site-packages/airflow/example_dags/example_python_decorator.py
[2025-03-10T09:16:27.281+0100] {logging_mixin.py:188} INFO - [2025-03-10T09:16:27.281+0100] {dag.py:3036} INFO - Sync 1 DAGs
[2025-03-10T09:16:27.290+0100] {logging_mixin.py:188} INFO - [2025-03-10T09:16:27.290+0100] {dag.py:3823} INFO - Setting next_dagrun for example_python_decorator to None, run_after=None
[2025-03-10T09:16:27.304+0100] {processor.py:183} INFO - Processing /home/philip/de_engineering/airflow_projects/airflow1/venv/lib/python3.10/site-packages/airflow/example_dags/example_python_decorator.py took 0.098 seconds
[2025-03-10T09:16:57.472+0100] {processor.py:161} INFO - Started process (PID=137784) to work on /home/philip/de_engineering/airflow_projects/airflow1/venv/lib/python3.10/site-packages/airflow/example_dags/example_python_decorator.py
[2025-03-10T09:16:57.473+0100] {processor.py:830} INFO - Processing file /home/philip/de_engineering/airflow_projects/airflow1/venv/lib/python3.10/site-packages/airflow/example_dags/example_python_decorator.py for tasks to queue
[2025-03-10T09:16:57.473+0100] {logging_mixin.py:188} INFO - [2025-03-10T09:16:57.473+0100] {dagbag.py:538} INFO - Filling up the DagBag from /home/philip/de_engineering/airflow_projects/airflow1/venv/lib/python3.10/site-packages/airflow/example_dags/example_python_decorator.py
[2025-03-10T09:16:57.539+0100] {logging_mixin.py:188} INFO - [2025-03-10T09:16:57.539+0100] {example_python_decorator.py:79} WARNING - The virtalenv_python example task requires virtualenv, please install it.
[2025-03-10T09:16:57.540+0100] {processor.py:840} INFO - DAG(s) 'example_python_decorator' retrieved from /home/philip/de_engineering/airflow_projects/airflow1/venv/lib/python3.10/site-packages/airflow/example_dags/example_python_decorator.py
[2025-03-10T09:16:57.565+0100] {logging_mixin.py:188} INFO - [2025-03-10T09:16:57.565+0100] {dag.py:3036} INFO - Sync 1 DAGs
[2025-03-10T09:16:57.579+0100] {logging_mixin.py:188} INFO - [2025-03-10T09:16:57.579+0100] {dag.py:3823} INFO - Setting next_dagrun for example_python_decorator to None, run_after=None
[2025-03-10T09:16:57.598+0100] {processor.py:183} INFO - Processing /home/philip/de_engineering/airflow_projects/airflow1/venv/lib/python3.10/site-packages/airflow/example_dags/example_python_decorator.py took 0.129 seconds
[2025-03-10T09:17:27.788+0100] {processor.py:161} INFO - Started process (PID=137973) to work on /home/philip/de_engineering/airflow_projects/airflow1/venv/lib/python3.10/site-packages/airflow/example_dags/example_python_decorator.py
[2025-03-10T09:17:27.789+0100] {processor.py:830} INFO - Processing file /home/philip/de_engineering/airflow_projects/airflow1/venv/lib/python3.10/site-packages/airflow/example_dags/example_python_decorator.py for tasks to queue
[2025-03-10T09:17:27.790+0100] {logging_mixin.py:188} INFO - [2025-03-10T09:17:27.790+0100] {dagbag.py:538} INFO - Filling up the DagBag from /home/philip/de_engineering/airflow_projects/airflow1/venv/lib/python3.10/site-packages/airflow/example_dags/example_python_decorator.py
[2025-03-10T09:17:27.846+0100] {logging_mixin.py:188} INFO - [2025-03-10T09:17:27.846+0100] {example_python_decorator.py:79} WARNING - The virtalenv_python example task requires virtualenv, please install it.
[2025-03-10T09:17:27.847+0100] {processor.py:840} INFO - DAG(s) 'example_python_decorator' retrieved from /home/philip/de_engineering/airflow_projects/airflow1/venv/lib/python3.10/site-packages/airflow/example_dags/example_python_decorator.py
[2025-03-10T09:17:27.869+0100] {logging_mixin.py:188} INFO - [2025-03-10T09:17:27.868+0100] {dag.py:3036} INFO - Sync 1 DAGs
[2025-03-10T09:17:27.881+0100] {logging_mixin.py:188} INFO - [2025-03-10T09:17:27.881+0100] {dag.py:3823} INFO - Setting next_dagrun for example_python_decorator to None, run_after=None
[2025-03-10T09:17:27.897+0100] {processor.py:183} INFO - Processing /home/philip/de_engineering/airflow_projects/airflow1/venv/lib/python3.10/site-packages/airflow/example_dags/example_python_decorator.py took 0.113 seconds
[2025-03-10T09:19:22.375+0100] {processor.py:161} INFO - Started process (PID=138673) to work on /home/philip/de_engineering/airflow_projects/airflow1/venv/lib/python3.10/site-packages/airflow/example_dags/example_python_decorator.py
[2025-03-10T09:19:22.376+0100] {processor.py:830} INFO - Processing file /home/philip/de_engineering/airflow_projects/airflow1/venv/lib/python3.10/site-packages/airflow/example_dags/example_python_decorator.py for tasks to queue
[2025-03-10T09:19:22.377+0100] {logging_mixin.py:188} INFO - [2025-03-10T09:19:22.377+0100] {dagbag.py:538} INFO - Filling up the DagBag from /home/philip/de_engineering/airflow_projects/airflow1/venv/lib/python3.10/site-packages/airflow/example_dags/example_python_decorator.py
[2025-03-10T09:19:22.423+0100] {logging_mixin.py:188} INFO - [2025-03-10T09:19:22.423+0100] {example_python_decorator.py:79} WARNING - The virtalenv_python example task requires virtualenv, please install it.
[2025-03-10T09:19:22.425+0100] {processor.py:840} INFO - DAG(s) 'example_python_decorator' retrieved from /home/philip/de_engineering/airflow_projects/airflow1/venv/lib/python3.10/site-packages/airflow/example_dags/example_python_decorator.py
[2025-03-10T09:19:22.504+0100] {logging_mixin.py:188} INFO - [2025-03-10T09:19:22.503+0100] {dag.py:3036} INFO - Sync 1 DAGs
[2025-03-10T09:19:22.512+0100] {logging_mixin.py:188} INFO - [2025-03-10T09:19:22.512+0100] {dag.py:3823} INFO - Setting next_dagrun for example_python_decorator to None, run_after=None
[2025-03-10T09:19:22.527+0100] {processor.py:183} INFO - Processing /home/philip/de_engineering/airflow_projects/airflow1/venv/lib/python3.10/site-packages/airflow/example_dags/example_python_decorator.py took 0.155 seconds
[2025-03-10T09:19:53.371+0100] {processor.py:161} INFO - Started process (PID=139012) to work on /home/philip/de_engineering/airflow_projects/airflow1/venv/lib/python3.10/site-packages/airflow/example_dags/example_python_decorator.py
[2025-03-10T09:19:53.372+0100] {processor.py:830} INFO - Processing file /home/philip/de_engineering/airflow_projects/airflow1/venv/lib/python3.10/site-packages/airflow/example_dags/example_python_decorator.py for tasks to queue
[2025-03-10T09:19:53.373+0100] {logging_mixin.py:188} INFO - [2025-03-10T09:19:53.373+0100] {dagbag.py:538} INFO - Filling up the DagBag from /home/philip/de_engineering/airflow_projects/airflow1/venv/lib/python3.10/site-packages/airflow/example_dags/example_python_decorator.py
[2025-03-10T09:19:53.429+0100] {logging_mixin.py:188} INFO - [2025-03-10T09:19:53.429+0100] {example_python_decorator.py:79} WARNING - The virtalenv_python example task requires virtualenv, please install it.
[2025-03-10T09:19:53.429+0100] {processor.py:840} INFO - DAG(s) 'example_python_decorator' retrieved from /home/philip/de_engineering/airflow_projects/airflow1/venv/lib/python3.10/site-packages/airflow/example_dags/example_python_decorator.py
[2025-03-10T09:19:53.449+0100] {logging_mixin.py:188} INFO - [2025-03-10T09:19:53.449+0100] {dag.py:3036} INFO - Sync 1 DAGs
[2025-03-10T09:19:53.458+0100] {logging_mixin.py:188} INFO - [2025-03-10T09:19:53.458+0100] {dag.py:3823} INFO - Setting next_dagrun for example_python_decorator to None, run_after=None
[2025-03-10T09:19:53.478+0100] {processor.py:183} INFO - Processing /home/philip/de_engineering/airflow_projects/airflow1/venv/lib/python3.10/site-packages/airflow/example_dags/example_python_decorator.py took 0.110 seconds
[2025-03-10T09:20:23.639+0100] {processor.py:161} INFO - Started process (PID=139387) to work on /home/philip/de_engineering/airflow_projects/airflow1/venv/lib/python3.10/site-packages/airflow/example_dags/example_python_decorator.py
[2025-03-10T09:20:23.640+0100] {processor.py:830} INFO - Processing file /home/philip/de_engineering/airflow_projects/airflow1/venv/lib/python3.10/site-packages/airflow/example_dags/example_python_decorator.py for tasks to queue
[2025-03-10T09:20:23.641+0100] {logging_mixin.py:188} INFO - [2025-03-10T09:20:23.640+0100] {dagbag.py:538} INFO - Filling up the DagBag from /home/philip/de_engineering/airflow_projects/airflow1/venv/lib/python3.10/site-packages/airflow/example_dags/example_python_decorator.py
[2025-03-10T09:20:23.707+0100] {logging_mixin.py:188} INFO - [2025-03-10T09:20:23.706+0100] {example_python_decorator.py:79} WARNING - The virtalenv_python example task requires virtualenv, please install it.
[2025-03-10T09:20:23.707+0100] {processor.py:840} INFO - DAG(s) 'example_python_decorator' retrieved from /home/philip/de_engineering/airflow_projects/airflow1/venv/lib/python3.10/site-packages/airflow/example_dags/example_python_decorator.py
[2025-03-10T09:20:23.743+0100] {logging_mixin.py:188} INFO - [2025-03-10T09:20:23.743+0100] {dag.py:3036} INFO - Sync 1 DAGs
[2025-03-10T09:20:23.759+0100] {logging_mixin.py:188} INFO - [2025-03-10T09:20:23.758+0100] {dag.py:3823} INFO - Setting next_dagrun for example_python_decorator to None, run_after=None
[2025-03-10T09:20:23.793+0100] {processor.py:183} INFO - Processing /home/philip/de_engineering/airflow_projects/airflow1/venv/lib/python3.10/site-packages/airflow/example_dags/example_python_decorator.py took 0.157 seconds
[2025-03-10T09:20:54.325+0100] {processor.py:161} INFO - Started process (PID=139767) to work on /home/philip/de_engineering/airflow_projects/airflow1/venv/lib/python3.10/site-packages/airflow/example_dags/example_python_decorator.py
[2025-03-10T09:20:54.326+0100] {processor.py:830} INFO - Processing file /home/philip/de_engineering/airflow_projects/airflow1/venv/lib/python3.10/site-packages/airflow/example_dags/example_python_decorator.py for tasks to queue
[2025-03-10T09:20:54.327+0100] {logging_mixin.py:188} INFO - [2025-03-10T09:20:54.327+0100] {dagbag.py:538} INFO - Filling up the DagBag from /home/philip/de_engineering/airflow_projects/airflow1/venv/lib/python3.10/site-packages/airflow/example_dags/example_python_decorator.py
[2025-03-10T09:20:54.380+0100] {logging_mixin.py:188} INFO - [2025-03-10T09:20:54.380+0100] {example_python_decorator.py:79} WARNING - The virtalenv_python example task requires virtualenv, please install it.
[2025-03-10T09:20:54.381+0100] {processor.py:840} INFO - DAG(s) 'example_python_decorator' retrieved from /home/philip/de_engineering/airflow_projects/airflow1/venv/lib/python3.10/site-packages/airflow/example_dags/example_python_decorator.py
[2025-03-10T09:20:54.400+0100] {logging_mixin.py:188} INFO - [2025-03-10T09:20:54.400+0100] {dag.py:3036} INFO - Sync 1 DAGs
[2025-03-10T09:20:54.410+0100] {logging_mixin.py:188} INFO - [2025-03-10T09:20:54.410+0100] {dag.py:3823} INFO - Setting next_dagrun for example_python_decorator to None, run_after=None
[2025-03-10T09:20:54.426+0100] {processor.py:183} INFO - Processing /home/philip/de_engineering/airflow_projects/airflow1/venv/lib/python3.10/site-packages/airflow/example_dags/example_python_decorator.py took 0.103 seconds
[2025-03-10T09:21:24.712+0100] {processor.py:161} INFO - Started process (PID=140150) to work on /home/philip/de_engineering/airflow_projects/airflow1/venv/lib/python3.10/site-packages/airflow/example_dags/example_python_decorator.py
[2025-03-10T09:21:24.714+0100] {processor.py:830} INFO - Processing file /home/philip/de_engineering/airflow_projects/airflow1/venv/lib/python3.10/site-packages/airflow/example_dags/example_python_decorator.py for tasks to queue
[2025-03-10T09:21:24.714+0100] {logging_mixin.py:188} INFO - [2025-03-10T09:21:24.714+0100] {dagbag.py:538} INFO - Filling up the DagBag from /home/philip/de_engineering/airflow_projects/airflow1/venv/lib/python3.10/site-packages/airflow/example_dags/example_python_decorator.py
[2025-03-10T09:21:24.774+0100] {logging_mixin.py:188} INFO - [2025-03-10T09:21:24.774+0100] {example_python_decorator.py:79} WARNING - The virtalenv_python example task requires virtualenv, please install it.
[2025-03-10T09:21:24.775+0100] {processor.py:840} INFO - DAG(s) 'example_python_decorator' retrieved from /home/philip/de_engineering/airflow_projects/airflow1/venv/lib/python3.10/site-packages/airflow/example_dags/example_python_decorator.py
[2025-03-10T09:21:24.795+0100] {logging_mixin.py:188} INFO - [2025-03-10T09:21:24.795+0100] {dag.py:3036} INFO - Sync 1 DAGs
[2025-03-10T09:21:24.806+0100] {logging_mixin.py:188} INFO - [2025-03-10T09:21:24.806+0100] {dag.py:3823} INFO - Setting next_dagrun for example_python_decorator to None, run_after=None
[2025-03-10T09:21:24.821+0100] {processor.py:183} INFO - Processing /home/philip/de_engineering/airflow_projects/airflow1/venv/lib/python3.10/site-packages/airflow/example_dags/example_python_decorator.py took 0.111 seconds
[2025-03-10T09:21:54.941+0100] {processor.py:161} INFO - Started process (PID=140534) to work on /home/philip/de_engineering/airflow_projects/airflow1/venv/lib/python3.10/site-packages/airflow/example_dags/example_python_decorator.py
[2025-03-10T09:21:54.942+0100] {processor.py:830} INFO - Processing file /home/philip/de_engineering/airflow_projects/airflow1/venv/lib/python3.10/site-packages/airflow/example_dags/example_python_decorator.py for tasks to queue
[2025-03-10T09:21:54.943+0100] {logging_mixin.py:188} INFO - [2025-03-10T09:21:54.942+0100] {dagbag.py:538} INFO - Filling up the DagBag from /home/philip/de_engineering/airflow_projects/airflow1/venv/lib/python3.10/site-packages/airflow/example_dags/example_python_decorator.py
[2025-03-10T09:21:54.997+0100] {logging_mixin.py:188} INFO - [2025-03-10T09:21:54.997+0100] {example_python_decorator.py:79} WARNING - The virtalenv_python example task requires virtualenv, please install it.
[2025-03-10T09:21:54.998+0100] {processor.py:840} INFO - DAG(s) 'example_python_decorator' retrieved from /home/philip/de_engineering/airflow_projects/airflow1/venv/lib/python3.10/site-packages/airflow/example_dags/example_python_decorator.py
[2025-03-10T09:21:55.018+0100] {logging_mixin.py:188} INFO - [2025-03-10T09:21:55.018+0100] {dag.py:3036} INFO - Sync 1 DAGs
[2025-03-10T09:21:55.029+0100] {logging_mixin.py:188} INFO - [2025-03-10T09:21:55.029+0100] {dag.py:3823} INFO - Setting next_dagrun for example_python_decorator to None, run_after=None
[2025-03-10T09:21:55.045+0100] {processor.py:183} INFO - Processing /home/philip/de_engineering/airflow_projects/airflow1/venv/lib/python3.10/site-packages/airflow/example_dags/example_python_decorator.py took 0.106 seconds
[2025-03-10T09:22:25.155+0100] {processor.py:161} INFO - Started process (PID=140907) to work on /home/philip/de_engineering/airflow_projects/airflow1/venv/lib/python3.10/site-packages/airflow/example_dags/example_python_decorator.py
[2025-03-10T09:22:25.156+0100] {processor.py:830} INFO - Processing file /home/philip/de_engineering/airflow_projects/airflow1/venv/lib/python3.10/site-packages/airflow/example_dags/example_python_decorator.py for tasks to queue
[2025-03-10T09:22:25.157+0100] {logging_mixin.py:188} INFO - [2025-03-10T09:22:25.156+0100] {dagbag.py:538} INFO - Filling up the DagBag from /home/philip/de_engineering/airflow_projects/airflow1/venv/lib/python3.10/site-packages/airflow/example_dags/example_python_decorator.py
[2025-03-10T09:22:25.197+0100] {logging_mixin.py:188} INFO - [2025-03-10T09:22:25.197+0100] {example_python_decorator.py:79} WARNING - The virtalenv_python example task requires virtualenv, please install it.
[2025-03-10T09:22:25.198+0100] {processor.py:840} INFO - DAG(s) 'example_python_decorator' retrieved from /home/philip/de_engineering/airflow_projects/airflow1/venv/lib/python3.10/site-packages/airflow/example_dags/example_python_decorator.py
[2025-03-10T09:22:25.218+0100] {logging_mixin.py:188} INFO - [2025-03-10T09:22:25.218+0100] {dag.py:3036} INFO - Sync 1 DAGs
[2025-03-10T09:22:25.228+0100] {logging_mixin.py:188} INFO - [2025-03-10T09:22:25.228+0100] {dag.py:3823} INFO - Setting next_dagrun for example_python_decorator to None, run_after=None
[2025-03-10T09:22:25.243+0100] {processor.py:183} INFO - Processing /home/philip/de_engineering/airflow_projects/airflow1/venv/lib/python3.10/site-packages/airflow/example_dags/example_python_decorator.py took 0.091 seconds
[2025-03-10T09:22:55.380+0100] {processor.py:161} INFO - Started process (PID=141284) to work on /home/philip/de_engineering/airflow_projects/airflow1/venv/lib/python3.10/site-packages/airflow/example_dags/example_python_decorator.py
[2025-03-10T09:22:55.381+0100] {processor.py:830} INFO - Processing file /home/philip/de_engineering/airflow_projects/airflow1/venv/lib/python3.10/site-packages/airflow/example_dags/example_python_decorator.py for tasks to queue
[2025-03-10T09:22:55.382+0100] {logging_mixin.py:188} INFO - [2025-03-10T09:22:55.381+0100] {dagbag.py:538} INFO - Filling up the DagBag from /home/philip/de_engineering/airflow_projects/airflow1/venv/lib/python3.10/site-packages/airflow/example_dags/example_python_decorator.py
[2025-03-10T09:22:55.418+0100] {logging_mixin.py:188} INFO - [2025-03-10T09:22:55.418+0100] {example_python_decorator.py:79} WARNING - The virtalenv_python example task requires virtualenv, please install it.
[2025-03-10T09:22:55.419+0100] {processor.py:840} INFO - DAG(s) 'example_python_decorator' retrieved from /home/philip/de_engineering/airflow_projects/airflow1/venv/lib/python3.10/site-packages/airflow/example_dags/example_python_decorator.py
[2025-03-10T09:22:55.438+0100] {logging_mixin.py:188} INFO - [2025-03-10T09:22:55.438+0100] {dag.py:3036} INFO - Sync 1 DAGs
[2025-03-10T09:22:55.449+0100] {logging_mixin.py:188} INFO - [2025-03-10T09:22:55.449+0100] {dag.py:3823} INFO - Setting next_dagrun for example_python_decorator to None, run_after=None
[2025-03-10T09:22:55.464+0100] {processor.py:183} INFO - Processing /home/philip/de_engineering/airflow_projects/airflow1/venv/lib/python3.10/site-packages/airflow/example_dags/example_python_decorator.py took 0.087 seconds
[2025-03-10T09:23:25.567+0100] {processor.py:161} INFO - Started process (PID=141665) to work on /home/philip/de_engineering/airflow_projects/airflow1/venv/lib/python3.10/site-packages/airflow/example_dags/example_python_decorator.py
[2025-03-10T09:23:25.568+0100] {processor.py:830} INFO - Processing file /home/philip/de_engineering/airflow_projects/airflow1/venv/lib/python3.10/site-packages/airflow/example_dags/example_python_decorator.py for tasks to queue
[2025-03-10T09:23:25.569+0100] {logging_mixin.py:188} INFO - [2025-03-10T09:23:25.569+0100] {dagbag.py:538} INFO - Filling up the DagBag from /home/philip/de_engineering/airflow_projects/airflow1/venv/lib/python3.10/site-packages/airflow/example_dags/example_python_decorator.py
[2025-03-10T09:23:25.621+0100] {logging_mixin.py:188} INFO - [2025-03-10T09:23:25.621+0100] {example_python_decorator.py:79} WARNING - The virtalenv_python example task requires virtualenv, please install it.
[2025-03-10T09:23:25.622+0100] {processor.py:840} INFO - DAG(s) 'example_python_decorator' retrieved from /home/philip/de_engineering/airflow_projects/airflow1/venv/lib/python3.10/site-packages/airflow/example_dags/example_python_decorator.py
[2025-03-10T09:23:25.641+0100] {logging_mixin.py:188} INFO - [2025-03-10T09:23:25.641+0100] {dag.py:3036} INFO - Sync 1 DAGs
[2025-03-10T09:23:25.651+0100] {logging_mixin.py:188} INFO - [2025-03-10T09:23:25.650+0100] {dag.py:3823} INFO - Setting next_dagrun for example_python_decorator to None, run_after=None
[2025-03-10T09:23:25.665+0100] {processor.py:183} INFO - Processing /home/philip/de_engineering/airflow_projects/airflow1/venv/lib/python3.10/site-packages/airflow/example_dags/example_python_decorator.py took 0.101 seconds
[2025-03-10T09:23:56.065+0100] {processor.py:161} INFO - Started process (PID=142046) to work on /home/philip/de_engineering/airflow_projects/airflow1/venv/lib/python3.10/site-packages/airflow/example_dags/example_python_decorator.py
[2025-03-10T09:23:56.066+0100] {processor.py:830} INFO - Processing file /home/philip/de_engineering/airflow_projects/airflow1/venv/lib/python3.10/site-packages/airflow/example_dags/example_python_decorator.py for tasks to queue
[2025-03-10T09:23:56.067+0100] {logging_mixin.py:188} INFO - [2025-03-10T09:23:56.067+0100] {dagbag.py:538} INFO - Filling up the DagBag from /home/philip/de_engineering/airflow_projects/airflow1/venv/lib/python3.10/site-packages/airflow/example_dags/example_python_decorator.py
[2025-03-10T09:23:56.104+0100] {logging_mixin.py:188} INFO - [2025-03-10T09:23:56.104+0100] {example_python_decorator.py:79} WARNING - The virtalenv_python example task requires virtualenv, please install it.
[2025-03-10T09:23:56.104+0100] {processor.py:840} INFO - DAG(s) 'example_python_decorator' retrieved from /home/philip/de_engineering/airflow_projects/airflow1/venv/lib/python3.10/site-packages/airflow/example_dags/example_python_decorator.py
[2025-03-10T09:23:56.125+0100] {logging_mixin.py:188} INFO - [2025-03-10T09:23:56.125+0100] {dag.py:3036} INFO - Sync 1 DAGs
[2025-03-10T09:23:56.135+0100] {logging_mixin.py:188} INFO - [2025-03-10T09:23:56.135+0100] {dag.py:3823} INFO - Setting next_dagrun for example_python_decorator to None, run_after=None
[2025-03-10T09:23:56.151+0100] {processor.py:183} INFO - Processing /home/philip/de_engineering/airflow_projects/airflow1/venv/lib/python3.10/site-packages/airflow/example_dags/example_python_decorator.py took 0.089 seconds
[2025-03-10T09:24:26.350+0100] {processor.py:161} INFO - Started process (PID=142420) to work on /home/philip/de_engineering/airflow_projects/airflow1/venv/lib/python3.10/site-packages/airflow/example_dags/example_python_decorator.py
[2025-03-10T09:24:26.351+0100] {processor.py:830} INFO - Processing file /home/philip/de_engineering/airflow_projects/airflow1/venv/lib/python3.10/site-packages/airflow/example_dags/example_python_decorator.py for tasks to queue
[2025-03-10T09:24:26.351+0100] {logging_mixin.py:188} INFO - [2025-03-10T09:24:26.351+0100] {dagbag.py:538} INFO - Filling up the DagBag from /home/philip/de_engineering/airflow_projects/airflow1/venv/lib/python3.10/site-packages/airflow/example_dags/example_python_decorator.py
[2025-03-10T09:24:26.397+0100] {logging_mixin.py:188} INFO - [2025-03-10T09:24:26.397+0100] {example_python_decorator.py:79} WARNING - The virtalenv_python example task requires virtualenv, please install it.
[2025-03-10T09:24:26.397+0100] {processor.py:840} INFO - DAG(s) 'example_python_decorator' retrieved from /home/philip/de_engineering/airflow_projects/airflow1/venv/lib/python3.10/site-packages/airflow/example_dags/example_python_decorator.py
[2025-03-10T09:24:26.419+0100] {logging_mixin.py:188} INFO - [2025-03-10T09:24:26.419+0100] {dag.py:3036} INFO - Sync 1 DAGs
[2025-03-10T09:24:26.431+0100] {logging_mixin.py:188} INFO - [2025-03-10T09:24:26.431+0100] {dag.py:3823} INFO - Setting next_dagrun for example_python_decorator to None, run_after=None
[2025-03-10T09:24:26.449+0100] {processor.py:183} INFO - Processing /home/philip/de_engineering/airflow_projects/airflow1/venv/lib/python3.10/site-packages/airflow/example_dags/example_python_decorator.py took 0.102 seconds
[2025-03-10T09:24:56.685+0100] {processor.py:161} INFO - Started process (PID=142801) to work on /home/philip/de_engineering/airflow_projects/airflow1/venv/lib/python3.10/site-packages/airflow/example_dags/example_python_decorator.py
[2025-03-10T09:24:56.686+0100] {processor.py:830} INFO - Processing file /home/philip/de_engineering/airflow_projects/airflow1/venv/lib/python3.10/site-packages/airflow/example_dags/example_python_decorator.py for tasks to queue
[2025-03-10T09:24:56.687+0100] {logging_mixin.py:188} INFO - [2025-03-10T09:24:56.687+0100] {dagbag.py:538} INFO - Filling up the DagBag from /home/philip/de_engineering/airflow_projects/airflow1/venv/lib/python3.10/site-packages/airflow/example_dags/example_python_decorator.py
[2025-03-10T09:24:56.743+0100] {logging_mixin.py:188} INFO - [2025-03-10T09:24:56.743+0100] {example_python_decorator.py:79} WARNING - The virtalenv_python example task requires virtualenv, please install it.
[2025-03-10T09:24:56.744+0100] {processor.py:840} INFO - DAG(s) 'example_python_decorator' retrieved from /home/philip/de_engineering/airflow_projects/airflow1/venv/lib/python3.10/site-packages/airflow/example_dags/example_python_decorator.py
[2025-03-10T09:24:56.763+0100] {logging_mixin.py:188} INFO - [2025-03-10T09:24:56.763+0100] {dag.py:3036} INFO - Sync 1 DAGs
[2025-03-10T09:24:56.772+0100] {logging_mixin.py:188} INFO - [2025-03-10T09:24:56.772+0100] {dag.py:3823} INFO - Setting next_dagrun for example_python_decorator to None, run_after=None
[2025-03-10T09:24:56.787+0100] {processor.py:183} INFO - Processing /home/philip/de_engineering/airflow_projects/airflow1/venv/lib/python3.10/site-packages/airflow/example_dags/example_python_decorator.py took 0.106 seconds
[2025-03-10T09:25:26.835+0100] {processor.py:161} INFO - Started process (PID=143180) to work on /home/philip/de_engineering/airflow_projects/airflow1/venv/lib/python3.10/site-packages/airflow/example_dags/example_python_decorator.py
[2025-03-10T09:25:26.835+0100] {processor.py:830} INFO - Processing file /home/philip/de_engineering/airflow_projects/airflow1/venv/lib/python3.10/site-packages/airflow/example_dags/example_python_decorator.py for tasks to queue
[2025-03-10T09:25:26.836+0100] {logging_mixin.py:188} INFO - [2025-03-10T09:25:26.836+0100] {dagbag.py:538} INFO - Filling up the DagBag from /home/philip/de_engineering/airflow_projects/airflow1/venv/lib/python3.10/site-packages/airflow/example_dags/example_python_decorator.py
[2025-03-10T09:25:26.889+0100] {logging_mixin.py:188} INFO - [2025-03-10T09:25:26.889+0100] {example_python_decorator.py:79} WARNING - The virtalenv_python example task requires virtualenv, please install it.
[2025-03-10T09:25:26.889+0100] {processor.py:840} INFO - DAG(s) 'example_python_decorator' retrieved from /home/philip/de_engineering/airflow_projects/airflow1/venv/lib/python3.10/site-packages/airflow/example_dags/example_python_decorator.py
[2025-03-10T09:25:26.908+0100] {logging_mixin.py:188} INFO - [2025-03-10T09:25:26.908+0100] {dag.py:3036} INFO - Sync 1 DAGs
[2025-03-10T09:25:26.918+0100] {logging_mixin.py:188} INFO - [2025-03-10T09:25:26.918+0100] {dag.py:3823} INFO - Setting next_dagrun for example_python_decorator to None, run_after=None
[2025-03-10T09:25:26.935+0100] {processor.py:183} INFO - Processing /home/philip/de_engineering/airflow_projects/airflow1/venv/lib/python3.10/site-packages/airflow/example_dags/example_python_decorator.py took 0.103 seconds
[2025-03-10T09:25:57.323+0100] {processor.py:161} INFO - Started process (PID=143564) to work on /home/philip/de_engineering/airflow_projects/airflow1/venv/lib/python3.10/site-packages/airflow/example_dags/example_python_decorator.py
[2025-03-10T09:25:57.325+0100] {processor.py:830} INFO - Processing file /home/philip/de_engineering/airflow_projects/airflow1/venv/lib/python3.10/site-packages/airflow/example_dags/example_python_decorator.py for tasks to queue
[2025-03-10T09:25:57.327+0100] {logging_mixin.py:188} INFO - [2025-03-10T09:25:57.326+0100] {dagbag.py:538} INFO - Filling up the DagBag from /home/philip/de_engineering/airflow_projects/airflow1/venv/lib/python3.10/site-packages/airflow/example_dags/example_python_decorator.py
[2025-03-10T09:25:57.413+0100] {logging_mixin.py:188} INFO - [2025-03-10T09:25:57.413+0100] {example_python_decorator.py:79} WARNING - The virtalenv_python example task requires virtualenv, please install it.
[2025-03-10T09:25:57.414+0100] {processor.py:840} INFO - DAG(s) 'example_python_decorator' retrieved from /home/philip/de_engineering/airflow_projects/airflow1/venv/lib/python3.10/site-packages/airflow/example_dags/example_python_decorator.py
[2025-03-10T09:25:57.444+0100] {logging_mixin.py:188} INFO - [2025-03-10T09:25:57.444+0100] {dag.py:3036} INFO - Sync 1 DAGs
[2025-03-10T09:25:57.457+0100] {logging_mixin.py:188} INFO - [2025-03-10T09:25:57.457+0100] {dag.py:3823} INFO - Setting next_dagrun for example_python_decorator to None, run_after=None
[2025-03-10T09:25:57.473+0100] {processor.py:183} INFO - Processing /home/philip/de_engineering/airflow_projects/airflow1/venv/lib/python3.10/site-packages/airflow/example_dags/example_python_decorator.py took 0.153 seconds
[2025-03-10T09:26:27.627+0100] {processor.py:161} INFO - Started process (PID=143938) to work on /home/philip/de_engineering/airflow_projects/airflow1/venv/lib/python3.10/site-packages/airflow/example_dags/example_python_decorator.py
[2025-03-10T09:26:27.627+0100] {processor.py:830} INFO - Processing file /home/philip/de_engineering/airflow_projects/airflow1/venv/lib/python3.10/site-packages/airflow/example_dags/example_python_decorator.py for tasks to queue
[2025-03-10T09:26:27.628+0100] {logging_mixin.py:188} INFO - [2025-03-10T09:26:27.628+0100] {dagbag.py:538} INFO - Filling up the DagBag from /home/philip/de_engineering/airflow_projects/airflow1/venv/lib/python3.10/site-packages/airflow/example_dags/example_python_decorator.py
[2025-03-10T09:26:27.700+0100] {logging_mixin.py:188} INFO - [2025-03-10T09:26:27.700+0100] {example_python_decorator.py:79} WARNING - The virtalenv_python example task requires virtualenv, please install it.
[2025-03-10T09:26:27.701+0100] {processor.py:840} INFO - DAG(s) 'example_python_decorator' retrieved from /home/philip/de_engineering/airflow_projects/airflow1/venv/lib/python3.10/site-packages/airflow/example_dags/example_python_decorator.py
[2025-03-10T09:26:27.732+0100] {logging_mixin.py:188} INFO - [2025-03-10T09:26:27.731+0100] {dag.py:3036} INFO - Sync 1 DAGs
[2025-03-10T09:26:27.746+0100] {logging_mixin.py:188} INFO - [2025-03-10T09:26:27.745+0100] {dag.py:3823} INFO - Setting next_dagrun for example_python_decorator to None, run_after=None
[2025-03-10T09:26:27.764+0100] {processor.py:183} INFO - Processing /home/philip/de_engineering/airflow_projects/airflow1/venv/lib/python3.10/site-packages/airflow/example_dags/example_python_decorator.py took 0.141 seconds
[2025-03-10T09:26:58.091+0100] {processor.py:161} INFO - Started process (PID=144323) to work on /home/philip/de_engineering/airflow_projects/airflow1/venv/lib/python3.10/site-packages/airflow/example_dags/example_python_decorator.py
[2025-03-10T09:26:58.092+0100] {processor.py:830} INFO - Processing file /home/philip/de_engineering/airflow_projects/airflow1/venv/lib/python3.10/site-packages/airflow/example_dags/example_python_decorator.py for tasks to queue
[2025-03-10T09:26:58.093+0100] {logging_mixin.py:188} INFO - [2025-03-10T09:26:58.093+0100] {dagbag.py:538} INFO - Filling up the DagBag from /home/philip/de_engineering/airflow_projects/airflow1/venv/lib/python3.10/site-packages/airflow/example_dags/example_python_decorator.py
[2025-03-10T09:26:58.149+0100] {logging_mixin.py:188} INFO - [2025-03-10T09:26:58.149+0100] {example_python_decorator.py:79} WARNING - The virtalenv_python example task requires virtualenv, please install it.
[2025-03-10T09:26:58.150+0100] {processor.py:840} INFO - DAG(s) 'example_python_decorator' retrieved from /home/philip/de_engineering/airflow_projects/airflow1/venv/lib/python3.10/site-packages/airflow/example_dags/example_python_decorator.py
[2025-03-10T09:26:58.169+0100] {logging_mixin.py:188} INFO - [2025-03-10T09:26:58.169+0100] {dag.py:3036} INFO - Sync 1 DAGs
[2025-03-10T09:26:58.180+0100] {logging_mixin.py:188} INFO - [2025-03-10T09:26:58.180+0100] {dag.py:3823} INFO - Setting next_dagrun for example_python_decorator to None, run_after=None
[2025-03-10T09:26:58.199+0100] {processor.py:183} INFO - Processing /home/philip/de_engineering/airflow_projects/airflow1/venv/lib/python3.10/site-packages/airflow/example_dags/example_python_decorator.py took 0.111 seconds
[2025-03-10T09:27:28.312+0100] {processor.py:161} INFO - Started process (PID=144696) to work on /home/philip/de_engineering/airflow_projects/airflow1/venv/lib/python3.10/site-packages/airflow/example_dags/example_python_decorator.py
[2025-03-10T09:27:28.313+0100] {processor.py:830} INFO - Processing file /home/philip/de_engineering/airflow_projects/airflow1/venv/lib/python3.10/site-packages/airflow/example_dags/example_python_decorator.py for tasks to queue
[2025-03-10T09:27:28.313+0100] {logging_mixin.py:188} INFO - [2025-03-10T09:27:28.313+0100] {dagbag.py:538} INFO - Filling up the DagBag from /home/philip/de_engineering/airflow_projects/airflow1/venv/lib/python3.10/site-packages/airflow/example_dags/example_python_decorator.py
[2025-03-10T09:27:28.374+0100] {logging_mixin.py:188} INFO - [2025-03-10T09:27:28.374+0100] {example_python_decorator.py:79} WARNING - The virtalenv_python example task requires virtualenv, please install it.
[2025-03-10T09:27:28.374+0100] {processor.py:840} INFO - DAG(s) 'example_python_decorator' retrieved from /home/philip/de_engineering/airflow_projects/airflow1/venv/lib/python3.10/site-packages/airflow/example_dags/example_python_decorator.py
[2025-03-10T09:27:28.397+0100] {logging_mixin.py:188} INFO - [2025-03-10T09:27:28.397+0100] {dag.py:3036} INFO - Sync 1 DAGs
[2025-03-10T09:27:28.411+0100] {logging_mixin.py:188} INFO - [2025-03-10T09:27:28.410+0100] {dag.py:3823} INFO - Setting next_dagrun for example_python_decorator to None, run_after=None
[2025-03-10T09:27:28.429+0100] {processor.py:183} INFO - Processing /home/philip/de_engineering/airflow_projects/airflow1/venv/lib/python3.10/site-packages/airflow/example_dags/example_python_decorator.py took 0.120 seconds
[2025-03-10T09:27:58.572+0100] {processor.py:161} INFO - Started process (PID=145071) to work on /home/philip/de_engineering/airflow_projects/airflow1/venv/lib/python3.10/site-packages/airflow/example_dags/example_python_decorator.py
[2025-03-10T09:27:58.573+0100] {processor.py:830} INFO - Processing file /home/philip/de_engineering/airflow_projects/airflow1/venv/lib/python3.10/site-packages/airflow/example_dags/example_python_decorator.py for tasks to queue
[2025-03-10T09:27:58.574+0100] {logging_mixin.py:188} INFO - [2025-03-10T09:27:58.573+0100] {dagbag.py:538} INFO - Filling up the DagBag from /home/philip/de_engineering/airflow_projects/airflow1/venv/lib/python3.10/site-packages/airflow/example_dags/example_python_decorator.py
[2025-03-10T09:27:58.616+0100] {logging_mixin.py:188} INFO - [2025-03-10T09:27:58.616+0100] {example_python_decorator.py:79} WARNING - The virtalenv_python example task requires virtualenv, please install it.
[2025-03-10T09:27:58.617+0100] {processor.py:840} INFO - DAG(s) 'example_python_decorator' retrieved from /home/philip/de_engineering/airflow_projects/airflow1/venv/lib/python3.10/site-packages/airflow/example_dags/example_python_decorator.py
[2025-03-10T09:27:58.639+0100] {logging_mixin.py:188} INFO - [2025-03-10T09:27:58.638+0100] {dag.py:3036} INFO - Sync 1 DAGs
[2025-03-10T09:27:58.649+0100] {logging_mixin.py:188} INFO - [2025-03-10T09:27:58.649+0100] {dag.py:3823} INFO - Setting next_dagrun for example_python_decorator to None, run_after=None
[2025-03-10T09:27:58.665+0100] {processor.py:183} INFO - Processing /home/philip/de_engineering/airflow_projects/airflow1/venv/lib/python3.10/site-packages/airflow/example_dags/example_python_decorator.py took 0.096 seconds
[2025-03-10T09:28:28.830+0100] {processor.py:161} INFO - Started process (PID=145452) to work on /home/philip/de_engineering/airflow_projects/airflow1/venv/lib/python3.10/site-packages/airflow/example_dags/example_python_decorator.py
[2025-03-10T09:28:28.830+0100] {processor.py:830} INFO - Processing file /home/philip/de_engineering/airflow_projects/airflow1/venv/lib/python3.10/site-packages/airflow/example_dags/example_python_decorator.py for tasks to queue
[2025-03-10T09:28:28.831+0100] {logging_mixin.py:188} INFO - [2025-03-10T09:28:28.831+0100] {dagbag.py:538} INFO - Filling up the DagBag from /home/philip/de_engineering/airflow_projects/airflow1/venv/lib/python3.10/site-packages/airflow/example_dags/example_python_decorator.py
[2025-03-10T09:28:28.891+0100] {logging_mixin.py:188} INFO - [2025-03-10T09:28:28.891+0100] {example_python_decorator.py:79} WARNING - The virtalenv_python example task requires virtualenv, please install it.
[2025-03-10T09:28:28.891+0100] {processor.py:840} INFO - DAG(s) 'example_python_decorator' retrieved from /home/philip/de_engineering/airflow_projects/airflow1/venv/lib/python3.10/site-packages/airflow/example_dags/example_python_decorator.py
[2025-03-10T09:28:28.910+0100] {logging_mixin.py:188} INFO - [2025-03-10T09:28:28.910+0100] {dag.py:3036} INFO - Sync 1 DAGs
[2025-03-10T09:28:28.922+0100] {logging_mixin.py:188} INFO - [2025-03-10T09:28:28.922+0100] {dag.py:3823} INFO - Setting next_dagrun for example_python_decorator to None, run_after=None
[2025-03-10T09:28:28.937+0100] {processor.py:183} INFO - Processing /home/philip/de_engineering/airflow_projects/airflow1/venv/lib/python3.10/site-packages/airflow/example_dags/example_python_decorator.py took 0.110 seconds
[2025-03-10T09:28:58.985+0100] {processor.py:161} INFO - Started process (PID=145828) to work on /home/philip/de_engineering/airflow_projects/airflow1/venv/lib/python3.10/site-packages/airflow/example_dags/example_python_decorator.py
[2025-03-10T09:28:58.986+0100] {processor.py:830} INFO - Processing file /home/philip/de_engineering/airflow_projects/airflow1/venv/lib/python3.10/site-packages/airflow/example_dags/example_python_decorator.py for tasks to queue
[2025-03-10T09:28:58.987+0100] {logging_mixin.py:188} INFO - [2025-03-10T09:28:58.987+0100] {dagbag.py:538} INFO - Filling up the DagBag from /home/philip/de_engineering/airflow_projects/airflow1/venv/lib/python3.10/site-packages/airflow/example_dags/example_python_decorator.py
[2025-03-10T09:28:59.039+0100] {logging_mixin.py:188} INFO - [2025-03-10T09:28:59.038+0100] {example_python_decorator.py:79} WARNING - The virtalenv_python example task requires virtualenv, please install it.
[2025-03-10T09:28:59.039+0100] {processor.py:840} INFO - DAG(s) 'example_python_decorator' retrieved from /home/philip/de_engineering/airflow_projects/airflow1/venv/lib/python3.10/site-packages/airflow/example_dags/example_python_decorator.py
[2025-03-10T09:28:59.060+0100] {logging_mixin.py:188} INFO - [2025-03-10T09:28:59.060+0100] {dag.py:3036} INFO - Sync 1 DAGs
[2025-03-10T09:28:59.070+0100] {logging_mixin.py:188} INFO - [2025-03-10T09:28:59.070+0100] {dag.py:3823} INFO - Setting next_dagrun for example_python_decorator to None, run_after=None
[2025-03-10T09:28:59.086+0100] {processor.py:183} INFO - Processing /home/philip/de_engineering/airflow_projects/airflow1/venv/lib/python3.10/site-packages/airflow/example_dags/example_python_decorator.py took 0.104 seconds
[2025-03-10T09:29:29.255+0100] {processor.py:161} INFO - Started process (PID=146208) to work on /home/philip/de_engineering/airflow_projects/airflow1/venv/lib/python3.10/site-packages/airflow/example_dags/example_python_decorator.py
[2025-03-10T09:29:29.257+0100] {processor.py:830} INFO - Processing file /home/philip/de_engineering/airflow_projects/airflow1/venv/lib/python3.10/site-packages/airflow/example_dags/example_python_decorator.py for tasks to queue
[2025-03-10T09:29:29.257+0100] {logging_mixin.py:188} INFO - [2025-03-10T09:29:29.257+0100] {dagbag.py:538} INFO - Filling up the DagBag from /home/philip/de_engineering/airflow_projects/airflow1/venv/lib/python3.10/site-packages/airflow/example_dags/example_python_decorator.py
[2025-03-10T09:29:29.301+0100] {logging_mixin.py:188} INFO - [2025-03-10T09:29:29.301+0100] {example_python_decorator.py:79} WARNING - The virtalenv_python example task requires virtualenv, please install it.
[2025-03-10T09:29:29.301+0100] {processor.py:840} INFO - DAG(s) 'example_python_decorator' retrieved from /home/philip/de_engineering/airflow_projects/airflow1/venv/lib/python3.10/site-packages/airflow/example_dags/example_python_decorator.py
[2025-03-10T09:29:29.322+0100] {logging_mixin.py:188} INFO - [2025-03-10T09:29:29.322+0100] {dag.py:3036} INFO - Sync 1 DAGs
[2025-03-10T09:29:29.331+0100] {logging_mixin.py:188} INFO - [2025-03-10T09:29:29.331+0100] {dag.py:3823} INFO - Setting next_dagrun for example_python_decorator to None, run_after=None
[2025-03-10T09:29:29.346+0100] {processor.py:183} INFO - Processing /home/philip/de_engineering/airflow_projects/airflow1/venv/lib/python3.10/site-packages/airflow/example_dags/example_python_decorator.py took 0.094 seconds
[2025-03-10T09:29:59.447+0100] {processor.py:161} INFO - Started process (PID=146583) to work on /home/philip/de_engineering/airflow_projects/airflow1/venv/lib/python3.10/site-packages/airflow/example_dags/example_python_decorator.py
[2025-03-10T09:29:59.448+0100] {processor.py:830} INFO - Processing file /home/philip/de_engineering/airflow_projects/airflow1/venv/lib/python3.10/site-packages/airflow/example_dags/example_python_decorator.py for tasks to queue
[2025-03-10T09:29:59.449+0100] {logging_mixin.py:188} INFO - [2025-03-10T09:29:59.448+0100] {dagbag.py:538} INFO - Filling up the DagBag from /home/philip/de_engineering/airflow_projects/airflow1/venv/lib/python3.10/site-packages/airflow/example_dags/example_python_decorator.py
[2025-03-10T09:29:59.508+0100] {logging_mixin.py:188} INFO - [2025-03-10T09:29:59.508+0100] {example_python_decorator.py:79} WARNING - The virtalenv_python example task requires virtualenv, please install it.
[2025-03-10T09:29:59.509+0100] {processor.py:840} INFO - DAG(s) 'example_python_decorator' retrieved from /home/philip/de_engineering/airflow_projects/airflow1/venv/lib/python3.10/site-packages/airflow/example_dags/example_python_decorator.py
[2025-03-10T09:29:59.528+0100] {logging_mixin.py:188} INFO - [2025-03-10T09:29:59.528+0100] {dag.py:3036} INFO - Sync 1 DAGs
[2025-03-10T09:29:59.537+0100] {logging_mixin.py:188} INFO - [2025-03-10T09:29:59.537+0100] {dag.py:3823} INFO - Setting next_dagrun for example_python_decorator to None, run_after=None
[2025-03-10T09:29:59.551+0100] {processor.py:183} INFO - Processing /home/philip/de_engineering/airflow_projects/airflow1/venv/lib/python3.10/site-packages/airflow/example_dags/example_python_decorator.py took 0.107 seconds
[2025-03-10T09:30:29.671+0100] {processor.py:161} INFO - Started process (PID=146965) to work on /home/philip/de_engineering/airflow_projects/airflow1/venv/lib/python3.10/site-packages/airflow/example_dags/example_python_decorator.py
[2025-03-10T09:30:29.672+0100] {processor.py:830} INFO - Processing file /home/philip/de_engineering/airflow_projects/airflow1/venv/lib/python3.10/site-packages/airflow/example_dags/example_python_decorator.py for tasks to queue
[2025-03-10T09:30:29.673+0100] {logging_mixin.py:188} INFO - [2025-03-10T09:30:29.672+0100] {dagbag.py:538} INFO - Filling up the DagBag from /home/philip/de_engineering/airflow_projects/airflow1/venv/lib/python3.10/site-packages/airflow/example_dags/example_python_decorator.py
[2025-03-10T09:30:29.727+0100] {logging_mixin.py:188} INFO - [2025-03-10T09:30:29.726+0100] {example_python_decorator.py:79} WARNING - The virtalenv_python example task requires virtualenv, please install it.
[2025-03-10T09:30:29.727+0100] {processor.py:840} INFO - DAG(s) 'example_python_decorator' retrieved from /home/philip/de_engineering/airflow_projects/airflow1/venv/lib/python3.10/site-packages/airflow/example_dags/example_python_decorator.py
[2025-03-10T09:30:29.746+0100] {logging_mixin.py:188} INFO - [2025-03-10T09:30:29.746+0100] {dag.py:3036} INFO - Sync 1 DAGs
[2025-03-10T09:30:29.756+0100] {logging_mixin.py:188} INFO - [2025-03-10T09:30:29.756+0100] {dag.py:3823} INFO - Setting next_dagrun for example_python_decorator to None, run_after=None
[2025-03-10T09:30:29.770+0100] {processor.py:183} INFO - Processing /home/philip/de_engineering/airflow_projects/airflow1/venv/lib/python3.10/site-packages/airflow/example_dags/example_python_decorator.py took 0.102 seconds
[2025-03-10T09:30:59.823+0100] {processor.py:161} INFO - Started process (PID=147340) to work on /home/philip/de_engineering/airflow_projects/airflow1/venv/lib/python3.10/site-packages/airflow/example_dags/example_python_decorator.py
[2025-03-10T09:30:59.824+0100] {processor.py:830} INFO - Processing file /home/philip/de_engineering/airflow_projects/airflow1/venv/lib/python3.10/site-packages/airflow/example_dags/example_python_decorator.py for tasks to queue
[2025-03-10T09:30:59.825+0100] {logging_mixin.py:188} INFO - [2025-03-10T09:30:59.825+0100] {dagbag.py:538} INFO - Filling up the DagBag from /home/philip/de_engineering/airflow_projects/airflow1/venv/lib/python3.10/site-packages/airflow/example_dags/example_python_decorator.py
[2025-03-10T09:30:59.878+0100] {logging_mixin.py:188} INFO - [2025-03-10T09:30:59.878+0100] {example_python_decorator.py:79} WARNING - The virtalenv_python example task requires virtualenv, please install it.
[2025-03-10T09:30:59.879+0100] {processor.py:840} INFO - DAG(s) 'example_python_decorator' retrieved from /home/philip/de_engineering/airflow_projects/airflow1/venv/lib/python3.10/site-packages/airflow/example_dags/example_python_decorator.py
[2025-03-10T09:30:59.898+0100] {logging_mixin.py:188} INFO - [2025-03-10T09:30:59.898+0100] {dag.py:3036} INFO - Sync 1 DAGs
[2025-03-10T09:30:59.910+0100] {logging_mixin.py:188} INFO - [2025-03-10T09:30:59.910+0100] {dag.py:3823} INFO - Setting next_dagrun for example_python_decorator to None, run_after=None
[2025-03-10T09:30:59.928+0100] {processor.py:183} INFO - Processing /home/philip/de_engineering/airflow_projects/airflow1/venv/lib/python3.10/site-packages/airflow/example_dags/example_python_decorator.py took 0.107 seconds
[2025-03-10T09:31:30.011+0100] {processor.py:161} INFO - Started process (PID=147726) to work on /home/philip/de_engineering/airflow_projects/airflow1/venv/lib/python3.10/site-packages/airflow/example_dags/example_python_decorator.py
[2025-03-10T09:31:30.013+0100] {processor.py:830} INFO - Processing file /home/philip/de_engineering/airflow_projects/airflow1/venv/lib/python3.10/site-packages/airflow/example_dags/example_python_decorator.py for tasks to queue
[2025-03-10T09:31:30.013+0100] {logging_mixin.py:188} INFO - [2025-03-10T09:31:30.013+0100] {dagbag.py:538} INFO - Filling up the DagBag from /home/philip/de_engineering/airflow_projects/airflow1/venv/lib/python3.10/site-packages/airflow/example_dags/example_python_decorator.py
[2025-03-10T09:31:30.091+0100] {logging_mixin.py:188} INFO - [2025-03-10T09:31:30.091+0100] {example_python_decorator.py:79} WARNING - The virtalenv_python example task requires virtualenv, please install it.
[2025-03-10T09:31:30.091+0100] {processor.py:840} INFO - DAG(s) 'example_python_decorator' retrieved from /home/philip/de_engineering/airflow_projects/airflow1/venv/lib/python3.10/site-packages/airflow/example_dags/example_python_decorator.py
[2025-03-10T09:31:30.118+0100] {logging_mixin.py:188} INFO - [2025-03-10T09:31:30.118+0100] {dag.py:3036} INFO - Sync 1 DAGs
[2025-03-10T09:31:30.130+0100] {logging_mixin.py:188} INFO - [2025-03-10T09:31:30.130+0100] {dag.py:3823} INFO - Setting next_dagrun for example_python_decorator to None, run_after=None
[2025-03-10T09:31:30.148+0100] {processor.py:183} INFO - Processing /home/philip/de_engineering/airflow_projects/airflow1/venv/lib/python3.10/site-packages/airflow/example_dags/example_python_decorator.py took 0.140 seconds
[2025-03-10T09:32:00.235+0100] {processor.py:161} INFO - Started process (PID=148104) to work on /home/philip/de_engineering/airflow_projects/airflow1/venv/lib/python3.10/site-packages/airflow/example_dags/example_python_decorator.py
[2025-03-10T09:32:00.236+0100] {processor.py:830} INFO - Processing file /home/philip/de_engineering/airflow_projects/airflow1/venv/lib/python3.10/site-packages/airflow/example_dags/example_python_decorator.py for tasks to queue
[2025-03-10T09:32:00.236+0100] {logging_mixin.py:188} INFO - [2025-03-10T09:32:00.236+0100] {dagbag.py:538} INFO - Filling up the DagBag from /home/philip/de_engineering/airflow_projects/airflow1/venv/lib/python3.10/site-packages/airflow/example_dags/example_python_decorator.py
[2025-03-10T09:32:00.293+0100] {logging_mixin.py:188} INFO - [2025-03-10T09:32:00.293+0100] {example_python_decorator.py:79} WARNING - The virtalenv_python example task requires virtualenv, please install it.
[2025-03-10T09:32:00.293+0100] {processor.py:840} INFO - DAG(s) 'example_python_decorator' retrieved from /home/philip/de_engineering/airflow_projects/airflow1/venv/lib/python3.10/site-packages/airflow/example_dags/example_python_decorator.py
[2025-03-10T09:32:00.314+0100] {logging_mixin.py:188} INFO - [2025-03-10T09:32:00.314+0100] {dag.py:3036} INFO - Sync 1 DAGs
[2025-03-10T09:32:00.324+0100] {logging_mixin.py:188} INFO - [2025-03-10T09:32:00.324+0100] {dag.py:3823} INFO - Setting next_dagrun for example_python_decorator to None, run_after=None
[2025-03-10T09:32:00.341+0100] {processor.py:183} INFO - Processing /home/philip/de_engineering/airflow_projects/airflow1/venv/lib/python3.10/site-packages/airflow/example_dags/example_python_decorator.py took 0.110 seconds
[2025-03-10T09:32:30.430+0100] {processor.py:161} INFO - Started process (PID=148487) to work on /home/philip/de_engineering/airflow_projects/airflow1/venv/lib/python3.10/site-packages/airflow/example_dags/example_python_decorator.py
[2025-03-10T09:32:30.431+0100] {processor.py:830} INFO - Processing file /home/philip/de_engineering/airflow_projects/airflow1/venv/lib/python3.10/site-packages/airflow/example_dags/example_python_decorator.py for tasks to queue
[2025-03-10T09:32:30.431+0100] {logging_mixin.py:188} INFO - [2025-03-10T09:32:30.431+0100] {dagbag.py:538} INFO - Filling up the DagBag from /home/philip/de_engineering/airflow_projects/airflow1/venv/lib/python3.10/site-packages/airflow/example_dags/example_python_decorator.py
[2025-03-10T09:32:30.480+0100] {logging_mixin.py:188} INFO - [2025-03-10T09:32:30.480+0100] {example_python_decorator.py:79} WARNING - The virtalenv_python example task requires virtualenv, please install it.
[2025-03-10T09:32:30.481+0100] {processor.py:840} INFO - DAG(s) 'example_python_decorator' retrieved from /home/philip/de_engineering/airflow_projects/airflow1/venv/lib/python3.10/site-packages/airflow/example_dags/example_python_decorator.py
[2025-03-10T09:32:30.505+0100] {logging_mixin.py:188} INFO - [2025-03-10T09:32:30.505+0100] {dag.py:3036} INFO - Sync 1 DAGs
[2025-03-10T09:32:30.517+0100] {logging_mixin.py:188} INFO - [2025-03-10T09:32:30.517+0100] {dag.py:3823} INFO - Setting next_dagrun for example_python_decorator to None, run_after=None
[2025-03-10T09:32:30.534+0100] {processor.py:183} INFO - Processing /home/philip/de_engineering/airflow_projects/airflow1/venv/lib/python3.10/site-packages/airflow/example_dags/example_python_decorator.py took 0.107 seconds
[2025-03-10T09:33:00.693+0100] {processor.py:161} INFO - Started process (PID=148868) to work on /home/philip/de_engineering/airflow_projects/airflow1/venv/lib/python3.10/site-packages/airflow/example_dags/example_python_decorator.py
[2025-03-10T09:33:00.693+0100] {processor.py:830} INFO - Processing file /home/philip/de_engineering/airflow_projects/airflow1/venv/lib/python3.10/site-packages/airflow/example_dags/example_python_decorator.py for tasks to queue
[2025-03-10T09:33:00.694+0100] {logging_mixin.py:188} INFO - [2025-03-10T09:33:00.694+0100] {dagbag.py:538} INFO - Filling up the DagBag from /home/philip/de_engineering/airflow_projects/airflow1/venv/lib/python3.10/site-packages/airflow/example_dags/example_python_decorator.py
[2025-03-10T09:33:00.760+0100] {logging_mixin.py:188} INFO - [2025-03-10T09:33:00.759+0100] {example_python_decorator.py:79} WARNING - The virtalenv_python example task requires virtualenv, please install it.
[2025-03-10T09:33:00.760+0100] {processor.py:840} INFO - DAG(s) 'example_python_decorator' retrieved from /home/philip/de_engineering/airflow_projects/airflow1/venv/lib/python3.10/site-packages/airflow/example_dags/example_python_decorator.py
[2025-03-10T09:33:00.779+0100] {logging_mixin.py:188} INFO - [2025-03-10T09:33:00.779+0100] {dag.py:3036} INFO - Sync 1 DAGs
[2025-03-10T09:33:00.789+0100] {logging_mixin.py:188} INFO - [2025-03-10T09:33:00.789+0100] {dag.py:3823} INFO - Setting next_dagrun for example_python_decorator to None, run_after=None
[2025-03-10T09:33:00.804+0100] {processor.py:183} INFO - Processing /home/philip/de_engineering/airflow_projects/airflow1/venv/lib/python3.10/site-packages/airflow/example_dags/example_python_decorator.py took 0.114 seconds
[2025-03-10T09:33:30.948+0100] {processor.py:161} INFO - Started process (PID=149247) to work on /home/philip/de_engineering/airflow_projects/airflow1/venv/lib/python3.10/site-packages/airflow/example_dags/example_python_decorator.py
[2025-03-10T09:33:30.951+0100] {processor.py:830} INFO - Processing file /home/philip/de_engineering/airflow_projects/airflow1/venv/lib/python3.10/site-packages/airflow/example_dags/example_python_decorator.py for tasks to queue
[2025-03-10T09:33:30.952+0100] {logging_mixin.py:188} INFO - [2025-03-10T09:33:30.951+0100] {dagbag.py:538} INFO - Filling up the DagBag from /home/philip/de_engineering/airflow_projects/airflow1/venv/lib/python3.10/site-packages/airflow/example_dags/example_python_decorator.py
[2025-03-10T09:33:31.003+0100] {logging_mixin.py:188} INFO - [2025-03-10T09:33:31.003+0100] {example_python_decorator.py:79} WARNING - The virtalenv_python example task requires virtualenv, please install it.
[2025-03-10T09:33:31.003+0100] {processor.py:840} INFO - DAG(s) 'example_python_decorator' retrieved from /home/philip/de_engineering/airflow_projects/airflow1/venv/lib/python3.10/site-packages/airflow/example_dags/example_python_decorator.py
[2025-03-10T09:33:31.022+0100] {logging_mixin.py:188} INFO - [2025-03-10T09:33:31.022+0100] {dag.py:3036} INFO - Sync 1 DAGs
[2025-03-10T09:33:31.031+0100] {logging_mixin.py:188} INFO - [2025-03-10T09:33:31.031+0100] {dag.py:3823} INFO - Setting next_dagrun for example_python_decorator to None, run_after=None
[2025-03-10T09:33:31.046+0100] {processor.py:183} INFO - Processing /home/philip/de_engineering/airflow_projects/airflow1/venv/lib/python3.10/site-packages/airflow/example_dags/example_python_decorator.py took 0.100 seconds
[2025-03-10T09:34:01.097+0100] {processor.py:161} INFO - Started process (PID=149625) to work on /home/philip/de_engineering/airflow_projects/airflow1/venv/lib/python3.10/site-packages/airflow/example_dags/example_python_decorator.py
[2025-03-10T09:34:01.098+0100] {processor.py:830} INFO - Processing file /home/philip/de_engineering/airflow_projects/airflow1/venv/lib/python3.10/site-packages/airflow/example_dags/example_python_decorator.py for tasks to queue
[2025-03-10T09:34:01.099+0100] {logging_mixin.py:188} INFO - [2025-03-10T09:34:01.099+0100] {dagbag.py:538} INFO - Filling up the DagBag from /home/philip/de_engineering/airflow_projects/airflow1/venv/lib/python3.10/site-packages/airflow/example_dags/example_python_decorator.py
[2025-03-10T09:34:01.152+0100] {logging_mixin.py:188} INFO - [2025-03-10T09:34:01.151+0100] {example_python_decorator.py:79} WARNING - The virtalenv_python example task requires virtualenv, please install it.
[2025-03-10T09:34:01.152+0100] {processor.py:840} INFO - DAG(s) 'example_python_decorator' retrieved from /home/philip/de_engineering/airflow_projects/airflow1/venv/lib/python3.10/site-packages/airflow/example_dags/example_python_decorator.py
[2025-03-10T09:34:01.170+0100] {logging_mixin.py:188} INFO - [2025-03-10T09:34:01.170+0100] {dag.py:3036} INFO - Sync 1 DAGs
[2025-03-10T09:34:01.179+0100] {logging_mixin.py:188} INFO - [2025-03-10T09:34:01.179+0100] {dag.py:3823} INFO - Setting next_dagrun for example_python_decorator to None, run_after=None
[2025-03-10T09:34:01.194+0100] {processor.py:183} INFO - Processing /home/philip/de_engineering/airflow_projects/airflow1/venv/lib/python3.10/site-packages/airflow/example_dags/example_python_decorator.py took 0.099 seconds
[2025-03-10T09:34:31.264+0100] {processor.py:161} INFO - Started process (PID=149987) to work on /home/philip/de_engineering/airflow_projects/airflow1/venv/lib/python3.10/site-packages/airflow/example_dags/example_python_decorator.py
[2025-03-10T09:34:31.265+0100] {processor.py:830} INFO - Processing file /home/philip/de_engineering/airflow_projects/airflow1/venv/lib/python3.10/site-packages/airflow/example_dags/example_python_decorator.py for tasks to queue
[2025-03-10T09:34:31.266+0100] {logging_mixin.py:188} INFO - [2025-03-10T09:34:31.266+0100] {dagbag.py:538} INFO - Filling up the DagBag from /home/philip/de_engineering/airflow_projects/airflow1/venv/lib/python3.10/site-packages/airflow/example_dags/example_python_decorator.py
[2025-03-10T09:34:31.319+0100] {logging_mixin.py:188} INFO - [2025-03-10T09:34:31.319+0100] {example_python_decorator.py:79} WARNING - The virtalenv_python example task requires virtualenv, please install it.
[2025-03-10T09:34:31.319+0100] {processor.py:840} INFO - DAG(s) 'example_python_decorator' retrieved from /home/philip/de_engineering/airflow_projects/airflow1/venv/lib/python3.10/site-packages/airflow/example_dags/example_python_decorator.py
[2025-03-10T09:34:31.339+0100] {logging_mixin.py:188} INFO - [2025-03-10T09:34:31.339+0100] {dag.py:3036} INFO - Sync 1 DAGs
[2025-03-10T09:34:31.351+0100] {logging_mixin.py:188} INFO - [2025-03-10T09:34:31.351+0100] {dag.py:3823} INFO - Setting next_dagrun for example_python_decorator to None, run_after=None
[2025-03-10T09:34:31.369+0100] {processor.py:183} INFO - Processing /home/philip/de_engineering/airflow_projects/airflow1/venv/lib/python3.10/site-packages/airflow/example_dags/example_python_decorator.py took 0.107 seconds
[2025-03-10T09:35:01.493+0100] {processor.py:161} INFO - Started process (PID=150372) to work on /home/philip/de_engineering/airflow_projects/airflow1/venv/lib/python3.10/site-packages/airflow/example_dags/example_python_decorator.py
[2025-03-10T09:35:01.494+0100] {processor.py:830} INFO - Processing file /home/philip/de_engineering/airflow_projects/airflow1/venv/lib/python3.10/site-packages/airflow/example_dags/example_python_decorator.py for tasks to queue
[2025-03-10T09:35:01.495+0100] {logging_mixin.py:188} INFO - [2025-03-10T09:35:01.494+0100] {dagbag.py:538} INFO - Filling up the DagBag from /home/philip/de_engineering/airflow_projects/airflow1/venv/lib/python3.10/site-packages/airflow/example_dags/example_python_decorator.py
[2025-03-10T09:35:01.546+0100] {logging_mixin.py:188} INFO - [2025-03-10T09:35:01.545+0100] {example_python_decorator.py:79} WARNING - The virtalenv_python example task requires virtualenv, please install it.
[2025-03-10T09:35:01.546+0100] {processor.py:840} INFO - DAG(s) 'example_python_decorator' retrieved from /home/philip/de_engineering/airflow_projects/airflow1/venv/lib/python3.10/site-packages/airflow/example_dags/example_python_decorator.py
[2025-03-10T09:35:01.566+0100] {logging_mixin.py:188} INFO - [2025-03-10T09:35:01.565+0100] {dag.py:3036} INFO - Sync 1 DAGs
[2025-03-10T09:35:01.577+0100] {logging_mixin.py:188} INFO - [2025-03-10T09:35:01.577+0100] {dag.py:3823} INFO - Setting next_dagrun for example_python_decorator to None, run_after=None
[2025-03-10T09:35:01.593+0100] {processor.py:183} INFO - Processing /home/philip/de_engineering/airflow_projects/airflow1/venv/lib/python3.10/site-packages/airflow/example_dags/example_python_decorator.py took 0.102 seconds
[2025-03-10T09:35:31.787+0100] {processor.py:161} INFO - Started process (PID=150741) to work on /home/philip/de_engineering/airflow_projects/airflow1/venv/lib/python3.10/site-packages/airflow/example_dags/example_python_decorator.py
[2025-03-10T09:35:31.788+0100] {processor.py:830} INFO - Processing file /home/philip/de_engineering/airflow_projects/airflow1/venv/lib/python3.10/site-packages/airflow/example_dags/example_python_decorator.py for tasks to queue
[2025-03-10T09:35:31.789+0100] {logging_mixin.py:188} INFO - [2025-03-10T09:35:31.789+0100] {dagbag.py:538} INFO - Filling up the DagBag from /home/philip/de_engineering/airflow_projects/airflow1/venv/lib/python3.10/site-packages/airflow/example_dags/example_python_decorator.py
[2025-03-10T09:35:31.838+0100] {logging_mixin.py:188} INFO - [2025-03-10T09:35:31.838+0100] {example_python_decorator.py:79} WARNING - The virtalenv_python example task requires virtualenv, please install it.
[2025-03-10T09:35:31.838+0100] {processor.py:840} INFO - DAG(s) 'example_python_decorator' retrieved from /home/philip/de_engineering/airflow_projects/airflow1/venv/lib/python3.10/site-packages/airflow/example_dags/example_python_decorator.py
[2025-03-10T09:35:31.857+0100] {logging_mixin.py:188} INFO - [2025-03-10T09:35:31.856+0100] {dag.py:3036} INFO - Sync 1 DAGs
[2025-03-10T09:35:31.866+0100] {logging_mixin.py:188} INFO - [2025-03-10T09:35:31.866+0100] {dag.py:3823} INFO - Setting next_dagrun for example_python_decorator to None, run_after=None
[2025-03-10T09:35:31.880+0100] {processor.py:183} INFO - Processing /home/philip/de_engineering/airflow_projects/airflow1/venv/lib/python3.10/site-packages/airflow/example_dags/example_python_decorator.py took 0.096 seconds
[2025-03-10T09:36:01.932+0100] {processor.py:161} INFO - Started process (PID=151121) to work on /home/philip/de_engineering/airflow_projects/airflow1/venv/lib/python3.10/site-packages/airflow/example_dags/example_python_decorator.py
[2025-03-10T09:36:01.934+0100] {processor.py:830} INFO - Processing file /home/philip/de_engineering/airflow_projects/airflow1/venv/lib/python3.10/site-packages/airflow/example_dags/example_python_decorator.py for tasks to queue
[2025-03-10T09:36:01.934+0100] {logging_mixin.py:188} INFO - [2025-03-10T09:36:01.934+0100] {dagbag.py:538} INFO - Filling up the DagBag from /home/philip/de_engineering/airflow_projects/airflow1/venv/lib/python3.10/site-packages/airflow/example_dags/example_python_decorator.py
[2025-03-10T09:36:01.984+0100] {logging_mixin.py:188} INFO - [2025-03-10T09:36:01.984+0100] {example_python_decorator.py:79} WARNING - The virtalenv_python example task requires virtualenv, please install it.
[2025-03-10T09:36:01.985+0100] {processor.py:840} INFO - DAG(s) 'example_python_decorator' retrieved from /home/philip/de_engineering/airflow_projects/airflow1/venv/lib/python3.10/site-packages/airflow/example_dags/example_python_decorator.py
[2025-03-10T09:36:02.004+0100] {logging_mixin.py:188} INFO - [2025-03-10T09:36:02.004+0100] {dag.py:3036} INFO - Sync 1 DAGs
[2025-03-10T09:36:02.013+0100] {logging_mixin.py:188} INFO - [2025-03-10T09:36:02.013+0100] {dag.py:3823} INFO - Setting next_dagrun for example_python_decorator to None, run_after=None
[2025-03-10T09:36:02.027+0100] {processor.py:183} INFO - Processing /home/philip/de_engineering/airflow_projects/airflow1/venv/lib/python3.10/site-packages/airflow/example_dags/example_python_decorator.py took 0.098 seconds
