[2025-03-10T09:14:25.052+0100] {processor.py:161} INFO - Started process (PID=136889) to work on /home/philip/de_engineering/airflow_projects/airflow1/venv/lib/python3.10/site-packages/airflow/example_dags/example_branch_labels.py
[2025-03-10T09:14:25.052+0100] {processor.py:830} INFO - Processing file /home/philip/de_engineering/airflow_projects/airflow1/venv/lib/python3.10/site-packages/airflow/example_dags/example_branch_labels.py for tasks to queue
[2025-03-10T09:14:25.053+0100] {logging_mixin.py:188} INFO - [2025-03-10T09:14:25.053+0100] {dagbag.py:538} INFO - Filling up the DagBag from /home/philip/de_engineering/airflow_projects/airflow1/venv/lib/python3.10/site-packages/airflow/example_dags/example_branch_labels.py
[2025-03-10T09:14:25.061+0100] {processor.py:840} INFO - DAG(s) 'example_branch_labels' retrieved from /home/philip/de_engineering/airflow_projects/airflow1/venv/lib/python3.10/site-packages/airflow/example_dags/example_branch_labels.py
[2025-03-10T09:14:25.139+0100] {logging_mixin.py:188} INFO - [2025-03-10T09:14:25.139+0100] {override.py:1769} INFO - Created Permission View: can read on DAG:example_branch_labels
[2025-03-10T09:14:25.147+0100] {logging_mixin.py:188} INFO - [2025-03-10T09:14:25.147+0100] {override.py:1769} INFO - Created Permission View: can delete on DAG:example_branch_labels
[2025-03-10T09:14:25.152+0100] {logging_mixin.py:188} INFO - [2025-03-10T09:14:25.152+0100] {override.py:1769} INFO - Created Permission View: can edit on DAG:example_branch_labels
[2025-03-10T09:14:25.153+0100] {logging_mixin.py:188} INFO - [2025-03-10T09:14:25.153+0100] {dag.py:3036} INFO - Sync 1 DAGs
[2025-03-10T09:14:25.162+0100] {logging_mixin.py:188} INFO - [2025-03-10T09:14:25.161+0100] {dag.py:3058} INFO - Creating ORM DAG for example_branch_labels
[2025-03-10T09:14:25.171+0100] {logging_mixin.py:188} INFO - [2025-03-10T09:14:25.171+0100] {dag.py:3823} INFO - Setting next_dagrun for example_branch_labels to 2025-03-09 00:00:00+00:00, run_after=2025-03-10 00:00:00+00:00
[2025-03-10T09:14:25.184+0100] {processor.py:183} INFO - Processing /home/philip/de_engineering/airflow_projects/airflow1/venv/lib/python3.10/site-packages/airflow/example_dags/example_branch_labels.py took 0.135 seconds
[2025-03-10T09:14:55.927+0100] {processor.py:161} INFO - Started process (PID=137001) to work on /home/philip/de_engineering/airflow_projects/airflow1/venv/lib/python3.10/site-packages/airflow/example_dags/example_branch_labels.py
[2025-03-10T09:14:55.927+0100] {processor.py:830} INFO - Processing file /home/philip/de_engineering/airflow_projects/airflow1/venv/lib/python3.10/site-packages/airflow/example_dags/example_branch_labels.py for tasks to queue
[2025-03-10T09:14:55.928+0100] {logging_mixin.py:188} INFO - [2025-03-10T09:14:55.928+0100] {dagbag.py:538} INFO - Filling up the DagBag from /home/philip/de_engineering/airflow_projects/airflow1/venv/lib/python3.10/site-packages/airflow/example_dags/example_branch_labels.py
[2025-03-10T09:14:55.935+0100] {processor.py:840} INFO - DAG(s) 'example_branch_labels' retrieved from /home/philip/de_engineering/airflow_projects/airflow1/venv/lib/python3.10/site-packages/airflow/example_dags/example_branch_labels.py
[2025-03-10T09:14:55.962+0100] {logging_mixin.py:188} INFO - [2025-03-10T09:14:55.962+0100] {dag.py:3036} INFO - Sync 1 DAGs
[2025-03-10T09:14:55.985+0100] {logging_mixin.py:188} INFO - [2025-03-10T09:14:55.985+0100] {dag.py:3823} INFO - Setting next_dagrun for example_branch_labels to 2025-03-09 00:00:00+00:00, run_after=2025-03-10 00:00:00+00:00
[2025-03-10T09:14:56.004+0100] {processor.py:183} INFO - Processing /home/philip/de_engineering/airflow_projects/airflow1/venv/lib/python3.10/site-packages/airflow/example_dags/example_branch_labels.py took 0.080 seconds
[2025-03-10T09:15:26.090+0100] {processor.py:161} INFO - Started process (PID=137102) to work on /home/philip/de_engineering/airflow_projects/airflow1/venv/lib/python3.10/site-packages/airflow/example_dags/example_branch_labels.py
[2025-03-10T09:15:26.091+0100] {processor.py:830} INFO - Processing file /home/philip/de_engineering/airflow_projects/airflow1/venv/lib/python3.10/site-packages/airflow/example_dags/example_branch_labels.py for tasks to queue
[2025-03-10T09:15:26.092+0100] {logging_mixin.py:188} INFO - [2025-03-10T09:15:26.091+0100] {dagbag.py:538} INFO - Filling up the DagBag from /home/philip/de_engineering/airflow_projects/airflow1/venv/lib/python3.10/site-packages/airflow/example_dags/example_branch_labels.py
[2025-03-10T09:15:26.098+0100] {processor.py:840} INFO - DAG(s) 'example_branch_labels' retrieved from /home/philip/de_engineering/airflow_projects/airflow1/venv/lib/python3.10/site-packages/airflow/example_dags/example_branch_labels.py
[2025-03-10T09:15:26.119+0100] {logging_mixin.py:188} INFO - [2025-03-10T09:15:26.119+0100] {dag.py:3036} INFO - Sync 1 DAGs
[2025-03-10T09:15:26.137+0100] {logging_mixin.py:188} INFO - [2025-03-10T09:15:26.137+0100] {dag.py:3823} INFO - Setting next_dagrun for example_branch_labels to 2025-03-09 00:00:00+00:00, run_after=2025-03-10 00:00:00+00:00
[2025-03-10T09:15:26.152+0100] {processor.py:183} INFO - Processing /home/philip/de_engineering/airflow_projects/airflow1/venv/lib/python3.10/site-packages/airflow/example_dags/example_branch_labels.py took 0.065 seconds
[2025-03-10T09:15:56.520+0100] {processor.py:161} INFO - Started process (PID=137203) to work on /home/philip/de_engineering/airflow_projects/airflow1/venv/lib/python3.10/site-packages/airflow/example_dags/example_branch_labels.py
[2025-03-10T09:15:56.521+0100] {processor.py:830} INFO - Processing file /home/philip/de_engineering/airflow_projects/airflow1/venv/lib/python3.10/site-packages/airflow/example_dags/example_branch_labels.py for tasks to queue
[2025-03-10T09:15:56.522+0100] {logging_mixin.py:188} INFO - [2025-03-10T09:15:56.521+0100] {dagbag.py:538} INFO - Filling up the DagBag from /home/philip/de_engineering/airflow_projects/airflow1/venv/lib/python3.10/site-packages/airflow/example_dags/example_branch_labels.py
[2025-03-10T09:15:56.532+0100] {processor.py:840} INFO - DAG(s) 'example_branch_labels' retrieved from /home/philip/de_engineering/airflow_projects/airflow1/venv/lib/python3.10/site-packages/airflow/example_dags/example_branch_labels.py
[2025-03-10T09:15:56.557+0100] {logging_mixin.py:188} INFO - [2025-03-10T09:15:56.557+0100] {dag.py:3036} INFO - Sync 1 DAGs
[2025-03-10T09:15:56.579+0100] {logging_mixin.py:188} INFO - [2025-03-10T09:15:56.579+0100] {dag.py:3823} INFO - Setting next_dagrun for example_branch_labels to 2025-03-09 00:00:00+00:00, run_after=2025-03-10 00:00:00+00:00
[2025-03-10T09:15:56.597+0100] {processor.py:183} INFO - Processing /home/philip/de_engineering/airflow_projects/airflow1/venv/lib/python3.10/site-packages/airflow/example_dags/example_branch_labels.py took 0.081 seconds
[2025-03-10T09:16:26.861+0100] {processor.py:161} INFO - Started process (PID=137579) to work on /home/philip/de_engineering/airflow_projects/airflow1/venv/lib/python3.10/site-packages/airflow/example_dags/example_branch_labels.py
[2025-03-10T09:16:26.862+0100] {processor.py:830} INFO - Processing file /home/philip/de_engineering/airflow_projects/airflow1/venv/lib/python3.10/site-packages/airflow/example_dags/example_branch_labels.py for tasks to queue
[2025-03-10T09:16:26.863+0100] {logging_mixin.py:188} INFO - [2025-03-10T09:16:26.863+0100] {dagbag.py:538} INFO - Filling up the DagBag from /home/philip/de_engineering/airflow_projects/airflow1/venv/lib/python3.10/site-packages/airflow/example_dags/example_branch_labels.py
[2025-03-10T09:16:26.870+0100] {processor.py:840} INFO - DAG(s) 'example_branch_labels' retrieved from /home/philip/de_engineering/airflow_projects/airflow1/venv/lib/python3.10/site-packages/airflow/example_dags/example_branch_labels.py
[2025-03-10T09:16:26.895+0100] {logging_mixin.py:188} INFO - [2025-03-10T09:16:26.895+0100] {dag.py:3036} INFO - Sync 1 DAGs
[2025-03-10T09:16:26.915+0100] {logging_mixin.py:188} INFO - [2025-03-10T09:16:26.914+0100] {dag.py:3823} INFO - Setting next_dagrun for example_branch_labels to 2025-03-09 00:00:00+00:00, run_after=2025-03-10 00:00:00+00:00
[2025-03-10T09:16:26.928+0100] {processor.py:183} INFO - Processing /home/philip/de_engineering/airflow_projects/airflow1/venv/lib/python3.10/site-packages/airflow/example_dags/example_branch_labels.py took 0.070 seconds
[2025-03-10T09:16:56.986+0100] {processor.py:161} INFO - Started process (PID=137768) to work on /home/philip/de_engineering/airflow_projects/airflow1/venv/lib/python3.10/site-packages/airflow/example_dags/example_branch_labels.py
[2025-03-10T09:16:56.987+0100] {processor.py:830} INFO - Processing file /home/philip/de_engineering/airflow_projects/airflow1/venv/lib/python3.10/site-packages/airflow/example_dags/example_branch_labels.py for tasks to queue
[2025-03-10T09:16:56.988+0100] {logging_mixin.py:188} INFO - [2025-03-10T09:16:56.988+0100] {dagbag.py:538} INFO - Filling up the DagBag from /home/philip/de_engineering/airflow_projects/airflow1/venv/lib/python3.10/site-packages/airflow/example_dags/example_branch_labels.py
[2025-03-10T09:16:56.994+0100] {processor.py:840} INFO - DAG(s) 'example_branch_labels' retrieved from /home/philip/de_engineering/airflow_projects/airflow1/venv/lib/python3.10/site-packages/airflow/example_dags/example_branch_labels.py
[2025-03-10T09:16:57.016+0100] {logging_mixin.py:188} INFO - [2025-03-10T09:16:57.016+0100] {dag.py:3036} INFO - Sync 1 DAGs
[2025-03-10T09:16:57.034+0100] {logging_mixin.py:188} INFO - [2025-03-10T09:16:57.033+0100] {dag.py:3823} INFO - Setting next_dagrun for example_branch_labels to 2025-03-09 00:00:00+00:00, run_after=2025-03-10 00:00:00+00:00
[2025-03-10T09:16:57.048+0100] {processor.py:183} INFO - Processing /home/philip/de_engineering/airflow_projects/airflow1/venv/lib/python3.10/site-packages/airflow/example_dags/example_branch_labels.py took 0.065 seconds
[2025-03-10T09:17:27.349+0100] {processor.py:161} INFO - Started process (PID=137960) to work on /home/philip/de_engineering/airflow_projects/airflow1/venv/lib/python3.10/site-packages/airflow/example_dags/example_branch_labels.py
[2025-03-10T09:17:27.350+0100] {processor.py:830} INFO - Processing file /home/philip/de_engineering/airflow_projects/airflow1/venv/lib/python3.10/site-packages/airflow/example_dags/example_branch_labels.py for tasks to queue
[2025-03-10T09:17:27.351+0100] {logging_mixin.py:188} INFO - [2025-03-10T09:17:27.350+0100] {dagbag.py:538} INFO - Filling up the DagBag from /home/philip/de_engineering/airflow_projects/airflow1/venv/lib/python3.10/site-packages/airflow/example_dags/example_branch_labels.py
[2025-03-10T09:17:27.357+0100] {processor.py:840} INFO - DAG(s) 'example_branch_labels' retrieved from /home/philip/de_engineering/airflow_projects/airflow1/venv/lib/python3.10/site-packages/airflow/example_dags/example_branch_labels.py
[2025-03-10T09:17:27.379+0100] {logging_mixin.py:188} INFO - [2025-03-10T09:17:27.379+0100] {dag.py:3036} INFO - Sync 1 DAGs
[2025-03-10T09:17:27.397+0100] {logging_mixin.py:188} INFO - [2025-03-10T09:17:27.397+0100] {dag.py:3823} INFO - Setting next_dagrun for example_branch_labels to 2025-03-09 00:00:00+00:00, run_after=2025-03-10 00:00:00+00:00
[2025-03-10T09:17:27.411+0100] {processor.py:183} INFO - Processing /home/philip/de_engineering/airflow_projects/airflow1/venv/lib/python3.10/site-packages/airflow/example_dags/example_branch_labels.py took 0.065 seconds
[2025-03-10T09:19:21.884+0100] {processor.py:161} INFO - Started process (PID=138632) to work on /home/philip/de_engineering/airflow_projects/airflow1/venv/lib/python3.10/site-packages/airflow/example_dags/example_branch_labels.py
[2025-03-10T09:19:21.885+0100] {processor.py:830} INFO - Processing file /home/philip/de_engineering/airflow_projects/airflow1/venv/lib/python3.10/site-packages/airflow/example_dags/example_branch_labels.py for tasks to queue
[2025-03-10T09:19:21.886+0100] {logging_mixin.py:188} INFO - [2025-03-10T09:19:21.886+0100] {dagbag.py:538} INFO - Filling up the DagBag from /home/philip/de_engineering/airflow_projects/airflow1/venv/lib/python3.10/site-packages/airflow/example_dags/example_branch_labels.py
[2025-03-10T09:19:21.895+0100] {processor.py:840} INFO - DAG(s) 'example_branch_labels' retrieved from /home/philip/de_engineering/airflow_projects/airflow1/venv/lib/python3.10/site-packages/airflow/example_dags/example_branch_labels.py
[2025-03-10T09:19:21.973+0100] {logging_mixin.py:188} INFO - [2025-03-10T09:19:21.973+0100] {dag.py:3036} INFO - Sync 1 DAGs
[2025-03-10T09:19:21.989+0100] {logging_mixin.py:188} INFO - [2025-03-10T09:19:21.988+0100] {dag.py:3823} INFO - Setting next_dagrun for example_branch_labels to 2025-03-09 00:00:00+00:00, run_after=2025-03-10 00:00:00+00:00
[2025-03-10T09:19:22.002+0100] {processor.py:183} INFO - Processing /home/philip/de_engineering/airflow_projects/airflow1/venv/lib/python3.10/site-packages/airflow/example_dags/example_branch_labels.py took 0.121 seconds
[2025-03-10T09:19:52.092+0100] {processor.py:161} INFO - Started process (PID=138967) to work on /home/philip/de_engineering/airflow_projects/airflow1/venv/lib/python3.10/site-packages/airflow/example_dags/example_branch_labels.py
[2025-03-10T09:19:52.093+0100] {processor.py:830} INFO - Processing file /home/philip/de_engineering/airflow_projects/airflow1/venv/lib/python3.10/site-packages/airflow/example_dags/example_branch_labels.py for tasks to queue
[2025-03-10T09:19:52.094+0100] {logging_mixin.py:188} INFO - [2025-03-10T09:19:52.093+0100] {dagbag.py:538} INFO - Filling up the DagBag from /home/philip/de_engineering/airflow_projects/airflow1/venv/lib/python3.10/site-packages/airflow/example_dags/example_branch_labels.py
[2025-03-10T09:19:52.100+0100] {processor.py:840} INFO - DAG(s) 'example_branch_labels' retrieved from /home/philip/de_engineering/airflow_projects/airflow1/venv/lib/python3.10/site-packages/airflow/example_dags/example_branch_labels.py
[2025-03-10T09:19:52.121+0100] {logging_mixin.py:188} INFO - [2025-03-10T09:19:52.121+0100] {dag.py:3036} INFO - Sync 1 DAGs
[2025-03-10T09:19:52.139+0100] {logging_mixin.py:188} INFO - [2025-03-10T09:19:52.139+0100] {dag.py:3823} INFO - Setting next_dagrun for example_branch_labels to 2025-03-09 00:00:00+00:00, run_after=2025-03-10 00:00:00+00:00
[2025-03-10T09:19:52.153+0100] {processor.py:183} INFO - Processing /home/philip/de_engineering/airflow_projects/airflow1/venv/lib/python3.10/site-packages/airflow/example_dags/example_branch_labels.py took 0.064 seconds
[2025-03-10T09:20:22.249+0100] {processor.py:161} INFO - Started process (PID=139346) to work on /home/philip/de_engineering/airflow_projects/airflow1/venv/lib/python3.10/site-packages/airflow/example_dags/example_branch_labels.py
[2025-03-10T09:20:22.250+0100] {processor.py:830} INFO - Processing file /home/philip/de_engineering/airflow_projects/airflow1/venv/lib/python3.10/site-packages/airflow/example_dags/example_branch_labels.py for tasks to queue
[2025-03-10T09:20:22.250+0100] {logging_mixin.py:188} INFO - [2025-03-10T09:20:22.250+0100] {dagbag.py:538} INFO - Filling up the DagBag from /home/philip/de_engineering/airflow_projects/airflow1/venv/lib/python3.10/site-packages/airflow/example_dags/example_branch_labels.py
[2025-03-10T09:20:22.256+0100] {processor.py:840} INFO - DAG(s) 'example_branch_labels' retrieved from /home/philip/de_engineering/airflow_projects/airflow1/venv/lib/python3.10/site-packages/airflow/example_dags/example_branch_labels.py
[2025-03-10T09:20:22.281+0100] {logging_mixin.py:188} INFO - [2025-03-10T09:20:22.281+0100] {dag.py:3036} INFO - Sync 1 DAGs
[2025-03-10T09:20:22.301+0100] {logging_mixin.py:188} INFO - [2025-03-10T09:20:22.301+0100] {dag.py:3823} INFO - Setting next_dagrun for example_branch_labels to 2025-03-09 00:00:00+00:00, run_after=2025-03-10 00:00:00+00:00
[2025-03-10T09:20:22.316+0100] {processor.py:183} INFO - Processing /home/philip/de_engineering/airflow_projects/airflow1/venv/lib/python3.10/site-packages/airflow/example_dags/example_branch_labels.py took 0.070 seconds
[2025-03-10T09:20:52.957+0100] {processor.py:161} INFO - Started process (PID=139723) to work on /home/philip/de_engineering/airflow_projects/airflow1/venv/lib/python3.10/site-packages/airflow/example_dags/example_branch_labels.py
[2025-03-10T09:20:52.958+0100] {processor.py:830} INFO - Processing file /home/philip/de_engineering/airflow_projects/airflow1/venv/lib/python3.10/site-packages/airflow/example_dags/example_branch_labels.py for tasks to queue
[2025-03-10T09:20:52.959+0100] {logging_mixin.py:188} INFO - [2025-03-10T09:20:52.959+0100] {dagbag.py:538} INFO - Filling up the DagBag from /home/philip/de_engineering/airflow_projects/airflow1/venv/lib/python3.10/site-packages/airflow/example_dags/example_branch_labels.py
[2025-03-10T09:20:52.966+0100] {processor.py:840} INFO - DAG(s) 'example_branch_labels' retrieved from /home/philip/de_engineering/airflow_projects/airflow1/venv/lib/python3.10/site-packages/airflow/example_dags/example_branch_labels.py
[2025-03-10T09:20:52.986+0100] {logging_mixin.py:188} INFO - [2025-03-10T09:20:52.986+0100] {dag.py:3036} INFO - Sync 1 DAGs
[2025-03-10T09:20:53.004+0100] {logging_mixin.py:188} INFO - [2025-03-10T09:20:53.004+0100] {dag.py:3823} INFO - Setting next_dagrun for example_branch_labels to 2025-03-09 00:00:00+00:00, run_after=2025-03-10 00:00:00+00:00
[2025-03-10T09:20:53.017+0100] {processor.py:183} INFO - Processing /home/philip/de_engineering/airflow_projects/airflow1/venv/lib/python3.10/site-packages/airflow/example_dags/example_branch_labels.py took 0.063 seconds
[2025-03-10T09:21:23.360+0100] {processor.py:161} INFO - Started process (PID=140103) to work on /home/philip/de_engineering/airflow_projects/airflow1/venv/lib/python3.10/site-packages/airflow/example_dags/example_branch_labels.py
[2025-03-10T09:21:23.361+0100] {processor.py:830} INFO - Processing file /home/philip/de_engineering/airflow_projects/airflow1/venv/lib/python3.10/site-packages/airflow/example_dags/example_branch_labels.py for tasks to queue
[2025-03-10T09:21:23.362+0100] {logging_mixin.py:188} INFO - [2025-03-10T09:21:23.362+0100] {dagbag.py:538} INFO - Filling up the DagBag from /home/philip/de_engineering/airflow_projects/airflow1/venv/lib/python3.10/site-packages/airflow/example_dags/example_branch_labels.py
[2025-03-10T09:21:23.369+0100] {processor.py:840} INFO - DAG(s) 'example_branch_labels' retrieved from /home/philip/de_engineering/airflow_projects/airflow1/venv/lib/python3.10/site-packages/airflow/example_dags/example_branch_labels.py
[2025-03-10T09:21:23.393+0100] {logging_mixin.py:188} INFO - [2025-03-10T09:21:23.392+0100] {dag.py:3036} INFO - Sync 1 DAGs
[2025-03-10T09:21:23.413+0100] {logging_mixin.py:188} INFO - [2025-03-10T09:21:23.412+0100] {dag.py:3823} INFO - Setting next_dagrun for example_branch_labels to 2025-03-09 00:00:00+00:00, run_after=2025-03-10 00:00:00+00:00
[2025-03-10T09:21:23.429+0100] {processor.py:183} INFO - Processing /home/philip/de_engineering/airflow_projects/airflow1/venv/lib/python3.10/site-packages/airflow/example_dags/example_branch_labels.py took 0.072 seconds
[2025-03-10T09:21:53.557+0100] {processor.py:161} INFO - Started process (PID=140485) to work on /home/philip/de_engineering/airflow_projects/airflow1/venv/lib/python3.10/site-packages/airflow/example_dags/example_branch_labels.py
[2025-03-10T09:21:53.558+0100] {processor.py:830} INFO - Processing file /home/philip/de_engineering/airflow_projects/airflow1/venv/lib/python3.10/site-packages/airflow/example_dags/example_branch_labels.py for tasks to queue
[2025-03-10T09:21:53.559+0100] {logging_mixin.py:188} INFO - [2025-03-10T09:21:53.558+0100] {dagbag.py:538} INFO - Filling up the DagBag from /home/philip/de_engineering/airflow_projects/airflow1/venv/lib/python3.10/site-packages/airflow/example_dags/example_branch_labels.py
[2025-03-10T09:21:53.565+0100] {processor.py:840} INFO - DAG(s) 'example_branch_labels' retrieved from /home/philip/de_engineering/airflow_projects/airflow1/venv/lib/python3.10/site-packages/airflow/example_dags/example_branch_labels.py
[2025-03-10T09:21:53.586+0100] {logging_mixin.py:188} INFO - [2025-03-10T09:21:53.586+0100] {dag.py:3036} INFO - Sync 1 DAGs
[2025-03-10T09:21:53.608+0100] {logging_mixin.py:188} INFO - [2025-03-10T09:21:53.607+0100] {dag.py:3823} INFO - Setting next_dagrun for example_branch_labels to 2025-03-09 00:00:00+00:00, run_after=2025-03-10 00:00:00+00:00
[2025-03-10T09:21:53.624+0100] {processor.py:183} INFO - Processing /home/philip/de_engineering/airflow_projects/airflow1/venv/lib/python3.10/site-packages/airflow/example_dags/example_branch_labels.py took 0.070 seconds
[2025-03-10T09:22:23.795+0100] {processor.py:161} INFO - Started process (PID=140860) to work on /home/philip/de_engineering/airflow_projects/airflow1/venv/lib/python3.10/site-packages/airflow/example_dags/example_branch_labels.py
[2025-03-10T09:22:23.796+0100] {processor.py:830} INFO - Processing file /home/philip/de_engineering/airflow_projects/airflow1/venv/lib/python3.10/site-packages/airflow/example_dags/example_branch_labels.py for tasks to queue
[2025-03-10T09:22:23.797+0100] {logging_mixin.py:188} INFO - [2025-03-10T09:22:23.797+0100] {dagbag.py:538} INFO - Filling up the DagBag from /home/philip/de_engineering/airflow_projects/airflow1/venv/lib/python3.10/site-packages/airflow/example_dags/example_branch_labels.py
[2025-03-10T09:22:23.803+0100] {processor.py:840} INFO - DAG(s) 'example_branch_labels' retrieved from /home/philip/de_engineering/airflow_projects/airflow1/venv/lib/python3.10/site-packages/airflow/example_dags/example_branch_labels.py
[2025-03-10T09:22:23.826+0100] {logging_mixin.py:188} INFO - [2025-03-10T09:22:23.825+0100] {dag.py:3036} INFO - Sync 1 DAGs
[2025-03-10T09:22:23.847+0100] {logging_mixin.py:188} INFO - [2025-03-10T09:22:23.847+0100] {dag.py:3823} INFO - Setting next_dagrun for example_branch_labels to 2025-03-09 00:00:00+00:00, run_after=2025-03-10 00:00:00+00:00
[2025-03-10T09:22:23.865+0100] {processor.py:183} INFO - Processing /home/philip/de_engineering/airflow_projects/airflow1/venv/lib/python3.10/site-packages/airflow/example_dags/example_branch_labels.py took 0.073 seconds
[2025-03-10T09:22:53.992+0100] {processor.py:161} INFO - Started process (PID=141240) to work on /home/philip/de_engineering/airflow_projects/airflow1/venv/lib/python3.10/site-packages/airflow/example_dags/example_branch_labels.py
[2025-03-10T09:22:53.993+0100] {processor.py:830} INFO - Processing file /home/philip/de_engineering/airflow_projects/airflow1/venv/lib/python3.10/site-packages/airflow/example_dags/example_branch_labels.py for tasks to queue
[2025-03-10T09:22:53.994+0100] {logging_mixin.py:188} INFO - [2025-03-10T09:22:53.994+0100] {dagbag.py:538} INFO - Filling up the DagBag from /home/philip/de_engineering/airflow_projects/airflow1/venv/lib/python3.10/site-packages/airflow/example_dags/example_branch_labels.py
[2025-03-10T09:22:54.000+0100] {processor.py:840} INFO - DAG(s) 'example_branch_labels' retrieved from /home/philip/de_engineering/airflow_projects/airflow1/venv/lib/python3.10/site-packages/airflow/example_dags/example_branch_labels.py
[2025-03-10T09:22:54.022+0100] {logging_mixin.py:188} INFO - [2025-03-10T09:22:54.021+0100] {dag.py:3036} INFO - Sync 1 DAGs
[2025-03-10T09:22:54.041+0100] {logging_mixin.py:188} INFO - [2025-03-10T09:22:54.041+0100] {dag.py:3823} INFO - Setting next_dagrun for example_branch_labels to 2025-03-09 00:00:00+00:00, run_after=2025-03-10 00:00:00+00:00
[2025-03-10T09:22:54.057+0100] {processor.py:183} INFO - Processing /home/philip/de_engineering/airflow_projects/airflow1/venv/lib/python3.10/site-packages/airflow/example_dags/example_branch_labels.py took 0.067 seconds
[2025-03-10T09:23:24.214+0100] {processor.py:161} INFO - Started process (PID=141617) to work on /home/philip/de_engineering/airflow_projects/airflow1/venv/lib/python3.10/site-packages/airflow/example_dags/example_branch_labels.py
[2025-03-10T09:23:24.216+0100] {processor.py:830} INFO - Processing file /home/philip/de_engineering/airflow_projects/airflow1/venv/lib/python3.10/site-packages/airflow/example_dags/example_branch_labels.py for tasks to queue
[2025-03-10T09:23:24.216+0100] {logging_mixin.py:188} INFO - [2025-03-10T09:23:24.216+0100] {dagbag.py:538} INFO - Filling up the DagBag from /home/philip/de_engineering/airflow_projects/airflow1/venv/lib/python3.10/site-packages/airflow/example_dags/example_branch_labels.py
[2025-03-10T09:23:24.222+0100] {processor.py:840} INFO - DAG(s) 'example_branch_labels' retrieved from /home/philip/de_engineering/airflow_projects/airflow1/venv/lib/python3.10/site-packages/airflow/example_dags/example_branch_labels.py
[2025-03-10T09:23:24.244+0100] {logging_mixin.py:188} INFO - [2025-03-10T09:23:24.244+0100] {dag.py:3036} INFO - Sync 1 DAGs
[2025-03-10T09:23:24.263+0100] {logging_mixin.py:188} INFO - [2025-03-10T09:23:24.263+0100] {dag.py:3823} INFO - Setting next_dagrun for example_branch_labels to 2025-03-09 00:00:00+00:00, run_after=2025-03-10 00:00:00+00:00
[2025-03-10T09:23:24.279+0100] {processor.py:183} INFO - Processing /home/philip/de_engineering/airflow_projects/airflow1/venv/lib/python3.10/site-packages/airflow/example_dags/example_branch_labels.py took 0.067 seconds
[2025-03-10T09:23:54.646+0100] {processor.py:161} INFO - Started process (PID=141998) to work on /home/philip/de_engineering/airflow_projects/airflow1/venv/lib/python3.10/site-packages/airflow/example_dags/example_branch_labels.py
[2025-03-10T09:23:54.647+0100] {processor.py:830} INFO - Processing file /home/philip/de_engineering/airflow_projects/airflow1/venv/lib/python3.10/site-packages/airflow/example_dags/example_branch_labels.py for tasks to queue
[2025-03-10T09:23:54.648+0100] {logging_mixin.py:188} INFO - [2025-03-10T09:23:54.647+0100] {dagbag.py:538} INFO - Filling up the DagBag from /home/philip/de_engineering/airflow_projects/airflow1/venv/lib/python3.10/site-packages/airflow/example_dags/example_branch_labels.py
[2025-03-10T09:23:54.654+0100] {processor.py:840} INFO - DAG(s) 'example_branch_labels' retrieved from /home/philip/de_engineering/airflow_projects/airflow1/venv/lib/python3.10/site-packages/airflow/example_dags/example_branch_labels.py
[2025-03-10T09:23:54.675+0100] {logging_mixin.py:188} INFO - [2025-03-10T09:23:54.675+0100] {dag.py:3036} INFO - Sync 1 DAGs
[2025-03-10T09:23:54.692+0100] {logging_mixin.py:188} INFO - [2025-03-10T09:23:54.692+0100] {dag.py:3823} INFO - Setting next_dagrun for example_branch_labels to 2025-03-09 00:00:00+00:00, run_after=2025-03-10 00:00:00+00:00
[2025-03-10T09:23:54.706+0100] {processor.py:183} INFO - Processing /home/philip/de_engineering/airflow_projects/airflow1/venv/lib/python3.10/site-packages/airflow/example_dags/example_branch_labels.py took 0.063 seconds
[2025-03-10T09:24:24.934+0100] {processor.py:161} INFO - Started process (PID=142374) to work on /home/philip/de_engineering/airflow_projects/airflow1/venv/lib/python3.10/site-packages/airflow/example_dags/example_branch_labels.py
[2025-03-10T09:24:24.935+0100] {processor.py:830} INFO - Processing file /home/philip/de_engineering/airflow_projects/airflow1/venv/lib/python3.10/site-packages/airflow/example_dags/example_branch_labels.py for tasks to queue
[2025-03-10T09:24:24.935+0100] {logging_mixin.py:188} INFO - [2025-03-10T09:24:24.935+0100] {dagbag.py:538} INFO - Filling up the DagBag from /home/philip/de_engineering/airflow_projects/airflow1/venv/lib/python3.10/site-packages/airflow/example_dags/example_branch_labels.py
[2025-03-10T09:24:24.943+0100] {processor.py:840} INFO - DAG(s) 'example_branch_labels' retrieved from /home/philip/de_engineering/airflow_projects/airflow1/venv/lib/python3.10/site-packages/airflow/example_dags/example_branch_labels.py
[2025-03-10T09:24:24.967+0100] {logging_mixin.py:188} INFO - [2025-03-10T09:24:24.966+0100] {dag.py:3036} INFO - Sync 1 DAGs
[2025-03-10T09:24:24.989+0100] {logging_mixin.py:188} INFO - [2025-03-10T09:24:24.989+0100] {dag.py:3823} INFO - Setting next_dagrun for example_branch_labels to 2025-03-09 00:00:00+00:00, run_after=2025-03-10 00:00:00+00:00
[2025-03-10T09:24:25.007+0100] {processor.py:183} INFO - Processing /home/philip/de_engineering/airflow_projects/airflow1/venv/lib/python3.10/site-packages/airflow/example_dags/example_branch_labels.py took 0.077 seconds
[2025-03-10T09:24:55.309+0100] {processor.py:161} INFO - Started process (PID=142754) to work on /home/philip/de_engineering/airflow_projects/airflow1/venv/lib/python3.10/site-packages/airflow/example_dags/example_branch_labels.py
[2025-03-10T09:24:55.310+0100] {processor.py:830} INFO - Processing file /home/philip/de_engineering/airflow_projects/airflow1/venv/lib/python3.10/site-packages/airflow/example_dags/example_branch_labels.py for tasks to queue
[2025-03-10T09:24:55.311+0100] {logging_mixin.py:188} INFO - [2025-03-10T09:24:55.311+0100] {dagbag.py:538} INFO - Filling up the DagBag from /home/philip/de_engineering/airflow_projects/airflow1/venv/lib/python3.10/site-packages/airflow/example_dags/example_branch_labels.py
[2025-03-10T09:24:55.317+0100] {processor.py:840} INFO - DAG(s) 'example_branch_labels' retrieved from /home/philip/de_engineering/airflow_projects/airflow1/venv/lib/python3.10/site-packages/airflow/example_dags/example_branch_labels.py
[2025-03-10T09:24:55.340+0100] {logging_mixin.py:188} INFO - [2025-03-10T09:24:55.340+0100] {dag.py:3036} INFO - Sync 1 DAGs
[2025-03-10T09:24:55.360+0100] {logging_mixin.py:188} INFO - [2025-03-10T09:24:55.360+0100] {dag.py:3823} INFO - Setting next_dagrun for example_branch_labels to 2025-03-09 00:00:00+00:00, run_after=2025-03-10 00:00:00+00:00
[2025-03-10T09:24:55.380+0100] {processor.py:183} INFO - Processing /home/philip/de_engineering/airflow_projects/airflow1/venv/lib/python3.10/site-packages/airflow/example_dags/example_branch_labels.py took 0.075 seconds
[2025-03-10T09:25:25.484+0100] {processor.py:161} INFO - Started process (PID=143139) to work on /home/philip/de_engineering/airflow_projects/airflow1/venv/lib/python3.10/site-packages/airflow/example_dags/example_branch_labels.py
[2025-03-10T09:25:25.485+0100] {processor.py:830} INFO - Processing file /home/philip/de_engineering/airflow_projects/airflow1/venv/lib/python3.10/site-packages/airflow/example_dags/example_branch_labels.py for tasks to queue
[2025-03-10T09:25:25.485+0100] {logging_mixin.py:188} INFO - [2025-03-10T09:25:25.485+0100] {dagbag.py:538} INFO - Filling up the DagBag from /home/philip/de_engineering/airflow_projects/airflow1/venv/lib/python3.10/site-packages/airflow/example_dags/example_branch_labels.py
[2025-03-10T09:25:25.491+0100] {processor.py:840} INFO - DAG(s) 'example_branch_labels' retrieved from /home/philip/de_engineering/airflow_projects/airflow1/venv/lib/python3.10/site-packages/airflow/example_dags/example_branch_labels.py
[2025-03-10T09:25:25.513+0100] {logging_mixin.py:188} INFO - [2025-03-10T09:25:25.513+0100] {dag.py:3036} INFO - Sync 1 DAGs
[2025-03-10T09:25:25.531+0100] {logging_mixin.py:188} INFO - [2025-03-10T09:25:25.530+0100] {dag.py:3823} INFO - Setting next_dagrun for example_branch_labels to 2025-03-09 00:00:00+00:00, run_after=2025-03-10 00:00:00+00:00
[2025-03-10T09:25:25.546+0100] {processor.py:183} INFO - Processing /home/philip/de_engineering/airflow_projects/airflow1/venv/lib/python3.10/site-packages/airflow/example_dags/example_branch_labels.py took 0.064 seconds
[2025-03-10T09:25:55.839+0100] {processor.py:161} INFO - Started process (PID=143514) to work on /home/philip/de_engineering/airflow_projects/airflow1/venv/lib/python3.10/site-packages/airflow/example_dags/example_branch_labels.py
[2025-03-10T09:25:55.842+0100] {processor.py:830} INFO - Processing file /home/philip/de_engineering/airflow_projects/airflow1/venv/lib/python3.10/site-packages/airflow/example_dags/example_branch_labels.py for tasks to queue
[2025-03-10T09:25:55.843+0100] {logging_mixin.py:188} INFO - [2025-03-10T09:25:55.843+0100] {dagbag.py:538} INFO - Filling up the DagBag from /home/philip/de_engineering/airflow_projects/airflow1/venv/lib/python3.10/site-packages/airflow/example_dags/example_branch_labels.py
[2025-03-10T09:25:55.849+0100] {processor.py:840} INFO - DAG(s) 'example_branch_labels' retrieved from /home/philip/de_engineering/airflow_projects/airflow1/venv/lib/python3.10/site-packages/airflow/example_dags/example_branch_labels.py
[2025-03-10T09:25:55.871+0100] {logging_mixin.py:188} INFO - [2025-03-10T09:25:55.871+0100] {dag.py:3036} INFO - Sync 1 DAGs
[2025-03-10T09:25:55.889+0100] {logging_mixin.py:188} INFO - [2025-03-10T09:25:55.889+0100] {dag.py:3823} INFO - Setting next_dagrun for example_branch_labels to 2025-03-09 00:00:00+00:00, run_after=2025-03-10 00:00:00+00:00
[2025-03-10T09:25:55.903+0100] {processor.py:183} INFO - Processing /home/philip/de_engineering/airflow_projects/airflow1/venv/lib/python3.10/site-packages/airflow/example_dags/example_branch_labels.py took 0.067 seconds
[2025-03-10T09:26:26.234+0100] {processor.py:161} INFO - Started process (PID=143894) to work on /home/philip/de_engineering/airflow_projects/airflow1/venv/lib/python3.10/site-packages/airflow/example_dags/example_branch_labels.py
[2025-03-10T09:26:26.235+0100] {processor.py:830} INFO - Processing file /home/philip/de_engineering/airflow_projects/airflow1/venv/lib/python3.10/site-packages/airflow/example_dags/example_branch_labels.py for tasks to queue
[2025-03-10T09:26:26.236+0100] {logging_mixin.py:188} INFO - [2025-03-10T09:26:26.235+0100] {dagbag.py:538} INFO - Filling up the DagBag from /home/philip/de_engineering/airflow_projects/airflow1/venv/lib/python3.10/site-packages/airflow/example_dags/example_branch_labels.py
[2025-03-10T09:26:26.241+0100] {processor.py:840} INFO - DAG(s) 'example_branch_labels' retrieved from /home/philip/de_engineering/airflow_projects/airflow1/venv/lib/python3.10/site-packages/airflow/example_dags/example_branch_labels.py
[2025-03-10T09:26:26.262+0100] {logging_mixin.py:188} INFO - [2025-03-10T09:26:26.262+0100] {dag.py:3036} INFO - Sync 1 DAGs
[2025-03-10T09:26:26.281+0100] {logging_mixin.py:188} INFO - [2025-03-10T09:26:26.281+0100] {dag.py:3823} INFO - Setting next_dagrun for example_branch_labels to 2025-03-09 00:00:00+00:00, run_after=2025-03-10 00:00:00+00:00
[2025-03-10T09:26:26.299+0100] {processor.py:183} INFO - Processing /home/philip/de_engineering/airflow_projects/airflow1/venv/lib/python3.10/site-packages/airflow/example_dags/example_branch_labels.py took 0.067 seconds
[2025-03-10T09:26:56.692+0100] {processor.py:161} INFO - Started process (PID=144269) to work on /home/philip/de_engineering/airflow_projects/airflow1/venv/lib/python3.10/site-packages/airflow/example_dags/example_branch_labels.py
[2025-03-10T09:26:56.693+0100] {processor.py:830} INFO - Processing file /home/philip/de_engineering/airflow_projects/airflow1/venv/lib/python3.10/site-packages/airflow/example_dags/example_branch_labels.py for tasks to queue
[2025-03-10T09:26:56.694+0100] {logging_mixin.py:188} INFO - [2025-03-10T09:26:56.694+0100] {dagbag.py:538} INFO - Filling up the DagBag from /home/philip/de_engineering/airflow_projects/airflow1/venv/lib/python3.10/site-packages/airflow/example_dags/example_branch_labels.py
[2025-03-10T09:26:56.700+0100] {processor.py:840} INFO - DAG(s) 'example_branch_labels' retrieved from /home/philip/de_engineering/airflow_projects/airflow1/venv/lib/python3.10/site-packages/airflow/example_dags/example_branch_labels.py
[2025-03-10T09:26:56.722+0100] {logging_mixin.py:188} INFO - [2025-03-10T09:26:56.722+0100] {dag.py:3036} INFO - Sync 1 DAGs
[2025-03-10T09:26:56.741+0100] {logging_mixin.py:188} INFO - [2025-03-10T09:26:56.740+0100] {dag.py:3823} INFO - Setting next_dagrun for example_branch_labels to 2025-03-09 00:00:00+00:00, run_after=2025-03-10 00:00:00+00:00
[2025-03-10T09:26:56.757+0100] {processor.py:183} INFO - Processing /home/philip/de_engineering/airflow_projects/airflow1/venv/lib/python3.10/site-packages/airflow/example_dags/example_branch_labels.py took 0.068 seconds
[2025-03-10T09:27:26.970+0100] {processor.py:161} INFO - Started process (PID=144649) to work on /home/philip/de_engineering/airflow_projects/airflow1/venv/lib/python3.10/site-packages/airflow/example_dags/example_branch_labels.py
[2025-03-10T09:27:26.971+0100] {processor.py:830} INFO - Processing file /home/philip/de_engineering/airflow_projects/airflow1/venv/lib/python3.10/site-packages/airflow/example_dags/example_branch_labels.py for tasks to queue
[2025-03-10T09:27:26.972+0100] {logging_mixin.py:188} INFO - [2025-03-10T09:27:26.971+0100] {dagbag.py:538} INFO - Filling up the DagBag from /home/philip/de_engineering/airflow_projects/airflow1/venv/lib/python3.10/site-packages/airflow/example_dags/example_branch_labels.py
[2025-03-10T09:27:26.978+0100] {processor.py:840} INFO - DAG(s) 'example_branch_labels' retrieved from /home/philip/de_engineering/airflow_projects/airflow1/venv/lib/python3.10/site-packages/airflow/example_dags/example_branch_labels.py
[2025-03-10T09:27:27.000+0100] {logging_mixin.py:188} INFO - [2025-03-10T09:27:26.999+0100] {dag.py:3036} INFO - Sync 1 DAGs
[2025-03-10T09:27:27.018+0100] {logging_mixin.py:188} INFO - [2025-03-10T09:27:27.018+0100] {dag.py:3823} INFO - Setting next_dagrun for example_branch_labels to 2025-03-09 00:00:00+00:00, run_after=2025-03-10 00:00:00+00:00
[2025-03-10T09:27:27.033+0100] {processor.py:183} INFO - Processing /home/philip/de_engineering/airflow_projects/airflow1/venv/lib/python3.10/site-packages/airflow/example_dags/example_branch_labels.py took 0.066 seconds
[2025-03-10T09:27:57.203+0100] {processor.py:161} INFO - Started process (PID=145030) to work on /home/philip/de_engineering/airflow_projects/airflow1/venv/lib/python3.10/site-packages/airflow/example_dags/example_branch_labels.py
[2025-03-10T09:27:57.204+0100] {processor.py:830} INFO - Processing file /home/philip/de_engineering/airflow_projects/airflow1/venv/lib/python3.10/site-packages/airflow/example_dags/example_branch_labels.py for tasks to queue
[2025-03-10T09:27:57.205+0100] {logging_mixin.py:188} INFO - [2025-03-10T09:27:57.205+0100] {dagbag.py:538} INFO - Filling up the DagBag from /home/philip/de_engineering/airflow_projects/airflow1/venv/lib/python3.10/site-packages/airflow/example_dags/example_branch_labels.py
[2025-03-10T09:27:57.211+0100] {processor.py:840} INFO - DAG(s) 'example_branch_labels' retrieved from /home/philip/de_engineering/airflow_projects/airflow1/venv/lib/python3.10/site-packages/airflow/example_dags/example_branch_labels.py
[2025-03-10T09:27:57.233+0100] {logging_mixin.py:188} INFO - [2025-03-10T09:27:57.233+0100] {dag.py:3036} INFO - Sync 1 DAGs
[2025-03-10T09:27:57.251+0100] {logging_mixin.py:188} INFO - [2025-03-10T09:27:57.251+0100] {dag.py:3823} INFO - Setting next_dagrun for example_branch_labels to 2025-03-09 00:00:00+00:00, run_after=2025-03-10 00:00:00+00:00
[2025-03-10T09:27:57.267+0100] {processor.py:183} INFO - Processing /home/philip/de_engineering/airflow_projects/airflow1/venv/lib/python3.10/site-packages/airflow/example_dags/example_branch_labels.py took 0.067 seconds
[2025-03-10T09:28:27.453+0100] {processor.py:161} INFO - Started process (PID=145404) to work on /home/philip/de_engineering/airflow_projects/airflow1/venv/lib/python3.10/site-packages/airflow/example_dags/example_branch_labels.py
[2025-03-10T09:28:27.454+0100] {processor.py:830} INFO - Processing file /home/philip/de_engineering/airflow_projects/airflow1/venv/lib/python3.10/site-packages/airflow/example_dags/example_branch_labels.py for tasks to queue
[2025-03-10T09:28:27.454+0100] {logging_mixin.py:188} INFO - [2025-03-10T09:28:27.454+0100] {dagbag.py:538} INFO - Filling up the DagBag from /home/philip/de_engineering/airflow_projects/airflow1/venv/lib/python3.10/site-packages/airflow/example_dags/example_branch_labels.py
[2025-03-10T09:28:27.460+0100] {processor.py:840} INFO - DAG(s) 'example_branch_labels' retrieved from /home/philip/de_engineering/airflow_projects/airflow1/venv/lib/python3.10/site-packages/airflow/example_dags/example_branch_labels.py
[2025-03-10T09:28:27.481+0100] {logging_mixin.py:188} INFO - [2025-03-10T09:28:27.481+0100] {dag.py:3036} INFO - Sync 1 DAGs
[2025-03-10T09:28:27.503+0100] {logging_mixin.py:188} INFO - [2025-03-10T09:28:27.503+0100] {dag.py:3823} INFO - Setting next_dagrun for example_branch_labels to 2025-03-09 00:00:00+00:00, run_after=2025-03-10 00:00:00+00:00
[2025-03-10T09:28:27.522+0100] {processor.py:183} INFO - Processing /home/philip/de_engineering/airflow_projects/airflow1/venv/lib/python3.10/site-packages/airflow/example_dags/example_branch_labels.py took 0.072 seconds
[2025-03-10T09:28:57.615+0100] {processor.py:161} INFO - Started process (PID=145787) to work on /home/philip/de_engineering/airflow_projects/airflow1/venv/lib/python3.10/site-packages/airflow/example_dags/example_branch_labels.py
[2025-03-10T09:28:57.616+0100] {processor.py:830} INFO - Processing file /home/philip/de_engineering/airflow_projects/airflow1/venv/lib/python3.10/site-packages/airflow/example_dags/example_branch_labels.py for tasks to queue
[2025-03-10T09:28:57.617+0100] {logging_mixin.py:188} INFO - [2025-03-10T09:28:57.616+0100] {dagbag.py:538} INFO - Filling up the DagBag from /home/philip/de_engineering/airflow_projects/airflow1/venv/lib/python3.10/site-packages/airflow/example_dags/example_branch_labels.py
[2025-03-10T09:28:57.623+0100] {processor.py:840} INFO - DAG(s) 'example_branch_labels' retrieved from /home/philip/de_engineering/airflow_projects/airflow1/venv/lib/python3.10/site-packages/airflow/example_dags/example_branch_labels.py
[2025-03-10T09:28:57.644+0100] {logging_mixin.py:188} INFO - [2025-03-10T09:28:57.644+0100] {dag.py:3036} INFO - Sync 1 DAGs
[2025-03-10T09:28:57.662+0100] {logging_mixin.py:188} INFO - [2025-03-10T09:28:57.662+0100] {dag.py:3823} INFO - Setting next_dagrun for example_branch_labels to 2025-03-09 00:00:00+00:00, run_after=2025-03-10 00:00:00+00:00
[2025-03-10T09:28:57.678+0100] {processor.py:183} INFO - Processing /home/philip/de_engineering/airflow_projects/airflow1/venv/lib/python3.10/site-packages/airflow/example_dags/example_branch_labels.py took 0.067 seconds
[2025-03-10T09:29:27.888+0100] {processor.py:161} INFO - Started process (PID=146161) to work on /home/philip/de_engineering/airflow_projects/airflow1/venv/lib/python3.10/site-packages/airflow/example_dags/example_branch_labels.py
[2025-03-10T09:29:27.889+0100] {processor.py:830} INFO - Processing file /home/philip/de_engineering/airflow_projects/airflow1/venv/lib/python3.10/site-packages/airflow/example_dags/example_branch_labels.py for tasks to queue
[2025-03-10T09:29:27.890+0100] {logging_mixin.py:188} INFO - [2025-03-10T09:29:27.890+0100] {dagbag.py:538} INFO - Filling up the DagBag from /home/philip/de_engineering/airflow_projects/airflow1/venv/lib/python3.10/site-packages/airflow/example_dags/example_branch_labels.py
[2025-03-10T09:29:27.897+0100] {processor.py:840} INFO - DAG(s) 'example_branch_labels' retrieved from /home/philip/de_engineering/airflow_projects/airflow1/venv/lib/python3.10/site-packages/airflow/example_dags/example_branch_labels.py
[2025-03-10T09:29:27.923+0100] {logging_mixin.py:188} INFO - [2025-03-10T09:29:27.923+0100] {dag.py:3036} INFO - Sync 1 DAGs
[2025-03-10T09:29:27.949+0100] {logging_mixin.py:188} INFO - [2025-03-10T09:29:27.949+0100] {dag.py:3823} INFO - Setting next_dagrun for example_branch_labels to 2025-03-09 00:00:00+00:00, run_after=2025-03-10 00:00:00+00:00
[2025-03-10T09:29:27.970+0100] {processor.py:183} INFO - Processing /home/philip/de_engineering/airflow_projects/airflow1/venv/lib/python3.10/site-packages/airflow/example_dags/example_branch_labels.py took 0.084 seconds
[2025-03-10T09:29:58.064+0100] {processor.py:161} INFO - Started process (PID=146542) to work on /home/philip/de_engineering/airflow_projects/airflow1/venv/lib/python3.10/site-packages/airflow/example_dags/example_branch_labels.py
[2025-03-10T09:29:58.065+0100] {processor.py:830} INFO - Processing file /home/philip/de_engineering/airflow_projects/airflow1/venv/lib/python3.10/site-packages/airflow/example_dags/example_branch_labels.py for tasks to queue
[2025-03-10T09:29:58.066+0100] {logging_mixin.py:188} INFO - [2025-03-10T09:29:58.066+0100] {dagbag.py:538} INFO - Filling up the DagBag from /home/philip/de_engineering/airflow_projects/airflow1/venv/lib/python3.10/site-packages/airflow/example_dags/example_branch_labels.py
[2025-03-10T09:29:58.075+0100] {processor.py:840} INFO - DAG(s) 'example_branch_labels' retrieved from /home/philip/de_engineering/airflow_projects/airflow1/venv/lib/python3.10/site-packages/airflow/example_dags/example_branch_labels.py
[2025-03-10T09:29:58.100+0100] {logging_mixin.py:188} INFO - [2025-03-10T09:29:58.100+0100] {dag.py:3036} INFO - Sync 1 DAGs
[2025-03-10T09:29:58.119+0100] {logging_mixin.py:188} INFO - [2025-03-10T09:29:58.119+0100] {dag.py:3823} INFO - Setting next_dagrun for example_branch_labels to 2025-03-09 00:00:00+00:00, run_after=2025-03-10 00:00:00+00:00
[2025-03-10T09:29:58.133+0100] {processor.py:183} INFO - Processing /home/philip/de_engineering/airflow_projects/airflow1/venv/lib/python3.10/site-packages/airflow/example_dags/example_branch_labels.py took 0.072 seconds
[2025-03-10T09:30:28.295+0100] {processor.py:161} INFO - Started process (PID=146917) to work on /home/philip/de_engineering/airflow_projects/airflow1/venv/lib/python3.10/site-packages/airflow/example_dags/example_branch_labels.py
[2025-03-10T09:30:28.296+0100] {processor.py:830} INFO - Processing file /home/philip/de_engineering/airflow_projects/airflow1/venv/lib/python3.10/site-packages/airflow/example_dags/example_branch_labels.py for tasks to queue
[2025-03-10T09:30:28.296+0100] {logging_mixin.py:188} INFO - [2025-03-10T09:30:28.296+0100] {dagbag.py:538} INFO - Filling up the DagBag from /home/philip/de_engineering/airflow_projects/airflow1/venv/lib/python3.10/site-packages/airflow/example_dags/example_branch_labels.py
[2025-03-10T09:30:28.302+0100] {processor.py:840} INFO - DAG(s) 'example_branch_labels' retrieved from /home/philip/de_engineering/airflow_projects/airflow1/venv/lib/python3.10/site-packages/airflow/example_dags/example_branch_labels.py
[2025-03-10T09:30:28.323+0100] {logging_mixin.py:188} INFO - [2025-03-10T09:30:28.323+0100] {dag.py:3036} INFO - Sync 1 DAGs
[2025-03-10T09:30:28.340+0100] {logging_mixin.py:188} INFO - [2025-03-10T09:30:28.340+0100] {dag.py:3823} INFO - Setting next_dagrun for example_branch_labels to 2025-03-09 00:00:00+00:00, run_after=2025-03-10 00:00:00+00:00
[2025-03-10T09:30:28.354+0100] {processor.py:183} INFO - Processing /home/philip/de_engineering/airflow_projects/airflow1/venv/lib/python3.10/site-packages/airflow/example_dags/example_branch_labels.py took 0.062 seconds
[2025-03-10T09:30:58.469+0100] {processor.py:161} INFO - Started process (PID=147298) to work on /home/philip/de_engineering/airflow_projects/airflow1/venv/lib/python3.10/site-packages/airflow/example_dags/example_branch_labels.py
[2025-03-10T09:30:58.470+0100] {processor.py:830} INFO - Processing file /home/philip/de_engineering/airflow_projects/airflow1/venv/lib/python3.10/site-packages/airflow/example_dags/example_branch_labels.py for tasks to queue
[2025-03-10T09:30:58.471+0100] {logging_mixin.py:188} INFO - [2025-03-10T09:30:58.470+0100] {dagbag.py:538} INFO - Filling up the DagBag from /home/philip/de_engineering/airflow_projects/airflow1/venv/lib/python3.10/site-packages/airflow/example_dags/example_branch_labels.py
[2025-03-10T09:30:58.477+0100] {processor.py:840} INFO - DAG(s) 'example_branch_labels' retrieved from /home/philip/de_engineering/airflow_projects/airflow1/venv/lib/python3.10/site-packages/airflow/example_dags/example_branch_labels.py
[2025-03-10T09:30:58.498+0100] {logging_mixin.py:188} INFO - [2025-03-10T09:30:58.498+0100] {dag.py:3036} INFO - Sync 1 DAGs
[2025-03-10T09:30:58.515+0100] {logging_mixin.py:188} INFO - [2025-03-10T09:30:58.515+0100] {dag.py:3823} INFO - Setting next_dagrun for example_branch_labels to 2025-03-09 00:00:00+00:00, run_after=2025-03-10 00:00:00+00:00
[2025-03-10T09:30:58.530+0100] {processor.py:183} INFO - Processing /home/philip/de_engineering/airflow_projects/airflow1/venv/lib/python3.10/site-packages/airflow/example_dags/example_branch_labels.py took 0.064 seconds
[2025-03-10T09:31:28.636+0100] {processor.py:161} INFO - Started process (PID=147672) to work on /home/philip/de_engineering/airflow_projects/airflow1/venv/lib/python3.10/site-packages/airflow/example_dags/example_branch_labels.py
[2025-03-10T09:31:28.637+0100] {processor.py:830} INFO - Processing file /home/philip/de_engineering/airflow_projects/airflow1/venv/lib/python3.10/site-packages/airflow/example_dags/example_branch_labels.py for tasks to queue
[2025-03-10T09:31:28.638+0100] {logging_mixin.py:188} INFO - [2025-03-10T09:31:28.637+0100] {dagbag.py:538} INFO - Filling up the DagBag from /home/philip/de_engineering/airflow_projects/airflow1/venv/lib/python3.10/site-packages/airflow/example_dags/example_branch_labels.py
[2025-03-10T09:31:28.644+0100] {processor.py:840} INFO - DAG(s) 'example_branch_labels' retrieved from /home/philip/de_engineering/airflow_projects/airflow1/venv/lib/python3.10/site-packages/airflow/example_dags/example_branch_labels.py
[2025-03-10T09:31:28.665+0100] {logging_mixin.py:188} INFO - [2025-03-10T09:31:28.665+0100] {dag.py:3036} INFO - Sync 1 DAGs
[2025-03-10T09:31:28.687+0100] {logging_mixin.py:188} INFO - [2025-03-10T09:31:28.687+0100] {dag.py:3823} INFO - Setting next_dagrun for example_branch_labels to 2025-03-09 00:00:00+00:00, run_after=2025-03-10 00:00:00+00:00
[2025-03-10T09:31:28.704+0100] {processor.py:183} INFO - Processing /home/philip/de_engineering/airflow_projects/airflow1/venv/lib/python3.10/site-packages/airflow/example_dags/example_branch_labels.py took 0.070 seconds
[2025-03-10T09:31:58.853+0100] {processor.py:161} INFO - Started process (PID=148053) to work on /home/philip/de_engineering/airflow_projects/airflow1/venv/lib/python3.10/site-packages/airflow/example_dags/example_branch_labels.py
[2025-03-10T09:31:58.854+0100] {processor.py:830} INFO - Processing file /home/philip/de_engineering/airflow_projects/airflow1/venv/lib/python3.10/site-packages/airflow/example_dags/example_branch_labels.py for tasks to queue
[2025-03-10T09:31:58.855+0100] {logging_mixin.py:188} INFO - [2025-03-10T09:31:58.854+0100] {dagbag.py:538} INFO - Filling up the DagBag from /home/philip/de_engineering/airflow_projects/airflow1/venv/lib/python3.10/site-packages/airflow/example_dags/example_branch_labels.py
[2025-03-10T09:31:58.860+0100] {processor.py:840} INFO - DAG(s) 'example_branch_labels' retrieved from /home/philip/de_engineering/airflow_projects/airflow1/venv/lib/python3.10/site-packages/airflow/example_dags/example_branch_labels.py
[2025-03-10T09:31:58.881+0100] {logging_mixin.py:188} INFO - [2025-03-10T09:31:58.881+0100] {dag.py:3036} INFO - Sync 1 DAGs
[2025-03-10T09:31:58.899+0100] {logging_mixin.py:188} INFO - [2025-03-10T09:31:58.898+0100] {dag.py:3823} INFO - Setting next_dagrun for example_branch_labels to 2025-03-09 00:00:00+00:00, run_after=2025-03-10 00:00:00+00:00
[2025-03-10T09:31:58.912+0100] {processor.py:183} INFO - Processing /home/philip/de_engineering/airflow_projects/airflow1/venv/lib/python3.10/site-packages/airflow/example_dags/example_branch_labels.py took 0.063 seconds
[2025-03-10T09:32:29.121+0100] {processor.py:161} INFO - Started process (PID=148429) to work on /home/philip/de_engineering/airflow_projects/airflow1/venv/lib/python3.10/site-packages/airflow/example_dags/example_branch_labels.py
[2025-03-10T09:32:29.122+0100] {processor.py:830} INFO - Processing file /home/philip/de_engineering/airflow_projects/airflow1/venv/lib/python3.10/site-packages/airflow/example_dags/example_branch_labels.py for tasks to queue
[2025-03-10T09:32:29.123+0100] {logging_mixin.py:188} INFO - [2025-03-10T09:32:29.122+0100] {dagbag.py:538} INFO - Filling up the DagBag from /home/philip/de_engineering/airflow_projects/airflow1/venv/lib/python3.10/site-packages/airflow/example_dags/example_branch_labels.py
[2025-03-10T09:32:29.128+0100] {processor.py:840} INFO - DAG(s) 'example_branch_labels' retrieved from /home/philip/de_engineering/airflow_projects/airflow1/venv/lib/python3.10/site-packages/airflow/example_dags/example_branch_labels.py
[2025-03-10T09:32:29.151+0100] {logging_mixin.py:188} INFO - [2025-03-10T09:32:29.151+0100] {dag.py:3036} INFO - Sync 1 DAGs
[2025-03-10T09:32:29.170+0100] {logging_mixin.py:188} INFO - [2025-03-10T09:32:29.169+0100] {dag.py:3823} INFO - Setting next_dagrun for example_branch_labels to 2025-03-09 00:00:00+00:00, run_after=2025-03-10 00:00:00+00:00
[2025-03-10T09:32:29.186+0100] {processor.py:183} INFO - Processing /home/philip/de_engineering/airflow_projects/airflow1/venv/lib/python3.10/site-packages/airflow/example_dags/example_branch_labels.py took 0.068 seconds
[2025-03-10T09:32:59.287+0100] {processor.py:161} INFO - Started process (PID=148808) to work on /home/philip/de_engineering/airflow_projects/airflow1/venv/lib/python3.10/site-packages/airflow/example_dags/example_branch_labels.py
[2025-03-10T09:32:59.288+0100] {processor.py:830} INFO - Processing file /home/philip/de_engineering/airflow_projects/airflow1/venv/lib/python3.10/site-packages/airflow/example_dags/example_branch_labels.py for tasks to queue
[2025-03-10T09:32:59.289+0100] {logging_mixin.py:188} INFO - [2025-03-10T09:32:59.288+0100] {dagbag.py:538} INFO - Filling up the DagBag from /home/philip/de_engineering/airflow_projects/airflow1/venv/lib/python3.10/site-packages/airflow/example_dags/example_branch_labels.py
[2025-03-10T09:32:59.295+0100] {processor.py:840} INFO - DAG(s) 'example_branch_labels' retrieved from /home/philip/de_engineering/airflow_projects/airflow1/venv/lib/python3.10/site-packages/airflow/example_dags/example_branch_labels.py
[2025-03-10T09:32:59.318+0100] {logging_mixin.py:188} INFO - [2025-03-10T09:32:59.317+0100] {dag.py:3036} INFO - Sync 1 DAGs
[2025-03-10T09:32:59.337+0100] {logging_mixin.py:188} INFO - [2025-03-10T09:32:59.337+0100] {dag.py:3823} INFO - Setting next_dagrun for example_branch_labels to 2025-03-09 00:00:00+00:00, run_after=2025-03-10 00:00:00+00:00
[2025-03-10T09:32:59.354+0100] {processor.py:183} INFO - Processing /home/philip/de_engineering/airflow_projects/airflow1/venv/lib/python3.10/site-packages/airflow/example_dags/example_branch_labels.py took 0.069 seconds
[2025-03-10T09:33:29.467+0100] {processor.py:161} INFO - Started process (PID=149184) to work on /home/philip/de_engineering/airflow_projects/airflow1/venv/lib/python3.10/site-packages/airflow/example_dags/example_branch_labels.py
[2025-03-10T09:33:29.467+0100] {processor.py:830} INFO - Processing file /home/philip/de_engineering/airflow_projects/airflow1/venv/lib/python3.10/site-packages/airflow/example_dags/example_branch_labels.py for tasks to queue
[2025-03-10T09:33:29.468+0100] {logging_mixin.py:188} INFO - [2025-03-10T09:33:29.468+0100] {dagbag.py:538} INFO - Filling up the DagBag from /home/philip/de_engineering/airflow_projects/airflow1/venv/lib/python3.10/site-packages/airflow/example_dags/example_branch_labels.py
[2025-03-10T09:33:29.474+0100] {processor.py:840} INFO - DAG(s) 'example_branch_labels' retrieved from /home/philip/de_engineering/airflow_projects/airflow1/venv/lib/python3.10/site-packages/airflow/example_dags/example_branch_labels.py
[2025-03-10T09:33:29.495+0100] {logging_mixin.py:188} INFO - [2025-03-10T09:33:29.495+0100] {dag.py:3036} INFO - Sync 1 DAGs
[2025-03-10T09:33:29.512+0100] {logging_mixin.py:188} INFO - [2025-03-10T09:33:29.512+0100] {dag.py:3823} INFO - Setting next_dagrun for example_branch_labels to 2025-03-09 00:00:00+00:00, run_after=2025-03-10 00:00:00+00:00
[2025-03-10T09:33:29.526+0100] {processor.py:183} INFO - Processing /home/philip/de_engineering/airflow_projects/airflow1/venv/lib/python3.10/site-packages/airflow/example_dags/example_branch_labels.py took 0.063 seconds
[2025-03-10T09:33:59.682+0100] {processor.py:161} INFO - Started process (PID=149565) to work on /home/philip/de_engineering/airflow_projects/airflow1/venv/lib/python3.10/site-packages/airflow/example_dags/example_branch_labels.py
[2025-03-10T09:33:59.683+0100] {processor.py:830} INFO - Processing file /home/philip/de_engineering/airflow_projects/airflow1/venv/lib/python3.10/site-packages/airflow/example_dags/example_branch_labels.py for tasks to queue
[2025-03-10T09:33:59.684+0100] {logging_mixin.py:188} INFO - [2025-03-10T09:33:59.684+0100] {dagbag.py:538} INFO - Filling up the DagBag from /home/philip/de_engineering/airflow_projects/airflow1/venv/lib/python3.10/site-packages/airflow/example_dags/example_branch_labels.py
[2025-03-10T09:33:59.690+0100] {processor.py:840} INFO - DAG(s) 'example_branch_labels' retrieved from /home/philip/de_engineering/airflow_projects/airflow1/venv/lib/python3.10/site-packages/airflow/example_dags/example_branch_labels.py
[2025-03-10T09:33:59.714+0100] {logging_mixin.py:188} INFO - [2025-03-10T09:33:59.714+0100] {dag.py:3036} INFO - Sync 1 DAGs
[2025-03-10T09:33:59.735+0100] {logging_mixin.py:188} INFO - [2025-03-10T09:33:59.734+0100] {dag.py:3823} INFO - Setting next_dagrun for example_branch_labels to 2025-03-09 00:00:00+00:00, run_after=2025-03-10 00:00:00+00:00
[2025-03-10T09:33:59.748+0100] {processor.py:183} INFO - Processing /home/philip/de_engineering/airflow_projects/airflow1/venv/lib/python3.10/site-packages/airflow/example_dags/example_branch_labels.py took 0.069 seconds
[2025-03-10T09:34:29.969+0100] {processor.py:161} INFO - Started process (PID=149945) to work on /home/philip/de_engineering/airflow_projects/airflow1/venv/lib/python3.10/site-packages/airflow/example_dags/example_branch_labels.py
[2025-03-10T09:34:29.970+0100] {processor.py:830} INFO - Processing file /home/philip/de_engineering/airflow_projects/airflow1/venv/lib/python3.10/site-packages/airflow/example_dags/example_branch_labels.py for tasks to queue
[2025-03-10T09:34:29.970+0100] {logging_mixin.py:188} INFO - [2025-03-10T09:34:29.970+0100] {dagbag.py:538} INFO - Filling up the DagBag from /home/philip/de_engineering/airflow_projects/airflow1/venv/lib/python3.10/site-packages/airflow/example_dags/example_branch_labels.py
[2025-03-10T09:34:29.976+0100] {processor.py:840} INFO - DAG(s) 'example_branch_labels' retrieved from /home/philip/de_engineering/airflow_projects/airflow1/venv/lib/python3.10/site-packages/airflow/example_dags/example_branch_labels.py
[2025-03-10T09:34:29.998+0100] {logging_mixin.py:188} INFO - [2025-03-10T09:34:29.998+0100] {dag.py:3036} INFO - Sync 1 DAGs
[2025-03-10T09:34:30.015+0100] {logging_mixin.py:188} INFO - [2025-03-10T09:34:30.015+0100] {dag.py:3823} INFO - Setting next_dagrun for example_branch_labels to 2025-03-09 00:00:00+00:00, run_after=2025-03-10 00:00:00+00:00
[2025-03-10T09:34:30.029+0100] {processor.py:183} INFO - Processing /home/philip/de_engineering/airflow_projects/airflow1/venv/lib/python3.10/site-packages/airflow/example_dags/example_branch_labels.py took 0.063 seconds
[2025-03-10T09:35:00.207+0100] {processor.py:161} INFO - Started process (PID=150322) to work on /home/philip/de_engineering/airflow_projects/airflow1/venv/lib/python3.10/site-packages/airflow/example_dags/example_branch_labels.py
[2025-03-10T09:35:00.208+0100] {processor.py:830} INFO - Processing file /home/philip/de_engineering/airflow_projects/airflow1/venv/lib/python3.10/site-packages/airflow/example_dags/example_branch_labels.py for tasks to queue
[2025-03-10T09:35:00.209+0100] {logging_mixin.py:188} INFO - [2025-03-10T09:35:00.209+0100] {dagbag.py:538} INFO - Filling up the DagBag from /home/philip/de_engineering/airflow_projects/airflow1/venv/lib/python3.10/site-packages/airflow/example_dags/example_branch_labels.py
[2025-03-10T09:35:00.216+0100] {processor.py:840} INFO - DAG(s) 'example_branch_labels' retrieved from /home/philip/de_engineering/airflow_projects/airflow1/venv/lib/python3.10/site-packages/airflow/example_dags/example_branch_labels.py
[2025-03-10T09:35:00.240+0100] {logging_mixin.py:188} INFO - [2025-03-10T09:35:00.240+0100] {dag.py:3036} INFO - Sync 1 DAGs
[2025-03-10T09:35:00.263+0100] {logging_mixin.py:188} INFO - [2025-03-10T09:35:00.262+0100] {dag.py:3823} INFO - Setting next_dagrun for example_branch_labels to 2025-03-09 00:00:00+00:00, run_after=2025-03-10 00:00:00+00:00
[2025-03-10T09:35:00.277+0100] {processor.py:183} INFO - Processing /home/philip/de_engineering/airflow_projects/airflow1/venv/lib/python3.10/site-packages/airflow/example_dags/example_branch_labels.py took 0.073 seconds
[2025-03-10T09:35:30.541+0100] {processor.py:161} INFO - Started process (PID=150708) to work on /home/philip/de_engineering/airflow_projects/airflow1/venv/lib/python3.10/site-packages/airflow/example_dags/example_branch_labels.py
[2025-03-10T09:35:30.542+0100] {processor.py:830} INFO - Processing file /home/philip/de_engineering/airflow_projects/airflow1/venv/lib/python3.10/site-packages/airflow/example_dags/example_branch_labels.py for tasks to queue
[2025-03-10T09:35:30.542+0100] {logging_mixin.py:188} INFO - [2025-03-10T09:35:30.542+0100] {dagbag.py:538} INFO - Filling up the DagBag from /home/philip/de_engineering/airflow_projects/airflow1/venv/lib/python3.10/site-packages/airflow/example_dags/example_branch_labels.py
[2025-03-10T09:35:30.548+0100] {processor.py:840} INFO - DAG(s) 'example_branch_labels' retrieved from /home/philip/de_engineering/airflow_projects/airflow1/venv/lib/python3.10/site-packages/airflow/example_dags/example_branch_labels.py
[2025-03-10T09:35:30.568+0100] {logging_mixin.py:188} INFO - [2025-03-10T09:35:30.568+0100] {dag.py:3036} INFO - Sync 1 DAGs
[2025-03-10T09:35:30.585+0100] {logging_mixin.py:188} INFO - [2025-03-10T09:35:30.585+0100] {dag.py:3823} INFO - Setting next_dagrun for example_branch_labels to 2025-03-09 00:00:00+00:00, run_after=2025-03-10 00:00:00+00:00
[2025-03-10T09:35:30.600+0100] {processor.py:183} INFO - Processing /home/philip/de_engineering/airflow_projects/airflow1/venv/lib/python3.10/site-packages/airflow/example_dags/example_branch_labels.py took 0.061 seconds
[2025-03-10T09:36:00.682+0100] {processor.py:161} INFO - Started process (PID=151079) to work on /home/philip/de_engineering/airflow_projects/airflow1/venv/lib/python3.10/site-packages/airflow/example_dags/example_branch_labels.py
[2025-03-10T09:36:00.683+0100] {processor.py:830} INFO - Processing file /home/philip/de_engineering/airflow_projects/airflow1/venv/lib/python3.10/site-packages/airflow/example_dags/example_branch_labels.py for tasks to queue
[2025-03-10T09:36:00.684+0100] {logging_mixin.py:188} INFO - [2025-03-10T09:36:00.684+0100] {dagbag.py:538} INFO - Filling up the DagBag from /home/philip/de_engineering/airflow_projects/airflow1/venv/lib/python3.10/site-packages/airflow/example_dags/example_branch_labels.py
[2025-03-10T09:36:00.690+0100] {processor.py:840} INFO - DAG(s) 'example_branch_labels' retrieved from /home/philip/de_engineering/airflow_projects/airflow1/venv/lib/python3.10/site-packages/airflow/example_dags/example_branch_labels.py
[2025-03-10T09:36:00.711+0100] {logging_mixin.py:188} INFO - [2025-03-10T09:36:00.711+0100] {dag.py:3036} INFO - Sync 1 DAGs
[2025-03-10T09:36:00.729+0100] {logging_mixin.py:188} INFO - [2025-03-10T09:36:00.729+0100] {dag.py:3823} INFO - Setting next_dagrun for example_branch_labels to 2025-03-09 00:00:00+00:00, run_after=2025-03-10 00:00:00+00:00
[2025-03-10T09:36:00.746+0100] {processor.py:183} INFO - Processing /home/philip/de_engineering/airflow_projects/airflow1/venv/lib/python3.10/site-packages/airflow/example_dags/example_branch_labels.py took 0.066 seconds
