[2025-03-10T09:14:25.112+0100] {processor.py:161} INFO - Started process (PID=136891) to work on /home/philip/de_engineering/airflow_projects/airflow1/venv/lib/python3.10/site-packages/airflow/example_dags/example_skip_dag.py
[2025-03-10T09:14:25.113+0100] {processor.py:830} INFO - Processing file /home/philip/de_engineering/airflow_projects/airflow1/venv/lib/python3.10/site-packages/airflow/example_dags/example_skip_dag.py for tasks to queue
[2025-03-10T09:14:25.114+0100] {logging_mixin.py:188} INFO - [2025-03-10T09:14:25.114+0100] {dagbag.py:538} INFO - Filling up the DagBag from /home/philip/de_engineering/airflow_projects/airflow1/venv/lib/python3.10/site-packages/airflow/example_dags/example_skip_dag.py
[2025-03-10T09:14:25.121+0100] {processor.py:840} INFO - DAG(s) 'example_skip_dag' retrieved from /home/philip/de_engineering/airflow_projects/airflow1/venv/lib/python3.10/site-packages/airflow/example_dags/example_skip_dag.py
[2025-03-10T09:14:25.204+0100] {logging_mixin.py:188} INFO - [2025-03-10T09:14:25.204+0100] {override.py:1769} INFO - Created Permission View: can read on DAG:example_skip_dag
[2025-03-10T09:14:25.212+0100] {logging_mixin.py:188} INFO - [2025-03-10T09:14:25.211+0100] {override.py:1769} INFO - Created Permission View: can delete on DAG:example_skip_dag
[2025-03-10T09:14:25.216+0100] {logging_mixin.py:188} INFO - [2025-03-10T09:14:25.216+0100] {override.py:1769} INFO - Created Permission View: can edit on DAG:example_skip_dag
[2025-03-10T09:14:25.216+0100] {logging_mixin.py:188} INFO - [2025-03-10T09:14:25.216+0100] {dag.py:3036} INFO - Sync 1 DAGs
[2025-03-10T09:14:25.224+0100] {logging_mixin.py:188} INFO - [2025-03-10T09:14:25.224+0100] {dag.py:3058} INFO - Creating ORM DAG for example_skip_dag
[2025-03-10T09:14:25.231+0100] {logging_mixin.py:188} INFO - [2025-03-10T09:14:25.231+0100] {dag.py:3823} INFO - Setting next_dagrun for example_skip_dag to 2025-03-09 00:00:00+00:00, run_after=2025-03-10 00:00:00+00:00
[2025-03-10T09:14:25.244+0100] {processor.py:183} INFO - Processing /home/philip/de_engineering/airflow_projects/airflow1/venv/lib/python3.10/site-packages/airflow/example_dags/example_skip_dag.py took 0.134 seconds
[2025-03-10T09:14:55.931+0100] {processor.py:161} INFO - Started process (PID=137002) to work on /home/philip/de_engineering/airflow_projects/airflow1/venv/lib/python3.10/site-packages/airflow/example_dags/example_skip_dag.py
[2025-03-10T09:14:55.932+0100] {processor.py:830} INFO - Processing file /home/philip/de_engineering/airflow_projects/airflow1/venv/lib/python3.10/site-packages/airflow/example_dags/example_skip_dag.py for tasks to queue
[2025-03-10T09:14:55.933+0100] {logging_mixin.py:188} INFO - [2025-03-10T09:14:55.933+0100] {dagbag.py:538} INFO - Filling up the DagBag from /home/philip/de_engineering/airflow_projects/airflow1/venv/lib/python3.10/site-packages/airflow/example_dags/example_skip_dag.py
[2025-03-10T09:14:55.939+0100] {processor.py:840} INFO - DAG(s) 'example_skip_dag' retrieved from /home/philip/de_engineering/airflow_projects/airflow1/venv/lib/python3.10/site-packages/airflow/example_dags/example_skip_dag.py
[2025-03-10T09:14:55.965+0100] {logging_mixin.py:188} INFO - [2025-03-10T09:14:55.965+0100] {dag.py:3036} INFO - Sync 1 DAGs
[2025-03-10T09:14:55.985+0100] {logging_mixin.py:188} INFO - [2025-03-10T09:14:55.985+0100] {dag.py:3823} INFO - Setting next_dagrun for example_skip_dag to 2025-03-09 00:00:00+00:00, run_after=2025-03-10 00:00:00+00:00
[2025-03-10T09:14:56.004+0100] {processor.py:183} INFO - Processing /home/philip/de_engineering/airflow_projects/airflow1/venv/lib/python3.10/site-packages/airflow/example_dags/example_skip_dag.py took 0.076 seconds
[2025-03-10T09:15:26.093+0100] {processor.py:161} INFO - Started process (PID=137103) to work on /home/philip/de_engineering/airflow_projects/airflow1/venv/lib/python3.10/site-packages/airflow/example_dags/example_skip_dag.py
[2025-03-10T09:15:26.095+0100] {processor.py:830} INFO - Processing file /home/philip/de_engineering/airflow_projects/airflow1/venv/lib/python3.10/site-packages/airflow/example_dags/example_skip_dag.py for tasks to queue
[2025-03-10T09:15:26.095+0100] {logging_mixin.py:188} INFO - [2025-03-10T09:15:26.095+0100] {dagbag.py:538} INFO - Filling up the DagBag from /home/philip/de_engineering/airflow_projects/airflow1/venv/lib/python3.10/site-packages/airflow/example_dags/example_skip_dag.py
[2025-03-10T09:15:26.102+0100] {processor.py:840} INFO - DAG(s) 'example_skip_dag' retrieved from /home/philip/de_engineering/airflow_projects/airflow1/venv/lib/python3.10/site-packages/airflow/example_dags/example_skip_dag.py
[2025-03-10T09:15:26.122+0100] {logging_mixin.py:188} INFO - [2025-03-10T09:15:26.122+0100] {dag.py:3036} INFO - Sync 1 DAGs
[2025-03-10T09:15:26.140+0100] {logging_mixin.py:188} INFO - [2025-03-10T09:15:26.140+0100] {dag.py:3823} INFO - Setting next_dagrun for example_skip_dag to 2025-03-09 00:00:00+00:00, run_after=2025-03-10 00:00:00+00:00
[2025-03-10T09:15:26.155+0100] {processor.py:183} INFO - Processing /home/philip/de_engineering/airflow_projects/airflow1/venv/lib/python3.10/site-packages/airflow/example_dags/example_skip_dag.py took 0.065 seconds
[2025-03-10T09:15:56.586+0100] {processor.py:161} INFO - Started process (PID=137205) to work on /home/philip/de_engineering/airflow_projects/airflow1/venv/lib/python3.10/site-packages/airflow/example_dags/example_skip_dag.py
[2025-03-10T09:15:56.587+0100] {processor.py:830} INFO - Processing file /home/philip/de_engineering/airflow_projects/airflow1/venv/lib/python3.10/site-packages/airflow/example_dags/example_skip_dag.py for tasks to queue
[2025-03-10T09:15:56.588+0100] {logging_mixin.py:188} INFO - [2025-03-10T09:15:56.587+0100] {dagbag.py:538} INFO - Filling up the DagBag from /home/philip/de_engineering/airflow_projects/airflow1/venv/lib/python3.10/site-packages/airflow/example_dags/example_skip_dag.py
[2025-03-10T09:15:56.594+0100] {processor.py:840} INFO - DAG(s) 'example_skip_dag' retrieved from /home/philip/de_engineering/airflow_projects/airflow1/venv/lib/python3.10/site-packages/airflow/example_dags/example_skip_dag.py
[2025-03-10T09:15:56.616+0100] {logging_mixin.py:188} INFO - [2025-03-10T09:15:56.616+0100] {dag.py:3036} INFO - Sync 1 DAGs
[2025-03-10T09:15:56.637+0100] {logging_mixin.py:188} INFO - [2025-03-10T09:15:56.637+0100] {dag.py:3823} INFO - Setting next_dagrun for example_skip_dag to 2025-03-09 00:00:00+00:00, run_after=2025-03-10 00:00:00+00:00
[2025-03-10T09:15:56.654+0100] {processor.py:183} INFO - Processing /home/philip/de_engineering/airflow_projects/airflow1/venv/lib/python3.10/site-packages/airflow/example_dags/example_skip_dag.py took 0.072 seconds
[2025-03-10T09:16:26.892+0100] {processor.py:161} INFO - Started process (PID=137581) to work on /home/philip/de_engineering/airflow_projects/airflow1/venv/lib/python3.10/site-packages/airflow/example_dags/example_skip_dag.py
[2025-03-10T09:16:26.894+0100] {processor.py:830} INFO - Processing file /home/philip/de_engineering/airflow_projects/airflow1/venv/lib/python3.10/site-packages/airflow/example_dags/example_skip_dag.py for tasks to queue
[2025-03-10T09:16:26.895+0100] {logging_mixin.py:188} INFO - [2025-03-10T09:16:26.895+0100] {dagbag.py:538} INFO - Filling up the DagBag from /home/philip/de_engineering/airflow_projects/airflow1/venv/lib/python3.10/site-packages/airflow/example_dags/example_skip_dag.py
[2025-03-10T09:16:26.901+0100] {processor.py:840} INFO - DAG(s) 'example_skip_dag' retrieved from /home/philip/de_engineering/airflow_projects/airflow1/venv/lib/python3.10/site-packages/airflow/example_dags/example_skip_dag.py
[2025-03-10T09:16:26.922+0100] {logging_mixin.py:188} INFO - [2025-03-10T09:16:26.921+0100] {dag.py:3036} INFO - Sync 1 DAGs
[2025-03-10T09:16:26.940+0100] {logging_mixin.py:188} INFO - [2025-03-10T09:16:26.940+0100] {dag.py:3823} INFO - Setting next_dagrun for example_skip_dag to 2025-03-09 00:00:00+00:00, run_after=2025-03-10 00:00:00+00:00
[2025-03-10T09:16:26.955+0100] {processor.py:183} INFO - Processing /home/philip/de_engineering/airflow_projects/airflow1/venv/lib/python3.10/site-packages/airflow/example_dags/example_skip_dag.py took 0.066 seconds
[2025-03-10T09:16:57.009+0100] {processor.py:161} INFO - Started process (PID=137770) to work on /home/philip/de_engineering/airflow_projects/airflow1/venv/lib/python3.10/site-packages/airflow/example_dags/example_skip_dag.py
[2025-03-10T09:16:57.010+0100] {processor.py:830} INFO - Processing file /home/philip/de_engineering/airflow_projects/airflow1/venv/lib/python3.10/site-packages/airflow/example_dags/example_skip_dag.py for tasks to queue
[2025-03-10T09:16:57.011+0100] {logging_mixin.py:188} INFO - [2025-03-10T09:16:57.011+0100] {dagbag.py:538} INFO - Filling up the DagBag from /home/philip/de_engineering/airflow_projects/airflow1/venv/lib/python3.10/site-packages/airflow/example_dags/example_skip_dag.py
[2025-03-10T09:16:57.016+0100] {processor.py:840} INFO - DAG(s) 'example_skip_dag' retrieved from /home/philip/de_engineering/airflow_projects/airflow1/venv/lib/python3.10/site-packages/airflow/example_dags/example_skip_dag.py
[2025-03-10T09:16:57.037+0100] {logging_mixin.py:188} INFO - [2025-03-10T09:16:57.037+0100] {dag.py:3036} INFO - Sync 1 DAGs
[2025-03-10T09:16:57.055+0100] {logging_mixin.py:188} INFO - [2025-03-10T09:16:57.055+0100] {dag.py:3823} INFO - Setting next_dagrun for example_skip_dag to 2025-03-09 00:00:00+00:00, run_after=2025-03-10 00:00:00+00:00
[2025-03-10T09:16:57.070+0100] {processor.py:183} INFO - Processing /home/philip/de_engineering/airflow_projects/airflow1/venv/lib/python3.10/site-packages/airflow/example_dags/example_skip_dag.py took 0.064 seconds
[2025-03-10T09:17:27.353+0100] {processor.py:161} INFO - Started process (PID=137961) to work on /home/philip/de_engineering/airflow_projects/airflow1/venv/lib/python3.10/site-packages/airflow/example_dags/example_skip_dag.py
[2025-03-10T09:17:27.355+0100] {processor.py:830} INFO - Processing file /home/philip/de_engineering/airflow_projects/airflow1/venv/lib/python3.10/site-packages/airflow/example_dags/example_skip_dag.py for tasks to queue
[2025-03-10T09:17:27.355+0100] {logging_mixin.py:188} INFO - [2025-03-10T09:17:27.355+0100] {dagbag.py:538} INFO - Filling up the DagBag from /home/philip/de_engineering/airflow_projects/airflow1/venv/lib/python3.10/site-packages/airflow/example_dags/example_skip_dag.py
[2025-03-10T09:17:27.361+0100] {processor.py:840} INFO - DAG(s) 'example_skip_dag' retrieved from /home/philip/de_engineering/airflow_projects/airflow1/venv/lib/python3.10/site-packages/airflow/example_dags/example_skip_dag.py
[2025-03-10T09:17:27.382+0100] {logging_mixin.py:188} INFO - [2025-03-10T09:17:27.382+0100] {dag.py:3036} INFO - Sync 1 DAGs
[2025-03-10T09:17:27.399+0100] {logging_mixin.py:188} INFO - [2025-03-10T09:17:27.399+0100] {dag.py:3823} INFO - Setting next_dagrun for example_skip_dag to 2025-03-09 00:00:00+00:00, run_after=2025-03-10 00:00:00+00:00
[2025-03-10T09:17:27.413+0100] {processor.py:183} INFO - Processing /home/philip/de_engineering/airflow_projects/airflow1/venv/lib/python3.10/site-packages/airflow/example_dags/example_skip_dag.py took 0.063 seconds
[2025-03-10T09:19:21.936+0100] {processor.py:161} INFO - Started process (PID=138638) to work on /home/philip/de_engineering/airflow_projects/airflow1/venv/lib/python3.10/site-packages/airflow/example_dags/example_skip_dag.py
[2025-03-10T09:19:21.937+0100] {processor.py:830} INFO - Processing file /home/philip/de_engineering/airflow_projects/airflow1/venv/lib/python3.10/site-packages/airflow/example_dags/example_skip_dag.py for tasks to queue
[2025-03-10T09:19:21.937+0100] {logging_mixin.py:188} INFO - [2025-03-10T09:19:21.937+0100] {dagbag.py:538} INFO - Filling up the DagBag from /home/philip/de_engineering/airflow_projects/airflow1/venv/lib/python3.10/site-packages/airflow/example_dags/example_skip_dag.py
[2025-03-10T09:19:21.945+0100] {processor.py:840} INFO - DAG(s) 'example_skip_dag' retrieved from /home/philip/de_engineering/airflow_projects/airflow1/venv/lib/python3.10/site-packages/airflow/example_dags/example_skip_dag.py
[2025-03-10T09:19:22.024+0100] {logging_mixin.py:188} INFO - [2025-03-10T09:19:22.024+0100] {dag.py:3036} INFO - Sync 1 DAGs
[2025-03-10T09:19:22.038+0100] {logging_mixin.py:188} INFO - [2025-03-10T09:19:22.038+0100] {dag.py:3823} INFO - Setting next_dagrun for example_skip_dag to 2025-03-09 00:00:00+00:00, run_after=2025-03-10 00:00:00+00:00
[2025-03-10T09:19:22.053+0100] {processor.py:183} INFO - Processing /home/philip/de_engineering/airflow_projects/airflow1/venv/lib/python3.10/site-packages/airflow/example_dags/example_skip_dag.py took 0.120 seconds
[2025-03-10T09:19:52.097+0100] {processor.py:161} INFO - Started process (PID=138970) to work on /home/philip/de_engineering/airflow_projects/airflow1/venv/lib/python3.10/site-packages/airflow/example_dags/example_skip_dag.py
[2025-03-10T09:19:52.097+0100] {processor.py:830} INFO - Processing file /home/philip/de_engineering/airflow_projects/airflow1/venv/lib/python3.10/site-packages/airflow/example_dags/example_skip_dag.py for tasks to queue
[2025-03-10T09:19:52.098+0100] {logging_mixin.py:188} INFO - [2025-03-10T09:19:52.098+0100] {dagbag.py:538} INFO - Filling up the DagBag from /home/philip/de_engineering/airflow_projects/airflow1/venv/lib/python3.10/site-packages/airflow/example_dags/example_skip_dag.py
[2025-03-10T09:19:52.104+0100] {processor.py:840} INFO - DAG(s) 'example_skip_dag' retrieved from /home/philip/de_engineering/airflow_projects/airflow1/venv/lib/python3.10/site-packages/airflow/example_dags/example_skip_dag.py
[2025-03-10T09:19:52.124+0100] {logging_mixin.py:188} INFO - [2025-03-10T09:19:52.124+0100] {dag.py:3036} INFO - Sync 1 DAGs
[2025-03-10T09:19:52.141+0100] {logging_mixin.py:188} INFO - [2025-03-10T09:19:52.140+0100] {dag.py:3823} INFO - Setting next_dagrun for example_skip_dag to 2025-03-09 00:00:00+00:00, run_after=2025-03-10 00:00:00+00:00
[2025-03-10T09:19:52.155+0100] {processor.py:183} INFO - Processing /home/philip/de_engineering/airflow_projects/airflow1/venv/lib/python3.10/site-packages/airflow/example_dags/example_skip_dag.py took 0.061 seconds
[2025-03-10T09:20:22.294+0100] {processor.py:161} INFO - Started process (PID=139352) to work on /home/philip/de_engineering/airflow_projects/airflow1/venv/lib/python3.10/site-packages/airflow/example_dags/example_skip_dag.py
[2025-03-10T09:20:22.295+0100] {processor.py:830} INFO - Processing file /home/philip/de_engineering/airflow_projects/airflow1/venv/lib/python3.10/site-packages/airflow/example_dags/example_skip_dag.py for tasks to queue
[2025-03-10T09:20:22.296+0100] {logging_mixin.py:188} INFO - [2025-03-10T09:20:22.296+0100] {dagbag.py:538} INFO - Filling up the DagBag from /home/philip/de_engineering/airflow_projects/airflow1/venv/lib/python3.10/site-packages/airflow/example_dags/example_skip_dag.py
[2025-03-10T09:20:22.302+0100] {processor.py:840} INFO - DAG(s) 'example_skip_dag' retrieved from /home/philip/de_engineering/airflow_projects/airflow1/venv/lib/python3.10/site-packages/airflow/example_dags/example_skip_dag.py
[2025-03-10T09:20:22.323+0100] {logging_mixin.py:188} INFO - [2025-03-10T09:20:22.323+0100] {dag.py:3036} INFO - Sync 1 DAGs
[2025-03-10T09:20:22.342+0100] {logging_mixin.py:188} INFO - [2025-03-10T09:20:22.342+0100] {dag.py:3823} INFO - Setting next_dagrun for example_skip_dag to 2025-03-09 00:00:00+00:00, run_after=2025-03-10 00:00:00+00:00
[2025-03-10T09:20:22.360+0100] {processor.py:183} INFO - Processing /home/philip/de_engineering/airflow_projects/airflow1/venv/lib/python3.10/site-packages/airflow/example_dags/example_skip_dag.py took 0.069 seconds
[2025-03-10T09:20:52.977+0100] {processor.py:161} INFO - Started process (PID=139732) to work on /home/philip/de_engineering/airflow_projects/airflow1/venv/lib/python3.10/site-packages/airflow/example_dags/example_skip_dag.py
[2025-03-10T09:20:52.977+0100] {processor.py:830} INFO - Processing file /home/philip/de_engineering/airflow_projects/airflow1/venv/lib/python3.10/site-packages/airflow/example_dags/example_skip_dag.py for tasks to queue
[2025-03-10T09:20:52.978+0100] {logging_mixin.py:188} INFO - [2025-03-10T09:20:52.978+0100] {dagbag.py:538} INFO - Filling up the DagBag from /home/philip/de_engineering/airflow_projects/airflow1/venv/lib/python3.10/site-packages/airflow/example_dags/example_skip_dag.py
[2025-03-10T09:20:52.984+0100] {processor.py:840} INFO - DAG(s) 'example_skip_dag' retrieved from /home/philip/de_engineering/airflow_projects/airflow1/venv/lib/python3.10/site-packages/airflow/example_dags/example_skip_dag.py
[2025-03-10T09:20:53.005+0100] {logging_mixin.py:188} INFO - [2025-03-10T09:20:53.005+0100] {dag.py:3036} INFO - Sync 1 DAGs
[2025-03-10T09:20:53.023+0100] {logging_mixin.py:188} INFO - [2025-03-10T09:20:53.023+0100] {dag.py:3823} INFO - Setting next_dagrun for example_skip_dag to 2025-03-09 00:00:00+00:00, run_after=2025-03-10 00:00:00+00:00
[2025-03-10T09:20:53.037+0100] {processor.py:183} INFO - Processing /home/philip/de_engineering/airflow_projects/airflow1/venv/lib/python3.10/site-packages/airflow/example_dags/example_skip_dag.py took 0.063 seconds
[2025-03-10T09:21:23.386+0100] {processor.py:161} INFO - Started process (PID=140109) to work on /home/philip/de_engineering/airflow_projects/airflow1/venv/lib/python3.10/site-packages/airflow/example_dags/example_skip_dag.py
[2025-03-10T09:21:23.387+0100] {processor.py:830} INFO - Processing file /home/philip/de_engineering/airflow_projects/airflow1/venv/lib/python3.10/site-packages/airflow/example_dags/example_skip_dag.py for tasks to queue
[2025-03-10T09:21:23.388+0100] {logging_mixin.py:188} INFO - [2025-03-10T09:21:23.388+0100] {dagbag.py:538} INFO - Filling up the DagBag from /home/philip/de_engineering/airflow_projects/airflow1/venv/lib/python3.10/site-packages/airflow/example_dags/example_skip_dag.py
[2025-03-10T09:21:23.394+0100] {processor.py:840} INFO - DAG(s) 'example_skip_dag' retrieved from /home/philip/de_engineering/airflow_projects/airflow1/venv/lib/python3.10/site-packages/airflow/example_dags/example_skip_dag.py
[2025-03-10T09:21:23.417+0100] {logging_mixin.py:188} INFO - [2025-03-10T09:21:23.416+0100] {dag.py:3036} INFO - Sync 1 DAGs
[2025-03-10T09:21:23.437+0100] {logging_mixin.py:188} INFO - [2025-03-10T09:21:23.436+0100] {dag.py:3823} INFO - Setting next_dagrun for example_skip_dag to 2025-03-09 00:00:00+00:00, run_after=2025-03-10 00:00:00+00:00
[2025-03-10T09:21:23.452+0100] {processor.py:183} INFO - Processing /home/philip/de_engineering/airflow_projects/airflow1/venv/lib/python3.10/site-packages/airflow/example_dags/example_skip_dag.py took 0.069 seconds
[2025-03-10T09:21:53.624+0100] {processor.py:161} INFO - Started process (PID=140491) to work on /home/philip/de_engineering/airflow_projects/airflow1/venv/lib/python3.10/site-packages/airflow/example_dags/example_skip_dag.py
[2025-03-10T09:21:53.624+0100] {processor.py:830} INFO - Processing file /home/philip/de_engineering/airflow_projects/airflow1/venv/lib/python3.10/site-packages/airflow/example_dags/example_skip_dag.py for tasks to queue
[2025-03-10T09:21:53.625+0100] {logging_mixin.py:188} INFO - [2025-03-10T09:21:53.625+0100] {dagbag.py:538} INFO - Filling up the DagBag from /home/philip/de_engineering/airflow_projects/airflow1/venv/lib/python3.10/site-packages/airflow/example_dags/example_skip_dag.py
[2025-03-10T09:21:53.631+0100] {processor.py:840} INFO - DAG(s) 'example_skip_dag' retrieved from /home/philip/de_engineering/airflow_projects/airflow1/venv/lib/python3.10/site-packages/airflow/example_dags/example_skip_dag.py
[2025-03-10T09:21:53.652+0100] {logging_mixin.py:188} INFO - [2025-03-10T09:21:53.652+0100] {dag.py:3036} INFO - Sync 1 DAGs
[2025-03-10T09:21:53.670+0100] {logging_mixin.py:188} INFO - [2025-03-10T09:21:53.669+0100] {dag.py:3823} INFO - Setting next_dagrun for example_skip_dag to 2025-03-09 00:00:00+00:00, run_after=2025-03-10 00:00:00+00:00
[2025-03-10T09:21:53.685+0100] {processor.py:183} INFO - Processing /home/philip/de_engineering/airflow_projects/airflow1/venv/lib/python3.10/site-packages/airflow/example_dags/example_skip_dag.py took 0.064 seconds
[2025-03-10T09:22:23.865+0100] {processor.py:161} INFO - Started process (PID=140866) to work on /home/philip/de_engineering/airflow_projects/airflow1/venv/lib/python3.10/site-packages/airflow/example_dags/example_skip_dag.py
[2025-03-10T09:22:23.866+0100] {processor.py:830} INFO - Processing file /home/philip/de_engineering/airflow_projects/airflow1/venv/lib/python3.10/site-packages/airflow/example_dags/example_skip_dag.py for tasks to queue
[2025-03-10T09:22:23.867+0100] {logging_mixin.py:188} INFO - [2025-03-10T09:22:23.866+0100] {dagbag.py:538} INFO - Filling up the DagBag from /home/philip/de_engineering/airflow_projects/airflow1/venv/lib/python3.10/site-packages/airflow/example_dags/example_skip_dag.py
[2025-03-10T09:22:23.875+0100] {processor.py:840} INFO - DAG(s) 'example_skip_dag' retrieved from /home/philip/de_engineering/airflow_projects/airflow1/venv/lib/python3.10/site-packages/airflow/example_dags/example_skip_dag.py
[2025-03-10T09:22:23.896+0100] {logging_mixin.py:188} INFO - [2025-03-10T09:22:23.896+0100] {dag.py:3036} INFO - Sync 1 DAGs
[2025-03-10T09:22:23.913+0100] {logging_mixin.py:188} INFO - [2025-03-10T09:22:23.913+0100] {dag.py:3823} INFO - Setting next_dagrun for example_skip_dag to 2025-03-09 00:00:00+00:00, run_after=2025-03-10 00:00:00+00:00
[2025-03-10T09:22:23.926+0100] {processor.py:183} INFO - Processing /home/philip/de_engineering/airflow_projects/airflow1/venv/lib/python3.10/site-packages/airflow/example_dags/example_skip_dag.py took 0.065 seconds
[2025-03-10T09:22:54.054+0100] {processor.py:161} INFO - Started process (PID=141246) to work on /home/philip/de_engineering/airflow_projects/airflow1/venv/lib/python3.10/site-packages/airflow/example_dags/example_skip_dag.py
[2025-03-10T09:22:54.055+0100] {processor.py:830} INFO - Processing file /home/philip/de_engineering/airflow_projects/airflow1/venv/lib/python3.10/site-packages/airflow/example_dags/example_skip_dag.py for tasks to queue
[2025-03-10T09:22:54.056+0100] {logging_mixin.py:188} INFO - [2025-03-10T09:22:54.055+0100] {dagbag.py:538} INFO - Filling up the DagBag from /home/philip/de_engineering/airflow_projects/airflow1/venv/lib/python3.10/site-packages/airflow/example_dags/example_skip_dag.py
[2025-03-10T09:22:54.063+0100] {processor.py:840} INFO - DAG(s) 'example_skip_dag' retrieved from /home/philip/de_engineering/airflow_projects/airflow1/venv/lib/python3.10/site-packages/airflow/example_dags/example_skip_dag.py
[2025-03-10T09:22:54.085+0100] {logging_mixin.py:188} INFO - [2025-03-10T09:22:54.084+0100] {dag.py:3036} INFO - Sync 1 DAGs
[2025-03-10T09:22:54.104+0100] {logging_mixin.py:188} INFO - [2025-03-10T09:22:54.104+0100] {dag.py:3823} INFO - Setting next_dagrun for example_skip_dag to 2025-03-09 00:00:00+00:00, run_after=2025-03-10 00:00:00+00:00
[2025-03-10T09:22:54.122+0100] {processor.py:183} INFO - Processing /home/philip/de_engineering/airflow_projects/airflow1/venv/lib/python3.10/site-packages/airflow/example_dags/example_skip_dag.py took 0.071 seconds
[2025-03-10T09:23:24.275+0100] {processor.py:161} INFO - Started process (PID=141623) to work on /home/philip/de_engineering/airflow_projects/airflow1/venv/lib/python3.10/site-packages/airflow/example_dags/example_skip_dag.py
[2025-03-10T09:23:24.276+0100] {processor.py:830} INFO - Processing file /home/philip/de_engineering/airflow_projects/airflow1/venv/lib/python3.10/site-packages/airflow/example_dags/example_skip_dag.py for tasks to queue
[2025-03-10T09:23:24.277+0100] {logging_mixin.py:188} INFO - [2025-03-10T09:23:24.277+0100] {dagbag.py:538} INFO - Filling up the DagBag from /home/philip/de_engineering/airflow_projects/airflow1/venv/lib/python3.10/site-packages/airflow/example_dags/example_skip_dag.py
[2025-03-10T09:23:24.283+0100] {processor.py:840} INFO - DAG(s) 'example_skip_dag' retrieved from /home/philip/de_engineering/airflow_projects/airflow1/venv/lib/python3.10/site-packages/airflow/example_dags/example_skip_dag.py
[2025-03-10T09:23:24.304+0100] {logging_mixin.py:188} INFO - [2025-03-10T09:23:24.304+0100] {dag.py:3036} INFO - Sync 1 DAGs
[2025-03-10T09:23:24.321+0100] {logging_mixin.py:188} INFO - [2025-03-10T09:23:24.321+0100] {dag.py:3823} INFO - Setting next_dagrun for example_skip_dag to 2025-03-09 00:00:00+00:00, run_after=2025-03-10 00:00:00+00:00
[2025-03-10T09:23:24.335+0100] {processor.py:183} INFO - Processing /home/philip/de_engineering/airflow_projects/airflow1/venv/lib/python3.10/site-packages/airflow/example_dags/example_skip_dag.py took 0.062 seconds
[2025-03-10T09:23:54.717+0100] {processor.py:161} INFO - Started process (PID=142007) to work on /home/philip/de_engineering/airflow_projects/airflow1/venv/lib/python3.10/site-packages/airflow/example_dags/example_skip_dag.py
[2025-03-10T09:23:54.718+0100] {processor.py:830} INFO - Processing file /home/philip/de_engineering/airflow_projects/airflow1/venv/lib/python3.10/site-packages/airflow/example_dags/example_skip_dag.py for tasks to queue
[2025-03-10T09:23:54.719+0100] {logging_mixin.py:188} INFO - [2025-03-10T09:23:54.718+0100] {dagbag.py:538} INFO - Filling up the DagBag from /home/philip/de_engineering/airflow_projects/airflow1/venv/lib/python3.10/site-packages/airflow/example_dags/example_skip_dag.py
[2025-03-10T09:23:54.724+0100] {processor.py:840} INFO - DAG(s) 'example_skip_dag' retrieved from /home/philip/de_engineering/airflow_projects/airflow1/venv/lib/python3.10/site-packages/airflow/example_dags/example_skip_dag.py
[2025-03-10T09:23:54.744+0100] {logging_mixin.py:188} INFO - [2025-03-10T09:23:54.744+0100] {dag.py:3036} INFO - Sync 1 DAGs
[2025-03-10T09:23:54.760+0100] {logging_mixin.py:188} INFO - [2025-03-10T09:23:54.760+0100] {dag.py:3823} INFO - Setting next_dagrun for example_skip_dag to 2025-03-09 00:00:00+00:00, run_after=2025-03-10 00:00:00+00:00
[2025-03-10T09:23:54.773+0100] {processor.py:183} INFO - Processing /home/philip/de_engineering/airflow_projects/airflow1/venv/lib/python3.10/site-packages/airflow/example_dags/example_skip_dag.py took 0.059 seconds
[2025-03-10T09:24:25.006+0100] {processor.py:161} INFO - Started process (PID=142382) to work on /home/philip/de_engineering/airflow_projects/airflow1/venv/lib/python3.10/site-packages/airflow/example_dags/example_skip_dag.py
[2025-03-10T09:24:25.007+0100] {processor.py:830} INFO - Processing file /home/philip/de_engineering/airflow_projects/airflow1/venv/lib/python3.10/site-packages/airflow/example_dags/example_skip_dag.py for tasks to queue
[2025-03-10T09:24:25.008+0100] {logging_mixin.py:188} INFO - [2025-03-10T09:24:25.007+0100] {dagbag.py:538} INFO - Filling up the DagBag from /home/philip/de_engineering/airflow_projects/airflow1/venv/lib/python3.10/site-packages/airflow/example_dags/example_skip_dag.py
[2025-03-10T09:24:25.016+0100] {processor.py:840} INFO - DAG(s) 'example_skip_dag' retrieved from /home/philip/de_engineering/airflow_projects/airflow1/venv/lib/python3.10/site-packages/airflow/example_dags/example_skip_dag.py
[2025-03-10T09:24:25.040+0100] {logging_mixin.py:188} INFO - [2025-03-10T09:24:25.040+0100] {dag.py:3036} INFO - Sync 1 DAGs
[2025-03-10T09:24:25.060+0100] {logging_mixin.py:188} INFO - [2025-03-10T09:24:25.060+0100] {dag.py:3823} INFO - Setting next_dagrun for example_skip_dag to 2025-03-09 00:00:00+00:00, run_after=2025-03-10 00:00:00+00:00
[2025-03-10T09:24:25.074+0100] {processor.py:183} INFO - Processing /home/philip/de_engineering/airflow_projects/airflow1/venv/lib/python3.10/site-packages/airflow/example_dags/example_skip_dag.py took 0.072 seconds
[2025-03-10T09:24:55.376+0100] {processor.py:161} INFO - Started process (PID=142760) to work on /home/philip/de_engineering/airflow_projects/airflow1/venv/lib/python3.10/site-packages/airflow/example_dags/example_skip_dag.py
[2025-03-10T09:24:55.378+0100] {processor.py:830} INFO - Processing file /home/philip/de_engineering/airflow_projects/airflow1/venv/lib/python3.10/site-packages/airflow/example_dags/example_skip_dag.py for tasks to queue
[2025-03-10T09:24:55.379+0100] {logging_mixin.py:188} INFO - [2025-03-10T09:24:55.378+0100] {dagbag.py:538} INFO - Filling up the DagBag from /home/philip/de_engineering/airflow_projects/airflow1/venv/lib/python3.10/site-packages/airflow/example_dags/example_skip_dag.py
[2025-03-10T09:24:55.385+0100] {processor.py:840} INFO - DAG(s) 'example_skip_dag' retrieved from /home/philip/de_engineering/airflow_projects/airflow1/venv/lib/python3.10/site-packages/airflow/example_dags/example_skip_dag.py
[2025-03-10T09:24:55.406+0100] {logging_mixin.py:188} INFO - [2025-03-10T09:24:55.406+0100] {dag.py:3036} INFO - Sync 1 DAGs
[2025-03-10T09:24:55.424+0100] {logging_mixin.py:188} INFO - [2025-03-10T09:24:55.423+0100] {dag.py:3823} INFO - Setting next_dagrun for example_skip_dag to 2025-03-09 00:00:00+00:00, run_after=2025-03-10 00:00:00+00:00
[2025-03-10T09:24:55.438+0100] {processor.py:183} INFO - Processing /home/philip/de_engineering/airflow_projects/airflow1/venv/lib/python3.10/site-packages/airflow/example_dags/example_skip_dag.py took 0.066 seconds
[2025-03-10T09:25:25.548+0100] {processor.py:161} INFO - Started process (PID=143145) to work on /home/philip/de_engineering/airflow_projects/airflow1/venv/lib/python3.10/site-packages/airflow/example_dags/example_skip_dag.py
[2025-03-10T09:25:25.549+0100] {processor.py:830} INFO - Processing file /home/philip/de_engineering/airflow_projects/airflow1/venv/lib/python3.10/site-packages/airflow/example_dags/example_skip_dag.py for tasks to queue
[2025-03-10T09:25:25.550+0100] {logging_mixin.py:188} INFO - [2025-03-10T09:25:25.549+0100] {dagbag.py:538} INFO - Filling up the DagBag from /home/philip/de_engineering/airflow_projects/airflow1/venv/lib/python3.10/site-packages/airflow/example_dags/example_skip_dag.py
[2025-03-10T09:25:25.555+0100] {processor.py:840} INFO - DAG(s) 'example_skip_dag' retrieved from /home/philip/de_engineering/airflow_projects/airflow1/venv/lib/python3.10/site-packages/airflow/example_dags/example_skip_dag.py
[2025-03-10T09:25:25.576+0100] {logging_mixin.py:188} INFO - [2025-03-10T09:25:25.576+0100] {dag.py:3036} INFO - Sync 1 DAGs
[2025-03-10T09:25:25.595+0100] {logging_mixin.py:188} INFO - [2025-03-10T09:25:25.594+0100] {dag.py:3823} INFO - Setting next_dagrun for example_skip_dag to 2025-03-09 00:00:00+00:00, run_after=2025-03-10 00:00:00+00:00
[2025-03-10T09:25:25.608+0100] {processor.py:183} INFO - Processing /home/philip/de_engineering/airflow_projects/airflow1/venv/lib/python3.10/site-packages/airflow/example_dags/example_skip_dag.py took 0.063 seconds
[2025-03-10T09:25:55.866+0100] {processor.py:161} INFO - Started process (PID=143520) to work on /home/philip/de_engineering/airflow_projects/airflow1/venv/lib/python3.10/site-packages/airflow/example_dags/example_skip_dag.py
[2025-03-10T09:25:55.868+0100] {processor.py:830} INFO - Processing file /home/philip/de_engineering/airflow_projects/airflow1/venv/lib/python3.10/site-packages/airflow/example_dags/example_skip_dag.py for tasks to queue
[2025-03-10T09:25:55.868+0100] {logging_mixin.py:188} INFO - [2025-03-10T09:25:55.868+0100] {dagbag.py:538} INFO - Filling up the DagBag from /home/philip/de_engineering/airflow_projects/airflow1/venv/lib/python3.10/site-packages/airflow/example_dags/example_skip_dag.py
[2025-03-10T09:25:55.874+0100] {processor.py:840} INFO - DAG(s) 'example_skip_dag' retrieved from /home/philip/de_engineering/airflow_projects/airflow1/venv/lib/python3.10/site-packages/airflow/example_dags/example_skip_dag.py
[2025-03-10T09:25:55.896+0100] {logging_mixin.py:188} INFO - [2025-03-10T09:25:55.896+0100] {dag.py:3036} INFO - Sync 1 DAGs
[2025-03-10T09:25:55.913+0100] {logging_mixin.py:188} INFO - [2025-03-10T09:25:55.913+0100] {dag.py:3823} INFO - Setting next_dagrun for example_skip_dag to 2025-03-09 00:00:00+00:00, run_after=2025-03-10 00:00:00+00:00
[2025-03-10T09:25:55.927+0100] {processor.py:183} INFO - Processing /home/philip/de_engineering/airflow_projects/airflow1/venv/lib/python3.10/site-packages/airflow/example_dags/example_skip_dag.py took 0.063 seconds
[2025-03-10T09:26:26.296+0100] {processor.py:161} INFO - Started process (PID=143900) to work on /home/philip/de_engineering/airflow_projects/airflow1/venv/lib/python3.10/site-packages/airflow/example_dags/example_skip_dag.py
[2025-03-10T09:26:26.297+0100] {processor.py:830} INFO - Processing file /home/philip/de_engineering/airflow_projects/airflow1/venv/lib/python3.10/site-packages/airflow/example_dags/example_skip_dag.py for tasks to queue
[2025-03-10T09:26:26.297+0100] {logging_mixin.py:188} INFO - [2025-03-10T09:26:26.297+0100] {dagbag.py:538} INFO - Filling up the DagBag from /home/philip/de_engineering/airflow_projects/airflow1/venv/lib/python3.10/site-packages/airflow/example_dags/example_skip_dag.py
[2025-03-10T09:26:26.303+0100] {processor.py:840} INFO - DAG(s) 'example_skip_dag' retrieved from /home/philip/de_engineering/airflow_projects/airflow1/venv/lib/python3.10/site-packages/airflow/example_dags/example_skip_dag.py
[2025-03-10T09:26:26.325+0100] {logging_mixin.py:188} INFO - [2025-03-10T09:26:26.325+0100] {dag.py:3036} INFO - Sync 1 DAGs
[2025-03-10T09:26:26.342+0100] {logging_mixin.py:188} INFO - [2025-03-10T09:26:26.342+0100] {dag.py:3823} INFO - Setting next_dagrun for example_skip_dag to 2025-03-09 00:00:00+00:00, run_after=2025-03-10 00:00:00+00:00
[2025-03-10T09:26:26.356+0100] {processor.py:183} INFO - Processing /home/philip/de_engineering/airflow_projects/airflow1/venv/lib/python3.10/site-packages/airflow/example_dags/example_skip_dag.py took 0.063 seconds
[2025-03-10T09:26:56.753+0100] {processor.py:161} INFO - Started process (PID=144275) to work on /home/philip/de_engineering/airflow_projects/airflow1/venv/lib/python3.10/site-packages/airflow/example_dags/example_skip_dag.py
[2025-03-10T09:26:56.755+0100] {processor.py:830} INFO - Processing file /home/philip/de_engineering/airflow_projects/airflow1/venv/lib/python3.10/site-packages/airflow/example_dags/example_skip_dag.py for tasks to queue
[2025-03-10T09:26:56.756+0100] {logging_mixin.py:188} INFO - [2025-03-10T09:26:56.755+0100] {dagbag.py:538} INFO - Filling up the DagBag from /home/philip/de_engineering/airflow_projects/airflow1/venv/lib/python3.10/site-packages/airflow/example_dags/example_skip_dag.py
[2025-03-10T09:26:56.761+0100] {processor.py:840} INFO - DAG(s) 'example_skip_dag' retrieved from /home/philip/de_engineering/airflow_projects/airflow1/venv/lib/python3.10/site-packages/airflow/example_dags/example_skip_dag.py
[2025-03-10T09:26:56.781+0100] {logging_mixin.py:188} INFO - [2025-03-10T09:26:56.781+0100] {dag.py:3036} INFO - Sync 1 DAGs
[2025-03-10T09:26:56.798+0100] {logging_mixin.py:188} INFO - [2025-03-10T09:26:56.798+0100] {dag.py:3823} INFO - Setting next_dagrun for example_skip_dag to 2025-03-09 00:00:00+00:00, run_after=2025-03-10 00:00:00+00:00
[2025-03-10T09:26:56.813+0100] {processor.py:183} INFO - Processing /home/philip/de_engineering/airflow_projects/airflow1/venv/lib/python3.10/site-packages/airflow/example_dags/example_skip_dag.py took 0.063 seconds
[2025-03-10T09:27:26.995+0100] {processor.py:161} INFO - Started process (PID=144655) to work on /home/philip/de_engineering/airflow_projects/airflow1/venv/lib/python3.10/site-packages/airflow/example_dags/example_skip_dag.py
[2025-03-10T09:27:26.996+0100] {processor.py:830} INFO - Processing file /home/philip/de_engineering/airflow_projects/airflow1/venv/lib/python3.10/site-packages/airflow/example_dags/example_skip_dag.py for tasks to queue
[2025-03-10T09:27:26.996+0100] {logging_mixin.py:188} INFO - [2025-03-10T09:27:26.996+0100] {dagbag.py:538} INFO - Filling up the DagBag from /home/philip/de_engineering/airflow_projects/airflow1/venv/lib/python3.10/site-packages/airflow/example_dags/example_skip_dag.py
[2025-03-10T09:27:27.002+0100] {processor.py:840} INFO - DAG(s) 'example_skip_dag' retrieved from /home/philip/de_engineering/airflow_projects/airflow1/venv/lib/python3.10/site-packages/airflow/example_dags/example_skip_dag.py
[2025-03-10T09:27:27.022+0100] {logging_mixin.py:188} INFO - [2025-03-10T09:27:27.022+0100] {dag.py:3036} INFO - Sync 1 DAGs
[2025-03-10T09:27:27.040+0100] {logging_mixin.py:188} INFO - [2025-03-10T09:27:27.039+0100] {dag.py:3823} INFO - Setting next_dagrun for example_skip_dag to 2025-03-09 00:00:00+00:00, run_after=2025-03-10 00:00:00+00:00
[2025-03-10T09:27:27.054+0100] {processor.py:183} INFO - Processing /home/philip/de_engineering/airflow_projects/airflow1/venv/lib/python3.10/site-packages/airflow/example_dags/example_skip_dag.py took 0.061 seconds
[2025-03-10T09:27:57.226+0100] {processor.py:161} INFO - Started process (PID=145036) to work on /home/philip/de_engineering/airflow_projects/airflow1/venv/lib/python3.10/site-packages/airflow/example_dags/example_skip_dag.py
[2025-03-10T09:27:57.227+0100] {processor.py:830} INFO - Processing file /home/philip/de_engineering/airflow_projects/airflow1/venv/lib/python3.10/site-packages/airflow/example_dags/example_skip_dag.py for tasks to queue
[2025-03-10T09:27:57.228+0100] {logging_mixin.py:188} INFO - [2025-03-10T09:27:57.228+0100] {dagbag.py:538} INFO - Filling up the DagBag from /home/philip/de_engineering/airflow_projects/airflow1/venv/lib/python3.10/site-packages/airflow/example_dags/example_skip_dag.py
[2025-03-10T09:27:57.234+0100] {processor.py:840} INFO - DAG(s) 'example_skip_dag' retrieved from /home/philip/de_engineering/airflow_projects/airflow1/venv/lib/python3.10/site-packages/airflow/example_dags/example_skip_dag.py
[2025-03-10T09:27:57.255+0100] {logging_mixin.py:188} INFO - [2025-03-10T09:27:57.254+0100] {dag.py:3036} INFO - Sync 1 DAGs
[2025-03-10T09:27:57.274+0100] {logging_mixin.py:188} INFO - [2025-03-10T09:27:57.274+0100] {dag.py:3823} INFO - Setting next_dagrun for example_skip_dag to 2025-03-09 00:00:00+00:00, run_after=2025-03-10 00:00:00+00:00
[2025-03-10T09:27:57.289+0100] {processor.py:183} INFO - Processing /home/philip/de_engineering/airflow_projects/airflow1/venv/lib/python3.10/site-packages/airflow/example_dags/example_skip_dag.py took 0.066 seconds
[2025-03-10T09:28:27.517+0100] {processor.py:161} INFO - Started process (PID=145410) to work on /home/philip/de_engineering/airflow_projects/airflow1/venv/lib/python3.10/site-packages/airflow/example_dags/example_skip_dag.py
[2025-03-10T09:28:27.518+0100] {processor.py:830} INFO - Processing file /home/philip/de_engineering/airflow_projects/airflow1/venv/lib/python3.10/site-packages/airflow/example_dags/example_skip_dag.py for tasks to queue
[2025-03-10T09:28:27.519+0100] {logging_mixin.py:188} INFO - [2025-03-10T09:28:27.519+0100] {dagbag.py:538} INFO - Filling up the DagBag from /home/philip/de_engineering/airflow_projects/airflow1/venv/lib/python3.10/site-packages/airflow/example_dags/example_skip_dag.py
[2025-03-10T09:28:27.526+0100] {processor.py:840} INFO - DAG(s) 'example_skip_dag' retrieved from /home/philip/de_engineering/airflow_projects/airflow1/venv/lib/python3.10/site-packages/airflow/example_dags/example_skip_dag.py
[2025-03-10T09:28:27.545+0100] {logging_mixin.py:188} INFO - [2025-03-10T09:28:27.545+0100] {dag.py:3036} INFO - Sync 1 DAGs
[2025-03-10T09:28:27.562+0100] {logging_mixin.py:188} INFO - [2025-03-10T09:28:27.562+0100] {dag.py:3823} INFO - Setting next_dagrun for example_skip_dag to 2025-03-09 00:00:00+00:00, run_after=2025-03-10 00:00:00+00:00
[2025-03-10T09:28:27.575+0100] {processor.py:183} INFO - Processing /home/philip/de_engineering/airflow_projects/airflow1/venv/lib/python3.10/site-packages/airflow/example_dags/example_skip_dag.py took 0.061 seconds
[2025-03-10T09:28:57.680+0100] {processor.py:161} INFO - Started process (PID=145793) to work on /home/philip/de_engineering/airflow_projects/airflow1/venv/lib/python3.10/site-packages/airflow/example_dags/example_skip_dag.py
[2025-03-10T09:28:57.681+0100] {processor.py:830} INFO - Processing file /home/philip/de_engineering/airflow_projects/airflow1/venv/lib/python3.10/site-packages/airflow/example_dags/example_skip_dag.py for tasks to queue
[2025-03-10T09:28:57.682+0100] {logging_mixin.py:188} INFO - [2025-03-10T09:28:57.682+0100] {dagbag.py:538} INFO - Filling up the DagBag from /home/philip/de_engineering/airflow_projects/airflow1/venv/lib/python3.10/site-packages/airflow/example_dags/example_skip_dag.py
[2025-03-10T09:28:57.688+0100] {processor.py:840} INFO - DAG(s) 'example_skip_dag' retrieved from /home/philip/de_engineering/airflow_projects/airflow1/venv/lib/python3.10/site-packages/airflow/example_dags/example_skip_dag.py
[2025-03-10T09:28:57.707+0100] {logging_mixin.py:188} INFO - [2025-03-10T09:28:57.707+0100] {dag.py:3036} INFO - Sync 1 DAGs
[2025-03-10T09:28:57.723+0100] {logging_mixin.py:188} INFO - [2025-03-10T09:28:57.723+0100] {dag.py:3823} INFO - Setting next_dagrun for example_skip_dag to 2025-03-09 00:00:00+00:00, run_after=2025-03-10 00:00:00+00:00
[2025-03-10T09:28:57.741+0100] {processor.py:183} INFO - Processing /home/philip/de_engineering/airflow_projects/airflow1/venv/lib/python3.10/site-packages/airflow/example_dags/example_skip_dag.py took 0.064 seconds
[2025-03-10T09:29:27.956+0100] {processor.py:161} INFO - Started process (PID=146167) to work on /home/philip/de_engineering/airflow_projects/airflow1/venv/lib/python3.10/site-packages/airflow/example_dags/example_skip_dag.py
[2025-03-10T09:29:27.957+0100] {processor.py:830} INFO - Processing file /home/philip/de_engineering/airflow_projects/airflow1/venv/lib/python3.10/site-packages/airflow/example_dags/example_skip_dag.py for tasks to queue
[2025-03-10T09:29:27.958+0100] {logging_mixin.py:188} INFO - [2025-03-10T09:29:27.958+0100] {dagbag.py:538} INFO - Filling up the DagBag from /home/philip/de_engineering/airflow_projects/airflow1/venv/lib/python3.10/site-packages/airflow/example_dags/example_skip_dag.py
[2025-03-10T09:29:27.966+0100] {processor.py:840} INFO - DAG(s) 'example_skip_dag' retrieved from /home/philip/de_engineering/airflow_projects/airflow1/venv/lib/python3.10/site-packages/airflow/example_dags/example_skip_dag.py
[2025-03-10T09:29:27.989+0100] {logging_mixin.py:188} INFO - [2025-03-10T09:29:27.989+0100] {dag.py:3036} INFO - Sync 1 DAGs
[2025-03-10T09:29:28.008+0100] {logging_mixin.py:188} INFO - [2025-03-10T09:29:28.008+0100] {dag.py:3823} INFO - Setting next_dagrun for example_skip_dag to 2025-03-09 00:00:00+00:00, run_after=2025-03-10 00:00:00+00:00
[2025-03-10T09:29:28.022+0100] {processor.py:183} INFO - Processing /home/philip/de_engineering/airflow_projects/airflow1/venv/lib/python3.10/site-packages/airflow/example_dags/example_skip_dag.py took 0.070 seconds
[2025-03-10T09:29:58.136+0100] {processor.py:161} INFO - Started process (PID=146548) to work on /home/philip/de_engineering/airflow_projects/airflow1/venv/lib/python3.10/site-packages/airflow/example_dags/example_skip_dag.py
[2025-03-10T09:29:58.138+0100] {processor.py:830} INFO - Processing file /home/philip/de_engineering/airflow_projects/airflow1/venv/lib/python3.10/site-packages/airflow/example_dags/example_skip_dag.py for tasks to queue
[2025-03-10T09:29:58.138+0100] {logging_mixin.py:188} INFO - [2025-03-10T09:29:58.138+0100] {dagbag.py:538} INFO - Filling up the DagBag from /home/philip/de_engineering/airflow_projects/airflow1/venv/lib/python3.10/site-packages/airflow/example_dags/example_skip_dag.py
[2025-03-10T09:29:58.145+0100] {processor.py:840} INFO - DAG(s) 'example_skip_dag' retrieved from /home/philip/de_engineering/airflow_projects/airflow1/venv/lib/python3.10/site-packages/airflow/example_dags/example_skip_dag.py
[2025-03-10T09:29:58.164+0100] {logging_mixin.py:188} INFO - [2025-03-10T09:29:58.164+0100] {dag.py:3036} INFO - Sync 1 DAGs
[2025-03-10T09:29:58.180+0100] {logging_mixin.py:188} INFO - [2025-03-10T09:29:58.180+0100] {dag.py:3823} INFO - Setting next_dagrun for example_skip_dag to 2025-03-09 00:00:00+00:00, run_after=2025-03-10 00:00:00+00:00
[2025-03-10T09:29:58.194+0100] {processor.py:183} INFO - Processing /home/philip/de_engineering/airflow_projects/airflow1/venv/lib/python3.10/site-packages/airflow/example_dags/example_skip_dag.py took 0.061 seconds
[2025-03-10T09:30:28.358+0100] {processor.py:161} INFO - Started process (PID=146923) to work on /home/philip/de_engineering/airflow_projects/airflow1/venv/lib/python3.10/site-packages/airflow/example_dags/example_skip_dag.py
[2025-03-10T09:30:28.359+0100] {processor.py:830} INFO - Processing file /home/philip/de_engineering/airflow_projects/airflow1/venv/lib/python3.10/site-packages/airflow/example_dags/example_skip_dag.py for tasks to queue
[2025-03-10T09:30:28.359+0100] {logging_mixin.py:188} INFO - [2025-03-10T09:30:28.359+0100] {dagbag.py:538} INFO - Filling up the DagBag from /home/philip/de_engineering/airflow_projects/airflow1/venv/lib/python3.10/site-packages/airflow/example_dags/example_skip_dag.py
[2025-03-10T09:30:28.365+0100] {processor.py:840} INFO - DAG(s) 'example_skip_dag' retrieved from /home/philip/de_engineering/airflow_projects/airflow1/venv/lib/python3.10/site-packages/airflow/example_dags/example_skip_dag.py
[2025-03-10T09:30:28.385+0100] {logging_mixin.py:188} INFO - [2025-03-10T09:30:28.385+0100] {dag.py:3036} INFO - Sync 1 DAGs
[2025-03-10T09:30:28.402+0100] {logging_mixin.py:188} INFO - [2025-03-10T09:30:28.401+0100] {dag.py:3823} INFO - Setting next_dagrun for example_skip_dag to 2025-03-09 00:00:00+00:00, run_after=2025-03-10 00:00:00+00:00
[2025-03-10T09:30:28.415+0100] {processor.py:183} INFO - Processing /home/philip/de_engineering/airflow_projects/airflow1/venv/lib/python3.10/site-packages/airflow/example_dags/example_skip_dag.py took 0.060 seconds
[2025-03-10T09:30:58.529+0100] {processor.py:161} INFO - Started process (PID=147304) to work on /home/philip/de_engineering/airflow_projects/airflow1/venv/lib/python3.10/site-packages/airflow/example_dags/example_skip_dag.py
[2025-03-10T09:30:58.530+0100] {processor.py:830} INFO - Processing file /home/philip/de_engineering/airflow_projects/airflow1/venv/lib/python3.10/site-packages/airflow/example_dags/example_skip_dag.py for tasks to queue
[2025-03-10T09:30:58.531+0100] {logging_mixin.py:188} INFO - [2025-03-10T09:30:58.531+0100] {dagbag.py:538} INFO - Filling up the DagBag from /home/philip/de_engineering/airflow_projects/airflow1/venv/lib/python3.10/site-packages/airflow/example_dags/example_skip_dag.py
[2025-03-10T09:30:58.537+0100] {processor.py:840} INFO - DAG(s) 'example_skip_dag' retrieved from /home/philip/de_engineering/airflow_projects/airflow1/venv/lib/python3.10/site-packages/airflow/example_dags/example_skip_dag.py
[2025-03-10T09:30:58.557+0100] {logging_mixin.py:188} INFO - [2025-03-10T09:30:58.557+0100] {dag.py:3036} INFO - Sync 1 DAGs
[2025-03-10T09:30:58.573+0100] {logging_mixin.py:188} INFO - [2025-03-10T09:30:58.573+0100] {dag.py:3823} INFO - Setting next_dagrun for example_skip_dag to 2025-03-09 00:00:00+00:00, run_after=2025-03-10 00:00:00+00:00
[2025-03-10T09:30:58.587+0100] {processor.py:183} INFO - Processing /home/philip/de_engineering/airflow_projects/airflow1/venv/lib/python3.10/site-packages/airflow/example_dags/example_skip_dag.py took 0.061 seconds
[2025-03-10T09:31:28.696+0100] {processor.py:161} INFO - Started process (PID=147678) to work on /home/philip/de_engineering/airflow_projects/airflow1/venv/lib/python3.10/site-packages/airflow/example_dags/example_skip_dag.py
[2025-03-10T09:31:28.697+0100] {processor.py:830} INFO - Processing file /home/philip/de_engineering/airflow_projects/airflow1/venv/lib/python3.10/site-packages/airflow/example_dags/example_skip_dag.py for tasks to queue
[2025-03-10T09:31:28.697+0100] {logging_mixin.py:188} INFO - [2025-03-10T09:31:28.697+0100] {dagbag.py:538} INFO - Filling up the DagBag from /home/philip/de_engineering/airflow_projects/airflow1/venv/lib/python3.10/site-packages/airflow/example_dags/example_skip_dag.py
[2025-03-10T09:31:28.703+0100] {processor.py:840} INFO - DAG(s) 'example_skip_dag' retrieved from /home/philip/de_engineering/airflow_projects/airflow1/venv/lib/python3.10/site-packages/airflow/example_dags/example_skip_dag.py
[2025-03-10T09:31:28.726+0100] {logging_mixin.py:188} INFO - [2025-03-10T09:31:28.726+0100] {dag.py:3036} INFO - Sync 1 DAGs
[2025-03-10T09:31:28.743+0100] {logging_mixin.py:188} INFO - [2025-03-10T09:31:28.743+0100] {dag.py:3823} INFO - Setting next_dagrun for example_skip_dag to 2025-03-09 00:00:00+00:00, run_after=2025-03-10 00:00:00+00:00
[2025-03-10T09:31:28.757+0100] {processor.py:183} INFO - Processing /home/philip/de_engineering/airflow_projects/airflow1/venv/lib/python3.10/site-packages/airflow/example_dags/example_skip_dag.py took 0.065 seconds
[2025-03-10T09:31:58.870+0100] {processor.py:161} INFO - Started process (PID=148058) to work on /home/philip/de_engineering/airflow_projects/airflow1/venv/lib/python3.10/site-packages/airflow/example_dags/example_skip_dag.py
[2025-03-10T09:31:58.872+0100] {processor.py:830} INFO - Processing file /home/philip/de_engineering/airflow_projects/airflow1/venv/lib/python3.10/site-packages/airflow/example_dags/example_skip_dag.py for tasks to queue
[2025-03-10T09:31:58.872+0100] {logging_mixin.py:188} INFO - [2025-03-10T09:31:58.872+0100] {dagbag.py:538} INFO - Filling up the DagBag from /home/philip/de_engineering/airflow_projects/airflow1/venv/lib/python3.10/site-packages/airflow/example_dags/example_skip_dag.py
[2025-03-10T09:31:58.878+0100] {processor.py:840} INFO - DAG(s) 'example_skip_dag' retrieved from /home/philip/de_engineering/airflow_projects/airflow1/venv/lib/python3.10/site-packages/airflow/example_dags/example_skip_dag.py
[2025-03-10T09:31:58.899+0100] {logging_mixin.py:188} INFO - [2025-03-10T09:31:58.898+0100] {dag.py:3036} INFO - Sync 1 DAGs
[2025-03-10T09:31:58.916+0100] {logging_mixin.py:188} INFO - [2025-03-10T09:31:58.916+0100] {dag.py:3823} INFO - Setting next_dagrun for example_skip_dag to 2025-03-09 00:00:00+00:00, run_after=2025-03-10 00:00:00+00:00
[2025-03-10T09:31:58.930+0100] {processor.py:183} INFO - Processing /home/philip/de_engineering/airflow_projects/airflow1/venv/lib/python3.10/site-packages/airflow/example_dags/example_skip_dag.py took 0.062 seconds
[2025-03-10T09:32:29.125+0100] {processor.py:161} INFO - Started process (PID=148432) to work on /home/philip/de_engineering/airflow_projects/airflow1/venv/lib/python3.10/site-packages/airflow/example_dags/example_skip_dag.py
[2025-03-10T09:32:29.126+0100] {processor.py:830} INFO - Processing file /home/philip/de_engineering/airflow_projects/airflow1/venv/lib/python3.10/site-packages/airflow/example_dags/example_skip_dag.py for tasks to queue
[2025-03-10T09:32:29.127+0100] {logging_mixin.py:188} INFO - [2025-03-10T09:32:29.126+0100] {dagbag.py:538} INFO - Filling up the DagBag from /home/philip/de_engineering/airflow_projects/airflow1/venv/lib/python3.10/site-packages/airflow/example_dags/example_skip_dag.py
[2025-03-10T09:32:29.132+0100] {processor.py:840} INFO - DAG(s) 'example_skip_dag' retrieved from /home/philip/de_engineering/airflow_projects/airflow1/venv/lib/python3.10/site-packages/airflow/example_dags/example_skip_dag.py
[2025-03-10T09:32:29.153+0100] {logging_mixin.py:188} INFO - [2025-03-10T09:32:29.153+0100] {dag.py:3036} INFO - Sync 1 DAGs
[2025-03-10T09:32:29.170+0100] {logging_mixin.py:188} INFO - [2025-03-10T09:32:29.170+0100] {dag.py:3823} INFO - Setting next_dagrun for example_skip_dag to 2025-03-09 00:00:00+00:00, run_after=2025-03-10 00:00:00+00:00
[2025-03-10T09:32:29.186+0100] {processor.py:183} INFO - Processing /home/philip/de_engineering/airflow_projects/airflow1/venv/lib/python3.10/site-packages/airflow/example_dags/example_skip_dag.py took 0.064 seconds
[2025-03-10T09:32:59.324+0100] {processor.py:161} INFO - Started process (PID=148814) to work on /home/philip/de_engineering/airflow_projects/airflow1/venv/lib/python3.10/site-packages/airflow/example_dags/example_skip_dag.py
[2025-03-10T09:32:59.325+0100] {processor.py:830} INFO - Processing file /home/philip/de_engineering/airflow_projects/airflow1/venv/lib/python3.10/site-packages/airflow/example_dags/example_skip_dag.py for tasks to queue
[2025-03-10T09:32:59.326+0100] {logging_mixin.py:188} INFO - [2025-03-10T09:32:59.326+0100] {dagbag.py:538} INFO - Filling up the DagBag from /home/philip/de_engineering/airflow_projects/airflow1/venv/lib/python3.10/site-packages/airflow/example_dags/example_skip_dag.py
[2025-03-10T09:32:59.331+0100] {processor.py:840} INFO - DAG(s) 'example_skip_dag' retrieved from /home/philip/de_engineering/airflow_projects/airflow1/venv/lib/python3.10/site-packages/airflow/example_dags/example_skip_dag.py
[2025-03-10T09:32:59.354+0100] {logging_mixin.py:188} INFO - [2025-03-10T09:32:59.354+0100] {dag.py:3036} INFO - Sync 1 DAGs
[2025-03-10T09:32:59.376+0100] {logging_mixin.py:188} INFO - [2025-03-10T09:32:59.376+0100] {dag.py:3823} INFO - Setting next_dagrun for example_skip_dag to 2025-03-09 00:00:00+00:00, run_after=2025-03-10 00:00:00+00:00
[2025-03-10T09:32:59.395+0100] {processor.py:183} INFO - Processing /home/philip/de_engineering/airflow_projects/airflow1/venv/lib/python3.10/site-packages/airflow/example_dags/example_skip_dag.py took 0.074 seconds
[2025-03-10T09:33:29.529+0100] {processor.py:161} INFO - Started process (PID=149193) to work on /home/philip/de_engineering/airflow_projects/airflow1/venv/lib/python3.10/site-packages/airflow/example_dags/example_skip_dag.py
[2025-03-10T09:33:29.530+0100] {processor.py:830} INFO - Processing file /home/philip/de_engineering/airflow_projects/airflow1/venv/lib/python3.10/site-packages/airflow/example_dags/example_skip_dag.py for tasks to queue
[2025-03-10T09:33:29.531+0100] {logging_mixin.py:188} INFO - [2025-03-10T09:33:29.531+0100] {dagbag.py:538} INFO - Filling up the DagBag from /home/philip/de_engineering/airflow_projects/airflow1/venv/lib/python3.10/site-packages/airflow/example_dags/example_skip_dag.py
[2025-03-10T09:33:29.536+0100] {processor.py:840} INFO - DAG(s) 'example_skip_dag' retrieved from /home/philip/de_engineering/airflow_projects/airflow1/venv/lib/python3.10/site-packages/airflow/example_dags/example_skip_dag.py
[2025-03-10T09:33:29.555+0100] {logging_mixin.py:188} INFO - [2025-03-10T09:33:29.555+0100] {dag.py:3036} INFO - Sync 1 DAGs
[2025-03-10T09:33:29.571+0100] {logging_mixin.py:188} INFO - [2025-03-10T09:33:29.571+0100] {dag.py:3823} INFO - Setting next_dagrun for example_skip_dag to 2025-03-09 00:00:00+00:00, run_after=2025-03-10 00:00:00+00:00
[2025-03-10T09:33:29.586+0100] {processor.py:183} INFO - Processing /home/philip/de_engineering/airflow_projects/airflow1/venv/lib/python3.10/site-packages/airflow/example_dags/example_skip_dag.py took 0.061 seconds
[2025-03-10T09:33:59.751+0100] {processor.py:161} INFO - Started process (PID=149571) to work on /home/philip/de_engineering/airflow_projects/airflow1/venv/lib/python3.10/site-packages/airflow/example_dags/example_skip_dag.py
[2025-03-10T09:33:59.752+0100] {processor.py:830} INFO - Processing file /home/philip/de_engineering/airflow_projects/airflow1/venv/lib/python3.10/site-packages/airflow/example_dags/example_skip_dag.py for tasks to queue
[2025-03-10T09:33:59.752+0100] {logging_mixin.py:188} INFO - [2025-03-10T09:33:59.752+0100] {dagbag.py:538} INFO - Filling up the DagBag from /home/philip/de_engineering/airflow_projects/airflow1/venv/lib/python3.10/site-packages/airflow/example_dags/example_skip_dag.py
[2025-03-10T09:33:59.758+0100] {processor.py:840} INFO - DAG(s) 'example_skip_dag' retrieved from /home/philip/de_engineering/airflow_projects/airflow1/venv/lib/python3.10/site-packages/airflow/example_dags/example_skip_dag.py
[2025-03-10T09:33:59.777+0100] {logging_mixin.py:188} INFO - [2025-03-10T09:33:59.777+0100] {dag.py:3036} INFO - Sync 1 DAGs
[2025-03-10T09:33:59.794+0100] {logging_mixin.py:188} INFO - [2025-03-10T09:33:59.793+0100] {dag.py:3823} INFO - Setting next_dagrun for example_skip_dag to 2025-03-09 00:00:00+00:00, run_after=2025-03-10 00:00:00+00:00
[2025-03-10T09:33:59.807+0100] {processor.py:183} INFO - Processing /home/philip/de_engineering/airflow_projects/airflow1/venv/lib/python3.10/site-packages/airflow/example_dags/example_skip_dag.py took 0.059 seconds
[2025-03-10T09:34:29.993+0100] {processor.py:161} INFO - Started process (PID=149951) to work on /home/philip/de_engineering/airflow_projects/airflow1/venv/lib/python3.10/site-packages/airflow/example_dags/example_skip_dag.py
[2025-03-10T09:34:29.993+0100] {processor.py:830} INFO - Processing file /home/philip/de_engineering/airflow_projects/airflow1/venv/lib/python3.10/site-packages/airflow/example_dags/example_skip_dag.py for tasks to queue
[2025-03-10T09:34:29.994+0100] {logging_mixin.py:188} INFO - [2025-03-10T09:34:29.994+0100] {dagbag.py:538} INFO - Filling up the DagBag from /home/philip/de_engineering/airflow_projects/airflow1/venv/lib/python3.10/site-packages/airflow/example_dags/example_skip_dag.py
[2025-03-10T09:34:29.999+0100] {processor.py:840} INFO - DAG(s) 'example_skip_dag' retrieved from /home/philip/de_engineering/airflow_projects/airflow1/venv/lib/python3.10/site-packages/airflow/example_dags/example_skip_dag.py
[2025-03-10T09:34:30.020+0100] {logging_mixin.py:188} INFO - [2025-03-10T09:34:30.020+0100] {dag.py:3036} INFO - Sync 1 DAGs
[2025-03-10T09:34:30.037+0100] {logging_mixin.py:188} INFO - [2025-03-10T09:34:30.037+0100] {dag.py:3823} INFO - Setting next_dagrun for example_skip_dag to 2025-03-09 00:00:00+00:00, run_after=2025-03-10 00:00:00+00:00
[2025-03-10T09:34:30.051+0100] {processor.py:183} INFO - Processing /home/philip/de_engineering/airflow_projects/airflow1/venv/lib/python3.10/site-packages/airflow/example_dags/example_skip_dag.py took 0.061 seconds
[2025-03-10T09:35:00.230+0100] {processor.py:161} INFO - Started process (PID=150328) to work on /home/philip/de_engineering/airflow_projects/airflow1/venv/lib/python3.10/site-packages/airflow/example_dags/example_skip_dag.py
[2025-03-10T09:35:00.231+0100] {processor.py:830} INFO - Processing file /home/philip/de_engineering/airflow_projects/airflow1/venv/lib/python3.10/site-packages/airflow/example_dags/example_skip_dag.py for tasks to queue
[2025-03-10T09:35:00.232+0100] {logging_mixin.py:188} INFO - [2025-03-10T09:35:00.232+0100] {dagbag.py:538} INFO - Filling up the DagBag from /home/philip/de_engineering/airflow_projects/airflow1/venv/lib/python3.10/site-packages/airflow/example_dags/example_skip_dag.py
[2025-03-10T09:35:00.238+0100] {processor.py:840} INFO - DAG(s) 'example_skip_dag' retrieved from /home/philip/de_engineering/airflow_projects/airflow1/venv/lib/python3.10/site-packages/airflow/example_dags/example_skip_dag.py
[2025-03-10T09:35:00.262+0100] {logging_mixin.py:188} INFO - [2025-03-10T09:35:00.262+0100] {dag.py:3036} INFO - Sync 1 DAGs
[2025-03-10T09:35:00.283+0100] {logging_mixin.py:188} INFO - [2025-03-10T09:35:00.282+0100] {dag.py:3823} INFO - Setting next_dagrun for example_skip_dag to 2025-03-09 00:00:00+00:00, run_after=2025-03-10 00:00:00+00:00
[2025-03-10T09:35:00.297+0100] {processor.py:183} INFO - Processing /home/philip/de_engineering/airflow_projects/airflow1/venv/lib/python3.10/site-packages/airflow/example_dags/example_skip_dag.py took 0.069 seconds
[2025-03-10T09:35:30.550+0100] {processor.py:161} INFO - Started process (PID=150711) to work on /home/philip/de_engineering/airflow_projects/airflow1/venv/lib/python3.10/site-packages/airflow/example_dags/example_skip_dag.py
[2025-03-10T09:35:30.550+0100] {processor.py:830} INFO - Processing file /home/philip/de_engineering/airflow_projects/airflow1/venv/lib/python3.10/site-packages/airflow/example_dags/example_skip_dag.py for tasks to queue
[2025-03-10T09:35:30.551+0100] {logging_mixin.py:188} INFO - [2025-03-10T09:35:30.551+0100] {dagbag.py:538} INFO - Filling up the DagBag from /home/philip/de_engineering/airflow_projects/airflow1/venv/lib/python3.10/site-packages/airflow/example_dags/example_skip_dag.py
[2025-03-10T09:35:30.557+0100] {processor.py:840} INFO - DAG(s) 'example_skip_dag' retrieved from /home/philip/de_engineering/airflow_projects/airflow1/venv/lib/python3.10/site-packages/airflow/example_dags/example_skip_dag.py
[2025-03-10T09:35:30.577+0100] {logging_mixin.py:188} INFO - [2025-03-10T09:35:30.577+0100] {dag.py:3036} INFO - Sync 1 DAGs
[2025-03-10T09:35:30.595+0100] {logging_mixin.py:188} INFO - [2025-03-10T09:35:30.595+0100] {dag.py:3823} INFO - Setting next_dagrun for example_skip_dag to 2025-03-09 00:00:00+00:00, run_after=2025-03-10 00:00:00+00:00
[2025-03-10T09:35:30.611+0100] {processor.py:183} INFO - Processing /home/philip/de_engineering/airflow_projects/airflow1/venv/lib/python3.10/site-packages/airflow/example_dags/example_skip_dag.py took 0.064 seconds
[2025-03-10T09:36:00.749+0100] {processor.py:161} INFO - Started process (PID=151086) to work on /home/philip/de_engineering/airflow_projects/airflow1/venv/lib/python3.10/site-packages/airflow/example_dags/example_skip_dag.py
[2025-03-10T09:36:00.751+0100] {processor.py:830} INFO - Processing file /home/philip/de_engineering/airflow_projects/airflow1/venv/lib/python3.10/site-packages/airflow/example_dags/example_skip_dag.py for tasks to queue
[2025-03-10T09:36:00.752+0100] {logging_mixin.py:188} INFO - [2025-03-10T09:36:00.751+0100] {dagbag.py:538} INFO - Filling up the DagBag from /home/philip/de_engineering/airflow_projects/airflow1/venv/lib/python3.10/site-packages/airflow/example_dags/example_skip_dag.py
[2025-03-10T09:36:00.758+0100] {processor.py:840} INFO - DAG(s) 'example_skip_dag' retrieved from /home/philip/de_engineering/airflow_projects/airflow1/venv/lib/python3.10/site-packages/airflow/example_dags/example_skip_dag.py
[2025-03-10T09:36:00.779+0100] {logging_mixin.py:188} INFO - [2025-03-10T09:36:00.779+0100] {dag.py:3036} INFO - Sync 1 DAGs
[2025-03-10T09:36:00.800+0100] {logging_mixin.py:188} INFO - [2025-03-10T09:36:00.800+0100] {dag.py:3823} INFO - Setting next_dagrun for example_skip_dag to 2025-03-09 00:00:00+00:00, run_after=2025-03-10 00:00:00+00:00
[2025-03-10T09:36:00.815+0100] {processor.py:183} INFO - Processing /home/philip/de_engineering/airflow_projects/airflow1/venv/lib/python3.10/site-packages/airflow/example_dags/example_skip_dag.py took 0.069 seconds
