[2025-03-10T09:14:24.003+0100] {processor.py:161} INFO - Started process (PID=136854) to work on /home/philip/de_engineering/airflow_projects/airflow1/venv/lib/python3.10/site-packages/airflow/example_dags/example_xcomargs.py
[2025-03-10T09:14:24.003+0100] {processor.py:830} INFO - Processing file /home/philip/de_engineering/airflow_projects/airflow1/venv/lib/python3.10/site-packages/airflow/example_dags/example_xcomargs.py for tasks to queue
[2025-03-10T09:14:24.004+0100] {logging_mixin.py:188} INFO - [2025-03-10T09:14:24.004+0100] {dagbag.py:538} INFO - Filling up the DagBag from /home/philip/de_engineering/airflow_projects/airflow1/venv/lib/python3.10/site-packages/airflow/example_dags/example_xcomargs.py
[2025-03-10T09:14:24.012+0100] {processor.py:840} INFO - DAG(s) 'example_xcom_args_with_operators', 'example_xcom_args' retrieved from /home/philip/de_engineering/airflow_projects/airflow1/venv/lib/python3.10/site-packages/airflow/example_dags/example_xcomargs.py
[2025-03-10T09:14:24.095+0100] {logging_mixin.py:188} INFO - [2025-03-10T09:14:24.094+0100] {override.py:1769} INFO - Created Permission View: can read on DAG:example_xcom_args_with_operators
[2025-03-10T09:14:24.103+0100] {logging_mixin.py:188} INFO - [2025-03-10T09:14:24.102+0100] {override.py:1769} INFO - Created Permission View: can delete on DAG:example_xcom_args_with_operators
[2025-03-10T09:14:24.107+0100] {logging_mixin.py:188} INFO - [2025-03-10T09:14:24.107+0100] {override.py:1769} INFO - Created Permission View: can edit on DAG:example_xcom_args_with_operators
[2025-03-10T09:14:24.116+0100] {logging_mixin.py:188} INFO - [2025-03-10T09:14:24.116+0100] {override.py:1769} INFO - Created Permission View: can read on DAG:example_xcom_args
[2025-03-10T09:14:24.121+0100] {logging_mixin.py:188} INFO - [2025-03-10T09:14:24.121+0100] {override.py:1769} INFO - Created Permission View: can delete on DAG:example_xcom_args
[2025-03-10T09:14:24.125+0100] {logging_mixin.py:188} INFO - [2025-03-10T09:14:24.125+0100] {override.py:1769} INFO - Created Permission View: can edit on DAG:example_xcom_args
[2025-03-10T09:14:24.126+0100] {logging_mixin.py:188} INFO - [2025-03-10T09:14:24.126+0100] {dag.py:3036} INFO - Sync 2 DAGs
[2025-03-10T09:14:24.136+0100] {logging_mixin.py:188} INFO - [2025-03-10T09:14:24.136+0100] {dag.py:3058} INFO - Creating ORM DAG for example_xcom_args
[2025-03-10T09:14:24.136+0100] {logging_mixin.py:188} INFO - [2025-03-10T09:14:24.136+0100] {dag.py:3058} INFO - Creating ORM DAG for example_xcom_args_with_operators
[2025-03-10T09:14:24.137+0100] {logging_mixin.py:188} INFO - [2025-03-10T09:14:24.137+0100] {dag.py:3823} INFO - Setting next_dagrun for example_xcom_args to None, run_after=None
[2025-03-10T09:14:24.137+0100] {logging_mixin.py:188} INFO - [2025-03-10T09:14:24.137+0100] {dag.py:3823} INFO - Setting next_dagrun for example_xcom_args_with_operators to None, run_after=None
[2025-03-10T09:14:24.153+0100] {processor.py:183} INFO - Processing /home/philip/de_engineering/airflow_projects/airflow1/venv/lib/python3.10/site-packages/airflow/example_dags/example_xcomargs.py took 0.153 seconds
[2025-03-10T09:14:55.202+0100] {processor.py:161} INFO - Started process (PID=136967) to work on /home/philip/de_engineering/airflow_projects/airflow1/venv/lib/python3.10/site-packages/airflow/example_dags/example_xcomargs.py
[2025-03-10T09:14:55.203+0100] {processor.py:830} INFO - Processing file /home/philip/de_engineering/airflow_projects/airflow1/venv/lib/python3.10/site-packages/airflow/example_dags/example_xcomargs.py for tasks to queue
[2025-03-10T09:14:55.204+0100] {logging_mixin.py:188} INFO - [2025-03-10T09:14:55.203+0100] {dagbag.py:538} INFO - Filling up the DagBag from /home/philip/de_engineering/airflow_projects/airflow1/venv/lib/python3.10/site-packages/airflow/example_dags/example_xcomargs.py
[2025-03-10T09:14:55.210+0100] {processor.py:840} INFO - DAG(s) 'example_xcom_args', 'example_xcom_args_with_operators' retrieved from /home/philip/de_engineering/airflow_projects/airflow1/venv/lib/python3.10/site-packages/airflow/example_dags/example_xcomargs.py
[2025-03-10T09:14:55.233+0100] {logging_mixin.py:188} INFO - [2025-03-10T09:14:55.232+0100] {dag.py:3036} INFO - Sync 2 DAGs
[2025-03-10T09:14:55.242+0100] {logging_mixin.py:188} INFO - [2025-03-10T09:14:55.242+0100] {dag.py:3823} INFO - Setting next_dagrun for example_xcom_args to None, run_after=None
[2025-03-10T09:14:55.245+0100] {logging_mixin.py:188} INFO - [2025-03-10T09:14:55.245+0100] {dag.py:3823} INFO - Setting next_dagrun for example_xcom_args_with_operators to None, run_after=None
[2025-03-10T09:14:55.257+0100] {processor.py:183} INFO - Processing /home/philip/de_engineering/airflow_projects/airflow1/venv/lib/python3.10/site-packages/airflow/example_dags/example_xcomargs.py took 0.057 seconds
[2025-03-10T09:15:25.385+0100] {processor.py:161} INFO - Started process (PID=137068) to work on /home/philip/de_engineering/airflow_projects/airflow1/venv/lib/python3.10/site-packages/airflow/example_dags/example_xcomargs.py
[2025-03-10T09:15:25.386+0100] {processor.py:830} INFO - Processing file /home/philip/de_engineering/airflow_projects/airflow1/venv/lib/python3.10/site-packages/airflow/example_dags/example_xcomargs.py for tasks to queue
[2025-03-10T09:15:25.386+0100] {logging_mixin.py:188} INFO - [2025-03-10T09:15:25.386+0100] {dagbag.py:538} INFO - Filling up the DagBag from /home/philip/de_engineering/airflow_projects/airflow1/venv/lib/python3.10/site-packages/airflow/example_dags/example_xcomargs.py
[2025-03-10T09:15:25.394+0100] {processor.py:840} INFO - DAG(s) 'example_xcom_args', 'example_xcom_args_with_operators' retrieved from /home/philip/de_engineering/airflow_projects/airflow1/venv/lib/python3.10/site-packages/airflow/example_dags/example_xcomargs.py
[2025-03-10T09:15:25.417+0100] {logging_mixin.py:188} INFO - [2025-03-10T09:15:25.417+0100] {dag.py:3036} INFO - Sync 2 DAGs
[2025-03-10T09:15:25.427+0100] {logging_mixin.py:188} INFO - [2025-03-10T09:15:25.427+0100] {dag.py:3823} INFO - Setting next_dagrun for example_xcom_args to None, run_after=None
[2025-03-10T09:15:25.430+0100] {logging_mixin.py:188} INFO - [2025-03-10T09:15:25.430+0100] {dag.py:3823} INFO - Setting next_dagrun for example_xcom_args_with_operators to None, run_after=None
[2025-03-10T09:15:25.441+0100] {processor.py:183} INFO - Processing /home/philip/de_engineering/airflow_projects/airflow1/venv/lib/python3.10/site-packages/airflow/example_dags/example_xcomargs.py took 0.059 seconds
[2025-03-10T09:15:55.647+0100] {processor.py:161} INFO - Started process (PID=137169) to work on /home/philip/de_engineering/airflow_projects/airflow1/venv/lib/python3.10/site-packages/airflow/example_dags/example_xcomargs.py
[2025-03-10T09:15:55.648+0100] {processor.py:830} INFO - Processing file /home/philip/de_engineering/airflow_projects/airflow1/venv/lib/python3.10/site-packages/airflow/example_dags/example_xcomargs.py for tasks to queue
[2025-03-10T09:15:55.648+0100] {logging_mixin.py:188} INFO - [2025-03-10T09:15:55.648+0100] {dagbag.py:538} INFO - Filling up the DagBag from /home/philip/de_engineering/airflow_projects/airflow1/venv/lib/python3.10/site-packages/airflow/example_dags/example_xcomargs.py
[2025-03-10T09:15:55.656+0100] {processor.py:840} INFO - DAG(s) 'example_xcom_args', 'example_xcom_args_with_operators' retrieved from /home/philip/de_engineering/airflow_projects/airflow1/venv/lib/python3.10/site-packages/airflow/example_dags/example_xcomargs.py
[2025-03-10T09:15:55.689+0100] {logging_mixin.py:188} INFO - [2025-03-10T09:15:55.689+0100] {dag.py:3036} INFO - Sync 2 DAGs
[2025-03-10T09:15:55.704+0100] {logging_mixin.py:188} INFO - [2025-03-10T09:15:55.704+0100] {dag.py:3823} INFO - Setting next_dagrun for example_xcom_args to None, run_after=None
[2025-03-10T09:15:55.708+0100] {logging_mixin.py:188} INFO - [2025-03-10T09:15:55.708+0100] {dag.py:3823} INFO - Setting next_dagrun for example_xcom_args_with_operators to None, run_after=None
[2025-03-10T09:15:55.730+0100] {processor.py:183} INFO - Processing /home/philip/de_engineering/airflow_projects/airflow1/venv/lib/python3.10/site-packages/airflow/example_dags/example_xcomargs.py took 0.087 seconds
[2025-03-10T09:16:26.209+0100] {processor.py:161} INFO - Started process (PID=137545) to work on /home/philip/de_engineering/airflow_projects/airflow1/venv/lib/python3.10/site-packages/airflow/example_dags/example_xcomargs.py
[2025-03-10T09:16:26.213+0100] {processor.py:830} INFO - Processing file /home/philip/de_engineering/airflow_projects/airflow1/venv/lib/python3.10/site-packages/airflow/example_dags/example_xcomargs.py for tasks to queue
[2025-03-10T09:16:26.214+0100] {logging_mixin.py:188} INFO - [2025-03-10T09:16:26.214+0100] {dagbag.py:538} INFO - Filling up the DagBag from /home/philip/de_engineering/airflow_projects/airflow1/venv/lib/python3.10/site-packages/airflow/example_dags/example_xcomargs.py
[2025-03-10T09:16:26.221+0100] {processor.py:840} INFO - DAG(s) 'example_xcom_args', 'example_xcom_args_with_operators' retrieved from /home/philip/de_engineering/airflow_projects/airflow1/venv/lib/python3.10/site-packages/airflow/example_dags/example_xcomargs.py
[2025-03-10T09:16:26.243+0100] {logging_mixin.py:188} INFO - [2025-03-10T09:16:26.243+0100] {dag.py:3036} INFO - Sync 2 DAGs
[2025-03-10T09:16:26.254+0100] {logging_mixin.py:188} INFO - [2025-03-10T09:16:26.253+0100] {dag.py:3823} INFO - Setting next_dagrun for example_xcom_args to None, run_after=None
[2025-03-10T09:16:26.256+0100] {logging_mixin.py:188} INFO - [2025-03-10T09:16:26.256+0100] {dag.py:3823} INFO - Setting next_dagrun for example_xcom_args_with_operators to None, run_after=None
[2025-03-10T09:16:26.269+0100] {processor.py:183} INFO - Processing /home/philip/de_engineering/airflow_projects/airflow1/venv/lib/python3.10/site-packages/airflow/example_dags/example_xcomargs.py took 0.063 seconds
[2025-03-10T09:16:56.338+0100] {processor.py:161} INFO - Started process (PID=137734) to work on /home/philip/de_engineering/airflow_projects/airflow1/venv/lib/python3.10/site-packages/airflow/example_dags/example_xcomargs.py
[2025-03-10T09:16:56.338+0100] {processor.py:830} INFO - Processing file /home/philip/de_engineering/airflow_projects/airflow1/venv/lib/python3.10/site-packages/airflow/example_dags/example_xcomargs.py for tasks to queue
[2025-03-10T09:16:56.339+0100] {logging_mixin.py:188} INFO - [2025-03-10T09:16:56.339+0100] {dagbag.py:538} INFO - Filling up the DagBag from /home/philip/de_engineering/airflow_projects/airflow1/venv/lib/python3.10/site-packages/airflow/example_dags/example_xcomargs.py
[2025-03-10T09:16:56.346+0100] {processor.py:840} INFO - DAG(s) 'example_xcom_args', 'example_xcom_args_with_operators' retrieved from /home/philip/de_engineering/airflow_projects/airflow1/venv/lib/python3.10/site-packages/airflow/example_dags/example_xcomargs.py
[2025-03-10T09:16:56.368+0100] {logging_mixin.py:188} INFO - [2025-03-10T09:16:56.368+0100] {dag.py:3036} INFO - Sync 2 DAGs
[2025-03-10T09:16:56.378+0100] {logging_mixin.py:188} INFO - [2025-03-10T09:16:56.378+0100] {dag.py:3823} INFO - Setting next_dagrun for example_xcom_args to None, run_after=None
[2025-03-10T09:16:56.381+0100] {logging_mixin.py:188} INFO - [2025-03-10T09:16:56.381+0100] {dag.py:3823} INFO - Setting next_dagrun for example_xcom_args_with_operators to None, run_after=None
[2025-03-10T09:16:56.394+0100] {processor.py:183} INFO - Processing /home/philip/de_engineering/airflow_projects/airflow1/venv/lib/python3.10/site-packages/airflow/example_dags/example_xcomargs.py took 0.059 seconds
[2025-03-10T09:17:26.617+0100] {processor.py:161} INFO - Started process (PID=137920) to work on /home/philip/de_engineering/airflow_projects/airflow1/venv/lib/python3.10/site-packages/airflow/example_dags/example_xcomargs.py
[2025-03-10T09:17:26.618+0100] {processor.py:830} INFO - Processing file /home/philip/de_engineering/airflow_projects/airflow1/venv/lib/python3.10/site-packages/airflow/example_dags/example_xcomargs.py for tasks to queue
[2025-03-10T09:17:26.619+0100] {logging_mixin.py:188} INFO - [2025-03-10T09:17:26.619+0100] {dagbag.py:538} INFO - Filling up the DagBag from /home/philip/de_engineering/airflow_projects/airflow1/venv/lib/python3.10/site-packages/airflow/example_dags/example_xcomargs.py
[2025-03-10T09:17:26.626+0100] {processor.py:840} INFO - DAG(s) 'example_xcom_args_with_operators', 'example_xcom_args' retrieved from /home/philip/de_engineering/airflow_projects/airflow1/venv/lib/python3.10/site-packages/airflow/example_dags/example_xcomargs.py
[2025-03-10T09:17:26.649+0100] {logging_mixin.py:188} INFO - [2025-03-10T09:17:26.649+0100] {dag.py:3036} INFO - Sync 2 DAGs
[2025-03-10T09:17:26.662+0100] {logging_mixin.py:188} INFO - [2025-03-10T09:17:26.661+0100] {dag.py:3823} INFO - Setting next_dagrun for example_xcom_args to None, run_after=None
[2025-03-10T09:17:26.665+0100] {logging_mixin.py:188} INFO - [2025-03-10T09:17:26.665+0100] {dag.py:3823} INFO - Setting next_dagrun for example_xcom_args_with_operators to None, run_after=None
[2025-03-10T09:17:26.678+0100] {processor.py:183} INFO - Processing /home/philip/de_engineering/airflow_projects/airflow1/venv/lib/python3.10/site-packages/airflow/example_dags/example_xcomargs.py took 0.064 seconds
[2025-03-10T09:19:20.824+0100] {processor.py:161} INFO - Started process (PID=138526) to work on /home/philip/de_engineering/airflow_projects/airflow1/venv/lib/python3.10/site-packages/airflow/example_dags/example_xcomargs.py
[2025-03-10T09:19:20.826+0100] {processor.py:830} INFO - Processing file /home/philip/de_engineering/airflow_projects/airflow1/venv/lib/python3.10/site-packages/airflow/example_dags/example_xcomargs.py for tasks to queue
[2025-03-10T09:19:20.827+0100] {logging_mixin.py:188} INFO - [2025-03-10T09:19:20.826+0100] {dagbag.py:538} INFO - Filling up the DagBag from /home/philip/de_engineering/airflow_projects/airflow1/venv/lib/python3.10/site-packages/airflow/example_dags/example_xcomargs.py
[2025-03-10T09:19:20.837+0100] {processor.py:840} INFO - DAG(s) 'example_xcom_args', 'example_xcom_args_with_operators' retrieved from /home/philip/de_engineering/airflow_projects/airflow1/venv/lib/python3.10/site-packages/airflow/example_dags/example_xcomargs.py
[2025-03-10T09:19:20.937+0100] {logging_mixin.py:188} INFO - [2025-03-10T09:19:20.937+0100] {dag.py:3036} INFO - Sync 2 DAGs
[2025-03-10T09:19:20.947+0100] {logging_mixin.py:188} INFO - [2025-03-10T09:19:20.947+0100] {dag.py:3823} INFO - Setting next_dagrun for example_xcom_args to None, run_after=None
[2025-03-10T09:19:20.949+0100] {logging_mixin.py:188} INFO - [2025-03-10T09:19:20.949+0100] {dag.py:3823} INFO - Setting next_dagrun for example_xcom_args_with_operators to None, run_after=None
[2025-03-10T09:19:20.964+0100] {processor.py:183} INFO - Processing /home/philip/de_engineering/airflow_projects/airflow1/venv/lib/python3.10/site-packages/airflow/example_dags/example_xcomargs.py took 0.144 seconds
[2025-03-10T09:19:51.139+0100] {processor.py:161} INFO - Started process (PID=138863) to work on /home/philip/de_engineering/airflow_projects/airflow1/venv/lib/python3.10/site-packages/airflow/example_dags/example_xcomargs.py
[2025-03-10T09:19:51.140+0100] {processor.py:830} INFO - Processing file /home/philip/de_engineering/airflow_projects/airflow1/venv/lib/python3.10/site-packages/airflow/example_dags/example_xcomargs.py for tasks to queue
[2025-03-10T09:19:51.141+0100] {logging_mixin.py:188} INFO - [2025-03-10T09:19:51.140+0100] {dagbag.py:538} INFO - Filling up the DagBag from /home/philip/de_engineering/airflow_projects/airflow1/venv/lib/python3.10/site-packages/airflow/example_dags/example_xcomargs.py
[2025-03-10T09:19:51.147+0100] {processor.py:840} INFO - DAG(s) 'example_xcom_args', 'example_xcom_args_with_operators' retrieved from /home/philip/de_engineering/airflow_projects/airflow1/venv/lib/python3.10/site-packages/airflow/example_dags/example_xcomargs.py
[2025-03-10T09:19:51.170+0100] {logging_mixin.py:188} INFO - [2025-03-10T09:19:51.169+0100] {dag.py:3036} INFO - Sync 2 DAGs
[2025-03-10T09:19:51.179+0100] {logging_mixin.py:188} INFO - [2025-03-10T09:19:51.179+0100] {dag.py:3823} INFO - Setting next_dagrun for example_xcom_args to None, run_after=None
[2025-03-10T09:19:51.183+0100] {logging_mixin.py:188} INFO - [2025-03-10T09:19:51.183+0100] {dag.py:3823} INFO - Setting next_dagrun for example_xcom_args_with_operators to None, run_after=None
[2025-03-10T09:19:51.197+0100] {processor.py:183} INFO - Processing /home/philip/de_engineering/airflow_projects/airflow1/venv/lib/python3.10/site-packages/airflow/example_dags/example_xcomargs.py took 0.061 seconds
[2025-03-10T09:20:21.614+0100] {processor.py:161} INFO - Started process (PID=139238) to work on /home/philip/de_engineering/airflow_projects/airflow1/venv/lib/python3.10/site-packages/airflow/example_dags/example_xcomargs.py
[2025-03-10T09:20:21.616+0100] {processor.py:830} INFO - Processing file /home/philip/de_engineering/airflow_projects/airflow1/venv/lib/python3.10/site-packages/airflow/example_dags/example_xcomargs.py for tasks to queue
[2025-03-10T09:20:21.617+0100] {logging_mixin.py:188} INFO - [2025-03-10T09:20:21.616+0100] {dagbag.py:538} INFO - Filling up the DagBag from /home/philip/de_engineering/airflow_projects/airflow1/venv/lib/python3.10/site-packages/airflow/example_dags/example_xcomargs.py
[2025-03-10T09:20:21.624+0100] {processor.py:840} INFO - DAG(s) 'example_xcom_args_with_operators', 'example_xcom_args' retrieved from /home/philip/de_engineering/airflow_projects/airflow1/venv/lib/python3.10/site-packages/airflow/example_dags/example_xcomargs.py
[2025-03-10T09:20:21.648+0100] {logging_mixin.py:188} INFO - [2025-03-10T09:20:21.648+0100] {dag.py:3036} INFO - Sync 2 DAGs
[2025-03-10T09:20:21.659+0100] {logging_mixin.py:188} INFO - [2025-03-10T09:20:21.659+0100] {dag.py:3823} INFO - Setting next_dagrun for example_xcom_args to None, run_after=None
[2025-03-10T09:20:21.662+0100] {logging_mixin.py:188} INFO - [2025-03-10T09:20:21.662+0100] {dag.py:3823} INFO - Setting next_dagrun for example_xcom_args_with_operators to None, run_after=None
[2025-03-10T09:20:21.676+0100] {processor.py:183} INFO - Processing /home/philip/de_engineering/airflow_projects/airflow1/venv/lib/python3.10/site-packages/airflow/example_dags/example_xcomargs.py took 0.065 seconds
[2025-03-10T09:20:52.177+0100] {processor.py:161} INFO - Started process (PID=139618) to work on /home/philip/de_engineering/airflow_projects/airflow1/venv/lib/python3.10/site-packages/airflow/example_dags/example_xcomargs.py
[2025-03-10T09:20:52.178+0100] {processor.py:830} INFO - Processing file /home/philip/de_engineering/airflow_projects/airflow1/venv/lib/python3.10/site-packages/airflow/example_dags/example_xcomargs.py for tasks to queue
[2025-03-10T09:20:52.179+0100] {logging_mixin.py:188} INFO - [2025-03-10T09:20:52.179+0100] {dagbag.py:538} INFO - Filling up the DagBag from /home/philip/de_engineering/airflow_projects/airflow1/venv/lib/python3.10/site-packages/airflow/example_dags/example_xcomargs.py
[2025-03-10T09:20:52.188+0100] {processor.py:840} INFO - DAG(s) 'example_xcom_args', 'example_xcom_args_with_operators' retrieved from /home/philip/de_engineering/airflow_projects/airflow1/venv/lib/python3.10/site-packages/airflow/example_dags/example_xcomargs.py
[2025-03-10T09:20:52.233+0100] {logging_mixin.py:188} INFO - [2025-03-10T09:20:52.233+0100] {dag.py:3036} INFO - Sync 2 DAGs
[2025-03-10T09:20:52.262+0100] {logging_mixin.py:188} INFO - [2025-03-10T09:20:52.262+0100] {dag.py:3823} INFO - Setting next_dagrun for example_xcom_args to None, run_after=None
[2025-03-10T09:20:52.271+0100] {logging_mixin.py:188} INFO - [2025-03-10T09:20:52.270+0100] {dag.py:3823} INFO - Setting next_dagrun for example_xcom_args_with_operators to None, run_after=None
[2025-03-10T09:20:52.295+0100] {processor.py:183} INFO - Processing /home/philip/de_engineering/airflow_projects/airflow1/venv/lib/python3.10/site-packages/airflow/example_dags/example_xcomargs.py took 0.122 seconds
[2025-03-10T09:21:22.592+0100] {processor.py:161} INFO - Started process (PID=140001) to work on /home/philip/de_engineering/airflow_projects/airflow1/venv/lib/python3.10/site-packages/airflow/example_dags/example_xcomargs.py
[2025-03-10T09:21:22.593+0100] {processor.py:830} INFO - Processing file /home/philip/de_engineering/airflow_projects/airflow1/venv/lib/python3.10/site-packages/airflow/example_dags/example_xcomargs.py for tasks to queue
[2025-03-10T09:21:22.594+0100] {logging_mixin.py:188} INFO - [2025-03-10T09:21:22.594+0100] {dagbag.py:538} INFO - Filling up the DagBag from /home/philip/de_engineering/airflow_projects/airflow1/venv/lib/python3.10/site-packages/airflow/example_dags/example_xcomargs.py
[2025-03-10T09:21:22.602+0100] {processor.py:840} INFO - DAG(s) 'example_xcom_args', 'example_xcom_args_with_operators' retrieved from /home/philip/de_engineering/airflow_projects/airflow1/venv/lib/python3.10/site-packages/airflow/example_dags/example_xcomargs.py
[2025-03-10T09:21:22.630+0100] {logging_mixin.py:188} INFO - [2025-03-10T09:21:22.630+0100] {dag.py:3036} INFO - Sync 2 DAGs
[2025-03-10T09:21:22.642+0100] {logging_mixin.py:188} INFO - [2025-03-10T09:21:22.642+0100] {dag.py:3823} INFO - Setting next_dagrun for example_xcom_args to None, run_after=None
[2025-03-10T09:21:22.647+0100] {logging_mixin.py:188} INFO - [2025-03-10T09:21:22.646+0100] {dag.py:3823} INFO - Setting next_dagrun for example_xcom_args_with_operators to None, run_after=None
[2025-03-10T09:21:22.662+0100] {processor.py:183} INFO - Processing /home/philip/de_engineering/airflow_projects/airflow1/venv/lib/python3.10/site-packages/airflow/example_dags/example_xcomargs.py took 0.073 seconds
[2025-03-10T09:21:52.890+0100] {processor.py:161} INFO - Started process (PID=140377) to work on /home/philip/de_engineering/airflow_projects/airflow1/venv/lib/python3.10/site-packages/airflow/example_dags/example_xcomargs.py
[2025-03-10T09:21:52.890+0100] {processor.py:830} INFO - Processing file /home/philip/de_engineering/airflow_projects/airflow1/venv/lib/python3.10/site-packages/airflow/example_dags/example_xcomargs.py for tasks to queue
[2025-03-10T09:21:52.891+0100] {logging_mixin.py:188} INFO - [2025-03-10T09:21:52.891+0100] {dagbag.py:538} INFO - Filling up the DagBag from /home/philip/de_engineering/airflow_projects/airflow1/venv/lib/python3.10/site-packages/airflow/example_dags/example_xcomargs.py
[2025-03-10T09:21:52.898+0100] {processor.py:840} INFO - DAG(s) 'example_xcom_args', 'example_xcom_args_with_operators' retrieved from /home/philip/de_engineering/airflow_projects/airflow1/venv/lib/python3.10/site-packages/airflow/example_dags/example_xcomargs.py
[2025-03-10T09:21:52.924+0100] {logging_mixin.py:188} INFO - [2025-03-10T09:21:52.923+0100] {dag.py:3036} INFO - Sync 2 DAGs
[2025-03-10T09:21:52.937+0100] {logging_mixin.py:188} INFO - [2025-03-10T09:21:52.937+0100] {dag.py:3823} INFO - Setting next_dagrun for example_xcom_args to None, run_after=None
[2025-03-10T09:21:52.940+0100] {logging_mixin.py:188} INFO - [2025-03-10T09:21:52.940+0100] {dag.py:3823} INFO - Setting next_dagrun for example_xcom_args_with_operators to None, run_after=None
[2025-03-10T09:21:52.956+0100] {processor.py:183} INFO - Processing /home/philip/de_engineering/airflow_projects/airflow1/venv/lib/python3.10/site-packages/airflow/example_dags/example_xcomargs.py took 0.069 seconds
[2025-03-10T09:22:23.145+0100] {processor.py:161} INFO - Started process (PID=140758) to work on /home/philip/de_engineering/airflow_projects/airflow1/venv/lib/python3.10/site-packages/airflow/example_dags/example_xcomargs.py
[2025-03-10T09:22:23.146+0100] {processor.py:830} INFO - Processing file /home/philip/de_engineering/airflow_projects/airflow1/venv/lib/python3.10/site-packages/airflow/example_dags/example_xcomargs.py for tasks to queue
[2025-03-10T09:22:23.147+0100] {logging_mixin.py:188} INFO - [2025-03-10T09:22:23.147+0100] {dagbag.py:538} INFO - Filling up the DagBag from /home/philip/de_engineering/airflow_projects/airflow1/venv/lib/python3.10/site-packages/airflow/example_dags/example_xcomargs.py
[2025-03-10T09:22:23.154+0100] {processor.py:840} INFO - DAG(s) 'example_xcom_args', 'example_xcom_args_with_operators' retrieved from /home/philip/de_engineering/airflow_projects/airflow1/venv/lib/python3.10/site-packages/airflow/example_dags/example_xcomargs.py
[2025-03-10T09:22:23.181+0100] {logging_mixin.py:188} INFO - [2025-03-10T09:22:23.181+0100] {dag.py:3036} INFO - Sync 2 DAGs
[2025-03-10T09:22:23.194+0100] {logging_mixin.py:188} INFO - [2025-03-10T09:22:23.193+0100] {dag.py:3823} INFO - Setting next_dagrun for example_xcom_args to None, run_after=None
[2025-03-10T09:22:23.198+0100] {logging_mixin.py:188} INFO - [2025-03-10T09:22:23.198+0100] {dag.py:3823} INFO - Setting next_dagrun for example_xcom_args_with_operators to None, run_after=None
[2025-03-10T09:22:23.215+0100] {processor.py:183} INFO - Processing /home/philip/de_engineering/airflow_projects/airflow1/venv/lib/python3.10/site-packages/airflow/example_dags/example_xcomargs.py took 0.073 seconds
[2025-03-10T09:22:53.327+0100] {processor.py:161} INFO - Started process (PID=141132) to work on /home/philip/de_engineering/airflow_projects/airflow1/venv/lib/python3.10/site-packages/airflow/example_dags/example_xcomargs.py
[2025-03-10T09:22:53.329+0100] {processor.py:830} INFO - Processing file /home/philip/de_engineering/airflow_projects/airflow1/venv/lib/python3.10/site-packages/airflow/example_dags/example_xcomargs.py for tasks to queue
[2025-03-10T09:22:53.329+0100] {logging_mixin.py:188} INFO - [2025-03-10T09:22:53.329+0100] {dagbag.py:538} INFO - Filling up the DagBag from /home/philip/de_engineering/airflow_projects/airflow1/venv/lib/python3.10/site-packages/airflow/example_dags/example_xcomargs.py
[2025-03-10T09:22:53.336+0100] {processor.py:840} INFO - DAG(s) 'example_xcom_args_with_operators', 'example_xcom_args' retrieved from /home/philip/de_engineering/airflow_projects/airflow1/venv/lib/python3.10/site-packages/airflow/example_dags/example_xcomargs.py
[2025-03-10T09:22:53.362+0100] {logging_mixin.py:188} INFO - [2025-03-10T09:22:53.362+0100] {dag.py:3036} INFO - Sync 2 DAGs
[2025-03-10T09:22:53.375+0100] {logging_mixin.py:188} INFO - [2025-03-10T09:22:53.375+0100] {dag.py:3823} INFO - Setting next_dagrun for example_xcom_args to None, run_after=None
[2025-03-10T09:22:53.379+0100] {logging_mixin.py:188} INFO - [2025-03-10T09:22:53.379+0100] {dag.py:3823} INFO - Setting next_dagrun for example_xcom_args_with_operators to None, run_after=None
[2025-03-10T09:22:53.396+0100] {processor.py:183} INFO - Processing /home/philip/de_engineering/airflow_projects/airflow1/venv/lib/python3.10/site-packages/airflow/example_dags/example_xcomargs.py took 0.071 seconds
[2025-03-10T09:23:23.589+0100] {processor.py:161} INFO - Started process (PID=141515) to work on /home/philip/de_engineering/airflow_projects/airflow1/venv/lib/python3.10/site-packages/airflow/example_dags/example_xcomargs.py
[2025-03-10T09:23:23.590+0100] {processor.py:830} INFO - Processing file /home/philip/de_engineering/airflow_projects/airflow1/venv/lib/python3.10/site-packages/airflow/example_dags/example_xcomargs.py for tasks to queue
[2025-03-10T09:23:23.591+0100] {logging_mixin.py:188} INFO - [2025-03-10T09:23:23.590+0100] {dagbag.py:538} INFO - Filling up the DagBag from /home/philip/de_engineering/airflow_projects/airflow1/venv/lib/python3.10/site-packages/airflow/example_dags/example_xcomargs.py
[2025-03-10T09:23:23.598+0100] {processor.py:840} INFO - DAG(s) 'example_xcom_args', 'example_xcom_args_with_operators' retrieved from /home/philip/de_engineering/airflow_projects/airflow1/venv/lib/python3.10/site-packages/airflow/example_dags/example_xcomargs.py
[2025-03-10T09:23:23.621+0100] {logging_mixin.py:188} INFO - [2025-03-10T09:23:23.621+0100] {dag.py:3036} INFO - Sync 2 DAGs
[2025-03-10T09:23:23.632+0100] {logging_mixin.py:188} INFO - [2025-03-10T09:23:23.631+0100] {dag.py:3823} INFO - Setting next_dagrun for example_xcom_args to None, run_after=None
[2025-03-10T09:23:23.635+0100] {logging_mixin.py:188} INFO - [2025-03-10T09:23:23.635+0100] {dag.py:3823} INFO - Setting next_dagrun for example_xcom_args_with_operators to None, run_after=None
[2025-03-10T09:23:23.649+0100] {processor.py:183} INFO - Processing /home/philip/de_engineering/airflow_projects/airflow1/venv/lib/python3.10/site-packages/airflow/example_dags/example_xcomargs.py took 0.063 seconds
[2025-03-10T09:23:53.939+0100] {processor.py:161} INFO - Started process (PID=141896) to work on /home/philip/de_engineering/airflow_projects/airflow1/venv/lib/python3.10/site-packages/airflow/example_dags/example_xcomargs.py
[2025-03-10T09:23:53.940+0100] {processor.py:830} INFO - Processing file /home/philip/de_engineering/airflow_projects/airflow1/venv/lib/python3.10/site-packages/airflow/example_dags/example_xcomargs.py for tasks to queue
[2025-03-10T09:23:53.941+0100] {logging_mixin.py:188} INFO - [2025-03-10T09:23:53.941+0100] {dagbag.py:538} INFO - Filling up the DagBag from /home/philip/de_engineering/airflow_projects/airflow1/venv/lib/python3.10/site-packages/airflow/example_dags/example_xcomargs.py
[2025-03-10T09:23:53.948+0100] {processor.py:840} INFO - DAG(s) 'example_xcom_args_with_operators', 'example_xcom_args' retrieved from /home/philip/de_engineering/airflow_projects/airflow1/venv/lib/python3.10/site-packages/airflow/example_dags/example_xcomargs.py
[2025-03-10T09:23:53.971+0100] {logging_mixin.py:188} INFO - [2025-03-10T09:23:53.971+0100] {dag.py:3036} INFO - Sync 2 DAGs
[2025-03-10T09:23:53.984+0100] {logging_mixin.py:188} INFO - [2025-03-10T09:23:53.983+0100] {dag.py:3823} INFO - Setting next_dagrun for example_xcom_args to None, run_after=None
[2025-03-10T09:23:53.987+0100] {logging_mixin.py:188} INFO - [2025-03-10T09:23:53.986+0100] {dag.py:3823} INFO - Setting next_dagrun for example_xcom_args_with_operators to None, run_after=None
[2025-03-10T09:23:54.000+0100] {processor.py:183} INFO - Processing /home/philip/de_engineering/airflow_projects/airflow1/venv/lib/python3.10/site-packages/airflow/example_dags/example_xcomargs.py took 0.064 seconds
[2025-03-10T09:24:24.257+0100] {processor.py:161} INFO - Started process (PID=142271) to work on /home/philip/de_engineering/airflow_projects/airflow1/venv/lib/python3.10/site-packages/airflow/example_dags/example_xcomargs.py
[2025-03-10T09:24:24.258+0100] {processor.py:830} INFO - Processing file /home/philip/de_engineering/airflow_projects/airflow1/venv/lib/python3.10/site-packages/airflow/example_dags/example_xcomargs.py for tasks to queue
[2025-03-10T09:24:24.259+0100] {logging_mixin.py:188} INFO - [2025-03-10T09:24:24.258+0100] {dagbag.py:538} INFO - Filling up the DagBag from /home/philip/de_engineering/airflow_projects/airflow1/venv/lib/python3.10/site-packages/airflow/example_dags/example_xcomargs.py
[2025-03-10T09:24:24.267+0100] {processor.py:840} INFO - DAG(s) 'example_xcom_args', 'example_xcom_args_with_operators' retrieved from /home/philip/de_engineering/airflow_projects/airflow1/venv/lib/python3.10/site-packages/airflow/example_dags/example_xcomargs.py
[2025-03-10T09:24:24.294+0100] {logging_mixin.py:188} INFO - [2025-03-10T09:24:24.294+0100] {dag.py:3036} INFO - Sync 2 DAGs
[2025-03-10T09:24:24.305+0100] {logging_mixin.py:188} INFO - [2025-03-10T09:24:24.305+0100] {dag.py:3823} INFO - Setting next_dagrun for example_xcom_args to None, run_after=None
[2025-03-10T09:24:24.308+0100] {logging_mixin.py:188} INFO - [2025-03-10T09:24:24.308+0100] {dag.py:3823} INFO - Setting next_dagrun for example_xcom_args_with_operators to None, run_after=None
[2025-03-10T09:24:24.321+0100] {processor.py:183} INFO - Processing /home/philip/de_engineering/airflow_projects/airflow1/venv/lib/python3.10/site-packages/airflow/example_dags/example_xcomargs.py took 0.069 seconds
[2025-03-10T09:24:54.689+0100] {processor.py:161} INFO - Started process (PID=142652) to work on /home/philip/de_engineering/airflow_projects/airflow1/venv/lib/python3.10/site-packages/airflow/example_dags/example_xcomargs.py
[2025-03-10T09:24:54.690+0100] {processor.py:830} INFO - Processing file /home/philip/de_engineering/airflow_projects/airflow1/venv/lib/python3.10/site-packages/airflow/example_dags/example_xcomargs.py for tasks to queue
[2025-03-10T09:24:54.691+0100] {logging_mixin.py:188} INFO - [2025-03-10T09:24:54.691+0100] {dagbag.py:538} INFO - Filling up the DagBag from /home/philip/de_engineering/airflow_projects/airflow1/venv/lib/python3.10/site-packages/airflow/example_dags/example_xcomargs.py
[2025-03-10T09:24:54.698+0100] {processor.py:840} INFO - DAG(s) 'example_xcom_args', 'example_xcom_args_with_operators' retrieved from /home/philip/de_engineering/airflow_projects/airflow1/venv/lib/python3.10/site-packages/airflow/example_dags/example_xcomargs.py
[2025-03-10T09:24:54.725+0100] {logging_mixin.py:188} INFO - [2025-03-10T09:24:54.725+0100] {dag.py:3036} INFO - Sync 2 DAGs
[2025-03-10T09:24:54.738+0100] {logging_mixin.py:188} INFO - [2025-03-10T09:24:54.737+0100] {dag.py:3823} INFO - Setting next_dagrun for example_xcom_args to None, run_after=None
[2025-03-10T09:24:54.742+0100] {logging_mixin.py:188} INFO - [2025-03-10T09:24:54.742+0100] {dag.py:3823} INFO - Setting next_dagrun for example_xcom_args_with_operators to None, run_after=None
[2025-03-10T09:24:54.755+0100] {processor.py:183} INFO - Processing /home/philip/de_engineering/airflow_projects/airflow1/venv/lib/python3.10/site-packages/airflow/example_dags/example_xcomargs.py took 0.069 seconds
[2025-03-10T09:25:24.842+0100] {processor.py:161} INFO - Started process (PID=143031) to work on /home/philip/de_engineering/airflow_projects/airflow1/venv/lib/python3.10/site-packages/airflow/example_dags/example_xcomargs.py
[2025-03-10T09:25:24.842+0100] {processor.py:830} INFO - Processing file /home/philip/de_engineering/airflow_projects/airflow1/venv/lib/python3.10/site-packages/airflow/example_dags/example_xcomargs.py for tasks to queue
[2025-03-10T09:25:24.843+0100] {logging_mixin.py:188} INFO - [2025-03-10T09:25:24.843+0100] {dagbag.py:538} INFO - Filling up the DagBag from /home/philip/de_engineering/airflow_projects/airflow1/venv/lib/python3.10/site-packages/airflow/example_dags/example_xcomargs.py
[2025-03-10T09:25:24.849+0100] {processor.py:840} INFO - DAG(s) 'example_xcom_args_with_operators', 'example_xcom_args' retrieved from /home/philip/de_engineering/airflow_projects/airflow1/venv/lib/python3.10/site-packages/airflow/example_dags/example_xcomargs.py
[2025-03-10T09:25:24.872+0100] {logging_mixin.py:188} INFO - [2025-03-10T09:25:24.872+0100] {dag.py:3036} INFO - Sync 2 DAGs
[2025-03-10T09:25:24.882+0100] {logging_mixin.py:188} INFO - [2025-03-10T09:25:24.882+0100] {dag.py:3823} INFO - Setting next_dagrun for example_xcom_args to None, run_after=None
[2025-03-10T09:25:24.885+0100] {logging_mixin.py:188} INFO - [2025-03-10T09:25:24.885+0100] {dag.py:3823} INFO - Setting next_dagrun for example_xcom_args_with_operators to None, run_after=None
[2025-03-10T09:25:24.897+0100] {processor.py:183} INFO - Processing /home/philip/de_engineering/airflow_projects/airflow1/venv/lib/python3.10/site-packages/airflow/example_dags/example_xcomargs.py took 0.058 seconds
[2025-03-10T09:25:55.131+0100] {processor.py:161} INFO - Started process (PID=143412) to work on /home/philip/de_engineering/airflow_projects/airflow1/venv/lib/python3.10/site-packages/airflow/example_dags/example_xcomargs.py
[2025-03-10T09:25:55.133+0100] {processor.py:830} INFO - Processing file /home/philip/de_engineering/airflow_projects/airflow1/venv/lib/python3.10/site-packages/airflow/example_dags/example_xcomargs.py for tasks to queue
[2025-03-10T09:25:55.134+0100] {logging_mixin.py:188} INFO - [2025-03-10T09:25:55.133+0100] {dagbag.py:538} INFO - Filling up the DagBag from /home/philip/de_engineering/airflow_projects/airflow1/venv/lib/python3.10/site-packages/airflow/example_dags/example_xcomargs.py
[2025-03-10T09:25:55.140+0100] {processor.py:840} INFO - DAG(s) 'example_xcom_args', 'example_xcom_args_with_operators' retrieved from /home/philip/de_engineering/airflow_projects/airflow1/venv/lib/python3.10/site-packages/airflow/example_dags/example_xcomargs.py
[2025-03-10T09:25:55.166+0100] {logging_mixin.py:188} INFO - [2025-03-10T09:25:55.166+0100] {dag.py:3036} INFO - Sync 2 DAGs
[2025-03-10T09:25:55.176+0100] {logging_mixin.py:188} INFO - [2025-03-10T09:25:55.176+0100] {dag.py:3823} INFO - Setting next_dagrun for example_xcom_args to None, run_after=None
[2025-03-10T09:25:55.179+0100] {logging_mixin.py:188} INFO - [2025-03-10T09:25:55.179+0100] {dag.py:3823} INFO - Setting next_dagrun for example_xcom_args_with_operators to None, run_after=None
[2025-03-10T09:25:55.192+0100] {processor.py:183} INFO - Processing /home/philip/de_engineering/airflow_projects/airflow1/venv/lib/python3.10/site-packages/airflow/example_dags/example_xcomargs.py took 0.064 seconds
[2025-03-10T09:26:25.591+0100] {processor.py:161} INFO - Started process (PID=143792) to work on /home/philip/de_engineering/airflow_projects/airflow1/venv/lib/python3.10/site-packages/airflow/example_dags/example_xcomargs.py
[2025-03-10T09:26:25.592+0100] {processor.py:830} INFO - Processing file /home/philip/de_engineering/airflow_projects/airflow1/venv/lib/python3.10/site-packages/airflow/example_dags/example_xcomargs.py for tasks to queue
[2025-03-10T09:26:25.593+0100] {logging_mixin.py:188} INFO - [2025-03-10T09:26:25.593+0100] {dagbag.py:538} INFO - Filling up the DagBag from /home/philip/de_engineering/airflow_projects/airflow1/venv/lib/python3.10/site-packages/airflow/example_dags/example_xcomargs.py
[2025-03-10T09:26:25.601+0100] {processor.py:840} INFO - DAG(s) 'example_xcom_args', 'example_xcom_args_with_operators' retrieved from /home/philip/de_engineering/airflow_projects/airflow1/venv/lib/python3.10/site-packages/airflow/example_dags/example_xcomargs.py
[2025-03-10T09:26:25.633+0100] {logging_mixin.py:188} INFO - [2025-03-10T09:26:25.633+0100] {dag.py:3036} INFO - Sync 2 DAGs
[2025-03-10T09:26:25.646+0100] {logging_mixin.py:188} INFO - [2025-03-10T09:26:25.645+0100] {dag.py:3823} INFO - Setting next_dagrun for example_xcom_args to None, run_after=None
[2025-03-10T09:26:25.650+0100] {logging_mixin.py:188} INFO - [2025-03-10T09:26:25.650+0100] {dag.py:3823} INFO - Setting next_dagrun for example_xcom_args_with_operators to None, run_after=None
[2025-03-10T09:26:25.664+0100] {processor.py:183} INFO - Processing /home/philip/de_engineering/airflow_projects/airflow1/venv/lib/python3.10/site-packages/airflow/example_dags/example_xcomargs.py took 0.076 seconds
[2025-03-10T09:26:56.041+0100] {processor.py:161} INFO - Started process (PID=144167) to work on /home/philip/de_engineering/airflow_projects/airflow1/venv/lib/python3.10/site-packages/airflow/example_dags/example_xcomargs.py
[2025-03-10T09:26:56.042+0100] {processor.py:830} INFO - Processing file /home/philip/de_engineering/airflow_projects/airflow1/venv/lib/python3.10/site-packages/airflow/example_dags/example_xcomargs.py for tasks to queue
[2025-03-10T09:26:56.043+0100] {logging_mixin.py:188} INFO - [2025-03-10T09:26:56.042+0100] {dagbag.py:538} INFO - Filling up the DagBag from /home/philip/de_engineering/airflow_projects/airflow1/venv/lib/python3.10/site-packages/airflow/example_dags/example_xcomargs.py
[2025-03-10T09:26:56.049+0100] {processor.py:840} INFO - DAG(s) 'example_xcom_args', 'example_xcom_args_with_operators' retrieved from /home/philip/de_engineering/airflow_projects/airflow1/venv/lib/python3.10/site-packages/airflow/example_dags/example_xcomargs.py
[2025-03-10T09:26:56.073+0100] {logging_mixin.py:188} INFO - [2025-03-10T09:26:56.072+0100] {dag.py:3036} INFO - Sync 2 DAGs
[2025-03-10T09:26:56.082+0100] {logging_mixin.py:188} INFO - [2025-03-10T09:26:56.082+0100] {dag.py:3823} INFO - Setting next_dagrun for example_xcom_args to None, run_after=None
[2025-03-10T09:26:56.085+0100] {logging_mixin.py:188} INFO - [2025-03-10T09:26:56.085+0100] {dag.py:3823} INFO - Setting next_dagrun for example_xcom_args_with_operators to None, run_after=None
[2025-03-10T09:26:56.098+0100] {processor.py:183} INFO - Processing /home/philip/de_engineering/airflow_projects/airflow1/venv/lib/python3.10/site-packages/airflow/example_dags/example_xcomargs.py took 0.060 seconds
[2025-03-10T09:27:26.239+0100] {processor.py:161} INFO - Started process (PID=144547) to work on /home/philip/de_engineering/airflow_projects/airflow1/venv/lib/python3.10/site-packages/airflow/example_dags/example_xcomargs.py
[2025-03-10T09:27:26.240+0100] {processor.py:830} INFO - Processing file /home/philip/de_engineering/airflow_projects/airflow1/venv/lib/python3.10/site-packages/airflow/example_dags/example_xcomargs.py for tasks to queue
[2025-03-10T09:27:26.241+0100] {logging_mixin.py:188} INFO - [2025-03-10T09:27:26.240+0100] {dagbag.py:538} INFO - Filling up the DagBag from /home/philip/de_engineering/airflow_projects/airflow1/venv/lib/python3.10/site-packages/airflow/example_dags/example_xcomargs.py
[2025-03-10T09:27:26.249+0100] {processor.py:840} INFO - DAG(s) 'example_xcom_args_with_operators', 'example_xcom_args' retrieved from /home/philip/de_engineering/airflow_projects/airflow1/venv/lib/python3.10/site-packages/airflow/example_dags/example_xcomargs.py
[2025-03-10T09:27:26.276+0100] {logging_mixin.py:188} INFO - [2025-03-10T09:27:26.276+0100] {dag.py:3036} INFO - Sync 2 DAGs
[2025-03-10T09:27:26.291+0100] {logging_mixin.py:188} INFO - [2025-03-10T09:27:26.291+0100] {dag.py:3823} INFO - Setting next_dagrun for example_xcom_args to None, run_after=None
[2025-03-10T09:27:26.294+0100] {logging_mixin.py:188} INFO - [2025-03-10T09:27:26.294+0100] {dag.py:3823} INFO - Setting next_dagrun for example_xcom_args_with_operators to None, run_after=None
[2025-03-10T09:27:26.311+0100] {processor.py:183} INFO - Processing /home/philip/de_engineering/airflow_projects/airflow1/venv/lib/python3.10/site-packages/airflow/example_dags/example_xcomargs.py took 0.075 seconds
[2025-03-10T09:27:56.484+0100] {processor.py:161} INFO - Started process (PID=144922) to work on /home/philip/de_engineering/airflow_projects/airflow1/venv/lib/python3.10/site-packages/airflow/example_dags/example_xcomargs.py
[2025-03-10T09:27:56.485+0100] {processor.py:830} INFO - Processing file /home/philip/de_engineering/airflow_projects/airflow1/venv/lib/python3.10/site-packages/airflow/example_dags/example_xcomargs.py for tasks to queue
[2025-03-10T09:27:56.486+0100] {logging_mixin.py:188} INFO - [2025-03-10T09:27:56.486+0100] {dagbag.py:538} INFO - Filling up the DagBag from /home/philip/de_engineering/airflow_projects/airflow1/venv/lib/python3.10/site-packages/airflow/example_dags/example_xcomargs.py
[2025-03-10T09:27:56.494+0100] {processor.py:840} INFO - DAG(s) 'example_xcom_args_with_operators', 'example_xcom_args' retrieved from /home/philip/de_engineering/airflow_projects/airflow1/venv/lib/python3.10/site-packages/airflow/example_dags/example_xcomargs.py
[2025-03-10T09:27:56.518+0100] {logging_mixin.py:188} INFO - [2025-03-10T09:27:56.518+0100] {dag.py:3036} INFO - Sync 2 DAGs
[2025-03-10T09:27:56.529+0100] {logging_mixin.py:188} INFO - [2025-03-10T09:27:56.529+0100] {dag.py:3823} INFO - Setting next_dagrun for example_xcom_args to None, run_after=None
[2025-03-10T09:27:56.532+0100] {logging_mixin.py:188} INFO - [2025-03-10T09:27:56.532+0100] {dag.py:3823} INFO - Setting next_dagrun for example_xcom_args_with_operators to None, run_after=None
[2025-03-10T09:27:56.547+0100] {processor.py:183} INFO - Processing /home/philip/de_engineering/airflow_projects/airflow1/venv/lib/python3.10/site-packages/airflow/example_dags/example_xcomargs.py took 0.065 seconds
[2025-03-10T09:28:26.838+0100] {processor.py:161} INFO - Started process (PID=145302) to work on /home/philip/de_engineering/airflow_projects/airflow1/venv/lib/python3.10/site-packages/airflow/example_dags/example_xcomargs.py
[2025-03-10T09:28:26.839+0100] {processor.py:830} INFO - Processing file /home/philip/de_engineering/airflow_projects/airflow1/venv/lib/python3.10/site-packages/airflow/example_dags/example_xcomargs.py for tasks to queue
[2025-03-10T09:28:26.840+0100] {logging_mixin.py:188} INFO - [2025-03-10T09:28:26.839+0100] {dagbag.py:538} INFO - Filling up the DagBag from /home/philip/de_engineering/airflow_projects/airflow1/venv/lib/python3.10/site-packages/airflow/example_dags/example_xcomargs.py
[2025-03-10T09:28:26.848+0100] {processor.py:840} INFO - DAG(s) 'example_xcom_args', 'example_xcom_args_with_operators' retrieved from /home/philip/de_engineering/airflow_projects/airflow1/venv/lib/python3.10/site-packages/airflow/example_dags/example_xcomargs.py
[2025-03-10T09:28:26.875+0100] {logging_mixin.py:188} INFO - [2025-03-10T09:28:26.875+0100] {dag.py:3036} INFO - Sync 2 DAGs
[2025-03-10T09:28:26.888+0100] {logging_mixin.py:188} INFO - [2025-03-10T09:28:26.888+0100] {dag.py:3823} INFO - Setting next_dagrun for example_xcom_args to None, run_after=None
[2025-03-10T09:28:26.892+0100] {logging_mixin.py:188} INFO - [2025-03-10T09:28:26.891+0100] {dag.py:3823} INFO - Setting next_dagrun for example_xcom_args_with_operators to None, run_after=None
[2025-03-10T09:28:26.904+0100] {processor.py:183} INFO - Processing /home/philip/de_engineering/airflow_projects/airflow1/venv/lib/python3.10/site-packages/airflow/example_dags/example_xcomargs.py took 0.070 seconds
[2025-03-10T09:28:57.002+0100] {processor.py:161} INFO - Started process (PID=145679) to work on /home/philip/de_engineering/airflow_projects/airflow1/venv/lib/python3.10/site-packages/airflow/example_dags/example_xcomargs.py
[2025-03-10T09:28:57.003+0100] {processor.py:830} INFO - Processing file /home/philip/de_engineering/airflow_projects/airflow1/venv/lib/python3.10/site-packages/airflow/example_dags/example_xcomargs.py for tasks to queue
[2025-03-10T09:28:57.004+0100] {logging_mixin.py:188} INFO - [2025-03-10T09:28:57.003+0100] {dagbag.py:538} INFO - Filling up the DagBag from /home/philip/de_engineering/airflow_projects/airflow1/venv/lib/python3.10/site-packages/airflow/example_dags/example_xcomargs.py
[2025-03-10T09:28:57.011+0100] {processor.py:840} INFO - DAG(s) 'example_xcom_args_with_operators', 'example_xcom_args' retrieved from /home/philip/de_engineering/airflow_projects/airflow1/venv/lib/python3.10/site-packages/airflow/example_dags/example_xcomargs.py
[2025-03-10T09:28:57.033+0100] {logging_mixin.py:188} INFO - [2025-03-10T09:28:57.033+0100] {dag.py:3036} INFO - Sync 2 DAGs
[2025-03-10T09:28:57.044+0100] {logging_mixin.py:188} INFO - [2025-03-10T09:28:57.044+0100] {dag.py:3823} INFO - Setting next_dagrun for example_xcom_args to None, run_after=None
[2025-03-10T09:28:57.047+0100] {logging_mixin.py:188} INFO - [2025-03-10T09:28:57.047+0100] {dag.py:3823} INFO - Setting next_dagrun for example_xcom_args_with_operators to None, run_after=None
[2025-03-10T09:28:57.060+0100] {processor.py:183} INFO - Processing /home/philip/de_engineering/airflow_projects/airflow1/venv/lib/python3.10/site-packages/airflow/example_dags/example_xcomargs.py took 0.061 seconds
[2025-03-10T09:29:27.222+0100] {processor.py:161} INFO - Started process (PID=146059) to work on /home/philip/de_engineering/airflow_projects/airflow1/venv/lib/python3.10/site-packages/airflow/example_dags/example_xcomargs.py
[2025-03-10T09:29:27.223+0100] {processor.py:830} INFO - Processing file /home/philip/de_engineering/airflow_projects/airflow1/venv/lib/python3.10/site-packages/airflow/example_dags/example_xcomargs.py for tasks to queue
[2025-03-10T09:29:27.223+0100] {logging_mixin.py:188} INFO - [2025-03-10T09:29:27.223+0100] {dagbag.py:538} INFO - Filling up the DagBag from /home/philip/de_engineering/airflow_projects/airflow1/venv/lib/python3.10/site-packages/airflow/example_dags/example_xcomargs.py
[2025-03-10T09:29:27.230+0100] {processor.py:840} INFO - DAG(s) 'example_xcom_args', 'example_xcom_args_with_operators' retrieved from /home/philip/de_engineering/airflow_projects/airflow1/venv/lib/python3.10/site-packages/airflow/example_dags/example_xcomargs.py
[2025-03-10T09:29:27.254+0100] {logging_mixin.py:188} INFO - [2025-03-10T09:29:27.254+0100] {dag.py:3036} INFO - Sync 2 DAGs
[2025-03-10T09:29:27.266+0100] {logging_mixin.py:188} INFO - [2025-03-10T09:29:27.266+0100] {dag.py:3823} INFO - Setting next_dagrun for example_xcom_args to None, run_after=None
[2025-03-10T09:29:27.271+0100] {logging_mixin.py:188} INFO - [2025-03-10T09:29:27.270+0100] {dag.py:3823} INFO - Setting next_dagrun for example_xcom_args_with_operators to None, run_after=None
[2025-03-10T09:29:27.285+0100] {processor.py:183} INFO - Processing /home/philip/de_engineering/airflow_projects/airflow1/venv/lib/python3.10/site-packages/airflow/example_dags/example_xcomargs.py took 0.066 seconds
[2025-03-10T09:29:57.391+0100] {processor.py:161} INFO - Started process (PID=146434) to work on /home/philip/de_engineering/airflow_projects/airflow1/venv/lib/python3.10/site-packages/airflow/example_dags/example_xcomargs.py
[2025-03-10T09:29:57.393+0100] {processor.py:830} INFO - Processing file /home/philip/de_engineering/airflow_projects/airflow1/venv/lib/python3.10/site-packages/airflow/example_dags/example_xcomargs.py for tasks to queue
[2025-03-10T09:29:57.393+0100] {logging_mixin.py:188} INFO - [2025-03-10T09:29:57.393+0100] {dagbag.py:538} INFO - Filling up the DagBag from /home/philip/de_engineering/airflow_projects/airflow1/venv/lib/python3.10/site-packages/airflow/example_dags/example_xcomargs.py
[2025-03-10T09:29:57.402+0100] {processor.py:840} INFO - DAG(s) 'example_xcom_args_with_operators', 'example_xcom_args' retrieved from /home/philip/de_engineering/airflow_projects/airflow1/venv/lib/python3.10/site-packages/airflow/example_dags/example_xcomargs.py
[2025-03-10T09:29:57.428+0100] {logging_mixin.py:188} INFO - [2025-03-10T09:29:57.428+0100] {dag.py:3036} INFO - Sync 2 DAGs
[2025-03-10T09:29:57.440+0100] {logging_mixin.py:188} INFO - [2025-03-10T09:29:57.439+0100] {dag.py:3823} INFO - Setting next_dagrun for example_xcom_args to None, run_after=None
[2025-03-10T09:29:57.443+0100] {logging_mixin.py:188} INFO - [2025-03-10T09:29:57.443+0100] {dag.py:3823} INFO - Setting next_dagrun for example_xcom_args_with_operators to None, run_after=None
[2025-03-10T09:29:57.455+0100] {processor.py:183} INFO - Processing /home/philip/de_engineering/airflow_projects/airflow1/venv/lib/python3.10/site-packages/airflow/example_dags/example_xcomargs.py took 0.067 seconds
[2025-03-10T09:30:27.643+0100] {processor.py:161} INFO - Started process (PID=146815) to work on /home/philip/de_engineering/airflow_projects/airflow1/venv/lib/python3.10/site-packages/airflow/example_dags/example_xcomargs.py
[2025-03-10T09:30:27.644+0100] {processor.py:830} INFO - Processing file /home/philip/de_engineering/airflow_projects/airflow1/venv/lib/python3.10/site-packages/airflow/example_dags/example_xcomargs.py for tasks to queue
[2025-03-10T09:30:27.645+0100] {logging_mixin.py:188} INFO - [2025-03-10T09:30:27.644+0100] {dagbag.py:538} INFO - Filling up the DagBag from /home/philip/de_engineering/airflow_projects/airflow1/venv/lib/python3.10/site-packages/airflow/example_dags/example_xcomargs.py
[2025-03-10T09:30:27.651+0100] {processor.py:840} INFO - DAG(s) 'example_xcom_args', 'example_xcom_args_with_operators' retrieved from /home/philip/de_engineering/airflow_projects/airflow1/venv/lib/python3.10/site-packages/airflow/example_dags/example_xcomargs.py
[2025-03-10T09:30:27.675+0100] {logging_mixin.py:188} INFO - [2025-03-10T09:30:27.675+0100] {dag.py:3036} INFO - Sync 2 DAGs
[2025-03-10T09:30:27.685+0100] {logging_mixin.py:188} INFO - [2025-03-10T09:30:27.685+0100] {dag.py:3823} INFO - Setting next_dagrun for example_xcom_args to None, run_after=None
[2025-03-10T09:30:27.689+0100] {logging_mixin.py:188} INFO - [2025-03-10T09:30:27.689+0100] {dag.py:3823} INFO - Setting next_dagrun for example_xcom_args_with_operators to None, run_after=None
[2025-03-10T09:30:27.702+0100] {processor.py:183} INFO - Processing /home/philip/de_engineering/airflow_projects/airflow1/venv/lib/python3.10/site-packages/airflow/example_dags/example_xcomargs.py took 0.062 seconds
[2025-03-10T09:30:57.774+0100] {processor.py:161} INFO - Started process (PID=147190) to work on /home/philip/de_engineering/airflow_projects/airflow1/venv/lib/python3.10/site-packages/airflow/example_dags/example_xcomargs.py
[2025-03-10T09:30:57.775+0100] {processor.py:830} INFO - Processing file /home/philip/de_engineering/airflow_projects/airflow1/venv/lib/python3.10/site-packages/airflow/example_dags/example_xcomargs.py for tasks to queue
[2025-03-10T09:30:57.777+0100] {logging_mixin.py:188} INFO - [2025-03-10T09:30:57.776+0100] {dagbag.py:538} INFO - Filling up the DagBag from /home/philip/de_engineering/airflow_projects/airflow1/venv/lib/python3.10/site-packages/airflow/example_dags/example_xcomargs.py
[2025-03-10T09:30:57.785+0100] {processor.py:840} INFO - DAG(s) 'example_xcom_args_with_operators', 'example_xcom_args' retrieved from /home/philip/de_engineering/airflow_projects/airflow1/venv/lib/python3.10/site-packages/airflow/example_dags/example_xcomargs.py
[2025-03-10T09:30:57.809+0100] {logging_mixin.py:188} INFO - [2025-03-10T09:30:57.809+0100] {dag.py:3036} INFO - Sync 2 DAGs
[2025-03-10T09:30:57.819+0100] {logging_mixin.py:188} INFO - [2025-03-10T09:30:57.819+0100] {dag.py:3823} INFO - Setting next_dagrun for example_xcom_args to None, run_after=None
[2025-03-10T09:30:57.822+0100] {logging_mixin.py:188} INFO - [2025-03-10T09:30:57.822+0100] {dag.py:3823} INFO - Setting next_dagrun for example_xcom_args_with_operators to None, run_after=None
[2025-03-10T09:30:57.833+0100] {processor.py:183} INFO - Processing /home/philip/de_engineering/airflow_projects/airflow1/venv/lib/python3.10/site-packages/airflow/example_dags/example_xcomargs.py took 0.063 seconds
[2025-03-10T09:31:28.041+0100] {processor.py:161} INFO - Started process (PID=147570) to work on /home/philip/de_engineering/airflow_projects/airflow1/venv/lib/python3.10/site-packages/airflow/example_dags/example_xcomargs.py
[2025-03-10T09:31:28.042+0100] {processor.py:830} INFO - Processing file /home/philip/de_engineering/airflow_projects/airflow1/venv/lib/python3.10/site-packages/airflow/example_dags/example_xcomargs.py for tasks to queue
[2025-03-10T09:31:28.043+0100] {logging_mixin.py:188} INFO - [2025-03-10T09:31:28.043+0100] {dagbag.py:538} INFO - Filling up the DagBag from /home/philip/de_engineering/airflow_projects/airflow1/venv/lib/python3.10/site-packages/airflow/example_dags/example_xcomargs.py
[2025-03-10T09:31:28.050+0100] {processor.py:840} INFO - DAG(s) 'example_xcom_args_with_operators', 'example_xcom_args' retrieved from /home/philip/de_engineering/airflow_projects/airflow1/venv/lib/python3.10/site-packages/airflow/example_dags/example_xcomargs.py
[2025-03-10T09:31:28.075+0100] {logging_mixin.py:188} INFO - [2025-03-10T09:31:28.075+0100] {dag.py:3036} INFO - Sync 2 DAGs
[2025-03-10T09:31:28.091+0100] {logging_mixin.py:188} INFO - [2025-03-10T09:31:28.090+0100] {dag.py:3823} INFO - Setting next_dagrun for example_xcom_args to None, run_after=None
[2025-03-10T09:31:28.095+0100] {logging_mixin.py:188} INFO - [2025-03-10T09:31:28.095+0100] {dag.py:3823} INFO - Setting next_dagrun for example_xcom_args_with_operators to None, run_after=None
[2025-03-10T09:31:28.110+0100] {processor.py:183} INFO - Processing /home/philip/de_engineering/airflow_projects/airflow1/venv/lib/python3.10/site-packages/airflow/example_dags/example_xcomargs.py took 0.071 seconds
[2025-03-10T09:31:58.182+0100] {processor.py:161} INFO - Started process (PID=147951) to work on /home/philip/de_engineering/airflow_projects/airflow1/venv/lib/python3.10/site-packages/airflow/example_dags/example_xcomargs.py
[2025-03-10T09:31:58.183+0100] {processor.py:830} INFO - Processing file /home/philip/de_engineering/airflow_projects/airflow1/venv/lib/python3.10/site-packages/airflow/example_dags/example_xcomargs.py for tasks to queue
[2025-03-10T09:31:58.184+0100] {logging_mixin.py:188} INFO - [2025-03-10T09:31:58.184+0100] {dagbag.py:538} INFO - Filling up the DagBag from /home/philip/de_engineering/airflow_projects/airflow1/venv/lib/python3.10/site-packages/airflow/example_dags/example_xcomargs.py
[2025-03-10T09:31:58.193+0100] {processor.py:840} INFO - DAG(s) 'example_xcom_args', 'example_xcom_args_with_operators' retrieved from /home/philip/de_engineering/airflow_projects/airflow1/venv/lib/python3.10/site-packages/airflow/example_dags/example_xcomargs.py
[2025-03-10T09:31:58.215+0100] {logging_mixin.py:188} INFO - [2025-03-10T09:31:58.215+0100] {dag.py:3036} INFO - Sync 2 DAGs
[2025-03-10T09:31:58.225+0100] {logging_mixin.py:188} INFO - [2025-03-10T09:31:58.225+0100] {dag.py:3823} INFO - Setting next_dagrun for example_xcom_args to None, run_after=None
[2025-03-10T09:31:58.228+0100] {logging_mixin.py:188} INFO - [2025-03-10T09:31:58.228+0100] {dag.py:3823} INFO - Setting next_dagrun for example_xcom_args_with_operators to None, run_after=None
[2025-03-10T09:31:58.240+0100] {processor.py:183} INFO - Processing /home/philip/de_engineering/airflow_projects/airflow1/venv/lib/python3.10/site-packages/airflow/example_dags/example_xcomargs.py took 0.062 seconds
[2025-03-10T09:32:28.352+0100] {processor.py:161} INFO - Started process (PID=148325) to work on /home/philip/de_engineering/airflow_projects/airflow1/venv/lib/python3.10/site-packages/airflow/example_dags/example_xcomargs.py
[2025-03-10T09:32:28.352+0100] {processor.py:830} INFO - Processing file /home/philip/de_engineering/airflow_projects/airflow1/venv/lib/python3.10/site-packages/airflow/example_dags/example_xcomargs.py for tasks to queue
[2025-03-10T09:32:28.353+0100] {logging_mixin.py:188} INFO - [2025-03-10T09:32:28.353+0100] {dagbag.py:538} INFO - Filling up the DagBag from /home/philip/de_engineering/airflow_projects/airflow1/venv/lib/python3.10/site-packages/airflow/example_dags/example_xcomargs.py
[2025-03-10T09:32:28.360+0100] {processor.py:840} INFO - DAG(s) 'example_xcom_args', 'example_xcom_args_with_operators' retrieved from /home/philip/de_engineering/airflow_projects/airflow1/venv/lib/python3.10/site-packages/airflow/example_dags/example_xcomargs.py
[2025-03-10T09:32:28.384+0100] {logging_mixin.py:188} INFO - [2025-03-10T09:32:28.384+0100] {dag.py:3036} INFO - Sync 2 DAGs
[2025-03-10T09:32:28.396+0100] {logging_mixin.py:188} INFO - [2025-03-10T09:32:28.396+0100] {dag.py:3823} INFO - Setting next_dagrun for example_xcom_args to None, run_after=None
[2025-03-10T09:32:28.399+0100] {logging_mixin.py:188} INFO - [2025-03-10T09:32:28.399+0100] {dag.py:3823} INFO - Setting next_dagrun for example_xcom_args_with_operators to None, run_after=None
[2025-03-10T09:32:28.412+0100] {processor.py:183} INFO - Processing /home/philip/de_engineering/airflow_projects/airflow1/venv/lib/python3.10/site-packages/airflow/example_dags/example_xcomargs.py took 0.063 seconds
[2025-03-10T09:32:58.572+0100] {processor.py:161} INFO - Started process (PID=148706) to work on /home/philip/de_engineering/airflow_projects/airflow1/venv/lib/python3.10/site-packages/airflow/example_dags/example_xcomargs.py
[2025-03-10T09:32:58.574+0100] {processor.py:830} INFO - Processing file /home/philip/de_engineering/airflow_projects/airflow1/venv/lib/python3.10/site-packages/airflow/example_dags/example_xcomargs.py for tasks to queue
[2025-03-10T09:32:58.574+0100] {logging_mixin.py:188} INFO - [2025-03-10T09:32:58.574+0100] {dagbag.py:538} INFO - Filling up the DagBag from /home/philip/de_engineering/airflow_projects/airflow1/venv/lib/python3.10/site-packages/airflow/example_dags/example_xcomargs.py
[2025-03-10T09:32:58.581+0100] {processor.py:840} INFO - DAG(s) 'example_xcom_args', 'example_xcom_args_with_operators' retrieved from /home/philip/de_engineering/airflow_projects/airflow1/venv/lib/python3.10/site-packages/airflow/example_dags/example_xcomargs.py
[2025-03-10T09:32:58.603+0100] {logging_mixin.py:188} INFO - [2025-03-10T09:32:58.603+0100] {dag.py:3036} INFO - Sync 2 DAGs
[2025-03-10T09:32:58.613+0100] {logging_mixin.py:188} INFO - [2025-03-10T09:32:58.613+0100] {dag.py:3823} INFO - Setting next_dagrun for example_xcom_args to None, run_after=None
[2025-03-10T09:32:58.616+0100] {logging_mixin.py:188} INFO - [2025-03-10T09:32:58.616+0100] {dag.py:3823} INFO - Setting next_dagrun for example_xcom_args_with_operators to None, run_after=None
[2025-03-10T09:32:58.629+0100] {processor.py:183} INFO - Processing /home/philip/de_engineering/airflow_projects/airflow1/venv/lib/python3.10/site-packages/airflow/example_dags/example_xcomargs.py took 0.060 seconds
[2025-03-10T09:33:28.853+0100] {processor.py:161} INFO - Started process (PID=149082) to work on /home/philip/de_engineering/airflow_projects/airflow1/venv/lib/python3.10/site-packages/airflow/example_dags/example_xcomargs.py
[2025-03-10T09:33:28.854+0100] {processor.py:830} INFO - Processing file /home/philip/de_engineering/airflow_projects/airflow1/venv/lib/python3.10/site-packages/airflow/example_dags/example_xcomargs.py for tasks to queue
[2025-03-10T09:33:28.855+0100] {logging_mixin.py:188} INFO - [2025-03-10T09:33:28.855+0100] {dagbag.py:538} INFO - Filling up the DagBag from /home/philip/de_engineering/airflow_projects/airflow1/venv/lib/python3.10/site-packages/airflow/example_dags/example_xcomargs.py
[2025-03-10T09:33:28.861+0100] {processor.py:840} INFO - DAG(s) 'example_xcom_args', 'example_xcom_args_with_operators' retrieved from /home/philip/de_engineering/airflow_projects/airflow1/venv/lib/python3.10/site-packages/airflow/example_dags/example_xcomargs.py
[2025-03-10T09:33:28.884+0100] {logging_mixin.py:188} INFO - [2025-03-10T09:33:28.884+0100] {dag.py:3036} INFO - Sync 2 DAGs
[2025-03-10T09:33:28.895+0100] {logging_mixin.py:188} INFO - [2025-03-10T09:33:28.895+0100] {dag.py:3823} INFO - Setting next_dagrun for example_xcom_args to None, run_after=None
[2025-03-10T09:33:28.898+0100] {logging_mixin.py:188} INFO - [2025-03-10T09:33:28.898+0100] {dag.py:3823} INFO - Setting next_dagrun for example_xcom_args_with_operators to None, run_after=None
[2025-03-10T09:33:28.911+0100] {processor.py:183} INFO - Processing /home/philip/de_engineering/airflow_projects/airflow1/venv/lib/python3.10/site-packages/airflow/example_dags/example_xcomargs.py took 0.060 seconds
[2025-03-10T09:33:59.061+0100] {processor.py:161} INFO - Started process (PID=149463) to work on /home/philip/de_engineering/airflow_projects/airflow1/venv/lib/python3.10/site-packages/airflow/example_dags/example_xcomargs.py
[2025-03-10T09:33:59.062+0100] {processor.py:830} INFO - Processing file /home/philip/de_engineering/airflow_projects/airflow1/venv/lib/python3.10/site-packages/airflow/example_dags/example_xcomargs.py for tasks to queue
[2025-03-10T09:33:59.063+0100] {logging_mixin.py:188} INFO - [2025-03-10T09:33:59.062+0100] {dagbag.py:538} INFO - Filling up the DagBag from /home/philip/de_engineering/airflow_projects/airflow1/venv/lib/python3.10/site-packages/airflow/example_dags/example_xcomargs.py
[2025-03-10T09:33:59.070+0100] {processor.py:840} INFO - DAG(s) 'example_xcom_args_with_operators', 'example_xcom_args' retrieved from /home/philip/de_engineering/airflow_projects/airflow1/venv/lib/python3.10/site-packages/airflow/example_dags/example_xcomargs.py
[2025-03-10T09:33:59.097+0100] {logging_mixin.py:188} INFO - [2025-03-10T09:33:59.097+0100] {dag.py:3036} INFO - Sync 2 DAGs
[2025-03-10T09:33:59.109+0100] {logging_mixin.py:188} INFO - [2025-03-10T09:33:59.109+0100] {dag.py:3823} INFO - Setting next_dagrun for example_xcom_args to None, run_after=None
[2025-03-10T09:33:59.113+0100] {logging_mixin.py:188} INFO - [2025-03-10T09:33:59.113+0100] {dag.py:3823} INFO - Setting next_dagrun for example_xcom_args_with_operators to None, run_after=None
[2025-03-10T09:33:59.126+0100] {processor.py:183} INFO - Processing /home/philip/de_engineering/airflow_projects/airflow1/venv/lib/python3.10/site-packages/airflow/example_dags/example_xcomargs.py took 0.068 seconds
[2025-03-10T09:34:29.301+0100] {processor.py:161} INFO - Started process (PID=149837) to work on /home/philip/de_engineering/airflow_projects/airflow1/venv/lib/python3.10/site-packages/airflow/example_dags/example_xcomargs.py
[2025-03-10T09:34:29.302+0100] {processor.py:830} INFO - Processing file /home/philip/de_engineering/airflow_projects/airflow1/venv/lib/python3.10/site-packages/airflow/example_dags/example_xcomargs.py for tasks to queue
[2025-03-10T09:34:29.302+0100] {logging_mixin.py:188} INFO - [2025-03-10T09:34:29.302+0100] {dagbag.py:538} INFO - Filling up the DagBag from /home/philip/de_engineering/airflow_projects/airflow1/venv/lib/python3.10/site-packages/airflow/example_dags/example_xcomargs.py
[2025-03-10T09:34:29.309+0100] {processor.py:840} INFO - DAG(s) 'example_xcom_args', 'example_xcom_args_with_operators' retrieved from /home/philip/de_engineering/airflow_projects/airflow1/venv/lib/python3.10/site-packages/airflow/example_dags/example_xcomargs.py
[2025-03-10T09:34:29.331+0100] {logging_mixin.py:188} INFO - [2025-03-10T09:34:29.331+0100] {dag.py:3036} INFO - Sync 2 DAGs
[2025-03-10T09:34:29.341+0100] {logging_mixin.py:188} INFO - [2025-03-10T09:34:29.340+0100] {dag.py:3823} INFO - Setting next_dagrun for example_xcom_args to None, run_after=None
[2025-03-10T09:34:29.344+0100] {logging_mixin.py:188} INFO - [2025-03-10T09:34:29.344+0100] {dag.py:3823} INFO - Setting next_dagrun for example_xcom_args_with_operators to None, run_after=None
[2025-03-10T09:34:29.355+0100] {processor.py:183} INFO - Processing /home/philip/de_engineering/airflow_projects/airflow1/venv/lib/python3.10/site-packages/airflow/example_dags/example_xcomargs.py took 0.057 seconds
[2025-03-10T09:34:59.516+0100] {processor.py:161} INFO - Started process (PID=150220) to work on /home/philip/de_engineering/airflow_projects/airflow1/venv/lib/python3.10/site-packages/airflow/example_dags/example_xcomargs.py
[2025-03-10T09:34:59.517+0100] {processor.py:830} INFO - Processing file /home/philip/de_engineering/airflow_projects/airflow1/venv/lib/python3.10/site-packages/airflow/example_dags/example_xcomargs.py for tasks to queue
[2025-03-10T09:34:59.518+0100] {logging_mixin.py:188} INFO - [2025-03-10T09:34:59.517+0100] {dagbag.py:538} INFO - Filling up the DagBag from /home/philip/de_engineering/airflow_projects/airflow1/venv/lib/python3.10/site-packages/airflow/example_dags/example_xcomargs.py
[2025-03-10T09:34:59.524+0100] {processor.py:840} INFO - DAG(s) 'example_xcom_args', 'example_xcom_args_with_operators' retrieved from /home/philip/de_engineering/airflow_projects/airflow1/venv/lib/python3.10/site-packages/airflow/example_dags/example_xcomargs.py
[2025-03-10T09:34:59.547+0100] {logging_mixin.py:188} INFO - [2025-03-10T09:34:59.547+0100] {dag.py:3036} INFO - Sync 2 DAGs
[2025-03-10T09:34:59.557+0100] {logging_mixin.py:188} INFO - [2025-03-10T09:34:59.557+0100] {dag.py:3823} INFO - Setting next_dagrun for example_xcom_args to None, run_after=None
[2025-03-10T09:34:59.559+0100] {logging_mixin.py:188} INFO - [2025-03-10T09:34:59.559+0100] {dag.py:3823} INFO - Setting next_dagrun for example_xcom_args_with_operators to None, run_after=None
[2025-03-10T09:34:59.572+0100] {processor.py:183} INFO - Processing /home/philip/de_engineering/airflow_projects/airflow1/venv/lib/python3.10/site-packages/airflow/example_dags/example_xcomargs.py took 0.059 seconds
[2025-03-10T09:35:29.741+0100] {processor.py:161} INFO - Started process (PID=150597) to work on /home/philip/de_engineering/airflow_projects/airflow1/venv/lib/python3.10/site-packages/airflow/example_dags/example_xcomargs.py
[2025-03-10T09:35:29.742+0100] {processor.py:830} INFO - Processing file /home/philip/de_engineering/airflow_projects/airflow1/venv/lib/python3.10/site-packages/airflow/example_dags/example_xcomargs.py for tasks to queue
[2025-03-10T09:35:29.743+0100] {logging_mixin.py:188} INFO - [2025-03-10T09:35:29.743+0100] {dagbag.py:538} INFO - Filling up the DagBag from /home/philip/de_engineering/airflow_projects/airflow1/venv/lib/python3.10/site-packages/airflow/example_dags/example_xcomargs.py
[2025-03-10T09:35:29.749+0100] {processor.py:840} INFO - DAG(s) 'example_xcom_args', 'example_xcom_args_with_operators' retrieved from /home/philip/de_engineering/airflow_projects/airflow1/venv/lib/python3.10/site-packages/airflow/example_dags/example_xcomargs.py
[2025-03-10T09:35:29.773+0100] {logging_mixin.py:188} INFO - [2025-03-10T09:35:29.773+0100] {dag.py:3036} INFO - Sync 2 DAGs
[2025-03-10T09:35:29.784+0100] {logging_mixin.py:188} INFO - [2025-03-10T09:35:29.784+0100] {dag.py:3823} INFO - Setting next_dagrun for example_xcom_args to None, run_after=None
[2025-03-10T09:35:29.788+0100] {logging_mixin.py:188} INFO - [2025-03-10T09:35:29.787+0100] {dag.py:3823} INFO - Setting next_dagrun for example_xcom_args_with_operators to None, run_after=None
[2025-03-10T09:35:29.801+0100] {processor.py:183} INFO - Processing /home/philip/de_engineering/airflow_projects/airflow1/venv/lib/python3.10/site-packages/airflow/example_dags/example_xcomargs.py took 0.063 seconds
[2025-03-10T09:36:00.021+0100] {processor.py:161} INFO - Started process (PID=150978) to work on /home/philip/de_engineering/airflow_projects/airflow1/venv/lib/python3.10/site-packages/airflow/example_dags/example_xcomargs.py
[2025-03-10T09:36:00.022+0100] {processor.py:830} INFO - Processing file /home/philip/de_engineering/airflow_projects/airflow1/venv/lib/python3.10/site-packages/airflow/example_dags/example_xcomargs.py for tasks to queue
[2025-03-10T09:36:00.023+0100] {logging_mixin.py:188} INFO - [2025-03-10T09:36:00.023+0100] {dagbag.py:538} INFO - Filling up the DagBag from /home/philip/de_engineering/airflow_projects/airflow1/venv/lib/python3.10/site-packages/airflow/example_dags/example_xcomargs.py
[2025-03-10T09:36:00.030+0100] {processor.py:840} INFO - DAG(s) 'example_xcom_args_with_operators', 'example_xcom_args' retrieved from /home/philip/de_engineering/airflow_projects/airflow1/venv/lib/python3.10/site-packages/airflow/example_dags/example_xcomargs.py
[2025-03-10T09:36:00.055+0100] {logging_mixin.py:188} INFO - [2025-03-10T09:36:00.055+0100] {dag.py:3036} INFO - Sync 2 DAGs
[2025-03-10T09:36:00.066+0100] {logging_mixin.py:188} INFO - [2025-03-10T09:36:00.065+0100] {dag.py:3823} INFO - Setting next_dagrun for example_xcom_args to None, run_after=None
[2025-03-10T09:36:00.070+0100] {logging_mixin.py:188} INFO - [2025-03-10T09:36:00.069+0100] {dag.py:3823} INFO - Setting next_dagrun for example_xcom_args_with_operators to None, run_after=None
[2025-03-10T09:36:00.085+0100] {processor.py:183} INFO - Processing /home/philip/de_engineering/airflow_projects/airflow1/venv/lib/python3.10/site-packages/airflow/example_dags/example_xcomargs.py took 0.067 seconds
