[2025-03-10T09:14:25.198+0100] {processor.py:161} INFO - Started process (PID=136893) to work on /home/philip/de_engineering/airflow_projects/airflow1/venv/lib/python3.10/site-packages/airflow/example_dags/example_dag_decorator.py
[2025-03-10T09:14:25.199+0100] {processor.py:830} INFO - Processing file /home/philip/de_engineering/airflow_projects/airflow1/venv/lib/python3.10/site-packages/airflow/example_dags/example_dag_decorator.py for tasks to queue
[2025-03-10T09:14:25.200+0100] {logging_mixin.py:188} INFO - [2025-03-10T09:14:25.200+0100] {dagbag.py:538} INFO - Filling up the DagBag from /home/philip/de_engineering/airflow_projects/airflow1/venv/lib/python3.10/site-packages/airflow/example_dags/example_dag_decorator.py
[2025-03-10T09:14:25.300+0100] {processor.py:840} INFO - DAG(s) 'example_dag_decorator' retrieved from /home/philip/de_engineering/airflow_projects/airflow1/venv/lib/python3.10/site-packages/airflow/example_dags/example_dag_decorator.py
[2025-03-10T09:14:25.378+0100] {logging_mixin.py:188} INFO - [2025-03-10T09:14:25.377+0100] {override.py:1769} INFO - Created Permission View: can read on DAG:example_dag_decorator
[2025-03-10T09:14:25.385+0100] {logging_mixin.py:188} INFO - [2025-03-10T09:14:25.385+0100] {override.py:1769} INFO - Created Permission View: can delete on DAG:example_dag_decorator
[2025-03-10T09:14:25.390+0100] {logging_mixin.py:188} INFO - [2025-03-10T09:14:25.390+0100] {override.py:1769} INFO - Created Permission View: can edit on DAG:example_dag_decorator
[2025-03-10T09:14:25.390+0100] {logging_mixin.py:188} INFO - [2025-03-10T09:14:25.390+0100] {dag.py:3036} INFO - Sync 1 DAGs
[2025-03-10T09:14:25.399+0100] {logging_mixin.py:188} INFO - [2025-03-10T09:14:25.399+0100] {dag.py:3058} INFO - Creating ORM DAG for example_dag_decorator
[2025-03-10T09:14:25.399+0100] {logging_mixin.py:188} INFO - [2025-03-10T09:14:25.399+0100] {dag.py:3823} INFO - Setting next_dagrun for example_dag_decorator to None, run_after=None
[2025-03-10T09:14:25.412+0100] {processor.py:183} INFO - Processing /home/philip/de_engineering/airflow_projects/airflow1/venv/lib/python3.10/site-packages/airflow/example_dags/example_dag_decorator.py took 0.216 seconds
[2025-03-10T09:14:56.018+0100] {processor.py:161} INFO - Started process (PID=137005) to work on /home/philip/de_engineering/airflow_projects/airflow1/venv/lib/python3.10/site-packages/airflow/example_dags/example_dag_decorator.py
[2025-03-10T09:14:56.019+0100] {processor.py:830} INFO - Processing file /home/philip/de_engineering/airflow_projects/airflow1/venv/lib/python3.10/site-packages/airflow/example_dags/example_dag_decorator.py for tasks to queue
[2025-03-10T09:14:56.020+0100] {logging_mixin.py:188} INFO - [2025-03-10T09:14:56.019+0100] {dagbag.py:538} INFO - Filling up the DagBag from /home/philip/de_engineering/airflow_projects/airflow1/venv/lib/python3.10/site-packages/airflow/example_dags/example_dag_decorator.py
[2025-03-10T09:14:56.079+0100] {processor.py:840} INFO - DAG(s) 'example_dag_decorator' retrieved from /home/philip/de_engineering/airflow_projects/airflow1/venv/lib/python3.10/site-packages/airflow/example_dags/example_dag_decorator.py
[2025-03-10T09:14:56.161+0100] {logging_mixin.py:188} INFO - [2025-03-10T09:14:56.161+0100] {dag.py:3036} INFO - Sync 1 DAGs
[2025-03-10T09:14:56.171+0100] {logging_mixin.py:188} INFO - [2025-03-10T09:14:56.171+0100] {dag.py:3823} INFO - Setting next_dagrun for example_dag_decorator to None, run_after=None
[2025-03-10T09:14:56.188+0100] {processor.py:183} INFO - Processing /home/philip/de_engineering/airflow_projects/airflow1/venv/lib/python3.10/site-packages/airflow/example_dags/example_dag_decorator.py took 0.173 seconds
[2025-03-10T09:15:26.244+0100] {processor.py:161} INFO - Started process (PID=137108) to work on /home/philip/de_engineering/airflow_projects/airflow1/venv/lib/python3.10/site-packages/airflow/example_dags/example_dag_decorator.py
[2025-03-10T09:15:26.245+0100] {processor.py:830} INFO - Processing file /home/philip/de_engineering/airflow_projects/airflow1/venv/lib/python3.10/site-packages/airflow/example_dags/example_dag_decorator.py for tasks to queue
[2025-03-10T09:15:26.246+0100] {logging_mixin.py:188} INFO - [2025-03-10T09:15:26.245+0100] {dagbag.py:538} INFO - Filling up the DagBag from /home/philip/de_engineering/airflow_projects/airflow1/venv/lib/python3.10/site-packages/airflow/example_dags/example_dag_decorator.py
[2025-03-10T09:15:26.306+0100] {processor.py:840} INFO - DAG(s) 'example_dag_decorator' retrieved from /home/philip/de_engineering/airflow_projects/airflow1/venv/lib/python3.10/site-packages/airflow/example_dags/example_dag_decorator.py
[2025-03-10T09:15:26.387+0100] {logging_mixin.py:188} INFO - [2025-03-10T09:15:26.387+0100] {dag.py:3036} INFO - Sync 1 DAGs
[2025-03-10T09:15:26.396+0100] {logging_mixin.py:188} INFO - [2025-03-10T09:15:26.396+0100] {dag.py:3823} INFO - Setting next_dagrun for example_dag_decorator to None, run_after=None
[2025-03-10T09:15:26.412+0100] {processor.py:183} INFO - Processing /home/philip/de_engineering/airflow_projects/airflow1/venv/lib/python3.10/site-packages/airflow/example_dags/example_dag_decorator.py took 0.172 seconds
[2025-03-10T09:15:56.613+0100] {processor.py:161} INFO - Started process (PID=137207) to work on /home/philip/de_engineering/airflow_projects/airflow1/venv/lib/python3.10/site-packages/airflow/example_dags/example_dag_decorator.py
[2025-03-10T09:15:56.614+0100] {processor.py:830} INFO - Processing file /home/philip/de_engineering/airflow_projects/airflow1/venv/lib/python3.10/site-packages/airflow/example_dags/example_dag_decorator.py for tasks to queue
[2025-03-10T09:15:56.614+0100] {logging_mixin.py:188} INFO - [2025-03-10T09:15:56.614+0100] {dagbag.py:538} INFO - Filling up the DagBag from /home/philip/de_engineering/airflow_projects/airflow1/venv/lib/python3.10/site-packages/airflow/example_dags/example_dag_decorator.py
[2025-03-10T09:15:56.680+0100] {processor.py:840} INFO - DAG(s) 'example_dag_decorator' retrieved from /home/philip/de_engineering/airflow_projects/airflow1/venv/lib/python3.10/site-packages/airflow/example_dags/example_dag_decorator.py
[2025-03-10T09:15:56.776+0100] {logging_mixin.py:188} INFO - [2025-03-10T09:15:56.776+0100] {dag.py:3036} INFO - Sync 1 DAGs
[2025-03-10T09:15:56.786+0100] {logging_mixin.py:188} INFO - [2025-03-10T09:15:56.785+0100] {dag.py:3823} INFO - Setting next_dagrun for example_dag_decorator to None, run_after=None
[2025-03-10T09:15:56.801+0100] {processor.py:183} INFO - Processing /home/philip/de_engineering/airflow_projects/airflow1/venv/lib/python3.10/site-packages/airflow/example_dags/example_dag_decorator.py took 0.191 seconds
[2025-03-10T09:16:26.944+0100] {processor.py:161} INFO - Started process (PID=137583) to work on /home/philip/de_engineering/airflow_projects/airflow1/venv/lib/python3.10/site-packages/airflow/example_dags/example_dag_decorator.py
[2025-03-10T09:16:26.945+0100] {processor.py:830} INFO - Processing file /home/philip/de_engineering/airflow_projects/airflow1/venv/lib/python3.10/site-packages/airflow/example_dags/example_dag_decorator.py for tasks to queue
[2025-03-10T09:16:26.946+0100] {logging_mixin.py:188} INFO - [2025-03-10T09:16:26.946+0100] {dagbag.py:538} INFO - Filling up the DagBag from /home/philip/de_engineering/airflow_projects/airflow1/venv/lib/python3.10/site-packages/airflow/example_dags/example_dag_decorator.py
[2025-03-10T09:16:27.009+0100] {processor.py:840} INFO - DAG(s) 'example_dag_decorator' retrieved from /home/philip/de_engineering/airflow_projects/airflow1/venv/lib/python3.10/site-packages/airflow/example_dags/example_dag_decorator.py
[2025-03-10T09:16:27.093+0100] {logging_mixin.py:188} INFO - [2025-03-10T09:16:27.093+0100] {dag.py:3036} INFO - Sync 1 DAGs
[2025-03-10T09:16:27.102+0100] {logging_mixin.py:188} INFO - [2025-03-10T09:16:27.102+0100] {dag.py:3823} INFO - Setting next_dagrun for example_dag_decorator to None, run_after=None
[2025-03-10T09:16:27.117+0100] {processor.py:183} INFO - Processing /home/philip/de_engineering/airflow_projects/airflow1/venv/lib/python3.10/site-packages/airflow/example_dags/example_dag_decorator.py took 0.177 seconds
[2025-03-10T09:16:57.137+0100] {processor.py:161} INFO - Started process (PID=137774) to work on /home/philip/de_engineering/airflow_projects/airflow1/venv/lib/python3.10/site-packages/airflow/example_dags/example_dag_decorator.py
[2025-03-10T09:16:57.138+0100] {processor.py:830} INFO - Processing file /home/philip/de_engineering/airflow_projects/airflow1/venv/lib/python3.10/site-packages/airflow/example_dags/example_dag_decorator.py for tasks to queue
[2025-03-10T09:16:57.138+0100] {logging_mixin.py:188} INFO - [2025-03-10T09:16:57.138+0100] {dagbag.py:538} INFO - Filling up the DagBag from /home/philip/de_engineering/airflow_projects/airflow1/venv/lib/python3.10/site-packages/airflow/example_dags/example_dag_decorator.py
[2025-03-10T09:16:57.200+0100] {processor.py:840} INFO - DAG(s) 'example_dag_decorator' retrieved from /home/philip/de_engineering/airflow_projects/airflow1/venv/lib/python3.10/site-packages/airflow/example_dags/example_dag_decorator.py
[2025-03-10T09:16:57.275+0100] {logging_mixin.py:188} INFO - [2025-03-10T09:16:57.274+0100] {dag.py:3036} INFO - Sync 1 DAGs
[2025-03-10T09:16:57.283+0100] {logging_mixin.py:188} INFO - [2025-03-10T09:16:57.283+0100] {dag.py:3823} INFO - Setting next_dagrun for example_dag_decorator to None, run_after=None
[2025-03-10T09:16:57.297+0100] {processor.py:183} INFO - Processing /home/philip/de_engineering/airflow_projects/airflow1/venv/lib/python3.10/site-packages/airflow/example_dags/example_dag_decorator.py took 0.163 seconds
[2025-03-10T09:17:27.424+0100] {processor.py:161} INFO - Started process (PID=137964) to work on /home/philip/de_engineering/airflow_projects/airflow1/venv/lib/python3.10/site-packages/airflow/example_dags/example_dag_decorator.py
[2025-03-10T09:17:27.426+0100] {processor.py:830} INFO - Processing file /home/philip/de_engineering/airflow_projects/airflow1/venv/lib/python3.10/site-packages/airflow/example_dags/example_dag_decorator.py for tasks to queue
[2025-03-10T09:17:27.426+0100] {logging_mixin.py:188} INFO - [2025-03-10T09:17:27.426+0100] {dagbag.py:538} INFO - Filling up the DagBag from /home/philip/de_engineering/airflow_projects/airflow1/venv/lib/python3.10/site-packages/airflow/example_dags/example_dag_decorator.py
[2025-03-10T09:17:27.489+0100] {processor.py:840} INFO - DAG(s) 'example_dag_decorator' retrieved from /home/philip/de_engineering/airflow_projects/airflow1/venv/lib/python3.10/site-packages/airflow/example_dags/example_dag_decorator.py
[2025-03-10T09:17:27.574+0100] {logging_mixin.py:188} INFO - [2025-03-10T09:17:27.573+0100] {dag.py:3036} INFO - Sync 1 DAGs
[2025-03-10T09:17:27.583+0100] {logging_mixin.py:188} INFO - [2025-03-10T09:17:27.582+0100] {dag.py:3823} INFO - Setting next_dagrun for example_dag_decorator to None, run_after=None
[2025-03-10T09:17:27.600+0100] {processor.py:183} INFO - Processing /home/philip/de_engineering/airflow_projects/airflow1/venv/lib/python3.10/site-packages/airflow/example_dags/example_dag_decorator.py took 0.179 seconds
[2025-03-10T09:19:22.020+0100] {processor.py:161} INFO - Started process (PID=138644) to work on /home/philip/de_engineering/airflow_projects/airflow1/venv/lib/python3.10/site-packages/airflow/example_dags/example_dag_decorator.py
[2025-03-10T09:19:22.022+0100] {processor.py:830} INFO - Processing file /home/philip/de_engineering/airflow_projects/airflow1/venv/lib/python3.10/site-packages/airflow/example_dags/example_dag_decorator.py for tasks to queue
[2025-03-10T09:19:22.022+0100] {logging_mixin.py:188} INFO - [2025-03-10T09:19:22.022+0100] {dagbag.py:538} INFO - Filling up the DagBag from /home/philip/de_engineering/airflow_projects/airflow1/venv/lib/python3.10/site-packages/airflow/example_dags/example_dag_decorator.py
[2025-03-10T09:19:22.087+0100] {processor.py:840} INFO - DAG(s) 'example_dag_decorator' retrieved from /home/philip/de_engineering/airflow_projects/airflow1/venv/lib/python3.10/site-packages/airflow/example_dags/example_dag_decorator.py
[2025-03-10T09:19:22.166+0100] {logging_mixin.py:188} INFO - [2025-03-10T09:19:22.166+0100] {dag.py:3036} INFO - Sync 1 DAGs
[2025-03-10T09:19:22.175+0100] {logging_mixin.py:188} INFO - [2025-03-10T09:19:22.175+0100] {dag.py:3823} INFO - Setting next_dagrun for example_dag_decorator to None, run_after=None
[2025-03-10T09:19:22.191+0100] {processor.py:183} INFO - Processing /home/philip/de_engineering/airflow_projects/airflow1/venv/lib/python3.10/site-packages/airflow/example_dags/example_dag_decorator.py took 0.173 seconds
[2025-03-10T09:19:53.104+0100] {processor.py:161} INFO - Started process (PID=138985) to work on /home/philip/de_engineering/airflow_projects/airflow1/venv/lib/python3.10/site-packages/airflow/example_dags/example_dag_decorator.py
[2025-03-10T09:19:53.104+0100] {processor.py:830} INFO - Processing file /home/philip/de_engineering/airflow_projects/airflow1/venv/lib/python3.10/site-packages/airflow/example_dags/example_dag_decorator.py for tasks to queue
[2025-03-10T09:19:53.105+0100] {logging_mixin.py:188} INFO - [2025-03-10T09:19:53.105+0100] {dagbag.py:538} INFO - Filling up the DagBag from /home/philip/de_engineering/airflow_projects/airflow1/venv/lib/python3.10/site-packages/airflow/example_dags/example_dag_decorator.py
[2025-03-10T09:19:53.165+0100] {processor.py:840} INFO - DAG(s) 'example_dag_decorator' retrieved from /home/philip/de_engineering/airflow_projects/airflow1/venv/lib/python3.10/site-packages/airflow/example_dags/example_dag_decorator.py
[2025-03-10T09:19:53.251+0100] {logging_mixin.py:188} INFO - [2025-03-10T09:19:53.251+0100] {dag.py:3036} INFO - Sync 1 DAGs
[2025-03-10T09:19:53.261+0100] {logging_mixin.py:188} INFO - [2025-03-10T09:19:53.260+0100] {dag.py:3823} INFO - Setting next_dagrun for example_dag_decorator to None, run_after=None
[2025-03-10T09:19:53.278+0100] {processor.py:183} INFO - Processing /home/philip/de_engineering/airflow_projects/airflow1/venv/lib/python3.10/site-packages/airflow/example_dags/example_dag_decorator.py took 0.178 seconds
[2025-03-10T09:20:23.340+0100] {processor.py:161} INFO - Started process (PID=139360) to work on /home/philip/de_engineering/airflow_projects/airflow1/venv/lib/python3.10/site-packages/airflow/example_dags/example_dag_decorator.py
[2025-03-10T09:20:23.341+0100] {processor.py:830} INFO - Processing file /home/philip/de_engineering/airflow_projects/airflow1/venv/lib/python3.10/site-packages/airflow/example_dags/example_dag_decorator.py for tasks to queue
[2025-03-10T09:20:23.342+0100] {logging_mixin.py:188} INFO - [2025-03-10T09:20:23.342+0100] {dagbag.py:538} INFO - Filling up the DagBag from /home/philip/de_engineering/airflow_projects/airflow1/venv/lib/python3.10/site-packages/airflow/example_dags/example_dag_decorator.py
[2025-03-10T09:20:23.408+0100] {processor.py:840} INFO - DAG(s) 'example_dag_decorator' retrieved from /home/philip/de_engineering/airflow_projects/airflow1/venv/lib/python3.10/site-packages/airflow/example_dags/example_dag_decorator.py
[2025-03-10T09:20:23.499+0100] {logging_mixin.py:188} INFO - [2025-03-10T09:20:23.498+0100] {dag.py:3036} INFO - Sync 1 DAGs
[2025-03-10T09:20:23.508+0100] {logging_mixin.py:188} INFO - [2025-03-10T09:20:23.508+0100] {dag.py:3823} INFO - Setting next_dagrun for example_dag_decorator to None, run_after=None
[2025-03-10T09:20:23.528+0100] {processor.py:183} INFO - Processing /home/philip/de_engineering/airflow_projects/airflow1/venv/lib/python3.10/site-packages/airflow/example_dags/example_dag_decorator.py took 0.191 seconds
[2025-03-10T09:20:54.042+0100] {processor.py:161} INFO - Started process (PID=139740) to work on /home/philip/de_engineering/airflow_projects/airflow1/venv/lib/python3.10/site-packages/airflow/example_dags/example_dag_decorator.py
[2025-03-10T09:20:54.043+0100] {processor.py:830} INFO - Processing file /home/philip/de_engineering/airflow_projects/airflow1/venv/lib/python3.10/site-packages/airflow/example_dags/example_dag_decorator.py for tasks to queue
[2025-03-10T09:20:54.044+0100] {logging_mixin.py:188} INFO - [2025-03-10T09:20:54.044+0100] {dagbag.py:538} INFO - Filling up the DagBag from /home/philip/de_engineering/airflow_projects/airflow1/venv/lib/python3.10/site-packages/airflow/example_dags/example_dag_decorator.py
[2025-03-10T09:20:54.110+0100] {processor.py:840} INFO - DAG(s) 'example_dag_decorator' retrieved from /home/philip/de_engineering/airflow_projects/airflow1/venv/lib/python3.10/site-packages/airflow/example_dags/example_dag_decorator.py
[2025-03-10T09:20:54.202+0100] {logging_mixin.py:188} INFO - [2025-03-10T09:20:54.202+0100] {dag.py:3036} INFO - Sync 1 DAGs
[2025-03-10T09:20:54.213+0100] {logging_mixin.py:188} INFO - [2025-03-10T09:20:54.213+0100] {dag.py:3823} INFO - Setting next_dagrun for example_dag_decorator to None, run_after=None
[2025-03-10T09:20:54.232+0100] {processor.py:183} INFO - Processing /home/philip/de_engineering/airflow_projects/airflow1/venv/lib/python3.10/site-packages/airflow/example_dags/example_dag_decorator.py took 0.193 seconds
[2025-03-10T09:21:24.454+0100] {processor.py:161} INFO - Started process (PID=140123) to work on /home/philip/de_engineering/airflow_projects/airflow1/venv/lib/python3.10/site-packages/airflow/example_dags/example_dag_decorator.py
[2025-03-10T09:21:24.455+0100] {processor.py:830} INFO - Processing file /home/philip/de_engineering/airflow_projects/airflow1/venv/lib/python3.10/site-packages/airflow/example_dags/example_dag_decorator.py for tasks to queue
[2025-03-10T09:21:24.456+0100] {logging_mixin.py:188} INFO - [2025-03-10T09:21:24.456+0100] {dagbag.py:538} INFO - Filling up the DagBag from /home/philip/de_engineering/airflow_projects/airflow1/venv/lib/python3.10/site-packages/airflow/example_dags/example_dag_decorator.py
[2025-03-10T09:21:24.517+0100] {processor.py:840} INFO - DAG(s) 'example_dag_decorator' retrieved from /home/philip/de_engineering/airflow_projects/airflow1/venv/lib/python3.10/site-packages/airflow/example_dags/example_dag_decorator.py
[2025-03-10T09:21:24.596+0100] {logging_mixin.py:188} INFO - [2025-03-10T09:21:24.596+0100] {dag.py:3036} INFO - Sync 1 DAGs
[2025-03-10T09:21:24.605+0100] {logging_mixin.py:188} INFO - [2025-03-10T09:21:24.605+0100] {dag.py:3823} INFO - Setting next_dagrun for example_dag_decorator to None, run_after=None
[2025-03-10T09:21:24.624+0100] {processor.py:183} INFO - Processing /home/philip/de_engineering/airflow_projects/airflow1/venv/lib/python3.10/site-packages/airflow/example_dags/example_dag_decorator.py took 0.174 seconds
[2025-03-10T09:21:54.646+0100] {processor.py:161} INFO - Started process (PID=140500) to work on /home/philip/de_engineering/airflow_projects/airflow1/venv/lib/python3.10/site-packages/airflow/example_dags/example_dag_decorator.py
[2025-03-10T09:21:54.647+0100] {processor.py:830} INFO - Processing file /home/philip/de_engineering/airflow_projects/airflow1/venv/lib/python3.10/site-packages/airflow/example_dags/example_dag_decorator.py for tasks to queue
[2025-03-10T09:21:54.647+0100] {logging_mixin.py:188} INFO - [2025-03-10T09:21:54.647+0100] {dagbag.py:538} INFO - Filling up the DagBag from /home/philip/de_engineering/airflow_projects/airflow1/venv/lib/python3.10/site-packages/airflow/example_dags/example_dag_decorator.py
[2025-03-10T09:21:54.705+0100] {processor.py:840} INFO - DAG(s) 'example_dag_decorator' retrieved from /home/philip/de_engineering/airflow_projects/airflow1/venv/lib/python3.10/site-packages/airflow/example_dags/example_dag_decorator.py
[2025-03-10T09:21:54.792+0100] {logging_mixin.py:188} INFO - [2025-03-10T09:21:54.792+0100] {dag.py:3036} INFO - Sync 1 DAGs
[2025-03-10T09:21:54.803+0100] {logging_mixin.py:188} INFO - [2025-03-10T09:21:54.803+0100] {dag.py:3823} INFO - Setting next_dagrun for example_dag_decorator to None, run_after=None
[2025-03-10T09:21:54.821+0100] {processor.py:183} INFO - Processing /home/philip/de_engineering/airflow_projects/airflow1/venv/lib/python3.10/site-packages/airflow/example_dags/example_dag_decorator.py took 0.178 seconds
[2025-03-10T09:22:24.892+0100] {processor.py:161} INFO - Started process (PID=140880) to work on /home/philip/de_engineering/airflow_projects/airflow1/venv/lib/python3.10/site-packages/airflow/example_dags/example_dag_decorator.py
[2025-03-10T09:22:24.893+0100] {processor.py:830} INFO - Processing file /home/philip/de_engineering/airflow_projects/airflow1/venv/lib/python3.10/site-packages/airflow/example_dags/example_dag_decorator.py for tasks to queue
[2025-03-10T09:22:24.894+0100] {logging_mixin.py:188} INFO - [2025-03-10T09:22:24.894+0100] {dagbag.py:538} INFO - Filling up the DagBag from /home/philip/de_engineering/airflow_projects/airflow1/venv/lib/python3.10/site-packages/airflow/example_dags/example_dag_decorator.py
[2025-03-10T09:22:24.954+0100] {processor.py:840} INFO - DAG(s) 'example_dag_decorator' retrieved from /home/philip/de_engineering/airflow_projects/airflow1/venv/lib/python3.10/site-packages/airflow/example_dags/example_dag_decorator.py
[2025-03-10T09:22:25.035+0100] {logging_mixin.py:188} INFO - [2025-03-10T09:22:25.035+0100] {dag.py:3036} INFO - Sync 1 DAGs
[2025-03-10T09:22:25.043+0100] {logging_mixin.py:188} INFO - [2025-03-10T09:22:25.043+0100] {dag.py:3823} INFO - Setting next_dagrun for example_dag_decorator to None, run_after=None
[2025-03-10T09:22:25.058+0100] {processor.py:183} INFO - Processing /home/philip/de_engineering/airflow_projects/airflow1/venv/lib/python3.10/site-packages/airflow/example_dags/example_dag_decorator.py took 0.170 seconds
[2025-03-10T09:22:55.083+0100] {processor.py:161} INFO - Started process (PID=141255) to work on /home/philip/de_engineering/airflow_projects/airflow1/venv/lib/python3.10/site-packages/airflow/example_dags/example_dag_decorator.py
[2025-03-10T09:22:55.084+0100] {processor.py:830} INFO - Processing file /home/philip/de_engineering/airflow_projects/airflow1/venv/lib/python3.10/site-packages/airflow/example_dags/example_dag_decorator.py for tasks to queue
[2025-03-10T09:22:55.085+0100] {logging_mixin.py:188} INFO - [2025-03-10T09:22:55.084+0100] {dagbag.py:538} INFO - Filling up the DagBag from /home/philip/de_engineering/airflow_projects/airflow1/venv/lib/python3.10/site-packages/airflow/example_dags/example_dag_decorator.py
[2025-03-10T09:22:55.143+0100] {processor.py:840} INFO - DAG(s) 'example_dag_decorator' retrieved from /home/philip/de_engineering/airflow_projects/airflow1/venv/lib/python3.10/site-packages/airflow/example_dags/example_dag_decorator.py
[2025-03-10T09:22:55.241+0100] {logging_mixin.py:188} INFO - [2025-03-10T09:22:55.240+0100] {dag.py:3036} INFO - Sync 1 DAGs
[2025-03-10T09:22:55.254+0100] {logging_mixin.py:188} INFO - [2025-03-10T09:22:55.254+0100] {dag.py:3823} INFO - Setting next_dagrun for example_dag_decorator to None, run_after=None
[2025-03-10T09:22:55.278+0100] {processor.py:183} INFO - Processing /home/philip/de_engineering/airflow_projects/airflow1/venv/lib/python3.10/site-packages/airflow/example_dags/example_dag_decorator.py took 0.199 seconds
[2025-03-10T09:23:25.305+0100] {processor.py:161} INFO - Started process (PID=141637) to work on /home/philip/de_engineering/airflow_projects/airflow1/venv/lib/python3.10/site-packages/airflow/example_dags/example_dag_decorator.py
[2025-03-10T09:23:25.307+0100] {processor.py:830} INFO - Processing file /home/philip/de_engineering/airflow_projects/airflow1/venv/lib/python3.10/site-packages/airflow/example_dags/example_dag_decorator.py for tasks to queue
[2025-03-10T09:23:25.307+0100] {logging_mixin.py:188} INFO - [2025-03-10T09:23:25.307+0100] {dagbag.py:538} INFO - Filling up the DagBag from /home/philip/de_engineering/airflow_projects/airflow1/venv/lib/python3.10/site-packages/airflow/example_dags/example_dag_decorator.py
[2025-03-10T09:23:25.369+0100] {processor.py:840} INFO - DAG(s) 'example_dag_decorator' retrieved from /home/philip/de_engineering/airflow_projects/airflow1/venv/lib/python3.10/site-packages/airflow/example_dags/example_dag_decorator.py
[2025-03-10T09:23:25.453+0100] {logging_mixin.py:188} INFO - [2025-03-10T09:23:25.453+0100] {dag.py:3036} INFO - Sync 1 DAGs
[2025-03-10T09:23:25.462+0100] {logging_mixin.py:188} INFO - [2025-03-10T09:23:25.462+0100] {dag.py:3823} INFO - Setting next_dagrun for example_dag_decorator to None, run_after=None
[2025-03-10T09:23:25.478+0100] {processor.py:183} INFO - Processing /home/philip/de_engineering/airflow_projects/airflow1/venv/lib/python3.10/site-packages/airflow/example_dags/example_dag_decorator.py took 0.176 seconds
[2025-03-10T09:23:55.731+0100] {processor.py:161} INFO - Started process (PID=142013) to work on /home/philip/de_engineering/airflow_projects/airflow1/venv/lib/python3.10/site-packages/airflow/example_dags/example_dag_decorator.py
[2025-03-10T09:23:55.774+0100] {processor.py:830} INFO - Processing file /home/philip/de_engineering/airflow_projects/airflow1/venv/lib/python3.10/site-packages/airflow/example_dags/example_dag_decorator.py for tasks to queue
[2025-03-10T09:23:55.775+0100] {logging_mixin.py:188} INFO - [2025-03-10T09:23:55.775+0100] {dagbag.py:538} INFO - Filling up the DagBag from /home/philip/de_engineering/airflow_projects/airflow1/venv/lib/python3.10/site-packages/airflow/example_dags/example_dag_decorator.py
[2025-03-10T09:23:55.840+0100] {processor.py:840} INFO - DAG(s) 'example_dag_decorator' retrieved from /home/philip/de_engineering/airflow_projects/airflow1/venv/lib/python3.10/site-packages/airflow/example_dags/example_dag_decorator.py
[2025-03-10T09:23:55.940+0100] {logging_mixin.py:188} INFO - [2025-03-10T09:23:55.939+0100] {dag.py:3036} INFO - Sync 1 DAGs
[2025-03-10T09:23:55.948+0100] {logging_mixin.py:188} INFO - [2025-03-10T09:23:55.948+0100] {dag.py:3823} INFO - Setting next_dagrun for example_dag_decorator to None, run_after=None
[2025-03-10T09:23:55.965+0100] {processor.py:183} INFO - Processing /home/philip/de_engineering/airflow_projects/airflow1/venv/lib/python3.10/site-packages/airflow/example_dags/example_dag_decorator.py took 0.237 seconds
[2025-03-10T09:24:26.034+0100] {processor.py:161} INFO - Started process (PID=142393) to work on /home/philip/de_engineering/airflow_projects/airflow1/venv/lib/python3.10/site-packages/airflow/example_dags/example_dag_decorator.py
[2025-03-10T09:24:26.035+0100] {processor.py:830} INFO - Processing file /home/philip/de_engineering/airflow_projects/airflow1/venv/lib/python3.10/site-packages/airflow/example_dags/example_dag_decorator.py for tasks to queue
[2025-03-10T09:24:26.036+0100] {logging_mixin.py:188} INFO - [2025-03-10T09:24:26.036+0100] {dagbag.py:538} INFO - Filling up the DagBag from /home/philip/de_engineering/airflow_projects/airflow1/venv/lib/python3.10/site-packages/airflow/example_dags/example_dag_decorator.py
[2025-03-10T09:24:26.104+0100] {processor.py:840} INFO - DAG(s) 'example_dag_decorator' retrieved from /home/philip/de_engineering/airflow_projects/airflow1/venv/lib/python3.10/site-packages/airflow/example_dags/example_dag_decorator.py
[2025-03-10T09:24:26.209+0100] {logging_mixin.py:188} INFO - [2025-03-10T09:24:26.209+0100] {dag.py:3036} INFO - Sync 1 DAGs
[2025-03-10T09:24:26.222+0100] {logging_mixin.py:188} INFO - [2025-03-10T09:24:26.222+0100] {dag.py:3823} INFO - Setting next_dagrun for example_dag_decorator to None, run_after=None
[2025-03-10T09:24:26.243+0100] {processor.py:183} INFO - Processing /home/philip/de_engineering/airflow_projects/airflow1/venv/lib/python3.10/site-packages/airflow/example_dags/example_dag_decorator.py took 0.211 seconds
[2025-03-10T09:24:56.404+0100] {processor.py:161} INFO - Started process (PID=142774) to work on /home/philip/de_engineering/airflow_projects/airflow1/venv/lib/python3.10/site-packages/airflow/example_dags/example_dag_decorator.py
[2025-03-10T09:24:56.406+0100] {processor.py:830} INFO - Processing file /home/philip/de_engineering/airflow_projects/airflow1/venv/lib/python3.10/site-packages/airflow/example_dags/example_dag_decorator.py for tasks to queue
[2025-03-10T09:24:56.407+0100] {logging_mixin.py:188} INFO - [2025-03-10T09:24:56.406+0100] {dagbag.py:538} INFO - Filling up the DagBag from /home/philip/de_engineering/airflow_projects/airflow1/venv/lib/python3.10/site-packages/airflow/example_dags/example_dag_decorator.py
[2025-03-10T09:24:56.475+0100] {processor.py:840} INFO - DAG(s) 'example_dag_decorator' retrieved from /home/philip/de_engineering/airflow_projects/airflow1/venv/lib/python3.10/site-packages/airflow/example_dags/example_dag_decorator.py
[2025-03-10T09:24:56.555+0100] {logging_mixin.py:188} INFO - [2025-03-10T09:24:56.555+0100] {dag.py:3036} INFO - Sync 1 DAGs
[2025-03-10T09:24:56.566+0100] {logging_mixin.py:188} INFO - [2025-03-10T09:24:56.565+0100] {dag.py:3823} INFO - Setting next_dagrun for example_dag_decorator to None, run_after=None
[2025-03-10T09:24:56.583+0100] {processor.py:183} INFO - Processing /home/philip/de_engineering/airflow_projects/airflow1/venv/lib/python3.10/site-packages/airflow/example_dags/example_dag_decorator.py took 0.181 seconds
[2025-03-10T09:25:26.632+0100] {processor.py:161} INFO - Started process (PID=143157) to work on /home/philip/de_engineering/airflow_projects/airflow1/venv/lib/python3.10/site-packages/airflow/example_dags/example_dag_decorator.py
[2025-03-10T09:25:26.633+0100] {processor.py:830} INFO - Processing file /home/philip/de_engineering/airflow_projects/airflow1/venv/lib/python3.10/site-packages/airflow/example_dags/example_dag_decorator.py for tasks to queue
[2025-03-10T09:25:26.634+0100] {logging_mixin.py:188} INFO - [2025-03-10T09:25:26.633+0100] {dagbag.py:538} INFO - Filling up the DagBag from /home/philip/de_engineering/airflow_projects/airflow1/venv/lib/python3.10/site-packages/airflow/example_dags/example_dag_decorator.py
[2025-03-10T09:25:26.695+0100] {processor.py:840} INFO - DAG(s) 'example_dag_decorator' retrieved from /home/philip/de_engineering/airflow_projects/airflow1/venv/lib/python3.10/site-packages/airflow/example_dags/example_dag_decorator.py
[2025-03-10T09:25:26.774+0100] {logging_mixin.py:188} INFO - [2025-03-10T09:25:26.774+0100] {dag.py:3036} INFO - Sync 1 DAGs
[2025-03-10T09:25:26.782+0100] {logging_mixin.py:188} INFO - [2025-03-10T09:25:26.782+0100] {dag.py:3823} INFO - Setting next_dagrun for example_dag_decorator to None, run_after=None
[2025-03-10T09:25:26.798+0100] {processor.py:183} INFO - Processing /home/philip/de_engineering/airflow_projects/airflow1/venv/lib/python3.10/site-packages/airflow/example_dags/example_dag_decorator.py took 0.169 seconds
[2025-03-10T09:25:56.930+0100] {processor.py:161} INFO - Started process (PID=143534) to work on /home/philip/de_engineering/airflow_projects/airflow1/venv/lib/python3.10/site-packages/airflow/example_dags/example_dag_decorator.py
[2025-03-10T09:25:56.932+0100] {processor.py:830} INFO - Processing file /home/philip/de_engineering/airflow_projects/airflow1/venv/lib/python3.10/site-packages/airflow/example_dags/example_dag_decorator.py for tasks to queue
[2025-03-10T09:25:56.932+0100] {logging_mixin.py:188} INFO - [2025-03-10T09:25:56.932+0100] {dagbag.py:538} INFO - Filling up the DagBag from /home/philip/de_engineering/airflow_projects/airflow1/venv/lib/python3.10/site-packages/airflow/example_dags/example_dag_decorator.py
[2025-03-10T09:25:56.990+0100] {processor.py:840} INFO - DAG(s) 'example_dag_decorator' retrieved from /home/philip/de_engineering/airflow_projects/airflow1/venv/lib/python3.10/site-packages/airflow/example_dags/example_dag_decorator.py
[2025-03-10T09:25:57.074+0100] {logging_mixin.py:188} INFO - [2025-03-10T09:25:57.074+0100] {dag.py:3036} INFO - Sync 1 DAGs
[2025-03-10T09:25:57.085+0100] {logging_mixin.py:188} INFO - [2025-03-10T09:25:57.085+0100] {dag.py:3823} INFO - Setting next_dagrun for example_dag_decorator to None, run_after=None
[2025-03-10T09:25:57.104+0100] {processor.py:183} INFO - Processing /home/philip/de_engineering/airflow_projects/airflow1/venv/lib/python3.10/site-packages/airflow/example_dags/example_dag_decorator.py took 0.177 seconds
[2025-03-10T09:26:27.323+0100] {processor.py:161} INFO - Started process (PID=143908) to work on /home/philip/de_engineering/airflow_projects/airflow1/venv/lib/python3.10/site-packages/airflow/example_dags/example_dag_decorator.py
[2025-03-10T09:26:27.323+0100] {processor.py:830} INFO - Processing file /home/philip/de_engineering/airflow_projects/airflow1/venv/lib/python3.10/site-packages/airflow/example_dags/example_dag_decorator.py for tasks to queue
[2025-03-10T09:26:27.324+0100] {logging_mixin.py:188} INFO - [2025-03-10T09:26:27.324+0100] {dagbag.py:538} INFO - Filling up the DagBag from /home/philip/de_engineering/airflow_projects/airflow1/venv/lib/python3.10/site-packages/airflow/example_dags/example_dag_decorator.py
[2025-03-10T09:26:27.389+0100] {processor.py:840} INFO - DAG(s) 'example_dag_decorator' retrieved from /home/philip/de_engineering/airflow_projects/airflow1/venv/lib/python3.10/site-packages/airflow/example_dags/example_dag_decorator.py
[2025-03-10T09:26:27.485+0100] {logging_mixin.py:188} INFO - [2025-03-10T09:26:27.484+0100] {dag.py:3036} INFO - Sync 1 DAGs
[2025-03-10T09:26:27.496+0100] {logging_mixin.py:188} INFO - [2025-03-10T09:26:27.495+0100] {dag.py:3823} INFO - Setting next_dagrun for example_dag_decorator to None, run_after=None
[2025-03-10T09:26:27.518+0100] {processor.py:183} INFO - Processing /home/philip/de_engineering/airflow_projects/airflow1/venv/lib/python3.10/site-packages/airflow/example_dags/example_dag_decorator.py took 0.199 seconds
[2025-03-10T09:26:57.781+0100] {processor.py:161} INFO - Started process (PID=144289) to work on /home/philip/de_engineering/airflow_projects/airflow1/venv/lib/python3.10/site-packages/airflow/example_dags/example_dag_decorator.py
[2025-03-10T09:26:57.782+0100] {processor.py:830} INFO - Processing file /home/philip/de_engineering/airflow_projects/airflow1/venv/lib/python3.10/site-packages/airflow/example_dags/example_dag_decorator.py for tasks to queue
[2025-03-10T09:26:57.783+0100] {logging_mixin.py:188} INFO - [2025-03-10T09:26:57.783+0100] {dagbag.py:538} INFO - Filling up the DagBag from /home/philip/de_engineering/airflow_projects/airflow1/venv/lib/python3.10/site-packages/airflow/example_dags/example_dag_decorator.py
[2025-03-10T09:26:57.854+0100] {processor.py:840} INFO - DAG(s) 'example_dag_decorator' retrieved from /home/philip/de_engineering/airflow_projects/airflow1/venv/lib/python3.10/site-packages/airflow/example_dags/example_dag_decorator.py
[2025-03-10T09:26:57.939+0100] {logging_mixin.py:188} INFO - [2025-03-10T09:26:57.938+0100] {dag.py:3036} INFO - Sync 1 DAGs
[2025-03-10T09:26:57.950+0100] {logging_mixin.py:188} INFO - [2025-03-10T09:26:57.949+0100] {dag.py:3823} INFO - Setting next_dagrun for example_dag_decorator to None, run_after=None
[2025-03-10T09:26:57.965+0100] {processor.py:183} INFO - Processing /home/philip/de_engineering/airflow_projects/airflow1/venv/lib/python3.10/site-packages/airflow/example_dags/example_dag_decorator.py took 0.187 seconds
[2025-03-10T09:27:28.055+0100] {processor.py:161} INFO - Started process (PID=144666) to work on /home/philip/de_engineering/airflow_projects/airflow1/venv/lib/python3.10/site-packages/airflow/example_dags/example_dag_decorator.py
[2025-03-10T09:27:28.055+0100] {processor.py:830} INFO - Processing file /home/philip/de_engineering/airflow_projects/airflow1/venv/lib/python3.10/site-packages/airflow/example_dags/example_dag_decorator.py for tasks to queue
[2025-03-10T09:27:28.056+0100] {logging_mixin.py:188} INFO - [2025-03-10T09:27:28.056+0100] {dagbag.py:538} INFO - Filling up the DagBag from /home/philip/de_engineering/airflow_projects/airflow1/venv/lib/python3.10/site-packages/airflow/example_dags/example_dag_decorator.py
[2025-03-10T09:27:28.114+0100] {processor.py:840} INFO - DAG(s) 'example_dag_decorator' retrieved from /home/philip/de_engineering/airflow_projects/airflow1/venv/lib/python3.10/site-packages/airflow/example_dags/example_dag_decorator.py
[2025-03-10T09:27:28.192+0100] {logging_mixin.py:188} INFO - [2025-03-10T09:27:28.192+0100] {dag.py:3036} INFO - Sync 1 DAGs
[2025-03-10T09:27:28.201+0100] {logging_mixin.py:188} INFO - [2025-03-10T09:27:28.201+0100] {dag.py:3823} INFO - Setting next_dagrun for example_dag_decorator to None, run_after=None
[2025-03-10T09:27:28.217+0100] {processor.py:183} INFO - Processing /home/philip/de_engineering/airflow_projects/airflow1/venv/lib/python3.10/site-packages/airflow/example_dags/example_dag_decorator.py took 0.165 seconds
[2025-03-10T09:27:58.292+0100] {processor.py:161} INFO - Started process (PID=145044) to work on /home/philip/de_engineering/airflow_projects/airflow1/venv/lib/python3.10/site-packages/airflow/example_dags/example_dag_decorator.py
[2025-03-10T09:27:58.293+0100] {processor.py:830} INFO - Processing file /home/philip/de_engineering/airflow_projects/airflow1/venv/lib/python3.10/site-packages/airflow/example_dags/example_dag_decorator.py for tasks to queue
[2025-03-10T09:27:58.294+0100] {logging_mixin.py:188} INFO - [2025-03-10T09:27:58.294+0100] {dagbag.py:538} INFO - Filling up the DagBag from /home/philip/de_engineering/airflow_projects/airflow1/venv/lib/python3.10/site-packages/airflow/example_dags/example_dag_decorator.py
[2025-03-10T09:27:58.359+0100] {processor.py:840} INFO - DAG(s) 'example_dag_decorator' retrieved from /home/philip/de_engineering/airflow_projects/airflow1/venv/lib/python3.10/site-packages/airflow/example_dags/example_dag_decorator.py
[2025-03-10T09:27:58.442+0100] {logging_mixin.py:188} INFO - [2025-03-10T09:27:58.442+0100] {dag.py:3036} INFO - Sync 1 DAGs
[2025-03-10T09:27:58.451+0100] {logging_mixin.py:188} INFO - [2025-03-10T09:27:58.451+0100] {dag.py:3823} INFO - Setting next_dagrun for example_dag_decorator to None, run_after=None
[2025-03-10T09:27:58.468+0100] {processor.py:183} INFO - Processing /home/philip/de_engineering/airflow_projects/airflow1/venv/lib/python3.10/site-packages/airflow/example_dags/example_dag_decorator.py took 0.180 seconds
[2025-03-10T09:28:28.546+0100] {processor.py:161} INFO - Started process (PID=145424) to work on /home/philip/de_engineering/airflow_projects/airflow1/venv/lib/python3.10/site-packages/airflow/example_dags/example_dag_decorator.py
[2025-03-10T09:28:28.546+0100] {processor.py:830} INFO - Processing file /home/philip/de_engineering/airflow_projects/airflow1/venv/lib/python3.10/site-packages/airflow/example_dags/example_dag_decorator.py for tasks to queue
[2025-03-10T09:28:28.547+0100] {logging_mixin.py:188} INFO - [2025-03-10T09:28:28.547+0100] {dagbag.py:538} INFO - Filling up the DagBag from /home/philip/de_engineering/airflow_projects/airflow1/venv/lib/python3.10/site-packages/airflow/example_dags/example_dag_decorator.py
[2025-03-10T09:28:28.615+0100] {processor.py:840} INFO - DAG(s) 'example_dag_decorator' retrieved from /home/philip/de_engineering/airflow_projects/airflow1/venv/lib/python3.10/site-packages/airflow/example_dags/example_dag_decorator.py
[2025-03-10T09:28:28.706+0100] {logging_mixin.py:188} INFO - [2025-03-10T09:28:28.706+0100] {dag.py:3036} INFO - Sync 1 DAGs
[2025-03-10T09:28:28.715+0100] {logging_mixin.py:188} INFO - [2025-03-10T09:28:28.714+0100] {dag.py:3823} INFO - Setting next_dagrun for example_dag_decorator to None, run_after=None
[2025-03-10T09:28:28.731+0100] {processor.py:183} INFO - Processing /home/philip/de_engineering/airflow_projects/airflow1/venv/lib/python3.10/site-packages/airflow/example_dags/example_dag_decorator.py took 0.189 seconds
[2025-03-10T09:28:58.767+0100] {processor.py:161} INFO - Started process (PID=145805) to work on /home/philip/de_engineering/airflow_projects/airflow1/venv/lib/python3.10/site-packages/airflow/example_dags/example_dag_decorator.py
[2025-03-10T09:28:58.768+0100] {processor.py:830} INFO - Processing file /home/philip/de_engineering/airflow_projects/airflow1/venv/lib/python3.10/site-packages/airflow/example_dags/example_dag_decorator.py for tasks to queue
[2025-03-10T09:28:58.769+0100] {logging_mixin.py:188} INFO - [2025-03-10T09:28:58.769+0100] {dagbag.py:538} INFO - Filling up the DagBag from /home/philip/de_engineering/airflow_projects/airflow1/venv/lib/python3.10/site-packages/airflow/example_dags/example_dag_decorator.py
[2025-03-10T09:28:58.832+0100] {processor.py:840} INFO - DAG(s) 'example_dag_decorator' retrieved from /home/philip/de_engineering/airflow_projects/airflow1/venv/lib/python3.10/site-packages/airflow/example_dags/example_dag_decorator.py
[2025-03-10T09:28:58.924+0100] {logging_mixin.py:188} INFO - [2025-03-10T09:28:58.924+0100] {dag.py:3036} INFO - Sync 1 DAGs
[2025-03-10T09:28:58.934+0100] {logging_mixin.py:188} INFO - [2025-03-10T09:28:58.934+0100] {dag.py:3823} INFO - Setting next_dagrun for example_dag_decorator to None, run_after=None
[2025-03-10T09:28:58.951+0100] {processor.py:183} INFO - Processing /home/philip/de_engineering/airflow_projects/airflow1/venv/lib/python3.10/site-packages/airflow/example_dags/example_dag_decorator.py took 0.187 seconds
[2025-03-10T09:29:28.993+0100] {processor.py:161} INFO - Started process (PID=146181) to work on /home/philip/de_engineering/airflow_projects/airflow1/venv/lib/python3.10/site-packages/airflow/example_dags/example_dag_decorator.py
[2025-03-10T09:29:28.993+0100] {processor.py:830} INFO - Processing file /home/philip/de_engineering/airflow_projects/airflow1/venv/lib/python3.10/site-packages/airflow/example_dags/example_dag_decorator.py for tasks to queue
[2025-03-10T09:29:28.994+0100] {logging_mixin.py:188} INFO - [2025-03-10T09:29:28.994+0100] {dagbag.py:538} INFO - Filling up the DagBag from /home/philip/de_engineering/airflow_projects/airflow1/venv/lib/python3.10/site-packages/airflow/example_dags/example_dag_decorator.py
[2025-03-10T09:29:29.051+0100] {processor.py:840} INFO - DAG(s) 'example_dag_decorator' retrieved from /home/philip/de_engineering/airflow_projects/airflow1/venv/lib/python3.10/site-packages/airflow/example_dags/example_dag_decorator.py
[2025-03-10T09:29:29.125+0100] {logging_mixin.py:188} INFO - [2025-03-10T09:29:29.125+0100] {dag.py:3036} INFO - Sync 1 DAGs
[2025-03-10T09:29:29.134+0100] {logging_mixin.py:188} INFO - [2025-03-10T09:29:29.134+0100] {dag.py:3823} INFO - Setting next_dagrun for example_dag_decorator to None, run_after=None
[2025-03-10T09:29:29.150+0100] {processor.py:183} INFO - Processing /home/philip/de_engineering/airflow_projects/airflow1/venv/lib/python3.10/site-packages/airflow/example_dags/example_dag_decorator.py took 0.160 seconds
[2025-03-10T09:29:59.216+0100] {processor.py:161} INFO - Started process (PID=146560) to work on /home/philip/de_engineering/airflow_projects/airflow1/venv/lib/python3.10/site-packages/airflow/example_dags/example_dag_decorator.py
[2025-03-10T09:29:59.219+0100] {processor.py:830} INFO - Processing file /home/philip/de_engineering/airflow_projects/airflow1/venv/lib/python3.10/site-packages/airflow/example_dags/example_dag_decorator.py for tasks to queue
[2025-03-10T09:29:59.220+0100] {logging_mixin.py:188} INFO - [2025-03-10T09:29:59.220+0100] {dagbag.py:538} INFO - Filling up the DagBag from /home/philip/de_engineering/airflow_projects/airflow1/venv/lib/python3.10/site-packages/airflow/example_dags/example_dag_decorator.py
[2025-03-10T09:29:59.280+0100] {processor.py:840} INFO - DAG(s) 'example_dag_decorator' retrieved from /home/philip/de_engineering/airflow_projects/airflow1/venv/lib/python3.10/site-packages/airflow/example_dags/example_dag_decorator.py
[2025-03-10T09:29:59.364+0100] {logging_mixin.py:188} INFO - [2025-03-10T09:29:59.364+0100] {dag.py:3036} INFO - Sync 1 DAGs
[2025-03-10T09:29:59.372+0100] {logging_mixin.py:188} INFO - [2025-03-10T09:29:59.372+0100] {dag.py:3823} INFO - Setting next_dagrun for example_dag_decorator to None, run_after=None
[2025-03-10T09:29:59.387+0100] {processor.py:183} INFO - Processing /home/philip/de_engineering/airflow_projects/airflow1/venv/lib/python3.10/site-packages/airflow/example_dags/example_dag_decorator.py took 0.173 seconds
[2025-03-10T09:30:29.487+0100] {processor.py:161} INFO - Started process (PID=146947) to work on /home/philip/de_engineering/airflow_projects/airflow1/venv/lib/python3.10/site-packages/airflow/example_dags/example_dag_decorator.py
[2025-03-10T09:30:29.487+0100] {processor.py:830} INFO - Processing file /home/philip/de_engineering/airflow_projects/airflow1/venv/lib/python3.10/site-packages/airflow/example_dags/example_dag_decorator.py for tasks to queue
[2025-03-10T09:30:29.488+0100] {logging_mixin.py:188} INFO - [2025-03-10T09:30:29.488+0100] {dagbag.py:538} INFO - Filling up the DagBag from /home/philip/de_engineering/airflow_projects/airflow1/venv/lib/python3.10/site-packages/airflow/example_dags/example_dag_decorator.py
[2025-03-10T09:30:29.546+0100] {processor.py:840} INFO - DAG(s) 'example_dag_decorator' retrieved from /home/philip/de_engineering/airflow_projects/airflow1/venv/lib/python3.10/site-packages/airflow/example_dags/example_dag_decorator.py
[2025-03-10T09:30:29.626+0100] {logging_mixin.py:188} INFO - [2025-03-10T09:30:29.626+0100] {dag.py:3036} INFO - Sync 1 DAGs
[2025-03-10T09:30:29.635+0100] {logging_mixin.py:188} INFO - [2025-03-10T09:30:29.635+0100] {dag.py:3823} INFO - Setting next_dagrun for example_dag_decorator to None, run_after=None
[2025-03-10T09:30:29.651+0100] {processor.py:183} INFO - Processing /home/philip/de_engineering/airflow_projects/airflow1/venv/lib/python3.10/site-packages/airflow/example_dags/example_dag_decorator.py took 0.167 seconds
[2025-03-10T09:30:59.724+0100] {processor.py:161} INFO - Started process (PID=147330) to work on /home/philip/de_engineering/airflow_projects/airflow1/venv/lib/python3.10/site-packages/airflow/example_dags/example_dag_decorator.py
[2025-03-10T09:30:59.727+0100] {processor.py:830} INFO - Processing file /home/philip/de_engineering/airflow_projects/airflow1/venv/lib/python3.10/site-packages/airflow/example_dags/example_dag_decorator.py for tasks to queue
[2025-03-10T09:30:59.727+0100] {logging_mixin.py:188} INFO - [2025-03-10T09:30:59.727+0100] {dagbag.py:538} INFO - Filling up the DagBag from /home/philip/de_engineering/airflow_projects/airflow1/venv/lib/python3.10/site-packages/airflow/example_dags/example_dag_decorator.py
[2025-03-10T09:30:59.785+0100] {processor.py:840} INFO - DAG(s) 'example_dag_decorator' retrieved from /home/philip/de_engineering/airflow_projects/airflow1/venv/lib/python3.10/site-packages/airflow/example_dags/example_dag_decorator.py
[2025-03-10T09:30:59.807+0100] {logging_mixin.py:188} INFO - [2025-03-10T09:30:59.807+0100] {dag.py:3036} INFO - Sync 1 DAGs
[2025-03-10T09:30:59.817+0100] {logging_mixin.py:188} INFO - [2025-03-10T09:30:59.817+0100] {dag.py:3823} INFO - Setting next_dagrun for example_dag_decorator to None, run_after=None
[2025-03-10T09:30:59.832+0100] {processor.py:183} INFO - Processing /home/philip/de_engineering/airflow_projects/airflow1/venv/lib/python3.10/site-packages/airflow/example_dags/example_dag_decorator.py took 0.110 seconds
[2025-03-10T09:31:29.900+0100] {processor.py:161} INFO - Started process (PID=147713) to work on /home/philip/de_engineering/airflow_projects/airflow1/venv/lib/python3.10/site-packages/airflow/example_dags/example_dag_decorator.py
[2025-03-10T09:31:29.901+0100] {processor.py:830} INFO - Processing file /home/philip/de_engineering/airflow_projects/airflow1/venv/lib/python3.10/site-packages/airflow/example_dags/example_dag_decorator.py for tasks to queue
[2025-03-10T09:31:29.902+0100] {logging_mixin.py:188} INFO - [2025-03-10T09:31:29.902+0100] {dagbag.py:538} INFO - Filling up the DagBag from /home/philip/de_engineering/airflow_projects/airflow1/venv/lib/python3.10/site-packages/airflow/example_dags/example_dag_decorator.py
[2025-03-10T09:31:29.962+0100] {processor.py:840} INFO - DAG(s) 'example_dag_decorator' retrieved from /home/philip/de_engineering/airflow_projects/airflow1/venv/lib/python3.10/site-packages/airflow/example_dags/example_dag_decorator.py
[2025-03-10T09:31:30.052+0100] {logging_mixin.py:188} INFO - [2025-03-10T09:31:30.052+0100] {dag.py:3036} INFO - Sync 1 DAGs
[2025-03-10T09:31:30.063+0100] {logging_mixin.py:188} INFO - [2025-03-10T09:31:30.063+0100] {dag.py:3823} INFO - Setting next_dagrun for example_dag_decorator to None, run_after=None
[2025-03-10T09:31:30.087+0100] {processor.py:183} INFO - Processing /home/philip/de_engineering/airflow_projects/airflow1/venv/lib/python3.10/site-packages/airflow/example_dags/example_dag_decorator.py took 0.189 seconds
[2025-03-10T09:32:00.113+0100] {processor.py:161} INFO - Started process (PID=148088) to work on /home/philip/de_engineering/airflow_projects/airflow1/venv/lib/python3.10/site-packages/airflow/example_dags/example_dag_decorator.py
[2025-03-10T09:32:00.114+0100] {processor.py:830} INFO - Processing file /home/philip/de_engineering/airflow_projects/airflow1/venv/lib/python3.10/site-packages/airflow/example_dags/example_dag_decorator.py for tasks to queue
[2025-03-10T09:32:00.115+0100] {logging_mixin.py:188} INFO - [2025-03-10T09:32:00.115+0100] {dagbag.py:538} INFO - Filling up the DagBag from /home/philip/de_engineering/airflow_projects/airflow1/venv/lib/python3.10/site-packages/airflow/example_dags/example_dag_decorator.py
[2025-03-10T09:32:00.181+0100] {processor.py:840} INFO - DAG(s) 'example_dag_decorator' retrieved from /home/philip/de_engineering/airflow_projects/airflow1/venv/lib/python3.10/site-packages/airflow/example_dags/example_dag_decorator.py
[2025-03-10T09:32:00.208+0100] {logging_mixin.py:188} INFO - [2025-03-10T09:32:00.207+0100] {dag.py:3036} INFO - Sync 1 DAGs
[2025-03-10T09:32:00.220+0100] {logging_mixin.py:188} INFO - [2025-03-10T09:32:00.220+0100] {dag.py:3823} INFO - Setting next_dagrun for example_dag_decorator to None, run_after=None
[2025-03-10T09:32:00.238+0100] {processor.py:183} INFO - Processing /home/philip/de_engineering/airflow_projects/airflow1/venv/lib/python3.10/site-packages/airflow/example_dags/example_dag_decorator.py took 0.128 seconds
[2025-03-10T09:32:30.347+0100] {processor.py:161} INFO - Started process (PID=148475) to work on /home/philip/de_engineering/airflow_projects/airflow1/venv/lib/python3.10/site-packages/airflow/example_dags/example_dag_decorator.py
[2025-03-10T09:32:30.348+0100] {processor.py:830} INFO - Processing file /home/philip/de_engineering/airflow_projects/airflow1/venv/lib/python3.10/site-packages/airflow/example_dags/example_dag_decorator.py for tasks to queue
[2025-03-10T09:32:30.349+0100] {logging_mixin.py:188} INFO - [2025-03-10T09:32:30.349+0100] {dagbag.py:538} INFO - Filling up the DagBag from /home/philip/de_engineering/airflow_projects/airflow1/venv/lib/python3.10/site-packages/airflow/example_dags/example_dag_decorator.py
[2025-03-10T09:32:30.408+0100] {processor.py:840} INFO - DAG(s) 'example_dag_decorator' retrieved from /home/philip/de_engineering/airflow_projects/airflow1/venv/lib/python3.10/site-packages/airflow/example_dags/example_dag_decorator.py
[2025-03-10T09:32:30.490+0100] {logging_mixin.py:188} INFO - [2025-03-10T09:32:30.489+0100] {dag.py:3036} INFO - Sync 1 DAGs
[2025-03-10T09:32:30.498+0100] {logging_mixin.py:188} INFO - [2025-03-10T09:32:30.498+0100] {dag.py:3823} INFO - Setting next_dagrun for example_dag_decorator to None, run_after=None
[2025-03-10T09:32:30.515+0100] {processor.py:183} INFO - Processing /home/philip/de_engineering/airflow_projects/airflow1/venv/lib/python3.10/site-packages/airflow/example_dags/example_dag_decorator.py took 0.170 seconds
[2025-03-10T09:33:00.547+0100] {processor.py:161} INFO - Started process (PID=148849) to work on /home/philip/de_engineering/airflow_projects/airflow1/venv/lib/python3.10/site-packages/airflow/example_dags/example_dag_decorator.py
[2025-03-10T09:33:00.548+0100] {processor.py:830} INFO - Processing file /home/philip/de_engineering/airflow_projects/airflow1/venv/lib/python3.10/site-packages/airflow/example_dags/example_dag_decorator.py for tasks to queue
[2025-03-10T09:33:00.549+0100] {logging_mixin.py:188} INFO - [2025-03-10T09:33:00.549+0100] {dagbag.py:538} INFO - Filling up the DagBag from /home/philip/de_engineering/airflow_projects/airflow1/venv/lib/python3.10/site-packages/airflow/example_dags/example_dag_decorator.py
[2025-03-10T09:33:00.607+0100] {processor.py:840} INFO - DAG(s) 'example_dag_decorator' retrieved from /home/philip/de_engineering/airflow_projects/airflow1/venv/lib/python3.10/site-packages/airflow/example_dags/example_dag_decorator.py
[2025-03-10T09:33:00.684+0100] {logging_mixin.py:188} INFO - [2025-03-10T09:33:00.684+0100] {dag.py:3036} INFO - Sync 1 DAGs
[2025-03-10T09:33:00.692+0100] {logging_mixin.py:188} INFO - [2025-03-10T09:33:00.692+0100] {dag.py:3823} INFO - Setting next_dagrun for example_dag_decorator to None, run_after=None
[2025-03-10T09:33:00.708+0100] {processor.py:183} INFO - Processing /home/philip/de_engineering/airflow_projects/airflow1/venv/lib/python3.10/site-packages/airflow/example_dags/example_dag_decorator.py took 0.164 seconds
[2025-03-10T09:33:30.775+0100] {processor.py:161} INFO - Started process (PID=149241) to work on /home/philip/de_engineering/airflow_projects/airflow1/venv/lib/python3.10/site-packages/airflow/example_dags/example_dag_decorator.py
[2025-03-10T09:33:30.776+0100] {processor.py:830} INFO - Processing file /home/philip/de_engineering/airflow_projects/airflow1/venv/lib/python3.10/site-packages/airflow/example_dags/example_dag_decorator.py for tasks to queue
[2025-03-10T09:33:30.777+0100] {logging_mixin.py:188} INFO - [2025-03-10T09:33:30.776+0100] {dagbag.py:538} INFO - Filling up the DagBag from /home/philip/de_engineering/airflow_projects/airflow1/venv/lib/python3.10/site-packages/airflow/example_dags/example_dag_decorator.py
[2025-03-10T09:33:30.831+0100] {processor.py:840} INFO - DAG(s) 'example_dag_decorator' retrieved from /home/philip/de_engineering/airflow_projects/airflow1/venv/lib/python3.10/site-packages/airflow/example_dags/example_dag_decorator.py
[2025-03-10T09:33:30.909+0100] {logging_mixin.py:188} INFO - [2025-03-10T09:33:30.908+0100] {dag.py:3036} INFO - Sync 1 DAGs
[2025-03-10T09:33:30.918+0100] {logging_mixin.py:188} INFO - [2025-03-10T09:33:30.918+0100] {dag.py:3823} INFO - Setting next_dagrun for example_dag_decorator to None, run_after=None
[2025-03-10T09:33:30.932+0100] {processor.py:183} INFO - Processing /home/philip/de_engineering/airflow_projects/airflow1/venv/lib/python3.10/site-packages/airflow/example_dags/example_dag_decorator.py took 0.159 seconds
[2025-03-10T09:34:00.958+0100] {processor.py:161} INFO - Started process (PID=149606) to work on /home/philip/de_engineering/airflow_projects/airflow1/venv/lib/python3.10/site-packages/airflow/example_dags/example_dag_decorator.py
[2025-03-10T09:34:00.960+0100] {processor.py:830} INFO - Processing file /home/philip/de_engineering/airflow_projects/airflow1/venv/lib/python3.10/site-packages/airflow/example_dags/example_dag_decorator.py for tasks to queue
[2025-03-10T09:34:00.960+0100] {logging_mixin.py:188} INFO - [2025-03-10T09:34:00.960+0100] {dagbag.py:538} INFO - Filling up the DagBag from /home/philip/de_engineering/airflow_projects/airflow1/venv/lib/python3.10/site-packages/airflow/example_dags/example_dag_decorator.py
[2025-03-10T09:34:01.027+0100] {processor.py:840} INFO - DAG(s) 'example_dag_decorator' retrieved from /home/philip/de_engineering/airflow_projects/airflow1/venv/lib/python3.10/site-packages/airflow/example_dags/example_dag_decorator.py
[2025-03-10T09:34:01.051+0100] {logging_mixin.py:188} INFO - [2025-03-10T09:34:01.051+0100] {dag.py:3036} INFO - Sync 1 DAGs
[2025-03-10T09:34:01.062+0100] {logging_mixin.py:188} INFO - [2025-03-10T09:34:01.062+0100] {dag.py:3823} INFO - Setting next_dagrun for example_dag_decorator to None, run_after=None
[2025-03-10T09:34:01.077+0100] {processor.py:183} INFO - Processing /home/philip/de_engineering/airflow_projects/airflow1/venv/lib/python3.10/site-packages/airflow/example_dags/example_dag_decorator.py took 0.122 seconds
[2025-03-10T09:34:31.228+0100] {processor.py:161} INFO - Started process (PID=149981) to work on /home/philip/de_engineering/airflow_projects/airflow1/venv/lib/python3.10/site-packages/airflow/example_dags/example_dag_decorator.py
[2025-03-10T09:34:31.229+0100] {processor.py:830} INFO - Processing file /home/philip/de_engineering/airflow_projects/airflow1/venv/lib/python3.10/site-packages/airflow/example_dags/example_dag_decorator.py for tasks to queue
[2025-03-10T09:34:31.229+0100] {logging_mixin.py:188} INFO - [2025-03-10T09:34:31.229+0100] {dagbag.py:538} INFO - Filling up the DagBag from /home/philip/de_engineering/airflow_projects/airflow1/venv/lib/python3.10/site-packages/airflow/example_dags/example_dag_decorator.py
[2025-03-10T09:34:31.303+0100] {processor.py:840} INFO - DAG(s) 'example_dag_decorator' retrieved from /home/philip/de_engineering/airflow_projects/airflow1/venv/lib/python3.10/site-packages/airflow/example_dags/example_dag_decorator.py
[2025-03-10T09:34:31.389+0100] {logging_mixin.py:188} INFO - [2025-03-10T09:34:31.388+0100] {dag.py:3036} INFO - Sync 1 DAGs
[2025-03-10T09:34:31.400+0100] {logging_mixin.py:188} INFO - [2025-03-10T09:34:31.400+0100] {dag.py:3823} INFO - Setting next_dagrun for example_dag_decorator to None, run_after=None
[2025-03-10T09:34:31.418+0100] {processor.py:183} INFO - Processing /home/philip/de_engineering/airflow_projects/airflow1/venv/lib/python3.10/site-packages/airflow/example_dags/example_dag_decorator.py took 0.194 seconds
[2025-03-10T09:35:01.469+0100] {processor.py:161} INFO - Started process (PID=150367) to work on /home/philip/de_engineering/airflow_projects/airflow1/venv/lib/python3.10/site-packages/airflow/example_dags/example_dag_decorator.py
[2025-03-10T09:35:01.470+0100] {processor.py:830} INFO - Processing file /home/philip/de_engineering/airflow_projects/airflow1/venv/lib/python3.10/site-packages/airflow/example_dags/example_dag_decorator.py for tasks to queue
[2025-03-10T09:35:01.471+0100] {logging_mixin.py:188} INFO - [2025-03-10T09:35:01.470+0100] {dagbag.py:538} INFO - Filling up the DagBag from /home/philip/de_engineering/airflow_projects/airflow1/venv/lib/python3.10/site-packages/airflow/example_dags/example_dag_decorator.py
[2025-03-10T09:35:01.532+0100] {processor.py:840} INFO - DAG(s) 'example_dag_decorator' retrieved from /home/philip/de_engineering/airflow_projects/airflow1/venv/lib/python3.10/site-packages/airflow/example_dags/example_dag_decorator.py
[2025-03-10T09:35:01.609+0100] {logging_mixin.py:188} INFO - [2025-03-10T09:35:01.608+0100] {dag.py:3036} INFO - Sync 1 DAGs
[2025-03-10T09:35:01.617+0100] {logging_mixin.py:188} INFO - [2025-03-10T09:35:01.617+0100] {dag.py:3823} INFO - Setting next_dagrun for example_dag_decorator to None, run_after=None
[2025-03-10T09:35:01.633+0100] {processor.py:183} INFO - Processing /home/philip/de_engineering/airflow_projects/airflow1/venv/lib/python3.10/site-packages/airflow/example_dags/example_dag_decorator.py took 0.167 seconds
[2025-03-10T09:35:31.819+0100] {processor.py:161} INFO - Started process (PID=150747) to work on /home/philip/de_engineering/airflow_projects/airflow1/venv/lib/python3.10/site-packages/airflow/example_dags/example_dag_decorator.py
[2025-03-10T09:35:31.819+0100] {processor.py:830} INFO - Processing file /home/philip/de_engineering/airflow_projects/airflow1/venv/lib/python3.10/site-packages/airflow/example_dags/example_dag_decorator.py for tasks to queue
[2025-03-10T09:35:31.820+0100] {logging_mixin.py:188} INFO - [2025-03-10T09:35:31.820+0100] {dagbag.py:538} INFO - Filling up the DagBag from /home/philip/de_engineering/airflow_projects/airflow1/venv/lib/python3.10/site-packages/airflow/example_dags/example_dag_decorator.py
[2025-03-10T09:35:31.882+0100] {processor.py:840} INFO - DAG(s) 'example_dag_decorator' retrieved from /home/philip/de_engineering/airflow_projects/airflow1/venv/lib/python3.10/site-packages/airflow/example_dags/example_dag_decorator.py
[2025-03-10T09:35:31.963+0100] {logging_mixin.py:188} INFO - [2025-03-10T09:35:31.963+0100] {dag.py:3036} INFO - Sync 1 DAGs
[2025-03-10T09:35:31.973+0100] {logging_mixin.py:188} INFO - [2025-03-10T09:35:31.973+0100] {dag.py:3823} INFO - Setting next_dagrun for example_dag_decorator to None, run_after=None
[2025-03-10T09:35:31.990+0100] {processor.py:183} INFO - Processing /home/philip/de_engineering/airflow_projects/airflow1/venv/lib/python3.10/site-packages/airflow/example_dags/example_dag_decorator.py took 0.174 seconds
[2025-03-10T09:36:02.044+0100] {processor.py:161} INFO - Started process (PID=151130) to work on /home/philip/de_engineering/airflow_projects/airflow1/venv/lib/python3.10/site-packages/airflow/example_dags/example_dag_decorator.py
[2025-03-10T09:36:02.045+0100] {processor.py:830} INFO - Processing file /home/philip/de_engineering/airflow_projects/airflow1/venv/lib/python3.10/site-packages/airflow/example_dags/example_dag_decorator.py for tasks to queue
[2025-03-10T09:36:02.046+0100] {logging_mixin.py:188} INFO - [2025-03-10T09:36:02.046+0100] {dagbag.py:538} INFO - Filling up the DagBag from /home/philip/de_engineering/airflow_projects/airflow1/venv/lib/python3.10/site-packages/airflow/example_dags/example_dag_decorator.py
[2025-03-10T09:36:02.109+0100] {processor.py:840} INFO - DAG(s) 'example_dag_decorator' retrieved from /home/philip/de_engineering/airflow_projects/airflow1/venv/lib/python3.10/site-packages/airflow/example_dags/example_dag_decorator.py
[2025-03-10T09:36:02.188+0100] {logging_mixin.py:188} INFO - [2025-03-10T09:36:02.187+0100] {dag.py:3036} INFO - Sync 1 DAGs
[2025-03-10T09:36:02.196+0100] {logging_mixin.py:188} INFO - [2025-03-10T09:36:02.196+0100] {dag.py:3823} INFO - Setting next_dagrun for example_dag_decorator to None, run_after=None
[2025-03-10T09:36:02.211+0100] {processor.py:183} INFO - Processing /home/philip/de_engineering/airflow_projects/airflow1/venv/lib/python3.10/site-packages/airflow/example_dags/example_dag_decorator.py took 0.170 seconds
