[2025-03-10T09:14:23.732+0100] {processor.py:161} INFO - Started process (PID=136848) to work on /home/philip/de_engineering/airflow_projects/airflow1/venv/lib/python3.10/site-packages/airflow/example_dags/example_time_delta_sensor_async.py
[2025-03-10T09:14:23.733+0100] {processor.py:830} INFO - Processing file /home/philip/de_engineering/airflow_projects/airflow1/venv/lib/python3.10/site-packages/airflow/example_dags/example_time_delta_sensor_async.py for tasks to queue
[2025-03-10T09:14:23.733+0100] {logging_mixin.py:188} INFO - [2025-03-10T09:14:23.733+0100] {dagbag.py:538} INFO - Filling up the DagBag from /home/philip/de_engineering/airflow_projects/airflow1/venv/lib/python3.10/site-packages/airflow/example_dags/example_time_delta_sensor_async.py
[2025-03-10T09:14:23.739+0100] {processor.py:840} INFO - DAG(s) 'example_time_delta_sensor_async' retrieved from /home/philip/de_engineering/airflow_projects/airflow1/venv/lib/python3.10/site-packages/airflow/example_dags/example_time_delta_sensor_async.py
[2025-03-10T09:14:23.817+0100] {logging_mixin.py:188} INFO - [2025-03-10T09:14:23.817+0100] {override.py:1769} INFO - Created Permission View: can read on DAG:example_time_delta_sensor_async
[2025-03-10T09:14:23.824+0100] {logging_mixin.py:188} INFO - [2025-03-10T09:14:23.824+0100] {override.py:1769} INFO - Created Permission View: can delete on DAG:example_time_delta_sensor_async
[2025-03-10T09:14:23.829+0100] {logging_mixin.py:188} INFO - [2025-03-10T09:14:23.829+0100] {override.py:1769} INFO - Created Permission View: can edit on DAG:example_time_delta_sensor_async
[2025-03-10T09:14:23.829+0100] {logging_mixin.py:188} INFO - [2025-03-10T09:14:23.829+0100] {dag.py:3036} INFO - Sync 1 DAGs
[2025-03-10T09:14:23.839+0100] {logging_mixin.py:188} INFO - [2025-03-10T09:14:23.838+0100] {dag.py:3058} INFO - Creating ORM DAG for example_time_delta_sensor_async
[2025-03-10T09:14:23.839+0100] {logging_mixin.py:188} INFO - [2025-03-10T09:14:23.839+0100] {dag.py:3823} INFO - Setting next_dagrun for example_time_delta_sensor_async to None, run_after=None
[2025-03-10T09:14:23.852+0100] {processor.py:183} INFO - Processing /home/philip/de_engineering/airflow_projects/airflow1/venv/lib/python3.10/site-packages/airflow/example_dags/example_time_delta_sensor_async.py took 0.122 seconds
[2025-03-10T09:14:55.082+0100] {processor.py:161} INFO - Started process (PID=136961) to work on /home/philip/de_engineering/airflow_projects/airflow1/venv/lib/python3.10/site-packages/airflow/example_dags/example_time_delta_sensor_async.py
[2025-03-10T09:14:55.083+0100] {processor.py:830} INFO - Processing file /home/philip/de_engineering/airflow_projects/airflow1/venv/lib/python3.10/site-packages/airflow/example_dags/example_time_delta_sensor_async.py for tasks to queue
[2025-03-10T09:14:55.083+0100] {logging_mixin.py:188} INFO - [2025-03-10T09:14:55.083+0100] {dagbag.py:538} INFO - Filling up the DagBag from /home/philip/de_engineering/airflow_projects/airflow1/venv/lib/python3.10/site-packages/airflow/example_dags/example_time_delta_sensor_async.py
[2025-03-10T09:14:55.087+0100] {processor.py:840} INFO - DAG(s) 'example_time_delta_sensor_async' retrieved from /home/philip/de_engineering/airflow_projects/airflow1/venv/lib/python3.10/site-packages/airflow/example_dags/example_time_delta_sensor_async.py
[2025-03-10T09:14:55.108+0100] {logging_mixin.py:188} INFO - [2025-03-10T09:14:55.108+0100] {dag.py:3036} INFO - Sync 1 DAGs
[2025-03-10T09:14:55.118+0100] {logging_mixin.py:188} INFO - [2025-03-10T09:14:55.118+0100] {dag.py:3823} INFO - Setting next_dagrun for example_time_delta_sensor_async to None, run_after=None
[2025-03-10T09:14:55.133+0100] {processor.py:183} INFO - Processing /home/philip/de_engineering/airflow_projects/airflow1/venv/lib/python3.10/site-packages/airflow/example_dags/example_time_delta_sensor_async.py took 0.054 seconds
[2025-03-10T09:15:25.259+0100] {processor.py:161} INFO - Started process (PID=137061) to work on /home/philip/de_engineering/airflow_projects/airflow1/venv/lib/python3.10/site-packages/airflow/example_dags/example_time_delta_sensor_async.py
[2025-03-10T09:15:25.260+0100] {processor.py:830} INFO - Processing file /home/philip/de_engineering/airflow_projects/airflow1/venv/lib/python3.10/site-packages/airflow/example_dags/example_time_delta_sensor_async.py for tasks to queue
[2025-03-10T09:15:25.261+0100] {logging_mixin.py:188} INFO - [2025-03-10T09:15:25.261+0100] {dagbag.py:538} INFO - Filling up the DagBag from /home/philip/de_engineering/airflow_projects/airflow1/venv/lib/python3.10/site-packages/airflow/example_dags/example_time_delta_sensor_async.py
[2025-03-10T09:15:25.265+0100] {processor.py:840} INFO - DAG(s) 'example_time_delta_sensor_async' retrieved from /home/philip/de_engineering/airflow_projects/airflow1/venv/lib/python3.10/site-packages/airflow/example_dags/example_time_delta_sensor_async.py
[2025-03-10T09:15:25.289+0100] {logging_mixin.py:188} INFO - [2025-03-10T09:15:25.288+0100] {dag.py:3036} INFO - Sync 1 DAGs
[2025-03-10T09:15:25.299+0100] {logging_mixin.py:188} INFO - [2025-03-10T09:15:25.299+0100] {dag.py:3823} INFO - Setting next_dagrun for example_time_delta_sensor_async to None, run_after=None
[2025-03-10T09:15:25.314+0100] {processor.py:183} INFO - Processing /home/philip/de_engineering/airflow_projects/airflow1/venv/lib/python3.10/site-packages/airflow/example_dags/example_time_delta_sensor_async.py took 0.058 seconds
[2025-03-10T09:15:55.478+0100] {processor.py:161} INFO - Started process (PID=137163) to work on /home/philip/de_engineering/airflow_projects/airflow1/venv/lib/python3.10/site-packages/airflow/example_dags/example_time_delta_sensor_async.py
[2025-03-10T09:15:55.479+0100] {processor.py:830} INFO - Processing file /home/philip/de_engineering/airflow_projects/airflow1/venv/lib/python3.10/site-packages/airflow/example_dags/example_time_delta_sensor_async.py for tasks to queue
[2025-03-10T09:15:55.480+0100] {logging_mixin.py:188} INFO - [2025-03-10T09:15:55.480+0100] {dagbag.py:538} INFO - Filling up the DagBag from /home/philip/de_engineering/airflow_projects/airflow1/venv/lib/python3.10/site-packages/airflow/example_dags/example_time_delta_sensor_async.py
[2025-03-10T09:15:55.485+0100] {processor.py:840} INFO - DAG(s) 'example_time_delta_sensor_async' retrieved from /home/philip/de_engineering/airflow_projects/airflow1/venv/lib/python3.10/site-packages/airflow/example_dags/example_time_delta_sensor_async.py
[2025-03-10T09:15:55.512+0100] {logging_mixin.py:188} INFO - [2025-03-10T09:15:55.512+0100] {dag.py:3036} INFO - Sync 1 DAGs
[2025-03-10T09:15:55.526+0100] {logging_mixin.py:188} INFO - [2025-03-10T09:15:55.526+0100] {dag.py:3823} INFO - Setting next_dagrun for example_time_delta_sensor_async to None, run_after=None
[2025-03-10T09:15:55.553+0100] {processor.py:183} INFO - Processing /home/philip/de_engineering/airflow_projects/airflow1/venv/lib/python3.10/site-packages/airflow/example_dags/example_time_delta_sensor_async.py took 0.078 seconds
[2025-03-10T09:16:26.089+0100] {processor.py:161} INFO - Started process (PID=137539) to work on /home/philip/de_engineering/airflow_projects/airflow1/venv/lib/python3.10/site-packages/airflow/example_dags/example_time_delta_sensor_async.py
[2025-03-10T09:16:26.090+0100] {processor.py:830} INFO - Processing file /home/philip/de_engineering/airflow_projects/airflow1/venv/lib/python3.10/site-packages/airflow/example_dags/example_time_delta_sensor_async.py for tasks to queue
[2025-03-10T09:16:26.091+0100] {logging_mixin.py:188} INFO - [2025-03-10T09:16:26.090+0100] {dagbag.py:538} INFO - Filling up the DagBag from /home/philip/de_engineering/airflow_projects/airflow1/venv/lib/python3.10/site-packages/airflow/example_dags/example_time_delta_sensor_async.py
[2025-03-10T09:16:26.095+0100] {processor.py:840} INFO - DAG(s) 'example_time_delta_sensor_async' retrieved from /home/philip/de_engineering/airflow_projects/airflow1/venv/lib/python3.10/site-packages/airflow/example_dags/example_time_delta_sensor_async.py
[2025-03-10T09:16:26.117+0100] {logging_mixin.py:188} INFO - [2025-03-10T09:16:26.116+0100] {dag.py:3036} INFO - Sync 1 DAGs
[2025-03-10T09:16:26.126+0100] {logging_mixin.py:188} INFO - [2025-03-10T09:16:26.126+0100] {dag.py:3823} INFO - Setting next_dagrun for example_time_delta_sensor_async to None, run_after=None
[2025-03-10T09:16:26.140+0100] {processor.py:183} INFO - Processing /home/philip/de_engineering/airflow_projects/airflow1/venv/lib/python3.10/site-packages/airflow/example_dags/example_time_delta_sensor_async.py took 0.054 seconds
[2025-03-10T09:16:56.212+0100] {processor.py:161} INFO - Started process (PID=137725) to work on /home/philip/de_engineering/airflow_projects/airflow1/venv/lib/python3.10/site-packages/airflow/example_dags/example_time_delta_sensor_async.py
[2025-03-10T09:16:56.213+0100] {processor.py:830} INFO - Processing file /home/philip/de_engineering/airflow_projects/airflow1/venv/lib/python3.10/site-packages/airflow/example_dags/example_time_delta_sensor_async.py for tasks to queue
[2025-03-10T09:16:56.214+0100] {logging_mixin.py:188} INFO - [2025-03-10T09:16:56.214+0100] {dagbag.py:538} INFO - Filling up the DagBag from /home/philip/de_engineering/airflow_projects/airflow1/venv/lib/python3.10/site-packages/airflow/example_dags/example_time_delta_sensor_async.py
[2025-03-10T09:16:56.218+0100] {processor.py:840} INFO - DAG(s) 'example_time_delta_sensor_async' retrieved from /home/philip/de_engineering/airflow_projects/airflow1/venv/lib/python3.10/site-packages/airflow/example_dags/example_time_delta_sensor_async.py
[2025-03-10T09:16:56.242+0100] {logging_mixin.py:188} INFO - [2025-03-10T09:16:56.242+0100] {dag.py:3036} INFO - Sync 1 DAGs
[2025-03-10T09:16:56.252+0100] {logging_mixin.py:188} INFO - [2025-03-10T09:16:56.252+0100] {dag.py:3823} INFO - Setting next_dagrun for example_time_delta_sensor_async to None, run_after=None
[2025-03-10T09:16:56.265+0100] {processor.py:183} INFO - Processing /home/philip/de_engineering/airflow_projects/airflow1/venv/lib/python3.10/site-packages/airflow/example_dags/example_time_delta_sensor_async.py took 0.056 seconds
[2025-03-10T09:17:26.493+0100] {processor.py:161} INFO - Started process (PID=137914) to work on /home/philip/de_engineering/airflow_projects/airflow1/venv/lib/python3.10/site-packages/airflow/example_dags/example_time_delta_sensor_async.py
[2025-03-10T09:17:26.494+0100] {processor.py:830} INFO - Processing file /home/philip/de_engineering/airflow_projects/airflow1/venv/lib/python3.10/site-packages/airflow/example_dags/example_time_delta_sensor_async.py for tasks to queue
[2025-03-10T09:17:26.495+0100] {logging_mixin.py:188} INFO - [2025-03-10T09:17:26.495+0100] {dagbag.py:538} INFO - Filling up the DagBag from /home/philip/de_engineering/airflow_projects/airflow1/venv/lib/python3.10/site-packages/airflow/example_dags/example_time_delta_sensor_async.py
[2025-03-10T09:17:26.499+0100] {processor.py:840} INFO - DAG(s) 'example_time_delta_sensor_async' retrieved from /home/philip/de_engineering/airflow_projects/airflow1/venv/lib/python3.10/site-packages/airflow/example_dags/example_time_delta_sensor_async.py
[2025-03-10T09:17:26.519+0100] {logging_mixin.py:188} INFO - [2025-03-10T09:17:26.519+0100] {dag.py:3036} INFO - Sync 1 DAGs
[2025-03-10T09:17:26.529+0100] {logging_mixin.py:188} INFO - [2025-03-10T09:17:26.529+0100] {dag.py:3823} INFO - Setting next_dagrun for example_time_delta_sensor_async to None, run_after=None
[2025-03-10T09:17:26.545+0100] {processor.py:183} INFO - Processing /home/philip/de_engineering/airflow_projects/airflow1/venv/lib/python3.10/site-packages/airflow/example_dags/example_time_delta_sensor_async.py took 0.055 seconds
[2025-03-10T09:19:20.645+0100] {processor.py:161} INFO - Started process (PID=138508) to work on /home/philip/de_engineering/airflow_projects/airflow1/venv/lib/python3.10/site-packages/airflow/example_dags/example_time_delta_sensor_async.py
[2025-03-10T09:19:20.647+0100] {processor.py:830} INFO - Processing file /home/philip/de_engineering/airflow_projects/airflow1/venv/lib/python3.10/site-packages/airflow/example_dags/example_time_delta_sensor_async.py for tasks to queue
[2025-03-10T09:19:20.647+0100] {logging_mixin.py:188} INFO - [2025-03-10T09:19:20.647+0100] {dagbag.py:538} INFO - Filling up the DagBag from /home/philip/de_engineering/airflow_projects/airflow1/venv/lib/python3.10/site-packages/airflow/example_dags/example_time_delta_sensor_async.py
[2025-03-10T09:19:20.653+0100] {processor.py:840} INFO - DAG(s) 'example_time_delta_sensor_async' retrieved from /home/philip/de_engineering/airflow_projects/airflow1/venv/lib/python3.10/site-packages/airflow/example_dags/example_time_delta_sensor_async.py
[2025-03-10T09:19:20.737+0100] {logging_mixin.py:188} INFO - [2025-03-10T09:19:20.737+0100] {dag.py:3036} INFO - Sync 1 DAGs
[2025-03-10T09:19:20.746+0100] {logging_mixin.py:188} INFO - [2025-03-10T09:19:20.746+0100] {dag.py:3823} INFO - Setting next_dagrun for example_time_delta_sensor_async to None, run_after=None
[2025-03-10T09:19:20.765+0100] {processor.py:183} INFO - Processing /home/philip/de_engineering/airflow_projects/airflow1/venv/lib/python3.10/site-packages/airflow/example_dags/example_time_delta_sensor_async.py took 0.122 seconds
[2025-03-10T09:19:51.014+0100] {processor.py:161} INFO - Started process (PID=138845) to work on /home/philip/de_engineering/airflow_projects/airflow1/venv/lib/python3.10/site-packages/airflow/example_dags/example_time_delta_sensor_async.py
[2025-03-10T09:19:51.014+0100] {processor.py:830} INFO - Processing file /home/philip/de_engineering/airflow_projects/airflow1/venv/lib/python3.10/site-packages/airflow/example_dags/example_time_delta_sensor_async.py for tasks to queue
[2025-03-10T09:19:51.015+0100] {logging_mixin.py:188} INFO - [2025-03-10T09:19:51.015+0100] {dagbag.py:538} INFO - Filling up the DagBag from /home/philip/de_engineering/airflow_projects/airflow1/venv/lib/python3.10/site-packages/airflow/example_dags/example_time_delta_sensor_async.py
[2025-03-10T09:19:51.019+0100] {processor.py:840} INFO - DAG(s) 'example_time_delta_sensor_async' retrieved from /home/philip/de_engineering/airflow_projects/airflow1/venv/lib/python3.10/site-packages/airflow/example_dags/example_time_delta_sensor_async.py
[2025-03-10T09:19:51.040+0100] {logging_mixin.py:188} INFO - [2025-03-10T09:19:51.039+0100] {dag.py:3036} INFO - Sync 1 DAGs
[2025-03-10T09:19:51.050+0100] {logging_mixin.py:188} INFO - [2025-03-10T09:19:51.050+0100] {dag.py:3823} INFO - Setting next_dagrun for example_time_delta_sensor_async to None, run_after=None
[2025-03-10T09:19:51.065+0100] {processor.py:183} INFO - Processing /home/philip/de_engineering/airflow_projects/airflow1/venv/lib/python3.10/site-packages/airflow/example_dags/example_time_delta_sensor_async.py took 0.054 seconds
[2025-03-10T09:20:21.492+0100] {processor.py:161} INFO - Started process (PID=139220) to work on /home/philip/de_engineering/airflow_projects/airflow1/venv/lib/python3.10/site-packages/airflow/example_dags/example_time_delta_sensor_async.py
[2025-03-10T09:20:21.493+0100] {processor.py:830} INFO - Processing file /home/philip/de_engineering/airflow_projects/airflow1/venv/lib/python3.10/site-packages/airflow/example_dags/example_time_delta_sensor_async.py for tasks to queue
[2025-03-10T09:20:21.494+0100] {logging_mixin.py:188} INFO - [2025-03-10T09:20:21.494+0100] {dagbag.py:538} INFO - Filling up the DagBag from /home/philip/de_engineering/airflow_projects/airflow1/venv/lib/python3.10/site-packages/airflow/example_dags/example_time_delta_sensor_async.py
[2025-03-10T09:20:21.497+0100] {processor.py:840} INFO - DAG(s) 'example_time_delta_sensor_async' retrieved from /home/philip/de_engineering/airflow_projects/airflow1/venv/lib/python3.10/site-packages/airflow/example_dags/example_time_delta_sensor_async.py
[2025-03-10T09:20:21.518+0100] {logging_mixin.py:188} INFO - [2025-03-10T09:20:21.518+0100] {dag.py:3036} INFO - Sync 1 DAGs
[2025-03-10T09:20:21.527+0100] {logging_mixin.py:188} INFO - [2025-03-10T09:20:21.527+0100] {dag.py:3823} INFO - Setting next_dagrun for example_time_delta_sensor_async to None, run_after=None
[2025-03-10T09:20:21.541+0100] {processor.py:183} INFO - Processing /home/philip/de_engineering/airflow_projects/airflow1/venv/lib/python3.10/site-packages/airflow/example_dags/example_time_delta_sensor_async.py took 0.052 seconds
[2025-03-10T09:20:52.020+0100] {processor.py:161} INFO - Started process (PID=139600) to work on /home/philip/de_engineering/airflow_projects/airflow1/venv/lib/python3.10/site-packages/airflow/example_dags/example_time_delta_sensor_async.py
[2025-03-10T09:20:52.020+0100] {processor.py:830} INFO - Processing file /home/philip/de_engineering/airflow_projects/airflow1/venv/lib/python3.10/site-packages/airflow/example_dags/example_time_delta_sensor_async.py for tasks to queue
[2025-03-10T09:20:52.021+0100] {logging_mixin.py:188} INFO - [2025-03-10T09:20:52.021+0100] {dagbag.py:538} INFO - Filling up the DagBag from /home/philip/de_engineering/airflow_projects/airflow1/venv/lib/python3.10/site-packages/airflow/example_dags/example_time_delta_sensor_async.py
[2025-03-10T09:20:52.025+0100] {processor.py:840} INFO - DAG(s) 'example_time_delta_sensor_async' retrieved from /home/philip/de_engineering/airflow_projects/airflow1/venv/lib/python3.10/site-packages/airflow/example_dags/example_time_delta_sensor_async.py
[2025-03-10T09:20:52.046+0100] {logging_mixin.py:188} INFO - [2025-03-10T09:20:52.046+0100] {dag.py:3036} INFO - Sync 1 DAGs
[2025-03-10T09:20:52.058+0100] {logging_mixin.py:188} INFO - [2025-03-10T09:20:52.058+0100] {dag.py:3823} INFO - Setting next_dagrun for example_time_delta_sensor_async to None, run_after=None
[2025-03-10T09:20:52.078+0100] {processor.py:183} INFO - Processing /home/philip/de_engineering/airflow_projects/airflow1/venv/lib/python3.10/site-packages/airflow/example_dags/example_time_delta_sensor_async.py took 0.061 seconds
[2025-03-10T09:21:22.464+0100] {processor.py:161} INFO - Started process (PID=139983) to work on /home/philip/de_engineering/airflow_projects/airflow1/venv/lib/python3.10/site-packages/airflow/example_dags/example_time_delta_sensor_async.py
[2025-03-10T09:21:22.465+0100] {processor.py:830} INFO - Processing file /home/philip/de_engineering/airflow_projects/airflow1/venv/lib/python3.10/site-packages/airflow/example_dags/example_time_delta_sensor_async.py for tasks to queue
[2025-03-10T09:21:22.466+0100] {logging_mixin.py:188} INFO - [2025-03-10T09:21:22.465+0100] {dagbag.py:538} INFO - Filling up the DagBag from /home/philip/de_engineering/airflow_projects/airflow1/venv/lib/python3.10/site-packages/airflow/example_dags/example_time_delta_sensor_async.py
[2025-03-10T09:21:22.469+0100] {processor.py:840} INFO - DAG(s) 'example_time_delta_sensor_async' retrieved from /home/philip/de_engineering/airflow_projects/airflow1/venv/lib/python3.10/site-packages/airflow/example_dags/example_time_delta_sensor_async.py
[2025-03-10T09:21:22.490+0100] {logging_mixin.py:188} INFO - [2025-03-10T09:21:22.490+0100] {dag.py:3036} INFO - Sync 1 DAGs
[2025-03-10T09:21:22.500+0100] {logging_mixin.py:188} INFO - [2025-03-10T09:21:22.500+0100] {dag.py:3823} INFO - Setting next_dagrun for example_time_delta_sensor_async to None, run_after=None
[2025-03-10T09:21:22.516+0100] {processor.py:183} INFO - Processing /home/philip/de_engineering/airflow_projects/airflow1/venv/lib/python3.10/site-packages/airflow/example_dags/example_time_delta_sensor_async.py took 0.055 seconds
[2025-03-10T09:21:52.753+0100] {processor.py:161} INFO - Started process (PID=140359) to work on /home/philip/de_engineering/airflow_projects/airflow1/venv/lib/python3.10/site-packages/airflow/example_dags/example_time_delta_sensor_async.py
[2025-03-10T09:21:52.754+0100] {processor.py:830} INFO - Processing file /home/philip/de_engineering/airflow_projects/airflow1/venv/lib/python3.10/site-packages/airflow/example_dags/example_time_delta_sensor_async.py for tasks to queue
[2025-03-10T09:21:52.755+0100] {logging_mixin.py:188} INFO - [2025-03-10T09:21:52.755+0100] {dagbag.py:538} INFO - Filling up the DagBag from /home/philip/de_engineering/airflow_projects/airflow1/venv/lib/python3.10/site-packages/airflow/example_dags/example_time_delta_sensor_async.py
[2025-03-10T09:21:52.758+0100] {processor.py:840} INFO - DAG(s) 'example_time_delta_sensor_async' retrieved from /home/philip/de_engineering/airflow_projects/airflow1/venv/lib/python3.10/site-packages/airflow/example_dags/example_time_delta_sensor_async.py
[2025-03-10T09:21:52.780+0100] {logging_mixin.py:188} INFO - [2025-03-10T09:21:52.780+0100] {dag.py:3036} INFO - Sync 1 DAGs
[2025-03-10T09:21:52.791+0100] {logging_mixin.py:188} INFO - [2025-03-10T09:21:52.791+0100] {dag.py:3823} INFO - Setting next_dagrun for example_time_delta_sensor_async to None, run_after=None
[2025-03-10T09:21:52.808+0100] {processor.py:183} INFO - Processing /home/philip/de_engineering/airflow_projects/airflow1/venv/lib/python3.10/site-packages/airflow/example_dags/example_time_delta_sensor_async.py took 0.058 seconds
[2025-03-10T09:22:23.022+0100] {processor.py:161} INFO - Started process (PID=140740) to work on /home/philip/de_engineering/airflow_projects/airflow1/venv/lib/python3.10/site-packages/airflow/example_dags/example_time_delta_sensor_async.py
[2025-03-10T09:22:23.023+0100] {processor.py:830} INFO - Processing file /home/philip/de_engineering/airflow_projects/airflow1/venv/lib/python3.10/site-packages/airflow/example_dags/example_time_delta_sensor_async.py for tasks to queue
[2025-03-10T09:22:23.024+0100] {logging_mixin.py:188} INFO - [2025-03-10T09:22:23.024+0100] {dagbag.py:538} INFO - Filling up the DagBag from /home/philip/de_engineering/airflow_projects/airflow1/venv/lib/python3.10/site-packages/airflow/example_dags/example_time_delta_sensor_async.py
[2025-03-10T09:22:23.027+0100] {processor.py:840} INFO - DAG(s) 'example_time_delta_sensor_async' retrieved from /home/philip/de_engineering/airflow_projects/airflow1/venv/lib/python3.10/site-packages/airflow/example_dags/example_time_delta_sensor_async.py
[2025-03-10T09:22:23.048+0100] {logging_mixin.py:188} INFO - [2025-03-10T09:22:23.048+0100] {dag.py:3036} INFO - Sync 1 DAGs
[2025-03-10T09:22:23.059+0100] {logging_mixin.py:188} INFO - [2025-03-10T09:22:23.059+0100] {dag.py:3823} INFO - Setting next_dagrun for example_time_delta_sensor_async to None, run_after=None
[2025-03-10T09:22:23.075+0100] {processor.py:183} INFO - Processing /home/philip/de_engineering/airflow_projects/airflow1/venv/lib/python3.10/site-packages/airflow/example_dags/example_time_delta_sensor_async.py took 0.056 seconds
[2025-03-10T09:22:53.200+0100] {processor.py:161} INFO - Started process (PID=141114) to work on /home/philip/de_engineering/airflow_projects/airflow1/venv/lib/python3.10/site-packages/airflow/example_dags/example_time_delta_sensor_async.py
[2025-03-10T09:22:53.202+0100] {processor.py:830} INFO - Processing file /home/philip/de_engineering/airflow_projects/airflow1/venv/lib/python3.10/site-packages/airflow/example_dags/example_time_delta_sensor_async.py for tasks to queue
[2025-03-10T09:22:53.202+0100] {logging_mixin.py:188} INFO - [2025-03-10T09:22:53.202+0100] {dagbag.py:538} INFO - Filling up the DagBag from /home/philip/de_engineering/airflow_projects/airflow1/venv/lib/python3.10/site-packages/airflow/example_dags/example_time_delta_sensor_async.py
[2025-03-10T09:22:53.206+0100] {processor.py:840} INFO - DAG(s) 'example_time_delta_sensor_async' retrieved from /home/philip/de_engineering/airflow_projects/airflow1/venv/lib/python3.10/site-packages/airflow/example_dags/example_time_delta_sensor_async.py
[2025-03-10T09:22:53.227+0100] {logging_mixin.py:188} INFO - [2025-03-10T09:22:53.227+0100] {dag.py:3036} INFO - Sync 1 DAGs
[2025-03-10T09:22:53.236+0100] {logging_mixin.py:188} INFO - [2025-03-10T09:22:53.236+0100] {dag.py:3823} INFO - Setting next_dagrun for example_time_delta_sensor_async to None, run_after=None
[2025-03-10T09:22:53.252+0100] {processor.py:183} INFO - Processing /home/philip/de_engineering/airflow_projects/airflow1/venv/lib/python3.10/site-packages/airflow/example_dags/example_time_delta_sensor_async.py took 0.054 seconds
[2025-03-10T09:23:23.464+0100] {processor.py:161} INFO - Started process (PID=141497) to work on /home/philip/de_engineering/airflow_projects/airflow1/venv/lib/python3.10/site-packages/airflow/example_dags/example_time_delta_sensor_async.py
[2025-03-10T09:23:23.465+0100] {processor.py:830} INFO - Processing file /home/philip/de_engineering/airflow_projects/airflow1/venv/lib/python3.10/site-packages/airflow/example_dags/example_time_delta_sensor_async.py for tasks to queue
[2025-03-10T09:23:23.466+0100] {logging_mixin.py:188} INFO - [2025-03-10T09:23:23.466+0100] {dagbag.py:538} INFO - Filling up the DagBag from /home/philip/de_engineering/airflow_projects/airflow1/venv/lib/python3.10/site-packages/airflow/example_dags/example_time_delta_sensor_async.py
[2025-03-10T09:23:23.470+0100] {processor.py:840} INFO - DAG(s) 'example_time_delta_sensor_async' retrieved from /home/philip/de_engineering/airflow_projects/airflow1/venv/lib/python3.10/site-packages/airflow/example_dags/example_time_delta_sensor_async.py
[2025-03-10T09:23:23.491+0100] {logging_mixin.py:188} INFO - [2025-03-10T09:23:23.490+0100] {dag.py:3036} INFO - Sync 1 DAGs
[2025-03-10T09:23:23.502+0100] {logging_mixin.py:188} INFO - [2025-03-10T09:23:23.501+0100] {dag.py:3823} INFO - Setting next_dagrun for example_time_delta_sensor_async to None, run_after=None
[2025-03-10T09:23:23.518+0100] {processor.py:183} INFO - Processing /home/philip/de_engineering/airflow_projects/airflow1/venv/lib/python3.10/site-packages/airflow/example_dags/example_time_delta_sensor_async.py took 0.057 seconds
[2025-03-10T09:23:53.809+0100] {processor.py:161} INFO - Started process (PID=141875) to work on /home/philip/de_engineering/airflow_projects/airflow1/venv/lib/python3.10/site-packages/airflow/example_dags/example_time_delta_sensor_async.py
[2025-03-10T09:23:53.810+0100] {processor.py:830} INFO - Processing file /home/philip/de_engineering/airflow_projects/airflow1/venv/lib/python3.10/site-packages/airflow/example_dags/example_time_delta_sensor_async.py for tasks to queue
[2025-03-10T09:23:53.810+0100] {logging_mixin.py:188} INFO - [2025-03-10T09:23:53.810+0100] {dagbag.py:538} INFO - Filling up the DagBag from /home/philip/de_engineering/airflow_projects/airflow1/venv/lib/python3.10/site-packages/airflow/example_dags/example_time_delta_sensor_async.py
[2025-03-10T09:23:53.814+0100] {processor.py:840} INFO - DAG(s) 'example_time_delta_sensor_async' retrieved from /home/philip/de_engineering/airflow_projects/airflow1/venv/lib/python3.10/site-packages/airflow/example_dags/example_time_delta_sensor_async.py
[2025-03-10T09:23:53.834+0100] {logging_mixin.py:188} INFO - [2025-03-10T09:23:53.833+0100] {dag.py:3036} INFO - Sync 1 DAGs
[2025-03-10T09:23:53.843+0100] {logging_mixin.py:188} INFO - [2025-03-10T09:23:53.843+0100] {dag.py:3823} INFO - Setting next_dagrun for example_time_delta_sensor_async to None, run_after=None
[2025-03-10T09:23:53.858+0100] {processor.py:183} INFO - Processing /home/philip/de_engineering/airflow_projects/airflow1/venv/lib/python3.10/site-packages/airflow/example_dags/example_time_delta_sensor_async.py took 0.052 seconds
[2025-03-10T09:24:24.117+0100] {processor.py:161} INFO - Started process (PID=142253) to work on /home/philip/de_engineering/airflow_projects/airflow1/venv/lib/python3.10/site-packages/airflow/example_dags/example_time_delta_sensor_async.py
[2025-03-10T09:24:24.118+0100] {processor.py:830} INFO - Processing file /home/philip/de_engineering/airflow_projects/airflow1/venv/lib/python3.10/site-packages/airflow/example_dags/example_time_delta_sensor_async.py for tasks to queue
[2025-03-10T09:24:24.119+0100] {logging_mixin.py:188} INFO - [2025-03-10T09:24:24.119+0100] {dagbag.py:538} INFO - Filling up the DagBag from /home/philip/de_engineering/airflow_projects/airflow1/venv/lib/python3.10/site-packages/airflow/example_dags/example_time_delta_sensor_async.py
[2025-03-10T09:24:24.123+0100] {processor.py:840} INFO - DAG(s) 'example_time_delta_sensor_async' retrieved from /home/philip/de_engineering/airflow_projects/airflow1/venv/lib/python3.10/site-packages/airflow/example_dags/example_time_delta_sensor_async.py
[2025-03-10T09:24:24.145+0100] {logging_mixin.py:188} INFO - [2025-03-10T09:24:24.145+0100] {dag.py:3036} INFO - Sync 1 DAGs
[2025-03-10T09:24:24.156+0100] {logging_mixin.py:188} INFO - [2025-03-10T09:24:24.156+0100] {dag.py:3823} INFO - Setting next_dagrun for example_time_delta_sensor_async to None, run_after=None
[2025-03-10T09:24:24.172+0100] {processor.py:183} INFO - Processing /home/philip/de_engineering/airflow_projects/airflow1/venv/lib/python3.10/site-packages/airflow/example_dags/example_time_delta_sensor_async.py took 0.058 seconds
[2025-03-10T09:24:54.566+0100] {processor.py:161} INFO - Started process (PID=142634) to work on /home/philip/de_engineering/airflow_projects/airflow1/venv/lib/python3.10/site-packages/airflow/example_dags/example_time_delta_sensor_async.py
[2025-03-10T09:24:54.567+0100] {processor.py:830} INFO - Processing file /home/philip/de_engineering/airflow_projects/airflow1/venv/lib/python3.10/site-packages/airflow/example_dags/example_time_delta_sensor_async.py for tasks to queue
[2025-03-10T09:24:54.568+0100] {logging_mixin.py:188} INFO - [2025-03-10T09:24:54.568+0100] {dagbag.py:538} INFO - Filling up the DagBag from /home/philip/de_engineering/airflow_projects/airflow1/venv/lib/python3.10/site-packages/airflow/example_dags/example_time_delta_sensor_async.py
[2025-03-10T09:24:54.572+0100] {processor.py:840} INFO - DAG(s) 'example_time_delta_sensor_async' retrieved from /home/philip/de_engineering/airflow_projects/airflow1/venv/lib/python3.10/site-packages/airflow/example_dags/example_time_delta_sensor_async.py
[2025-03-10T09:24:54.592+0100] {logging_mixin.py:188} INFO - [2025-03-10T09:24:54.592+0100] {dag.py:3036} INFO - Sync 1 DAGs
[2025-03-10T09:24:54.602+0100] {logging_mixin.py:188} INFO - [2025-03-10T09:24:54.601+0100] {dag.py:3823} INFO - Setting next_dagrun for example_time_delta_sensor_async to None, run_after=None
[2025-03-10T09:24:54.616+0100] {processor.py:183} INFO - Processing /home/philip/de_engineering/airflow_projects/airflow1/venv/lib/python3.10/site-packages/airflow/example_dags/example_time_delta_sensor_async.py took 0.053 seconds
[2025-03-10T09:25:24.723+0100] {processor.py:161} INFO - Started process (PID=143013) to work on /home/philip/de_engineering/airflow_projects/airflow1/venv/lib/python3.10/site-packages/airflow/example_dags/example_time_delta_sensor_async.py
[2025-03-10T09:25:24.724+0100] {processor.py:830} INFO - Processing file /home/philip/de_engineering/airflow_projects/airflow1/venv/lib/python3.10/site-packages/airflow/example_dags/example_time_delta_sensor_async.py for tasks to queue
[2025-03-10T09:25:24.725+0100] {logging_mixin.py:188} INFO - [2025-03-10T09:25:24.724+0100] {dagbag.py:538} INFO - Filling up the DagBag from /home/philip/de_engineering/airflow_projects/airflow1/venv/lib/python3.10/site-packages/airflow/example_dags/example_time_delta_sensor_async.py
[2025-03-10T09:25:24.728+0100] {processor.py:840} INFO - DAG(s) 'example_time_delta_sensor_async' retrieved from /home/philip/de_engineering/airflow_projects/airflow1/venv/lib/python3.10/site-packages/airflow/example_dags/example_time_delta_sensor_async.py
[2025-03-10T09:25:24.749+0100] {logging_mixin.py:188} INFO - [2025-03-10T09:25:24.749+0100] {dag.py:3036} INFO - Sync 1 DAGs
[2025-03-10T09:25:24.759+0100] {logging_mixin.py:188} INFO - [2025-03-10T09:25:24.759+0100] {dag.py:3823} INFO - Setting next_dagrun for example_time_delta_sensor_async to None, run_after=None
[2025-03-10T09:25:24.774+0100] {processor.py:183} INFO - Processing /home/philip/de_engineering/airflow_projects/airflow1/venv/lib/python3.10/site-packages/airflow/example_dags/example_time_delta_sensor_async.py took 0.054 seconds
[2025-03-10T09:25:54.999+0100] {processor.py:161} INFO - Started process (PID=143394) to work on /home/philip/de_engineering/airflow_projects/airflow1/venv/lib/python3.10/site-packages/airflow/example_dags/example_time_delta_sensor_async.py
[2025-03-10T09:25:55.000+0100] {processor.py:830} INFO - Processing file /home/philip/de_engineering/airflow_projects/airflow1/venv/lib/python3.10/site-packages/airflow/example_dags/example_time_delta_sensor_async.py for tasks to queue
[2025-03-10T09:25:55.001+0100] {logging_mixin.py:188} INFO - [2025-03-10T09:25:55.001+0100] {dagbag.py:538} INFO - Filling up the DagBag from /home/philip/de_engineering/airflow_projects/airflow1/venv/lib/python3.10/site-packages/airflow/example_dags/example_time_delta_sensor_async.py
[2025-03-10T09:25:55.004+0100] {processor.py:840} INFO - DAG(s) 'example_time_delta_sensor_async' retrieved from /home/philip/de_engineering/airflow_projects/airflow1/venv/lib/python3.10/site-packages/airflow/example_dags/example_time_delta_sensor_async.py
[2025-03-10T09:25:55.025+0100] {logging_mixin.py:188} INFO - [2025-03-10T09:25:55.025+0100] {dag.py:3036} INFO - Sync 1 DAGs
[2025-03-10T09:25:55.036+0100] {logging_mixin.py:188} INFO - [2025-03-10T09:25:55.036+0100] {dag.py:3823} INFO - Setting next_dagrun for example_time_delta_sensor_async to None, run_after=None
[2025-03-10T09:25:55.051+0100] {processor.py:183} INFO - Processing /home/philip/de_engineering/airflow_projects/airflow1/venv/lib/python3.10/site-packages/airflow/example_dags/example_time_delta_sensor_async.py took 0.055 seconds
[2025-03-10T09:26:25.455+0100] {processor.py:161} INFO - Started process (PID=143768) to work on /home/philip/de_engineering/airflow_projects/airflow1/venv/lib/python3.10/site-packages/airflow/example_dags/example_time_delta_sensor_async.py
[2025-03-10T09:26:25.456+0100] {processor.py:830} INFO - Processing file /home/philip/de_engineering/airflow_projects/airflow1/venv/lib/python3.10/site-packages/airflow/example_dags/example_time_delta_sensor_async.py for tasks to queue
[2025-03-10T09:26:25.456+0100] {logging_mixin.py:188} INFO - [2025-03-10T09:26:25.456+0100] {dagbag.py:538} INFO - Filling up the DagBag from /home/philip/de_engineering/airflow_projects/airflow1/venv/lib/python3.10/site-packages/airflow/example_dags/example_time_delta_sensor_async.py
[2025-03-10T09:26:25.460+0100] {processor.py:840} INFO - DAG(s) 'example_time_delta_sensor_async' retrieved from /home/philip/de_engineering/airflow_projects/airflow1/venv/lib/python3.10/site-packages/airflow/example_dags/example_time_delta_sensor_async.py
[2025-03-10T09:26:25.481+0100] {logging_mixin.py:188} INFO - [2025-03-10T09:26:25.481+0100] {dag.py:3036} INFO - Sync 1 DAGs
[2025-03-10T09:26:25.493+0100] {logging_mixin.py:188} INFO - [2025-03-10T09:26:25.492+0100] {dag.py:3823} INFO - Setting next_dagrun for example_time_delta_sensor_async to None, run_after=None
[2025-03-10T09:26:25.509+0100] {processor.py:183} INFO - Processing /home/philip/de_engineering/airflow_projects/airflow1/venv/lib/python3.10/site-packages/airflow/example_dags/example_time_delta_sensor_async.py took 0.057 seconds
[2025-03-10T09:26:55.902+0100] {processor.py:161} INFO - Started process (PID=144149) to work on /home/philip/de_engineering/airflow_projects/airflow1/venv/lib/python3.10/site-packages/airflow/example_dags/example_time_delta_sensor_async.py
[2025-03-10T09:26:55.904+0100] {processor.py:830} INFO - Processing file /home/philip/de_engineering/airflow_projects/airflow1/venv/lib/python3.10/site-packages/airflow/example_dags/example_time_delta_sensor_async.py for tasks to queue
[2025-03-10T09:26:55.905+0100] {logging_mixin.py:188} INFO - [2025-03-10T09:26:55.904+0100] {dagbag.py:538} INFO - Filling up the DagBag from /home/philip/de_engineering/airflow_projects/airflow1/venv/lib/python3.10/site-packages/airflow/example_dags/example_time_delta_sensor_async.py
[2025-03-10T09:26:55.909+0100] {processor.py:840} INFO - DAG(s) 'example_time_delta_sensor_async' retrieved from /home/philip/de_engineering/airflow_projects/airflow1/venv/lib/python3.10/site-packages/airflow/example_dags/example_time_delta_sensor_async.py
[2025-03-10T09:26:55.933+0100] {logging_mixin.py:188} INFO - [2025-03-10T09:26:55.933+0100] {dag.py:3036} INFO - Sync 1 DAGs
[2025-03-10T09:26:55.947+0100] {logging_mixin.py:188} INFO - [2025-03-10T09:26:55.946+0100] {dag.py:3823} INFO - Setting next_dagrun for example_time_delta_sensor_async to None, run_after=None
[2025-03-10T09:26:55.968+0100] {processor.py:183} INFO - Processing /home/philip/de_engineering/airflow_projects/airflow1/venv/lib/python3.10/site-packages/airflow/example_dags/example_time_delta_sensor_async.py took 0.070 seconds
[2025-03-10T09:27:26.105+0100] {processor.py:161} INFO - Started process (PID=144529) to work on /home/philip/de_engineering/airflow_projects/airflow1/venv/lib/python3.10/site-packages/airflow/example_dags/example_time_delta_sensor_async.py
[2025-03-10T09:27:26.105+0100] {processor.py:830} INFO - Processing file /home/philip/de_engineering/airflow_projects/airflow1/venv/lib/python3.10/site-packages/airflow/example_dags/example_time_delta_sensor_async.py for tasks to queue
[2025-03-10T09:27:26.106+0100] {logging_mixin.py:188} INFO - [2025-03-10T09:27:26.106+0100] {dagbag.py:538} INFO - Filling up the DagBag from /home/philip/de_engineering/airflow_projects/airflow1/venv/lib/python3.10/site-packages/airflow/example_dags/example_time_delta_sensor_async.py
[2025-03-10T09:27:26.110+0100] {processor.py:840} INFO - DAG(s) 'example_time_delta_sensor_async' retrieved from /home/philip/de_engineering/airflow_projects/airflow1/venv/lib/python3.10/site-packages/airflow/example_dags/example_time_delta_sensor_async.py
[2025-03-10T09:27:26.131+0100] {logging_mixin.py:188} INFO - [2025-03-10T09:27:26.130+0100] {dag.py:3036} INFO - Sync 1 DAGs
[2025-03-10T09:27:26.143+0100] {logging_mixin.py:188} INFO - [2025-03-10T09:27:26.143+0100] {dag.py:3823} INFO - Setting next_dagrun for example_time_delta_sensor_async to None, run_after=None
[2025-03-10T09:27:26.158+0100] {processor.py:183} INFO - Processing /home/philip/de_engineering/airflow_projects/airflow1/venv/lib/python3.10/site-packages/airflow/example_dags/example_time_delta_sensor_async.py took 0.056 seconds
[2025-03-10T09:27:56.360+0100] {processor.py:161} INFO - Started process (PID=144904) to work on /home/philip/de_engineering/airflow_projects/airflow1/venv/lib/python3.10/site-packages/airflow/example_dags/example_time_delta_sensor_async.py
[2025-03-10T09:27:56.362+0100] {processor.py:830} INFO - Processing file /home/philip/de_engineering/airflow_projects/airflow1/venv/lib/python3.10/site-packages/airflow/example_dags/example_time_delta_sensor_async.py for tasks to queue
[2025-03-10T09:27:56.362+0100] {logging_mixin.py:188} INFO - [2025-03-10T09:27:56.362+0100] {dagbag.py:538} INFO - Filling up the DagBag from /home/philip/de_engineering/airflow_projects/airflow1/venv/lib/python3.10/site-packages/airflow/example_dags/example_time_delta_sensor_async.py
[2025-03-10T09:27:56.366+0100] {processor.py:840} INFO - DAG(s) 'example_time_delta_sensor_async' retrieved from /home/philip/de_engineering/airflow_projects/airflow1/venv/lib/python3.10/site-packages/airflow/example_dags/example_time_delta_sensor_async.py
[2025-03-10T09:27:56.386+0100] {logging_mixin.py:188} INFO - [2025-03-10T09:27:56.386+0100] {dag.py:3036} INFO - Sync 1 DAGs
[2025-03-10T09:27:56.396+0100] {logging_mixin.py:188} INFO - [2025-03-10T09:27:56.396+0100] {dag.py:3823} INFO - Setting next_dagrun for example_time_delta_sensor_async to None, run_after=None
[2025-03-10T09:27:56.411+0100] {processor.py:183} INFO - Processing /home/philip/de_engineering/airflow_projects/airflow1/venv/lib/python3.10/site-packages/airflow/example_dags/example_time_delta_sensor_async.py took 0.053 seconds
[2025-03-10T09:28:26.716+0100] {processor.py:161} INFO - Started process (PID=145284) to work on /home/philip/de_engineering/airflow_projects/airflow1/venv/lib/python3.10/site-packages/airflow/example_dags/example_time_delta_sensor_async.py
[2025-03-10T09:28:26.717+0100] {processor.py:830} INFO - Processing file /home/philip/de_engineering/airflow_projects/airflow1/venv/lib/python3.10/site-packages/airflow/example_dags/example_time_delta_sensor_async.py for tasks to queue
[2025-03-10T09:28:26.717+0100] {logging_mixin.py:188} INFO - [2025-03-10T09:28:26.717+0100] {dagbag.py:538} INFO - Filling up the DagBag from /home/philip/de_engineering/airflow_projects/airflow1/venv/lib/python3.10/site-packages/airflow/example_dags/example_time_delta_sensor_async.py
[2025-03-10T09:28:26.721+0100] {processor.py:840} INFO - DAG(s) 'example_time_delta_sensor_async' retrieved from /home/philip/de_engineering/airflow_projects/airflow1/venv/lib/python3.10/site-packages/airflow/example_dags/example_time_delta_sensor_async.py
[2025-03-10T09:28:26.741+0100] {logging_mixin.py:188} INFO - [2025-03-10T09:28:26.740+0100] {dag.py:3036} INFO - Sync 1 DAGs
[2025-03-10T09:28:26.750+0100] {logging_mixin.py:188} INFO - [2025-03-10T09:28:26.750+0100] {dag.py:3823} INFO - Setting next_dagrun for example_time_delta_sensor_async to None, run_after=None
[2025-03-10T09:28:26.764+0100] {processor.py:183} INFO - Processing /home/philip/de_engineering/airflow_projects/airflow1/venv/lib/python3.10/site-packages/airflow/example_dags/example_time_delta_sensor_async.py took 0.051 seconds
[2025-03-10T09:28:56.878+0100] {processor.py:161} INFO - Started process (PID=145661) to work on /home/philip/de_engineering/airflow_projects/airflow1/venv/lib/python3.10/site-packages/airflow/example_dags/example_time_delta_sensor_async.py
[2025-03-10T09:28:56.879+0100] {processor.py:830} INFO - Processing file /home/philip/de_engineering/airflow_projects/airflow1/venv/lib/python3.10/site-packages/airflow/example_dags/example_time_delta_sensor_async.py for tasks to queue
[2025-03-10T09:28:56.880+0100] {logging_mixin.py:188} INFO - [2025-03-10T09:28:56.880+0100] {dagbag.py:538} INFO - Filling up the DagBag from /home/philip/de_engineering/airflow_projects/airflow1/venv/lib/python3.10/site-packages/airflow/example_dags/example_time_delta_sensor_async.py
[2025-03-10T09:28:56.883+0100] {processor.py:840} INFO - DAG(s) 'example_time_delta_sensor_async' retrieved from /home/philip/de_engineering/airflow_projects/airflow1/venv/lib/python3.10/site-packages/airflow/example_dags/example_time_delta_sensor_async.py
[2025-03-10T09:28:56.904+0100] {logging_mixin.py:188} INFO - [2025-03-10T09:28:56.904+0100] {dag.py:3036} INFO - Sync 1 DAGs
[2025-03-10T09:28:56.914+0100] {logging_mixin.py:188} INFO - [2025-03-10T09:28:56.914+0100] {dag.py:3823} INFO - Setting next_dagrun for example_time_delta_sensor_async to None, run_after=None
[2025-03-10T09:28:56.930+0100] {processor.py:183} INFO - Processing /home/philip/de_engineering/airflow_projects/airflow1/venv/lib/python3.10/site-packages/airflow/example_dags/example_time_delta_sensor_async.py took 0.055 seconds
[2025-03-10T09:29:27.104+0100] {processor.py:161} INFO - Started process (PID=146041) to work on /home/philip/de_engineering/airflow_projects/airflow1/venv/lib/python3.10/site-packages/airflow/example_dags/example_time_delta_sensor_async.py
[2025-03-10T09:29:27.105+0100] {processor.py:830} INFO - Processing file /home/philip/de_engineering/airflow_projects/airflow1/venv/lib/python3.10/site-packages/airflow/example_dags/example_time_delta_sensor_async.py for tasks to queue
[2025-03-10T09:29:27.106+0100] {logging_mixin.py:188} INFO - [2025-03-10T09:29:27.106+0100] {dagbag.py:538} INFO - Filling up the DagBag from /home/philip/de_engineering/airflow_projects/airflow1/venv/lib/python3.10/site-packages/airflow/example_dags/example_time_delta_sensor_async.py
[2025-03-10T09:29:27.109+0100] {processor.py:840} INFO - DAG(s) 'example_time_delta_sensor_async' retrieved from /home/philip/de_engineering/airflow_projects/airflow1/venv/lib/python3.10/site-packages/airflow/example_dags/example_time_delta_sensor_async.py
[2025-03-10T09:29:27.130+0100] {logging_mixin.py:188} INFO - [2025-03-10T09:29:27.129+0100] {dag.py:3036} INFO - Sync 1 DAGs
[2025-03-10T09:29:27.139+0100] {logging_mixin.py:188} INFO - [2025-03-10T09:29:27.139+0100] {dag.py:3823} INFO - Setting next_dagrun for example_time_delta_sensor_async to None, run_after=None
[2025-03-10T09:29:27.154+0100] {processor.py:183} INFO - Processing /home/philip/de_engineering/airflow_projects/airflow1/venv/lib/python3.10/site-packages/airflow/example_dags/example_time_delta_sensor_async.py took 0.052 seconds
[2025-03-10T09:29:57.261+0100] {processor.py:161} INFO - Started process (PID=146416) to work on /home/philip/de_engineering/airflow_projects/airflow1/venv/lib/python3.10/site-packages/airflow/example_dags/example_time_delta_sensor_async.py
[2025-03-10T09:29:57.262+0100] {processor.py:830} INFO - Processing file /home/philip/de_engineering/airflow_projects/airflow1/venv/lib/python3.10/site-packages/airflow/example_dags/example_time_delta_sensor_async.py for tasks to queue
[2025-03-10T09:29:57.263+0100] {logging_mixin.py:188} INFO - [2025-03-10T09:29:57.262+0100] {dagbag.py:538} INFO - Filling up the DagBag from /home/philip/de_engineering/airflow_projects/airflow1/venv/lib/python3.10/site-packages/airflow/example_dags/example_time_delta_sensor_async.py
[2025-03-10T09:29:57.266+0100] {processor.py:840} INFO - DAG(s) 'example_time_delta_sensor_async' retrieved from /home/philip/de_engineering/airflow_projects/airflow1/venv/lib/python3.10/site-packages/airflow/example_dags/example_time_delta_sensor_async.py
[2025-03-10T09:29:57.286+0100] {logging_mixin.py:188} INFO - [2025-03-10T09:29:57.286+0100] {dag.py:3036} INFO - Sync 1 DAGs
[2025-03-10T09:29:57.298+0100] {logging_mixin.py:188} INFO - [2025-03-10T09:29:57.298+0100] {dag.py:3823} INFO - Setting next_dagrun for example_time_delta_sensor_async to None, run_after=None
[2025-03-10T09:29:57.313+0100] {processor.py:183} INFO - Processing /home/philip/de_engineering/airflow_projects/airflow1/venv/lib/python3.10/site-packages/airflow/example_dags/example_time_delta_sensor_async.py took 0.055 seconds
[2025-03-10T09:30:27.510+0100] {processor.py:161} INFO - Started process (PID=146797) to work on /home/philip/de_engineering/airflow_projects/airflow1/venv/lib/python3.10/site-packages/airflow/example_dags/example_time_delta_sensor_async.py
[2025-03-10T09:30:27.511+0100] {processor.py:830} INFO - Processing file /home/philip/de_engineering/airflow_projects/airflow1/venv/lib/python3.10/site-packages/airflow/example_dags/example_time_delta_sensor_async.py for tasks to queue
[2025-03-10T09:30:27.511+0100] {logging_mixin.py:188} INFO - [2025-03-10T09:30:27.511+0100] {dagbag.py:538} INFO - Filling up the DagBag from /home/philip/de_engineering/airflow_projects/airflow1/venv/lib/python3.10/site-packages/airflow/example_dags/example_time_delta_sensor_async.py
[2025-03-10T09:30:27.515+0100] {processor.py:840} INFO - DAG(s) 'example_time_delta_sensor_async' retrieved from /home/philip/de_engineering/airflow_projects/airflow1/venv/lib/python3.10/site-packages/airflow/example_dags/example_time_delta_sensor_async.py
[2025-03-10T09:30:27.537+0100] {logging_mixin.py:188} INFO - [2025-03-10T09:30:27.537+0100] {dag.py:3036} INFO - Sync 1 DAGs
[2025-03-10T09:30:27.548+0100] {logging_mixin.py:188} INFO - [2025-03-10T09:30:27.547+0100] {dag.py:3823} INFO - Setting next_dagrun for example_time_delta_sensor_async to None, run_after=None
[2025-03-10T09:30:27.563+0100] {processor.py:183} INFO - Processing /home/philip/de_engineering/airflow_projects/airflow1/venv/lib/python3.10/site-packages/airflow/example_dags/example_time_delta_sensor_async.py took 0.056 seconds
[2025-03-10T09:30:57.644+0100] {processor.py:161} INFO - Started process (PID=147172) to work on /home/philip/de_engineering/airflow_projects/airflow1/venv/lib/python3.10/site-packages/airflow/example_dags/example_time_delta_sensor_async.py
[2025-03-10T09:30:57.645+0100] {processor.py:830} INFO - Processing file /home/philip/de_engineering/airflow_projects/airflow1/venv/lib/python3.10/site-packages/airflow/example_dags/example_time_delta_sensor_async.py for tasks to queue
[2025-03-10T09:30:57.646+0100] {logging_mixin.py:188} INFO - [2025-03-10T09:30:57.646+0100] {dagbag.py:538} INFO - Filling up the DagBag from /home/philip/de_engineering/airflow_projects/airflow1/venv/lib/python3.10/site-packages/airflow/example_dags/example_time_delta_sensor_async.py
[2025-03-10T09:30:57.649+0100] {processor.py:840} INFO - DAG(s) 'example_time_delta_sensor_async' retrieved from /home/philip/de_engineering/airflow_projects/airflow1/venv/lib/python3.10/site-packages/airflow/example_dags/example_time_delta_sensor_async.py
[2025-03-10T09:30:57.670+0100] {logging_mixin.py:188} INFO - [2025-03-10T09:30:57.669+0100] {dag.py:3036} INFO - Sync 1 DAGs
[2025-03-10T09:30:57.680+0100] {logging_mixin.py:188} INFO - [2025-03-10T09:30:57.680+0100] {dag.py:3823} INFO - Setting next_dagrun for example_time_delta_sensor_async to None, run_after=None
[2025-03-10T09:30:57.695+0100] {processor.py:183} INFO - Processing /home/philip/de_engineering/airflow_projects/airflow1/venv/lib/python3.10/site-packages/airflow/example_dags/example_time_delta_sensor_async.py took 0.054 seconds
[2025-03-10T09:31:27.918+0100] {processor.py:161} INFO - Started process (PID=147552) to work on /home/philip/de_engineering/airflow_projects/airflow1/venv/lib/python3.10/site-packages/airflow/example_dags/example_time_delta_sensor_async.py
[2025-03-10T09:31:27.919+0100] {processor.py:830} INFO - Processing file /home/philip/de_engineering/airflow_projects/airflow1/venv/lib/python3.10/site-packages/airflow/example_dags/example_time_delta_sensor_async.py for tasks to queue
[2025-03-10T09:31:27.920+0100] {logging_mixin.py:188} INFO - [2025-03-10T09:31:27.919+0100] {dagbag.py:538} INFO - Filling up the DagBag from /home/philip/de_engineering/airflow_projects/airflow1/venv/lib/python3.10/site-packages/airflow/example_dags/example_time_delta_sensor_async.py
[2025-03-10T09:31:27.923+0100] {processor.py:840} INFO - DAG(s) 'example_time_delta_sensor_async' retrieved from /home/philip/de_engineering/airflow_projects/airflow1/venv/lib/python3.10/site-packages/airflow/example_dags/example_time_delta_sensor_async.py
[2025-03-10T09:31:27.944+0100] {logging_mixin.py:188} INFO - [2025-03-10T09:31:27.944+0100] {dag.py:3036} INFO - Sync 1 DAGs
[2025-03-10T09:31:27.953+0100] {logging_mixin.py:188} INFO - [2025-03-10T09:31:27.953+0100] {dag.py:3823} INFO - Setting next_dagrun for example_time_delta_sensor_async to None, run_after=None
[2025-03-10T09:31:27.968+0100] {processor.py:183} INFO - Processing /home/philip/de_engineering/airflow_projects/airflow1/venv/lib/python3.10/site-packages/airflow/example_dags/example_time_delta_sensor_async.py took 0.052 seconds
[2025-03-10T09:31:58.052+0100] {processor.py:161} INFO - Started process (PID=147927) to work on /home/philip/de_engineering/airflow_projects/airflow1/venv/lib/python3.10/site-packages/airflow/example_dags/example_time_delta_sensor_async.py
[2025-03-10T09:31:58.053+0100] {processor.py:830} INFO - Processing file /home/philip/de_engineering/airflow_projects/airflow1/venv/lib/python3.10/site-packages/airflow/example_dags/example_time_delta_sensor_async.py for tasks to queue
[2025-03-10T09:31:58.054+0100] {logging_mixin.py:188} INFO - [2025-03-10T09:31:58.054+0100] {dagbag.py:538} INFO - Filling up the DagBag from /home/philip/de_engineering/airflow_projects/airflow1/venv/lib/python3.10/site-packages/airflow/example_dags/example_time_delta_sensor_async.py
[2025-03-10T09:31:58.057+0100] {processor.py:840} INFO - DAG(s) 'example_time_delta_sensor_async' retrieved from /home/philip/de_engineering/airflow_projects/airflow1/venv/lib/python3.10/site-packages/airflow/example_dags/example_time_delta_sensor_async.py
[2025-03-10T09:31:58.077+0100] {logging_mixin.py:188} INFO - [2025-03-10T09:31:58.077+0100] {dag.py:3036} INFO - Sync 1 DAGs
[2025-03-10T09:31:58.088+0100] {logging_mixin.py:188} INFO - [2025-03-10T09:31:58.088+0100] {dag.py:3823} INFO - Setting next_dagrun for example_time_delta_sensor_async to None, run_after=None
[2025-03-10T09:31:58.105+0100] {processor.py:183} INFO - Processing /home/philip/de_engineering/airflow_projects/airflow1/venv/lib/python3.10/site-packages/airflow/example_dags/example_time_delta_sensor_async.py took 0.056 seconds
[2025-03-10T09:32:28.227+0100] {processor.py:161} INFO - Started process (PID=148307) to work on /home/philip/de_engineering/airflow_projects/airflow1/venv/lib/python3.10/site-packages/airflow/example_dags/example_time_delta_sensor_async.py
[2025-03-10T09:32:28.228+0100] {processor.py:830} INFO - Processing file /home/philip/de_engineering/airflow_projects/airflow1/venv/lib/python3.10/site-packages/airflow/example_dags/example_time_delta_sensor_async.py for tasks to queue
[2025-03-10T09:32:28.228+0100] {logging_mixin.py:188} INFO - [2025-03-10T09:32:28.228+0100] {dagbag.py:538} INFO - Filling up the DagBag from /home/philip/de_engineering/airflow_projects/airflow1/venv/lib/python3.10/site-packages/airflow/example_dags/example_time_delta_sensor_async.py
[2025-03-10T09:32:28.232+0100] {processor.py:840} INFO - DAG(s) 'example_time_delta_sensor_async' retrieved from /home/philip/de_engineering/airflow_projects/airflow1/venv/lib/python3.10/site-packages/airflow/example_dags/example_time_delta_sensor_async.py
[2025-03-10T09:32:28.252+0100] {logging_mixin.py:188} INFO - [2025-03-10T09:32:28.252+0100] {dag.py:3036} INFO - Sync 1 DAGs
[2025-03-10T09:32:28.262+0100] {logging_mixin.py:188} INFO - [2025-03-10T09:32:28.262+0100] {dag.py:3823} INFO - Setting next_dagrun for example_time_delta_sensor_async to None, run_after=None
[2025-03-10T09:32:28.277+0100] {processor.py:183} INFO - Processing /home/philip/de_engineering/airflow_projects/airflow1/venv/lib/python3.10/site-packages/airflow/example_dags/example_time_delta_sensor_async.py took 0.052 seconds
[2025-03-10T09:32:58.448+0100] {processor.py:161} INFO - Started process (PID=148688) to work on /home/philip/de_engineering/airflow_projects/airflow1/venv/lib/python3.10/site-packages/airflow/example_dags/example_time_delta_sensor_async.py
[2025-03-10T09:32:58.449+0100] {processor.py:830} INFO - Processing file /home/philip/de_engineering/airflow_projects/airflow1/venv/lib/python3.10/site-packages/airflow/example_dags/example_time_delta_sensor_async.py for tasks to queue
[2025-03-10T09:32:58.450+0100] {logging_mixin.py:188} INFO - [2025-03-10T09:32:58.450+0100] {dagbag.py:538} INFO - Filling up the DagBag from /home/philip/de_engineering/airflow_projects/airflow1/venv/lib/python3.10/site-packages/airflow/example_dags/example_time_delta_sensor_async.py
[2025-03-10T09:32:58.454+0100] {processor.py:840} INFO - DAG(s) 'example_time_delta_sensor_async' retrieved from /home/philip/de_engineering/airflow_projects/airflow1/venv/lib/python3.10/site-packages/airflow/example_dags/example_time_delta_sensor_async.py
[2025-03-10T09:32:58.475+0100] {logging_mixin.py:188} INFO - [2025-03-10T09:32:58.475+0100] {dag.py:3036} INFO - Sync 1 DAGs
[2025-03-10T09:32:58.484+0100] {logging_mixin.py:188} INFO - [2025-03-10T09:32:58.484+0100] {dag.py:3823} INFO - Setting next_dagrun for example_time_delta_sensor_async to None, run_after=None
[2025-03-10T09:32:58.499+0100] {processor.py:183} INFO - Processing /home/philip/de_engineering/airflow_projects/airflow1/venv/lib/python3.10/site-packages/airflow/example_dags/example_time_delta_sensor_async.py took 0.055 seconds
[2025-03-10T09:33:28.739+0100] {processor.py:161} INFO - Started process (PID=149064) to work on /home/philip/de_engineering/airflow_projects/airflow1/venv/lib/python3.10/site-packages/airflow/example_dags/example_time_delta_sensor_async.py
[2025-03-10T09:33:28.740+0100] {processor.py:830} INFO - Processing file /home/philip/de_engineering/airflow_projects/airflow1/venv/lib/python3.10/site-packages/airflow/example_dags/example_time_delta_sensor_async.py for tasks to queue
[2025-03-10T09:33:28.740+0100] {logging_mixin.py:188} INFO - [2025-03-10T09:33:28.740+0100] {dagbag.py:538} INFO - Filling up the DagBag from /home/philip/de_engineering/airflow_projects/airflow1/venv/lib/python3.10/site-packages/airflow/example_dags/example_time_delta_sensor_async.py
[2025-03-10T09:33:28.744+0100] {processor.py:840} INFO - DAG(s) 'example_time_delta_sensor_async' retrieved from /home/philip/de_engineering/airflow_projects/airflow1/venv/lib/python3.10/site-packages/airflow/example_dags/example_time_delta_sensor_async.py
[2025-03-10T09:33:28.765+0100] {logging_mixin.py:188} INFO - [2025-03-10T09:33:28.765+0100] {dag.py:3036} INFO - Sync 1 DAGs
[2025-03-10T09:33:28.775+0100] {logging_mixin.py:188} INFO - [2025-03-10T09:33:28.775+0100] {dag.py:3823} INFO - Setting next_dagrun for example_time_delta_sensor_async to None, run_after=None
[2025-03-10T09:33:28.790+0100] {processor.py:183} INFO - Processing /home/philip/de_engineering/airflow_projects/airflow1/venv/lib/python3.10/site-packages/airflow/example_dags/example_time_delta_sensor_async.py took 0.054 seconds
[2025-03-10T09:33:58.940+0100] {processor.py:161} INFO - Started process (PID=149445) to work on /home/philip/de_engineering/airflow_projects/airflow1/venv/lib/python3.10/site-packages/airflow/example_dags/example_time_delta_sensor_async.py
[2025-03-10T09:33:58.941+0100] {processor.py:830} INFO - Processing file /home/philip/de_engineering/airflow_projects/airflow1/venv/lib/python3.10/site-packages/airflow/example_dags/example_time_delta_sensor_async.py for tasks to queue
[2025-03-10T09:33:58.941+0100] {logging_mixin.py:188} INFO - [2025-03-10T09:33:58.941+0100] {dagbag.py:538} INFO - Filling up the DagBag from /home/philip/de_engineering/airflow_projects/airflow1/venv/lib/python3.10/site-packages/airflow/example_dags/example_time_delta_sensor_async.py
[2025-03-10T09:33:58.945+0100] {processor.py:840} INFO - DAG(s) 'example_time_delta_sensor_async' retrieved from /home/philip/de_engineering/airflow_projects/airflow1/venv/lib/python3.10/site-packages/airflow/example_dags/example_time_delta_sensor_async.py
[2025-03-10T09:33:58.964+0100] {logging_mixin.py:188} INFO - [2025-03-10T09:33:58.964+0100] {dag.py:3036} INFO - Sync 1 DAGs
[2025-03-10T09:33:58.974+0100] {logging_mixin.py:188} INFO - [2025-03-10T09:33:58.974+0100] {dag.py:3823} INFO - Setting next_dagrun for example_time_delta_sensor_async to None, run_after=None
[2025-03-10T09:33:58.988+0100] {processor.py:183} INFO - Processing /home/philip/de_engineering/airflow_projects/airflow1/venv/lib/python3.10/site-packages/airflow/example_dags/example_time_delta_sensor_async.py took 0.052 seconds
[2025-03-10T09:34:29.180+0100] {processor.py:161} INFO - Started process (PID=149819) to work on /home/philip/de_engineering/airflow_projects/airflow1/venv/lib/python3.10/site-packages/airflow/example_dags/example_time_delta_sensor_async.py
[2025-03-10T09:34:29.180+0100] {processor.py:830} INFO - Processing file /home/philip/de_engineering/airflow_projects/airflow1/venv/lib/python3.10/site-packages/airflow/example_dags/example_time_delta_sensor_async.py for tasks to queue
[2025-03-10T09:34:29.181+0100] {logging_mixin.py:188} INFO - [2025-03-10T09:34:29.181+0100] {dagbag.py:538} INFO - Filling up the DagBag from /home/philip/de_engineering/airflow_projects/airflow1/venv/lib/python3.10/site-packages/airflow/example_dags/example_time_delta_sensor_async.py
[2025-03-10T09:34:29.185+0100] {processor.py:840} INFO - DAG(s) 'example_time_delta_sensor_async' retrieved from /home/philip/de_engineering/airflow_projects/airflow1/venv/lib/python3.10/site-packages/airflow/example_dags/example_time_delta_sensor_async.py
[2025-03-10T09:34:29.205+0100] {logging_mixin.py:188} INFO - [2025-03-10T09:34:29.205+0100] {dag.py:3036} INFO - Sync 1 DAGs
[2025-03-10T09:34:29.214+0100] {logging_mixin.py:188} INFO - [2025-03-10T09:34:29.214+0100] {dag.py:3823} INFO - Setting next_dagrun for example_time_delta_sensor_async to None, run_after=None
[2025-03-10T09:34:29.229+0100] {processor.py:183} INFO - Processing /home/philip/de_engineering/airflow_projects/airflow1/venv/lib/python3.10/site-packages/airflow/example_dags/example_time_delta_sensor_async.py took 0.052 seconds
[2025-03-10T09:34:59.390+0100] {processor.py:161} INFO - Started process (PID=150202) to work on /home/philip/de_engineering/airflow_projects/airflow1/venv/lib/python3.10/site-packages/airflow/example_dags/example_time_delta_sensor_async.py
[2025-03-10T09:34:59.391+0100] {processor.py:830} INFO - Processing file /home/philip/de_engineering/airflow_projects/airflow1/venv/lib/python3.10/site-packages/airflow/example_dags/example_time_delta_sensor_async.py for tasks to queue
[2025-03-10T09:34:59.392+0100] {logging_mixin.py:188} INFO - [2025-03-10T09:34:59.392+0100] {dagbag.py:538} INFO - Filling up the DagBag from /home/philip/de_engineering/airflow_projects/airflow1/venv/lib/python3.10/site-packages/airflow/example_dags/example_time_delta_sensor_async.py
[2025-03-10T09:34:59.396+0100] {processor.py:840} INFO - DAG(s) 'example_time_delta_sensor_async' retrieved from /home/philip/de_engineering/airflow_projects/airflow1/venv/lib/python3.10/site-packages/airflow/example_dags/example_time_delta_sensor_async.py
[2025-03-10T09:34:59.418+0100] {logging_mixin.py:188} INFO - [2025-03-10T09:34:59.418+0100] {dag.py:3036} INFO - Sync 1 DAGs
[2025-03-10T09:34:59.428+0100] {logging_mixin.py:188} INFO - [2025-03-10T09:34:59.428+0100] {dag.py:3823} INFO - Setting next_dagrun for example_time_delta_sensor_async to None, run_after=None
[2025-03-10T09:34:59.444+0100] {processor.py:183} INFO - Processing /home/philip/de_engineering/airflow_projects/airflow1/venv/lib/python3.10/site-packages/airflow/example_dags/example_time_delta_sensor_async.py took 0.056 seconds
[2025-03-10T09:35:29.609+0100] {processor.py:161} INFO - Started process (PID=150579) to work on /home/philip/de_engineering/airflow_projects/airflow1/venv/lib/python3.10/site-packages/airflow/example_dags/example_time_delta_sensor_async.py
[2025-03-10T09:35:29.609+0100] {processor.py:830} INFO - Processing file /home/philip/de_engineering/airflow_projects/airflow1/venv/lib/python3.10/site-packages/airflow/example_dags/example_time_delta_sensor_async.py for tasks to queue
[2025-03-10T09:35:29.610+0100] {logging_mixin.py:188} INFO - [2025-03-10T09:35:29.610+0100] {dagbag.py:538} INFO - Filling up the DagBag from /home/philip/de_engineering/airflow_projects/airflow1/venv/lib/python3.10/site-packages/airflow/example_dags/example_time_delta_sensor_async.py
[2025-03-10T09:35:29.613+0100] {processor.py:840} INFO - DAG(s) 'example_time_delta_sensor_async' retrieved from /home/philip/de_engineering/airflow_projects/airflow1/venv/lib/python3.10/site-packages/airflow/example_dags/example_time_delta_sensor_async.py
[2025-03-10T09:35:29.634+0100] {logging_mixin.py:188} INFO - [2025-03-10T09:35:29.634+0100] {dag.py:3036} INFO - Sync 1 DAGs
[2025-03-10T09:35:29.644+0100] {logging_mixin.py:188} INFO - [2025-03-10T09:35:29.644+0100] {dag.py:3823} INFO - Setting next_dagrun for example_time_delta_sensor_async to None, run_after=None
[2025-03-10T09:35:29.662+0100] {processor.py:183} INFO - Processing /home/philip/de_engineering/airflow_projects/airflow1/venv/lib/python3.10/site-packages/airflow/example_dags/example_time_delta_sensor_async.py took 0.056 seconds
[2025-03-10T09:35:59.886+0100] {processor.py:161} INFO - Started process (PID=150960) to work on /home/philip/de_engineering/airflow_projects/airflow1/venv/lib/python3.10/site-packages/airflow/example_dags/example_time_delta_sensor_async.py
[2025-03-10T09:35:59.887+0100] {processor.py:830} INFO - Processing file /home/philip/de_engineering/airflow_projects/airflow1/venv/lib/python3.10/site-packages/airflow/example_dags/example_time_delta_sensor_async.py for tasks to queue
[2025-03-10T09:35:59.888+0100] {logging_mixin.py:188} INFO - [2025-03-10T09:35:59.888+0100] {dagbag.py:538} INFO - Filling up the DagBag from /home/philip/de_engineering/airflow_projects/airflow1/venv/lib/python3.10/site-packages/airflow/example_dags/example_time_delta_sensor_async.py
[2025-03-10T09:35:59.892+0100] {processor.py:840} INFO - DAG(s) 'example_time_delta_sensor_async' retrieved from /home/philip/de_engineering/airflow_projects/airflow1/venv/lib/python3.10/site-packages/airflow/example_dags/example_time_delta_sensor_async.py
[2025-03-10T09:35:59.913+0100] {logging_mixin.py:188} INFO - [2025-03-10T09:35:59.913+0100] {dag.py:3036} INFO - Sync 1 DAGs
[2025-03-10T09:35:59.924+0100] {logging_mixin.py:188} INFO - [2025-03-10T09:35:59.924+0100] {dag.py:3823} INFO - Setting next_dagrun for example_time_delta_sensor_async to None, run_after=None
[2025-03-10T09:35:59.940+0100] {processor.py:183} INFO - Processing /home/philip/de_engineering/airflow_projects/airflow1/venv/lib/python3.10/site-packages/airflow/example_dags/example_time_delta_sensor_async.py took 0.057 seconds
