[2025-03-10T09:14:23.439+0100] {processor.py:161} INFO - Started process (PID=136841) to work on /home/philip/de_engineering/airflow_projects/airflow1/venv/lib/python3.10/site-packages/airflow/example_dags/example_trigger_controller_dag.py
[2025-03-10T09:14:23.440+0100] {processor.py:830} INFO - Processing file /home/philip/de_engineering/airflow_projects/airflow1/venv/lib/python3.10/site-packages/airflow/example_dags/example_trigger_controller_dag.py for tasks to queue
[2025-03-10T09:14:23.440+0100] {logging_mixin.py:188} INFO - [2025-03-10T09:14:23.440+0100] {dagbag.py:538} INFO - Filling up the DagBag from /home/philip/de_engineering/airflow_projects/airflow1/venv/lib/python3.10/site-packages/airflow/example_dags/example_trigger_controller_dag.py
[2025-03-10T09:14:23.445+0100] {processor.py:840} INFO - DAG(s) 'example_trigger_controller_dag' retrieved from /home/philip/de_engineering/airflow_projects/airflow1/venv/lib/python3.10/site-packages/airflow/example_dags/example_trigger_controller_dag.py
[2025-03-10T09:14:23.523+0100] {logging_mixin.py:188} INFO - [2025-03-10T09:14:23.522+0100] {override.py:1769} INFO - Created Permission View: can read on DAG:example_trigger_controller_dag
[2025-03-10T09:14:23.530+0100] {logging_mixin.py:188} INFO - [2025-03-10T09:14:23.530+0100] {override.py:1769} INFO - Created Permission View: can delete on DAG:example_trigger_controller_dag
[2025-03-10T09:14:23.535+0100] {logging_mixin.py:188} INFO - [2025-03-10T09:14:23.535+0100] {override.py:1769} INFO - Created Permission View: can edit on DAG:example_trigger_controller_dag
[2025-03-10T09:14:23.536+0100] {logging_mixin.py:188} INFO - [2025-03-10T09:14:23.535+0100] {dag.py:3036} INFO - Sync 1 DAGs
[2025-03-10T09:14:23.546+0100] {logging_mixin.py:188} INFO - [2025-03-10T09:14:23.546+0100] {dag.py:3058} INFO - Creating ORM DAG for example_trigger_controller_dag
[2025-03-10T09:14:23.554+0100] {logging_mixin.py:188} INFO - [2025-03-10T09:14:23.554+0100] {dag.py:3823} INFO - Setting next_dagrun for example_trigger_controller_dag to 2021-01-01 00:00:00+00:00, run_after=2021-01-01 00:00:00+00:00
[2025-03-10T09:14:23.567+0100] {processor.py:183} INFO - Processing /home/philip/de_engineering/airflow_projects/airflow1/venv/lib/python3.10/site-packages/airflow/example_dags/example_trigger_controller_dag.py took 0.131 seconds
[2025-03-10T09:14:54.924+0100] {processor.py:161} INFO - Started process (PID=136952) to work on /home/philip/de_engineering/airflow_projects/airflow1/venv/lib/python3.10/site-packages/airflow/example_dags/example_trigger_controller_dag.py
[2025-03-10T09:14:54.925+0100] {processor.py:830} INFO - Processing file /home/philip/de_engineering/airflow_projects/airflow1/venv/lib/python3.10/site-packages/airflow/example_dags/example_trigger_controller_dag.py for tasks to queue
[2025-03-10T09:14:54.926+0100] {logging_mixin.py:188} INFO - [2025-03-10T09:14:54.926+0100] {dagbag.py:538} INFO - Filling up the DagBag from /home/philip/de_engineering/airflow_projects/airflow1/venv/lib/python3.10/site-packages/airflow/example_dags/example_trigger_controller_dag.py
[2025-03-10T09:14:54.930+0100] {processor.py:840} INFO - DAG(s) 'example_trigger_controller_dag' retrieved from /home/philip/de_engineering/airflow_projects/airflow1/venv/lib/python3.10/site-packages/airflow/example_dags/example_trigger_controller_dag.py
[2025-03-10T09:14:54.953+0100] {logging_mixin.py:188} INFO - [2025-03-10T09:14:54.952+0100] {dag.py:3036} INFO - Sync 1 DAGs
[2025-03-10T09:14:54.970+0100] {logging_mixin.py:188} INFO - [2025-03-10T09:14:54.970+0100] {dag.py:3823} INFO - Setting next_dagrun for example_trigger_controller_dag to 2021-01-01 00:00:00+00:00, run_after=2021-01-01 00:00:00+00:00
[2025-03-10T09:14:54.986+0100] {processor.py:183} INFO - Processing /home/philip/de_engineering/airflow_projects/airflow1/venv/lib/python3.10/site-packages/airflow/example_dags/example_trigger_controller_dag.py took 0.065 seconds
[2025-03-10T09:15:25.114+0100] {processor.py:161} INFO - Started process (PID=137053) to work on /home/philip/de_engineering/airflow_projects/airflow1/venv/lib/python3.10/site-packages/airflow/example_dags/example_trigger_controller_dag.py
[2025-03-10T09:15:25.115+0100] {processor.py:830} INFO - Processing file /home/philip/de_engineering/airflow_projects/airflow1/venv/lib/python3.10/site-packages/airflow/example_dags/example_trigger_controller_dag.py for tasks to queue
[2025-03-10T09:15:25.116+0100] {logging_mixin.py:188} INFO - [2025-03-10T09:15:25.115+0100] {dagbag.py:538} INFO - Filling up the DagBag from /home/philip/de_engineering/airflow_projects/airflow1/venv/lib/python3.10/site-packages/airflow/example_dags/example_trigger_controller_dag.py
[2025-03-10T09:15:25.120+0100] {processor.py:840} INFO - DAG(s) 'example_trigger_controller_dag' retrieved from /home/philip/de_engineering/airflow_projects/airflow1/venv/lib/python3.10/site-packages/airflow/example_dags/example_trigger_controller_dag.py
[2025-03-10T09:15:25.140+0100] {logging_mixin.py:188} INFO - [2025-03-10T09:15:25.140+0100] {dag.py:3036} INFO - Sync 1 DAGs
[2025-03-10T09:15:25.157+0100] {logging_mixin.py:188} INFO - [2025-03-10T09:15:25.157+0100] {dag.py:3823} INFO - Setting next_dagrun for example_trigger_controller_dag to 2021-01-01 00:00:00+00:00, run_after=2021-01-01 00:00:00+00:00
[2025-03-10T09:15:25.171+0100] {processor.py:183} INFO - Processing /home/philip/de_engineering/airflow_projects/airflow1/venv/lib/python3.10/site-packages/airflow/example_dags/example_trigger_controller_dag.py took 0.061 seconds
[2025-03-10T09:15:55.305+0100] {processor.py:161} INFO - Started process (PID=137154) to work on /home/philip/de_engineering/airflow_projects/airflow1/venv/lib/python3.10/site-packages/airflow/example_dags/example_trigger_controller_dag.py
[2025-03-10T09:15:55.305+0100] {processor.py:830} INFO - Processing file /home/philip/de_engineering/airflow_projects/airflow1/venv/lib/python3.10/site-packages/airflow/example_dags/example_trigger_controller_dag.py for tasks to queue
[2025-03-10T09:15:55.306+0100] {logging_mixin.py:188} INFO - [2025-03-10T09:15:55.306+0100] {dagbag.py:538} INFO - Filling up the DagBag from /home/philip/de_engineering/airflow_projects/airflow1/venv/lib/python3.10/site-packages/airflow/example_dags/example_trigger_controller_dag.py
[2025-03-10T09:15:55.310+0100] {processor.py:840} INFO - DAG(s) 'example_trigger_controller_dag' retrieved from /home/philip/de_engineering/airflow_projects/airflow1/venv/lib/python3.10/site-packages/airflow/example_dags/example_trigger_controller_dag.py
[2025-03-10T09:15:55.330+0100] {logging_mixin.py:188} INFO - [2025-03-10T09:15:55.330+0100] {dag.py:3036} INFO - Sync 1 DAGs
[2025-03-10T09:15:55.353+0100] {logging_mixin.py:188} INFO - [2025-03-10T09:15:55.353+0100] {dag.py:3823} INFO - Setting next_dagrun for example_trigger_controller_dag to 2021-01-01 00:00:00+00:00, run_after=2021-01-01 00:00:00+00:00
[2025-03-10T09:15:55.374+0100] {processor.py:183} INFO - Processing /home/philip/de_engineering/airflow_projects/airflow1/venv/lib/python3.10/site-packages/airflow/example_dags/example_trigger_controller_dag.py took 0.072 seconds
[2025-03-10T09:16:25.896+0100] {processor.py:161} INFO - Started process (PID=137530) to work on /home/philip/de_engineering/airflow_projects/airflow1/venv/lib/python3.10/site-packages/airflow/example_dags/example_trigger_controller_dag.py
[2025-03-10T09:16:25.897+0100] {processor.py:830} INFO - Processing file /home/philip/de_engineering/airflow_projects/airflow1/venv/lib/python3.10/site-packages/airflow/example_dags/example_trigger_controller_dag.py for tasks to queue
[2025-03-10T09:16:25.898+0100] {logging_mixin.py:188} INFO - [2025-03-10T09:16:25.898+0100] {dagbag.py:538} INFO - Filling up the DagBag from /home/philip/de_engineering/airflow_projects/airflow1/venv/lib/python3.10/site-packages/airflow/example_dags/example_trigger_controller_dag.py
[2025-03-10T09:16:25.902+0100] {processor.py:840} INFO - DAG(s) 'example_trigger_controller_dag' retrieved from /home/philip/de_engineering/airflow_projects/airflow1/venv/lib/python3.10/site-packages/airflow/example_dags/example_trigger_controller_dag.py
[2025-03-10T09:16:25.924+0100] {logging_mixin.py:188} INFO - [2025-03-10T09:16:25.924+0100] {dag.py:3036} INFO - Sync 1 DAGs
[2025-03-10T09:16:25.950+0100] {logging_mixin.py:188} INFO - [2025-03-10T09:16:25.950+0100] {dag.py:3823} INFO - Setting next_dagrun for example_trigger_controller_dag to 2021-01-01 00:00:00+00:00, run_after=2021-01-01 00:00:00+00:00
[2025-03-10T09:16:25.973+0100] {processor.py:183} INFO - Processing /home/philip/de_engineering/airflow_projects/airflow1/venv/lib/python3.10/site-packages/airflow/example_dags/example_trigger_controller_dag.py took 0.080 seconds
[2025-03-10T09:16:56.044+0100] {processor.py:161} INFO - Started process (PID=137713) to work on /home/philip/de_engineering/airflow_projects/airflow1/venv/lib/python3.10/site-packages/airflow/example_dags/example_trigger_controller_dag.py
[2025-03-10T09:16:56.045+0100] {processor.py:830} INFO - Processing file /home/philip/de_engineering/airflow_projects/airflow1/venv/lib/python3.10/site-packages/airflow/example_dags/example_trigger_controller_dag.py for tasks to queue
[2025-03-10T09:16:56.046+0100] {logging_mixin.py:188} INFO - [2025-03-10T09:16:56.046+0100] {dagbag.py:538} INFO - Filling up the DagBag from /home/philip/de_engineering/airflow_projects/airflow1/venv/lib/python3.10/site-packages/airflow/example_dags/example_trigger_controller_dag.py
[2025-03-10T09:16:56.050+0100] {processor.py:840} INFO - DAG(s) 'example_trigger_controller_dag' retrieved from /home/philip/de_engineering/airflow_projects/airflow1/venv/lib/python3.10/site-packages/airflow/example_dags/example_trigger_controller_dag.py
[2025-03-10T09:16:56.072+0100] {logging_mixin.py:188} INFO - [2025-03-10T09:16:56.071+0100] {dag.py:3036} INFO - Sync 1 DAGs
[2025-03-10T09:16:56.091+0100] {logging_mixin.py:188} INFO - [2025-03-10T09:16:56.091+0100] {dag.py:3823} INFO - Setting next_dagrun for example_trigger_controller_dag to 2021-01-01 00:00:00+00:00, run_after=2021-01-01 00:00:00+00:00
[2025-03-10T09:16:56.109+0100] {processor.py:183} INFO - Processing /home/philip/de_engineering/airflow_projects/airflow1/venv/lib/python3.10/site-packages/airflow/example_dags/example_trigger_controller_dag.py took 0.068 seconds
[2025-03-10T09:17:26.300+0100] {processor.py:161} INFO - Started process (PID=137905) to work on /home/philip/de_engineering/airflow_projects/airflow1/venv/lib/python3.10/site-packages/airflow/example_dags/example_trigger_controller_dag.py
[2025-03-10T09:17:26.338+0100] {processor.py:830} INFO - Processing file /home/philip/de_engineering/airflow_projects/airflow1/venv/lib/python3.10/site-packages/airflow/example_dags/example_trigger_controller_dag.py for tasks to queue
[2025-03-10T09:17:26.339+0100] {logging_mixin.py:188} INFO - [2025-03-10T09:17:26.338+0100] {dagbag.py:538} INFO - Filling up the DagBag from /home/philip/de_engineering/airflow_projects/airflow1/venv/lib/python3.10/site-packages/airflow/example_dags/example_trigger_controller_dag.py
[2025-03-10T09:17:26.343+0100] {processor.py:840} INFO - DAG(s) 'example_trigger_controller_dag' retrieved from /home/philip/de_engineering/airflow_projects/airflow1/venv/lib/python3.10/site-packages/airflow/example_dags/example_trigger_controller_dag.py
[2025-03-10T09:17:26.364+0100] {logging_mixin.py:188} INFO - [2025-03-10T09:17:26.363+0100] {dag.py:3036} INFO - Sync 1 DAGs
[2025-03-10T09:17:26.383+0100] {logging_mixin.py:188} INFO - [2025-03-10T09:17:26.383+0100] {dag.py:3823} INFO - Setting next_dagrun for example_trigger_controller_dag to 2021-01-01 00:00:00+00:00, run_after=2021-01-01 00:00:00+00:00
[2025-03-10T09:17:26.400+0100] {processor.py:183} INFO - Processing /home/philip/de_engineering/airflow_projects/airflow1/venv/lib/python3.10/site-packages/airflow/example_dags/example_trigger_controller_dag.py took 0.102 seconds
[2025-03-10T09:19:20.317+0100] {processor.py:161} INFO - Started process (PID=138484) to work on /home/philip/de_engineering/airflow_projects/airflow1/venv/lib/python3.10/site-packages/airflow/example_dags/example_trigger_controller_dag.py
[2025-03-10T09:19:20.318+0100] {processor.py:830} INFO - Processing file /home/philip/de_engineering/airflow_projects/airflow1/venv/lib/python3.10/site-packages/airflow/example_dags/example_trigger_controller_dag.py for tasks to queue
[2025-03-10T09:19:20.319+0100] {logging_mixin.py:188} INFO - [2025-03-10T09:19:20.319+0100] {dagbag.py:538} INFO - Filling up the DagBag from /home/philip/de_engineering/airflow_projects/airflow1/venv/lib/python3.10/site-packages/airflow/example_dags/example_trigger_controller_dag.py
[2025-03-10T09:19:20.325+0100] {processor.py:840} INFO - DAG(s) 'example_trigger_controller_dag' retrieved from /home/philip/de_engineering/airflow_projects/airflow1/venv/lib/python3.10/site-packages/airflow/example_dags/example_trigger_controller_dag.py
[2025-03-10T09:19:20.426+0100] {logging_mixin.py:188} INFO - [2025-03-10T09:19:20.426+0100] {dag.py:3036} INFO - Sync 1 DAGs
[2025-03-10T09:19:20.446+0100] {logging_mixin.py:188} INFO - [2025-03-10T09:19:20.446+0100] {dag.py:3823} INFO - Setting next_dagrun for example_trigger_controller_dag to 2021-01-01 00:00:00+00:00, run_after=2021-01-01 00:00:00+00:00
[2025-03-10T09:19:20.467+0100] {processor.py:183} INFO - Processing /home/philip/de_engineering/airflow_projects/airflow1/venv/lib/python3.10/site-packages/airflow/example_dags/example_trigger_controller_dag.py took 0.156 seconds
[2025-03-10T09:19:50.851+0100] {processor.py:161} INFO - Started process (PID=138820) to work on /home/philip/de_engineering/airflow_projects/airflow1/venv/lib/python3.10/site-packages/airflow/example_dags/example_trigger_controller_dag.py
[2025-03-10T09:19:50.851+0100] {processor.py:830} INFO - Processing file /home/philip/de_engineering/airflow_projects/airflow1/venv/lib/python3.10/site-packages/airflow/example_dags/example_trigger_controller_dag.py for tasks to queue
[2025-03-10T09:19:50.852+0100] {logging_mixin.py:188} INFO - [2025-03-10T09:19:50.852+0100] {dagbag.py:538} INFO - Filling up the DagBag from /home/philip/de_engineering/airflow_projects/airflow1/venv/lib/python3.10/site-packages/airflow/example_dags/example_trigger_controller_dag.py
[2025-03-10T09:19:50.856+0100] {processor.py:840} INFO - DAG(s) 'example_trigger_controller_dag' retrieved from /home/philip/de_engineering/airflow_projects/airflow1/venv/lib/python3.10/site-packages/airflow/example_dags/example_trigger_controller_dag.py
[2025-03-10T09:19:50.878+0100] {logging_mixin.py:188} INFO - [2025-03-10T09:19:50.877+0100] {dag.py:3036} INFO - Sync 1 DAGs
[2025-03-10T09:19:50.899+0100] {logging_mixin.py:188} INFO - [2025-03-10T09:19:50.899+0100] {dag.py:3823} INFO - Setting next_dagrun for example_trigger_controller_dag to 2021-01-01 00:00:00+00:00, run_after=2021-01-01 00:00:00+00:00
[2025-03-10T09:19:50.915+0100] {processor.py:183} INFO - Processing /home/philip/de_engineering/airflow_projects/airflow1/venv/lib/python3.10/site-packages/airflow/example_dags/example_trigger_controller_dag.py took 0.067 seconds
[2025-03-10T09:20:21.334+0100] {processor.py:161} INFO - Started process (PID=139195) to work on /home/philip/de_engineering/airflow_projects/airflow1/venv/lib/python3.10/site-packages/airflow/example_dags/example_trigger_controller_dag.py
[2025-03-10T09:20:21.336+0100] {processor.py:830} INFO - Processing file /home/philip/de_engineering/airflow_projects/airflow1/venv/lib/python3.10/site-packages/airflow/example_dags/example_trigger_controller_dag.py for tasks to queue
[2025-03-10T09:20:21.336+0100] {logging_mixin.py:188} INFO - [2025-03-10T09:20:21.336+0100] {dagbag.py:538} INFO - Filling up the DagBag from /home/philip/de_engineering/airflow_projects/airflow1/venv/lib/python3.10/site-packages/airflow/example_dags/example_trigger_controller_dag.py
[2025-03-10T09:20:21.340+0100] {processor.py:840} INFO - DAG(s) 'example_trigger_controller_dag' retrieved from /home/philip/de_engineering/airflow_projects/airflow1/venv/lib/python3.10/site-packages/airflow/example_dags/example_trigger_controller_dag.py
[2025-03-10T09:20:21.360+0100] {logging_mixin.py:188} INFO - [2025-03-10T09:20:21.359+0100] {dag.py:3036} INFO - Sync 1 DAGs
[2025-03-10T09:20:21.377+0100] {logging_mixin.py:188} INFO - [2025-03-10T09:20:21.376+0100] {dag.py:3823} INFO - Setting next_dagrun for example_trigger_controller_dag to 2021-01-01 00:00:00+00:00, run_after=2021-01-01 00:00:00+00:00
[2025-03-10T09:20:21.392+0100] {processor.py:183} INFO - Processing /home/philip/de_engineering/airflow_projects/airflow1/venv/lib/python3.10/site-packages/airflow/example_dags/example_trigger_controller_dag.py took 0.060 seconds
[2025-03-10T09:20:51.846+0100] {processor.py:161} INFO - Started process (PID=139575) to work on /home/philip/de_engineering/airflow_projects/airflow1/venv/lib/python3.10/site-packages/airflow/example_dags/example_trigger_controller_dag.py
[2025-03-10T09:20:51.847+0100] {processor.py:830} INFO - Processing file /home/philip/de_engineering/airflow_projects/airflow1/venv/lib/python3.10/site-packages/airflow/example_dags/example_trigger_controller_dag.py for tasks to queue
[2025-03-10T09:20:51.847+0100] {logging_mixin.py:188} INFO - [2025-03-10T09:20:51.847+0100] {dagbag.py:538} INFO - Filling up the DagBag from /home/philip/de_engineering/airflow_projects/airflow1/venv/lib/python3.10/site-packages/airflow/example_dags/example_trigger_controller_dag.py
[2025-03-10T09:20:51.853+0100] {processor.py:840} INFO - DAG(s) 'example_trigger_controller_dag' retrieved from /home/philip/de_engineering/airflow_projects/airflow1/venv/lib/python3.10/site-packages/airflow/example_dags/example_trigger_controller_dag.py
[2025-03-10T09:20:51.878+0100] {logging_mixin.py:188} INFO - [2025-03-10T09:20:51.878+0100] {dag.py:3036} INFO - Sync 1 DAGs
[2025-03-10T09:20:51.900+0100] {logging_mixin.py:188} INFO - [2025-03-10T09:20:51.899+0100] {dag.py:3823} INFO - Setting next_dagrun for example_trigger_controller_dag to 2021-01-01 00:00:00+00:00, run_after=2021-01-01 00:00:00+00:00
[2025-03-10T09:20:51.917+0100] {processor.py:183} INFO - Processing /home/philip/de_engineering/airflow_projects/airflow1/venv/lib/python3.10/site-packages/airflow/example_dags/example_trigger_controller_dag.py took 0.075 seconds
[2025-03-10T09:21:22.305+0100] {processor.py:161} INFO - Started process (PID=139958) to work on /home/philip/de_engineering/airflow_projects/airflow1/venv/lib/python3.10/site-packages/airflow/example_dags/example_trigger_controller_dag.py
[2025-03-10T09:21:22.306+0100] {processor.py:830} INFO - Processing file /home/philip/de_engineering/airflow_projects/airflow1/venv/lib/python3.10/site-packages/airflow/example_dags/example_trigger_controller_dag.py for tasks to queue
[2025-03-10T09:21:22.307+0100] {logging_mixin.py:188} INFO - [2025-03-10T09:21:22.307+0100] {dagbag.py:538} INFO - Filling up the DagBag from /home/philip/de_engineering/airflow_projects/airflow1/venv/lib/python3.10/site-packages/airflow/example_dags/example_trigger_controller_dag.py
[2025-03-10T09:21:22.311+0100] {processor.py:840} INFO - DAG(s) 'example_trigger_controller_dag' retrieved from /home/philip/de_engineering/airflow_projects/airflow1/venv/lib/python3.10/site-packages/airflow/example_dags/example_trigger_controller_dag.py
[2025-03-10T09:21:22.336+0100] {logging_mixin.py:188} INFO - [2025-03-10T09:21:22.336+0100] {dag.py:3036} INFO - Sync 1 DAGs
[2025-03-10T09:21:22.354+0100] {logging_mixin.py:188} INFO - [2025-03-10T09:21:22.354+0100] {dag.py:3823} INFO - Setting next_dagrun for example_trigger_controller_dag to 2021-01-01 00:00:00+00:00, run_after=2021-01-01 00:00:00+00:00
[2025-03-10T09:21:22.368+0100] {processor.py:183} INFO - Processing /home/philip/de_engineering/airflow_projects/airflow1/venv/lib/python3.10/site-packages/airflow/example_dags/example_trigger_controller_dag.py took 0.067 seconds
[2025-03-10T09:21:52.594+0100] {processor.py:161} INFO - Started process (PID=140334) to work on /home/philip/de_engineering/airflow_projects/airflow1/venv/lib/python3.10/site-packages/airflow/example_dags/example_trigger_controller_dag.py
[2025-03-10T09:21:52.594+0100] {processor.py:830} INFO - Processing file /home/philip/de_engineering/airflow_projects/airflow1/venv/lib/python3.10/site-packages/airflow/example_dags/example_trigger_controller_dag.py for tasks to queue
[2025-03-10T09:21:52.595+0100] {logging_mixin.py:188} INFO - [2025-03-10T09:21:52.595+0100] {dagbag.py:538} INFO - Filling up the DagBag from /home/philip/de_engineering/airflow_projects/airflow1/venv/lib/python3.10/site-packages/airflow/example_dags/example_trigger_controller_dag.py
[2025-03-10T09:21:52.599+0100] {processor.py:840} INFO - DAG(s) 'example_trigger_controller_dag' retrieved from /home/philip/de_engineering/airflow_projects/airflow1/venv/lib/python3.10/site-packages/airflow/example_dags/example_trigger_controller_dag.py
[2025-03-10T09:21:52.619+0100] {logging_mixin.py:188} INFO - [2025-03-10T09:21:52.619+0100] {dag.py:3036} INFO - Sync 1 DAGs
[2025-03-10T09:21:52.637+0100] {logging_mixin.py:188} INFO - [2025-03-10T09:21:52.637+0100] {dag.py:3823} INFO - Setting next_dagrun for example_trigger_controller_dag to 2021-01-01 00:00:00+00:00, run_after=2021-01-01 00:00:00+00:00
[2025-03-10T09:21:52.652+0100] {processor.py:183} INFO - Processing /home/philip/de_engineering/airflow_projects/airflow1/venv/lib/python3.10/site-packages/airflow/example_dags/example_trigger_controller_dag.py took 0.061 seconds
[2025-03-10T09:22:22.856+0100] {processor.py:161} INFO - Started process (PID=140715) to work on /home/philip/de_engineering/airflow_projects/airflow1/venv/lib/python3.10/site-packages/airflow/example_dags/example_trigger_controller_dag.py
[2025-03-10T09:22:22.857+0100] {processor.py:830} INFO - Processing file /home/philip/de_engineering/airflow_projects/airflow1/venv/lib/python3.10/site-packages/airflow/example_dags/example_trigger_controller_dag.py for tasks to queue
[2025-03-10T09:22:22.858+0100] {logging_mixin.py:188} INFO - [2025-03-10T09:22:22.858+0100] {dagbag.py:538} INFO - Filling up the DagBag from /home/philip/de_engineering/airflow_projects/airflow1/venv/lib/python3.10/site-packages/airflow/example_dags/example_trigger_controller_dag.py
[2025-03-10T09:22:22.862+0100] {processor.py:840} INFO - DAG(s) 'example_trigger_controller_dag' retrieved from /home/philip/de_engineering/airflow_projects/airflow1/venv/lib/python3.10/site-packages/airflow/example_dags/example_trigger_controller_dag.py
[2025-03-10T09:22:22.885+0100] {logging_mixin.py:188} INFO - [2025-03-10T09:22:22.884+0100] {dag.py:3036} INFO - Sync 1 DAGs
[2025-03-10T09:22:22.906+0100] {logging_mixin.py:188} INFO - [2025-03-10T09:22:22.906+0100] {dag.py:3823} INFO - Setting next_dagrun for example_trigger_controller_dag to 2021-01-01 00:00:00+00:00, run_after=2021-01-01 00:00:00+00:00
[2025-03-10T09:22:22.923+0100] {processor.py:183} INFO - Processing /home/philip/de_engineering/airflow_projects/airflow1/venv/lib/python3.10/site-packages/airflow/example_dags/example_trigger_controller_dag.py took 0.069 seconds
[2025-03-10T09:22:53.023+0100] {processor.py:161} INFO - Started process (PID=141089) to work on /home/philip/de_engineering/airflow_projects/airflow1/venv/lib/python3.10/site-packages/airflow/example_dags/example_trigger_controller_dag.py
[2025-03-10T09:22:53.024+0100] {processor.py:830} INFO - Processing file /home/philip/de_engineering/airflow_projects/airflow1/venv/lib/python3.10/site-packages/airflow/example_dags/example_trigger_controller_dag.py for tasks to queue
[2025-03-10T09:22:53.025+0100] {logging_mixin.py:188} INFO - [2025-03-10T09:22:53.025+0100] {dagbag.py:538} INFO - Filling up the DagBag from /home/philip/de_engineering/airflow_projects/airflow1/venv/lib/python3.10/site-packages/airflow/example_dags/example_trigger_controller_dag.py
[2025-03-10T09:22:53.030+0100] {processor.py:840} INFO - DAG(s) 'example_trigger_controller_dag' retrieved from /home/philip/de_engineering/airflow_projects/airflow1/venv/lib/python3.10/site-packages/airflow/example_dags/example_trigger_controller_dag.py
[2025-03-10T09:22:53.054+0100] {logging_mixin.py:188} INFO - [2025-03-10T09:22:53.054+0100] {dag.py:3036} INFO - Sync 1 DAGs
[2025-03-10T09:22:53.077+0100] {logging_mixin.py:188} INFO - [2025-03-10T09:22:53.077+0100] {dag.py:3823} INFO - Setting next_dagrun for example_trigger_controller_dag to 2021-01-01 00:00:00+00:00, run_after=2021-01-01 00:00:00+00:00
[2025-03-10T09:22:53.096+0100] {processor.py:183} INFO - Processing /home/philip/de_engineering/airflow_projects/airflow1/venv/lib/python3.10/site-packages/airflow/example_dags/example_trigger_controller_dag.py took 0.076 seconds
[2025-03-10T09:23:23.290+0100] {processor.py:161} INFO - Started process (PID=141472) to work on /home/philip/de_engineering/airflow_projects/airflow1/venv/lib/python3.10/site-packages/airflow/example_dags/example_trigger_controller_dag.py
[2025-03-10T09:23:23.292+0100] {processor.py:830} INFO - Processing file /home/philip/de_engineering/airflow_projects/airflow1/venv/lib/python3.10/site-packages/airflow/example_dags/example_trigger_controller_dag.py for tasks to queue
[2025-03-10T09:23:23.293+0100] {logging_mixin.py:188} INFO - [2025-03-10T09:23:23.293+0100] {dagbag.py:538} INFO - Filling up the DagBag from /home/philip/de_engineering/airflow_projects/airflow1/venv/lib/python3.10/site-packages/airflow/example_dags/example_trigger_controller_dag.py
[2025-03-10T09:23:23.297+0100] {processor.py:840} INFO - DAG(s) 'example_trigger_controller_dag' retrieved from /home/philip/de_engineering/airflow_projects/airflow1/venv/lib/python3.10/site-packages/airflow/example_dags/example_trigger_controller_dag.py
[2025-03-10T09:23:23.318+0100] {logging_mixin.py:188} INFO - [2025-03-10T09:23:23.317+0100] {dag.py:3036} INFO - Sync 1 DAGs
[2025-03-10T09:23:23.335+0100] {logging_mixin.py:188} INFO - [2025-03-10T09:23:23.335+0100] {dag.py:3823} INFO - Setting next_dagrun for example_trigger_controller_dag to 2021-01-01 00:00:00+00:00, run_after=2021-01-01 00:00:00+00:00
[2025-03-10T09:23:23.351+0100] {processor.py:183} INFO - Processing /home/philip/de_engineering/airflow_projects/airflow1/venv/lib/python3.10/site-packages/airflow/example_dags/example_trigger_controller_dag.py took 0.063 seconds
[2025-03-10T09:23:53.654+0100] {processor.py:161} INFO - Started process (PID=141847) to work on /home/philip/de_engineering/airflow_projects/airflow1/venv/lib/python3.10/site-packages/airflow/example_dags/example_trigger_controller_dag.py
[2025-03-10T09:23:53.656+0100] {processor.py:830} INFO - Processing file /home/philip/de_engineering/airflow_projects/airflow1/venv/lib/python3.10/site-packages/airflow/example_dags/example_trigger_controller_dag.py for tasks to queue
[2025-03-10T09:23:53.656+0100] {logging_mixin.py:188} INFO - [2025-03-10T09:23:53.656+0100] {dagbag.py:538} INFO - Filling up the DagBag from /home/philip/de_engineering/airflow_projects/airflow1/venv/lib/python3.10/site-packages/airflow/example_dags/example_trigger_controller_dag.py
[2025-03-10T09:23:53.660+0100] {processor.py:840} INFO - DAG(s) 'example_trigger_controller_dag' retrieved from /home/philip/de_engineering/airflow_projects/airflow1/venv/lib/python3.10/site-packages/airflow/example_dags/example_trigger_controller_dag.py
[2025-03-10T09:23:53.680+0100] {logging_mixin.py:188} INFO - [2025-03-10T09:23:53.679+0100] {dag.py:3036} INFO - Sync 1 DAGs
[2025-03-10T09:23:53.696+0100] {logging_mixin.py:188} INFO - [2025-03-10T09:23:53.696+0100] {dag.py:3823} INFO - Setting next_dagrun for example_trigger_controller_dag to 2021-01-01 00:00:00+00:00, run_after=2021-01-01 00:00:00+00:00
[2025-03-10T09:23:53.711+0100] {processor.py:183} INFO - Processing /home/philip/de_engineering/airflow_projects/airflow1/venv/lib/python3.10/site-packages/airflow/example_dags/example_trigger_controller_dag.py took 0.059 seconds
[2025-03-10T09:24:23.938+0100] {processor.py:161} INFO - Started process (PID=142228) to work on /home/philip/de_engineering/airflow_projects/airflow1/venv/lib/python3.10/site-packages/airflow/example_dags/example_trigger_controller_dag.py
[2025-03-10T09:24:23.939+0100] {processor.py:830} INFO - Processing file /home/philip/de_engineering/airflow_projects/airflow1/venv/lib/python3.10/site-packages/airflow/example_dags/example_trigger_controller_dag.py for tasks to queue
[2025-03-10T09:24:23.940+0100] {logging_mixin.py:188} INFO - [2025-03-10T09:24:23.939+0100] {dagbag.py:538} INFO - Filling up the DagBag from /home/philip/de_engineering/airflow_projects/airflow1/venv/lib/python3.10/site-packages/airflow/example_dags/example_trigger_controller_dag.py
[2025-03-10T09:24:23.944+0100] {processor.py:840} INFO - DAG(s) 'example_trigger_controller_dag' retrieved from /home/philip/de_engineering/airflow_projects/airflow1/venv/lib/python3.10/site-packages/airflow/example_dags/example_trigger_controller_dag.py
[2025-03-10T09:24:23.965+0100] {logging_mixin.py:188} INFO - [2025-03-10T09:24:23.965+0100] {dag.py:3036} INFO - Sync 1 DAGs
[2025-03-10T09:24:23.985+0100] {logging_mixin.py:188} INFO - [2025-03-10T09:24:23.985+0100] {dag.py:3823} INFO - Setting next_dagrun for example_trigger_controller_dag to 2021-01-01 00:00:00+00:00, run_after=2021-01-01 00:00:00+00:00
[2025-03-10T09:24:24.004+0100] {processor.py:183} INFO - Processing /home/philip/de_engineering/airflow_projects/airflow1/venv/lib/python3.10/site-packages/airflow/example_dags/example_trigger_controller_dag.py took 0.069 seconds
[2025-03-10T09:24:54.413+0100] {processor.py:161} INFO - Started process (PID=142609) to work on /home/philip/de_engineering/airflow_projects/airflow1/venv/lib/python3.10/site-packages/airflow/example_dags/example_trigger_controller_dag.py
[2025-03-10T09:24:54.415+0100] {processor.py:830} INFO - Processing file /home/philip/de_engineering/airflow_projects/airflow1/venv/lib/python3.10/site-packages/airflow/example_dags/example_trigger_controller_dag.py for tasks to queue
[2025-03-10T09:24:54.415+0100] {logging_mixin.py:188} INFO - [2025-03-10T09:24:54.415+0100] {dagbag.py:538} INFO - Filling up the DagBag from /home/philip/de_engineering/airflow_projects/airflow1/venv/lib/python3.10/site-packages/airflow/example_dags/example_trigger_controller_dag.py
[2025-03-10T09:24:54.420+0100] {processor.py:840} INFO - DAG(s) 'example_trigger_controller_dag' retrieved from /home/philip/de_engineering/airflow_projects/airflow1/venv/lib/python3.10/site-packages/airflow/example_dags/example_trigger_controller_dag.py
[2025-03-10T09:24:54.440+0100] {logging_mixin.py:188} INFO - [2025-03-10T09:24:54.440+0100] {dag.py:3036} INFO - Sync 1 DAGs
[2025-03-10T09:24:54.456+0100] {logging_mixin.py:188} INFO - [2025-03-10T09:24:54.456+0100] {dag.py:3823} INFO - Setting next_dagrun for example_trigger_controller_dag to 2021-01-01 00:00:00+00:00, run_after=2021-01-01 00:00:00+00:00
[2025-03-10T09:24:54.471+0100] {processor.py:183} INFO - Processing /home/philip/de_engineering/airflow_projects/airflow1/venv/lib/python3.10/site-packages/airflow/example_dags/example_trigger_controller_dag.py took 0.061 seconds
[2025-03-10T09:25:24.566+0100] {processor.py:161} INFO - Started process (PID=142988) to work on /home/philip/de_engineering/airflow_projects/airflow1/venv/lib/python3.10/site-packages/airflow/example_dags/example_trigger_controller_dag.py
[2025-03-10T09:25:24.567+0100] {processor.py:830} INFO - Processing file /home/philip/de_engineering/airflow_projects/airflow1/venv/lib/python3.10/site-packages/airflow/example_dags/example_trigger_controller_dag.py for tasks to queue
[2025-03-10T09:25:24.567+0100] {logging_mixin.py:188} INFO - [2025-03-10T09:25:24.567+0100] {dagbag.py:538} INFO - Filling up the DagBag from /home/philip/de_engineering/airflow_projects/airflow1/venv/lib/python3.10/site-packages/airflow/example_dags/example_trigger_controller_dag.py
[2025-03-10T09:25:24.571+0100] {processor.py:840} INFO - DAG(s) 'example_trigger_controller_dag' retrieved from /home/philip/de_engineering/airflow_projects/airflow1/venv/lib/python3.10/site-packages/airflow/example_dags/example_trigger_controller_dag.py
[2025-03-10T09:25:24.590+0100] {logging_mixin.py:188} INFO - [2025-03-10T09:25:24.590+0100] {dag.py:3036} INFO - Sync 1 DAGs
[2025-03-10T09:25:24.607+0100] {logging_mixin.py:188} INFO - [2025-03-10T09:25:24.607+0100] {dag.py:3823} INFO - Setting next_dagrun for example_trigger_controller_dag to 2021-01-01 00:00:00+00:00, run_after=2021-01-01 00:00:00+00:00
[2025-03-10T09:25:24.621+0100] {processor.py:183} INFO - Processing /home/philip/de_engineering/airflow_projects/airflow1/venv/lib/python3.10/site-packages/airflow/example_dags/example_trigger_controller_dag.py took 0.058 seconds
[2025-03-10T09:25:54.842+0100] {processor.py:161} INFO - Started process (PID=143369) to work on /home/philip/de_engineering/airflow_projects/airflow1/venv/lib/python3.10/site-packages/airflow/example_dags/example_trigger_controller_dag.py
[2025-03-10T09:25:54.843+0100] {processor.py:830} INFO - Processing file /home/philip/de_engineering/airflow_projects/airflow1/venv/lib/python3.10/site-packages/airflow/example_dags/example_trigger_controller_dag.py for tasks to queue
[2025-03-10T09:25:54.844+0100] {logging_mixin.py:188} INFO - [2025-03-10T09:25:54.844+0100] {dagbag.py:538} INFO - Filling up the DagBag from /home/philip/de_engineering/airflow_projects/airflow1/venv/lib/python3.10/site-packages/airflow/example_dags/example_trigger_controller_dag.py
[2025-03-10T09:25:54.848+0100] {processor.py:840} INFO - DAG(s) 'example_trigger_controller_dag' retrieved from /home/philip/de_engineering/airflow_projects/airflow1/venv/lib/python3.10/site-packages/airflow/example_dags/example_trigger_controller_dag.py
[2025-03-10T09:25:54.866+0100] {logging_mixin.py:188} INFO - [2025-03-10T09:25:54.866+0100] {dag.py:3036} INFO - Sync 1 DAGs
[2025-03-10T09:25:54.884+0100] {logging_mixin.py:188} INFO - [2025-03-10T09:25:54.883+0100] {dag.py:3823} INFO - Setting next_dagrun for example_trigger_controller_dag to 2021-01-01 00:00:00+00:00, run_after=2021-01-01 00:00:00+00:00
[2025-03-10T09:25:54.899+0100] {processor.py:183} INFO - Processing /home/philip/de_engineering/airflow_projects/airflow1/venv/lib/python3.10/site-packages/airflow/example_dags/example_trigger_controller_dag.py took 0.060 seconds
[2025-03-10T09:26:25.296+0100] {processor.py:161} INFO - Started process (PID=143743) to work on /home/philip/de_engineering/airflow_projects/airflow1/venv/lib/python3.10/site-packages/airflow/example_dags/example_trigger_controller_dag.py
[2025-03-10T09:26:25.297+0100] {processor.py:830} INFO - Processing file /home/philip/de_engineering/airflow_projects/airflow1/venv/lib/python3.10/site-packages/airflow/example_dags/example_trigger_controller_dag.py for tasks to queue
[2025-03-10T09:26:25.298+0100] {logging_mixin.py:188} INFO - [2025-03-10T09:26:25.297+0100] {dagbag.py:538} INFO - Filling up the DagBag from /home/philip/de_engineering/airflow_projects/airflow1/venv/lib/python3.10/site-packages/airflow/example_dags/example_trigger_controller_dag.py
[2025-03-10T09:26:25.301+0100] {processor.py:840} INFO - DAG(s) 'example_trigger_controller_dag' retrieved from /home/philip/de_engineering/airflow_projects/airflow1/venv/lib/python3.10/site-packages/airflow/example_dags/example_trigger_controller_dag.py
[2025-03-10T09:26:25.320+0100] {logging_mixin.py:188} INFO - [2025-03-10T09:26:25.320+0100] {dag.py:3036} INFO - Sync 1 DAGs
[2025-03-10T09:26:25.337+0100] {logging_mixin.py:188} INFO - [2025-03-10T09:26:25.337+0100] {dag.py:3823} INFO - Setting next_dagrun for example_trigger_controller_dag to 2021-01-01 00:00:00+00:00, run_after=2021-01-01 00:00:00+00:00
[2025-03-10T09:26:25.353+0100] {processor.py:183} INFO - Processing /home/philip/de_engineering/airflow_projects/airflow1/venv/lib/python3.10/site-packages/airflow/example_dags/example_trigger_controller_dag.py took 0.061 seconds
[2025-03-10T09:26:55.737+0100] {processor.py:161} INFO - Started process (PID=144124) to work on /home/philip/de_engineering/airflow_projects/airflow1/venv/lib/python3.10/site-packages/airflow/example_dags/example_trigger_controller_dag.py
[2025-03-10T09:26:55.738+0100] {processor.py:830} INFO - Processing file /home/philip/de_engineering/airflow_projects/airflow1/venv/lib/python3.10/site-packages/airflow/example_dags/example_trigger_controller_dag.py for tasks to queue
[2025-03-10T09:26:55.739+0100] {logging_mixin.py:188} INFO - [2025-03-10T09:26:55.738+0100] {dagbag.py:538} INFO - Filling up the DagBag from /home/philip/de_engineering/airflow_projects/airflow1/venv/lib/python3.10/site-packages/airflow/example_dags/example_trigger_controller_dag.py
[2025-03-10T09:26:55.743+0100] {processor.py:840} INFO - DAG(s) 'example_trigger_controller_dag' retrieved from /home/philip/de_engineering/airflow_projects/airflow1/venv/lib/python3.10/site-packages/airflow/example_dags/example_trigger_controller_dag.py
[2025-03-10T09:26:55.764+0100] {logging_mixin.py:188} INFO - [2025-03-10T09:26:55.763+0100] {dag.py:3036} INFO - Sync 1 DAGs
[2025-03-10T09:26:55.783+0100] {logging_mixin.py:188} INFO - [2025-03-10T09:26:55.782+0100] {dag.py:3823} INFO - Setting next_dagrun for example_trigger_controller_dag to 2021-01-01 00:00:00+00:00, run_after=2021-01-01 00:00:00+00:00
[2025-03-10T09:26:55.798+0100] {processor.py:183} INFO - Processing /home/philip/de_engineering/airflow_projects/airflow1/venv/lib/python3.10/site-packages/airflow/example_dags/example_trigger_controller_dag.py took 0.064 seconds
[2025-03-10T09:27:25.927+0100] {processor.py:161} INFO - Started process (PID=144501) to work on /home/philip/de_engineering/airflow_projects/airflow1/venv/lib/python3.10/site-packages/airflow/example_dags/example_trigger_controller_dag.py
[2025-03-10T09:27:25.928+0100] {processor.py:830} INFO - Processing file /home/philip/de_engineering/airflow_projects/airflow1/venv/lib/python3.10/site-packages/airflow/example_dags/example_trigger_controller_dag.py for tasks to queue
[2025-03-10T09:27:25.929+0100] {logging_mixin.py:188} INFO - [2025-03-10T09:27:25.929+0100] {dagbag.py:538} INFO - Filling up the DagBag from /home/philip/de_engineering/airflow_projects/airflow1/venv/lib/python3.10/site-packages/airflow/example_dags/example_trigger_controller_dag.py
[2025-03-10T09:27:25.935+0100] {processor.py:840} INFO - DAG(s) 'example_trigger_controller_dag' retrieved from /home/philip/de_engineering/airflow_projects/airflow1/venv/lib/python3.10/site-packages/airflow/example_dags/example_trigger_controller_dag.py
[2025-03-10T09:27:25.965+0100] {logging_mixin.py:188} INFO - [2025-03-10T09:27:25.964+0100] {dag.py:3036} INFO - Sync 1 DAGs
[2025-03-10T09:27:25.989+0100] {logging_mixin.py:188} INFO - [2025-03-10T09:27:25.989+0100] {dag.py:3823} INFO - Setting next_dagrun for example_trigger_controller_dag to 2021-01-01 00:00:00+00:00, run_after=2021-01-01 00:00:00+00:00
[2025-03-10T09:27:26.008+0100] {processor.py:183} INFO - Processing /home/philip/de_engineering/airflow_projects/airflow1/venv/lib/python3.10/site-packages/airflow/example_dags/example_trigger_controller_dag.py took 0.084 seconds
[2025-03-10T09:27:56.198+0100] {processor.py:161} INFO - Started process (PID=144879) to work on /home/philip/de_engineering/airflow_projects/airflow1/venv/lib/python3.10/site-packages/airflow/example_dags/example_trigger_controller_dag.py
[2025-03-10T09:27:56.199+0100] {processor.py:830} INFO - Processing file /home/philip/de_engineering/airflow_projects/airflow1/venv/lib/python3.10/site-packages/airflow/example_dags/example_trigger_controller_dag.py for tasks to queue
[2025-03-10T09:27:56.200+0100] {logging_mixin.py:188} INFO - [2025-03-10T09:27:56.199+0100] {dagbag.py:538} INFO - Filling up the DagBag from /home/philip/de_engineering/airflow_projects/airflow1/venv/lib/python3.10/site-packages/airflow/example_dags/example_trigger_controller_dag.py
[2025-03-10T09:27:56.204+0100] {processor.py:840} INFO - DAG(s) 'example_trigger_controller_dag' retrieved from /home/philip/de_engineering/airflow_projects/airflow1/venv/lib/python3.10/site-packages/airflow/example_dags/example_trigger_controller_dag.py
[2025-03-10T09:27:56.223+0100] {logging_mixin.py:188} INFO - [2025-03-10T09:27:56.222+0100] {dag.py:3036} INFO - Sync 1 DAGs
[2025-03-10T09:27:56.241+0100] {logging_mixin.py:188} INFO - [2025-03-10T09:27:56.241+0100] {dag.py:3823} INFO - Setting next_dagrun for example_trigger_controller_dag to 2021-01-01 00:00:00+00:00, run_after=2021-01-01 00:00:00+00:00
[2025-03-10T09:27:56.256+0100] {processor.py:183} INFO - Processing /home/philip/de_engineering/airflow_projects/airflow1/venv/lib/python3.10/site-packages/airflow/example_dags/example_trigger_controller_dag.py took 0.062 seconds
[2025-03-10T09:28:26.555+0100] {processor.py:161} INFO - Started process (PID=145259) to work on /home/philip/de_engineering/airflow_projects/airflow1/venv/lib/python3.10/site-packages/airflow/example_dags/example_trigger_controller_dag.py
[2025-03-10T09:28:26.557+0100] {processor.py:830} INFO - Processing file /home/philip/de_engineering/airflow_projects/airflow1/venv/lib/python3.10/site-packages/airflow/example_dags/example_trigger_controller_dag.py for tasks to queue
[2025-03-10T09:28:26.557+0100] {logging_mixin.py:188} INFO - [2025-03-10T09:28:26.557+0100] {dagbag.py:538} INFO - Filling up the DagBag from /home/philip/de_engineering/airflow_projects/airflow1/venv/lib/python3.10/site-packages/airflow/example_dags/example_trigger_controller_dag.py
[2025-03-10T09:28:26.562+0100] {processor.py:840} INFO - DAG(s) 'example_trigger_controller_dag' retrieved from /home/philip/de_engineering/airflow_projects/airflow1/venv/lib/python3.10/site-packages/airflow/example_dags/example_trigger_controller_dag.py
[2025-03-10T09:28:26.584+0100] {logging_mixin.py:188} INFO - [2025-03-10T09:28:26.583+0100] {dag.py:3036} INFO - Sync 1 DAGs
[2025-03-10T09:28:26.601+0100] {logging_mixin.py:188} INFO - [2025-03-10T09:28:26.601+0100] {dag.py:3823} INFO - Setting next_dagrun for example_trigger_controller_dag to 2021-01-01 00:00:00+00:00, run_after=2021-01-01 00:00:00+00:00
[2025-03-10T09:28:26.618+0100] {processor.py:183} INFO - Processing /home/philip/de_engineering/airflow_projects/airflow1/venv/lib/python3.10/site-packages/airflow/example_dags/example_trigger_controller_dag.py took 0.066 seconds
[2025-03-10T09:28:56.728+0100] {processor.py:161} INFO - Started process (PID=145636) to work on /home/philip/de_engineering/airflow_projects/airflow1/venv/lib/python3.10/site-packages/airflow/example_dags/example_trigger_controller_dag.py
[2025-03-10T09:28:56.729+0100] {processor.py:830} INFO - Processing file /home/philip/de_engineering/airflow_projects/airflow1/venv/lib/python3.10/site-packages/airflow/example_dags/example_trigger_controller_dag.py for tasks to queue
[2025-03-10T09:28:56.730+0100] {logging_mixin.py:188} INFO - [2025-03-10T09:28:56.730+0100] {dagbag.py:538} INFO - Filling up the DagBag from /home/philip/de_engineering/airflow_projects/airflow1/venv/lib/python3.10/site-packages/airflow/example_dags/example_trigger_controller_dag.py
[2025-03-10T09:28:56.734+0100] {processor.py:840} INFO - DAG(s) 'example_trigger_controller_dag' retrieved from /home/philip/de_engineering/airflow_projects/airflow1/venv/lib/python3.10/site-packages/airflow/example_dags/example_trigger_controller_dag.py
[2025-03-10T09:28:56.754+0100] {logging_mixin.py:188} INFO - [2025-03-10T09:28:56.754+0100] {dag.py:3036} INFO - Sync 1 DAGs
[2025-03-10T09:28:56.770+0100] {logging_mixin.py:188} INFO - [2025-03-10T09:28:56.770+0100] {dag.py:3823} INFO - Setting next_dagrun for example_trigger_controller_dag to 2021-01-01 00:00:00+00:00, run_after=2021-01-01 00:00:00+00:00
[2025-03-10T09:28:56.784+0100] {processor.py:183} INFO - Processing /home/philip/de_engineering/airflow_projects/airflow1/venv/lib/python3.10/site-packages/airflow/example_dags/example_trigger_controller_dag.py took 0.059 seconds
[2025-03-10T09:29:26.953+0100] {processor.py:161} INFO - Started process (PID=146016) to work on /home/philip/de_engineering/airflow_projects/airflow1/venv/lib/python3.10/site-packages/airflow/example_dags/example_trigger_controller_dag.py
[2025-03-10T09:29:26.954+0100] {processor.py:830} INFO - Processing file /home/philip/de_engineering/airflow_projects/airflow1/venv/lib/python3.10/site-packages/airflow/example_dags/example_trigger_controller_dag.py for tasks to queue
[2025-03-10T09:29:26.955+0100] {logging_mixin.py:188} INFO - [2025-03-10T09:29:26.954+0100] {dagbag.py:538} INFO - Filling up the DagBag from /home/philip/de_engineering/airflow_projects/airflow1/venv/lib/python3.10/site-packages/airflow/example_dags/example_trigger_controller_dag.py
[2025-03-10T09:29:26.959+0100] {processor.py:840} INFO - DAG(s) 'example_trigger_controller_dag' retrieved from /home/philip/de_engineering/airflow_projects/airflow1/venv/lib/python3.10/site-packages/airflow/example_dags/example_trigger_controller_dag.py
[2025-03-10T09:29:26.978+0100] {logging_mixin.py:188} INFO - [2025-03-10T09:29:26.978+0100] {dag.py:3036} INFO - Sync 1 DAGs
[2025-03-10T09:29:26.996+0100] {logging_mixin.py:188} INFO - [2025-03-10T09:29:26.996+0100] {dag.py:3823} INFO - Setting next_dagrun for example_trigger_controller_dag to 2021-01-01 00:00:00+00:00, run_after=2021-01-01 00:00:00+00:00
[2025-03-10T09:29:27.010+0100] {processor.py:183} INFO - Processing /home/philip/de_engineering/airflow_projects/airflow1/venv/lib/python3.10/site-packages/airflow/example_dags/example_trigger_controller_dag.py took 0.060 seconds
[2025-03-10T09:29:57.103+0100] {processor.py:161} INFO - Started process (PID=146391) to work on /home/philip/de_engineering/airflow_projects/airflow1/venv/lib/python3.10/site-packages/airflow/example_dags/example_trigger_controller_dag.py
[2025-03-10T09:29:57.104+0100] {processor.py:830} INFO - Processing file /home/philip/de_engineering/airflow_projects/airflow1/venv/lib/python3.10/site-packages/airflow/example_dags/example_trigger_controller_dag.py for tasks to queue
[2025-03-10T09:29:57.104+0100] {logging_mixin.py:188} INFO - [2025-03-10T09:29:57.104+0100] {dagbag.py:538} INFO - Filling up the DagBag from /home/philip/de_engineering/airflow_projects/airflow1/venv/lib/python3.10/site-packages/airflow/example_dags/example_trigger_controller_dag.py
[2025-03-10T09:29:57.108+0100] {processor.py:840} INFO - DAG(s) 'example_trigger_controller_dag' retrieved from /home/philip/de_engineering/airflow_projects/airflow1/venv/lib/python3.10/site-packages/airflow/example_dags/example_trigger_controller_dag.py
[2025-03-10T09:29:57.129+0100] {logging_mixin.py:188} INFO - [2025-03-10T09:29:57.129+0100] {dag.py:3036} INFO - Sync 1 DAGs
[2025-03-10T09:29:57.146+0100] {logging_mixin.py:188} INFO - [2025-03-10T09:29:57.146+0100] {dag.py:3823} INFO - Setting next_dagrun for example_trigger_controller_dag to 2021-01-01 00:00:00+00:00, run_after=2021-01-01 00:00:00+00:00
[2025-03-10T09:29:57.162+0100] {processor.py:183} INFO - Processing /home/philip/de_engineering/airflow_projects/airflow1/venv/lib/python3.10/site-packages/airflow/example_dags/example_trigger_controller_dag.py took 0.062 seconds
[2025-03-10T09:30:27.348+0100] {processor.py:161} INFO - Started process (PID=146772) to work on /home/philip/de_engineering/airflow_projects/airflow1/venv/lib/python3.10/site-packages/airflow/example_dags/example_trigger_controller_dag.py
[2025-03-10T09:30:27.349+0100] {processor.py:830} INFO - Processing file /home/philip/de_engineering/airflow_projects/airflow1/venv/lib/python3.10/site-packages/airflow/example_dags/example_trigger_controller_dag.py for tasks to queue
[2025-03-10T09:30:27.350+0100] {logging_mixin.py:188} INFO - [2025-03-10T09:30:27.349+0100] {dagbag.py:538} INFO - Filling up the DagBag from /home/philip/de_engineering/airflow_projects/airflow1/venv/lib/python3.10/site-packages/airflow/example_dags/example_trigger_controller_dag.py
[2025-03-10T09:30:27.354+0100] {processor.py:840} INFO - DAG(s) 'example_trigger_controller_dag' retrieved from /home/philip/de_engineering/airflow_projects/airflow1/venv/lib/python3.10/site-packages/airflow/example_dags/example_trigger_controller_dag.py
[2025-03-10T09:30:27.375+0100] {logging_mixin.py:188} INFO - [2025-03-10T09:30:27.374+0100] {dag.py:3036} INFO - Sync 1 DAGs
[2025-03-10T09:30:27.392+0100] {logging_mixin.py:188} INFO - [2025-03-10T09:30:27.392+0100] {dag.py:3823} INFO - Setting next_dagrun for example_trigger_controller_dag to 2021-01-01 00:00:00+00:00, run_after=2021-01-01 00:00:00+00:00
[2025-03-10T09:30:27.408+0100] {processor.py:183} INFO - Processing /home/philip/de_engineering/airflow_projects/airflow1/venv/lib/python3.10/site-packages/airflow/example_dags/example_trigger_controller_dag.py took 0.063 seconds
[2025-03-10T09:30:57.488+0100] {processor.py:161} INFO - Started process (PID=147147) to work on /home/philip/de_engineering/airflow_projects/airflow1/venv/lib/python3.10/site-packages/airflow/example_dags/example_trigger_controller_dag.py
[2025-03-10T09:30:57.489+0100] {processor.py:830} INFO - Processing file /home/philip/de_engineering/airflow_projects/airflow1/venv/lib/python3.10/site-packages/airflow/example_dags/example_trigger_controller_dag.py for tasks to queue
[2025-03-10T09:30:57.490+0100] {logging_mixin.py:188} INFO - [2025-03-10T09:30:57.490+0100] {dagbag.py:538} INFO - Filling up the DagBag from /home/philip/de_engineering/airflow_projects/airflow1/venv/lib/python3.10/site-packages/airflow/example_dags/example_trigger_controller_dag.py
[2025-03-10T09:30:57.494+0100] {processor.py:840} INFO - DAG(s) 'example_trigger_controller_dag' retrieved from /home/philip/de_engineering/airflow_projects/airflow1/venv/lib/python3.10/site-packages/airflow/example_dags/example_trigger_controller_dag.py
[2025-03-10T09:30:57.514+0100] {logging_mixin.py:188} INFO - [2025-03-10T09:30:57.514+0100] {dag.py:3036} INFO - Sync 1 DAGs
[2025-03-10T09:30:57.531+0100] {logging_mixin.py:188} INFO - [2025-03-10T09:30:57.531+0100] {dag.py:3823} INFO - Setting next_dagrun for example_trigger_controller_dag to 2021-01-01 00:00:00+00:00, run_after=2021-01-01 00:00:00+00:00
[2025-03-10T09:30:57.545+0100] {processor.py:183} INFO - Processing /home/philip/de_engineering/airflow_projects/airflow1/venv/lib/python3.10/site-packages/airflow/example_dags/example_trigger_controller_dag.py took 0.060 seconds
[2025-03-10T09:31:27.767+0100] {processor.py:161} INFO - Started process (PID=147527) to work on /home/philip/de_engineering/airflow_projects/airflow1/venv/lib/python3.10/site-packages/airflow/example_dags/example_trigger_controller_dag.py
[2025-03-10T09:31:27.768+0100] {processor.py:830} INFO - Processing file /home/philip/de_engineering/airflow_projects/airflow1/venv/lib/python3.10/site-packages/airflow/example_dags/example_trigger_controller_dag.py for tasks to queue
[2025-03-10T09:31:27.769+0100] {logging_mixin.py:188} INFO - [2025-03-10T09:31:27.769+0100] {dagbag.py:538} INFO - Filling up the DagBag from /home/philip/de_engineering/airflow_projects/airflow1/venv/lib/python3.10/site-packages/airflow/example_dags/example_trigger_controller_dag.py
[2025-03-10T09:31:27.773+0100] {processor.py:840} INFO - DAG(s) 'example_trigger_controller_dag' retrieved from /home/philip/de_engineering/airflow_projects/airflow1/venv/lib/python3.10/site-packages/airflow/example_dags/example_trigger_controller_dag.py
[2025-03-10T09:31:27.792+0100] {logging_mixin.py:188} INFO - [2025-03-10T09:31:27.791+0100] {dag.py:3036} INFO - Sync 1 DAGs
[2025-03-10T09:31:27.808+0100] {logging_mixin.py:188} INFO - [2025-03-10T09:31:27.808+0100] {dag.py:3823} INFO - Setting next_dagrun for example_trigger_controller_dag to 2021-01-01 00:00:00+00:00, run_after=2021-01-01 00:00:00+00:00
[2025-03-10T09:31:27.823+0100] {processor.py:183} INFO - Processing /home/philip/de_engineering/airflow_projects/airflow1/venv/lib/python3.10/site-packages/airflow/example_dags/example_trigger_controller_dag.py took 0.059 seconds
[2025-03-10T09:31:57.899+0100] {processor.py:161} INFO - Started process (PID=147902) to work on /home/philip/de_engineering/airflow_projects/airflow1/venv/lib/python3.10/site-packages/airflow/example_dags/example_trigger_controller_dag.py
[2025-03-10T09:31:57.900+0100] {processor.py:830} INFO - Processing file /home/philip/de_engineering/airflow_projects/airflow1/venv/lib/python3.10/site-packages/airflow/example_dags/example_trigger_controller_dag.py for tasks to queue
[2025-03-10T09:31:57.900+0100] {logging_mixin.py:188} INFO - [2025-03-10T09:31:57.900+0100] {dagbag.py:538} INFO - Filling up the DagBag from /home/philip/de_engineering/airflow_projects/airflow1/venv/lib/python3.10/site-packages/airflow/example_dags/example_trigger_controller_dag.py
[2025-03-10T09:31:57.904+0100] {processor.py:840} INFO - DAG(s) 'example_trigger_controller_dag' retrieved from /home/philip/de_engineering/airflow_projects/airflow1/venv/lib/python3.10/site-packages/airflow/example_dags/example_trigger_controller_dag.py
[2025-03-10T09:31:57.925+0100] {logging_mixin.py:188} INFO - [2025-03-10T09:31:57.924+0100] {dag.py:3036} INFO - Sync 1 DAGs
[2025-03-10T09:31:57.941+0100] {logging_mixin.py:188} INFO - [2025-03-10T09:31:57.941+0100] {dag.py:3823} INFO - Setting next_dagrun for example_trigger_controller_dag to 2021-01-01 00:00:00+00:00, run_after=2021-01-01 00:00:00+00:00
[2025-03-10T09:31:57.956+0100] {processor.py:183} INFO - Processing /home/philip/de_engineering/airflow_projects/airflow1/venv/lib/python3.10/site-packages/airflow/example_dags/example_trigger_controller_dag.py took 0.060 seconds
[2025-03-10T09:32:28.076+0100] {processor.py:161} INFO - Started process (PID=148282) to work on /home/philip/de_engineering/airflow_projects/airflow1/venv/lib/python3.10/site-packages/airflow/example_dags/example_trigger_controller_dag.py
[2025-03-10T09:32:28.077+0100] {processor.py:830} INFO - Processing file /home/philip/de_engineering/airflow_projects/airflow1/venv/lib/python3.10/site-packages/airflow/example_dags/example_trigger_controller_dag.py for tasks to queue
[2025-03-10T09:32:28.078+0100] {logging_mixin.py:188} INFO - [2025-03-10T09:32:28.078+0100] {dagbag.py:538} INFO - Filling up the DagBag from /home/philip/de_engineering/airflow_projects/airflow1/venv/lib/python3.10/site-packages/airflow/example_dags/example_trigger_controller_dag.py
[2025-03-10T09:32:28.082+0100] {processor.py:840} INFO - DAG(s) 'example_trigger_controller_dag' retrieved from /home/philip/de_engineering/airflow_projects/airflow1/venv/lib/python3.10/site-packages/airflow/example_dags/example_trigger_controller_dag.py
[2025-03-10T09:32:28.101+0100] {logging_mixin.py:188} INFO - [2025-03-10T09:32:28.101+0100] {dag.py:3036} INFO - Sync 1 DAGs
[2025-03-10T09:32:28.117+0100] {logging_mixin.py:188} INFO - [2025-03-10T09:32:28.117+0100] {dag.py:3823} INFO - Setting next_dagrun for example_trigger_controller_dag to 2021-01-01 00:00:00+00:00, run_after=2021-01-01 00:00:00+00:00
[2025-03-10T09:32:28.132+0100] {processor.py:183} INFO - Processing /home/philip/de_engineering/airflow_projects/airflow1/venv/lib/python3.10/site-packages/airflow/example_dags/example_trigger_controller_dag.py took 0.059 seconds
[2025-03-10T09:32:58.273+0100] {processor.py:161} INFO - Started process (PID=148657) to work on /home/philip/de_engineering/airflow_projects/airflow1/venv/lib/python3.10/site-packages/airflow/example_dags/example_trigger_controller_dag.py
[2025-03-10T09:32:58.275+0100] {processor.py:830} INFO - Processing file /home/philip/de_engineering/airflow_projects/airflow1/venv/lib/python3.10/site-packages/airflow/example_dags/example_trigger_controller_dag.py for tasks to queue
[2025-03-10T09:32:58.276+0100] {logging_mixin.py:188} INFO - [2025-03-10T09:32:58.275+0100] {dagbag.py:538} INFO - Filling up the DagBag from /home/philip/de_engineering/airflow_projects/airflow1/venv/lib/python3.10/site-packages/airflow/example_dags/example_trigger_controller_dag.py
[2025-03-10T09:32:58.280+0100] {processor.py:840} INFO - DAG(s) 'example_trigger_controller_dag' retrieved from /home/philip/de_engineering/airflow_projects/airflow1/venv/lib/python3.10/site-packages/airflow/example_dags/example_trigger_controller_dag.py
[2025-03-10T09:32:58.302+0100] {logging_mixin.py:188} INFO - [2025-03-10T09:32:58.302+0100] {dag.py:3036} INFO - Sync 1 DAGs
[2025-03-10T09:32:58.324+0100] {logging_mixin.py:188} INFO - [2025-03-10T09:32:58.324+0100] {dag.py:3823} INFO - Setting next_dagrun for example_trigger_controller_dag to 2021-01-01 00:00:00+00:00, run_after=2021-01-01 00:00:00+00:00
[2025-03-10T09:32:58.343+0100] {processor.py:183} INFO - Processing /home/philip/de_engineering/airflow_projects/airflow1/venv/lib/python3.10/site-packages/airflow/example_dags/example_trigger_controller_dag.py took 0.073 seconds
[2025-03-10T09:33:28.570+0100] {processor.py:161} INFO - Started process (PID=149039) to work on /home/philip/de_engineering/airflow_projects/airflow1/venv/lib/python3.10/site-packages/airflow/example_dags/example_trigger_controller_dag.py
[2025-03-10T09:33:28.571+0100] {processor.py:830} INFO - Processing file /home/philip/de_engineering/airflow_projects/airflow1/venv/lib/python3.10/site-packages/airflow/example_dags/example_trigger_controller_dag.py for tasks to queue
[2025-03-10T09:33:28.571+0100] {logging_mixin.py:188} INFO - [2025-03-10T09:33:28.571+0100] {dagbag.py:538} INFO - Filling up the DagBag from /home/philip/de_engineering/airflow_projects/airflow1/venv/lib/python3.10/site-packages/airflow/example_dags/example_trigger_controller_dag.py
[2025-03-10T09:33:28.575+0100] {processor.py:840} INFO - DAG(s) 'example_trigger_controller_dag' retrieved from /home/philip/de_engineering/airflow_projects/airflow1/venv/lib/python3.10/site-packages/airflow/example_dags/example_trigger_controller_dag.py
[2025-03-10T09:33:28.595+0100] {logging_mixin.py:188} INFO - [2025-03-10T09:33:28.595+0100] {dag.py:3036} INFO - Sync 1 DAGs
[2025-03-10T09:33:28.615+0100] {logging_mixin.py:188} INFO - [2025-03-10T09:33:28.615+0100] {dag.py:3823} INFO - Setting next_dagrun for example_trigger_controller_dag to 2021-01-01 00:00:00+00:00, run_after=2021-01-01 00:00:00+00:00
[2025-03-10T09:33:28.633+0100] {processor.py:183} INFO - Processing /home/philip/de_engineering/airflow_projects/airflow1/venv/lib/python3.10/site-packages/airflow/example_dags/example_trigger_controller_dag.py took 0.066 seconds
[2025-03-10T09:33:58.775+0100] {processor.py:161} INFO - Started process (PID=149420) to work on /home/philip/de_engineering/airflow_projects/airflow1/venv/lib/python3.10/site-packages/airflow/example_dags/example_trigger_controller_dag.py
[2025-03-10T09:33:58.776+0100] {processor.py:830} INFO - Processing file /home/philip/de_engineering/airflow_projects/airflow1/venv/lib/python3.10/site-packages/airflow/example_dags/example_trigger_controller_dag.py for tasks to queue
[2025-03-10T09:33:58.777+0100] {logging_mixin.py:188} INFO - [2025-03-10T09:33:58.777+0100] {dagbag.py:538} INFO - Filling up the DagBag from /home/philip/de_engineering/airflow_projects/airflow1/venv/lib/python3.10/site-packages/airflow/example_dags/example_trigger_controller_dag.py
[2025-03-10T09:33:58.781+0100] {processor.py:840} INFO - DAG(s) 'example_trigger_controller_dag' retrieved from /home/philip/de_engineering/airflow_projects/airflow1/venv/lib/python3.10/site-packages/airflow/example_dags/example_trigger_controller_dag.py
[2025-03-10T09:33:58.804+0100] {logging_mixin.py:188} INFO - [2025-03-10T09:33:58.804+0100] {dag.py:3036} INFO - Sync 1 DAGs
[2025-03-10T09:33:58.825+0100] {logging_mixin.py:188} INFO - [2025-03-10T09:33:58.825+0100] {dag.py:3823} INFO - Setting next_dagrun for example_trigger_controller_dag to 2021-01-01 00:00:00+00:00, run_after=2021-01-01 00:00:00+00:00
[2025-03-10T09:33:58.841+0100] {processor.py:183} INFO - Processing /home/philip/de_engineering/airflow_projects/airflow1/venv/lib/python3.10/site-packages/airflow/example_dags/example_trigger_controller_dag.py took 0.070 seconds
[2025-03-10T09:34:29.022+0100] {processor.py:161} INFO - Started process (PID=149794) to work on /home/philip/de_engineering/airflow_projects/airflow1/venv/lib/python3.10/site-packages/airflow/example_dags/example_trigger_controller_dag.py
[2025-03-10T09:34:29.023+0100] {processor.py:830} INFO - Processing file /home/philip/de_engineering/airflow_projects/airflow1/venv/lib/python3.10/site-packages/airflow/example_dags/example_trigger_controller_dag.py for tasks to queue
[2025-03-10T09:34:29.024+0100] {logging_mixin.py:188} INFO - [2025-03-10T09:34:29.023+0100] {dagbag.py:538} INFO - Filling up the DagBag from /home/philip/de_engineering/airflow_projects/airflow1/venv/lib/python3.10/site-packages/airflow/example_dags/example_trigger_controller_dag.py
[2025-03-10T09:34:29.027+0100] {processor.py:840} INFO - DAG(s) 'example_trigger_controller_dag' retrieved from /home/philip/de_engineering/airflow_projects/airflow1/venv/lib/python3.10/site-packages/airflow/example_dags/example_trigger_controller_dag.py
[2025-03-10T09:34:29.047+0100] {logging_mixin.py:188} INFO - [2025-03-10T09:34:29.047+0100] {dag.py:3036} INFO - Sync 1 DAGs
[2025-03-10T09:34:29.064+0100] {logging_mixin.py:188} INFO - [2025-03-10T09:34:29.064+0100] {dag.py:3823} INFO - Setting next_dagrun for example_trigger_controller_dag to 2021-01-01 00:00:00+00:00, run_after=2021-01-01 00:00:00+00:00
[2025-03-10T09:34:29.077+0100] {processor.py:183} INFO - Processing /home/philip/de_engineering/airflow_projects/airflow1/venv/lib/python3.10/site-packages/airflow/example_dags/example_trigger_controller_dag.py took 0.058 seconds
[2025-03-10T09:34:59.238+0100] {processor.py:161} INFO - Started process (PID=150177) to work on /home/philip/de_engineering/airflow_projects/airflow1/venv/lib/python3.10/site-packages/airflow/example_dags/example_trigger_controller_dag.py
[2025-03-10T09:34:59.240+0100] {processor.py:830} INFO - Processing file /home/philip/de_engineering/airflow_projects/airflow1/venv/lib/python3.10/site-packages/airflow/example_dags/example_trigger_controller_dag.py for tasks to queue
[2025-03-10T09:34:59.240+0100] {logging_mixin.py:188} INFO - [2025-03-10T09:34:59.240+0100] {dagbag.py:538} INFO - Filling up the DagBag from /home/philip/de_engineering/airflow_projects/airflow1/venv/lib/python3.10/site-packages/airflow/example_dags/example_trigger_controller_dag.py
[2025-03-10T09:34:59.244+0100] {processor.py:840} INFO - DAG(s) 'example_trigger_controller_dag' retrieved from /home/philip/de_engineering/airflow_projects/airflow1/venv/lib/python3.10/site-packages/airflow/example_dags/example_trigger_controller_dag.py
[2025-03-10T09:34:59.263+0100] {logging_mixin.py:188} INFO - [2025-03-10T09:34:59.263+0100] {dag.py:3036} INFO - Sync 1 DAGs
[2025-03-10T09:34:59.279+0100] {logging_mixin.py:188} INFO - [2025-03-10T09:34:59.279+0100] {dag.py:3823} INFO - Setting next_dagrun for example_trigger_controller_dag to 2021-01-01 00:00:00+00:00, run_after=2021-01-01 00:00:00+00:00
[2025-03-10T09:34:59.293+0100] {processor.py:183} INFO - Processing /home/philip/de_engineering/airflow_projects/airflow1/venv/lib/python3.10/site-packages/airflow/example_dags/example_trigger_controller_dag.py took 0.058 seconds
[2025-03-10T09:35:29.457+0100] {processor.py:161} INFO - Started process (PID=150554) to work on /home/philip/de_engineering/airflow_projects/airflow1/venv/lib/python3.10/site-packages/airflow/example_dags/example_trigger_controller_dag.py
[2025-03-10T09:35:29.458+0100] {processor.py:830} INFO - Processing file /home/philip/de_engineering/airflow_projects/airflow1/venv/lib/python3.10/site-packages/airflow/example_dags/example_trigger_controller_dag.py for tasks to queue
[2025-03-10T09:35:29.459+0100] {logging_mixin.py:188} INFO - [2025-03-10T09:35:29.458+0100] {dagbag.py:538} INFO - Filling up the DagBag from /home/philip/de_engineering/airflow_projects/airflow1/venv/lib/python3.10/site-packages/airflow/example_dags/example_trigger_controller_dag.py
[2025-03-10T09:35:29.462+0100] {processor.py:840} INFO - DAG(s) 'example_trigger_controller_dag' retrieved from /home/philip/de_engineering/airflow_projects/airflow1/venv/lib/python3.10/site-packages/airflow/example_dags/example_trigger_controller_dag.py
[2025-03-10T09:35:29.482+0100] {logging_mixin.py:188} INFO - [2025-03-10T09:35:29.482+0100] {dag.py:3036} INFO - Sync 1 DAGs
[2025-03-10T09:35:29.498+0100] {logging_mixin.py:188} INFO - [2025-03-10T09:35:29.498+0100] {dag.py:3823} INFO - Setting next_dagrun for example_trigger_controller_dag to 2021-01-01 00:00:00+00:00, run_after=2021-01-01 00:00:00+00:00
[2025-03-10T09:35:29.513+0100] {processor.py:183} INFO - Processing /home/philip/de_engineering/airflow_projects/airflow1/venv/lib/python3.10/site-packages/airflow/example_dags/example_trigger_controller_dag.py took 0.059 seconds
[2025-03-10T09:35:59.706+0100] {processor.py:161} INFO - Started process (PID=150935) to work on /home/philip/de_engineering/airflow_projects/airflow1/venv/lib/python3.10/site-packages/airflow/example_dags/example_trigger_controller_dag.py
[2025-03-10T09:35:59.708+0100] {processor.py:830} INFO - Processing file /home/philip/de_engineering/airflow_projects/airflow1/venv/lib/python3.10/site-packages/airflow/example_dags/example_trigger_controller_dag.py for tasks to queue
[2025-03-10T09:35:59.709+0100] {logging_mixin.py:188} INFO - [2025-03-10T09:35:59.708+0100] {dagbag.py:538} INFO - Filling up the DagBag from /home/philip/de_engineering/airflow_projects/airflow1/venv/lib/python3.10/site-packages/airflow/example_dags/example_trigger_controller_dag.py
[2025-03-10T09:35:59.713+0100] {processor.py:840} INFO - DAG(s) 'example_trigger_controller_dag' retrieved from /home/philip/de_engineering/airflow_projects/airflow1/venv/lib/python3.10/site-packages/airflow/example_dags/example_trigger_controller_dag.py
[2025-03-10T09:35:59.736+0100] {logging_mixin.py:188} INFO - [2025-03-10T09:35:59.735+0100] {dag.py:3036} INFO - Sync 1 DAGs
[2025-03-10T09:35:59.756+0100] {logging_mixin.py:188} INFO - [2025-03-10T09:35:59.756+0100] {dag.py:3823} INFO - Setting next_dagrun for example_trigger_controller_dag to 2021-01-01 00:00:00+00:00, run_after=2021-01-01 00:00:00+00:00
[2025-03-10T09:35:59.777+0100] {processor.py:183} INFO - Processing /home/philip/de_engineering/airflow_projects/airflow1/venv/lib/python3.10/site-packages/airflow/example_dags/example_trigger_controller_dag.py took 0.074 seconds
