[2025-03-10T09:14:25.785+0100] {processor.py:161} INFO - Started process (PID=136907) to work on /home/philip/de_engineering/airflow_projects/airflow1/venv/lib/python3.10/site-packages/airflow/example_dags/example_kubernetes_executor.py
[2025-03-10T09:14:25.786+0100] {processor.py:830} INFO - Processing file /home/philip/de_engineering/airflow_projects/airflow1/venv/lib/python3.10/site-packages/airflow/example_dags/example_kubernetes_executor.py for tasks to queue
[2025-03-10T09:14:25.786+0100] {logging_mixin.py:188} INFO - [2025-03-10T09:14:25.786+0100] {dagbag.py:538} INFO - Filling up the DagBag from /home/philip/de_engineering/airflow_projects/airflow1/venv/lib/python3.10/site-packages/airflow/example_dags/example_kubernetes_executor.py
[2025-03-10T09:14:25.789+0100] {logging_mixin.py:188} INFO - [2025-03-10T09:14:25.789+0100] {example_kubernetes_executor.py:38} WARNING - The example_kubernetes_executor example DAG requires the kubernetes provider. Please install it with: pip install apache-airflow[cncf.kubernetes]
[2025-03-10T09:14:25.789+0100] {processor.py:842} WARNING - No viable dags retrieved from /home/philip/de_engineering/airflow_projects/airflow1/venv/lib/python3.10/site-packages/airflow/example_dags/example_kubernetes_executor.py
[2025-03-10T09:14:25.806+0100] {processor.py:183} INFO - Processing /home/philip/de_engineering/airflow_projects/airflow1/venv/lib/python3.10/site-packages/airflow/example_dags/example_kubernetes_executor.py took 0.024 seconds
[2025-03-10T09:14:56.386+0100] {processor.py:161} INFO - Started process (PID=137019) to work on /home/philip/de_engineering/airflow_projects/airflow1/venv/lib/python3.10/site-packages/airflow/example_dags/example_kubernetes_executor.py
[2025-03-10T09:14:56.386+0100] {processor.py:830} INFO - Processing file /home/philip/de_engineering/airflow_projects/airflow1/venv/lib/python3.10/site-packages/airflow/example_dags/example_kubernetes_executor.py for tasks to queue
[2025-03-10T09:14:56.387+0100] {logging_mixin.py:188} INFO - [2025-03-10T09:14:56.387+0100] {dagbag.py:538} INFO - Filling up the DagBag from /home/philip/de_engineering/airflow_projects/airflow1/venv/lib/python3.10/site-packages/airflow/example_dags/example_kubernetes_executor.py
[2025-03-10T09:14:56.389+0100] {logging_mixin.py:188} INFO - [2025-03-10T09:14:56.389+0100] {example_kubernetes_executor.py:38} WARNING - The example_kubernetes_executor example DAG requires the kubernetes provider. Please install it with: pip install apache-airflow[cncf.kubernetes]
[2025-03-10T09:14:56.389+0100] {processor.py:842} WARNING - No viable dags retrieved from /home/philip/de_engineering/airflow_projects/airflow1/venv/lib/python3.10/site-packages/airflow/example_dags/example_kubernetes_executor.py
[2025-03-10T09:14:56.405+0100] {processor.py:183} INFO - Processing /home/philip/de_engineering/airflow_projects/airflow1/venv/lib/python3.10/site-packages/airflow/example_dags/example_kubernetes_executor.py took 0.022 seconds
[2025-03-10T09:15:26.552+0100] {processor.py:161} INFO - Started process (PID=137120) to work on /home/philip/de_engineering/airflow_projects/airflow1/venv/lib/python3.10/site-packages/airflow/example_dags/example_kubernetes_executor.py
[2025-03-10T09:15:26.554+0100] {processor.py:830} INFO - Processing file /home/philip/de_engineering/airflow_projects/airflow1/venv/lib/python3.10/site-packages/airflow/example_dags/example_kubernetes_executor.py for tasks to queue
[2025-03-10T09:15:26.555+0100] {logging_mixin.py:188} INFO - [2025-03-10T09:15:26.554+0100] {dagbag.py:538} INFO - Filling up the DagBag from /home/philip/de_engineering/airflow_projects/airflow1/venv/lib/python3.10/site-packages/airflow/example_dags/example_kubernetes_executor.py
[2025-03-10T09:15:26.558+0100] {logging_mixin.py:188} INFO - [2025-03-10T09:15:26.558+0100] {example_kubernetes_executor.py:38} WARNING - The example_kubernetes_executor example DAG requires the kubernetes provider. Please install it with: pip install apache-airflow[cncf.kubernetes]
[2025-03-10T09:15:26.558+0100] {processor.py:842} WARNING - No viable dags retrieved from /home/philip/de_engineering/airflow_projects/airflow1/venv/lib/python3.10/site-packages/airflow/example_dags/example_kubernetes_executor.py
[2025-03-10T09:15:26.577+0100] {processor.py:183} INFO - Processing /home/philip/de_engineering/airflow_projects/airflow1/venv/lib/python3.10/site-packages/airflow/example_dags/example_kubernetes_executor.py took 0.027 seconds
[2025-03-10T09:15:57.049+0100] {processor.py:161} INFO - Started process (PID=137221) to work on /home/philip/de_engineering/airflow_projects/airflow1/venv/lib/python3.10/site-packages/airflow/example_dags/example_kubernetes_executor.py
[2025-03-10T09:15:57.050+0100] {processor.py:830} INFO - Processing file /home/philip/de_engineering/airflow_projects/airflow1/venv/lib/python3.10/site-packages/airflow/example_dags/example_kubernetes_executor.py for tasks to queue
[2025-03-10T09:15:57.051+0100] {logging_mixin.py:188} INFO - [2025-03-10T09:15:57.050+0100] {dagbag.py:538} INFO - Filling up the DagBag from /home/philip/de_engineering/airflow_projects/airflow1/venv/lib/python3.10/site-packages/airflow/example_dags/example_kubernetes_executor.py
[2025-03-10T09:15:57.053+0100] {logging_mixin.py:188} INFO - [2025-03-10T09:15:57.053+0100] {example_kubernetes_executor.py:38} WARNING - The example_kubernetes_executor example DAG requires the kubernetes provider. Please install it with: pip install apache-airflow[cncf.kubernetes]
[2025-03-10T09:15:57.054+0100] {processor.py:842} WARNING - No viable dags retrieved from /home/philip/de_engineering/airflow_projects/airflow1/venv/lib/python3.10/site-packages/airflow/example_dags/example_kubernetes_executor.py
[2025-03-10T09:15:57.072+0100] {processor.py:183} INFO - Processing /home/philip/de_engineering/airflow_projects/airflow1/venv/lib/python3.10/site-packages/airflow/example_dags/example_kubernetes_executor.py took 0.027 seconds
[2025-03-10T09:16:27.310+0100] {processor.py:161} INFO - Started process (PID=137597) to work on /home/philip/de_engineering/airflow_projects/airflow1/venv/lib/python3.10/site-packages/airflow/example_dags/example_kubernetes_executor.py
[2025-03-10T09:16:27.312+0100] {processor.py:830} INFO - Processing file /home/philip/de_engineering/airflow_projects/airflow1/venv/lib/python3.10/site-packages/airflow/example_dags/example_kubernetes_executor.py for tasks to queue
[2025-03-10T09:16:27.312+0100] {logging_mixin.py:188} INFO - [2025-03-10T09:16:27.312+0100] {dagbag.py:538} INFO - Filling up the DagBag from /home/philip/de_engineering/airflow_projects/airflow1/venv/lib/python3.10/site-packages/airflow/example_dags/example_kubernetes_executor.py
[2025-03-10T09:16:27.315+0100] {logging_mixin.py:188} INFO - [2025-03-10T09:16:27.315+0100] {example_kubernetes_executor.py:38} WARNING - The example_kubernetes_executor example DAG requires the kubernetes provider. Please install it with: pip install apache-airflow[cncf.kubernetes]
[2025-03-10T09:16:27.315+0100] {processor.py:842} WARNING - No viable dags retrieved from /home/philip/de_engineering/airflow_projects/airflow1/venv/lib/python3.10/site-packages/airflow/example_dags/example_kubernetes_executor.py
[2025-03-10T09:16:27.329+0100] {processor.py:183} INFO - Processing /home/philip/de_engineering/airflow_projects/airflow1/venv/lib/python3.10/site-packages/airflow/example_dags/example_kubernetes_executor.py took 0.022 seconds
[2025-03-10T09:16:57.490+0100] {processor.py:161} INFO - Started process (PID=137785) to work on /home/philip/de_engineering/airflow_projects/airflow1/venv/lib/python3.10/site-packages/airflow/example_dags/example_kubernetes_executor.py
[2025-03-10T09:16:57.491+0100] {processor.py:830} INFO - Processing file /home/philip/de_engineering/airflow_projects/airflow1/venv/lib/python3.10/site-packages/airflow/example_dags/example_kubernetes_executor.py for tasks to queue
[2025-03-10T09:16:57.492+0100] {logging_mixin.py:188} INFO - [2025-03-10T09:16:57.491+0100] {dagbag.py:538} INFO - Filling up the DagBag from /home/philip/de_engineering/airflow_projects/airflow1/venv/lib/python3.10/site-packages/airflow/example_dags/example_kubernetes_executor.py
[2025-03-10T09:16:57.494+0100] {logging_mixin.py:188} INFO - [2025-03-10T09:16:57.494+0100] {example_kubernetes_executor.py:38} WARNING - The example_kubernetes_executor example DAG requires the kubernetes provider. Please install it with: pip install apache-airflow[cncf.kubernetes]
[2025-03-10T09:16:57.494+0100] {processor.py:842} WARNING - No viable dags retrieved from /home/philip/de_engineering/airflow_projects/airflow1/venv/lib/python3.10/site-packages/airflow/example_dags/example_kubernetes_executor.py
[2025-03-10T09:16:57.512+0100] {processor.py:183} INFO - Processing /home/philip/de_engineering/airflow_projects/airflow1/venv/lib/python3.10/site-packages/airflow/example_dags/example_kubernetes_executor.py took 0.026 seconds
[2025-03-10T09:17:27.916+0100] {processor.py:161} INFO - Started process (PID=137978) to work on /home/philip/de_engineering/airflow_projects/airflow1/venv/lib/python3.10/site-packages/airflow/example_dags/example_kubernetes_executor.py
[2025-03-10T09:17:27.917+0100] {processor.py:830} INFO - Processing file /home/philip/de_engineering/airflow_projects/airflow1/venv/lib/python3.10/site-packages/airflow/example_dags/example_kubernetes_executor.py for tasks to queue
[2025-03-10T09:17:27.918+0100] {logging_mixin.py:188} INFO - [2025-03-10T09:17:27.918+0100] {dagbag.py:538} INFO - Filling up the DagBag from /home/philip/de_engineering/airflow_projects/airflow1/venv/lib/python3.10/site-packages/airflow/example_dags/example_kubernetes_executor.py
[2025-03-10T09:17:27.922+0100] {logging_mixin.py:188} INFO - [2025-03-10T09:17:27.922+0100] {example_kubernetes_executor.py:38} WARNING - The example_kubernetes_executor example DAG requires the kubernetes provider. Please install it with: pip install apache-airflow[cncf.kubernetes]
[2025-03-10T09:17:27.922+0100] {processor.py:842} WARNING - No viable dags retrieved from /home/philip/de_engineering/airflow_projects/airflow1/venv/lib/python3.10/site-packages/airflow/example_dags/example_kubernetes_executor.py
[2025-03-10T09:17:27.940+0100] {processor.py:183} INFO - Processing /home/philip/de_engineering/airflow_projects/airflow1/venv/lib/python3.10/site-packages/airflow/example_dags/example_kubernetes_executor.py took 0.028 seconds
[2025-03-10T09:19:22.546+0100] {processor.py:161} INFO - Started process (PID=138686) to work on /home/philip/de_engineering/airflow_projects/airflow1/venv/lib/python3.10/site-packages/airflow/example_dags/example_kubernetes_executor.py
[2025-03-10T09:19:22.548+0100] {processor.py:830} INFO - Processing file /home/philip/de_engineering/airflow_projects/airflow1/venv/lib/python3.10/site-packages/airflow/example_dags/example_kubernetes_executor.py for tasks to queue
[2025-03-10T09:19:22.548+0100] {logging_mixin.py:188} INFO - [2025-03-10T09:19:22.548+0100] {dagbag.py:538} INFO - Filling up the DagBag from /home/philip/de_engineering/airflow_projects/airflow1/venv/lib/python3.10/site-packages/airflow/example_dags/example_kubernetes_executor.py
[2025-03-10T09:19:22.550+0100] {logging_mixin.py:188} INFO - [2025-03-10T09:19:22.550+0100] {example_kubernetes_executor.py:38} WARNING - The example_kubernetes_executor example DAG requires the kubernetes provider. Please install it with: pip install apache-airflow[cncf.kubernetes]
[2025-03-10T09:19:22.551+0100] {processor.py:842} WARNING - No viable dags retrieved from /home/philip/de_engineering/airflow_projects/airflow1/venv/lib/python3.10/site-packages/airflow/example_dags/example_kubernetes_executor.py
[2025-03-10T09:19:22.566+0100] {processor.py:183} INFO - Processing /home/philip/de_engineering/airflow_projects/airflow1/venv/lib/python3.10/site-packages/airflow/example_dags/example_kubernetes_executor.py took 0.022 seconds
[2025-03-10T09:19:53.491+0100] {processor.py:161} INFO - Started process (PID=139027) to work on /home/philip/de_engineering/airflow_projects/airflow1/venv/lib/python3.10/site-packages/airflow/example_dags/example_kubernetes_executor.py
[2025-03-10T09:19:53.491+0100] {processor.py:830} INFO - Processing file /home/philip/de_engineering/airflow_projects/airflow1/venv/lib/python3.10/site-packages/airflow/example_dags/example_kubernetes_executor.py for tasks to queue
[2025-03-10T09:19:53.492+0100] {logging_mixin.py:188} INFO - [2025-03-10T09:19:53.492+0100] {dagbag.py:538} INFO - Filling up the DagBag from /home/philip/de_engineering/airflow_projects/airflow1/venv/lib/python3.10/site-packages/airflow/example_dags/example_kubernetes_executor.py
[2025-03-10T09:19:53.494+0100] {logging_mixin.py:188} INFO - [2025-03-10T09:19:53.494+0100] {example_kubernetes_executor.py:38} WARNING - The example_kubernetes_executor example DAG requires the kubernetes provider. Please install it with: pip install apache-airflow[cncf.kubernetes]
[2025-03-10T09:19:53.495+0100] {processor.py:842} WARNING - No viable dags retrieved from /home/philip/de_engineering/airflow_projects/airflow1/venv/lib/python3.10/site-packages/airflow/example_dags/example_kubernetes_executor.py
[2025-03-10T09:19:53.511+0100] {processor.py:183} INFO - Processing /home/philip/de_engineering/airflow_projects/airflow1/venv/lib/python3.10/site-packages/airflow/example_dags/example_kubernetes_executor.py took 0.023 seconds
[2025-03-10T09:20:23.820+0100] {processor.py:161} INFO - Started process (PID=139403) to work on /home/philip/de_engineering/airflow_projects/airflow1/venv/lib/python3.10/site-packages/airflow/example_dags/example_kubernetes_executor.py
[2025-03-10T09:20:23.821+0100] {processor.py:830} INFO - Processing file /home/philip/de_engineering/airflow_projects/airflow1/venv/lib/python3.10/site-packages/airflow/example_dags/example_kubernetes_executor.py for tasks to queue
[2025-03-10T09:20:23.822+0100] {logging_mixin.py:188} INFO - [2025-03-10T09:20:23.822+0100] {dagbag.py:538} INFO - Filling up the DagBag from /home/philip/de_engineering/airflow_projects/airflow1/venv/lib/python3.10/site-packages/airflow/example_dags/example_kubernetes_executor.py
[2025-03-10T09:20:23.826+0100] {logging_mixin.py:188} INFO - [2025-03-10T09:20:23.825+0100] {example_kubernetes_executor.py:38} WARNING - The example_kubernetes_executor example DAG requires the kubernetes provider. Please install it with: pip install apache-airflow[cncf.kubernetes]
[2025-03-10T09:20:23.826+0100] {processor.py:842} WARNING - No viable dags retrieved from /home/philip/de_engineering/airflow_projects/airflow1/venv/lib/python3.10/site-packages/airflow/example_dags/example_kubernetes_executor.py
[2025-03-10T09:20:23.847+0100] {processor.py:183} INFO - Processing /home/philip/de_engineering/airflow_projects/airflow1/venv/lib/python3.10/site-packages/airflow/example_dags/example_kubernetes_executor.py took 0.031 seconds
[2025-03-10T09:20:54.436+0100] {processor.py:161} INFO - Started process (PID=139783) to work on /home/philip/de_engineering/airflow_projects/airflow1/venv/lib/python3.10/site-packages/airflow/example_dags/example_kubernetes_executor.py
[2025-03-10T09:20:54.437+0100] {processor.py:830} INFO - Processing file /home/philip/de_engineering/airflow_projects/airflow1/venv/lib/python3.10/site-packages/airflow/example_dags/example_kubernetes_executor.py for tasks to queue
[2025-03-10T09:20:54.438+0100] {logging_mixin.py:188} INFO - [2025-03-10T09:20:54.437+0100] {dagbag.py:538} INFO - Filling up the DagBag from /home/philip/de_engineering/airflow_projects/airflow1/venv/lib/python3.10/site-packages/airflow/example_dags/example_kubernetes_executor.py
[2025-03-10T09:20:54.440+0100] {logging_mixin.py:188} INFO - [2025-03-10T09:20:54.440+0100] {example_kubernetes_executor.py:38} WARNING - The example_kubernetes_executor example DAG requires the kubernetes provider. Please install it with: pip install apache-airflow[cncf.kubernetes]
[2025-03-10T09:20:54.440+0100] {processor.py:842} WARNING - No viable dags retrieved from /home/philip/de_engineering/airflow_projects/airflow1/venv/lib/python3.10/site-packages/airflow/example_dags/example_kubernetes_executor.py
[2025-03-10T09:20:54.457+0100] {processor.py:183} INFO - Processing /home/philip/de_engineering/airflow_projects/airflow1/venv/lib/python3.10/site-packages/airflow/example_dags/example_kubernetes_executor.py took 0.024 seconds
[2025-03-10T09:21:24.819+0100] {processor.py:161} INFO - Started process (PID=140163) to work on /home/philip/de_engineering/airflow_projects/airflow1/venv/lib/python3.10/site-packages/airflow/example_dags/example_kubernetes_executor.py
[2025-03-10T09:21:24.820+0100] {processor.py:830} INFO - Processing file /home/philip/de_engineering/airflow_projects/airflow1/venv/lib/python3.10/site-packages/airflow/example_dags/example_kubernetes_executor.py for tasks to queue
[2025-03-10T09:21:24.821+0100] {logging_mixin.py:188} INFO - [2025-03-10T09:21:24.820+0100] {dagbag.py:538} INFO - Filling up the DagBag from /home/philip/de_engineering/airflow_projects/airflow1/venv/lib/python3.10/site-packages/airflow/example_dags/example_kubernetes_executor.py
[2025-03-10T09:21:24.823+0100] {logging_mixin.py:188} INFO - [2025-03-10T09:21:24.823+0100] {example_kubernetes_executor.py:38} WARNING - The example_kubernetes_executor example DAG requires the kubernetes provider. Please install it with: pip install apache-airflow[cncf.kubernetes]
[2025-03-10T09:21:24.824+0100] {processor.py:842} WARNING - No viable dags retrieved from /home/philip/de_engineering/airflow_projects/airflow1/venv/lib/python3.10/site-packages/airflow/example_dags/example_kubernetes_executor.py
[2025-03-10T09:21:24.840+0100] {processor.py:183} INFO - Processing /home/philip/de_engineering/airflow_projects/airflow1/venv/lib/python3.10/site-packages/airflow/example_dags/example_kubernetes_executor.py took 0.024 seconds
[2025-03-10T09:21:54.988+0100] {processor.py:161} INFO - Started process (PID=140539) to work on /home/philip/de_engineering/airflow_projects/airflow1/venv/lib/python3.10/site-packages/airflow/example_dags/example_kubernetes_executor.py
[2025-03-10T09:21:54.988+0100] {processor.py:830} INFO - Processing file /home/philip/de_engineering/airflow_projects/airflow1/venv/lib/python3.10/site-packages/airflow/example_dags/example_kubernetes_executor.py for tasks to queue
[2025-03-10T09:21:54.989+0100] {logging_mixin.py:188} INFO - [2025-03-10T09:21:54.989+0100] {dagbag.py:538} INFO - Filling up the DagBag from /home/philip/de_engineering/airflow_projects/airflow1/venv/lib/python3.10/site-packages/airflow/example_dags/example_kubernetes_executor.py
[2025-03-10T09:21:54.992+0100] {logging_mixin.py:188} INFO - [2025-03-10T09:21:54.992+0100] {example_kubernetes_executor.py:38} WARNING - The example_kubernetes_executor example DAG requires the kubernetes provider. Please install it with: pip install apache-airflow[cncf.kubernetes]
[2025-03-10T09:21:54.992+0100] {processor.py:842} WARNING - No viable dags retrieved from /home/philip/de_engineering/airflow_projects/airflow1/venv/lib/python3.10/site-packages/airflow/example_dags/example_kubernetes_executor.py
[2025-03-10T09:21:55.008+0100] {processor.py:183} INFO - Processing /home/philip/de_engineering/airflow_projects/airflow1/venv/lib/python3.10/site-packages/airflow/example_dags/example_kubernetes_executor.py took 0.023 seconds
[2025-03-10T09:22:25.262+0100] {processor.py:161} INFO - Started process (PID=140920) to work on /home/philip/de_engineering/airflow_projects/airflow1/venv/lib/python3.10/site-packages/airflow/example_dags/example_kubernetes_executor.py
[2025-03-10T09:22:25.263+0100] {processor.py:830} INFO - Processing file /home/philip/de_engineering/airflow_projects/airflow1/venv/lib/python3.10/site-packages/airflow/example_dags/example_kubernetes_executor.py for tasks to queue
[2025-03-10T09:22:25.264+0100] {logging_mixin.py:188} INFO - [2025-03-10T09:22:25.264+0100] {dagbag.py:538} INFO - Filling up the DagBag from /home/philip/de_engineering/airflow_projects/airflow1/venv/lib/python3.10/site-packages/airflow/example_dags/example_kubernetes_executor.py
[2025-03-10T09:22:25.266+0100] {logging_mixin.py:188} INFO - [2025-03-10T09:22:25.266+0100] {example_kubernetes_executor.py:38} WARNING - The example_kubernetes_executor example DAG requires the kubernetes provider. Please install it with: pip install apache-airflow[cncf.kubernetes]
[2025-03-10T09:22:25.267+0100] {processor.py:842} WARNING - No viable dags retrieved from /home/philip/de_engineering/airflow_projects/airflow1/venv/lib/python3.10/site-packages/airflow/example_dags/example_kubernetes_executor.py
[2025-03-10T09:22:25.282+0100] {processor.py:183} INFO - Processing /home/philip/de_engineering/airflow_projects/airflow1/venv/lib/python3.10/site-packages/airflow/example_dags/example_kubernetes_executor.py took 0.022 seconds
[2025-03-10T09:22:55.484+0100] {processor.py:161} INFO - Started process (PID=141297) to work on /home/philip/de_engineering/airflow_projects/airflow1/venv/lib/python3.10/site-packages/airflow/example_dags/example_kubernetes_executor.py
[2025-03-10T09:22:55.485+0100] {processor.py:830} INFO - Processing file /home/philip/de_engineering/airflow_projects/airflow1/venv/lib/python3.10/site-packages/airflow/example_dags/example_kubernetes_executor.py for tasks to queue
[2025-03-10T09:22:55.486+0100] {logging_mixin.py:188} INFO - [2025-03-10T09:22:55.486+0100] {dagbag.py:538} INFO - Filling up the DagBag from /home/philip/de_engineering/airflow_projects/airflow1/venv/lib/python3.10/site-packages/airflow/example_dags/example_kubernetes_executor.py
[2025-03-10T09:22:55.488+0100] {logging_mixin.py:188} INFO - [2025-03-10T09:22:55.488+0100] {example_kubernetes_executor.py:38} WARNING - The example_kubernetes_executor example DAG requires the kubernetes provider. Please install it with: pip install apache-airflow[cncf.kubernetes]
[2025-03-10T09:22:55.488+0100] {processor.py:842} WARNING - No viable dags retrieved from /home/philip/de_engineering/airflow_projects/airflow1/venv/lib/python3.10/site-packages/airflow/example_dags/example_kubernetes_executor.py
[2025-03-10T09:22:55.505+0100] {processor.py:183} INFO - Processing /home/philip/de_engineering/airflow_projects/airflow1/venv/lib/python3.10/site-packages/airflow/example_dags/example_kubernetes_executor.py took 0.024 seconds
[2025-03-10T09:23:25.666+0100] {processor.py:161} INFO - Started process (PID=141677) to work on /home/philip/de_engineering/airflow_projects/airflow1/venv/lib/python3.10/site-packages/airflow/example_dags/example_kubernetes_executor.py
[2025-03-10T09:23:25.667+0100] {processor.py:830} INFO - Processing file /home/philip/de_engineering/airflow_projects/airflow1/venv/lib/python3.10/site-packages/airflow/example_dags/example_kubernetes_executor.py for tasks to queue
[2025-03-10T09:23:25.668+0100] {logging_mixin.py:188} INFO - [2025-03-10T09:23:25.668+0100] {dagbag.py:538} INFO - Filling up the DagBag from /home/philip/de_engineering/airflow_projects/airflow1/venv/lib/python3.10/site-packages/airflow/example_dags/example_kubernetes_executor.py
[2025-03-10T09:23:25.670+0100] {logging_mixin.py:188} INFO - [2025-03-10T09:23:25.670+0100] {example_kubernetes_executor.py:38} WARNING - The example_kubernetes_executor example DAG requires the kubernetes provider. Please install it with: pip install apache-airflow[cncf.kubernetes]
[2025-03-10T09:23:25.671+0100] {processor.py:842} WARNING - No viable dags retrieved from /home/philip/de_engineering/airflow_projects/airflow1/venv/lib/python3.10/site-packages/airflow/example_dags/example_kubernetes_executor.py
[2025-03-10T09:23:25.687+0100] {processor.py:183} INFO - Processing /home/philip/de_engineering/airflow_projects/airflow1/venv/lib/python3.10/site-packages/airflow/example_dags/example_kubernetes_executor.py took 0.024 seconds
[2025-03-10T09:23:56.174+0100] {processor.py:161} INFO - Started process (PID=142059) to work on /home/philip/de_engineering/airflow_projects/airflow1/venv/lib/python3.10/site-packages/airflow/example_dags/example_kubernetes_executor.py
[2025-03-10T09:23:56.175+0100] {processor.py:830} INFO - Processing file /home/philip/de_engineering/airflow_projects/airflow1/venv/lib/python3.10/site-packages/airflow/example_dags/example_kubernetes_executor.py for tasks to queue
[2025-03-10T09:23:56.176+0100] {logging_mixin.py:188} INFO - [2025-03-10T09:23:56.175+0100] {dagbag.py:538} INFO - Filling up the DagBag from /home/philip/de_engineering/airflow_projects/airflow1/venv/lib/python3.10/site-packages/airflow/example_dags/example_kubernetes_executor.py
[2025-03-10T09:23:56.179+0100] {logging_mixin.py:188} INFO - [2025-03-10T09:23:56.179+0100] {example_kubernetes_executor.py:38} WARNING - The example_kubernetes_executor example DAG requires the kubernetes provider. Please install it with: pip install apache-airflow[cncf.kubernetes]
[2025-03-10T09:23:56.179+0100] {processor.py:842} WARNING - No viable dags retrieved from /home/philip/de_engineering/airflow_projects/airflow1/venv/lib/python3.10/site-packages/airflow/example_dags/example_kubernetes_executor.py
[2025-03-10T09:23:56.197+0100] {processor.py:183} INFO - Processing /home/philip/de_engineering/airflow_projects/airflow1/venv/lib/python3.10/site-packages/airflow/example_dags/example_kubernetes_executor.py took 0.026 seconds
[2025-03-10T09:24:26.471+0100] {processor.py:161} INFO - Started process (PID=142433) to work on /home/philip/de_engineering/airflow_projects/airflow1/venv/lib/python3.10/site-packages/airflow/example_dags/example_kubernetes_executor.py
[2025-03-10T09:24:26.472+0100] {processor.py:830} INFO - Processing file /home/philip/de_engineering/airflow_projects/airflow1/venv/lib/python3.10/site-packages/airflow/example_dags/example_kubernetes_executor.py for tasks to queue
[2025-03-10T09:24:26.473+0100] {logging_mixin.py:188} INFO - [2025-03-10T09:24:26.472+0100] {dagbag.py:538} INFO - Filling up the DagBag from /home/philip/de_engineering/airflow_projects/airflow1/venv/lib/python3.10/site-packages/airflow/example_dags/example_kubernetes_executor.py
[2025-03-10T09:24:26.475+0100] {logging_mixin.py:188} INFO - [2025-03-10T09:24:26.475+0100] {example_kubernetes_executor.py:38} WARNING - The example_kubernetes_executor example DAG requires the kubernetes provider. Please install it with: pip install apache-airflow[cncf.kubernetes]
[2025-03-10T09:24:26.476+0100] {processor.py:842} WARNING - No viable dags retrieved from /home/philip/de_engineering/airflow_projects/airflow1/venv/lib/python3.10/site-packages/airflow/example_dags/example_kubernetes_executor.py
[2025-03-10T09:24:26.493+0100] {processor.py:183} INFO - Processing /home/philip/de_engineering/airflow_projects/airflow1/venv/lib/python3.10/site-packages/airflow/example_dags/example_kubernetes_executor.py took 0.026 seconds
[2025-03-10T09:24:56.797+0100] {processor.py:161} INFO - Started process (PID=142816) to work on /home/philip/de_engineering/airflow_projects/airflow1/venv/lib/python3.10/site-packages/airflow/example_dags/example_kubernetes_executor.py
[2025-03-10T09:24:56.798+0100] {processor.py:830} INFO - Processing file /home/philip/de_engineering/airflow_projects/airflow1/venv/lib/python3.10/site-packages/airflow/example_dags/example_kubernetes_executor.py for tasks to queue
[2025-03-10T09:24:56.799+0100] {logging_mixin.py:188} INFO - [2025-03-10T09:24:56.799+0100] {dagbag.py:538} INFO - Filling up the DagBag from /home/philip/de_engineering/airflow_projects/airflow1/venv/lib/python3.10/site-packages/airflow/example_dags/example_kubernetes_executor.py
[2025-03-10T09:24:56.801+0100] {logging_mixin.py:188} INFO - [2025-03-10T09:24:56.801+0100] {example_kubernetes_executor.py:38} WARNING - The example_kubernetes_executor example DAG requires the kubernetes provider. Please install it with: pip install apache-airflow[cncf.kubernetes]
[2025-03-10T09:24:56.802+0100] {processor.py:842} WARNING - No viable dags retrieved from /home/philip/de_engineering/airflow_projects/airflow1/venv/lib/python3.10/site-packages/airflow/example_dags/example_kubernetes_executor.py
[2025-03-10T09:24:56.817+0100] {processor.py:183} INFO - Processing /home/philip/de_engineering/airflow_projects/airflow1/venv/lib/python3.10/site-packages/airflow/example_dags/example_kubernetes_executor.py took 0.022 seconds
[2025-03-10T09:25:26.957+0100] {processor.py:161} INFO - Started process (PID=143193) to work on /home/philip/de_engineering/airflow_projects/airflow1/venv/lib/python3.10/site-packages/airflow/example_dags/example_kubernetes_executor.py
[2025-03-10T09:25:26.958+0100] {processor.py:830} INFO - Processing file /home/philip/de_engineering/airflow_projects/airflow1/venv/lib/python3.10/site-packages/airflow/example_dags/example_kubernetes_executor.py for tasks to queue
[2025-03-10T09:25:26.959+0100] {logging_mixin.py:188} INFO - [2025-03-10T09:25:26.959+0100] {dagbag.py:538} INFO - Filling up the DagBag from /home/philip/de_engineering/airflow_projects/airflow1/venv/lib/python3.10/site-packages/airflow/example_dags/example_kubernetes_executor.py
[2025-03-10T09:25:26.962+0100] {logging_mixin.py:188} INFO - [2025-03-10T09:25:26.962+0100] {example_kubernetes_executor.py:38} WARNING - The example_kubernetes_executor example DAG requires the kubernetes provider. Please install it with: pip install apache-airflow[cncf.kubernetes]
[2025-03-10T09:25:26.963+0100] {processor.py:842} WARNING - No viable dags retrieved from /home/philip/de_engineering/airflow_projects/airflow1/venv/lib/python3.10/site-packages/airflow/example_dags/example_kubernetes_executor.py
[2025-03-10T09:25:26.981+0100] {processor.py:183} INFO - Processing /home/philip/de_engineering/airflow_projects/airflow1/venv/lib/python3.10/site-packages/airflow/example_dags/example_kubernetes_executor.py took 0.029 seconds
[2025-03-10T09:25:57.453+0100] {processor.py:161} INFO - Started process (PID=143574) to work on /home/philip/de_engineering/airflow_projects/airflow1/venv/lib/python3.10/site-packages/airflow/example_dags/example_kubernetes_executor.py
[2025-03-10T09:25:57.455+0100] {processor.py:830} INFO - Processing file /home/philip/de_engineering/airflow_projects/airflow1/venv/lib/python3.10/site-packages/airflow/example_dags/example_kubernetes_executor.py for tasks to queue
[2025-03-10T09:25:57.456+0100] {logging_mixin.py:188} INFO - [2025-03-10T09:25:57.455+0100] {dagbag.py:538} INFO - Filling up the DagBag from /home/philip/de_engineering/airflow_projects/airflow1/venv/lib/python3.10/site-packages/airflow/example_dags/example_kubernetes_executor.py
[2025-03-10T09:25:57.458+0100] {logging_mixin.py:188} INFO - [2025-03-10T09:25:57.458+0100] {example_kubernetes_executor.py:38} WARNING - The example_kubernetes_executor example DAG requires the kubernetes provider. Please install it with: pip install apache-airflow[cncf.kubernetes]
[2025-03-10T09:25:57.458+0100] {processor.py:842} WARNING - No viable dags retrieved from /home/philip/de_engineering/airflow_projects/airflow1/venv/lib/python3.10/site-packages/airflow/example_dags/example_kubernetes_executor.py
[2025-03-10T09:25:57.474+0100] {processor.py:183} INFO - Processing /home/philip/de_engineering/airflow_projects/airflow1/venv/lib/python3.10/site-packages/airflow/example_dags/example_kubernetes_executor.py took 0.024 seconds
[2025-03-10T09:26:27.773+0100] {processor.py:161} INFO - Started process (PID=143954) to work on /home/philip/de_engineering/airflow_projects/airflow1/venv/lib/python3.10/site-packages/airflow/example_dags/example_kubernetes_executor.py
[2025-03-10T09:26:27.774+0100] {processor.py:830} INFO - Processing file /home/philip/de_engineering/airflow_projects/airflow1/venv/lib/python3.10/site-packages/airflow/example_dags/example_kubernetes_executor.py for tasks to queue
[2025-03-10T09:26:27.775+0100] {logging_mixin.py:188} INFO - [2025-03-10T09:26:27.774+0100] {dagbag.py:538} INFO - Filling up the DagBag from /home/philip/de_engineering/airflow_projects/airflow1/venv/lib/python3.10/site-packages/airflow/example_dags/example_kubernetes_executor.py
[2025-03-10T09:26:27.777+0100] {logging_mixin.py:188} INFO - [2025-03-10T09:26:27.777+0100] {example_kubernetes_executor.py:38} WARNING - The example_kubernetes_executor example DAG requires the kubernetes provider. Please install it with: pip install apache-airflow[cncf.kubernetes]
[2025-03-10T09:26:27.777+0100] {processor.py:842} WARNING - No viable dags retrieved from /home/philip/de_engineering/airflow_projects/airflow1/venv/lib/python3.10/site-packages/airflow/example_dags/example_kubernetes_executor.py
[2025-03-10T09:26:27.794+0100] {processor.py:183} INFO - Processing /home/philip/de_engineering/airflow_projects/airflow1/venv/lib/python3.10/site-packages/airflow/example_dags/example_kubernetes_executor.py took 0.025 seconds
[2025-03-10T09:26:58.140+0100] {processor.py:161} INFO - Started process (PID=144328) to work on /home/philip/de_engineering/airflow_projects/airflow1/venv/lib/python3.10/site-packages/airflow/example_dags/example_kubernetes_executor.py
[2025-03-10T09:26:58.142+0100] {processor.py:830} INFO - Processing file /home/philip/de_engineering/airflow_projects/airflow1/venv/lib/python3.10/site-packages/airflow/example_dags/example_kubernetes_executor.py for tasks to queue
[2025-03-10T09:26:58.143+0100] {logging_mixin.py:188} INFO - [2025-03-10T09:26:58.143+0100] {dagbag.py:538} INFO - Filling up the DagBag from /home/philip/de_engineering/airflow_projects/airflow1/venv/lib/python3.10/site-packages/airflow/example_dags/example_kubernetes_executor.py
[2025-03-10T09:26:58.145+0100] {logging_mixin.py:188} INFO - [2025-03-10T09:26:58.145+0100] {example_kubernetes_executor.py:38} WARNING - The example_kubernetes_executor example DAG requires the kubernetes provider. Please install it with: pip install apache-airflow[cncf.kubernetes]
[2025-03-10T09:26:58.145+0100] {processor.py:842} WARNING - No viable dags retrieved from /home/philip/de_engineering/airflow_projects/airflow1/venv/lib/python3.10/site-packages/airflow/example_dags/example_kubernetes_executor.py
[2025-03-10T09:26:58.159+0100] {processor.py:183} INFO - Processing /home/philip/de_engineering/airflow_projects/airflow1/venv/lib/python3.10/site-packages/airflow/example_dags/example_kubernetes_executor.py took 0.022 seconds
[2025-03-10T09:27:28.428+0100] {processor.py:161} INFO - Started process (PID=144709) to work on /home/philip/de_engineering/airflow_projects/airflow1/venv/lib/python3.10/site-packages/airflow/example_dags/example_kubernetes_executor.py
[2025-03-10T09:27:28.429+0100] {processor.py:830} INFO - Processing file /home/philip/de_engineering/airflow_projects/airflow1/venv/lib/python3.10/site-packages/airflow/example_dags/example_kubernetes_executor.py for tasks to queue
[2025-03-10T09:27:28.429+0100] {logging_mixin.py:188} INFO - [2025-03-10T09:27:28.429+0100] {dagbag.py:538} INFO - Filling up the DagBag from /home/philip/de_engineering/airflow_projects/airflow1/venv/lib/python3.10/site-packages/airflow/example_dags/example_kubernetes_executor.py
[2025-03-10T09:27:28.432+0100] {logging_mixin.py:188} INFO - [2025-03-10T09:27:28.432+0100] {example_kubernetes_executor.py:38} WARNING - The example_kubernetes_executor example DAG requires the kubernetes provider. Please install it with: pip install apache-airflow[cncf.kubernetes]
[2025-03-10T09:27:28.433+0100] {processor.py:842} WARNING - No viable dags retrieved from /home/philip/de_engineering/airflow_projects/airflow1/venv/lib/python3.10/site-packages/airflow/example_dags/example_kubernetes_executor.py
[2025-03-10T09:27:28.449+0100] {processor.py:183} INFO - Processing /home/philip/de_engineering/airflow_projects/airflow1/venv/lib/python3.10/site-packages/airflow/example_dags/example_kubernetes_executor.py took 0.025 seconds
[2025-03-10T09:27:58.686+0100] {processor.py:161} INFO - Started process (PID=145084) to work on /home/philip/de_engineering/airflow_projects/airflow1/venv/lib/python3.10/site-packages/airflow/example_dags/example_kubernetes_executor.py
[2025-03-10T09:27:58.688+0100] {processor.py:830} INFO - Processing file /home/philip/de_engineering/airflow_projects/airflow1/venv/lib/python3.10/site-packages/airflow/example_dags/example_kubernetes_executor.py for tasks to queue
[2025-03-10T09:27:58.689+0100] {logging_mixin.py:188} INFO - [2025-03-10T09:27:58.688+0100] {dagbag.py:538} INFO - Filling up the DagBag from /home/philip/de_engineering/airflow_projects/airflow1/venv/lib/python3.10/site-packages/airflow/example_dags/example_kubernetes_executor.py
[2025-03-10T09:27:58.692+0100] {logging_mixin.py:188} INFO - [2025-03-10T09:27:58.691+0100] {example_kubernetes_executor.py:38} WARNING - The example_kubernetes_executor example DAG requires the kubernetes provider. Please install it with: pip install apache-airflow[cncf.kubernetes]
[2025-03-10T09:27:58.692+0100] {processor.py:842} WARNING - No viable dags retrieved from /home/philip/de_engineering/airflow_projects/airflow1/venv/lib/python3.10/site-packages/airflow/example_dags/example_kubernetes_executor.py
[2025-03-10T09:27:58.709+0100] {processor.py:183} INFO - Processing /home/philip/de_engineering/airflow_projects/airflow1/venv/lib/python3.10/site-packages/airflow/example_dags/example_kubernetes_executor.py took 0.026 seconds
[2025-03-10T09:28:28.944+0100] {processor.py:161} INFO - Started process (PID=145464) to work on /home/philip/de_engineering/airflow_projects/airflow1/venv/lib/python3.10/site-packages/airflow/example_dags/example_kubernetes_executor.py
[2025-03-10T09:28:28.945+0100] {processor.py:830} INFO - Processing file /home/philip/de_engineering/airflow_projects/airflow1/venv/lib/python3.10/site-packages/airflow/example_dags/example_kubernetes_executor.py for tasks to queue
[2025-03-10T09:28:28.946+0100] {logging_mixin.py:188} INFO - [2025-03-10T09:28:28.946+0100] {dagbag.py:538} INFO - Filling up the DagBag from /home/philip/de_engineering/airflow_projects/airflow1/venv/lib/python3.10/site-packages/airflow/example_dags/example_kubernetes_executor.py
[2025-03-10T09:28:28.948+0100] {logging_mixin.py:188} INFO - [2025-03-10T09:28:28.948+0100] {example_kubernetes_executor.py:38} WARNING - The example_kubernetes_executor example DAG requires the kubernetes provider. Please install it with: pip install apache-airflow[cncf.kubernetes]
[2025-03-10T09:28:28.949+0100] {processor.py:842} WARNING - No viable dags retrieved from /home/philip/de_engineering/airflow_projects/airflow1/venv/lib/python3.10/site-packages/airflow/example_dags/example_kubernetes_executor.py
[2025-03-10T09:28:28.963+0100] {processor.py:183} INFO - Processing /home/philip/de_engineering/airflow_projects/airflow1/venv/lib/python3.10/site-packages/airflow/example_dags/example_kubernetes_executor.py took 0.021 seconds
[2025-03-10T09:28:59.105+0100] {processor.py:161} INFO - Started process (PID=145841) to work on /home/philip/de_engineering/airflow_projects/airflow1/venv/lib/python3.10/site-packages/airflow/example_dags/example_kubernetes_executor.py
[2025-03-10T09:28:59.106+0100] {processor.py:830} INFO - Processing file /home/philip/de_engineering/airflow_projects/airflow1/venv/lib/python3.10/site-packages/airflow/example_dags/example_kubernetes_executor.py for tasks to queue
[2025-03-10T09:28:59.107+0100] {logging_mixin.py:188} INFO - [2025-03-10T09:28:59.106+0100] {dagbag.py:538} INFO - Filling up the DagBag from /home/philip/de_engineering/airflow_projects/airflow1/venv/lib/python3.10/site-packages/airflow/example_dags/example_kubernetes_executor.py
[2025-03-10T09:28:59.109+0100] {logging_mixin.py:188} INFO - [2025-03-10T09:28:59.109+0100] {example_kubernetes_executor.py:38} WARNING - The example_kubernetes_executor example DAG requires the kubernetes provider. Please install it with: pip install apache-airflow[cncf.kubernetes]
[2025-03-10T09:28:59.109+0100] {processor.py:842} WARNING - No viable dags retrieved from /home/philip/de_engineering/airflow_projects/airflow1/venv/lib/python3.10/site-packages/airflow/example_dags/example_kubernetes_executor.py
[2025-03-10T09:28:59.125+0100] {processor.py:183} INFO - Processing /home/philip/de_engineering/airflow_projects/airflow1/venv/lib/python3.10/site-packages/airflow/example_dags/example_kubernetes_executor.py took 0.022 seconds
[2025-03-10T09:29:29.365+0100] {processor.py:161} INFO - Started process (PID=146221) to work on /home/philip/de_engineering/airflow_projects/airflow1/venv/lib/python3.10/site-packages/airflow/example_dags/example_kubernetes_executor.py
[2025-03-10T09:29:29.366+0100] {processor.py:830} INFO - Processing file /home/philip/de_engineering/airflow_projects/airflow1/venv/lib/python3.10/site-packages/airflow/example_dags/example_kubernetes_executor.py for tasks to queue
[2025-03-10T09:29:29.367+0100] {logging_mixin.py:188} INFO - [2025-03-10T09:29:29.367+0100] {dagbag.py:538} INFO - Filling up the DagBag from /home/philip/de_engineering/airflow_projects/airflow1/venv/lib/python3.10/site-packages/airflow/example_dags/example_kubernetes_executor.py
[2025-03-10T09:29:29.369+0100] {logging_mixin.py:188} INFO - [2025-03-10T09:29:29.369+0100] {example_kubernetes_executor.py:38} WARNING - The example_kubernetes_executor example DAG requires the kubernetes provider. Please install it with: pip install apache-airflow[cncf.kubernetes]
[2025-03-10T09:29:29.369+0100] {processor.py:842} WARNING - No viable dags retrieved from /home/philip/de_engineering/airflow_projects/airflow1/venv/lib/python3.10/site-packages/airflow/example_dags/example_kubernetes_executor.py
[2025-03-10T09:29:29.384+0100] {processor.py:183} INFO - Processing /home/philip/de_engineering/airflow_projects/airflow1/venv/lib/python3.10/site-packages/airflow/example_dags/example_kubernetes_executor.py took 0.022 seconds
[2025-03-10T09:29:59.569+0100] {processor.py:161} INFO - Started process (PID=146598) to work on /home/philip/de_engineering/airflow_projects/airflow1/venv/lib/python3.10/site-packages/airflow/example_dags/example_kubernetes_executor.py
[2025-03-10T09:29:59.570+0100] {processor.py:830} INFO - Processing file /home/philip/de_engineering/airflow_projects/airflow1/venv/lib/python3.10/site-packages/airflow/example_dags/example_kubernetes_executor.py for tasks to queue
[2025-03-10T09:29:59.571+0100] {logging_mixin.py:188} INFO - [2025-03-10T09:29:59.571+0100] {dagbag.py:538} INFO - Filling up the DagBag from /home/philip/de_engineering/airflow_projects/airflow1/venv/lib/python3.10/site-packages/airflow/example_dags/example_kubernetes_executor.py
[2025-03-10T09:29:59.573+0100] {logging_mixin.py:188} INFO - [2025-03-10T09:29:59.573+0100] {example_kubernetes_executor.py:38} WARNING - The example_kubernetes_executor example DAG requires the kubernetes provider. Please install it with: pip install apache-airflow[cncf.kubernetes]
[2025-03-10T09:29:59.573+0100] {processor.py:842} WARNING - No viable dags retrieved from /home/philip/de_engineering/airflow_projects/airflow1/venv/lib/python3.10/site-packages/airflow/example_dags/example_kubernetes_executor.py
[2025-03-10T09:29:59.589+0100] {processor.py:183} INFO - Processing /home/philip/de_engineering/airflow_projects/airflow1/venv/lib/python3.10/site-packages/airflow/example_dags/example_kubernetes_executor.py took 0.022 seconds
[2025-03-10T09:30:29.760+0100] {processor.py:161} INFO - Started process (PID=146977) to work on /home/philip/de_engineering/airflow_projects/airflow1/venv/lib/python3.10/site-packages/airflow/example_dags/example_kubernetes_executor.py
[2025-03-10T09:30:29.761+0100] {processor.py:830} INFO - Processing file /home/philip/de_engineering/airflow_projects/airflow1/venv/lib/python3.10/site-packages/airflow/example_dags/example_kubernetes_executor.py for tasks to queue
[2025-03-10T09:30:29.762+0100] {logging_mixin.py:188} INFO - [2025-03-10T09:30:29.761+0100] {dagbag.py:538} INFO - Filling up the DagBag from /home/philip/de_engineering/airflow_projects/airflow1/venv/lib/python3.10/site-packages/airflow/example_dags/example_kubernetes_executor.py
[2025-03-10T09:30:29.764+0100] {logging_mixin.py:188} INFO - [2025-03-10T09:30:29.764+0100] {example_kubernetes_executor.py:38} WARNING - The example_kubernetes_executor example DAG requires the kubernetes provider. Please install it with: pip install apache-airflow[cncf.kubernetes]
[2025-03-10T09:30:29.764+0100] {processor.py:842} WARNING - No viable dags retrieved from /home/philip/de_engineering/airflow_projects/airflow1/venv/lib/python3.10/site-packages/airflow/example_dags/example_kubernetes_executor.py
[2025-03-10T09:30:29.780+0100] {processor.py:183} INFO - Processing /home/philip/de_engineering/airflow_projects/airflow1/venv/lib/python3.10/site-packages/airflow/example_dags/example_kubernetes_executor.py took 0.022 seconds
[2025-03-10T09:30:59.933+0100] {processor.py:161} INFO - Started process (PID=147352) to work on /home/philip/de_engineering/airflow_projects/airflow1/venv/lib/python3.10/site-packages/airflow/example_dags/example_kubernetes_executor.py
[2025-03-10T09:30:59.935+0100] {processor.py:830} INFO - Processing file /home/philip/de_engineering/airflow_projects/airflow1/venv/lib/python3.10/site-packages/airflow/example_dags/example_kubernetes_executor.py for tasks to queue
[2025-03-10T09:30:59.936+0100] {logging_mixin.py:188} INFO - [2025-03-10T09:30:59.935+0100] {dagbag.py:538} INFO - Filling up the DagBag from /home/philip/de_engineering/airflow_projects/airflow1/venv/lib/python3.10/site-packages/airflow/example_dags/example_kubernetes_executor.py
[2025-03-10T09:30:59.938+0100] {logging_mixin.py:188} INFO - [2025-03-10T09:30:59.938+0100] {example_kubernetes_executor.py:38} WARNING - The example_kubernetes_executor example DAG requires the kubernetes provider. Please install it with: pip install apache-airflow[cncf.kubernetes]
[2025-03-10T09:30:59.938+0100] {processor.py:842} WARNING - No viable dags retrieved from /home/philip/de_engineering/airflow_projects/airflow1/venv/lib/python3.10/site-packages/airflow/example_dags/example_kubernetes_executor.py
[2025-03-10T09:30:59.957+0100] {processor.py:183} INFO - Processing /home/philip/de_engineering/airflow_projects/airflow1/venv/lib/python3.10/site-packages/airflow/example_dags/example_kubernetes_executor.py took 0.026 seconds
[2025-03-10T09:31:30.112+0100] {processor.py:161} INFO - Started process (PID=147732) to work on /home/philip/de_engineering/airflow_projects/airflow1/venv/lib/python3.10/site-packages/airflow/example_dags/example_kubernetes_executor.py
[2025-03-10T09:31:30.113+0100] {processor.py:830} INFO - Processing file /home/philip/de_engineering/airflow_projects/airflow1/venv/lib/python3.10/site-packages/airflow/example_dags/example_kubernetes_executor.py for tasks to queue
[2025-03-10T09:31:30.114+0100] {logging_mixin.py:188} INFO - [2025-03-10T09:31:30.113+0100] {dagbag.py:538} INFO - Filling up the DagBag from /home/philip/de_engineering/airflow_projects/airflow1/venv/lib/python3.10/site-packages/airflow/example_dags/example_kubernetes_executor.py
[2025-03-10T09:31:30.117+0100] {logging_mixin.py:188} INFO - [2025-03-10T09:31:30.116+0100] {example_kubernetes_executor.py:38} WARNING - The example_kubernetes_executor example DAG requires the kubernetes provider. Please install it with: pip install apache-airflow[cncf.kubernetes]
[2025-03-10T09:31:30.117+0100] {processor.py:842} WARNING - No viable dags retrieved from /home/philip/de_engineering/airflow_projects/airflow1/venv/lib/python3.10/site-packages/airflow/example_dags/example_kubernetes_executor.py
[2025-03-10T09:31:30.135+0100] {processor.py:183} INFO - Processing /home/philip/de_engineering/airflow_projects/airflow1/venv/lib/python3.10/site-packages/airflow/example_dags/example_kubernetes_executor.py took 0.027 seconds
[2025-03-10T09:32:00.261+0100] {processor.py:161} INFO - Started process (PID=148109) to work on /home/philip/de_engineering/airflow_projects/airflow1/venv/lib/python3.10/site-packages/airflow/example_dags/example_kubernetes_executor.py
[2025-03-10T09:32:00.262+0100] {processor.py:830} INFO - Processing file /home/philip/de_engineering/airflow_projects/airflow1/venv/lib/python3.10/site-packages/airflow/example_dags/example_kubernetes_executor.py for tasks to queue
[2025-03-10T09:32:00.263+0100] {logging_mixin.py:188} INFO - [2025-03-10T09:32:00.263+0100] {dagbag.py:538} INFO - Filling up the DagBag from /home/philip/de_engineering/airflow_projects/airflow1/venv/lib/python3.10/site-packages/airflow/example_dags/example_kubernetes_executor.py
[2025-03-10T09:32:00.265+0100] {logging_mixin.py:188} INFO - [2025-03-10T09:32:00.265+0100] {example_kubernetes_executor.py:38} WARNING - The example_kubernetes_executor example DAG requires the kubernetes provider. Please install it with: pip install apache-airflow[cncf.kubernetes]
[2025-03-10T09:32:00.266+0100] {processor.py:842} WARNING - No viable dags retrieved from /home/philip/de_engineering/airflow_projects/airflow1/venv/lib/python3.10/site-packages/airflow/example_dags/example_kubernetes_executor.py
[2025-03-10T09:32:00.283+0100] {processor.py:183} INFO - Processing /home/philip/de_engineering/airflow_projects/airflow1/venv/lib/python3.10/site-packages/airflow/example_dags/example_kubernetes_executor.py took 0.025 seconds
[2025-03-10T09:32:30.392+0100] {processor.py:161} INFO - Started process (PID=148480) to work on /home/philip/de_engineering/airflow_projects/airflow1/venv/lib/python3.10/site-packages/airflow/example_dags/example_kubernetes_executor.py
[2025-03-10T09:32:30.393+0100] {processor.py:830} INFO - Processing file /home/philip/de_engineering/airflow_projects/airflow1/venv/lib/python3.10/site-packages/airflow/example_dags/example_kubernetes_executor.py for tasks to queue
[2025-03-10T09:32:30.393+0100] {logging_mixin.py:188} INFO - [2025-03-10T09:32:30.393+0100] {dagbag.py:538} INFO - Filling up the DagBag from /home/philip/de_engineering/airflow_projects/airflow1/venv/lib/python3.10/site-packages/airflow/example_dags/example_kubernetes_executor.py
[2025-03-10T09:32:30.396+0100] {logging_mixin.py:188} INFO - [2025-03-10T09:32:30.395+0100] {example_kubernetes_executor.py:38} WARNING - The example_kubernetes_executor example DAG requires the kubernetes provider. Please install it with: pip install apache-airflow[cncf.kubernetes]
[2025-03-10T09:32:30.396+0100] {processor.py:842} WARNING - No viable dags retrieved from /home/philip/de_engineering/airflow_projects/airflow1/venv/lib/python3.10/site-packages/airflow/example_dags/example_kubernetes_executor.py
[2025-03-10T09:32:30.411+0100] {processor.py:183} INFO - Processing /home/philip/de_engineering/airflow_projects/airflow1/venv/lib/python3.10/site-packages/airflow/example_dags/example_kubernetes_executor.py took 0.022 seconds
[2025-03-10T09:33:00.655+0100] {processor.py:161} INFO - Started process (PID=148862) to work on /home/philip/de_engineering/airflow_projects/airflow1/venv/lib/python3.10/site-packages/airflow/example_dags/example_kubernetes_executor.py
[2025-03-10T09:33:00.656+0100] {processor.py:830} INFO - Processing file /home/philip/de_engineering/airflow_projects/airflow1/venv/lib/python3.10/site-packages/airflow/example_dags/example_kubernetes_executor.py for tasks to queue
[2025-03-10T09:33:00.657+0100] {logging_mixin.py:188} INFO - [2025-03-10T09:33:00.657+0100] {dagbag.py:538} INFO - Filling up the DagBag from /home/philip/de_engineering/airflow_projects/airflow1/venv/lib/python3.10/site-packages/airflow/example_dags/example_kubernetes_executor.py
[2025-03-10T09:33:00.659+0100] {logging_mixin.py:188} INFO - [2025-03-10T09:33:00.659+0100] {example_kubernetes_executor.py:38} WARNING - The example_kubernetes_executor example DAG requires the kubernetes provider. Please install it with: pip install apache-airflow[cncf.kubernetes]
[2025-03-10T09:33:00.659+0100] {processor.py:842} WARNING - No viable dags retrieved from /home/philip/de_engineering/airflow_projects/airflow1/venv/lib/python3.10/site-packages/airflow/example_dags/example_kubernetes_executor.py
[2025-03-10T09:33:00.674+0100] {processor.py:183} INFO - Processing /home/philip/de_engineering/airflow_projects/airflow1/venv/lib/python3.10/site-packages/airflow/example_dags/example_kubernetes_executor.py took 0.022 seconds
[2025-03-10T09:33:30.740+0100] {processor.py:161} INFO - Started process (PID=149233) to work on /home/philip/de_engineering/airflow_projects/airflow1/venv/lib/python3.10/site-packages/airflow/example_dags/example_kubernetes_executor.py
[2025-03-10T09:33:30.741+0100] {processor.py:830} INFO - Processing file /home/philip/de_engineering/airflow_projects/airflow1/venv/lib/python3.10/site-packages/airflow/example_dags/example_kubernetes_executor.py for tasks to queue
[2025-03-10T09:33:30.742+0100] {logging_mixin.py:188} INFO - [2025-03-10T09:33:30.742+0100] {dagbag.py:538} INFO - Filling up the DagBag from /home/philip/de_engineering/airflow_projects/airflow1/venv/lib/python3.10/site-packages/airflow/example_dags/example_kubernetes_executor.py
[2025-03-10T09:33:30.744+0100] {logging_mixin.py:188} INFO - [2025-03-10T09:33:30.744+0100] {example_kubernetes_executor.py:38} WARNING - The example_kubernetes_executor example DAG requires the kubernetes provider. Please install it with: pip install apache-airflow[cncf.kubernetes]
[2025-03-10T09:33:30.744+0100] {processor.py:842} WARNING - No viable dags retrieved from /home/philip/de_engineering/airflow_projects/airflow1/venv/lib/python3.10/site-packages/airflow/example_dags/example_kubernetes_executor.py
[2025-03-10T09:33:30.759+0100] {processor.py:183} INFO - Processing /home/philip/de_engineering/airflow_projects/airflow1/venv/lib/python3.10/site-packages/airflow/example_dags/example_kubernetes_executor.py took 0.021 seconds
[2025-03-10T09:34:01.078+0100] {processor.py:161} INFO - Started process (PID=149619) to work on /home/philip/de_engineering/airflow_projects/airflow1/venv/lib/python3.10/site-packages/airflow/example_dags/example_kubernetes_executor.py
[2025-03-10T09:34:01.080+0100] {processor.py:830} INFO - Processing file /home/philip/de_engineering/airflow_projects/airflow1/venv/lib/python3.10/site-packages/airflow/example_dags/example_kubernetes_executor.py for tasks to queue
[2025-03-10T09:34:01.081+0100] {logging_mixin.py:188} INFO - [2025-03-10T09:34:01.080+0100] {dagbag.py:538} INFO - Filling up the DagBag from /home/philip/de_engineering/airflow_projects/airflow1/venv/lib/python3.10/site-packages/airflow/example_dags/example_kubernetes_executor.py
[2025-03-10T09:34:01.083+0100] {logging_mixin.py:188} INFO - [2025-03-10T09:34:01.083+0100] {example_kubernetes_executor.py:38} WARNING - The example_kubernetes_executor example DAG requires the kubernetes provider. Please install it with: pip install apache-airflow[cncf.kubernetes]
[2025-03-10T09:34:01.083+0100] {processor.py:842} WARNING - No viable dags retrieved from /home/philip/de_engineering/airflow_projects/airflow1/venv/lib/python3.10/site-packages/airflow/example_dags/example_kubernetes_executor.py
[2025-03-10T09:34:01.099+0100] {processor.py:183} INFO - Processing /home/philip/de_engineering/airflow_projects/airflow1/venv/lib/python3.10/site-packages/airflow/example_dags/example_kubernetes_executor.py took 0.023 seconds
[2025-03-10T09:34:31.438+0100] {processor.py:161} INFO - Started process (PID=150000) to work on /home/philip/de_engineering/airflow_projects/airflow1/venv/lib/python3.10/site-packages/airflow/example_dags/example_kubernetes_executor.py
[2025-03-10T09:34:31.439+0100] {processor.py:830} INFO - Processing file /home/philip/de_engineering/airflow_projects/airflow1/venv/lib/python3.10/site-packages/airflow/example_dags/example_kubernetes_executor.py for tasks to queue
[2025-03-10T09:34:31.440+0100] {logging_mixin.py:188} INFO - [2025-03-10T09:34:31.439+0100] {dagbag.py:538} INFO - Filling up the DagBag from /home/philip/de_engineering/airflow_projects/airflow1/venv/lib/python3.10/site-packages/airflow/example_dags/example_kubernetes_executor.py
[2025-03-10T09:34:31.442+0100] {logging_mixin.py:188} INFO - [2025-03-10T09:34:31.442+0100] {example_kubernetes_executor.py:38} WARNING - The example_kubernetes_executor example DAG requires the kubernetes provider. Please install it with: pip install apache-airflow[cncf.kubernetes]
[2025-03-10T09:34:31.442+0100] {processor.py:842} WARNING - No viable dags retrieved from /home/philip/de_engineering/airflow_projects/airflow1/venv/lib/python3.10/site-packages/airflow/example_dags/example_kubernetes_executor.py
[2025-03-10T09:34:31.458+0100] {processor.py:183} INFO - Processing /home/philip/de_engineering/airflow_projects/airflow1/venv/lib/python3.10/site-packages/airflow/example_dags/example_kubernetes_executor.py took 0.023 seconds
[2025-03-10T09:35:01.653+0100] {processor.py:161} INFO - Started process (PID=150385) to work on /home/philip/de_engineering/airflow_projects/airflow1/venv/lib/python3.10/site-packages/airflow/example_dags/example_kubernetes_executor.py
[2025-03-10T09:35:01.655+0100] {processor.py:830} INFO - Processing file /home/philip/de_engineering/airflow_projects/airflow1/venv/lib/python3.10/site-packages/airflow/example_dags/example_kubernetes_executor.py for tasks to queue
[2025-03-10T09:35:01.656+0100] {logging_mixin.py:188} INFO - [2025-03-10T09:35:01.656+0100] {dagbag.py:538} INFO - Filling up the DagBag from /home/philip/de_engineering/airflow_projects/airflow1/venv/lib/python3.10/site-packages/airflow/example_dags/example_kubernetes_executor.py
[2025-03-10T09:35:01.660+0100] {logging_mixin.py:188} INFO - [2025-03-10T09:35:01.659+0100] {example_kubernetes_executor.py:38} WARNING - The example_kubernetes_executor example DAG requires the kubernetes provider. Please install it with: pip install apache-airflow[cncf.kubernetes]
[2025-03-10T09:35:01.660+0100] {processor.py:842} WARNING - No viable dags retrieved from /home/philip/de_engineering/airflow_projects/airflow1/venv/lib/python3.10/site-packages/airflow/example_dags/example_kubernetes_executor.py
[2025-03-10T09:35:01.676+0100] {processor.py:183} INFO - Processing /home/philip/de_engineering/airflow_projects/airflow1/venv/lib/python3.10/site-packages/airflow/example_dags/example_kubernetes_executor.py took 0.025 seconds
[2025-03-10T09:35:31.984+0100] {processor.py:161} INFO - Started process (PID=150760) to work on /home/philip/de_engineering/airflow_projects/airflow1/venv/lib/python3.10/site-packages/airflow/example_dags/example_kubernetes_executor.py
[2025-03-10T09:35:31.985+0100] {processor.py:830} INFO - Processing file /home/philip/de_engineering/airflow_projects/airflow1/venv/lib/python3.10/site-packages/airflow/example_dags/example_kubernetes_executor.py for tasks to queue
[2025-03-10T09:35:31.985+0100] {logging_mixin.py:188} INFO - [2025-03-10T09:35:31.985+0100] {dagbag.py:538} INFO - Filling up the DagBag from /home/philip/de_engineering/airflow_projects/airflow1/venv/lib/python3.10/site-packages/airflow/example_dags/example_kubernetes_executor.py
[2025-03-10T09:35:31.988+0100] {logging_mixin.py:188} INFO - [2025-03-10T09:35:31.987+0100] {example_kubernetes_executor.py:38} WARNING - The example_kubernetes_executor example DAG requires the kubernetes provider. Please install it with: pip install apache-airflow[cncf.kubernetes]
[2025-03-10T09:35:31.988+0100] {processor.py:842} WARNING - No viable dags retrieved from /home/philip/de_engineering/airflow_projects/airflow1/venv/lib/python3.10/site-packages/airflow/example_dags/example_kubernetes_executor.py
[2025-03-10T09:35:32.003+0100] {processor.py:183} INFO - Processing /home/philip/de_engineering/airflow_projects/airflow1/venv/lib/python3.10/site-packages/airflow/example_dags/example_kubernetes_executor.py took 0.022 seconds
[2025-03-10T09:36:02.130+0100] {processor.py:161} INFO - Started process (PID=151140) to work on /home/philip/de_engineering/airflow_projects/airflow1/venv/lib/python3.10/site-packages/airflow/example_dags/example_kubernetes_executor.py
[2025-03-10T09:36:02.131+0100] {processor.py:830} INFO - Processing file /home/philip/de_engineering/airflow_projects/airflow1/venv/lib/python3.10/site-packages/airflow/example_dags/example_kubernetes_executor.py for tasks to queue
[2025-03-10T09:36:02.132+0100] {logging_mixin.py:188} INFO - [2025-03-10T09:36:02.131+0100] {dagbag.py:538} INFO - Filling up the DagBag from /home/philip/de_engineering/airflow_projects/airflow1/venv/lib/python3.10/site-packages/airflow/example_dags/example_kubernetes_executor.py
[2025-03-10T09:36:02.134+0100] {logging_mixin.py:188} INFO - [2025-03-10T09:36:02.134+0100] {example_kubernetes_executor.py:38} WARNING - The example_kubernetes_executor example DAG requires the kubernetes provider. Please install it with: pip install apache-airflow[cncf.kubernetes]
[2025-03-10T09:36:02.134+0100] {processor.py:842} WARNING - No viable dags retrieved from /home/philip/de_engineering/airflow_projects/airflow1/venv/lib/python3.10/site-packages/airflow/example_dags/example_kubernetes_executor.py
[2025-03-10T09:36:02.150+0100] {processor.py:183} INFO - Processing /home/philip/de_engineering/airflow_projects/airflow1/venv/lib/python3.10/site-packages/airflow/example_dags/example_kubernetes_executor.py took 0.023 seconds
