[2025-03-10T09:14:26.143+0100] {processor.py:161} INFO - Started process (PID=136916) to work on /home/philip/de_engineering/airflow_projects/airflow1/venv/lib/python3.10/site-packages/airflow/example_dags/example_setup_teardown.py
[2025-03-10T09:14:26.143+0100] {processor.py:830} INFO - Processing file /home/philip/de_engineering/airflow_projects/airflow1/venv/lib/python3.10/site-packages/airflow/example_dags/example_setup_teardown.py for tasks to queue
[2025-03-10T09:14:26.144+0100] {logging_mixin.py:188} INFO - [2025-03-10T09:14:26.144+0100] {dagbag.py:538} INFO - Filling up the DagBag from /home/philip/de_engineering/airflow_projects/airflow1/venv/lib/python3.10/site-packages/airflow/example_dags/example_setup_teardown.py
[2025-03-10T09:14:26.149+0100] {processor.py:840} INFO - DAG(s) 'example_setup_teardown' retrieved from /home/philip/de_engineering/airflow_projects/airflow1/venv/lib/python3.10/site-packages/airflow/example_dags/example_setup_teardown.py
[2025-03-10T09:14:26.225+0100] {logging_mixin.py:188} INFO - [2025-03-10T09:14:26.224+0100] {override.py:1769} INFO - Created Permission View: can read on DAG:example_setup_teardown
[2025-03-10T09:14:26.232+0100] {logging_mixin.py:188} INFO - [2025-03-10T09:14:26.232+0100] {override.py:1769} INFO - Created Permission View: can delete on DAG:example_setup_teardown
[2025-03-10T09:14:26.236+0100] {logging_mixin.py:188} INFO - [2025-03-10T09:14:26.236+0100] {override.py:1769} INFO - Created Permission View: can edit on DAG:example_setup_teardown
[2025-03-10T09:14:26.237+0100] {logging_mixin.py:188} INFO - [2025-03-10T09:14:26.237+0100] {dag.py:3036} INFO - Sync 1 DAGs
[2025-03-10T09:14:26.245+0100] {logging_mixin.py:188} INFO - [2025-03-10T09:14:26.244+0100] {dag.py:3058} INFO - Creating ORM DAG for example_setup_teardown
[2025-03-10T09:14:26.252+0100] {logging_mixin.py:188} INFO - [2025-03-10T09:14:26.252+0100] {dag.py:3823} INFO - Setting next_dagrun for example_setup_teardown to 2025-03-09 00:00:00+00:00, run_after=2025-03-10 00:00:00+00:00
[2025-03-10T09:14:26.265+0100] {processor.py:183} INFO - Processing /home/philip/de_engineering/airflow_projects/airflow1/venv/lib/python3.10/site-packages/airflow/example_dags/example_setup_teardown.py took 0.125 seconds
[2025-03-10T09:14:56.595+0100] {processor.py:161} INFO - Started process (PID=137029) to work on /home/philip/de_engineering/airflow_projects/airflow1/venv/lib/python3.10/site-packages/airflow/example_dags/example_setup_teardown.py
[2025-03-10T09:14:56.595+0100] {processor.py:830} INFO - Processing file /home/philip/de_engineering/airflow_projects/airflow1/venv/lib/python3.10/site-packages/airflow/example_dags/example_setup_teardown.py for tasks to queue
[2025-03-10T09:14:56.596+0100] {logging_mixin.py:188} INFO - [2025-03-10T09:14:56.596+0100] {dagbag.py:538} INFO - Filling up the DagBag from /home/philip/de_engineering/airflow_projects/airflow1/venv/lib/python3.10/site-packages/airflow/example_dags/example_setup_teardown.py
[2025-03-10T09:14:56.603+0100] {processor.py:840} INFO - DAG(s) 'example_setup_teardown' retrieved from /home/philip/de_engineering/airflow_projects/airflow1/venv/lib/python3.10/site-packages/airflow/example_dags/example_setup_teardown.py
[2025-03-10T09:14:56.625+0100] {logging_mixin.py:188} INFO - [2025-03-10T09:14:56.625+0100] {dag.py:3036} INFO - Sync 1 DAGs
[2025-03-10T09:14:56.643+0100] {logging_mixin.py:188} INFO - [2025-03-10T09:14:56.643+0100] {dag.py:3823} INFO - Setting next_dagrun for example_setup_teardown to 2025-03-09 00:00:00+00:00, run_after=2025-03-10 00:00:00+00:00
[2025-03-10T09:14:56.658+0100] {processor.py:183} INFO - Processing /home/philip/de_engineering/airflow_projects/airflow1/venv/lib/python3.10/site-packages/airflow/example_dags/example_setup_teardown.py took 0.066 seconds
[2025-03-10T09:15:26.769+0100] {processor.py:161} INFO - Started process (PID=137130) to work on /home/philip/de_engineering/airflow_projects/airflow1/venv/lib/python3.10/site-packages/airflow/example_dags/example_setup_teardown.py
[2025-03-10T09:15:26.771+0100] {processor.py:830} INFO - Processing file /home/philip/de_engineering/airflow_projects/airflow1/venv/lib/python3.10/site-packages/airflow/example_dags/example_setup_teardown.py for tasks to queue
[2025-03-10T09:15:26.771+0100] {logging_mixin.py:188} INFO - [2025-03-10T09:15:26.771+0100] {dagbag.py:538} INFO - Filling up the DagBag from /home/philip/de_engineering/airflow_projects/airflow1/venv/lib/python3.10/site-packages/airflow/example_dags/example_setup_teardown.py
[2025-03-10T09:15:26.777+0100] {processor.py:840} INFO - DAG(s) 'example_setup_teardown' retrieved from /home/philip/de_engineering/airflow_projects/airflow1/venv/lib/python3.10/site-packages/airflow/example_dags/example_setup_teardown.py
[2025-03-10T09:15:26.798+0100] {logging_mixin.py:188} INFO - [2025-03-10T09:15:26.797+0100] {dag.py:3036} INFO - Sync 1 DAGs
[2025-03-10T09:15:26.816+0100] {logging_mixin.py:188} INFO - [2025-03-10T09:15:26.815+0100] {dag.py:3823} INFO - Setting next_dagrun for example_setup_teardown to 2025-03-09 00:00:00+00:00, run_after=2025-03-10 00:00:00+00:00
[2025-03-10T09:15:26.831+0100] {processor.py:183} INFO - Processing /home/philip/de_engineering/airflow_projects/airflow1/venv/lib/python3.10/site-packages/airflow/example_dags/example_setup_teardown.py took 0.064 seconds
[2025-03-10T09:15:57.305+0100] {processor.py:161} INFO - Started process (PID=137231) to work on /home/philip/de_engineering/airflow_projects/airflow1/venv/lib/python3.10/site-packages/airflow/example_dags/example_setup_teardown.py
[2025-03-10T09:15:57.306+0100] {processor.py:830} INFO - Processing file /home/philip/de_engineering/airflow_projects/airflow1/venv/lib/python3.10/site-packages/airflow/example_dags/example_setup_teardown.py for tasks to queue
[2025-03-10T09:15:57.306+0100] {logging_mixin.py:188} INFO - [2025-03-10T09:15:57.306+0100] {dagbag.py:538} INFO - Filling up the DagBag from /home/philip/de_engineering/airflow_projects/airflow1/venv/lib/python3.10/site-packages/airflow/example_dags/example_setup_teardown.py
[2025-03-10T09:15:57.313+0100] {processor.py:840} INFO - DAG(s) 'example_setup_teardown' retrieved from /home/philip/de_engineering/airflow_projects/airflow1/venv/lib/python3.10/site-packages/airflow/example_dags/example_setup_teardown.py
[2025-03-10T09:15:57.340+0100] {logging_mixin.py:188} INFO - [2025-03-10T09:15:57.340+0100] {dag.py:3036} INFO - Sync 1 DAGs
[2025-03-10T09:15:57.366+0100] {logging_mixin.py:188} INFO - [2025-03-10T09:15:57.365+0100] {dag.py:3823} INFO - Setting next_dagrun for example_setup_teardown to 2025-03-09 00:00:00+00:00, run_after=2025-03-10 00:00:00+00:00
[2025-03-10T09:15:57.387+0100] {processor.py:183} INFO - Processing /home/philip/de_engineering/airflow_projects/airflow1/venv/lib/python3.10/site-packages/airflow/example_dags/example_setup_teardown.py took 0.085 seconds
[2025-03-10T09:16:27.515+0100] {processor.py:161} INFO - Started process (PID=137612) to work on /home/philip/de_engineering/airflow_projects/airflow1/venv/lib/python3.10/site-packages/airflow/example_dags/example_setup_teardown.py
[2025-03-10T09:16:27.516+0100] {processor.py:830} INFO - Processing file /home/philip/de_engineering/airflow_projects/airflow1/venv/lib/python3.10/site-packages/airflow/example_dags/example_setup_teardown.py for tasks to queue
[2025-03-10T09:16:27.516+0100] {logging_mixin.py:188} INFO - [2025-03-10T09:16:27.516+0100] {dagbag.py:538} INFO - Filling up the DagBag from /home/philip/de_engineering/airflow_projects/airflow1/venv/lib/python3.10/site-packages/airflow/example_dags/example_setup_teardown.py
[2025-03-10T09:16:27.522+0100] {processor.py:840} INFO - DAG(s) 'example_setup_teardown' retrieved from /home/philip/de_engineering/airflow_projects/airflow1/venv/lib/python3.10/site-packages/airflow/example_dags/example_setup_teardown.py
[2025-03-10T09:16:27.541+0100] {logging_mixin.py:188} INFO - [2025-03-10T09:16:27.541+0100] {dag.py:3036} INFO - Sync 1 DAGs
[2025-03-10T09:16:27.558+0100] {logging_mixin.py:188} INFO - [2025-03-10T09:16:27.558+0100] {dag.py:3823} INFO - Setting next_dagrun for example_setup_teardown to 2025-03-09 00:00:00+00:00, run_after=2025-03-10 00:00:00+00:00
[2025-03-10T09:16:27.572+0100] {processor.py:183} INFO - Processing /home/philip/de_engineering/airflow_projects/airflow1/venv/lib/python3.10/site-packages/airflow/example_dags/example_setup_teardown.py took 0.060 seconds
[2025-03-10T09:16:57.743+0100] {processor.py:161} INFO - Started process (PID=137795) to work on /home/philip/de_engineering/airflow_projects/airflow1/venv/lib/python3.10/site-packages/airflow/example_dags/example_setup_teardown.py
[2025-03-10T09:16:57.744+0100] {processor.py:830} INFO - Processing file /home/philip/de_engineering/airflow_projects/airflow1/venv/lib/python3.10/site-packages/airflow/example_dags/example_setup_teardown.py for tasks to queue
[2025-03-10T09:16:57.744+0100] {logging_mixin.py:188} INFO - [2025-03-10T09:16:57.744+0100] {dagbag.py:538} INFO - Filling up the DagBag from /home/philip/de_engineering/airflow_projects/airflow1/venv/lib/python3.10/site-packages/airflow/example_dags/example_setup_teardown.py
[2025-03-10T09:16:57.751+0100] {processor.py:840} INFO - DAG(s) 'example_setup_teardown' retrieved from /home/philip/de_engineering/airflow_projects/airflow1/venv/lib/python3.10/site-packages/airflow/example_dags/example_setup_teardown.py
[2025-03-10T09:16:57.771+0100] {logging_mixin.py:188} INFO - [2025-03-10T09:16:57.771+0100] {dag.py:3036} INFO - Sync 1 DAGs
[2025-03-10T09:16:57.789+0100] {logging_mixin.py:188} INFO - [2025-03-10T09:16:57.789+0100] {dag.py:3823} INFO - Setting next_dagrun for example_setup_teardown to 2025-03-09 00:00:00+00:00, run_after=2025-03-10 00:00:00+00:00
[2025-03-10T09:16:57.806+0100] {processor.py:183} INFO - Processing /home/philip/de_engineering/airflow_projects/airflow1/venv/lib/python3.10/site-packages/airflow/example_dags/example_setup_teardown.py took 0.066 seconds
[2025-03-10T09:17:28.241+0100] {processor.py:161} INFO - Started process (PID=137988) to work on /home/philip/de_engineering/airflow_projects/airflow1/venv/lib/python3.10/site-packages/airflow/example_dags/example_setup_teardown.py
[2025-03-10T09:17:28.242+0100] {processor.py:830} INFO - Processing file /home/philip/de_engineering/airflow_projects/airflow1/venv/lib/python3.10/site-packages/airflow/example_dags/example_setup_teardown.py for tasks to queue
[2025-03-10T09:17:28.243+0100] {logging_mixin.py:188} INFO - [2025-03-10T09:17:28.243+0100] {dagbag.py:538} INFO - Filling up the DagBag from /home/philip/de_engineering/airflow_projects/airflow1/venv/lib/python3.10/site-packages/airflow/example_dags/example_setup_teardown.py
[2025-03-10T09:17:28.252+0100] {processor.py:840} INFO - DAG(s) 'example_setup_teardown' retrieved from /home/philip/de_engineering/airflow_projects/airflow1/venv/lib/python3.10/site-packages/airflow/example_dags/example_setup_teardown.py
[2025-03-10T09:17:28.280+0100] {logging_mixin.py:188} INFO - [2025-03-10T09:17:28.280+0100] {dag.py:3036} INFO - Sync 1 DAGs
[2025-03-10T09:17:28.303+0100] {logging_mixin.py:188} INFO - [2025-03-10T09:17:28.303+0100] {dag.py:3823} INFO - Setting next_dagrun for example_setup_teardown to 2025-03-09 00:00:00+00:00, run_after=2025-03-10 00:00:00+00:00
[2025-03-10T09:17:28.318+0100] {processor.py:183} INFO - Processing /home/philip/de_engineering/airflow_projects/airflow1/venv/lib/python3.10/site-packages/airflow/example_dags/example_setup_teardown.py took 0.081 seconds
[2025-03-10T09:19:22.916+0100] {processor.py:161} INFO - Started process (PID=138715) to work on /home/philip/de_engineering/airflow_projects/airflow1/venv/lib/python3.10/site-packages/airflow/example_dags/example_setup_teardown.py
[2025-03-10T09:19:22.917+0100] {processor.py:830} INFO - Processing file /home/philip/de_engineering/airflow_projects/airflow1/venv/lib/python3.10/site-packages/airflow/example_dags/example_setup_teardown.py for tasks to queue
[2025-03-10T09:19:22.918+0100] {logging_mixin.py:188} INFO - [2025-03-10T09:19:22.918+0100] {dagbag.py:538} INFO - Filling up the DagBag from /home/philip/de_engineering/airflow_projects/airflow1/venv/lib/python3.10/site-packages/airflow/example_dags/example_setup_teardown.py
[2025-03-10T09:19:22.924+0100] {processor.py:840} INFO - DAG(s) 'example_setup_teardown' retrieved from /home/philip/de_engineering/airflow_projects/airflow1/venv/lib/python3.10/site-packages/airflow/example_dags/example_setup_teardown.py
[2025-03-10T09:19:23.034+0100] {logging_mixin.py:188} INFO - [2025-03-10T09:19:23.033+0100] {dag.py:3036} INFO - Sync 1 DAGs
[2025-03-10T09:19:23.054+0100] {logging_mixin.py:188} INFO - [2025-03-10T09:19:23.053+0100] {dag.py:3823} INFO - Setting next_dagrun for example_setup_teardown to 2025-03-09 00:00:00+00:00, run_after=2025-03-10 00:00:00+00:00
[2025-03-10T09:19:23.077+0100] {processor.py:183} INFO - Processing /home/philip/de_engineering/airflow_projects/airflow1/venv/lib/python3.10/site-packages/airflow/example_dags/example_setup_teardown.py took 0.164 seconds
[2025-03-10T09:19:53.618+0100] {processor.py:161} INFO - Started process (PID=139048) to work on /home/philip/de_engineering/airflow_projects/airflow1/venv/lib/python3.10/site-packages/airflow/example_dags/example_setup_teardown.py
[2025-03-10T09:19:53.619+0100] {processor.py:830} INFO - Processing file /home/philip/de_engineering/airflow_projects/airflow1/venv/lib/python3.10/site-packages/airflow/example_dags/example_setup_teardown.py for tasks to queue
[2025-03-10T09:19:53.619+0100] {logging_mixin.py:188} INFO - [2025-03-10T09:19:53.619+0100] {dagbag.py:538} INFO - Filling up the DagBag from /home/philip/de_engineering/airflow_projects/airflow1/venv/lib/python3.10/site-packages/airflow/example_dags/example_setup_teardown.py
[2025-03-10T09:19:53.625+0100] {processor.py:840} INFO - DAG(s) 'example_setup_teardown' retrieved from /home/philip/de_engineering/airflow_projects/airflow1/venv/lib/python3.10/site-packages/airflow/example_dags/example_setup_teardown.py
[2025-03-10T09:19:53.646+0100] {logging_mixin.py:188} INFO - [2025-03-10T09:19:53.646+0100] {dag.py:3036} INFO - Sync 1 DAGs
[2025-03-10T09:19:53.667+0100] {logging_mixin.py:188} INFO - [2025-03-10T09:19:53.667+0100] {dag.py:3823} INFO - Setting next_dagrun for example_setup_teardown to 2025-03-09 00:00:00+00:00, run_after=2025-03-10 00:00:00+00:00
[2025-03-10T09:19:53.684+0100] {processor.py:183} INFO - Processing /home/philip/de_engineering/airflow_projects/airflow1/venv/lib/python3.10/site-packages/airflow/example_dags/example_setup_teardown.py took 0.069 seconds
[2025-03-10T09:20:24.210+0100] {processor.py:161} INFO - Started process (PID=139435) to work on /home/philip/de_engineering/airflow_projects/airflow1/venv/lib/python3.10/site-packages/airflow/example_dags/example_setup_teardown.py
[2025-03-10T09:20:24.211+0100] {processor.py:830} INFO - Processing file /home/philip/de_engineering/airflow_projects/airflow1/venv/lib/python3.10/site-packages/airflow/example_dags/example_setup_teardown.py for tasks to queue
[2025-03-10T09:20:24.212+0100] {logging_mixin.py:188} INFO - [2025-03-10T09:20:24.212+0100] {dagbag.py:538} INFO - Filling up the DagBag from /home/philip/de_engineering/airflow_projects/airflow1/venv/lib/python3.10/site-packages/airflow/example_dags/example_setup_teardown.py
[2025-03-10T09:20:24.221+0100] {processor.py:840} INFO - DAG(s) 'example_setup_teardown' retrieved from /home/philip/de_engineering/airflow_projects/airflow1/venv/lib/python3.10/site-packages/airflow/example_dags/example_setup_teardown.py
[2025-03-10T09:20:24.249+0100] {logging_mixin.py:188} INFO - [2025-03-10T09:20:24.249+0100] {dag.py:3036} INFO - Sync 1 DAGs
[2025-03-10T09:20:24.271+0100] {logging_mixin.py:188} INFO - [2025-03-10T09:20:24.271+0100] {dag.py:3823} INFO - Setting next_dagrun for example_setup_teardown to 2025-03-09 00:00:00+00:00, run_after=2025-03-10 00:00:00+00:00
[2025-03-10T09:20:24.288+0100] {processor.py:183} INFO - Processing /home/philip/de_engineering/airflow_projects/airflow1/venv/lib/python3.10/site-packages/airflow/example_dags/example_setup_teardown.py took 0.081 seconds
[2025-03-10T09:20:54.673+0100] {processor.py:161} INFO - Started process (PID=139810) to work on /home/philip/de_engineering/airflow_projects/airflow1/venv/lib/python3.10/site-packages/airflow/example_dags/example_setup_teardown.py
[2025-03-10T09:20:54.674+0100] {processor.py:830} INFO - Processing file /home/philip/de_engineering/airflow_projects/airflow1/venv/lib/python3.10/site-packages/airflow/example_dags/example_setup_teardown.py for tasks to queue
[2025-03-10T09:20:54.674+0100] {logging_mixin.py:188} INFO - [2025-03-10T09:20:54.674+0100] {dagbag.py:538} INFO - Filling up the DagBag from /home/philip/de_engineering/airflow_projects/airflow1/venv/lib/python3.10/site-packages/airflow/example_dags/example_setup_teardown.py
[2025-03-10T09:20:54.681+0100] {processor.py:840} INFO - DAG(s) 'example_setup_teardown' retrieved from /home/philip/de_engineering/airflow_projects/airflow1/venv/lib/python3.10/site-packages/airflow/example_dags/example_setup_teardown.py
[2025-03-10T09:20:54.703+0100] {logging_mixin.py:188} INFO - [2025-03-10T09:20:54.703+0100] {dag.py:3036} INFO - Sync 1 DAGs
[2025-03-10T09:20:54.724+0100] {logging_mixin.py:188} INFO - [2025-03-10T09:20:54.723+0100] {dag.py:3823} INFO - Setting next_dagrun for example_setup_teardown to 2025-03-09 00:00:00+00:00, run_after=2025-03-10 00:00:00+00:00
[2025-03-10T09:20:54.738+0100] {processor.py:183} INFO - Processing /home/philip/de_engineering/airflow_projects/airflow1/venv/lib/python3.10/site-packages/airflow/example_dags/example_setup_teardown.py took 0.068 seconds
[2025-03-10T09:21:25.039+0100] {processor.py:161} INFO - Started process (PID=140192) to work on /home/philip/de_engineering/airflow_projects/airflow1/venv/lib/python3.10/site-packages/airflow/example_dags/example_setup_teardown.py
[2025-03-10T09:21:25.040+0100] {processor.py:830} INFO - Processing file /home/philip/de_engineering/airflow_projects/airflow1/venv/lib/python3.10/site-packages/airflow/example_dags/example_setup_teardown.py for tasks to queue
[2025-03-10T09:21:25.040+0100] {logging_mixin.py:188} INFO - [2025-03-10T09:21:25.040+0100] {dagbag.py:538} INFO - Filling up the DagBag from /home/philip/de_engineering/airflow_projects/airflow1/venv/lib/python3.10/site-packages/airflow/example_dags/example_setup_teardown.py
[2025-03-10T09:21:25.047+0100] {processor.py:840} INFO - DAG(s) 'example_setup_teardown' retrieved from /home/philip/de_engineering/airflow_projects/airflow1/venv/lib/python3.10/site-packages/airflow/example_dags/example_setup_teardown.py
[2025-03-10T09:21:25.066+0100] {logging_mixin.py:188} INFO - [2025-03-10T09:21:25.066+0100] {dag.py:3036} INFO - Sync 1 DAGs
[2025-03-10T09:21:25.084+0100] {logging_mixin.py:188} INFO - [2025-03-10T09:21:25.084+0100] {dag.py:3823} INFO - Setting next_dagrun for example_setup_teardown to 2025-03-09 00:00:00+00:00, run_after=2025-03-10 00:00:00+00:00
[2025-03-10T09:21:25.096+0100] {processor.py:183} INFO - Processing /home/philip/de_engineering/airflow_projects/airflow1/venv/lib/python3.10/site-packages/airflow/example_dags/example_setup_teardown.py took 0.060 seconds
[2025-03-10T09:21:55.216+0100] {processor.py:161} INFO - Started process (PID=140569) to work on /home/philip/de_engineering/airflow_projects/airflow1/venv/lib/python3.10/site-packages/airflow/example_dags/example_setup_teardown.py
[2025-03-10T09:21:55.217+0100] {processor.py:830} INFO - Processing file /home/philip/de_engineering/airflow_projects/airflow1/venv/lib/python3.10/site-packages/airflow/example_dags/example_setup_teardown.py for tasks to queue
[2025-03-10T09:21:55.218+0100] {logging_mixin.py:188} INFO - [2025-03-10T09:21:55.218+0100] {dagbag.py:538} INFO - Filling up the DagBag from /home/philip/de_engineering/airflow_projects/airflow1/venv/lib/python3.10/site-packages/airflow/example_dags/example_setup_teardown.py
[2025-03-10T09:21:55.225+0100] {processor.py:840} INFO - DAG(s) 'example_setup_teardown' retrieved from /home/philip/de_engineering/airflow_projects/airflow1/venv/lib/python3.10/site-packages/airflow/example_dags/example_setup_teardown.py
[2025-03-10T09:21:55.246+0100] {logging_mixin.py:188} INFO - [2025-03-10T09:21:55.246+0100] {dag.py:3036} INFO - Sync 1 DAGs
[2025-03-10T09:21:55.265+0100] {logging_mixin.py:188} INFO - [2025-03-10T09:21:55.264+0100] {dag.py:3823} INFO - Setting next_dagrun for example_setup_teardown to 2025-03-09 00:00:00+00:00, run_after=2025-03-10 00:00:00+00:00
[2025-03-10T09:21:55.279+0100] {processor.py:183} INFO - Processing /home/philip/de_engineering/airflow_projects/airflow1/venv/lib/python3.10/site-packages/airflow/example_dags/example_setup_teardown.py took 0.065 seconds
[2025-03-10T09:22:25.393+0100] {processor.py:161} INFO - Started process (PID=140943) to work on /home/philip/de_engineering/airflow_projects/airflow1/venv/lib/python3.10/site-packages/airflow/example_dags/example_setup_teardown.py
[2025-03-10T09:22:25.393+0100] {processor.py:830} INFO - Processing file /home/philip/de_engineering/airflow_projects/airflow1/venv/lib/python3.10/site-packages/airflow/example_dags/example_setup_teardown.py for tasks to queue
[2025-03-10T09:22:25.394+0100] {logging_mixin.py:188} INFO - [2025-03-10T09:22:25.394+0100] {dagbag.py:538} INFO - Filling up the DagBag from /home/philip/de_engineering/airflow_projects/airflow1/venv/lib/python3.10/site-packages/airflow/example_dags/example_setup_teardown.py
[2025-03-10T09:22:25.399+0100] {processor.py:840} INFO - DAG(s) 'example_setup_teardown' retrieved from /home/philip/de_engineering/airflow_projects/airflow1/venv/lib/python3.10/site-packages/airflow/example_dags/example_setup_teardown.py
[2025-03-10T09:22:25.420+0100] {logging_mixin.py:188} INFO - [2025-03-10T09:22:25.419+0100] {dag.py:3036} INFO - Sync 1 DAGs
[2025-03-10T09:22:25.436+0100] {logging_mixin.py:188} INFO - [2025-03-10T09:22:25.436+0100] {dag.py:3823} INFO - Setting next_dagrun for example_setup_teardown to 2025-03-09 00:00:00+00:00, run_after=2025-03-10 00:00:00+00:00
[2025-03-10T09:22:25.449+0100] {processor.py:183} INFO - Processing /home/philip/de_engineering/airflow_projects/airflow1/venv/lib/python3.10/site-packages/airflow/example_dags/example_setup_teardown.py took 0.059 seconds
[2025-03-10T09:22:55.726+0100] {processor.py:161} INFO - Started process (PID=141333) to work on /home/philip/de_engineering/airflow_projects/airflow1/venv/lib/python3.10/site-packages/airflow/example_dags/example_setup_teardown.py
[2025-03-10T09:22:55.727+0100] {processor.py:830} INFO - Processing file /home/philip/de_engineering/airflow_projects/airflow1/venv/lib/python3.10/site-packages/airflow/example_dags/example_setup_teardown.py for tasks to queue
[2025-03-10T09:22:55.728+0100] {logging_mixin.py:188} INFO - [2025-03-10T09:22:55.728+0100] {dagbag.py:538} INFO - Filling up the DagBag from /home/philip/de_engineering/airflow_projects/airflow1/venv/lib/python3.10/site-packages/airflow/example_dags/example_setup_teardown.py
[2025-03-10T09:22:55.735+0100] {processor.py:840} INFO - DAG(s) 'example_setup_teardown' retrieved from /home/philip/de_engineering/airflow_projects/airflow1/venv/lib/python3.10/site-packages/airflow/example_dags/example_setup_teardown.py
[2025-03-10T09:22:55.755+0100] {logging_mixin.py:188} INFO - [2025-03-10T09:22:55.755+0100] {dag.py:3036} INFO - Sync 1 DAGs
[2025-03-10T09:22:55.775+0100] {logging_mixin.py:188} INFO - [2025-03-10T09:22:55.775+0100] {dag.py:3823} INFO - Setting next_dagrun for example_setup_teardown to 2025-03-09 00:00:00+00:00, run_after=2025-03-10 00:00:00+00:00
[2025-03-10T09:22:55.789+0100] {processor.py:183} INFO - Processing /home/philip/de_engineering/airflow_projects/airflow1/venv/lib/python3.10/site-packages/airflow/example_dags/example_setup_teardown.py took 0.066 seconds
[2025-03-10T09:23:25.995+0100] {processor.py:161} INFO - Started process (PID=141709) to work on /home/philip/de_engineering/airflow_projects/airflow1/venv/lib/python3.10/site-packages/airflow/example_dags/example_setup_teardown.py
[2025-03-10T09:23:25.996+0100] {processor.py:830} INFO - Processing file /home/philip/de_engineering/airflow_projects/airflow1/venv/lib/python3.10/site-packages/airflow/example_dags/example_setup_teardown.py for tasks to queue
[2025-03-10T09:23:25.997+0100] {logging_mixin.py:188} INFO - [2025-03-10T09:23:25.997+0100] {dagbag.py:538} INFO - Filling up the DagBag from /home/philip/de_engineering/airflow_projects/airflow1/venv/lib/python3.10/site-packages/airflow/example_dags/example_setup_teardown.py
[2025-03-10T09:23:26.003+0100] {processor.py:840} INFO - DAG(s) 'example_setup_teardown' retrieved from /home/philip/de_engineering/airflow_projects/airflow1/venv/lib/python3.10/site-packages/airflow/example_dags/example_setup_teardown.py
[2025-03-10T09:23:26.027+0100] {logging_mixin.py:188} INFO - [2025-03-10T09:23:26.026+0100] {dag.py:3036} INFO - Sync 1 DAGs
[2025-03-10T09:23:26.049+0100] {logging_mixin.py:188} INFO - [2025-03-10T09:23:26.048+0100] {dag.py:3823} INFO - Setting next_dagrun for example_setup_teardown to 2025-03-09 00:00:00+00:00, run_after=2025-03-10 00:00:00+00:00
[2025-03-10T09:23:26.068+0100] {processor.py:183} INFO - Processing /home/philip/de_engineering/airflow_projects/airflow1/venv/lib/python3.10/site-packages/airflow/example_dags/example_setup_teardown.py took 0.077 seconds
[2025-03-10T09:23:56.417+0100] {processor.py:161} INFO - Started process (PID=142089) to work on /home/philip/de_engineering/airflow_projects/airflow1/venv/lib/python3.10/site-packages/airflow/example_dags/example_setup_teardown.py
[2025-03-10T09:23:56.418+0100] {processor.py:830} INFO - Processing file /home/philip/de_engineering/airflow_projects/airflow1/venv/lib/python3.10/site-packages/airflow/example_dags/example_setup_teardown.py for tasks to queue
[2025-03-10T09:23:56.419+0100] {logging_mixin.py:188} INFO - [2025-03-10T09:23:56.419+0100] {dagbag.py:538} INFO - Filling up the DagBag from /home/philip/de_engineering/airflow_projects/airflow1/venv/lib/python3.10/site-packages/airflow/example_dags/example_setup_teardown.py
[2025-03-10T09:23:56.425+0100] {processor.py:840} INFO - DAG(s) 'example_setup_teardown' retrieved from /home/philip/de_engineering/airflow_projects/airflow1/venv/lib/python3.10/site-packages/airflow/example_dags/example_setup_teardown.py
[2025-03-10T09:23:56.447+0100] {logging_mixin.py:188} INFO - [2025-03-10T09:23:56.446+0100] {dag.py:3036} INFO - Sync 1 DAGs
[2025-03-10T09:23:56.465+0100] {logging_mixin.py:188} INFO - [2025-03-10T09:23:56.464+0100] {dag.py:3823} INFO - Setting next_dagrun for example_setup_teardown to 2025-03-09 00:00:00+00:00, run_after=2025-03-10 00:00:00+00:00
[2025-03-10T09:23:56.480+0100] {processor.py:183} INFO - Processing /home/philip/de_engineering/airflow_projects/airflow1/venv/lib/python3.10/site-packages/airflow/example_dags/example_setup_teardown.py took 0.066 seconds
[2025-03-10T09:24:26.745+0100] {processor.py:161} INFO - Started process (PID=142462) to work on /home/philip/de_engineering/airflow_projects/airflow1/venv/lib/python3.10/site-packages/airflow/example_dags/example_setup_teardown.py
[2025-03-10T09:24:26.746+0100] {processor.py:830} INFO - Processing file /home/philip/de_engineering/airflow_projects/airflow1/venv/lib/python3.10/site-packages/airflow/example_dags/example_setup_teardown.py for tasks to queue
[2025-03-10T09:24:26.747+0100] {logging_mixin.py:188} INFO - [2025-03-10T09:24:26.747+0100] {dagbag.py:538} INFO - Filling up the DagBag from /home/philip/de_engineering/airflow_projects/airflow1/venv/lib/python3.10/site-packages/airflow/example_dags/example_setup_teardown.py
[2025-03-10T09:24:26.754+0100] {processor.py:840} INFO - DAG(s) 'example_setup_teardown' retrieved from /home/philip/de_engineering/airflow_projects/airflow1/venv/lib/python3.10/site-packages/airflow/example_dags/example_setup_teardown.py
[2025-03-10T09:24:26.779+0100] {logging_mixin.py:188} INFO - [2025-03-10T09:24:26.779+0100] {dag.py:3036} INFO - Sync 1 DAGs
[2025-03-10T09:24:26.799+0100] {logging_mixin.py:188} INFO - [2025-03-10T09:24:26.799+0100] {dag.py:3823} INFO - Setting next_dagrun for example_setup_teardown to 2025-03-09 00:00:00+00:00, run_after=2025-03-10 00:00:00+00:00
[2025-03-10T09:24:26.817+0100] {processor.py:183} INFO - Processing /home/philip/de_engineering/airflow_projects/airflow1/venv/lib/python3.10/site-packages/airflow/example_dags/example_setup_teardown.py took 0.075 seconds
[2025-03-10T09:24:57.002+0100] {processor.py:161} INFO - Started process (PID=142843) to work on /home/philip/de_engineering/airflow_projects/airflow1/venv/lib/python3.10/site-packages/airflow/example_dags/example_setup_teardown.py
[2025-03-10T09:24:57.003+0100] {processor.py:830} INFO - Processing file /home/philip/de_engineering/airflow_projects/airflow1/venv/lib/python3.10/site-packages/airflow/example_dags/example_setup_teardown.py for tasks to queue
[2025-03-10T09:24:57.004+0100] {logging_mixin.py:188} INFO - [2025-03-10T09:24:57.004+0100] {dagbag.py:538} INFO - Filling up the DagBag from /home/philip/de_engineering/airflow_projects/airflow1/venv/lib/python3.10/site-packages/airflow/example_dags/example_setup_teardown.py
[2025-03-10T09:24:57.011+0100] {processor.py:840} INFO - DAG(s) 'example_setup_teardown' retrieved from /home/philip/de_engineering/airflow_projects/airflow1/venv/lib/python3.10/site-packages/airflow/example_dags/example_setup_teardown.py
[2025-03-10T09:24:57.031+0100] {logging_mixin.py:188} INFO - [2025-03-10T09:24:57.031+0100] {dag.py:3036} INFO - Sync 1 DAGs
[2025-03-10T09:24:57.050+0100] {logging_mixin.py:188} INFO - [2025-03-10T09:24:57.050+0100] {dag.py:3823} INFO - Setting next_dagrun for example_setup_teardown to 2025-03-09 00:00:00+00:00, run_after=2025-03-10 00:00:00+00:00
[2025-03-10T09:24:57.063+0100] {processor.py:183} INFO - Processing /home/philip/de_engineering/airflow_projects/airflow1/venv/lib/python3.10/site-packages/airflow/example_dags/example_setup_teardown.py took 0.063 seconds
[2025-03-10T09:25:27.246+0100] {processor.py:161} INFO - Started process (PID=143223) to work on /home/philip/de_engineering/airflow_projects/airflow1/venv/lib/python3.10/site-packages/airflow/example_dags/example_setup_teardown.py
[2025-03-10T09:25:27.246+0100] {processor.py:830} INFO - Processing file /home/philip/de_engineering/airflow_projects/airflow1/venv/lib/python3.10/site-packages/airflow/example_dags/example_setup_teardown.py for tasks to queue
[2025-03-10T09:25:27.247+0100] {logging_mixin.py:188} INFO - [2025-03-10T09:25:27.247+0100] {dagbag.py:538} INFO - Filling up the DagBag from /home/philip/de_engineering/airflow_projects/airflow1/venv/lib/python3.10/site-packages/airflow/example_dags/example_setup_teardown.py
[2025-03-10T09:25:27.253+0100] {processor.py:840} INFO - DAG(s) 'example_setup_teardown' retrieved from /home/philip/de_engineering/airflow_projects/airflow1/venv/lib/python3.10/site-packages/airflow/example_dags/example_setup_teardown.py
[2025-03-10T09:25:27.275+0100] {logging_mixin.py:188} INFO - [2025-03-10T09:25:27.275+0100] {dag.py:3036} INFO - Sync 1 DAGs
[2025-03-10T09:25:27.294+0100] {logging_mixin.py:188} INFO - [2025-03-10T09:25:27.294+0100] {dag.py:3823} INFO - Setting next_dagrun for example_setup_teardown to 2025-03-09 00:00:00+00:00, run_after=2025-03-10 00:00:00+00:00
[2025-03-10T09:25:27.310+0100] {processor.py:183} INFO - Processing /home/philip/de_engineering/airflow_projects/airflow1/venv/lib/python3.10/site-packages/airflow/example_dags/example_setup_teardown.py took 0.067 seconds
[2025-03-10T09:25:57.691+0100] {processor.py:161} INFO - Started process (PID=143603) to work on /home/philip/de_engineering/airflow_projects/airflow1/venv/lib/python3.10/site-packages/airflow/example_dags/example_setup_teardown.py
[2025-03-10T09:25:57.692+0100] {processor.py:830} INFO - Processing file /home/philip/de_engineering/airflow_projects/airflow1/venv/lib/python3.10/site-packages/airflow/example_dags/example_setup_teardown.py for tasks to queue
[2025-03-10T09:25:57.693+0100] {logging_mixin.py:188} INFO - [2025-03-10T09:25:57.693+0100] {dagbag.py:538} INFO - Filling up the DagBag from /home/philip/de_engineering/airflow_projects/airflow1/venv/lib/python3.10/site-packages/airflow/example_dags/example_setup_teardown.py
[2025-03-10T09:25:57.701+0100] {processor.py:840} INFO - DAG(s) 'example_setup_teardown' retrieved from /home/philip/de_engineering/airflow_projects/airflow1/venv/lib/python3.10/site-packages/airflow/example_dags/example_setup_teardown.py
[2025-03-10T09:25:57.723+0100] {logging_mixin.py:188} INFO - [2025-03-10T09:25:57.723+0100] {dag.py:3036} INFO - Sync 1 DAGs
[2025-03-10T09:25:57.744+0100] {logging_mixin.py:188} INFO - [2025-03-10T09:25:57.743+0100] {dag.py:3823} INFO - Setting next_dagrun for example_setup_teardown to 2025-03-09 00:00:00+00:00, run_after=2025-03-10 00:00:00+00:00
[2025-03-10T09:25:57.763+0100] {processor.py:183} INFO - Processing /home/philip/de_engineering/airflow_projects/airflow1/venv/lib/python3.10/site-packages/airflow/example_dags/example_setup_teardown.py took 0.075 seconds
[2025-03-10T09:26:28.085+0100] {processor.py:161} INFO - Started process (PID=143983) to work on /home/philip/de_engineering/airflow_projects/airflow1/venv/lib/python3.10/site-packages/airflow/example_dags/example_setup_teardown.py
[2025-03-10T09:26:28.087+0100] {processor.py:830} INFO - Processing file /home/philip/de_engineering/airflow_projects/airflow1/venv/lib/python3.10/site-packages/airflow/example_dags/example_setup_teardown.py for tasks to queue
[2025-03-10T09:26:28.088+0100] {logging_mixin.py:188} INFO - [2025-03-10T09:26:28.088+0100] {dagbag.py:538} INFO - Filling up the DagBag from /home/philip/de_engineering/airflow_projects/airflow1/venv/lib/python3.10/site-packages/airflow/example_dags/example_setup_teardown.py
[2025-03-10T09:26:28.096+0100] {processor.py:840} INFO - DAG(s) 'example_setup_teardown' retrieved from /home/philip/de_engineering/airflow_projects/airflow1/venv/lib/python3.10/site-packages/airflow/example_dags/example_setup_teardown.py
[2025-03-10T09:26:28.125+0100] {logging_mixin.py:188} INFO - [2025-03-10T09:26:28.125+0100] {dag.py:3036} INFO - Sync 1 DAGs
[2025-03-10T09:26:28.147+0100] {logging_mixin.py:188} INFO - [2025-03-10T09:26:28.146+0100] {dag.py:3823} INFO - Setting next_dagrun for example_setup_teardown to 2025-03-09 00:00:00+00:00, run_after=2025-03-10 00:00:00+00:00
[2025-03-10T09:26:28.167+0100] {processor.py:183} INFO - Processing /home/philip/de_engineering/airflow_projects/airflow1/venv/lib/python3.10/site-packages/airflow/example_dags/example_setup_teardown.py took 0.086 seconds
[2025-03-10T09:26:58.378+0100] {processor.py:161} INFO - Started process (PID=144359) to work on /home/philip/de_engineering/airflow_projects/airflow1/venv/lib/python3.10/site-packages/airflow/example_dags/example_setup_teardown.py
[2025-03-10T09:26:58.379+0100] {processor.py:830} INFO - Processing file /home/philip/de_engineering/airflow_projects/airflow1/venv/lib/python3.10/site-packages/airflow/example_dags/example_setup_teardown.py for tasks to queue
[2025-03-10T09:26:58.380+0100] {logging_mixin.py:188} INFO - [2025-03-10T09:26:58.380+0100] {dagbag.py:538} INFO - Filling up the DagBag from /home/philip/de_engineering/airflow_projects/airflow1/venv/lib/python3.10/site-packages/airflow/example_dags/example_setup_teardown.py
[2025-03-10T09:26:58.386+0100] {processor.py:840} INFO - DAG(s) 'example_setup_teardown' retrieved from /home/philip/de_engineering/airflow_projects/airflow1/venv/lib/python3.10/site-packages/airflow/example_dags/example_setup_teardown.py
[2025-03-10T09:26:58.406+0100] {logging_mixin.py:188} INFO - [2025-03-10T09:26:58.405+0100] {dag.py:3036} INFO - Sync 1 DAGs
[2025-03-10T09:26:58.424+0100] {logging_mixin.py:188} INFO - [2025-03-10T09:26:58.424+0100] {dag.py:3823} INFO - Setting next_dagrun for example_setup_teardown to 2025-03-09 00:00:00+00:00, run_after=2025-03-10 00:00:00+00:00
[2025-03-10T09:26:58.439+0100] {processor.py:183} INFO - Processing /home/philip/de_engineering/airflow_projects/airflow1/venv/lib/python3.10/site-packages/airflow/example_dags/example_setup_teardown.py took 0.065 seconds
[2025-03-10T09:27:28.650+0100] {processor.py:161} INFO - Started process (PID=144739) to work on /home/philip/de_engineering/airflow_projects/airflow1/venv/lib/python3.10/site-packages/airflow/example_dags/example_setup_teardown.py
[2025-03-10T09:27:28.651+0100] {processor.py:830} INFO - Processing file /home/philip/de_engineering/airflow_projects/airflow1/venv/lib/python3.10/site-packages/airflow/example_dags/example_setup_teardown.py for tasks to queue
[2025-03-10T09:27:28.652+0100] {logging_mixin.py:188} INFO - [2025-03-10T09:27:28.652+0100] {dagbag.py:538} INFO - Filling up the DagBag from /home/philip/de_engineering/airflow_projects/airflow1/venv/lib/python3.10/site-packages/airflow/example_dags/example_setup_teardown.py
[2025-03-10T09:27:28.658+0100] {processor.py:840} INFO - DAG(s) 'example_setup_teardown' retrieved from /home/philip/de_engineering/airflow_projects/airflow1/venv/lib/python3.10/site-packages/airflow/example_dags/example_setup_teardown.py
[2025-03-10T09:27:28.678+0100] {logging_mixin.py:188} INFO - [2025-03-10T09:27:28.678+0100] {dag.py:3036} INFO - Sync 1 DAGs
[2025-03-10T09:27:28.696+0100] {logging_mixin.py:188} INFO - [2025-03-10T09:27:28.695+0100] {dag.py:3823} INFO - Setting next_dagrun for example_setup_teardown to 2025-03-09 00:00:00+00:00, run_after=2025-03-10 00:00:00+00:00
[2025-03-10T09:27:28.711+0100] {processor.py:183} INFO - Processing /home/philip/de_engineering/airflow_projects/airflow1/venv/lib/python3.10/site-packages/airflow/example_dags/example_setup_teardown.py took 0.064 seconds
[2025-03-10T09:27:58.948+0100] {processor.py:161} INFO - Started process (PID=145113) to work on /home/philip/de_engineering/airflow_projects/airflow1/venv/lib/python3.10/site-packages/airflow/example_dags/example_setup_teardown.py
[2025-03-10T09:27:58.949+0100] {processor.py:830} INFO - Processing file /home/philip/de_engineering/airflow_projects/airflow1/venv/lib/python3.10/site-packages/airflow/example_dags/example_setup_teardown.py for tasks to queue
[2025-03-10T09:27:58.950+0100] {logging_mixin.py:188} INFO - [2025-03-10T09:27:58.950+0100] {dagbag.py:538} INFO - Filling up the DagBag from /home/philip/de_engineering/airflow_projects/airflow1/venv/lib/python3.10/site-packages/airflow/example_dags/example_setup_teardown.py
[2025-03-10T09:27:58.956+0100] {processor.py:840} INFO - DAG(s) 'example_setup_teardown' retrieved from /home/philip/de_engineering/airflow_projects/airflow1/venv/lib/python3.10/site-packages/airflow/example_dags/example_setup_teardown.py
[2025-03-10T09:27:58.978+0100] {logging_mixin.py:188} INFO - [2025-03-10T09:27:58.978+0100] {dag.py:3036} INFO - Sync 1 DAGs
[2025-03-10T09:27:58.996+0100] {logging_mixin.py:188} INFO - [2025-03-10T09:27:58.996+0100] {dag.py:3823} INFO - Setting next_dagrun for example_setup_teardown to 2025-03-09 00:00:00+00:00, run_after=2025-03-10 00:00:00+00:00
[2025-03-10T09:27:59.011+0100] {processor.py:183} INFO - Processing /home/philip/de_engineering/airflow_projects/airflow1/venv/lib/python3.10/site-packages/airflow/example_dags/example_setup_teardown.py took 0.065 seconds
[2025-03-10T09:28:29.161+0100] {processor.py:161} INFO - Started process (PID=145493) to work on /home/philip/de_engineering/airflow_projects/airflow1/venv/lib/python3.10/site-packages/airflow/example_dags/example_setup_teardown.py
[2025-03-10T09:28:29.162+0100] {processor.py:830} INFO - Processing file /home/philip/de_engineering/airflow_projects/airflow1/venv/lib/python3.10/site-packages/airflow/example_dags/example_setup_teardown.py for tasks to queue
[2025-03-10T09:28:29.163+0100] {logging_mixin.py:188} INFO - [2025-03-10T09:28:29.163+0100] {dagbag.py:538} INFO - Filling up the DagBag from /home/philip/de_engineering/airflow_projects/airflow1/venv/lib/python3.10/site-packages/airflow/example_dags/example_setup_teardown.py
[2025-03-10T09:28:29.170+0100] {processor.py:840} INFO - DAG(s) 'example_setup_teardown' retrieved from /home/philip/de_engineering/airflow_projects/airflow1/venv/lib/python3.10/site-packages/airflow/example_dags/example_setup_teardown.py
[2025-03-10T09:28:29.191+0100] {logging_mixin.py:188} INFO - [2025-03-10T09:28:29.191+0100] {dag.py:3036} INFO - Sync 1 DAGs
[2025-03-10T09:28:29.208+0100] {logging_mixin.py:188} INFO - [2025-03-10T09:28:29.208+0100] {dag.py:3823} INFO - Setting next_dagrun for example_setup_teardown to 2025-03-09 00:00:00+00:00, run_after=2025-03-10 00:00:00+00:00
[2025-03-10T09:28:29.223+0100] {processor.py:183} INFO - Processing /home/philip/de_engineering/airflow_projects/airflow1/venv/lib/python3.10/site-packages/airflow/example_dags/example_setup_teardown.py took 0.065 seconds
[2025-03-10T09:28:59.400+0100] {processor.py:161} INFO - Started process (PID=145874) to work on /home/philip/de_engineering/airflow_projects/airflow1/venv/lib/python3.10/site-packages/airflow/example_dags/example_setup_teardown.py
[2025-03-10T09:28:59.401+0100] {processor.py:830} INFO - Processing file /home/philip/de_engineering/airflow_projects/airflow1/venv/lib/python3.10/site-packages/airflow/example_dags/example_setup_teardown.py for tasks to queue
[2025-03-10T09:28:59.402+0100] {logging_mixin.py:188} INFO - [2025-03-10T09:28:59.402+0100] {dagbag.py:538} INFO - Filling up the DagBag from /home/philip/de_engineering/airflow_projects/airflow1/venv/lib/python3.10/site-packages/airflow/example_dags/example_setup_teardown.py
[2025-03-10T09:28:59.407+0100] {processor.py:840} INFO - DAG(s) 'example_setup_teardown' retrieved from /home/philip/de_engineering/airflow_projects/airflow1/venv/lib/python3.10/site-packages/airflow/example_dags/example_setup_teardown.py
[2025-03-10T09:28:59.426+0100] {logging_mixin.py:188} INFO - [2025-03-10T09:28:59.426+0100] {dag.py:3036} INFO - Sync 1 DAGs
[2025-03-10T09:28:59.443+0100] {logging_mixin.py:188} INFO - [2025-03-10T09:28:59.443+0100] {dag.py:3823} INFO - Setting next_dagrun for example_setup_teardown to 2025-03-09 00:00:00+00:00, run_after=2025-03-10 00:00:00+00:00
[2025-03-10T09:28:59.459+0100] {processor.py:183} INFO - Processing /home/philip/de_engineering/airflow_projects/airflow1/venv/lib/python3.10/site-packages/airflow/example_dags/example_setup_teardown.py took 0.061 seconds
[2025-03-10T09:29:29.592+0100] {processor.py:161} INFO - Started process (PID=146251) to work on /home/philip/de_engineering/airflow_projects/airflow1/venv/lib/python3.10/site-packages/airflow/example_dags/example_setup_teardown.py
[2025-03-10T09:29:29.593+0100] {processor.py:830} INFO - Processing file /home/philip/de_engineering/airflow_projects/airflow1/venv/lib/python3.10/site-packages/airflow/example_dags/example_setup_teardown.py for tasks to queue
[2025-03-10T09:29:29.594+0100] {logging_mixin.py:188} INFO - [2025-03-10T09:29:29.594+0100] {dagbag.py:538} INFO - Filling up the DagBag from /home/philip/de_engineering/airflow_projects/airflow1/venv/lib/python3.10/site-packages/airflow/example_dags/example_setup_teardown.py
[2025-03-10T09:29:29.600+0100] {processor.py:840} INFO - DAG(s) 'example_setup_teardown' retrieved from /home/philip/de_engineering/airflow_projects/airflow1/venv/lib/python3.10/site-packages/airflow/example_dags/example_setup_teardown.py
[2025-03-10T09:29:29.620+0100] {logging_mixin.py:188} INFO - [2025-03-10T09:29:29.620+0100] {dag.py:3036} INFO - Sync 1 DAGs
[2025-03-10T09:29:29.639+0100] {logging_mixin.py:188} INFO - [2025-03-10T09:29:29.638+0100] {dag.py:3823} INFO - Setting next_dagrun for example_setup_teardown to 2025-03-09 00:00:00+00:00, run_after=2025-03-10 00:00:00+00:00
[2025-03-10T09:29:29.653+0100] {processor.py:183} INFO - Processing /home/philip/de_engineering/airflow_projects/airflow1/venv/lib/python3.10/site-packages/airflow/example_dags/example_setup_teardown.py took 0.064 seconds
[2025-03-10T09:29:59.784+0100] {processor.py:161} INFO - Started process (PID=146632) to work on /home/philip/de_engineering/airflow_projects/airflow1/venv/lib/python3.10/site-packages/airflow/example_dags/example_setup_teardown.py
[2025-03-10T09:29:59.785+0100] {processor.py:830} INFO - Processing file /home/philip/de_engineering/airflow_projects/airflow1/venv/lib/python3.10/site-packages/airflow/example_dags/example_setup_teardown.py for tasks to queue
[2025-03-10T09:29:59.785+0100] {logging_mixin.py:188} INFO - [2025-03-10T09:29:59.785+0100] {dagbag.py:538} INFO - Filling up the DagBag from /home/philip/de_engineering/airflow_projects/airflow1/venv/lib/python3.10/site-packages/airflow/example_dags/example_setup_teardown.py
[2025-03-10T09:29:59.791+0100] {processor.py:840} INFO - DAG(s) 'example_setup_teardown' retrieved from /home/philip/de_engineering/airflow_projects/airflow1/venv/lib/python3.10/site-packages/airflow/example_dags/example_setup_teardown.py
[2025-03-10T09:29:59.811+0100] {logging_mixin.py:188} INFO - [2025-03-10T09:29:59.811+0100] {dag.py:3036} INFO - Sync 1 DAGs
[2025-03-10T09:29:59.829+0100] {logging_mixin.py:188} INFO - [2025-03-10T09:29:59.829+0100] {dag.py:3823} INFO - Setting next_dagrun for example_setup_teardown to 2025-03-09 00:00:00+00:00, run_after=2025-03-10 00:00:00+00:00
[2025-03-10T09:29:59.844+0100] {processor.py:183} INFO - Processing /home/philip/de_engineering/airflow_projects/airflow1/venv/lib/python3.10/site-packages/airflow/example_dags/example_setup_teardown.py took 0.063 seconds
[2025-03-10T09:30:29.972+0100] {processor.py:161} INFO - Started process (PID=147007) to work on /home/philip/de_engineering/airflow_projects/airflow1/venv/lib/python3.10/site-packages/airflow/example_dags/example_setup_teardown.py
[2025-03-10T09:30:29.973+0100] {processor.py:830} INFO - Processing file /home/philip/de_engineering/airflow_projects/airflow1/venv/lib/python3.10/site-packages/airflow/example_dags/example_setup_teardown.py for tasks to queue
[2025-03-10T09:30:29.974+0100] {logging_mixin.py:188} INFO - [2025-03-10T09:30:29.973+0100] {dagbag.py:538} INFO - Filling up the DagBag from /home/philip/de_engineering/airflow_projects/airflow1/venv/lib/python3.10/site-packages/airflow/example_dags/example_setup_teardown.py
[2025-03-10T09:30:29.981+0100] {processor.py:840} INFO - DAG(s) 'example_setup_teardown' retrieved from /home/philip/de_engineering/airflow_projects/airflow1/venv/lib/python3.10/site-packages/airflow/example_dags/example_setup_teardown.py
[2025-03-10T09:30:30.001+0100] {logging_mixin.py:188} INFO - [2025-03-10T09:30:30.001+0100] {dag.py:3036} INFO - Sync 1 DAGs
[2025-03-10T09:30:30.019+0100] {logging_mixin.py:188} INFO - [2025-03-10T09:30:30.019+0100] {dag.py:3823} INFO - Setting next_dagrun for example_setup_teardown to 2025-03-09 00:00:00+00:00, run_after=2025-03-10 00:00:00+00:00
[2025-03-10T09:30:30.033+0100] {processor.py:183} INFO - Processing /home/philip/de_engineering/airflow_projects/airflow1/venv/lib/python3.10/site-packages/airflow/example_dags/example_setup_teardown.py took 0.065 seconds
[2025-03-10T09:31:00.164+0100] {processor.py:161} INFO - Started process (PID=147387) to work on /home/philip/de_engineering/airflow_projects/airflow1/venv/lib/python3.10/site-packages/airflow/example_dags/example_setup_teardown.py
[2025-03-10T09:31:00.165+0100] {processor.py:830} INFO - Processing file /home/philip/de_engineering/airflow_projects/airflow1/venv/lib/python3.10/site-packages/airflow/example_dags/example_setup_teardown.py for tasks to queue
[2025-03-10T09:31:00.166+0100] {logging_mixin.py:188} INFO - [2025-03-10T09:31:00.166+0100] {dagbag.py:538} INFO - Filling up the DagBag from /home/philip/de_engineering/airflow_projects/airflow1/venv/lib/python3.10/site-packages/airflow/example_dags/example_setup_teardown.py
[2025-03-10T09:31:00.172+0100] {processor.py:840} INFO - DAG(s) 'example_setup_teardown' retrieved from /home/philip/de_engineering/airflow_projects/airflow1/venv/lib/python3.10/site-packages/airflow/example_dags/example_setup_teardown.py
[2025-03-10T09:31:00.193+0100] {logging_mixin.py:188} INFO - [2025-03-10T09:31:00.193+0100] {dag.py:3036} INFO - Sync 1 DAGs
[2025-03-10T09:31:00.211+0100] {logging_mixin.py:188} INFO - [2025-03-10T09:31:00.211+0100] {dag.py:3823} INFO - Setting next_dagrun for example_setup_teardown to 2025-03-09 00:00:00+00:00, run_after=2025-03-10 00:00:00+00:00
[2025-03-10T09:31:00.225+0100] {processor.py:183} INFO - Processing /home/philip/de_engineering/airflow_projects/airflow1/venv/lib/python3.10/site-packages/airflow/example_dags/example_setup_teardown.py took 0.064 seconds
[2025-03-10T09:31:30.270+0100] {processor.py:161} INFO - Started process (PID=147755) to work on /home/philip/de_engineering/airflow_projects/airflow1/venv/lib/python3.10/site-packages/airflow/example_dags/example_setup_teardown.py
[2025-03-10T09:31:30.271+0100] {processor.py:830} INFO - Processing file /home/philip/de_engineering/airflow_projects/airflow1/venv/lib/python3.10/site-packages/airflow/example_dags/example_setup_teardown.py for tasks to queue
[2025-03-10T09:31:30.272+0100] {logging_mixin.py:188} INFO - [2025-03-10T09:31:30.271+0100] {dagbag.py:538} INFO - Filling up the DagBag from /home/philip/de_engineering/airflow_projects/airflow1/venv/lib/python3.10/site-packages/airflow/example_dags/example_setup_teardown.py
[2025-03-10T09:31:30.278+0100] {processor.py:840} INFO - DAG(s) 'example_setup_teardown' retrieved from /home/philip/de_engineering/airflow_projects/airflow1/venv/lib/python3.10/site-packages/airflow/example_dags/example_setup_teardown.py
[2025-03-10T09:31:30.301+0100] {logging_mixin.py:188} INFO - [2025-03-10T09:31:30.301+0100] {dag.py:3036} INFO - Sync 1 DAGs
[2025-03-10T09:31:30.322+0100] {logging_mixin.py:188} INFO - [2025-03-10T09:31:30.322+0100] {dag.py:3823} INFO - Setting next_dagrun for example_setup_teardown to 2025-03-09 00:00:00+00:00, run_after=2025-03-10 00:00:00+00:00
[2025-03-10T09:31:30.338+0100] {processor.py:183} INFO - Processing /home/philip/de_engineering/airflow_projects/airflow1/venv/lib/python3.10/site-packages/airflow/example_dags/example_setup_teardown.py took 0.072 seconds
[2025-03-10T09:32:00.443+0100] {processor.py:161} INFO - Started process (PID=148137) to work on /home/philip/de_engineering/airflow_projects/airflow1/venv/lib/python3.10/site-packages/airflow/example_dags/example_setup_teardown.py
[2025-03-10T09:32:00.444+0100] {processor.py:830} INFO - Processing file /home/philip/de_engineering/airflow_projects/airflow1/venv/lib/python3.10/site-packages/airflow/example_dags/example_setup_teardown.py for tasks to queue
[2025-03-10T09:32:00.445+0100] {logging_mixin.py:188} INFO - [2025-03-10T09:32:00.444+0100] {dagbag.py:538} INFO - Filling up the DagBag from /home/philip/de_engineering/airflow_projects/airflow1/venv/lib/python3.10/site-packages/airflow/example_dags/example_setup_teardown.py
[2025-03-10T09:32:00.450+0100] {processor.py:840} INFO - DAG(s) 'example_setup_teardown' retrieved from /home/philip/de_engineering/airflow_projects/airflow1/venv/lib/python3.10/site-packages/airflow/example_dags/example_setup_teardown.py
[2025-03-10T09:32:00.471+0100] {logging_mixin.py:188} INFO - [2025-03-10T09:32:00.471+0100] {dag.py:3036} INFO - Sync 1 DAGs
[2025-03-10T09:32:00.489+0100] {logging_mixin.py:188} INFO - [2025-03-10T09:32:00.489+0100] {dag.py:3823} INFO - Setting next_dagrun for example_setup_teardown to 2025-03-09 00:00:00+00:00, run_after=2025-03-10 00:00:00+00:00
[2025-03-10T09:32:00.504+0100] {processor.py:183} INFO - Processing /home/philip/de_engineering/airflow_projects/airflow1/venv/lib/python3.10/site-packages/airflow/example_dags/example_setup_teardown.py took 0.064 seconds
[2025-03-10T09:32:30.717+0100] {processor.py:161} INFO - Started process (PID=148514) to work on /home/philip/de_engineering/airflow_projects/airflow1/venv/lib/python3.10/site-packages/airflow/example_dags/example_setup_teardown.py
[2025-03-10T09:32:30.719+0100] {processor.py:830} INFO - Processing file /home/philip/de_engineering/airflow_projects/airflow1/venv/lib/python3.10/site-packages/airflow/example_dags/example_setup_teardown.py for tasks to queue
[2025-03-10T09:32:30.720+0100] {logging_mixin.py:188} INFO - [2025-03-10T09:32:30.719+0100] {dagbag.py:538} INFO - Filling up the DagBag from /home/philip/de_engineering/airflow_projects/airflow1/venv/lib/python3.10/site-packages/airflow/example_dags/example_setup_teardown.py
[2025-03-10T09:32:30.725+0100] {processor.py:840} INFO - DAG(s) 'example_setup_teardown' retrieved from /home/philip/de_engineering/airflow_projects/airflow1/venv/lib/python3.10/site-packages/airflow/example_dags/example_setup_teardown.py
[2025-03-10T09:32:30.744+0100] {logging_mixin.py:188} INFO - [2025-03-10T09:32:30.744+0100] {dag.py:3036} INFO - Sync 1 DAGs
[2025-03-10T09:32:30.760+0100] {logging_mixin.py:188} INFO - [2025-03-10T09:32:30.760+0100] {dag.py:3823} INFO - Setting next_dagrun for example_setup_teardown to 2025-03-09 00:00:00+00:00, run_after=2025-03-10 00:00:00+00:00
[2025-03-10T09:32:30.774+0100] {processor.py:183} INFO - Processing /home/philip/de_engineering/airflow_projects/airflow1/venv/lib/python3.10/site-packages/airflow/example_dags/example_setup_teardown.py took 0.059 seconds
[2025-03-10T09:33:00.895+0100] {processor.py:161} INFO - Started process (PID=148892) to work on /home/philip/de_engineering/airflow_projects/airflow1/venv/lib/python3.10/site-packages/airflow/example_dags/example_setup_teardown.py
[2025-03-10T09:33:00.896+0100] {processor.py:830} INFO - Processing file /home/philip/de_engineering/airflow_projects/airflow1/venv/lib/python3.10/site-packages/airflow/example_dags/example_setup_teardown.py for tasks to queue
[2025-03-10T09:33:00.897+0100] {logging_mixin.py:188} INFO - [2025-03-10T09:33:00.897+0100] {dagbag.py:538} INFO - Filling up the DagBag from /home/philip/de_engineering/airflow_projects/airflow1/venv/lib/python3.10/site-packages/airflow/example_dags/example_setup_teardown.py
[2025-03-10T09:33:00.903+0100] {processor.py:840} INFO - DAG(s) 'example_setup_teardown' retrieved from /home/philip/de_engineering/airflow_projects/airflow1/venv/lib/python3.10/site-packages/airflow/example_dags/example_setup_teardown.py
[2025-03-10T09:33:00.924+0100] {logging_mixin.py:188} INFO - [2025-03-10T09:33:00.924+0100] {dag.py:3036} INFO - Sync 1 DAGs
[2025-03-10T09:33:00.941+0100] {logging_mixin.py:188} INFO - [2025-03-10T09:33:00.941+0100] {dag.py:3823} INFO - Setting next_dagrun for example_setup_teardown to 2025-03-09 00:00:00+00:00, run_after=2025-03-10 00:00:00+00:00
[2025-03-10T09:33:00.954+0100] {processor.py:183} INFO - Processing /home/philip/de_engineering/airflow_projects/airflow1/venv/lib/python3.10/site-packages/airflow/example_dags/example_setup_teardown.py took 0.061 seconds
[2025-03-10T09:33:31.158+0100] {processor.py:161} INFO - Started process (PID=149274) to work on /home/philip/de_engineering/airflow_projects/airflow1/venv/lib/python3.10/site-packages/airflow/example_dags/example_setup_teardown.py
[2025-03-10T09:33:31.159+0100] {processor.py:830} INFO - Processing file /home/philip/de_engineering/airflow_projects/airflow1/venv/lib/python3.10/site-packages/airflow/example_dags/example_setup_teardown.py for tasks to queue
[2025-03-10T09:33:31.160+0100] {logging_mixin.py:188} INFO - [2025-03-10T09:33:31.160+0100] {dagbag.py:538} INFO - Filling up the DagBag from /home/philip/de_engineering/airflow_projects/airflow1/venv/lib/python3.10/site-packages/airflow/example_dags/example_setup_teardown.py
[2025-03-10T09:33:31.166+0100] {processor.py:840} INFO - DAG(s) 'example_setup_teardown' retrieved from /home/philip/de_engineering/airflow_projects/airflow1/venv/lib/python3.10/site-packages/airflow/example_dags/example_setup_teardown.py
[2025-03-10T09:33:31.186+0100] {logging_mixin.py:188} INFO - [2025-03-10T09:33:31.186+0100] {dag.py:3036} INFO - Sync 1 DAGs
[2025-03-10T09:33:31.205+0100] {logging_mixin.py:188} INFO - [2025-03-10T09:33:31.205+0100] {dag.py:3823} INFO - Setting next_dagrun for example_setup_teardown to 2025-03-09 00:00:00+00:00, run_after=2025-03-10 00:00:00+00:00
[2025-03-10T09:33:31.223+0100] {processor.py:183} INFO - Processing /home/philip/de_engineering/airflow_projects/airflow1/venv/lib/python3.10/site-packages/airflow/example_dags/example_setup_teardown.py took 0.068 seconds
[2025-03-10T09:34:01.383+0100] {processor.py:161} INFO - Started process (PID=149654) to work on /home/philip/de_engineering/airflow_projects/airflow1/venv/lib/python3.10/site-packages/airflow/example_dags/example_setup_teardown.py
[2025-03-10T09:34:01.384+0100] {processor.py:830} INFO - Processing file /home/philip/de_engineering/airflow_projects/airflow1/venv/lib/python3.10/site-packages/airflow/example_dags/example_setup_teardown.py for tasks to queue
[2025-03-10T09:34:01.385+0100] {logging_mixin.py:188} INFO - [2025-03-10T09:34:01.385+0100] {dagbag.py:538} INFO - Filling up the DagBag from /home/philip/de_engineering/airflow_projects/airflow1/venv/lib/python3.10/site-packages/airflow/example_dags/example_setup_teardown.py
[2025-03-10T09:34:01.391+0100] {processor.py:840} INFO - DAG(s) 'example_setup_teardown' retrieved from /home/philip/de_engineering/airflow_projects/airflow1/venv/lib/python3.10/site-packages/airflow/example_dags/example_setup_teardown.py
[2025-03-10T09:34:01.411+0100] {logging_mixin.py:188} INFO - [2025-03-10T09:34:01.411+0100] {dag.py:3036} INFO - Sync 1 DAGs
[2025-03-10T09:34:01.430+0100] {logging_mixin.py:188} INFO - [2025-03-10T09:34:01.430+0100] {dag.py:3823} INFO - Setting next_dagrun for example_setup_teardown to 2025-03-09 00:00:00+00:00, run_after=2025-03-10 00:00:00+00:00
[2025-03-10T09:34:01.445+0100] {processor.py:183} INFO - Processing /home/philip/de_engineering/airflow_projects/airflow1/venv/lib/python3.10/site-packages/airflow/example_dags/example_setup_teardown.py took 0.065 seconds
[2025-03-10T09:34:31.673+0100] {processor.py:161} INFO - Started process (PID=150029) to work on /home/philip/de_engineering/airflow_projects/airflow1/venv/lib/python3.10/site-packages/airflow/example_dags/example_setup_teardown.py
[2025-03-10T09:34:31.674+0100] {processor.py:830} INFO - Processing file /home/philip/de_engineering/airflow_projects/airflow1/venv/lib/python3.10/site-packages/airflow/example_dags/example_setup_teardown.py for tasks to queue
[2025-03-10T09:34:31.674+0100] {logging_mixin.py:188} INFO - [2025-03-10T09:34:31.674+0100] {dagbag.py:538} INFO - Filling up the DagBag from /home/philip/de_engineering/airflow_projects/airflow1/venv/lib/python3.10/site-packages/airflow/example_dags/example_setup_teardown.py
[2025-03-10T09:34:31.680+0100] {processor.py:840} INFO - DAG(s) 'example_setup_teardown' retrieved from /home/philip/de_engineering/airflow_projects/airflow1/venv/lib/python3.10/site-packages/airflow/example_dags/example_setup_teardown.py
[2025-03-10T09:34:31.702+0100] {logging_mixin.py:188} INFO - [2025-03-10T09:34:31.702+0100] {dag.py:3036} INFO - Sync 1 DAGs
[2025-03-10T09:34:31.724+0100] {logging_mixin.py:188} INFO - [2025-03-10T09:34:31.724+0100] {dag.py:3823} INFO - Setting next_dagrun for example_setup_teardown to 2025-03-09 00:00:00+00:00, run_after=2025-03-10 00:00:00+00:00
[2025-03-10T09:34:31.742+0100] {processor.py:183} INFO - Processing /home/philip/de_engineering/airflow_projects/airflow1/venv/lib/python3.10/site-packages/airflow/example_dags/example_setup_teardown.py took 0.073 seconds
[2025-03-10T09:35:01.958+0100] {processor.py:161} INFO - Started process (PID=150415) to work on /home/philip/de_engineering/airflow_projects/airflow1/venv/lib/python3.10/site-packages/airflow/example_dags/example_setup_teardown.py
[2025-03-10T09:35:01.959+0100] {processor.py:830} INFO - Processing file /home/philip/de_engineering/airflow_projects/airflow1/venv/lib/python3.10/site-packages/airflow/example_dags/example_setup_teardown.py for tasks to queue
[2025-03-10T09:35:01.959+0100] {logging_mixin.py:188} INFO - [2025-03-10T09:35:01.959+0100] {dagbag.py:538} INFO - Filling up the DagBag from /home/philip/de_engineering/airflow_projects/airflow1/venv/lib/python3.10/site-packages/airflow/example_dags/example_setup_teardown.py
[2025-03-10T09:35:01.965+0100] {processor.py:840} INFO - DAG(s) 'example_setup_teardown' retrieved from /home/philip/de_engineering/airflow_projects/airflow1/venv/lib/python3.10/site-packages/airflow/example_dags/example_setup_teardown.py
[2025-03-10T09:35:01.988+0100] {logging_mixin.py:188} INFO - [2025-03-10T09:35:01.988+0100] {dag.py:3036} INFO - Sync 1 DAGs
[2025-03-10T09:35:02.007+0100] {logging_mixin.py:188} INFO - [2025-03-10T09:35:02.007+0100] {dag.py:3823} INFO - Setting next_dagrun for example_setup_teardown to 2025-03-09 00:00:00+00:00, run_after=2025-03-10 00:00:00+00:00
[2025-03-10T09:35:02.021+0100] {processor.py:183} INFO - Processing /home/philip/de_engineering/airflow_projects/airflow1/venv/lib/python3.10/site-packages/airflow/example_dags/example_setup_teardown.py took 0.066 seconds
[2025-03-10T09:35:32.198+0100] {processor.py:161} INFO - Started process (PID=150793) to work on /home/philip/de_engineering/airflow_projects/airflow1/venv/lib/python3.10/site-packages/airflow/example_dags/example_setup_teardown.py
[2025-03-10T09:35:32.199+0100] {processor.py:830} INFO - Processing file /home/philip/de_engineering/airflow_projects/airflow1/venv/lib/python3.10/site-packages/airflow/example_dags/example_setup_teardown.py for tasks to queue
[2025-03-10T09:35:32.200+0100] {logging_mixin.py:188} INFO - [2025-03-10T09:35:32.199+0100] {dagbag.py:538} INFO - Filling up the DagBag from /home/philip/de_engineering/airflow_projects/airflow1/venv/lib/python3.10/site-packages/airflow/example_dags/example_setup_teardown.py
[2025-03-10T09:35:32.206+0100] {processor.py:840} INFO - DAG(s) 'example_setup_teardown' retrieved from /home/philip/de_engineering/airflow_projects/airflow1/venv/lib/python3.10/site-packages/airflow/example_dags/example_setup_teardown.py
[2025-03-10T09:35:32.226+0100] {logging_mixin.py:188} INFO - [2025-03-10T09:35:32.226+0100] {dag.py:3036} INFO - Sync 1 DAGs
[2025-03-10T09:35:32.246+0100] {logging_mixin.py:188} INFO - [2025-03-10T09:35:32.245+0100] {dag.py:3823} INFO - Setting next_dagrun for example_setup_teardown to 2025-03-09 00:00:00+00:00, run_after=2025-03-10 00:00:00+00:00
[2025-03-10T09:35:32.260+0100] {processor.py:183} INFO - Processing /home/philip/de_engineering/airflow_projects/airflow1/venv/lib/python3.10/site-packages/airflow/example_dags/example_setup_teardown.py took 0.065 seconds
[2025-03-10T09:36:02.368+0100] {processor.py:161} INFO - Started process (PID=151169) to work on /home/philip/de_engineering/airflow_projects/airflow1/venv/lib/python3.10/site-packages/airflow/example_dags/example_setup_teardown.py
[2025-03-10T09:36:02.374+0100] {processor.py:830} INFO - Processing file /home/philip/de_engineering/airflow_projects/airflow1/venv/lib/python3.10/site-packages/airflow/example_dags/example_setup_teardown.py for tasks to queue
[2025-03-10T09:36:02.375+0100] {logging_mixin.py:188} INFO - [2025-03-10T09:36:02.375+0100] {dagbag.py:538} INFO - Filling up the DagBag from /home/philip/de_engineering/airflow_projects/airflow1/venv/lib/python3.10/site-packages/airflow/example_dags/example_setup_teardown.py
[2025-03-10T09:36:02.381+0100] {processor.py:840} INFO - DAG(s) 'example_setup_teardown' retrieved from /home/philip/de_engineering/airflow_projects/airflow1/venv/lib/python3.10/site-packages/airflow/example_dags/example_setup_teardown.py
[2025-03-10T09:36:02.403+0100] {logging_mixin.py:188} INFO - [2025-03-10T09:36:02.403+0100] {dag.py:3036} INFO - Sync 1 DAGs
[2025-03-10T09:36:02.424+0100] {logging_mixin.py:188} INFO - [2025-03-10T09:36:02.424+0100] {dag.py:3823} INFO - Setting next_dagrun for example_setup_teardown to 2025-03-09 00:00:00+00:00, run_after=2025-03-10 00:00:00+00:00
[2025-03-10T09:36:02.439+0100] {processor.py:183} INFO - Processing /home/philip/de_engineering/airflow_projects/airflow1/venv/lib/python3.10/site-packages/airflow/example_dags/example_setup_teardown.py took 0.074 seconds
