[2025-03-10T09:14:26.279+0100] {processor.py:161} INFO - Started process (PID=136919) to work on /home/philip/de_engineering/airflow_projects/airflow1/venv/lib/python3.10/site-packages/airflow/example_dags/example_sensor_decorator.py
[2025-03-10T09:14:26.280+0100] {processor.py:830} INFO - Processing file /home/philip/de_engineering/airflow_projects/airflow1/venv/lib/python3.10/site-packages/airflow/example_dags/example_sensor_decorator.py for tasks to queue
[2025-03-10T09:14:26.281+0100] {logging_mixin.py:188} INFO - [2025-03-10T09:14:26.281+0100] {dagbag.py:538} INFO - Filling up the DagBag from /home/philip/de_engineering/airflow_projects/airflow1/venv/lib/python3.10/site-packages/airflow/example_dags/example_sensor_decorator.py
[2025-03-10T09:14:26.286+0100] {processor.py:840} INFO - DAG(s) 'example_sensor_decorator' retrieved from /home/philip/de_engineering/airflow_projects/airflow1/venv/lib/python3.10/site-packages/airflow/example_dags/example_sensor_decorator.py
[2025-03-10T09:14:26.362+0100] {logging_mixin.py:188} INFO - [2025-03-10T09:14:26.361+0100] {override.py:1769} INFO - Created Permission View: can read on DAG:example_sensor_decorator
[2025-03-10T09:14:26.368+0100] {logging_mixin.py:188} INFO - [2025-03-10T09:14:26.368+0100] {override.py:1769} INFO - Created Permission View: can delete on DAG:example_sensor_decorator
[2025-03-10T09:14:26.373+0100] {logging_mixin.py:188} INFO - [2025-03-10T09:14:26.373+0100] {override.py:1769} INFO - Created Permission View: can edit on DAG:example_sensor_decorator
[2025-03-10T09:14:26.374+0100] {logging_mixin.py:188} INFO - [2025-03-10T09:14:26.374+0100] {dag.py:3036} INFO - Sync 1 DAGs
[2025-03-10T09:14:26.382+0100] {logging_mixin.py:188} INFO - [2025-03-10T09:14:26.381+0100] {dag.py:3058} INFO - Creating ORM DAG for example_sensor_decorator
[2025-03-10T09:14:26.382+0100] {logging_mixin.py:188} INFO - [2025-03-10T09:14:26.382+0100] {dag.py:3823} INFO - Setting next_dagrun for example_sensor_decorator to None, run_after=None
[2025-03-10T09:14:26.394+0100] {processor.py:183} INFO - Processing /home/philip/de_engineering/airflow_projects/airflow1/venv/lib/python3.10/site-packages/airflow/example_dags/example_sensor_decorator.py took 0.118 seconds
[2025-03-10T09:14:56.639+0100] {processor.py:161} INFO - Started process (PID=137031) to work on /home/philip/de_engineering/airflow_projects/airflow1/venv/lib/python3.10/site-packages/airflow/example_dags/example_sensor_decorator.py
[2025-03-10T09:14:56.640+0100] {processor.py:830} INFO - Processing file /home/philip/de_engineering/airflow_projects/airflow1/venv/lib/python3.10/site-packages/airflow/example_dags/example_sensor_decorator.py for tasks to queue
[2025-03-10T09:14:56.640+0100] {logging_mixin.py:188} INFO - [2025-03-10T09:14:56.640+0100] {dagbag.py:538} INFO - Filling up the DagBag from /home/philip/de_engineering/airflow_projects/airflow1/venv/lib/python3.10/site-packages/airflow/example_dags/example_sensor_decorator.py
[2025-03-10T09:14:56.645+0100] {processor.py:840} INFO - DAG(s) 'example_sensor_decorator' retrieved from /home/philip/de_engineering/airflow_projects/airflow1/venv/lib/python3.10/site-packages/airflow/example_dags/example_sensor_decorator.py
[2025-03-10T09:14:56.667+0100] {logging_mixin.py:188} INFO - [2025-03-10T09:14:56.666+0100] {dag.py:3036} INFO - Sync 1 DAGs
[2025-03-10T09:14:56.677+0100] {logging_mixin.py:188} INFO - [2025-03-10T09:14:56.677+0100] {dag.py:3823} INFO - Setting next_dagrun for example_sensor_decorator to None, run_after=None
[2025-03-10T09:14:56.692+0100] {processor.py:183} INFO - Processing /home/philip/de_engineering/airflow_projects/airflow1/venv/lib/python3.10/site-packages/airflow/example_dags/example_sensor_decorator.py took 0.056 seconds
[2025-03-10T09:15:26.806+0100] {processor.py:161} INFO - Started process (PID=137132) to work on /home/philip/de_engineering/airflow_projects/airflow1/venv/lib/python3.10/site-packages/airflow/example_dags/example_sensor_decorator.py
[2025-03-10T09:15:26.807+0100] {processor.py:830} INFO - Processing file /home/philip/de_engineering/airflow_projects/airflow1/venv/lib/python3.10/site-packages/airflow/example_dags/example_sensor_decorator.py for tasks to queue
[2025-03-10T09:15:26.808+0100] {logging_mixin.py:188} INFO - [2025-03-10T09:15:26.808+0100] {dagbag.py:538} INFO - Filling up the DagBag from /home/philip/de_engineering/airflow_projects/airflow1/venv/lib/python3.10/site-packages/airflow/example_dags/example_sensor_decorator.py
[2025-03-10T09:15:26.813+0100] {processor.py:840} INFO - DAG(s) 'example_sensor_decorator' retrieved from /home/philip/de_engineering/airflow_projects/airflow1/venv/lib/python3.10/site-packages/airflow/example_dags/example_sensor_decorator.py
[2025-03-10T09:15:26.833+0100] {logging_mixin.py:188} INFO - [2025-03-10T09:15:26.832+0100] {dag.py:3036} INFO - Sync 1 DAGs
[2025-03-10T09:15:26.843+0100] {logging_mixin.py:188} INFO - [2025-03-10T09:15:26.843+0100] {dag.py:3823} INFO - Setting next_dagrun for example_sensor_decorator to None, run_after=None
[2025-03-10T09:15:26.860+0100] {processor.py:183} INFO - Processing /home/philip/de_engineering/airflow_projects/airflow1/venv/lib/python3.10/site-packages/airflow/example_dags/example_sensor_decorator.py took 0.056 seconds
[2025-03-10T09:15:57.355+0100] {processor.py:161} INFO - Started process (PID=137233) to work on /home/philip/de_engineering/airflow_projects/airflow1/venv/lib/python3.10/site-packages/airflow/example_dags/example_sensor_decorator.py
[2025-03-10T09:15:57.356+0100] {processor.py:830} INFO - Processing file /home/philip/de_engineering/airflow_projects/airflow1/venv/lib/python3.10/site-packages/airflow/example_dags/example_sensor_decorator.py for tasks to queue
[2025-03-10T09:15:57.357+0100] {logging_mixin.py:188} INFO - [2025-03-10T09:15:57.357+0100] {dagbag.py:538} INFO - Filling up the DagBag from /home/philip/de_engineering/airflow_projects/airflow1/venv/lib/python3.10/site-packages/airflow/example_dags/example_sensor_decorator.py
[2025-03-10T09:15:57.364+0100] {processor.py:840} INFO - DAG(s) 'example_sensor_decorator' retrieved from /home/philip/de_engineering/airflow_projects/airflow1/venv/lib/python3.10/site-packages/airflow/example_dags/example_sensor_decorator.py
[2025-03-10T09:15:57.392+0100] {logging_mixin.py:188} INFO - [2025-03-10T09:15:57.392+0100] {dag.py:3036} INFO - Sync 1 DAGs
[2025-03-10T09:15:57.405+0100] {logging_mixin.py:188} INFO - [2025-03-10T09:15:57.405+0100] {dag.py:3823} INFO - Setting next_dagrun for example_sensor_decorator to None, run_after=None
[2025-03-10T09:15:57.431+0100] {processor.py:183} INFO - Processing /home/philip/de_engineering/airflow_projects/airflow1/venv/lib/python3.10/site-packages/airflow/example_dags/example_sensor_decorator.py took 0.080 seconds
[2025-03-10T09:16:27.585+0100] {processor.py:161} INFO - Started process (PID=137615) to work on /home/philip/de_engineering/airflow_projects/airflow1/venv/lib/python3.10/site-packages/airflow/example_dags/example_sensor_decorator.py
[2025-03-10T09:16:27.586+0100] {processor.py:830} INFO - Processing file /home/philip/de_engineering/airflow_projects/airflow1/venv/lib/python3.10/site-packages/airflow/example_dags/example_sensor_decorator.py for tasks to queue
[2025-03-10T09:16:27.587+0100] {logging_mixin.py:188} INFO - [2025-03-10T09:16:27.587+0100] {dagbag.py:538} INFO - Filling up the DagBag from /home/philip/de_engineering/airflow_projects/airflow1/venv/lib/python3.10/site-packages/airflow/example_dags/example_sensor_decorator.py
[2025-03-10T09:16:27.592+0100] {processor.py:840} INFO - DAG(s) 'example_sensor_decorator' retrieved from /home/philip/de_engineering/airflow_projects/airflow1/venv/lib/python3.10/site-packages/airflow/example_dags/example_sensor_decorator.py
[2025-03-10T09:16:27.612+0100] {logging_mixin.py:188} INFO - [2025-03-10T09:16:27.612+0100] {dag.py:3036} INFO - Sync 1 DAGs
[2025-03-10T09:16:27.622+0100] {logging_mixin.py:188} INFO - [2025-03-10T09:16:27.622+0100] {dag.py:3823} INFO - Setting next_dagrun for example_sensor_decorator to None, run_after=None
[2025-03-10T09:16:27.637+0100] {processor.py:183} INFO - Processing /home/philip/de_engineering/airflow_projects/airflow1/venv/lib/python3.10/site-packages/airflow/example_dags/example_sensor_decorator.py took 0.054 seconds
[2025-03-10T09:16:57.821+0100] {processor.py:161} INFO - Started process (PID=137798) to work on /home/philip/de_engineering/airflow_projects/airflow1/venv/lib/python3.10/site-packages/airflow/example_dags/example_sensor_decorator.py
[2025-03-10T09:16:57.822+0100] {processor.py:830} INFO - Processing file /home/philip/de_engineering/airflow_projects/airflow1/venv/lib/python3.10/site-packages/airflow/example_dags/example_sensor_decorator.py for tasks to queue
[2025-03-10T09:16:57.823+0100] {logging_mixin.py:188} INFO - [2025-03-10T09:16:57.823+0100] {dagbag.py:538} INFO - Filling up the DagBag from /home/philip/de_engineering/airflow_projects/airflow1/venv/lib/python3.10/site-packages/airflow/example_dags/example_sensor_decorator.py
[2025-03-10T09:16:57.828+0100] {processor.py:840} INFO - DAG(s) 'example_sensor_decorator' retrieved from /home/philip/de_engineering/airflow_projects/airflow1/venv/lib/python3.10/site-packages/airflow/example_dags/example_sensor_decorator.py
[2025-03-10T09:16:57.851+0100] {logging_mixin.py:188} INFO - [2025-03-10T09:16:57.850+0100] {dag.py:3036} INFO - Sync 1 DAGs
[2025-03-10T09:16:57.861+0100] {logging_mixin.py:188} INFO - [2025-03-10T09:16:57.861+0100] {dag.py:3823} INFO - Setting next_dagrun for example_sensor_decorator to None, run_after=None
[2025-03-10T09:16:57.875+0100] {processor.py:183} INFO - Processing /home/philip/de_engineering/airflow_projects/airflow1/venv/lib/python3.10/site-packages/airflow/example_dags/example_sensor_decorator.py took 0.057 seconds
[2025-03-10T09:17:28.278+0100] {processor.py:161} INFO - Started process (PID=137990) to work on /home/philip/de_engineering/airflow_projects/airflow1/venv/lib/python3.10/site-packages/airflow/example_dags/example_sensor_decorator.py
[2025-03-10T09:17:28.279+0100] {processor.py:830} INFO - Processing file /home/philip/de_engineering/airflow_projects/airflow1/venv/lib/python3.10/site-packages/airflow/example_dags/example_sensor_decorator.py for tasks to queue
[2025-03-10T09:17:28.281+0100] {logging_mixin.py:188} INFO - [2025-03-10T09:17:28.280+0100] {dagbag.py:538} INFO - Filling up the DagBag from /home/philip/de_engineering/airflow_projects/airflow1/venv/lib/python3.10/site-packages/airflow/example_dags/example_sensor_decorator.py
[2025-03-10T09:17:28.289+0100] {processor.py:840} INFO - DAG(s) 'example_sensor_decorator' retrieved from /home/philip/de_engineering/airflow_projects/airflow1/venv/lib/python3.10/site-packages/airflow/example_dags/example_sensor_decorator.py
[2025-03-10T09:17:28.313+0100] {logging_mixin.py:188} INFO - [2025-03-10T09:17:28.313+0100] {dag.py:3036} INFO - Sync 1 DAGs
[2025-03-10T09:17:28.324+0100] {logging_mixin.py:188} INFO - [2025-03-10T09:17:28.324+0100] {dag.py:3823} INFO - Setting next_dagrun for example_sensor_decorator to None, run_after=None
[2025-03-10T09:17:28.340+0100] {processor.py:183} INFO - Processing /home/philip/de_engineering/airflow_projects/airflow1/venv/lib/python3.10/site-packages/airflow/example_dags/example_sensor_decorator.py took 0.066 seconds
[2025-03-10T09:19:23.097+0100] {processor.py:161} INFO - Started process (PID=138722) to work on /home/philip/de_engineering/airflow_projects/airflow1/venv/lib/python3.10/site-packages/airflow/example_dags/example_sensor_decorator.py
[2025-03-10T09:19:23.098+0100] {processor.py:830} INFO - Processing file /home/philip/de_engineering/airflow_projects/airflow1/venv/lib/python3.10/site-packages/airflow/example_dags/example_sensor_decorator.py for tasks to queue
[2025-03-10T09:19:23.099+0100] {logging_mixin.py:188} INFO - [2025-03-10T09:19:23.099+0100] {dagbag.py:538} INFO - Filling up the DagBag from /home/philip/de_engineering/airflow_projects/airflow1/venv/lib/python3.10/site-packages/airflow/example_dags/example_sensor_decorator.py
[2025-03-10T09:19:23.105+0100] {processor.py:840} INFO - DAG(s) 'example_sensor_decorator' retrieved from /home/philip/de_engineering/airflow_projects/airflow1/venv/lib/python3.10/site-packages/airflow/example_dags/example_sensor_decorator.py
[2025-03-10T09:19:23.198+0100] {logging_mixin.py:188} INFO - [2025-03-10T09:19:23.198+0100] {dag.py:3036} INFO - Sync 1 DAGs
[2025-03-10T09:19:23.208+0100] {logging_mixin.py:188} INFO - [2025-03-10T09:19:23.207+0100] {dag.py:3823} INFO - Setting next_dagrun for example_sensor_decorator to None, run_after=None
[2025-03-10T09:19:23.224+0100] {processor.py:183} INFO - Processing /home/philip/de_engineering/airflow_projects/airflow1/venv/lib/python3.10/site-packages/airflow/example_dags/example_sensor_decorator.py took 0.130 seconds
[2025-03-10T09:19:53.830+0100] {processor.py:161} INFO - Started process (PID=139063) to work on /home/philip/de_engineering/airflow_projects/airflow1/venv/lib/python3.10/site-packages/airflow/example_dags/example_sensor_decorator.py
[2025-03-10T09:19:53.831+0100] {processor.py:830} INFO - Processing file /home/philip/de_engineering/airflow_projects/airflow1/venv/lib/python3.10/site-packages/airflow/example_dags/example_sensor_decorator.py for tasks to queue
[2025-03-10T09:19:53.832+0100] {logging_mixin.py:188} INFO - [2025-03-10T09:19:53.831+0100] {dagbag.py:538} INFO - Filling up the DagBag from /home/philip/de_engineering/airflow_projects/airflow1/venv/lib/python3.10/site-packages/airflow/example_dags/example_sensor_decorator.py
[2025-03-10T09:19:53.837+0100] {processor.py:840} INFO - DAG(s) 'example_sensor_decorator' retrieved from /home/philip/de_engineering/airflow_projects/airflow1/venv/lib/python3.10/site-packages/airflow/example_dags/example_sensor_decorator.py
[2025-03-10T09:19:53.859+0100] {logging_mixin.py:188} INFO - [2025-03-10T09:19:53.859+0100] {dag.py:3036} INFO - Sync 1 DAGs
[2025-03-10T09:19:53.869+0100] {logging_mixin.py:188} INFO - [2025-03-10T09:19:53.869+0100] {dag.py:3823} INFO - Setting next_dagrun for example_sensor_decorator to None, run_after=None
[2025-03-10T09:19:53.884+0100] {processor.py:183} INFO - Processing /home/philip/de_engineering/airflow_projects/airflow1/venv/lib/python3.10/site-packages/airflow/example_dags/example_sensor_decorator.py took 0.056 seconds
[2025-03-10T09:20:24.310+0100] {processor.py:161} INFO - Started process (PID=139442) to work on /home/philip/de_engineering/airflow_projects/airflow1/venv/lib/python3.10/site-packages/airflow/example_dags/example_sensor_decorator.py
[2025-03-10T09:20:24.311+0100] {processor.py:830} INFO - Processing file /home/philip/de_engineering/airflow_projects/airflow1/venv/lib/python3.10/site-packages/airflow/example_dags/example_sensor_decorator.py for tasks to queue
[2025-03-10T09:20:24.312+0100] {logging_mixin.py:188} INFO - [2025-03-10T09:20:24.311+0100] {dagbag.py:538} INFO - Filling up the DagBag from /home/philip/de_engineering/airflow_projects/airflow1/venv/lib/python3.10/site-packages/airflow/example_dags/example_sensor_decorator.py
[2025-03-10T09:20:24.317+0100] {processor.py:840} INFO - DAG(s) 'example_sensor_decorator' retrieved from /home/philip/de_engineering/airflow_projects/airflow1/venv/lib/python3.10/site-packages/airflow/example_dags/example_sensor_decorator.py
[2025-03-10T09:20:24.342+0100] {logging_mixin.py:188} INFO - [2025-03-10T09:20:24.341+0100] {dag.py:3036} INFO - Sync 1 DAGs
[2025-03-10T09:20:24.352+0100] {logging_mixin.py:188} INFO - [2025-03-10T09:20:24.352+0100] {dag.py:3823} INFO - Setting next_dagrun for example_sensor_decorator to None, run_after=None
[2025-03-10T09:20:24.368+0100] {processor.py:183} INFO - Processing /home/philip/de_engineering/airflow_projects/airflow1/venv/lib/python3.10/site-packages/airflow/example_dags/example_sensor_decorator.py took 0.061 seconds
[2025-03-10T09:20:54.756+0100] {processor.py:161} INFO - Started process (PID=139817) to work on /home/philip/de_engineering/airflow_projects/airflow1/venv/lib/python3.10/site-packages/airflow/example_dags/example_sensor_decorator.py
[2025-03-10T09:20:54.758+0100] {processor.py:830} INFO - Processing file /home/philip/de_engineering/airflow_projects/airflow1/venv/lib/python3.10/site-packages/airflow/example_dags/example_sensor_decorator.py for tasks to queue
[2025-03-10T09:20:54.758+0100] {logging_mixin.py:188} INFO - [2025-03-10T09:20:54.758+0100] {dagbag.py:538} INFO - Filling up the DagBag from /home/philip/de_engineering/airflow_projects/airflow1/venv/lib/python3.10/site-packages/airflow/example_dags/example_sensor_decorator.py
[2025-03-10T09:20:54.763+0100] {processor.py:840} INFO - DAG(s) 'example_sensor_decorator' retrieved from /home/philip/de_engineering/airflow_projects/airflow1/venv/lib/python3.10/site-packages/airflow/example_dags/example_sensor_decorator.py
[2025-03-10T09:20:54.784+0100] {logging_mixin.py:188} INFO - [2025-03-10T09:20:54.783+0100] {dag.py:3036} INFO - Sync 1 DAGs
[2025-03-10T09:20:54.794+0100] {logging_mixin.py:188} INFO - [2025-03-10T09:20:54.794+0100] {dag.py:3823} INFO - Setting next_dagrun for example_sensor_decorator to None, run_after=None
[2025-03-10T09:20:54.810+0100] {processor.py:183} INFO - Processing /home/philip/de_engineering/airflow_projects/airflow1/venv/lib/python3.10/site-packages/airflow/example_dags/example_sensor_decorator.py took 0.057 seconds
[2025-03-10T09:21:25.113+0100] {processor.py:161} INFO - Started process (PID=140199) to work on /home/philip/de_engineering/airflow_projects/airflow1/venv/lib/python3.10/site-packages/airflow/example_dags/example_sensor_decorator.py
[2025-03-10T09:21:25.114+0100] {processor.py:830} INFO - Processing file /home/philip/de_engineering/airflow_projects/airflow1/venv/lib/python3.10/site-packages/airflow/example_dags/example_sensor_decorator.py for tasks to queue
[2025-03-10T09:21:25.115+0100] {logging_mixin.py:188} INFO - [2025-03-10T09:21:25.115+0100] {dagbag.py:538} INFO - Filling up the DagBag from /home/philip/de_engineering/airflow_projects/airflow1/venv/lib/python3.10/site-packages/airflow/example_dags/example_sensor_decorator.py
[2025-03-10T09:21:25.120+0100] {processor.py:840} INFO - DAG(s) 'example_sensor_decorator' retrieved from /home/philip/de_engineering/airflow_projects/airflow1/venv/lib/python3.10/site-packages/airflow/example_dags/example_sensor_decorator.py
[2025-03-10T09:21:25.140+0100] {logging_mixin.py:188} INFO - [2025-03-10T09:21:25.140+0100] {dag.py:3036} INFO - Sync 1 DAGs
[2025-03-10T09:21:25.150+0100] {logging_mixin.py:188} INFO - [2025-03-10T09:21:25.149+0100] {dag.py:3823} INFO - Setting next_dagrun for example_sensor_decorator to None, run_after=None
[2025-03-10T09:21:25.164+0100] {processor.py:183} INFO - Processing /home/philip/de_engineering/airflow_projects/airflow1/venv/lib/python3.10/site-packages/airflow/example_dags/example_sensor_decorator.py took 0.054 seconds
[2025-03-10T09:21:55.299+0100] {processor.py:161} INFO - Started process (PID=140579) to work on /home/philip/de_engineering/airflow_projects/airflow1/venv/lib/python3.10/site-packages/airflow/example_dags/example_sensor_decorator.py
[2025-03-10T09:21:55.300+0100] {processor.py:830} INFO - Processing file /home/philip/de_engineering/airflow_projects/airflow1/venv/lib/python3.10/site-packages/airflow/example_dags/example_sensor_decorator.py for tasks to queue
[2025-03-10T09:21:55.301+0100] {logging_mixin.py:188} INFO - [2025-03-10T09:21:55.301+0100] {dagbag.py:538} INFO - Filling up the DagBag from /home/philip/de_engineering/airflow_projects/airflow1/venv/lib/python3.10/site-packages/airflow/example_dags/example_sensor_decorator.py
[2025-03-10T09:21:55.307+0100] {processor.py:840} INFO - DAG(s) 'example_sensor_decorator' retrieved from /home/philip/de_engineering/airflow_projects/airflow1/venv/lib/python3.10/site-packages/airflow/example_dags/example_sensor_decorator.py
[2025-03-10T09:21:55.328+0100] {logging_mixin.py:188} INFO - [2025-03-10T09:21:55.328+0100] {dag.py:3036} INFO - Sync 1 DAGs
[2025-03-10T09:21:55.339+0100] {logging_mixin.py:188} INFO - [2025-03-10T09:21:55.339+0100] {dag.py:3823} INFO - Setting next_dagrun for example_sensor_decorator to None, run_after=None
[2025-03-10T09:21:55.354+0100] {processor.py:183} INFO - Processing /home/philip/de_engineering/airflow_projects/airflow1/venv/lib/python3.10/site-packages/airflow/example_dags/example_sensor_decorator.py took 0.058 seconds
[2025-03-10T09:22:25.483+0100] {processor.py:161} INFO - Started process (PID=140955) to work on /home/philip/de_engineering/airflow_projects/airflow1/venv/lib/python3.10/site-packages/airflow/example_dags/example_sensor_decorator.py
[2025-03-10T09:22:25.484+0100] {processor.py:830} INFO - Processing file /home/philip/de_engineering/airflow_projects/airflow1/venv/lib/python3.10/site-packages/airflow/example_dags/example_sensor_decorator.py for tasks to queue
[2025-03-10T09:22:25.485+0100] {logging_mixin.py:188} INFO - [2025-03-10T09:22:25.484+0100] {dagbag.py:538} INFO - Filling up the DagBag from /home/philip/de_engineering/airflow_projects/airflow1/venv/lib/python3.10/site-packages/airflow/example_dags/example_sensor_decorator.py
[2025-03-10T09:22:25.490+0100] {processor.py:840} INFO - DAG(s) 'example_sensor_decorator' retrieved from /home/philip/de_engineering/airflow_projects/airflow1/venv/lib/python3.10/site-packages/airflow/example_dags/example_sensor_decorator.py
[2025-03-10T09:22:25.512+0100] {logging_mixin.py:188} INFO - [2025-03-10T09:22:25.512+0100] {dag.py:3036} INFO - Sync 1 DAGs
[2025-03-10T09:22:25.523+0100] {logging_mixin.py:188} INFO - [2025-03-10T09:22:25.523+0100] {dag.py:3823} INFO - Setting next_dagrun for example_sensor_decorator to None, run_after=None
[2025-03-10T09:22:25.537+0100] {processor.py:183} INFO - Processing /home/philip/de_engineering/airflow_projects/airflow1/venv/lib/python3.10/site-packages/airflow/example_dags/example_sensor_decorator.py took 0.057 seconds
[2025-03-10T09:22:55.749+0100] {processor.py:161} INFO - Started process (PID=141339) to work on /home/philip/de_engineering/airflow_projects/airflow1/venv/lib/python3.10/site-packages/airflow/example_dags/example_sensor_decorator.py
[2025-03-10T09:22:55.750+0100] {processor.py:830} INFO - Processing file /home/philip/de_engineering/airflow_projects/airflow1/venv/lib/python3.10/site-packages/airflow/example_dags/example_sensor_decorator.py for tasks to queue
[2025-03-10T09:22:55.751+0100] {logging_mixin.py:188} INFO - [2025-03-10T09:22:55.750+0100] {dagbag.py:538} INFO - Filling up the DagBag from /home/philip/de_engineering/airflow_projects/airflow1/venv/lib/python3.10/site-packages/airflow/example_dags/example_sensor_decorator.py
[2025-03-10T09:22:55.756+0100] {processor.py:840} INFO - DAG(s) 'example_sensor_decorator' retrieved from /home/philip/de_engineering/airflow_projects/airflow1/venv/lib/python3.10/site-packages/airflow/example_dags/example_sensor_decorator.py
[2025-03-10T09:22:55.777+0100] {logging_mixin.py:188} INFO - [2025-03-10T09:22:55.777+0100] {dag.py:3036} INFO - Sync 1 DAGs
[2025-03-10T09:22:55.786+0100] {logging_mixin.py:188} INFO - [2025-03-10T09:22:55.786+0100] {dag.py:3823} INFO - Setting next_dagrun for example_sensor_decorator to None, run_after=None
[2025-03-10T09:22:55.802+0100] {processor.py:183} INFO - Processing /home/philip/de_engineering/airflow_projects/airflow1/venv/lib/python3.10/site-packages/airflow/example_dags/example_sensor_decorator.py took 0.057 seconds
[2025-03-10T09:23:25.999+0100] {processor.py:161} INFO - Started process (PID=141712) to work on /home/philip/de_engineering/airflow_projects/airflow1/venv/lib/python3.10/site-packages/airflow/example_dags/example_sensor_decorator.py
[2025-03-10T09:23:26.001+0100] {processor.py:830} INFO - Processing file /home/philip/de_engineering/airflow_projects/airflow1/venv/lib/python3.10/site-packages/airflow/example_dags/example_sensor_decorator.py for tasks to queue
[2025-03-10T09:23:26.002+0100] {logging_mixin.py:188} INFO - [2025-03-10T09:23:26.001+0100] {dagbag.py:538} INFO - Filling up the DagBag from /home/philip/de_engineering/airflow_projects/airflow1/venv/lib/python3.10/site-packages/airflow/example_dags/example_sensor_decorator.py
[2025-03-10T09:23:26.007+0100] {processor.py:840} INFO - DAG(s) 'example_sensor_decorator' retrieved from /home/philip/de_engineering/airflow_projects/airflow1/venv/lib/python3.10/site-packages/airflow/example_dags/example_sensor_decorator.py
[2025-03-10T09:23:26.031+0100] {logging_mixin.py:188} INFO - [2025-03-10T09:23:26.030+0100] {dag.py:3036} INFO - Sync 1 DAGs
[2025-03-10T09:23:26.043+0100] {logging_mixin.py:188} INFO - [2025-03-10T09:23:26.042+0100] {dag.py:3823} INFO - Setting next_dagrun for example_sensor_decorator to None, run_after=None
[2025-03-10T09:23:26.062+0100] {processor.py:183} INFO - Processing /home/philip/de_engineering/airflow_projects/airflow1/venv/lib/python3.10/site-packages/airflow/example_dags/example_sensor_decorator.py took 0.065 seconds
[2025-03-10T09:23:56.447+0100] {processor.py:161} INFO - Started process (PID=142095) to work on /home/philip/de_engineering/airflow_projects/airflow1/venv/lib/python3.10/site-packages/airflow/example_dags/example_sensor_decorator.py
[2025-03-10T09:23:56.449+0100] {processor.py:830} INFO - Processing file /home/philip/de_engineering/airflow_projects/airflow1/venv/lib/python3.10/site-packages/airflow/example_dags/example_sensor_decorator.py for tasks to queue
[2025-03-10T09:23:56.449+0100] {logging_mixin.py:188} INFO - [2025-03-10T09:23:56.449+0100] {dagbag.py:538} INFO - Filling up the DagBag from /home/philip/de_engineering/airflow_projects/airflow1/venv/lib/python3.10/site-packages/airflow/example_dags/example_sensor_decorator.py
[2025-03-10T09:23:56.454+0100] {processor.py:840} INFO - DAG(s) 'example_sensor_decorator' retrieved from /home/philip/de_engineering/airflow_projects/airflow1/venv/lib/python3.10/site-packages/airflow/example_dags/example_sensor_decorator.py
[2025-03-10T09:23:56.475+0100] {logging_mixin.py:188} INFO - [2025-03-10T09:23:56.474+0100] {dag.py:3036} INFO - Sync 1 DAGs
[2025-03-10T09:23:56.485+0100] {logging_mixin.py:188} INFO - [2025-03-10T09:23:56.485+0100] {dag.py:3823} INFO - Setting next_dagrun for example_sensor_decorator to None, run_after=None
[2025-03-10T09:23:56.502+0100] {processor.py:183} INFO - Processing /home/philip/de_engineering/airflow_projects/airflow1/venv/lib/python3.10/site-packages/airflow/example_dags/example_sensor_decorator.py took 0.058 seconds
[2025-03-10T09:24:26.840+0100] {processor.py:161} INFO - Started process (PID=142469) to work on /home/philip/de_engineering/airflow_projects/airflow1/venv/lib/python3.10/site-packages/airflow/example_dags/example_sensor_decorator.py
[2025-03-10T09:24:26.842+0100] {processor.py:830} INFO - Processing file /home/philip/de_engineering/airflow_projects/airflow1/venv/lib/python3.10/site-packages/airflow/example_dags/example_sensor_decorator.py for tasks to queue
[2025-03-10T09:24:26.843+0100] {logging_mixin.py:188} INFO - [2025-03-10T09:24:26.842+0100] {dagbag.py:538} INFO - Filling up the DagBag from /home/philip/de_engineering/airflow_projects/airflow1/venv/lib/python3.10/site-packages/airflow/example_dags/example_sensor_decorator.py
[2025-03-10T09:24:26.849+0100] {processor.py:840} INFO - DAG(s) 'example_sensor_decorator' retrieved from /home/philip/de_engineering/airflow_projects/airflow1/venv/lib/python3.10/site-packages/airflow/example_dags/example_sensor_decorator.py
[2025-03-10T09:24:26.875+0100] {logging_mixin.py:188} INFO - [2025-03-10T09:24:26.875+0100] {dag.py:3036} INFO - Sync 1 DAGs
[2025-03-10T09:24:26.888+0100] {logging_mixin.py:188} INFO - [2025-03-10T09:24:26.888+0100] {dag.py:3823} INFO - Setting next_dagrun for example_sensor_decorator to None, run_after=None
[2025-03-10T09:24:26.907+0100] {processor.py:183} INFO - Processing /home/philip/de_engineering/airflow_projects/airflow1/venv/lib/python3.10/site-packages/airflow/example_dags/example_sensor_decorator.py took 0.070 seconds
[2025-03-10T09:24:57.080+0100] {processor.py:161} INFO - Started process (PID=142850) to work on /home/philip/de_engineering/airflow_projects/airflow1/venv/lib/python3.10/site-packages/airflow/example_dags/example_sensor_decorator.py
[2025-03-10T09:24:57.080+0100] {processor.py:830} INFO - Processing file /home/philip/de_engineering/airflow_projects/airflow1/venv/lib/python3.10/site-packages/airflow/example_dags/example_sensor_decorator.py for tasks to queue
[2025-03-10T09:24:57.082+0100] {logging_mixin.py:188} INFO - [2025-03-10T09:24:57.081+0100] {dagbag.py:538} INFO - Filling up the DagBag from /home/philip/de_engineering/airflow_projects/airflow1/venv/lib/python3.10/site-packages/airflow/example_dags/example_sensor_decorator.py
[2025-03-10T09:24:57.087+0100] {processor.py:840} INFO - DAG(s) 'example_sensor_decorator' retrieved from /home/philip/de_engineering/airflow_projects/airflow1/venv/lib/python3.10/site-packages/airflow/example_dags/example_sensor_decorator.py
[2025-03-10T09:24:57.107+0100] {logging_mixin.py:188} INFO - [2025-03-10T09:24:57.107+0100] {dag.py:3036} INFO - Sync 1 DAGs
[2025-03-10T09:24:57.117+0100] {logging_mixin.py:188} INFO - [2025-03-10T09:24:57.117+0100] {dag.py:3823} INFO - Setting next_dagrun for example_sensor_decorator to None, run_after=None
[2025-03-10T09:24:57.132+0100] {processor.py:183} INFO - Processing /home/philip/de_engineering/airflow_projects/airflow1/venv/lib/python3.10/site-packages/airflow/example_dags/example_sensor_decorator.py took 0.055 seconds
[2025-03-10T09:25:27.262+0100] {processor.py:161} INFO - Started process (PID=143228) to work on /home/philip/de_engineering/airflow_projects/airflow1/venv/lib/python3.10/site-packages/airflow/example_dags/example_sensor_decorator.py
[2025-03-10T09:25:27.263+0100] {processor.py:830} INFO - Processing file /home/philip/de_engineering/airflow_projects/airflow1/venv/lib/python3.10/site-packages/airflow/example_dags/example_sensor_decorator.py for tasks to queue
[2025-03-10T09:25:27.264+0100] {logging_mixin.py:188} INFO - [2025-03-10T09:25:27.263+0100] {dagbag.py:538} INFO - Filling up the DagBag from /home/philip/de_engineering/airflow_projects/airflow1/venv/lib/python3.10/site-packages/airflow/example_dags/example_sensor_decorator.py
[2025-03-10T09:25:27.269+0100] {processor.py:840} INFO - DAG(s) 'example_sensor_decorator' retrieved from /home/philip/de_engineering/airflow_projects/airflow1/venv/lib/python3.10/site-packages/airflow/example_dags/example_sensor_decorator.py
[2025-03-10T09:25:27.291+0100] {logging_mixin.py:188} INFO - [2025-03-10T09:25:27.291+0100] {dag.py:3036} INFO - Sync 1 DAGs
[2025-03-10T09:25:27.301+0100] {logging_mixin.py:188} INFO - [2025-03-10T09:25:27.301+0100] {dag.py:3823} INFO - Setting next_dagrun for example_sensor_decorator to None, run_after=None
[2025-03-10T09:25:27.316+0100] {processor.py:183} INFO - Processing /home/philip/de_engineering/airflow_projects/airflow1/venv/lib/python3.10/site-packages/airflow/example_dags/example_sensor_decorator.py took 0.057 seconds
[2025-03-10T09:25:57.781+0100] {processor.py:161} INFO - Started process (PID=143610) to work on /home/philip/de_engineering/airflow_projects/airflow1/venv/lib/python3.10/site-packages/airflow/example_dags/example_sensor_decorator.py
[2025-03-10T09:25:57.782+0100] {processor.py:830} INFO - Processing file /home/philip/de_engineering/airflow_projects/airflow1/venv/lib/python3.10/site-packages/airflow/example_dags/example_sensor_decorator.py for tasks to queue
[2025-03-10T09:25:57.783+0100] {logging_mixin.py:188} INFO - [2025-03-10T09:25:57.783+0100] {dagbag.py:538} INFO - Filling up the DagBag from /home/philip/de_engineering/airflow_projects/airflow1/venv/lib/python3.10/site-packages/airflow/example_dags/example_sensor_decorator.py
[2025-03-10T09:25:57.788+0100] {processor.py:840} INFO - DAG(s) 'example_sensor_decorator' retrieved from /home/philip/de_engineering/airflow_projects/airflow1/venv/lib/python3.10/site-packages/airflow/example_dags/example_sensor_decorator.py
[2025-03-10T09:25:57.809+0100] {logging_mixin.py:188} INFO - [2025-03-10T09:25:57.809+0100] {dag.py:3036} INFO - Sync 1 DAGs
[2025-03-10T09:25:57.820+0100] {logging_mixin.py:188} INFO - [2025-03-10T09:25:57.819+0100] {dag.py:3823} INFO - Setting next_dagrun for example_sensor_decorator to None, run_after=None
[2025-03-10T09:25:57.853+0100] {processor.py:183} INFO - Processing /home/philip/de_engineering/airflow_projects/airflow1/venv/lib/python3.10/site-packages/airflow/example_dags/example_sensor_decorator.py took 0.075 seconds
[2025-03-10T09:26:28.192+0100] {processor.py:161} INFO - Started process (PID=143990) to work on /home/philip/de_engineering/airflow_projects/airflow1/venv/lib/python3.10/site-packages/airflow/example_dags/example_sensor_decorator.py
[2025-03-10T09:26:28.194+0100] {processor.py:830} INFO - Processing file /home/philip/de_engineering/airflow_projects/airflow1/venv/lib/python3.10/site-packages/airflow/example_dags/example_sensor_decorator.py for tasks to queue
[2025-03-10T09:26:28.194+0100] {logging_mixin.py:188} INFO - [2025-03-10T09:26:28.194+0100] {dagbag.py:538} INFO - Filling up the DagBag from /home/philip/de_engineering/airflow_projects/airflow1/venv/lib/python3.10/site-packages/airflow/example_dags/example_sensor_decorator.py
[2025-03-10T09:26:28.202+0100] {processor.py:840} INFO - DAG(s) 'example_sensor_decorator' retrieved from /home/philip/de_engineering/airflow_projects/airflow1/venv/lib/python3.10/site-packages/airflow/example_dags/example_sensor_decorator.py
[2025-03-10T09:26:28.225+0100] {logging_mixin.py:188} INFO - [2025-03-10T09:26:28.225+0100] {dag.py:3036} INFO - Sync 1 DAGs
[2025-03-10T09:26:28.238+0100] {logging_mixin.py:188} INFO - [2025-03-10T09:26:28.238+0100] {dag.py:3823} INFO - Setting next_dagrun for example_sensor_decorator to None, run_after=None
[2025-03-10T09:26:28.255+0100] {processor.py:183} INFO - Processing /home/philip/de_engineering/airflow_projects/airflow1/venv/lib/python3.10/site-packages/airflow/example_dags/example_sensor_decorator.py took 0.066 seconds
[2025-03-10T09:26:58.418+0100] {processor.py:161} INFO - Started process (PID=144365) to work on /home/philip/de_engineering/airflow_projects/airflow1/venv/lib/python3.10/site-packages/airflow/example_dags/example_sensor_decorator.py
[2025-03-10T09:26:58.419+0100] {processor.py:830} INFO - Processing file /home/philip/de_engineering/airflow_projects/airflow1/venv/lib/python3.10/site-packages/airflow/example_dags/example_sensor_decorator.py for tasks to queue
[2025-03-10T09:26:58.420+0100] {logging_mixin.py:188} INFO - [2025-03-10T09:26:58.419+0100] {dagbag.py:538} INFO - Filling up the DagBag from /home/philip/de_engineering/airflow_projects/airflow1/venv/lib/python3.10/site-packages/airflow/example_dags/example_sensor_decorator.py
[2025-03-10T09:26:58.425+0100] {processor.py:840} INFO - DAG(s) 'example_sensor_decorator' retrieved from /home/philip/de_engineering/airflow_projects/airflow1/venv/lib/python3.10/site-packages/airflow/example_dags/example_sensor_decorator.py
[2025-03-10T09:26:58.446+0100] {logging_mixin.py:188} INFO - [2025-03-10T09:26:58.445+0100] {dag.py:3036} INFO - Sync 1 DAGs
[2025-03-10T09:26:58.456+0100] {logging_mixin.py:188} INFO - [2025-03-10T09:26:58.456+0100] {dag.py:3823} INFO - Setting next_dagrun for example_sensor_decorator to None, run_after=None
[2025-03-10T09:26:58.474+0100] {processor.py:183} INFO - Processing /home/philip/de_engineering/airflow_projects/airflow1/venv/lib/python3.10/site-packages/airflow/example_dags/example_sensor_decorator.py took 0.059 seconds
[2025-03-10T09:27:28.683+0100] {processor.py:161} INFO - Started process (PID=144745) to work on /home/philip/de_engineering/airflow_projects/airflow1/venv/lib/python3.10/site-packages/airflow/example_dags/example_sensor_decorator.py
[2025-03-10T09:27:28.685+0100] {processor.py:830} INFO - Processing file /home/philip/de_engineering/airflow_projects/airflow1/venv/lib/python3.10/site-packages/airflow/example_dags/example_sensor_decorator.py for tasks to queue
[2025-03-10T09:27:28.686+0100] {logging_mixin.py:188} INFO - [2025-03-10T09:27:28.685+0100] {dagbag.py:538} INFO - Filling up the DagBag from /home/philip/de_engineering/airflow_projects/airflow1/venv/lib/python3.10/site-packages/airflow/example_dags/example_sensor_decorator.py
[2025-03-10T09:27:28.691+0100] {processor.py:840} INFO - DAG(s) 'example_sensor_decorator' retrieved from /home/philip/de_engineering/airflow_projects/airflow1/venv/lib/python3.10/site-packages/airflow/example_dags/example_sensor_decorator.py
[2025-03-10T09:27:28.711+0100] {logging_mixin.py:188} INFO - [2025-03-10T09:27:28.711+0100] {dag.py:3036} INFO - Sync 1 DAGs
[2025-03-10T09:27:28.721+0100] {logging_mixin.py:188} INFO - [2025-03-10T09:27:28.721+0100] {dag.py:3823} INFO - Setting next_dagrun for example_sensor_decorator to None, run_after=None
[2025-03-10T09:27:28.736+0100] {processor.py:183} INFO - Processing /home/philip/de_engineering/airflow_projects/airflow1/venv/lib/python3.10/site-packages/airflow/example_dags/example_sensor_decorator.py took 0.056 seconds
[2025-03-10T09:27:59.029+0100] {processor.py:161} INFO - Started process (PID=145120) to work on /home/philip/de_engineering/airflow_projects/airflow1/venv/lib/python3.10/site-packages/airflow/example_dags/example_sensor_decorator.py
[2025-03-10T09:27:59.030+0100] {processor.py:830} INFO - Processing file /home/philip/de_engineering/airflow_projects/airflow1/venv/lib/python3.10/site-packages/airflow/example_dags/example_sensor_decorator.py for tasks to queue
[2025-03-10T09:27:59.030+0100] {logging_mixin.py:188} INFO - [2025-03-10T09:27:59.030+0100] {dagbag.py:538} INFO - Filling up the DagBag from /home/philip/de_engineering/airflow_projects/airflow1/venv/lib/python3.10/site-packages/airflow/example_dags/example_sensor_decorator.py
[2025-03-10T09:27:59.036+0100] {processor.py:840} INFO - DAG(s) 'example_sensor_decorator' retrieved from /home/philip/de_engineering/airflow_projects/airflow1/venv/lib/python3.10/site-packages/airflow/example_dags/example_sensor_decorator.py
[2025-03-10T09:27:59.058+0100] {logging_mixin.py:188} INFO - [2025-03-10T09:27:59.057+0100] {dag.py:3036} INFO - Sync 1 DAGs
[2025-03-10T09:27:59.067+0100] {logging_mixin.py:188} INFO - [2025-03-10T09:27:59.067+0100] {dag.py:3823} INFO - Setting next_dagrun for example_sensor_decorator to None, run_after=None
[2025-03-10T09:27:59.083+0100] {processor.py:183} INFO - Processing /home/philip/de_engineering/airflow_projects/airflow1/venv/lib/python3.10/site-packages/airflow/example_dags/example_sensor_decorator.py took 0.057 seconds
[2025-03-10T09:28:29.240+0100] {processor.py:161} INFO - Started process (PID=145500) to work on /home/philip/de_engineering/airflow_projects/airflow1/venv/lib/python3.10/site-packages/airflow/example_dags/example_sensor_decorator.py
[2025-03-10T09:28:29.241+0100] {processor.py:830} INFO - Processing file /home/philip/de_engineering/airflow_projects/airflow1/venv/lib/python3.10/site-packages/airflow/example_dags/example_sensor_decorator.py for tasks to queue
[2025-03-10T09:28:29.242+0100] {logging_mixin.py:188} INFO - [2025-03-10T09:28:29.242+0100] {dagbag.py:538} INFO - Filling up the DagBag from /home/philip/de_engineering/airflow_projects/airflow1/venv/lib/python3.10/site-packages/airflow/example_dags/example_sensor_decorator.py
[2025-03-10T09:28:29.247+0100] {processor.py:840} INFO - DAG(s) 'example_sensor_decorator' retrieved from /home/philip/de_engineering/airflow_projects/airflow1/venv/lib/python3.10/site-packages/airflow/example_dags/example_sensor_decorator.py
[2025-03-10T09:28:29.268+0100] {logging_mixin.py:188} INFO - [2025-03-10T09:28:29.267+0100] {dag.py:3036} INFO - Sync 1 DAGs
[2025-03-10T09:28:29.279+0100] {logging_mixin.py:188} INFO - [2025-03-10T09:28:29.279+0100] {dag.py:3823} INFO - Setting next_dagrun for example_sensor_decorator to None, run_after=None
[2025-03-10T09:28:29.295+0100] {processor.py:183} INFO - Processing /home/philip/de_engineering/airflow_projects/airflow1/venv/lib/python3.10/site-packages/airflow/example_dags/example_sensor_decorator.py took 0.057 seconds
[2025-03-10T09:28:59.426+0100] {processor.py:161} INFO - Started process (PID=145883) to work on /home/philip/de_engineering/airflow_projects/airflow1/venv/lib/python3.10/site-packages/airflow/example_dags/example_sensor_decorator.py
[2025-03-10T09:28:59.426+0100] {processor.py:830} INFO - Processing file /home/philip/de_engineering/airflow_projects/airflow1/venv/lib/python3.10/site-packages/airflow/example_dags/example_sensor_decorator.py for tasks to queue
[2025-03-10T09:28:59.427+0100] {logging_mixin.py:188} INFO - [2025-03-10T09:28:59.427+0100] {dagbag.py:538} INFO - Filling up the DagBag from /home/philip/de_engineering/airflow_projects/airflow1/venv/lib/python3.10/site-packages/airflow/example_dags/example_sensor_decorator.py
[2025-03-10T09:28:59.432+0100] {processor.py:840} INFO - DAG(s) 'example_sensor_decorator' retrieved from /home/philip/de_engineering/airflow_projects/airflow1/venv/lib/python3.10/site-packages/airflow/example_dags/example_sensor_decorator.py
[2025-03-10T09:28:59.452+0100] {logging_mixin.py:188} INFO - [2025-03-10T09:28:59.452+0100] {dag.py:3036} INFO - Sync 1 DAGs
[2025-03-10T09:28:59.462+0100] {logging_mixin.py:188} INFO - [2025-03-10T09:28:59.462+0100] {dag.py:3823} INFO - Setting next_dagrun for example_sensor_decorator to None, run_after=None
[2025-03-10T09:28:59.479+0100] {processor.py:183} INFO - Processing /home/philip/de_engineering/airflow_projects/airflow1/venv/lib/python3.10/site-packages/airflow/example_dags/example_sensor_decorator.py took 0.055 seconds
[2025-03-10T09:29:29.618+0100] {processor.py:161} INFO - Started process (PID=146257) to work on /home/philip/de_engineering/airflow_projects/airflow1/venv/lib/python3.10/site-packages/airflow/example_dags/example_sensor_decorator.py
[2025-03-10T09:29:29.619+0100] {processor.py:830} INFO - Processing file /home/philip/de_engineering/airflow_projects/airflow1/venv/lib/python3.10/site-packages/airflow/example_dags/example_sensor_decorator.py for tasks to queue
[2025-03-10T09:29:29.620+0100] {logging_mixin.py:188} INFO - [2025-03-10T09:29:29.620+0100] {dagbag.py:538} INFO - Filling up the DagBag from /home/philip/de_engineering/airflow_projects/airflow1/venv/lib/python3.10/site-packages/airflow/example_dags/example_sensor_decorator.py
[2025-03-10T09:29:29.625+0100] {processor.py:840} INFO - DAG(s) 'example_sensor_decorator' retrieved from /home/philip/de_engineering/airflow_projects/airflow1/venv/lib/python3.10/site-packages/airflow/example_dags/example_sensor_decorator.py
[2025-03-10T09:29:29.645+0100] {logging_mixin.py:188} INFO - [2025-03-10T09:29:29.645+0100] {dag.py:3036} INFO - Sync 1 DAGs
[2025-03-10T09:29:29.655+0100] {logging_mixin.py:188} INFO - [2025-03-10T09:29:29.655+0100] {dag.py:3823} INFO - Setting next_dagrun for example_sensor_decorator to None, run_after=None
[2025-03-10T09:29:29.669+0100] {processor.py:183} INFO - Processing /home/philip/de_engineering/airflow_projects/airflow1/venv/lib/python3.10/site-packages/airflow/example_dags/example_sensor_decorator.py took 0.054 seconds
[2025-03-10T09:29:59.827+0100] {processor.py:161} INFO - Started process (PID=146638) to work on /home/philip/de_engineering/airflow_projects/airflow1/venv/lib/python3.10/site-packages/airflow/example_dags/example_sensor_decorator.py
[2025-03-10T09:29:59.828+0100] {processor.py:830} INFO - Processing file /home/philip/de_engineering/airflow_projects/airflow1/venv/lib/python3.10/site-packages/airflow/example_dags/example_sensor_decorator.py for tasks to queue
[2025-03-10T09:29:59.828+0100] {logging_mixin.py:188} INFO - [2025-03-10T09:29:59.828+0100] {dagbag.py:538} INFO - Filling up the DagBag from /home/philip/de_engineering/airflow_projects/airflow1/venv/lib/python3.10/site-packages/airflow/example_dags/example_sensor_decorator.py
[2025-03-10T09:29:59.833+0100] {processor.py:840} INFO - DAG(s) 'example_sensor_decorator' retrieved from /home/philip/de_engineering/airflow_projects/airflow1/venv/lib/python3.10/site-packages/airflow/example_dags/example_sensor_decorator.py
[2025-03-10T09:29:59.854+0100] {logging_mixin.py:188} INFO - [2025-03-10T09:29:59.853+0100] {dag.py:3036} INFO - Sync 1 DAGs
[2025-03-10T09:29:59.863+0100] {logging_mixin.py:188} INFO - [2025-03-10T09:29:59.863+0100] {dag.py:3823} INFO - Setting next_dagrun for example_sensor_decorator to None, run_after=None
[2025-03-10T09:29:59.878+0100] {processor.py:183} INFO - Processing /home/philip/de_engineering/airflow_projects/airflow1/venv/lib/python3.10/site-packages/airflow/example_dags/example_sensor_decorator.py took 0.054 seconds
[2025-03-10T09:30:30.012+0100] {processor.py:161} INFO - Started process (PID=147013) to work on /home/philip/de_engineering/airflow_projects/airflow1/venv/lib/python3.10/site-packages/airflow/example_dags/example_sensor_decorator.py
[2025-03-10T09:30:30.013+0100] {processor.py:830} INFO - Processing file /home/philip/de_engineering/airflow_projects/airflow1/venv/lib/python3.10/site-packages/airflow/example_dags/example_sensor_decorator.py for tasks to queue
[2025-03-10T09:30:30.014+0100] {logging_mixin.py:188} INFO - [2025-03-10T09:30:30.014+0100] {dagbag.py:538} INFO - Filling up the DagBag from /home/philip/de_engineering/airflow_projects/airflow1/venv/lib/python3.10/site-packages/airflow/example_dags/example_sensor_decorator.py
[2025-03-10T09:30:30.019+0100] {processor.py:840} INFO - DAG(s) 'example_sensor_decorator' retrieved from /home/philip/de_engineering/airflow_projects/airflow1/venv/lib/python3.10/site-packages/airflow/example_dags/example_sensor_decorator.py
[2025-03-10T09:30:30.039+0100] {logging_mixin.py:188} INFO - [2025-03-10T09:30:30.038+0100] {dag.py:3036} INFO - Sync 1 DAGs
[2025-03-10T09:30:30.048+0100] {logging_mixin.py:188} INFO - [2025-03-10T09:30:30.048+0100] {dag.py:3823} INFO - Setting next_dagrun for example_sensor_decorator to None, run_after=None
[2025-03-10T09:30:30.063+0100] {processor.py:183} INFO - Processing /home/philip/de_engineering/airflow_projects/airflow1/venv/lib/python3.10/site-packages/airflow/example_dags/example_sensor_decorator.py took 0.054 seconds
[2025-03-10T09:31:00.242+0100] {processor.py:161} INFO - Started process (PID=147394) to work on /home/philip/de_engineering/airflow_projects/airflow1/venv/lib/python3.10/site-packages/airflow/example_dags/example_sensor_decorator.py
[2025-03-10T09:31:00.244+0100] {processor.py:830} INFO - Processing file /home/philip/de_engineering/airflow_projects/airflow1/venv/lib/python3.10/site-packages/airflow/example_dags/example_sensor_decorator.py for tasks to queue
[2025-03-10T09:31:00.244+0100] {logging_mixin.py:188} INFO - [2025-03-10T09:31:00.244+0100] {dagbag.py:538} INFO - Filling up the DagBag from /home/philip/de_engineering/airflow_projects/airflow1/venv/lib/python3.10/site-packages/airflow/example_dags/example_sensor_decorator.py
[2025-03-10T09:31:00.249+0100] {processor.py:840} INFO - DAG(s) 'example_sensor_decorator' retrieved from /home/philip/de_engineering/airflow_projects/airflow1/venv/lib/python3.10/site-packages/airflow/example_dags/example_sensor_decorator.py
[2025-03-10T09:31:00.271+0100] {logging_mixin.py:188} INFO - [2025-03-10T09:31:00.270+0100] {dag.py:3036} INFO - Sync 1 DAGs
[2025-03-10T09:31:00.281+0100] {logging_mixin.py:188} INFO - [2025-03-10T09:31:00.281+0100] {dag.py:3823} INFO - Setting next_dagrun for example_sensor_decorator to None, run_after=None
[2025-03-10T09:31:00.296+0100] {processor.py:183} INFO - Processing /home/philip/de_engineering/airflow_projects/airflow1/venv/lib/python3.10/site-packages/airflow/example_dags/example_sensor_decorator.py took 0.056 seconds
[2025-03-10T09:31:30.372+0100] {processor.py:161} INFO - Started process (PID=147767) to work on /home/philip/de_engineering/airflow_projects/airflow1/venv/lib/python3.10/site-packages/airflow/example_dags/example_sensor_decorator.py
[2025-03-10T09:31:30.374+0100] {processor.py:830} INFO - Processing file /home/philip/de_engineering/airflow_projects/airflow1/venv/lib/python3.10/site-packages/airflow/example_dags/example_sensor_decorator.py for tasks to queue
[2025-03-10T09:31:30.374+0100] {logging_mixin.py:188} INFO - [2025-03-10T09:31:30.374+0100] {dagbag.py:538} INFO - Filling up the DagBag from /home/philip/de_engineering/airflow_projects/airflow1/venv/lib/python3.10/site-packages/airflow/example_dags/example_sensor_decorator.py
[2025-03-10T09:31:30.381+0100] {processor.py:840} INFO - DAG(s) 'example_sensor_decorator' retrieved from /home/philip/de_engineering/airflow_projects/airflow1/venv/lib/python3.10/site-packages/airflow/example_dags/example_sensor_decorator.py
[2025-03-10T09:31:30.407+0100] {logging_mixin.py:188} INFO - [2025-03-10T09:31:30.407+0100] {dag.py:3036} INFO - Sync 1 DAGs
[2025-03-10T09:31:30.420+0100] {logging_mixin.py:188} INFO - [2025-03-10T09:31:30.420+0100] {dag.py:3823} INFO - Setting next_dagrun for example_sensor_decorator to None, run_after=None
[2025-03-10T09:31:30.438+0100] {processor.py:183} INFO - Processing /home/philip/de_engineering/airflow_projects/airflow1/venv/lib/python3.10/site-packages/airflow/example_dags/example_sensor_decorator.py took 0.069 seconds
[2025-03-10T09:32:00.523+0100] {processor.py:161} INFO - Started process (PID=148148) to work on /home/philip/de_engineering/airflow_projects/airflow1/venv/lib/python3.10/site-packages/airflow/example_dags/example_sensor_decorator.py
[2025-03-10T09:32:00.524+0100] {processor.py:830} INFO - Processing file /home/philip/de_engineering/airflow_projects/airflow1/venv/lib/python3.10/site-packages/airflow/example_dags/example_sensor_decorator.py for tasks to queue
[2025-03-10T09:32:00.525+0100] {logging_mixin.py:188} INFO - [2025-03-10T09:32:00.525+0100] {dagbag.py:538} INFO - Filling up the DagBag from /home/philip/de_engineering/airflow_projects/airflow1/venv/lib/python3.10/site-packages/airflow/example_dags/example_sensor_decorator.py
[2025-03-10T09:32:00.529+0100] {processor.py:840} INFO - DAG(s) 'example_sensor_decorator' retrieved from /home/philip/de_engineering/airflow_projects/airflow1/venv/lib/python3.10/site-packages/airflow/example_dags/example_sensor_decorator.py
[2025-03-10T09:32:00.549+0100] {logging_mixin.py:188} INFO - [2025-03-10T09:32:00.549+0100] {dag.py:3036} INFO - Sync 1 DAGs
[2025-03-10T09:32:00.559+0100] {logging_mixin.py:188} INFO - [2025-03-10T09:32:00.558+0100] {dag.py:3823} INFO - Setting next_dagrun for example_sensor_decorator to None, run_after=None
[2025-03-10T09:32:00.572+0100] {processor.py:183} INFO - Processing /home/philip/de_engineering/airflow_projects/airflow1/venv/lib/python3.10/site-packages/airflow/example_dags/example_sensor_decorator.py took 0.052 seconds
[2025-03-10T09:32:30.795+0100] {processor.py:161} INFO - Started process (PID=148523) to work on /home/philip/de_engineering/airflow_projects/airflow1/venv/lib/python3.10/site-packages/airflow/example_dags/example_sensor_decorator.py
[2025-03-10T09:32:30.796+0100] {processor.py:830} INFO - Processing file /home/philip/de_engineering/airflow_projects/airflow1/venv/lib/python3.10/site-packages/airflow/example_dags/example_sensor_decorator.py for tasks to queue
[2025-03-10T09:32:30.796+0100] {logging_mixin.py:188} INFO - [2025-03-10T09:32:30.796+0100] {dagbag.py:538} INFO - Filling up the DagBag from /home/philip/de_engineering/airflow_projects/airflow1/venv/lib/python3.10/site-packages/airflow/example_dags/example_sensor_decorator.py
[2025-03-10T09:32:30.801+0100] {processor.py:840} INFO - DAG(s) 'example_sensor_decorator' retrieved from /home/philip/de_engineering/airflow_projects/airflow1/venv/lib/python3.10/site-packages/airflow/example_dags/example_sensor_decorator.py
[2025-03-10T09:32:30.823+0100] {logging_mixin.py:188} INFO - [2025-03-10T09:32:30.822+0100] {dag.py:3036} INFO - Sync 1 DAGs
[2025-03-10T09:32:30.833+0100] {logging_mixin.py:188} INFO - [2025-03-10T09:32:30.833+0100] {dag.py:3823} INFO - Setting next_dagrun for example_sensor_decorator to None, run_after=None
[2025-03-10T09:32:30.849+0100] {processor.py:183} INFO - Processing /home/philip/de_engineering/airflow_projects/airflow1/venv/lib/python3.10/site-packages/airflow/example_dags/example_sensor_decorator.py took 0.057 seconds
[2025-03-10T09:33:00.973+0100] {processor.py:161} INFO - Started process (PID=148903) to work on /home/philip/de_engineering/airflow_projects/airflow1/venv/lib/python3.10/site-packages/airflow/example_dags/example_sensor_decorator.py
[2025-03-10T09:33:00.974+0100] {processor.py:830} INFO - Processing file /home/philip/de_engineering/airflow_projects/airflow1/venv/lib/python3.10/site-packages/airflow/example_dags/example_sensor_decorator.py for tasks to queue
[2025-03-10T09:33:00.974+0100] {logging_mixin.py:188} INFO - [2025-03-10T09:33:00.974+0100] {dagbag.py:538} INFO - Filling up the DagBag from /home/philip/de_engineering/airflow_projects/airflow1/venv/lib/python3.10/site-packages/airflow/example_dags/example_sensor_decorator.py
[2025-03-10T09:33:00.979+0100] {processor.py:840} INFO - DAG(s) 'example_sensor_decorator' retrieved from /home/philip/de_engineering/airflow_projects/airflow1/venv/lib/python3.10/site-packages/airflow/example_dags/example_sensor_decorator.py
[2025-03-10T09:33:00.997+0100] {logging_mixin.py:188} INFO - [2025-03-10T09:33:00.997+0100] {dag.py:3036} INFO - Sync 1 DAGs
[2025-03-10T09:33:01.008+0100] {logging_mixin.py:188} INFO - [2025-03-10T09:33:01.007+0100] {dag.py:3823} INFO - Setting next_dagrun for example_sensor_decorator to None, run_after=None
[2025-03-10T09:33:01.024+0100] {processor.py:183} INFO - Processing /home/philip/de_engineering/airflow_projects/airflow1/venv/lib/python3.10/site-packages/airflow/example_dags/example_sensor_decorator.py took 0.054 seconds
[2025-03-10T09:33:31.240+0100] {processor.py:161} INFO - Started process (PID=149283) to work on /home/philip/de_engineering/airflow_projects/airflow1/venv/lib/python3.10/site-packages/airflow/example_dags/example_sensor_decorator.py
[2025-03-10T09:33:31.241+0100] {processor.py:830} INFO - Processing file /home/philip/de_engineering/airflow_projects/airflow1/venv/lib/python3.10/site-packages/airflow/example_dags/example_sensor_decorator.py for tasks to queue
[2025-03-10T09:33:31.242+0100] {logging_mixin.py:188} INFO - [2025-03-10T09:33:31.241+0100] {dagbag.py:538} INFO - Filling up the DagBag from /home/philip/de_engineering/airflow_projects/airflow1/venv/lib/python3.10/site-packages/airflow/example_dags/example_sensor_decorator.py
[2025-03-10T09:33:31.246+0100] {processor.py:840} INFO - DAG(s) 'example_sensor_decorator' retrieved from /home/philip/de_engineering/airflow_projects/airflow1/venv/lib/python3.10/site-packages/airflow/example_dags/example_sensor_decorator.py
[2025-03-10T09:33:31.266+0100] {logging_mixin.py:188} INFO - [2025-03-10T09:33:31.266+0100] {dag.py:3036} INFO - Sync 1 DAGs
[2025-03-10T09:33:31.276+0100] {logging_mixin.py:188} INFO - [2025-03-10T09:33:31.276+0100] {dag.py:3823} INFO - Setting next_dagrun for example_sensor_decorator to None, run_after=None
[2025-03-10T09:33:31.290+0100] {processor.py:183} INFO - Processing /home/philip/de_engineering/airflow_projects/airflow1/venv/lib/python3.10/site-packages/airflow/example_dags/example_sensor_decorator.py took 0.052 seconds
[2025-03-10T09:34:01.463+0100] {processor.py:161} INFO - Started process (PID=149661) to work on /home/philip/de_engineering/airflow_projects/airflow1/venv/lib/python3.10/site-packages/airflow/example_dags/example_sensor_decorator.py
[2025-03-10T09:34:01.464+0100] {processor.py:830} INFO - Processing file /home/philip/de_engineering/airflow_projects/airflow1/venv/lib/python3.10/site-packages/airflow/example_dags/example_sensor_decorator.py for tasks to queue
[2025-03-10T09:34:01.464+0100] {logging_mixin.py:188} INFO - [2025-03-10T09:34:01.464+0100] {dagbag.py:538} INFO - Filling up the DagBag from /home/philip/de_engineering/airflow_projects/airflow1/venv/lib/python3.10/site-packages/airflow/example_dags/example_sensor_decorator.py
[2025-03-10T09:34:01.469+0100] {processor.py:840} INFO - DAG(s) 'example_sensor_decorator' retrieved from /home/philip/de_engineering/airflow_projects/airflow1/venv/lib/python3.10/site-packages/airflow/example_dags/example_sensor_decorator.py
[2025-03-10T09:34:01.493+0100] {logging_mixin.py:188} INFO - [2025-03-10T09:34:01.493+0100] {dag.py:3036} INFO - Sync 1 DAGs
[2025-03-10T09:34:01.506+0100] {logging_mixin.py:188} INFO - [2025-03-10T09:34:01.505+0100] {dag.py:3823} INFO - Setting next_dagrun for example_sensor_decorator to None, run_after=None
[2025-03-10T09:34:01.522+0100] {processor.py:183} INFO - Processing /home/philip/de_engineering/airflow_projects/airflow1/venv/lib/python3.10/site-packages/airflow/example_dags/example_sensor_decorator.py took 0.062 seconds
[2025-03-10T09:34:31.761+0100] {processor.py:161} INFO - Started process (PID=150036) to work on /home/philip/de_engineering/airflow_projects/airflow1/venv/lib/python3.10/site-packages/airflow/example_dags/example_sensor_decorator.py
[2025-03-10T09:34:31.763+0100] {processor.py:830} INFO - Processing file /home/philip/de_engineering/airflow_projects/airflow1/venv/lib/python3.10/site-packages/airflow/example_dags/example_sensor_decorator.py for tasks to queue
[2025-03-10T09:34:31.763+0100] {logging_mixin.py:188} INFO - [2025-03-10T09:34:31.763+0100] {dagbag.py:538} INFO - Filling up the DagBag from /home/philip/de_engineering/airflow_projects/airflow1/venv/lib/python3.10/site-packages/airflow/example_dags/example_sensor_decorator.py
[2025-03-10T09:34:31.768+0100] {processor.py:840} INFO - DAG(s) 'example_sensor_decorator' retrieved from /home/philip/de_engineering/airflow_projects/airflow1/venv/lib/python3.10/site-packages/airflow/example_dags/example_sensor_decorator.py
[2025-03-10T09:34:31.789+0100] {logging_mixin.py:188} INFO - [2025-03-10T09:34:31.789+0100] {dag.py:3036} INFO - Sync 1 DAGs
[2025-03-10T09:34:31.799+0100] {logging_mixin.py:188} INFO - [2025-03-10T09:34:31.798+0100] {dag.py:3823} INFO - Setting next_dagrun for example_sensor_decorator to None, run_after=None
[2025-03-10T09:34:31.814+0100] {processor.py:183} INFO - Processing /home/philip/de_engineering/airflow_projects/airflow1/venv/lib/python3.10/site-packages/airflow/example_dags/example_sensor_decorator.py took 0.055 seconds
[2025-03-10T09:35:01.994+0100] {processor.py:161} INFO - Started process (PID=150421) to work on /home/philip/de_engineering/airflow_projects/airflow1/venv/lib/python3.10/site-packages/airflow/example_dags/example_sensor_decorator.py
[2025-03-10T09:35:01.995+0100] {processor.py:830} INFO - Processing file /home/philip/de_engineering/airflow_projects/airflow1/venv/lib/python3.10/site-packages/airflow/example_dags/example_sensor_decorator.py for tasks to queue
[2025-03-10T09:35:01.996+0100] {logging_mixin.py:188} INFO - [2025-03-10T09:35:01.995+0100] {dagbag.py:538} INFO - Filling up the DagBag from /home/philip/de_engineering/airflow_projects/airflow1/venv/lib/python3.10/site-packages/airflow/example_dags/example_sensor_decorator.py
[2025-03-10T09:35:02.001+0100] {processor.py:840} INFO - DAG(s) 'example_sensor_decorator' retrieved from /home/philip/de_engineering/airflow_projects/airflow1/venv/lib/python3.10/site-packages/airflow/example_dags/example_sensor_decorator.py
[2025-03-10T09:35:02.021+0100] {logging_mixin.py:188} INFO - [2025-03-10T09:35:02.021+0100] {dag.py:3036} INFO - Sync 1 DAGs
[2025-03-10T09:35:02.031+0100] {logging_mixin.py:188} INFO - [2025-03-10T09:35:02.030+0100] {dag.py:3823} INFO - Setting next_dagrun for example_sensor_decorator to None, run_after=None
[2025-03-10T09:35:02.045+0100] {processor.py:183} INFO - Processing /home/philip/de_engineering/airflow_projects/airflow1/venv/lib/python3.10/site-packages/airflow/example_dags/example_sensor_decorator.py took 0.054 seconds
[2025-03-10T09:35:32.228+0100] {processor.py:161} INFO - Started process (PID=150799) to work on /home/philip/de_engineering/airflow_projects/airflow1/venv/lib/python3.10/site-packages/airflow/example_dags/example_sensor_decorator.py
[2025-03-10T09:35:32.229+0100] {processor.py:830} INFO - Processing file /home/philip/de_engineering/airflow_projects/airflow1/venv/lib/python3.10/site-packages/airflow/example_dags/example_sensor_decorator.py for tasks to queue
[2025-03-10T09:35:32.230+0100] {logging_mixin.py:188} INFO - [2025-03-10T09:35:32.229+0100] {dagbag.py:538} INFO - Filling up the DagBag from /home/philip/de_engineering/airflow_projects/airflow1/venv/lib/python3.10/site-packages/airflow/example_dags/example_sensor_decorator.py
[2025-03-10T09:35:32.235+0100] {processor.py:840} INFO - DAG(s) 'example_sensor_decorator' retrieved from /home/philip/de_engineering/airflow_projects/airflow1/venv/lib/python3.10/site-packages/airflow/example_dags/example_sensor_decorator.py
[2025-03-10T09:35:32.256+0100] {logging_mixin.py:188} INFO - [2025-03-10T09:35:32.256+0100] {dag.py:3036} INFO - Sync 1 DAGs
[2025-03-10T09:35:32.266+0100] {logging_mixin.py:188} INFO - [2025-03-10T09:35:32.266+0100] {dag.py:3823} INFO - Setting next_dagrun for example_sensor_decorator to None, run_after=None
[2025-03-10T09:35:32.285+0100] {processor.py:183} INFO - Processing /home/philip/de_engineering/airflow_projects/airflow1/venv/lib/python3.10/site-packages/airflow/example_dags/example_sensor_decorator.py took 0.060 seconds
[2025-03-10T09:36:02.429+0100] {processor.py:161} INFO - Started process (PID=151176) to work on /home/philip/de_engineering/airflow_projects/airflow1/venv/lib/python3.10/site-packages/airflow/example_dags/example_sensor_decorator.py
[2025-03-10T09:36:02.430+0100] {processor.py:830} INFO - Processing file /home/philip/de_engineering/airflow_projects/airflow1/venv/lib/python3.10/site-packages/airflow/example_dags/example_sensor_decorator.py for tasks to queue
[2025-03-10T09:36:02.431+0100] {logging_mixin.py:188} INFO - [2025-03-10T09:36:02.431+0100] {dagbag.py:538} INFO - Filling up the DagBag from /home/philip/de_engineering/airflow_projects/airflow1/venv/lib/python3.10/site-packages/airflow/example_dags/example_sensor_decorator.py
[2025-03-10T09:36:02.437+0100] {processor.py:840} INFO - DAG(s) 'example_sensor_decorator' retrieved from /home/philip/de_engineering/airflow_projects/airflow1/venv/lib/python3.10/site-packages/airflow/example_dags/example_sensor_decorator.py
[2025-03-10T09:36:02.457+0100] {logging_mixin.py:188} INFO - [2025-03-10T09:36:02.457+0100] {dag.py:3036} INFO - Sync 1 DAGs
[2025-03-10T09:36:02.467+0100] {logging_mixin.py:188} INFO - [2025-03-10T09:36:02.467+0100] {dag.py:3823} INFO - Setting next_dagrun for example_sensor_decorator to None, run_after=None
[2025-03-10T09:36:02.483+0100] {processor.py:183} INFO - Processing /home/philip/de_engineering/airflow_projects/airflow1/venv/lib/python3.10/site-packages/airflow/example_dags/example_sensor_decorator.py took 0.057 seconds
