[2025-03-10T09:14:26.695+0100] {processor.py:161} INFO - Started process (PID=136927) to work on /home/philip/de_engineering/airflow_projects/airflow1/venv/lib/python3.10/site-packages/airflow/example_dags/example_sla_dag.py
[2025-03-10T09:14:26.695+0100] {processor.py:830} INFO - Processing file /home/philip/de_engineering/airflow_projects/airflow1/venv/lib/python3.10/site-packages/airflow/example_dags/example_sla_dag.py for tasks to queue
[2025-03-10T09:14:26.696+0100] {logging_mixin.py:188} INFO - [2025-03-10T09:14:26.696+0100] {dagbag.py:538} INFO - Filling up the DagBag from /home/philip/de_engineering/airflow_projects/airflow1/venv/lib/python3.10/site-packages/airflow/example_dags/example_sla_dag.py
[2025-03-10T09:14:26.703+0100] {processor.py:840} INFO - DAG(s) 'example_sla_dag' retrieved from /home/philip/de_engineering/airflow_projects/airflow1/venv/lib/python3.10/site-packages/airflow/example_dags/example_sla_dag.py
[2025-03-10T09:14:26.778+0100] {logging_mixin.py:188} INFO - [2025-03-10T09:14:26.777+0100] {override.py:1769} INFO - Created Permission View: can read on DAG:example_sla_dag
[2025-03-10T09:14:26.784+0100] {logging_mixin.py:188} INFO - [2025-03-10T09:14:26.784+0100] {override.py:1769} INFO - Created Permission View: can delete on DAG:example_sla_dag
[2025-03-10T09:14:26.788+0100] {logging_mixin.py:188} INFO - [2025-03-10T09:14:26.787+0100] {override.py:1769} INFO - Created Permission View: can edit on DAG:example_sla_dag
[2025-03-10T09:14:26.788+0100] {logging_mixin.py:188} INFO - [2025-03-10T09:14:26.788+0100] {dag.py:3036} INFO - Sync 1 DAGs
[2025-03-10T09:14:26.795+0100] {logging_mixin.py:188} INFO - [2025-03-10T09:14:26.795+0100] {dag.py:3058} INFO - Creating ORM DAG for example_sla_dag
[2025-03-10T09:14:26.804+0100] {logging_mixin.py:188} INFO - [2025-03-10T09:14:26.804+0100] {dag.py:3823} INFO - Setting next_dagrun for example_sla_dag to 2025-03-10 08:12:00+00:00, run_after=2025-03-10 08:14:00+00:00
[2025-03-10T09:14:26.814+0100] {processor.py:183} INFO - Processing /home/philip/de_engineering/airflow_projects/airflow1/venv/lib/python3.10/site-packages/airflow/example_dags/example_sla_dag.py took 0.122 seconds
[2025-03-10T09:14:56.833+0100] {processor.py:161} INFO - Started process (PID=137041) to work on /home/philip/de_engineering/airflow_projects/airflow1/venv/lib/python3.10/site-packages/airflow/example_dags/example_sla_dag.py
[2025-03-10T09:14:56.834+0100] {processor.py:830} INFO - Processing file /home/philip/de_engineering/airflow_projects/airflow1/venv/lib/python3.10/site-packages/airflow/example_dags/example_sla_dag.py for tasks to queue
[2025-03-10T09:14:56.834+0100] {logging_mixin.py:188} INFO - [2025-03-10T09:14:56.834+0100] {dagbag.py:538} INFO - Filling up the DagBag from /home/philip/de_engineering/airflow_projects/airflow1/venv/lib/python3.10/site-packages/airflow/example_dags/example_sla_dag.py
[2025-03-10T09:14:56.841+0100] {processor.py:840} INFO - DAG(s) 'example_sla_dag' retrieved from /home/philip/de_engineering/airflow_projects/airflow1/venv/lib/python3.10/site-packages/airflow/example_dags/example_sla_dag.py
[2025-03-10T09:14:56.861+0100] {logging_mixin.py:188} INFO - [2025-03-10T09:14:56.861+0100] {dag.py:3036} INFO - Sync 1 DAGs
[2025-03-10T09:14:56.880+0100] {logging_mixin.py:188} INFO - [2025-03-10T09:14:56.879+0100] {dag.py:3823} INFO - Setting next_dagrun for example_sla_dag to 2025-03-10 08:12:00+00:00, run_after=2025-03-10 08:14:00+00:00
[2025-03-10T09:14:56.896+0100] {processor.py:183} INFO - Processing /home/philip/de_engineering/airflow_projects/airflow1/venv/lib/python3.10/site-packages/airflow/example_dags/example_sla_dag.py took 0.066 seconds
[2025-03-10T09:15:26.973+0100] {processor.py:161} INFO - Started process (PID=137139) to work on /home/philip/de_engineering/airflow_projects/airflow1/venv/lib/python3.10/site-packages/airflow/example_dags/example_sla_dag.py
[2025-03-10T09:15:26.974+0100] {processor.py:830} INFO - Processing file /home/philip/de_engineering/airflow_projects/airflow1/venv/lib/python3.10/site-packages/airflow/example_dags/example_sla_dag.py for tasks to queue
[2025-03-10T09:15:26.974+0100] {logging_mixin.py:188} INFO - [2025-03-10T09:15:26.974+0100] {dagbag.py:538} INFO - Filling up the DagBag from /home/philip/de_engineering/airflow_projects/airflow1/venv/lib/python3.10/site-packages/airflow/example_dags/example_sla_dag.py
[2025-03-10T09:15:26.981+0100] {processor.py:840} INFO - DAG(s) 'example_sla_dag' retrieved from /home/philip/de_engineering/airflow_projects/airflow1/venv/lib/python3.10/site-packages/airflow/example_dags/example_sla_dag.py
[2025-03-10T09:15:27.002+0100] {logging_mixin.py:188} INFO - [2025-03-10T09:15:27.002+0100] {dag.py:3036} INFO - Sync 1 DAGs
[2025-03-10T09:15:27.022+0100] {logging_mixin.py:188} INFO - [2025-03-10T09:15:27.022+0100] {dag.py:3823} INFO - Setting next_dagrun for example_sla_dag to 2025-03-10 08:12:00+00:00, run_after=2025-03-10 08:14:00+00:00
[2025-03-10T09:15:27.039+0100] {processor.py:183} INFO - Processing /home/philip/de_engineering/airflow_projects/airflow1/venv/lib/python3.10/site-packages/airflow/example_dags/example_sla_dag.py took 0.068 seconds
[2025-03-10T09:15:57.585+0100] {processor.py:161} INFO - Started process (PID=137240) to work on /home/philip/de_engineering/airflow_projects/airflow1/venv/lib/python3.10/site-packages/airflow/example_dags/example_sla_dag.py
[2025-03-10T09:15:57.586+0100] {processor.py:830} INFO - Processing file /home/philip/de_engineering/airflow_projects/airflow1/venv/lib/python3.10/site-packages/airflow/example_dags/example_sla_dag.py for tasks to queue
[2025-03-10T09:15:57.587+0100] {logging_mixin.py:188} INFO - [2025-03-10T09:15:57.587+0100] {dagbag.py:538} INFO - Filling up the DagBag from /home/philip/de_engineering/airflow_projects/airflow1/venv/lib/python3.10/site-packages/airflow/example_dags/example_sla_dag.py
[2025-03-10T09:15:57.596+0100] {processor.py:840} INFO - DAG(s) 'example_sla_dag' retrieved from /home/philip/de_engineering/airflow_projects/airflow1/venv/lib/python3.10/site-packages/airflow/example_dags/example_sla_dag.py
[2025-03-10T09:15:57.620+0100] {logging_mixin.py:188} INFO - [2025-03-10T09:15:57.619+0100] {dag.py:3036} INFO - Sync 1 DAGs
[2025-03-10T09:15:57.642+0100] {logging_mixin.py:188} INFO - [2025-03-10T09:15:57.642+0100] {dag.py:3823} INFO - Setting next_dagrun for example_sla_dag to 2025-03-10 08:12:00+00:00, run_after=2025-03-10 08:14:00+00:00
[2025-03-10T09:15:57.660+0100] {processor.py:183} INFO - Processing /home/philip/de_engineering/airflow_projects/airflow1/venv/lib/python3.10/site-packages/airflow/example_dags/example_sla_dag.py took 0.078 seconds
[2025-03-10T09:16:27.748+0100] {processor.py:161} INFO - Started process (PID=137623) to work on /home/philip/de_engineering/airflow_projects/airflow1/venv/lib/python3.10/site-packages/airflow/example_dags/example_sla_dag.py
[2025-03-10T09:16:27.748+0100] {processor.py:830} INFO - Processing file /home/philip/de_engineering/airflow_projects/airflow1/venv/lib/python3.10/site-packages/airflow/example_dags/example_sla_dag.py for tasks to queue
[2025-03-10T09:16:27.749+0100] {logging_mixin.py:188} INFO - [2025-03-10T09:16:27.749+0100] {dagbag.py:538} INFO - Filling up the DagBag from /home/philip/de_engineering/airflow_projects/airflow1/venv/lib/python3.10/site-packages/airflow/example_dags/example_sla_dag.py
[2025-03-10T09:16:27.756+0100] {processor.py:840} INFO - DAG(s) 'example_sla_dag' retrieved from /home/philip/de_engineering/airflow_projects/airflow1/venv/lib/python3.10/site-packages/airflow/example_dags/example_sla_dag.py
[2025-03-10T09:16:27.775+0100] {logging_mixin.py:188} INFO - [2025-03-10T09:16:27.775+0100] {dag.py:3036} INFO - Sync 1 DAGs
[2025-03-10T09:16:27.795+0100] {logging_mixin.py:188} INFO - [2025-03-10T09:16:27.795+0100] {dag.py:3823} INFO - Setting next_dagrun for example_sla_dag to 2025-03-10 08:14:00+00:00, run_after=2025-03-10 08:16:00+00:00
[2025-03-10T09:16:27.809+0100] {processor.py:183} INFO - Processing /home/philip/de_engineering/airflow_projects/airflow1/venv/lib/python3.10/site-packages/airflow/example_dags/example_sla_dag.py took 0.064 seconds
[2025-03-10T09:16:58.003+0100] {processor.py:161} INFO - Started process (PID=137805) to work on /home/philip/de_engineering/airflow_projects/airflow1/venv/lib/python3.10/site-packages/airflow/example_dags/example_sla_dag.py
[2025-03-10T09:16:58.004+0100] {processor.py:830} INFO - Processing file /home/philip/de_engineering/airflow_projects/airflow1/venv/lib/python3.10/site-packages/airflow/example_dags/example_sla_dag.py for tasks to queue
[2025-03-10T09:16:58.005+0100] {logging_mixin.py:188} INFO - [2025-03-10T09:16:58.005+0100] {dagbag.py:538} INFO - Filling up the DagBag from /home/philip/de_engineering/airflow_projects/airflow1/venv/lib/python3.10/site-packages/airflow/example_dags/example_sla_dag.py
[2025-03-10T09:16:58.012+0100] {processor.py:840} INFO - DAG(s) 'example_sla_dag' retrieved from /home/philip/de_engineering/airflow_projects/airflow1/venv/lib/python3.10/site-packages/airflow/example_dags/example_sla_dag.py
[2025-03-10T09:16:58.033+0100] {logging_mixin.py:188} INFO - [2025-03-10T09:16:58.033+0100] {dag.py:3036} INFO - Sync 1 DAGs
[2025-03-10T09:16:58.053+0100] {logging_mixin.py:188} INFO - [2025-03-10T09:16:58.052+0100] {dag.py:3823} INFO - Setting next_dagrun for example_sla_dag to 2025-03-10 08:14:00+00:00, run_after=2025-03-10 08:16:00+00:00
[2025-03-10T09:16:58.067+0100] {processor.py:183} INFO - Processing /home/philip/de_engineering/airflow_projects/airflow1/venv/lib/python3.10/site-packages/airflow/example_dags/example_sla_dag.py took 0.067 seconds
[2025-03-10T09:17:28.488+0100] {processor.py:161} INFO - Started process (PID=137997) to work on /home/philip/de_engineering/airflow_projects/airflow1/venv/lib/python3.10/site-packages/airflow/example_dags/example_sla_dag.py
[2025-03-10T09:17:28.489+0100] {processor.py:830} INFO - Processing file /home/philip/de_engineering/airflow_projects/airflow1/venv/lib/python3.10/site-packages/airflow/example_dags/example_sla_dag.py for tasks to queue
[2025-03-10T09:17:28.490+0100] {logging_mixin.py:188} INFO - [2025-03-10T09:17:28.490+0100] {dagbag.py:538} INFO - Filling up the DagBag from /home/philip/de_engineering/airflow_projects/airflow1/venv/lib/python3.10/site-packages/airflow/example_dags/example_sla_dag.py
[2025-03-10T09:17:28.498+0100] {processor.py:840} INFO - DAG(s) 'example_sla_dag' retrieved from /home/philip/de_engineering/airflow_projects/airflow1/venv/lib/python3.10/site-packages/airflow/example_dags/example_sla_dag.py
[2025-03-10T09:17:28.525+0100] {logging_mixin.py:188} INFO - [2025-03-10T09:17:28.524+0100] {dag.py:3036} INFO - Sync 1 DAGs
[2025-03-10T09:17:28.549+0100] {logging_mixin.py:188} INFO - [2025-03-10T09:17:28.549+0100] {dag.py:3823} INFO - Setting next_dagrun for example_sla_dag to 2025-03-10 08:14:00+00:00, run_after=2025-03-10 08:16:00+00:00
[2025-03-10T09:17:28.565+0100] {processor.py:183} INFO - Processing /home/philip/de_engineering/airflow_projects/airflow1/venv/lib/python3.10/site-packages/airflow/example_dags/example_sla_dag.py took 0.081 seconds
[2025-03-10T09:19:23.427+0100] {processor.py:161} INFO - Started process (PID=138746) to work on /home/philip/de_engineering/airflow_projects/airflow1/venv/lib/python3.10/site-packages/airflow/example_dags/example_sla_dag.py
[2025-03-10T09:19:23.428+0100] {processor.py:830} INFO - Processing file /home/philip/de_engineering/airflow_projects/airflow1/venv/lib/python3.10/site-packages/airflow/example_dags/example_sla_dag.py for tasks to queue
[2025-03-10T09:19:23.429+0100] {logging_mixin.py:188} INFO - [2025-03-10T09:19:23.429+0100] {dagbag.py:538} INFO - Filling up the DagBag from /home/philip/de_engineering/airflow_projects/airflow1/venv/lib/python3.10/site-packages/airflow/example_dags/example_sla_dag.py
[2025-03-10T09:19:23.437+0100] {processor.py:840} INFO - DAG(s) 'example_sla_dag' retrieved from /home/philip/de_engineering/airflow_projects/airflow1/venv/lib/python3.10/site-packages/airflow/example_dags/example_sla_dag.py
[2025-03-10T09:19:23.528+0100] {logging_mixin.py:188} INFO - [2025-03-10T09:19:23.528+0100] {dag.py:3036} INFO - Sync 1 DAGs
[2025-03-10T09:19:23.553+0100] {logging_mixin.py:188} INFO - [2025-03-10T09:19:23.553+0100] {dag.py:3823} INFO - Setting next_dagrun for example_sla_dag to 2025-03-10 08:16:00+00:00, run_after=2025-03-10 08:18:00+00:00
[2025-03-10T09:19:23.572+0100] {processor.py:183} INFO - Processing /home/philip/de_engineering/airflow_projects/airflow1/venv/lib/python3.10/site-packages/airflow/example_dags/example_sla_dag.py took 0.149 seconds
[2025-03-10T09:19:54.003+0100] {processor.py:161} INFO - Started process (PID=139085) to work on /home/philip/de_engineering/airflow_projects/airflow1/venv/lib/python3.10/site-packages/airflow/example_dags/example_sla_dag.py
[2025-03-10T09:19:54.004+0100] {processor.py:830} INFO - Processing file /home/philip/de_engineering/airflow_projects/airflow1/venv/lib/python3.10/site-packages/airflow/example_dags/example_sla_dag.py for tasks to queue
[2025-03-10T09:19:54.005+0100] {logging_mixin.py:188} INFO - [2025-03-10T09:19:54.005+0100] {dagbag.py:538} INFO - Filling up the DagBag from /home/philip/de_engineering/airflow_projects/airflow1/venv/lib/python3.10/site-packages/airflow/example_dags/example_sla_dag.py
[2025-03-10T09:19:54.014+0100] {processor.py:840} INFO - DAG(s) 'example_sla_dag' retrieved from /home/philip/de_engineering/airflow_projects/airflow1/venv/lib/python3.10/site-packages/airflow/example_dags/example_sla_dag.py
[2025-03-10T09:19:54.039+0100] {logging_mixin.py:188} INFO - [2025-03-10T09:19:54.039+0100] {dag.py:3036} INFO - Sync 1 DAGs
[2025-03-10T09:19:54.062+0100] {logging_mixin.py:188} INFO - [2025-03-10T09:19:54.062+0100] {dag.py:3823} INFO - Setting next_dagrun for example_sla_dag to 2025-03-10 08:16:00+00:00, run_after=2025-03-10 08:18:00+00:00
[2025-03-10T09:19:54.076+0100] {processor.py:183} INFO - Processing /home/philip/de_engineering/airflow_projects/airflow1/venv/lib/python3.10/site-packages/airflow/example_dags/example_sla_dag.py took 0.076 seconds
[2025-03-10T09:20:24.498+0100] {processor.py:161} INFO - Started process (PID=139465) to work on /home/philip/de_engineering/airflow_projects/airflow1/venv/lib/python3.10/site-packages/airflow/example_dags/example_sla_dag.py
[2025-03-10T09:20:24.499+0100] {processor.py:830} INFO - Processing file /home/philip/de_engineering/airflow_projects/airflow1/venv/lib/python3.10/site-packages/airflow/example_dags/example_sla_dag.py for tasks to queue
[2025-03-10T09:20:24.500+0100] {logging_mixin.py:188} INFO - [2025-03-10T09:20:24.499+0100] {dagbag.py:538} INFO - Filling up the DagBag from /home/philip/de_engineering/airflow_projects/airflow1/venv/lib/python3.10/site-packages/airflow/example_dags/example_sla_dag.py
[2025-03-10T09:20:24.507+0100] {processor.py:840} INFO - DAG(s) 'example_sla_dag' retrieved from /home/philip/de_engineering/airflow_projects/airflow1/venv/lib/python3.10/site-packages/airflow/example_dags/example_sla_dag.py
[2025-03-10T09:20:24.527+0100] {logging_mixin.py:188} INFO - [2025-03-10T09:20:24.527+0100] {dag.py:3036} INFO - Sync 1 DAGs
[2025-03-10T09:20:24.547+0100] {logging_mixin.py:188} INFO - [2025-03-10T09:20:24.546+0100] {dag.py:3823} INFO - Setting next_dagrun for example_sla_dag to 2025-03-10 08:18:00+00:00, run_after=2025-03-10 08:20:00+00:00
[2025-03-10T09:20:24.561+0100] {processor.py:183} INFO - Processing /home/philip/de_engineering/airflow_projects/airflow1/venv/lib/python3.10/site-packages/airflow/example_dags/example_sla_dag.py took 0.066 seconds
[2025-03-10T09:20:54.939+0100] {processor.py:161} INFO - Started process (PID=139840) to work on /home/philip/de_engineering/airflow_projects/airflow1/venv/lib/python3.10/site-packages/airflow/example_dags/example_sla_dag.py
[2025-03-10T09:20:54.940+0100] {processor.py:830} INFO - Processing file /home/philip/de_engineering/airflow_projects/airflow1/venv/lib/python3.10/site-packages/airflow/example_dags/example_sla_dag.py for tasks to queue
[2025-03-10T09:20:54.940+0100] {logging_mixin.py:188} INFO - [2025-03-10T09:20:54.940+0100] {dagbag.py:538} INFO - Filling up the DagBag from /home/philip/de_engineering/airflow_projects/airflow1/venv/lib/python3.10/site-packages/airflow/example_dags/example_sla_dag.py
[2025-03-10T09:20:54.947+0100] {processor.py:840} INFO - DAG(s) 'example_sla_dag' retrieved from /home/philip/de_engineering/airflow_projects/airflow1/venv/lib/python3.10/site-packages/airflow/example_dags/example_sla_dag.py
[2025-03-10T09:20:54.968+0100] {logging_mixin.py:188} INFO - [2025-03-10T09:20:54.968+0100] {dag.py:3036} INFO - Sync 1 DAGs
[2025-03-10T09:20:54.991+0100] {logging_mixin.py:188} INFO - [2025-03-10T09:20:54.991+0100] {dag.py:3823} INFO - Setting next_dagrun for example_sla_dag to 2025-03-10 08:18:00+00:00, run_after=2025-03-10 08:20:00+00:00
[2025-03-10T09:20:55.008+0100] {processor.py:183} INFO - Processing /home/philip/de_engineering/airflow_projects/airflow1/venv/lib/python3.10/site-packages/airflow/example_dags/example_sla_dag.py took 0.073 seconds
[2025-03-10T09:21:25.283+0100] {processor.py:161} INFO - Started process (PID=140223) to work on /home/philip/de_engineering/airflow_projects/airflow1/venv/lib/python3.10/site-packages/airflow/example_dags/example_sla_dag.py
[2025-03-10T09:21:25.285+0100] {processor.py:830} INFO - Processing file /home/philip/de_engineering/airflow_projects/airflow1/venv/lib/python3.10/site-packages/airflow/example_dags/example_sla_dag.py for tasks to queue
[2025-03-10T09:21:25.285+0100] {logging_mixin.py:188} INFO - [2025-03-10T09:21:25.285+0100] {dagbag.py:538} INFO - Filling up the DagBag from /home/philip/de_engineering/airflow_projects/airflow1/venv/lib/python3.10/site-packages/airflow/example_dags/example_sla_dag.py
[2025-03-10T09:21:25.292+0100] {processor.py:840} INFO - DAG(s) 'example_sla_dag' retrieved from /home/philip/de_engineering/airflow_projects/airflow1/venv/lib/python3.10/site-packages/airflow/example_dags/example_sla_dag.py
[2025-03-10T09:21:25.312+0100] {logging_mixin.py:188} INFO - [2025-03-10T09:21:25.312+0100] {dag.py:3036} INFO - Sync 1 DAGs
[2025-03-10T09:21:25.331+0100] {logging_mixin.py:188} INFO - [2025-03-10T09:21:25.331+0100] {dag.py:3823} INFO - Setting next_dagrun for example_sla_dag to 2025-03-10 08:18:00+00:00, run_after=2025-03-10 08:20:00+00:00
[2025-03-10T09:21:25.346+0100] {processor.py:183} INFO - Processing /home/philip/de_engineering/airflow_projects/airflow1/venv/lib/python3.10/site-packages/airflow/example_dags/example_sla_dag.py took 0.066 seconds
[2025-03-10T09:21:55.560+0100] {processor.py:161} INFO - Started process (PID=140608) to work on /home/philip/de_engineering/airflow_projects/airflow1/venv/lib/python3.10/site-packages/airflow/example_dags/example_sla_dag.py
[2025-03-10T09:21:55.561+0100] {processor.py:830} INFO - Processing file /home/philip/de_engineering/airflow_projects/airflow1/venv/lib/python3.10/site-packages/airflow/example_dags/example_sla_dag.py for tasks to queue
[2025-03-10T09:21:55.562+0100] {logging_mixin.py:188} INFO - [2025-03-10T09:21:55.562+0100] {dagbag.py:538} INFO - Filling up the DagBag from /home/philip/de_engineering/airflow_projects/airflow1/venv/lib/python3.10/site-packages/airflow/example_dags/example_sla_dag.py
[2025-03-10T09:21:55.569+0100] {processor.py:840} INFO - DAG(s) 'example_sla_dag' retrieved from /home/philip/de_engineering/airflow_projects/airflow1/venv/lib/python3.10/site-packages/airflow/example_dags/example_sla_dag.py
[2025-03-10T09:21:55.589+0100] {logging_mixin.py:188} INFO - [2025-03-10T09:21:55.589+0100] {dag.py:3036} INFO - Sync 1 DAGs
[2025-03-10T09:21:55.609+0100] {logging_mixin.py:188} INFO - [2025-03-10T09:21:55.609+0100] {dag.py:3823} INFO - Setting next_dagrun for example_sla_dag to 2025-03-10 08:18:00+00:00, run_after=2025-03-10 08:20:00+00:00
[2025-03-10T09:21:55.623+0100] {processor.py:183} INFO - Processing /home/philip/de_engineering/airflow_projects/airflow1/venv/lib/python3.10/site-packages/airflow/example_dags/example_sla_dag.py took 0.066 seconds
[2025-03-10T09:22:25.696+0100] {processor.py:161} INFO - Started process (PID=140980) to work on /home/philip/de_engineering/airflow_projects/airflow1/venv/lib/python3.10/site-packages/airflow/example_dags/example_sla_dag.py
[2025-03-10T09:22:25.697+0100] {processor.py:830} INFO - Processing file /home/philip/de_engineering/airflow_projects/airflow1/venv/lib/python3.10/site-packages/airflow/example_dags/example_sla_dag.py for tasks to queue
[2025-03-10T09:22:25.697+0100] {logging_mixin.py:188} INFO - [2025-03-10T09:22:25.697+0100] {dagbag.py:538} INFO - Filling up the DagBag from /home/philip/de_engineering/airflow_projects/airflow1/venv/lib/python3.10/site-packages/airflow/example_dags/example_sla_dag.py
[2025-03-10T09:22:25.706+0100] {processor.py:840} INFO - DAG(s) 'example_sla_dag' retrieved from /home/philip/de_engineering/airflow_projects/airflow1/venv/lib/python3.10/site-packages/airflow/example_dags/example_sla_dag.py
[2025-03-10T09:22:25.730+0100] {logging_mixin.py:188} INFO - [2025-03-10T09:22:25.730+0100] {dag.py:3036} INFO - Sync 1 DAGs
[2025-03-10T09:22:25.750+0100] {logging_mixin.py:188} INFO - [2025-03-10T09:22:25.749+0100] {dag.py:3823} INFO - Setting next_dagrun for example_sla_dag to 2025-03-10 08:20:00+00:00, run_after=2025-03-10 08:22:00+00:00
[2025-03-10T09:22:25.764+0100] {processor.py:183} INFO - Processing /home/philip/de_engineering/airflow_projects/airflow1/venv/lib/python3.10/site-packages/airflow/example_dags/example_sla_dag.py took 0.071 seconds
[2025-03-10T09:22:56.023+0100] {processor.py:161} INFO - Started process (PID=141365) to work on /home/philip/de_engineering/airflow_projects/airflow1/venv/lib/python3.10/site-packages/airflow/example_dags/example_sla_dag.py
[2025-03-10T09:22:56.025+0100] {processor.py:830} INFO - Processing file /home/philip/de_engineering/airflow_projects/airflow1/venv/lib/python3.10/site-packages/airflow/example_dags/example_sla_dag.py for tasks to queue
[2025-03-10T09:22:56.026+0100] {logging_mixin.py:188} INFO - [2025-03-10T09:22:56.026+0100] {dagbag.py:538} INFO - Filling up the DagBag from /home/philip/de_engineering/airflow_projects/airflow1/venv/lib/python3.10/site-packages/airflow/example_dags/example_sla_dag.py
[2025-03-10T09:22:56.034+0100] {processor.py:840} INFO - DAG(s) 'example_sla_dag' retrieved from /home/philip/de_engineering/airflow_projects/airflow1/venv/lib/python3.10/site-packages/airflow/example_dags/example_sla_dag.py
[2025-03-10T09:22:56.061+0100] {logging_mixin.py:188} INFO - [2025-03-10T09:22:56.060+0100] {dag.py:3036} INFO - Sync 1 DAGs
[2025-03-10T09:22:56.081+0100] {logging_mixin.py:188} INFO - [2025-03-10T09:22:56.081+0100] {dag.py:3823} INFO - Setting next_dagrun for example_sla_dag to 2025-03-10 08:20:00+00:00, run_after=2025-03-10 08:22:00+00:00
[2025-03-10T09:22:56.097+0100] {processor.py:183} INFO - Processing /home/philip/de_engineering/airflow_projects/airflow1/venv/lib/python3.10/site-packages/airflow/example_dags/example_sla_dag.py took 0.076 seconds
[2025-03-10T09:23:26.301+0100] {processor.py:161} INFO - Started process (PID=141736) to work on /home/philip/de_engineering/airflow_projects/airflow1/venv/lib/python3.10/site-packages/airflow/example_dags/example_sla_dag.py
[2025-03-10T09:23:26.302+0100] {processor.py:830} INFO - Processing file /home/philip/de_engineering/airflow_projects/airflow1/venv/lib/python3.10/site-packages/airflow/example_dags/example_sla_dag.py for tasks to queue
[2025-03-10T09:23:26.303+0100] {logging_mixin.py:188} INFO - [2025-03-10T09:23:26.303+0100] {dagbag.py:538} INFO - Filling up the DagBag from /home/philip/de_engineering/airflow_projects/airflow1/venv/lib/python3.10/site-packages/airflow/example_dags/example_sla_dag.py
[2025-03-10T09:23:26.311+0100] {processor.py:840} INFO - DAG(s) 'example_sla_dag' retrieved from /home/philip/de_engineering/airflow_projects/airflow1/venv/lib/python3.10/site-packages/airflow/example_dags/example_sla_dag.py
[2025-03-10T09:23:26.338+0100] {logging_mixin.py:188} INFO - [2025-03-10T09:23:26.337+0100] {dag.py:3036} INFO - Sync 1 DAGs
[2025-03-10T09:23:26.362+0100] {logging_mixin.py:188} INFO - [2025-03-10T09:23:26.362+0100] {dag.py:3823} INFO - Setting next_dagrun for example_sla_dag to 2025-03-10 08:20:00+00:00, run_after=2025-03-10 08:22:00+00:00
[2025-03-10T09:23:26.387+0100] {processor.py:183} INFO - Processing /home/philip/de_engineering/airflow_projects/airflow1/venv/lib/python3.10/site-packages/airflow/example_dags/example_sla_dag.py took 0.090 seconds
[2025-03-10T09:23:56.628+0100] {processor.py:161} INFO - Started process (PID=142118) to work on /home/philip/de_engineering/airflow_projects/airflow1/venv/lib/python3.10/site-packages/airflow/example_dags/example_sla_dag.py
[2025-03-10T09:23:56.629+0100] {processor.py:830} INFO - Processing file /home/philip/de_engineering/airflow_projects/airflow1/venv/lib/python3.10/site-packages/airflow/example_dags/example_sla_dag.py for tasks to queue
[2025-03-10T09:23:56.629+0100] {logging_mixin.py:188} INFO - [2025-03-10T09:23:56.629+0100] {dagbag.py:538} INFO - Filling up the DagBag from /home/philip/de_engineering/airflow_projects/airflow1/venv/lib/python3.10/site-packages/airflow/example_dags/example_sla_dag.py
[2025-03-10T09:23:56.636+0100] {processor.py:840} INFO - DAG(s) 'example_sla_dag' retrieved from /home/philip/de_engineering/airflow_projects/airflow1/venv/lib/python3.10/site-packages/airflow/example_dags/example_sla_dag.py
[2025-03-10T09:23:56.655+0100] {logging_mixin.py:188} INFO - [2025-03-10T09:23:56.655+0100] {dag.py:3036} INFO - Sync 1 DAGs
[2025-03-10T09:23:56.673+0100] {logging_mixin.py:188} INFO - [2025-03-10T09:23:56.673+0100] {dag.py:3823} INFO - Setting next_dagrun for example_sla_dag to 2025-03-10 08:20:00+00:00, run_after=2025-03-10 08:22:00+00:00
[2025-03-10T09:23:56.687+0100] {processor.py:183} INFO - Processing /home/philip/de_engineering/airflow_projects/airflow1/venv/lib/python3.10/site-packages/airflow/example_dags/example_sla_dag.py took 0.062 seconds
[2025-03-10T09:24:27.036+0100] {processor.py:161} INFO - Started process (PID=142495) to work on /home/philip/de_engineering/airflow_projects/airflow1/venv/lib/python3.10/site-packages/airflow/example_dags/example_sla_dag.py
[2025-03-10T09:24:27.037+0100] {processor.py:830} INFO - Processing file /home/philip/de_engineering/airflow_projects/airflow1/venv/lib/python3.10/site-packages/airflow/example_dags/example_sla_dag.py for tasks to queue
[2025-03-10T09:24:27.038+0100] {logging_mixin.py:188} INFO - [2025-03-10T09:24:27.038+0100] {dagbag.py:538} INFO - Filling up the DagBag from /home/philip/de_engineering/airflow_projects/airflow1/venv/lib/python3.10/site-packages/airflow/example_dags/example_sla_dag.py
[2025-03-10T09:24:27.047+0100] {processor.py:840} INFO - DAG(s) 'example_sla_dag' retrieved from /home/philip/de_engineering/airflow_projects/airflow1/venv/lib/python3.10/site-packages/airflow/example_dags/example_sla_dag.py
[2025-03-10T09:24:27.070+0100] {logging_mixin.py:188} INFO - [2025-03-10T09:24:27.070+0100] {dag.py:3036} INFO - Sync 1 DAGs
[2025-03-10T09:24:27.093+0100] {logging_mixin.py:188} INFO - [2025-03-10T09:24:27.093+0100] {dag.py:3823} INFO - Setting next_dagrun for example_sla_dag to 2025-03-10 08:22:00+00:00, run_after=2025-03-10 08:24:00+00:00
[2025-03-10T09:24:27.110+0100] {processor.py:183} INFO - Processing /home/philip/de_engineering/airflow_projects/airflow1/venv/lib/python3.10/site-packages/airflow/example_dags/example_sla_dag.py took 0.078 seconds
[2025-03-10T09:24:57.245+0100] {processor.py:161} INFO - Started process (PID=142874) to work on /home/philip/de_engineering/airflow_projects/airflow1/venv/lib/python3.10/site-packages/airflow/example_dags/example_sla_dag.py
[2025-03-10T09:24:57.246+0100] {processor.py:830} INFO - Processing file /home/philip/de_engineering/airflow_projects/airflow1/venv/lib/python3.10/site-packages/airflow/example_dags/example_sla_dag.py for tasks to queue
[2025-03-10T09:24:57.247+0100] {logging_mixin.py:188} INFO - [2025-03-10T09:24:57.246+0100] {dagbag.py:538} INFO - Filling up the DagBag from /home/philip/de_engineering/airflow_projects/airflow1/venv/lib/python3.10/site-packages/airflow/example_dags/example_sla_dag.py
[2025-03-10T09:24:57.254+0100] {processor.py:840} INFO - DAG(s) 'example_sla_dag' retrieved from /home/philip/de_engineering/airflow_projects/airflow1/venv/lib/python3.10/site-packages/airflow/example_dags/example_sla_dag.py
[2025-03-10T09:24:57.274+0100] {logging_mixin.py:188} INFO - [2025-03-10T09:24:57.274+0100] {dag.py:3036} INFO - Sync 1 DAGs
[2025-03-10T09:24:57.299+0100] {logging_mixin.py:188} INFO - [2025-03-10T09:24:57.299+0100] {dag.py:3823} INFO - Setting next_dagrun for example_sla_dag to 2025-03-10 08:22:00+00:00, run_after=2025-03-10 08:24:00+00:00
[2025-03-10T09:24:57.316+0100] {processor.py:183} INFO - Processing /home/philip/de_engineering/airflow_projects/airflow1/venv/lib/python3.10/site-packages/airflow/example_dags/example_sla_dag.py took 0.074 seconds
[2025-03-10T09:25:27.514+0100] {processor.py:161} INFO - Started process (PID=143259) to work on /home/philip/de_engineering/airflow_projects/airflow1/venv/lib/python3.10/site-packages/airflow/example_dags/example_sla_dag.py
[2025-03-10T09:25:27.515+0100] {processor.py:830} INFO - Processing file /home/philip/de_engineering/airflow_projects/airflow1/venv/lib/python3.10/site-packages/airflow/example_dags/example_sla_dag.py for tasks to queue
[2025-03-10T09:25:27.516+0100] {logging_mixin.py:188} INFO - [2025-03-10T09:25:27.516+0100] {dagbag.py:538} INFO - Filling up the DagBag from /home/philip/de_engineering/airflow_projects/airflow1/venv/lib/python3.10/site-packages/airflow/example_dags/example_sla_dag.py
[2025-03-10T09:25:27.523+0100] {processor.py:840} INFO - DAG(s) 'example_sla_dag' retrieved from /home/philip/de_engineering/airflow_projects/airflow1/venv/lib/python3.10/site-packages/airflow/example_dags/example_sla_dag.py
[2025-03-10T09:25:27.542+0100] {logging_mixin.py:188} INFO - [2025-03-10T09:25:27.542+0100] {dag.py:3036} INFO - Sync 1 DAGs
[2025-03-10T09:25:27.562+0100] {logging_mixin.py:188} INFO - [2025-03-10T09:25:27.561+0100] {dag.py:3823} INFO - Setting next_dagrun for example_sla_dag to 2025-03-10 08:22:00+00:00, run_after=2025-03-10 08:24:00+00:00
[2025-03-10T09:25:27.577+0100] {processor.py:183} INFO - Processing /home/philip/de_engineering/airflow_projects/airflow1/venv/lib/python3.10/site-packages/airflow/example_dags/example_sla_dag.py took 0.066 seconds
[2025-03-10T09:25:57.983+0100] {processor.py:161} INFO - Started process (PID=143634) to work on /home/philip/de_engineering/airflow_projects/airflow1/venv/lib/python3.10/site-packages/airflow/example_dags/example_sla_dag.py
[2025-03-10T09:25:57.986+0100] {processor.py:830} INFO - Processing file /home/philip/de_engineering/airflow_projects/airflow1/venv/lib/python3.10/site-packages/airflow/example_dags/example_sla_dag.py for tasks to queue
[2025-03-10T09:25:57.987+0100] {logging_mixin.py:188} INFO - [2025-03-10T09:25:57.987+0100] {dagbag.py:538} INFO - Filling up the DagBag from /home/philip/de_engineering/airflow_projects/airflow1/venv/lib/python3.10/site-packages/airflow/example_dags/example_sla_dag.py
[2025-03-10T09:25:57.997+0100] {processor.py:840} INFO - DAG(s) 'example_sla_dag' retrieved from /home/philip/de_engineering/airflow_projects/airflow1/venv/lib/python3.10/site-packages/airflow/example_dags/example_sla_dag.py
[2025-03-10T09:25:58.019+0100] {logging_mixin.py:188} INFO - [2025-03-10T09:25:58.019+0100] {dag.py:3036} INFO - Sync 1 DAGs
[2025-03-10T09:25:58.043+0100] {logging_mixin.py:188} INFO - [2025-03-10T09:25:58.043+0100] {dag.py:3823} INFO - Setting next_dagrun for example_sla_dag to 2025-03-10 08:22:00+00:00, run_after=2025-03-10 08:24:00+00:00
[2025-03-10T09:25:58.062+0100] {processor.py:183} INFO - Processing /home/philip/de_engineering/airflow_projects/airflow1/venv/lib/python3.10/site-packages/airflow/example_dags/example_sla_dag.py took 0.082 seconds
[2025-03-10T09:26:28.390+0100] {processor.py:161} INFO - Started process (PID=144014) to work on /home/philip/de_engineering/airflow_projects/airflow1/venv/lib/python3.10/site-packages/airflow/example_dags/example_sla_dag.py
[2025-03-10T09:26:28.391+0100] {processor.py:830} INFO - Processing file /home/philip/de_engineering/airflow_projects/airflow1/venv/lib/python3.10/site-packages/airflow/example_dags/example_sla_dag.py for tasks to queue
[2025-03-10T09:26:28.392+0100] {logging_mixin.py:188} INFO - [2025-03-10T09:26:28.392+0100] {dagbag.py:538} INFO - Filling up the DagBag from /home/philip/de_engineering/airflow_projects/airflow1/venv/lib/python3.10/site-packages/airflow/example_dags/example_sla_dag.py
[2025-03-10T09:26:28.402+0100] {processor.py:840} INFO - DAG(s) 'example_sla_dag' retrieved from /home/philip/de_engineering/airflow_projects/airflow1/venv/lib/python3.10/site-packages/airflow/example_dags/example_sla_dag.py
[2025-03-10T09:26:28.425+0100] {logging_mixin.py:188} INFO - [2025-03-10T09:26:28.425+0100] {dag.py:3036} INFO - Sync 1 DAGs
[2025-03-10T09:26:28.451+0100] {logging_mixin.py:188} INFO - [2025-03-10T09:26:28.451+0100] {dag.py:3823} INFO - Setting next_dagrun for example_sla_dag to 2025-03-10 08:24:00+00:00, run_after=2025-03-10 08:26:00+00:00
[2025-03-10T09:26:28.472+0100] {processor.py:183} INFO - Processing /home/philip/de_engineering/airflow_projects/airflow1/venv/lib/python3.10/site-packages/airflow/example_dags/example_sla_dag.py took 0.085 seconds
[2025-03-10T09:26:58.601+0100] {processor.py:161} INFO - Started process (PID=144388) to work on /home/philip/de_engineering/airflow_projects/airflow1/venv/lib/python3.10/site-packages/airflow/example_dags/example_sla_dag.py
[2025-03-10T09:26:58.602+0100] {processor.py:830} INFO - Processing file /home/philip/de_engineering/airflow_projects/airflow1/venv/lib/python3.10/site-packages/airflow/example_dags/example_sla_dag.py for tasks to queue
[2025-03-10T09:26:58.603+0100] {logging_mixin.py:188} INFO - [2025-03-10T09:26:58.603+0100] {dagbag.py:538} INFO - Filling up the DagBag from /home/philip/de_engineering/airflow_projects/airflow1/venv/lib/python3.10/site-packages/airflow/example_dags/example_sla_dag.py
[2025-03-10T09:26:58.610+0100] {processor.py:840} INFO - DAG(s) 'example_sla_dag' retrieved from /home/philip/de_engineering/airflow_projects/airflow1/venv/lib/python3.10/site-packages/airflow/example_dags/example_sla_dag.py
[2025-03-10T09:26:58.630+0100] {logging_mixin.py:188} INFO - [2025-03-10T09:26:58.630+0100] {dag.py:3036} INFO - Sync 1 DAGs
[2025-03-10T09:26:58.650+0100] {logging_mixin.py:188} INFO - [2025-03-10T09:26:58.650+0100] {dag.py:3823} INFO - Setting next_dagrun for example_sla_dag to 2025-03-10 08:24:00+00:00, run_after=2025-03-10 08:26:00+00:00
[2025-03-10T09:26:58.664+0100] {processor.py:183} INFO - Processing /home/philip/de_engineering/airflow_projects/airflow1/venv/lib/python3.10/site-packages/airflow/example_dags/example_sla_dag.py took 0.066 seconds
[2025-03-10T09:27:28.851+0100] {processor.py:161} INFO - Started process (PID=144768) to work on /home/philip/de_engineering/airflow_projects/airflow1/venv/lib/python3.10/site-packages/airflow/example_dags/example_sla_dag.py
[2025-03-10T09:27:28.851+0100] {processor.py:830} INFO - Processing file /home/philip/de_engineering/airflow_projects/airflow1/venv/lib/python3.10/site-packages/airflow/example_dags/example_sla_dag.py for tasks to queue
[2025-03-10T09:27:28.852+0100] {logging_mixin.py:188} INFO - [2025-03-10T09:27:28.852+0100] {dagbag.py:538} INFO - Filling up the DagBag from /home/philip/de_engineering/airflow_projects/airflow1/venv/lib/python3.10/site-packages/airflow/example_dags/example_sla_dag.py
[2025-03-10T09:27:28.859+0100] {processor.py:840} INFO - DAG(s) 'example_sla_dag' retrieved from /home/philip/de_engineering/airflow_projects/airflow1/venv/lib/python3.10/site-packages/airflow/example_dags/example_sla_dag.py
[2025-03-10T09:27:28.882+0100] {logging_mixin.py:188} INFO - [2025-03-10T09:27:28.882+0100] {dag.py:3036} INFO - Sync 1 DAGs
[2025-03-10T09:27:28.912+0100] {logging_mixin.py:188} INFO - [2025-03-10T09:27:28.912+0100] {dag.py:3823} INFO - Setting next_dagrun for example_sla_dag to 2025-03-10 08:24:00+00:00, run_after=2025-03-10 08:26:00+00:00
[2025-03-10T09:27:28.935+0100] {processor.py:183} INFO - Processing /home/philip/de_engineering/airflow_projects/airflow1/venv/lib/python3.10/site-packages/airflow/example_dags/example_sla_dag.py took 0.087 seconds
[2025-03-10T09:27:59.205+0100] {processor.py:161} INFO - Started process (PID=145147) to work on /home/philip/de_engineering/airflow_projects/airflow1/venv/lib/python3.10/site-packages/airflow/example_dags/example_sla_dag.py
[2025-03-10T09:27:59.206+0100] {processor.py:830} INFO - Processing file /home/philip/de_engineering/airflow_projects/airflow1/venv/lib/python3.10/site-packages/airflow/example_dags/example_sla_dag.py for tasks to queue
[2025-03-10T09:27:59.207+0100] {logging_mixin.py:188} INFO - [2025-03-10T09:27:59.207+0100] {dagbag.py:538} INFO - Filling up the DagBag from /home/philip/de_engineering/airflow_projects/airflow1/venv/lib/python3.10/site-packages/airflow/example_dags/example_sla_dag.py
[2025-03-10T09:27:59.215+0100] {processor.py:840} INFO - DAG(s) 'example_sla_dag' retrieved from /home/philip/de_engineering/airflow_projects/airflow1/venv/lib/python3.10/site-packages/airflow/example_dags/example_sla_dag.py
[2025-03-10T09:27:59.237+0100] {logging_mixin.py:188} INFO - [2025-03-10T09:27:59.237+0100] {dag.py:3036} INFO - Sync 1 DAGs
[2025-03-10T09:27:59.261+0100] {logging_mixin.py:188} INFO - [2025-03-10T09:27:59.260+0100] {dag.py:3823} INFO - Setting next_dagrun for example_sla_dag to 2025-03-10 08:24:00+00:00, run_after=2025-03-10 08:26:00+00:00
[2025-03-10T09:27:59.277+0100] {processor.py:183} INFO - Processing /home/philip/de_engineering/airflow_projects/airflow1/venv/lib/python3.10/site-packages/airflow/example_dags/example_sla_dag.py took 0.075 seconds
[2025-03-10T09:28:29.408+0100] {processor.py:161} INFO - Started process (PID=145524) to work on /home/philip/de_engineering/airflow_projects/airflow1/venv/lib/python3.10/site-packages/airflow/example_dags/example_sla_dag.py
[2025-03-10T09:28:29.409+0100] {processor.py:830} INFO - Processing file /home/philip/de_engineering/airflow_projects/airflow1/venv/lib/python3.10/site-packages/airflow/example_dags/example_sla_dag.py for tasks to queue
[2025-03-10T09:28:29.409+0100] {logging_mixin.py:188} INFO - [2025-03-10T09:28:29.409+0100] {dagbag.py:538} INFO - Filling up the DagBag from /home/philip/de_engineering/airflow_projects/airflow1/venv/lib/python3.10/site-packages/airflow/example_dags/example_sla_dag.py
[2025-03-10T09:28:29.416+0100] {processor.py:840} INFO - DAG(s) 'example_sla_dag' retrieved from /home/philip/de_engineering/airflow_projects/airflow1/venv/lib/python3.10/site-packages/airflow/example_dags/example_sla_dag.py
[2025-03-10T09:28:29.437+0100] {logging_mixin.py:188} INFO - [2025-03-10T09:28:29.437+0100] {dag.py:3036} INFO - Sync 1 DAGs
[2025-03-10T09:28:29.460+0100] {logging_mixin.py:188} INFO - [2025-03-10T09:28:29.459+0100] {dag.py:3823} INFO - Setting next_dagrun for example_sla_dag to 2025-03-10 08:26:00+00:00, run_after=2025-03-10 08:28:00+00:00
[2025-03-10T09:28:29.475+0100] {processor.py:183} INFO - Processing /home/philip/de_engineering/airflow_projects/airflow1/venv/lib/python3.10/site-packages/airflow/example_dags/example_sla_dag.py took 0.069 seconds
[2025-03-10T09:28:59.596+0100] {processor.py:161} INFO - Started process (PID=145906) to work on /home/philip/de_engineering/airflow_projects/airflow1/venv/lib/python3.10/site-packages/airflow/example_dags/example_sla_dag.py
[2025-03-10T09:28:59.597+0100] {processor.py:830} INFO - Processing file /home/philip/de_engineering/airflow_projects/airflow1/venv/lib/python3.10/site-packages/airflow/example_dags/example_sla_dag.py for tasks to queue
[2025-03-10T09:28:59.598+0100] {logging_mixin.py:188} INFO - [2025-03-10T09:28:59.597+0100] {dagbag.py:538} INFO - Filling up the DagBag from /home/philip/de_engineering/airflow_projects/airflow1/venv/lib/python3.10/site-packages/airflow/example_dags/example_sla_dag.py
[2025-03-10T09:28:59.604+0100] {processor.py:840} INFO - DAG(s) 'example_sla_dag' retrieved from /home/philip/de_engineering/airflow_projects/airflow1/venv/lib/python3.10/site-packages/airflow/example_dags/example_sla_dag.py
[2025-03-10T09:28:59.624+0100] {logging_mixin.py:188} INFO - [2025-03-10T09:28:59.624+0100] {dag.py:3036} INFO - Sync 1 DAGs
[2025-03-10T09:28:59.643+0100] {logging_mixin.py:188} INFO - [2025-03-10T09:28:59.643+0100] {dag.py:3823} INFO - Setting next_dagrun for example_sla_dag to 2025-03-10 08:26:00+00:00, run_after=2025-03-10 08:28:00+00:00
[2025-03-10T09:28:59.659+0100] {processor.py:183} INFO - Processing /home/philip/de_engineering/airflow_projects/airflow1/venv/lib/python3.10/site-packages/airflow/example_dags/example_sla_dag.py took 0.066 seconds
[2025-03-10T09:29:29.858+0100] {processor.py:161} INFO - Started process (PID=146283) to work on /home/philip/de_engineering/airflow_projects/airflow1/venv/lib/python3.10/site-packages/airflow/example_dags/example_sla_dag.py
[2025-03-10T09:29:29.858+0100] {processor.py:830} INFO - Processing file /home/philip/de_engineering/airflow_projects/airflow1/venv/lib/python3.10/site-packages/airflow/example_dags/example_sla_dag.py for tasks to queue
[2025-03-10T09:29:29.859+0100] {logging_mixin.py:188} INFO - [2025-03-10T09:29:29.859+0100] {dagbag.py:538} INFO - Filling up the DagBag from /home/philip/de_engineering/airflow_projects/airflow1/venv/lib/python3.10/site-packages/airflow/example_dags/example_sla_dag.py
[2025-03-10T09:29:29.865+0100] {processor.py:840} INFO - DAG(s) 'example_sla_dag' retrieved from /home/philip/de_engineering/airflow_projects/airflow1/venv/lib/python3.10/site-packages/airflow/example_dags/example_sla_dag.py
[2025-03-10T09:29:29.885+0100] {logging_mixin.py:188} INFO - [2025-03-10T09:29:29.885+0100] {dag.py:3036} INFO - Sync 1 DAGs
[2025-03-10T09:29:29.903+0100] {logging_mixin.py:188} INFO - [2025-03-10T09:29:29.903+0100] {dag.py:3823} INFO - Setting next_dagrun for example_sla_dag to 2025-03-10 08:26:00+00:00, run_after=2025-03-10 08:28:00+00:00
[2025-03-10T09:29:29.916+0100] {processor.py:183} INFO - Processing /home/philip/de_engineering/airflow_projects/airflow1/venv/lib/python3.10/site-packages/airflow/example_dags/example_sla_dag.py took 0.061 seconds
[2025-03-10T09:29:59.997+0100] {processor.py:161} INFO - Started process (PID=146662) to work on /home/philip/de_engineering/airflow_projects/airflow1/venv/lib/python3.10/site-packages/airflow/example_dags/example_sla_dag.py
[2025-03-10T09:29:59.999+0100] {processor.py:830} INFO - Processing file /home/philip/de_engineering/airflow_projects/airflow1/venv/lib/python3.10/site-packages/airflow/example_dags/example_sla_dag.py for tasks to queue
[2025-03-10T09:30:00.000+0100] {logging_mixin.py:188} INFO - [2025-03-10T09:29:59.999+0100] {dagbag.py:538} INFO - Filling up the DagBag from /home/philip/de_engineering/airflow_projects/airflow1/venv/lib/python3.10/site-packages/airflow/example_dags/example_sla_dag.py
[2025-03-10T09:30:00.007+0100] {processor.py:840} INFO - DAG(s) 'example_sla_dag' retrieved from /home/philip/de_engineering/airflow_projects/airflow1/venv/lib/python3.10/site-packages/airflow/example_dags/example_sla_dag.py
[2025-03-10T09:30:00.028+0100] {logging_mixin.py:188} INFO - [2025-03-10T09:30:00.028+0100] {dag.py:3036} INFO - Sync 1 DAGs
[2025-03-10T09:30:00.047+0100] {logging_mixin.py:188} INFO - [2025-03-10T09:30:00.047+0100] {dag.py:3823} INFO - Setting next_dagrun for example_sla_dag to 2025-03-10 08:28:00+00:00, run_after=2025-03-10 08:30:00+00:00
[2025-03-10T09:30:00.063+0100] {processor.py:183} INFO - Processing /home/philip/de_engineering/airflow_projects/airflow1/venv/lib/python3.10/site-packages/airflow/example_dags/example_sla_dag.py took 0.068 seconds
[2025-03-10T09:30:30.178+0100] {processor.py:161} INFO - Started process (PID=147037) to work on /home/philip/de_engineering/airflow_projects/airflow1/venv/lib/python3.10/site-packages/airflow/example_dags/example_sla_dag.py
[2025-03-10T09:30:30.179+0100] {processor.py:830} INFO - Processing file /home/philip/de_engineering/airflow_projects/airflow1/venv/lib/python3.10/site-packages/airflow/example_dags/example_sla_dag.py for tasks to queue
[2025-03-10T09:30:30.180+0100] {logging_mixin.py:188} INFO - [2025-03-10T09:30:30.180+0100] {dagbag.py:538} INFO - Filling up the DagBag from /home/philip/de_engineering/airflow_projects/airflow1/venv/lib/python3.10/site-packages/airflow/example_dags/example_sla_dag.py
[2025-03-10T09:30:30.187+0100] {processor.py:840} INFO - DAG(s) 'example_sla_dag' retrieved from /home/philip/de_engineering/airflow_projects/airflow1/venv/lib/python3.10/site-packages/airflow/example_dags/example_sla_dag.py
[2025-03-10T09:30:30.206+0100] {logging_mixin.py:188} INFO - [2025-03-10T09:30:30.206+0100] {dag.py:3036} INFO - Sync 1 DAGs
[2025-03-10T09:30:30.226+0100] {logging_mixin.py:188} INFO - [2025-03-10T09:30:30.225+0100] {dag.py:3823} INFO - Setting next_dagrun for example_sla_dag to 2025-03-10 08:28:00+00:00, run_after=2025-03-10 08:30:00+00:00
[2025-03-10T09:30:30.242+0100] {processor.py:183} INFO - Processing /home/philip/de_engineering/airflow_projects/airflow1/venv/lib/python3.10/site-packages/airflow/example_dags/example_sla_dag.py took 0.066 seconds
[2025-03-10T09:31:00.426+0100] {processor.py:161} INFO - Started process (PID=147417) to work on /home/philip/de_engineering/airflow_projects/airflow1/venv/lib/python3.10/site-packages/airflow/example_dags/example_sla_dag.py
[2025-03-10T09:31:00.428+0100] {processor.py:830} INFO - Processing file /home/philip/de_engineering/airflow_projects/airflow1/venv/lib/python3.10/site-packages/airflow/example_dags/example_sla_dag.py for tasks to queue
[2025-03-10T09:31:00.428+0100] {logging_mixin.py:188} INFO - [2025-03-10T09:31:00.428+0100] {dagbag.py:538} INFO - Filling up the DagBag from /home/philip/de_engineering/airflow_projects/airflow1/venv/lib/python3.10/site-packages/airflow/example_dags/example_sla_dag.py
[2025-03-10T09:31:00.435+0100] {processor.py:840} INFO - DAG(s) 'example_sla_dag' retrieved from /home/philip/de_engineering/airflow_projects/airflow1/venv/lib/python3.10/site-packages/airflow/example_dags/example_sla_dag.py
[2025-03-10T09:31:00.456+0100] {logging_mixin.py:188} INFO - [2025-03-10T09:31:00.455+0100] {dag.py:3036} INFO - Sync 1 DAGs
[2025-03-10T09:31:00.475+0100] {logging_mixin.py:188} INFO - [2025-03-10T09:31:00.475+0100] {dag.py:3823} INFO - Setting next_dagrun for example_sla_dag to 2025-03-10 08:28:00+00:00, run_after=2025-03-10 08:30:00+00:00
[2025-03-10T09:31:00.490+0100] {processor.py:183} INFO - Processing /home/philip/de_engineering/airflow_projects/airflow1/venv/lib/python3.10/site-packages/airflow/example_dags/example_sla_dag.py took 0.066 seconds
[2025-03-10T09:31:30.596+0100] {processor.py:161} INFO - Started process (PID=147793) to work on /home/philip/de_engineering/airflow_projects/airflow1/venv/lib/python3.10/site-packages/airflow/example_dags/example_sla_dag.py
[2025-03-10T09:31:30.597+0100] {processor.py:830} INFO - Processing file /home/philip/de_engineering/airflow_projects/airflow1/venv/lib/python3.10/site-packages/airflow/example_dags/example_sla_dag.py for tasks to queue
[2025-03-10T09:31:30.597+0100] {logging_mixin.py:188} INFO - [2025-03-10T09:31:30.597+0100] {dagbag.py:538} INFO - Filling up the DagBag from /home/philip/de_engineering/airflow_projects/airflow1/venv/lib/python3.10/site-packages/airflow/example_dags/example_sla_dag.py
[2025-03-10T09:31:30.604+0100] {processor.py:840} INFO - DAG(s) 'example_sla_dag' retrieved from /home/philip/de_engineering/airflow_projects/airflow1/venv/lib/python3.10/site-packages/airflow/example_dags/example_sla_dag.py
[2025-03-10T09:31:30.624+0100] {logging_mixin.py:188} INFO - [2025-03-10T09:31:30.624+0100] {dag.py:3036} INFO - Sync 1 DAGs
[2025-03-10T09:31:30.646+0100] {logging_mixin.py:188} INFO - [2025-03-10T09:31:30.646+0100] {dag.py:3823} INFO - Setting next_dagrun for example_sla_dag to 2025-03-10 08:28:00+00:00, run_after=2025-03-10 08:30:00+00:00
[2025-03-10T09:31:30.661+0100] {processor.py:183} INFO - Processing /home/philip/de_engineering/airflow_projects/airflow1/venv/lib/python3.10/site-packages/airflow/example_dags/example_sla_dag.py took 0.068 seconds
[2025-03-10T09:32:00.723+0100] {processor.py:161} INFO - Started process (PID=148173) to work on /home/philip/de_engineering/airflow_projects/airflow1/venv/lib/python3.10/site-packages/airflow/example_dags/example_sla_dag.py
[2025-03-10T09:32:00.724+0100] {processor.py:830} INFO - Processing file /home/philip/de_engineering/airflow_projects/airflow1/venv/lib/python3.10/site-packages/airflow/example_dags/example_sla_dag.py for tasks to queue
[2025-03-10T09:32:00.725+0100] {logging_mixin.py:188} INFO - [2025-03-10T09:32:00.725+0100] {dagbag.py:538} INFO - Filling up the DagBag from /home/philip/de_engineering/airflow_projects/airflow1/venv/lib/python3.10/site-packages/airflow/example_dags/example_sla_dag.py
[2025-03-10T09:32:00.732+0100] {processor.py:840} INFO - DAG(s) 'example_sla_dag' retrieved from /home/philip/de_engineering/airflow_projects/airflow1/venv/lib/python3.10/site-packages/airflow/example_dags/example_sla_dag.py
[2025-03-10T09:32:00.753+0100] {logging_mixin.py:188} INFO - [2025-03-10T09:32:00.753+0100] {dag.py:3036} INFO - Sync 1 DAGs
[2025-03-10T09:32:00.772+0100] {logging_mixin.py:188} INFO - [2025-03-10T09:32:00.772+0100] {dag.py:3823} INFO - Setting next_dagrun for example_sla_dag to 2025-03-10 08:30:00+00:00, run_after=2025-03-10 08:32:00+00:00
[2025-03-10T09:32:00.787+0100] {processor.py:183} INFO - Processing /home/philip/de_engineering/airflow_projects/airflow1/venv/lib/python3.10/site-packages/airflow/example_dags/example_sla_dag.py took 0.068 seconds
[2025-03-10T09:32:31.010+0100] {processor.py:161} INFO - Started process (PID=148548) to work on /home/philip/de_engineering/airflow_projects/airflow1/venv/lib/python3.10/site-packages/airflow/example_dags/example_sla_dag.py
[2025-03-10T09:32:31.011+0100] {processor.py:830} INFO - Processing file /home/philip/de_engineering/airflow_projects/airflow1/venv/lib/python3.10/site-packages/airflow/example_dags/example_sla_dag.py for tasks to queue
[2025-03-10T09:32:31.012+0100] {logging_mixin.py:188} INFO - [2025-03-10T09:32:31.012+0100] {dagbag.py:538} INFO - Filling up the DagBag from /home/philip/de_engineering/airflow_projects/airflow1/venv/lib/python3.10/site-packages/airflow/example_dags/example_sla_dag.py
[2025-03-10T09:32:31.018+0100] {processor.py:840} INFO - DAG(s) 'example_sla_dag' retrieved from /home/philip/de_engineering/airflow_projects/airflow1/venv/lib/python3.10/site-packages/airflow/example_dags/example_sla_dag.py
[2025-03-10T09:32:31.039+0100] {logging_mixin.py:188} INFO - [2025-03-10T09:32:31.039+0100] {dag.py:3036} INFO - Sync 1 DAGs
[2025-03-10T09:32:31.060+0100] {logging_mixin.py:188} INFO - [2025-03-10T09:32:31.060+0100] {dag.py:3823} INFO - Setting next_dagrun for example_sla_dag to 2025-03-10 08:30:00+00:00, run_after=2025-03-10 08:32:00+00:00
[2025-03-10T09:32:31.075+0100] {processor.py:183} INFO - Processing /home/philip/de_engineering/airflow_projects/airflow1/venv/lib/python3.10/site-packages/airflow/example_dags/example_sla_dag.py took 0.067 seconds
[2025-03-10T09:33:01.235+0100] {processor.py:161} INFO - Started process (PID=148927) to work on /home/philip/de_engineering/airflow_projects/airflow1/venv/lib/python3.10/site-packages/airflow/example_dags/example_sla_dag.py
[2025-03-10T09:33:01.236+0100] {processor.py:830} INFO - Processing file /home/philip/de_engineering/airflow_projects/airflow1/venv/lib/python3.10/site-packages/airflow/example_dags/example_sla_dag.py for tasks to queue
[2025-03-10T09:33:01.236+0100] {logging_mixin.py:188} INFO - [2025-03-10T09:33:01.236+0100] {dagbag.py:538} INFO - Filling up the DagBag from /home/philip/de_engineering/airflow_projects/airflow1/venv/lib/python3.10/site-packages/airflow/example_dags/example_sla_dag.py
[2025-03-10T09:33:01.243+0100] {processor.py:840} INFO - DAG(s) 'example_sla_dag' retrieved from /home/philip/de_engineering/airflow_projects/airflow1/venv/lib/python3.10/site-packages/airflow/example_dags/example_sla_dag.py
[2025-03-10T09:33:01.262+0100] {logging_mixin.py:188} INFO - [2025-03-10T09:33:01.262+0100] {dag.py:3036} INFO - Sync 1 DAGs
[2025-03-10T09:33:01.279+0100] {logging_mixin.py:188} INFO - [2025-03-10T09:33:01.279+0100] {dag.py:3823} INFO - Setting next_dagrun for example_sla_dag to 2025-03-10 08:30:00+00:00, run_after=2025-03-10 08:32:00+00:00
[2025-03-10T09:33:01.293+0100] {processor.py:183} INFO - Processing /home/philip/de_engineering/airflow_projects/airflow1/venv/lib/python3.10/site-packages/airflow/example_dags/example_sla_dag.py took 0.061 seconds
[2025-03-10T09:33:31.418+0100] {processor.py:161} INFO - Started process (PID=149304) to work on /home/philip/de_engineering/airflow_projects/airflow1/venv/lib/python3.10/site-packages/airflow/example_dags/example_sla_dag.py
[2025-03-10T09:33:31.419+0100] {processor.py:830} INFO - Processing file /home/philip/de_engineering/airflow_projects/airflow1/venv/lib/python3.10/site-packages/airflow/example_dags/example_sla_dag.py for tasks to queue
[2025-03-10T09:33:31.419+0100] {logging_mixin.py:188} INFO - [2025-03-10T09:33:31.419+0100] {dagbag.py:538} INFO - Filling up the DagBag from /home/philip/de_engineering/airflow_projects/airflow1/venv/lib/python3.10/site-packages/airflow/example_dags/example_sla_dag.py
[2025-03-10T09:33:31.426+0100] {processor.py:840} INFO - DAG(s) 'example_sla_dag' retrieved from /home/philip/de_engineering/airflow_projects/airflow1/venv/lib/python3.10/site-packages/airflow/example_dags/example_sla_dag.py
[2025-03-10T09:33:31.445+0100] {logging_mixin.py:188} INFO - [2025-03-10T09:33:31.445+0100] {dag.py:3036} INFO - Sync 1 DAGs
[2025-03-10T09:33:31.466+0100] {logging_mixin.py:188} INFO - [2025-03-10T09:33:31.465+0100] {dag.py:3823} INFO - Setting next_dagrun for example_sla_dag to 2025-03-10 08:30:00+00:00, run_after=2025-03-10 08:32:00+00:00
[2025-03-10T09:33:31.481+0100] {processor.py:183} INFO - Processing /home/philip/de_engineering/airflow_projects/airflow1/venv/lib/python3.10/site-packages/airflow/example_dags/example_sla_dag.py took 0.067 seconds
[2025-03-10T09:34:01.658+0100] {processor.py:161} INFO - Started process (PID=149684) to work on /home/philip/de_engineering/airflow_projects/airflow1/venv/lib/python3.10/site-packages/airflow/example_dags/example_sla_dag.py
[2025-03-10T09:34:01.659+0100] {processor.py:830} INFO - Processing file /home/philip/de_engineering/airflow_projects/airflow1/venv/lib/python3.10/site-packages/airflow/example_dags/example_sla_dag.py for tasks to queue
[2025-03-10T09:34:01.660+0100] {logging_mixin.py:188} INFO - [2025-03-10T09:34:01.659+0100] {dagbag.py:538} INFO - Filling up the DagBag from /home/philip/de_engineering/airflow_projects/airflow1/venv/lib/python3.10/site-packages/airflow/example_dags/example_sla_dag.py
[2025-03-10T09:34:01.667+0100] {processor.py:840} INFO - DAG(s) 'example_sla_dag' retrieved from /home/philip/de_engineering/airflow_projects/airflow1/venv/lib/python3.10/site-packages/airflow/example_dags/example_sla_dag.py
[2025-03-10T09:34:01.686+0100] {logging_mixin.py:188} INFO - [2025-03-10T09:34:01.686+0100] {dag.py:3036} INFO - Sync 1 DAGs
[2025-03-10T09:34:01.706+0100] {logging_mixin.py:188} INFO - [2025-03-10T09:34:01.705+0100] {dag.py:3823} INFO - Setting next_dagrun for example_sla_dag to 2025-03-10 08:32:00+00:00, run_after=2025-03-10 08:34:00+00:00
[2025-03-10T09:34:01.719+0100] {processor.py:183} INFO - Processing /home/philip/de_engineering/airflow_projects/airflow1/venv/lib/python3.10/site-packages/airflow/example_dags/example_sla_dag.py took 0.064 seconds
[2025-03-10T09:34:31.929+0100] {processor.py:161} INFO - Started process (PID=150066) to work on /home/philip/de_engineering/airflow_projects/airflow1/venv/lib/python3.10/site-packages/airflow/example_dags/example_sla_dag.py
[2025-03-10T09:34:31.930+0100] {processor.py:830} INFO - Processing file /home/philip/de_engineering/airflow_projects/airflow1/venv/lib/python3.10/site-packages/airflow/example_dags/example_sla_dag.py for tasks to queue
[2025-03-10T09:34:31.931+0100] {logging_mixin.py:188} INFO - [2025-03-10T09:34:31.930+0100] {dagbag.py:538} INFO - Filling up the DagBag from /home/philip/de_engineering/airflow_projects/airflow1/venv/lib/python3.10/site-packages/airflow/example_dags/example_sla_dag.py
[2025-03-10T09:34:31.939+0100] {processor.py:840} INFO - DAG(s) 'example_sla_dag' retrieved from /home/philip/de_engineering/airflow_projects/airflow1/venv/lib/python3.10/site-packages/airflow/example_dags/example_sla_dag.py
[2025-03-10T09:34:31.959+0100] {logging_mixin.py:188} INFO - [2025-03-10T09:34:31.959+0100] {dag.py:3036} INFO - Sync 1 DAGs
[2025-03-10T09:34:31.979+0100] {logging_mixin.py:188} INFO - [2025-03-10T09:34:31.978+0100] {dag.py:3823} INFO - Setting next_dagrun for example_sla_dag to 2025-03-10 08:32:00+00:00, run_after=2025-03-10 08:34:00+00:00
[2025-03-10T09:34:31.993+0100] {processor.py:183} INFO - Processing /home/philip/de_engineering/airflow_projects/airflow1/venv/lib/python3.10/site-packages/airflow/example_dags/example_sla_dag.py took 0.066 seconds
[2025-03-10T09:35:02.161+0100] {processor.py:161} INFO - Started process (PID=150444) to work on /home/philip/de_engineering/airflow_projects/airflow1/venv/lib/python3.10/site-packages/airflow/example_dags/example_sla_dag.py
[2025-03-10T09:35:02.162+0100] {processor.py:830} INFO - Processing file /home/philip/de_engineering/airflow_projects/airflow1/venv/lib/python3.10/site-packages/airflow/example_dags/example_sla_dag.py for tasks to queue
[2025-03-10T09:35:02.163+0100] {logging_mixin.py:188} INFO - [2025-03-10T09:35:02.163+0100] {dagbag.py:538} INFO - Filling up the DagBag from /home/philip/de_engineering/airflow_projects/airflow1/venv/lib/python3.10/site-packages/airflow/example_dags/example_sla_dag.py
[2025-03-10T09:35:02.169+0100] {processor.py:840} INFO - DAG(s) 'example_sla_dag' retrieved from /home/philip/de_engineering/airflow_projects/airflow1/venv/lib/python3.10/site-packages/airflow/example_dags/example_sla_dag.py
[2025-03-10T09:35:02.189+0100] {logging_mixin.py:188} INFO - [2025-03-10T09:35:02.188+0100] {dag.py:3036} INFO - Sync 1 DAGs
[2025-03-10T09:35:02.208+0100] {logging_mixin.py:188} INFO - [2025-03-10T09:35:02.207+0100] {dag.py:3823} INFO - Setting next_dagrun for example_sla_dag to 2025-03-10 08:32:00+00:00, run_after=2025-03-10 08:34:00+00:00
[2025-03-10T09:35:02.220+0100] {processor.py:183} INFO - Processing /home/philip/de_engineering/airflow_projects/airflow1/venv/lib/python3.10/site-packages/airflow/example_dags/example_sla_dag.py took 0.062 seconds
[2025-03-10T09:35:32.402+0100] {processor.py:161} INFO - Started process (PID=150825) to work on /home/philip/de_engineering/airflow_projects/airflow1/venv/lib/python3.10/site-packages/airflow/example_dags/example_sla_dag.py
[2025-03-10T09:35:32.404+0100] {processor.py:830} INFO - Processing file /home/philip/de_engineering/airflow_projects/airflow1/venv/lib/python3.10/site-packages/airflow/example_dags/example_sla_dag.py for tasks to queue
[2025-03-10T09:35:32.404+0100] {logging_mixin.py:188} INFO - [2025-03-10T09:35:32.404+0100] {dagbag.py:538} INFO - Filling up the DagBag from /home/philip/de_engineering/airflow_projects/airflow1/venv/lib/python3.10/site-packages/airflow/example_dags/example_sla_dag.py
[2025-03-10T09:35:32.412+0100] {processor.py:840} INFO - DAG(s) 'example_sla_dag' retrieved from /home/philip/de_engineering/airflow_projects/airflow1/venv/lib/python3.10/site-packages/airflow/example_dags/example_sla_dag.py
[2025-03-10T09:35:32.432+0100] {logging_mixin.py:188} INFO - [2025-03-10T09:35:32.432+0100] {dag.py:3036} INFO - Sync 1 DAGs
[2025-03-10T09:35:32.450+0100] {logging_mixin.py:188} INFO - [2025-03-10T09:35:32.450+0100] {dag.py:3823} INFO - Setting next_dagrun for example_sla_dag to 2025-03-10 08:32:00+00:00, run_after=2025-03-10 08:34:00+00:00
[2025-03-10T09:35:32.465+0100] {processor.py:183} INFO - Processing /home/philip/de_engineering/airflow_projects/airflow1/venv/lib/python3.10/site-packages/airflow/example_dags/example_sla_dag.py took 0.065 seconds
[2025-03-10T09:36:02.601+0100] {processor.py:161} INFO - Started process (PID=151200) to work on /home/philip/de_engineering/airflow_projects/airflow1/venv/lib/python3.10/site-packages/airflow/example_dags/example_sla_dag.py
[2025-03-10T09:36:02.602+0100] {processor.py:830} INFO - Processing file /home/philip/de_engineering/airflow_projects/airflow1/venv/lib/python3.10/site-packages/airflow/example_dags/example_sla_dag.py for tasks to queue
[2025-03-10T09:36:02.603+0100] {logging_mixin.py:188} INFO - [2025-03-10T09:36:02.603+0100] {dagbag.py:538} INFO - Filling up the DagBag from /home/philip/de_engineering/airflow_projects/airflow1/venv/lib/python3.10/site-packages/airflow/example_dags/example_sla_dag.py
[2025-03-10T09:36:02.610+0100] {processor.py:840} INFO - DAG(s) 'example_sla_dag' retrieved from /home/philip/de_engineering/airflow_projects/airflow1/venv/lib/python3.10/site-packages/airflow/example_dags/example_sla_dag.py
[2025-03-10T09:36:02.631+0100] {logging_mixin.py:188} INFO - [2025-03-10T09:36:02.631+0100] {dag.py:3036} INFO - Sync 1 DAGs
[2025-03-10T09:36:02.651+0100] {logging_mixin.py:188} INFO - [2025-03-10T09:36:02.651+0100] {dag.py:3823} INFO - Setting next_dagrun for example_sla_dag to 2025-03-10 08:34:00+00:00, run_after=2025-03-10 08:36:00+00:00
[2025-03-10T09:36:02.666+0100] {processor.py:183} INFO - Processing /home/philip/de_engineering/airflow_projects/airflow1/venv/lib/python3.10/site-packages/airflow/example_dags/example_sla_dag.py took 0.068 seconds
