[2025-03-10T09:14:22.896+0100] {processor.py:161} INFO - Started process (PID=136835) to work on /home/philip/de_engineering/airflow_projects/airflow1/venv/lib/python3.10/site-packages/airflow/example_dags/example_task_group.py
[2025-03-10T09:14:22.897+0100] {processor.py:830} INFO - Processing file /home/philip/de_engineering/airflow_projects/airflow1/venv/lib/python3.10/site-packages/airflow/example_dags/example_task_group.py for tasks to queue
[2025-03-10T09:14:22.898+0100] {logging_mixin.py:188} INFO - [2025-03-10T09:14:22.897+0100] {dagbag.py:538} INFO - Filling up the DagBag from /home/philip/de_engineering/airflow_projects/airflow1/venv/lib/python3.10/site-packages/airflow/example_dags/example_task_group.py
[2025-03-10T09:14:22.912+0100] {processor.py:840} INFO - DAG(s) 'example_task_group' retrieved from /home/philip/de_engineering/airflow_projects/airflow1/venv/lib/python3.10/site-packages/airflow/example_dags/example_task_group.py
[2025-03-10T09:14:23.149+0100] {logging_mixin.py:188} INFO - [2025-03-10T09:14:23.148+0100] {override.py:1769} INFO - Created Permission View: can read on DAG:example_task_group
[2025-03-10T09:14:23.157+0100] {logging_mixin.py:188} INFO - [2025-03-10T09:14:23.156+0100] {override.py:1769} INFO - Created Permission View: can delete on DAG:example_task_group
[2025-03-10T09:14:23.161+0100] {logging_mixin.py:188} INFO - [2025-03-10T09:14:23.161+0100] {override.py:1769} INFO - Created Permission View: can edit on DAG:example_task_group
[2025-03-10T09:14:23.161+0100] {logging_mixin.py:188} INFO - [2025-03-10T09:14:23.161+0100] {dag.py:3036} INFO - Sync 1 DAGs
[2025-03-10T09:14:23.170+0100] {logging_mixin.py:188} INFO - [2025-03-10T09:14:23.170+0100] {dag.py:3058} INFO - Creating ORM DAG for example_task_group
[2025-03-10T09:14:23.177+0100] {logging_mixin.py:188} INFO - [2025-03-10T09:14:23.177+0100] {dag.py:3823} INFO - Setting next_dagrun for example_task_group to 2025-03-09 00:00:00+00:00, run_after=2025-03-10 00:00:00+00:00
[2025-03-10T09:14:23.190+0100] {processor.py:183} INFO - Processing /home/philip/de_engineering/airflow_projects/airflow1/venv/lib/python3.10/site-packages/airflow/example_dags/example_task_group.py took 0.298 seconds
[2025-03-10T09:14:53.884+0100] {processor.py:161} INFO - Started process (PID=136946) to work on /home/philip/de_engineering/airflow_projects/airflow1/venv/lib/python3.10/site-packages/airflow/example_dags/example_task_group.py
[2025-03-10T09:14:53.885+0100] {processor.py:830} INFO - Processing file /home/philip/de_engineering/airflow_projects/airflow1/venv/lib/python3.10/site-packages/airflow/example_dags/example_task_group.py for tasks to queue
[2025-03-10T09:14:53.886+0100] {logging_mixin.py:188} INFO - [2025-03-10T09:14:53.885+0100] {dagbag.py:538} INFO - Filling up the DagBag from /home/philip/de_engineering/airflow_projects/airflow1/venv/lib/python3.10/site-packages/airflow/example_dags/example_task_group.py
[2025-03-10T09:14:53.895+0100] {processor.py:840} INFO - DAG(s) 'example_task_group' retrieved from /home/philip/de_engineering/airflow_projects/airflow1/venv/lib/python3.10/site-packages/airflow/example_dags/example_task_group.py
[2025-03-10T09:14:53.921+0100] {logging_mixin.py:188} INFO - [2025-03-10T09:14:53.921+0100] {dag.py:3036} INFO - Sync 1 DAGs
[2025-03-10T09:14:53.940+0100] {logging_mixin.py:188} INFO - [2025-03-10T09:14:53.940+0100] {dag.py:3823} INFO - Setting next_dagrun for example_task_group to 2025-03-09 00:00:00+00:00, run_after=2025-03-10 00:00:00+00:00
[2025-03-10T09:14:53.955+0100] {processor.py:183} INFO - Processing /home/philip/de_engineering/airflow_projects/airflow1/venv/lib/python3.10/site-packages/airflow/example_dags/example_task_group.py took 0.076 seconds
[2025-03-10T09:15:24.024+0100] {processor.py:161} INFO - Started process (PID=137048) to work on /home/philip/de_engineering/airflow_projects/airflow1/venv/lib/python3.10/site-packages/airflow/example_dags/example_task_group.py
[2025-03-10T09:15:24.026+0100] {processor.py:830} INFO - Processing file /home/philip/de_engineering/airflow_projects/airflow1/venv/lib/python3.10/site-packages/airflow/example_dags/example_task_group.py for tasks to queue
[2025-03-10T09:15:24.027+0100] {logging_mixin.py:188} INFO - [2025-03-10T09:15:24.026+0100] {dagbag.py:538} INFO - Filling up the DagBag from /home/philip/de_engineering/airflow_projects/airflow1/venv/lib/python3.10/site-packages/airflow/example_dags/example_task_group.py
[2025-03-10T09:15:24.033+0100] {processor.py:840} INFO - DAG(s) 'example_task_group' retrieved from /home/philip/de_engineering/airflow_projects/airflow1/venv/lib/python3.10/site-packages/airflow/example_dags/example_task_group.py
[2025-03-10T09:15:24.058+0100] {logging_mixin.py:188} INFO - [2025-03-10T09:15:24.058+0100] {dag.py:3036} INFO - Sync 1 DAGs
[2025-03-10T09:15:24.077+0100] {logging_mixin.py:188} INFO - [2025-03-10T09:15:24.077+0100] {dag.py:3823} INFO - Setting next_dagrun for example_task_group to 2025-03-09 00:00:00+00:00, run_after=2025-03-10 00:00:00+00:00
[2025-03-10T09:15:24.091+0100] {processor.py:183} INFO - Processing /home/philip/de_engineering/airflow_projects/airflow1/venv/lib/python3.10/site-packages/airflow/example_dags/example_task_group.py took 0.070 seconds
[2025-03-10T09:15:54.227+0100] {processor.py:161} INFO - Started process (PID=137148) to work on /home/philip/de_engineering/airflow_projects/airflow1/venv/lib/python3.10/site-packages/airflow/example_dags/example_task_group.py
[2025-03-10T09:15:54.228+0100] {processor.py:830} INFO - Processing file /home/philip/de_engineering/airflow_projects/airflow1/venv/lib/python3.10/site-packages/airflow/example_dags/example_task_group.py for tasks to queue
[2025-03-10T09:15:54.229+0100] {logging_mixin.py:188} INFO - [2025-03-10T09:15:54.229+0100] {dagbag.py:538} INFO - Filling up the DagBag from /home/philip/de_engineering/airflow_projects/airflow1/venv/lib/python3.10/site-packages/airflow/example_dags/example_task_group.py
[2025-03-10T09:15:54.235+0100] {processor.py:840} INFO - DAG(s) 'example_task_group' retrieved from /home/philip/de_engineering/airflow_projects/airflow1/venv/lib/python3.10/site-packages/airflow/example_dags/example_task_group.py
[2025-03-10T09:15:54.257+0100] {logging_mixin.py:188} INFO - [2025-03-10T09:15:54.257+0100] {dag.py:3036} INFO - Sync 1 DAGs
[2025-03-10T09:15:54.275+0100] {logging_mixin.py:188} INFO - [2025-03-10T09:15:54.274+0100] {dag.py:3823} INFO - Setting next_dagrun for example_task_group to 2025-03-09 00:00:00+00:00, run_after=2025-03-10 00:00:00+00:00
[2025-03-10T09:15:54.290+0100] {processor.py:183} INFO - Processing /home/philip/de_engineering/airflow_projects/airflow1/venv/lib/python3.10/site-packages/airflow/example_dags/example_task_group.py took 0.065 seconds
[2025-03-10T09:16:24.805+0100] {processor.py:161} INFO - Started process (PID=137519) to work on /home/philip/de_engineering/airflow_projects/airflow1/venv/lib/python3.10/site-packages/airflow/example_dags/example_task_group.py
[2025-03-10T09:16:24.807+0100] {processor.py:830} INFO - Processing file /home/philip/de_engineering/airflow_projects/airflow1/venv/lib/python3.10/site-packages/airflow/example_dags/example_task_group.py for tasks to queue
[2025-03-10T09:16:24.808+0100] {logging_mixin.py:188} INFO - [2025-03-10T09:16:24.808+0100] {dagbag.py:538} INFO - Filling up the DagBag from /home/philip/de_engineering/airflow_projects/airflow1/venv/lib/python3.10/site-packages/airflow/example_dags/example_task_group.py
[2025-03-10T09:16:24.816+0100] {processor.py:840} INFO - DAG(s) 'example_task_group' retrieved from /home/philip/de_engineering/airflow_projects/airflow1/venv/lib/python3.10/site-packages/airflow/example_dags/example_task_group.py
[2025-03-10T09:16:24.845+0100] {logging_mixin.py:188} INFO - [2025-03-10T09:16:24.845+0100] {dag.py:3036} INFO - Sync 1 DAGs
[2025-03-10T09:16:24.866+0100] {logging_mixin.py:188} INFO - [2025-03-10T09:16:24.866+0100] {dag.py:3823} INFO - Setting next_dagrun for example_task_group to 2025-03-09 00:00:00+00:00, run_after=2025-03-10 00:00:00+00:00
[2025-03-10T09:16:24.884+0100] {processor.py:183} INFO - Processing /home/philip/de_engineering/airflow_projects/airflow1/venv/lib/python3.10/site-packages/airflow/example_dags/example_task_group.py took 0.082 seconds
[2025-03-10T09:16:54.964+0100] {processor.py:161} INFO - Started process (PID=137708) to work on /home/philip/de_engineering/airflow_projects/airflow1/venv/lib/python3.10/site-packages/airflow/example_dags/example_task_group.py
[2025-03-10T09:16:54.965+0100] {processor.py:830} INFO - Processing file /home/philip/de_engineering/airflow_projects/airflow1/venv/lib/python3.10/site-packages/airflow/example_dags/example_task_group.py for tasks to queue
[2025-03-10T09:16:54.965+0100] {logging_mixin.py:188} INFO - [2025-03-10T09:16:54.965+0100] {dagbag.py:538} INFO - Filling up the DagBag from /home/philip/de_engineering/airflow_projects/airflow1/venv/lib/python3.10/site-packages/airflow/example_dags/example_task_group.py
[2025-03-10T09:16:54.972+0100] {processor.py:840} INFO - DAG(s) 'example_task_group' retrieved from /home/philip/de_engineering/airflow_projects/airflow1/venv/lib/python3.10/site-packages/airflow/example_dags/example_task_group.py
[2025-03-10T09:16:54.996+0100] {logging_mixin.py:188} INFO - [2025-03-10T09:16:54.996+0100] {dag.py:3036} INFO - Sync 1 DAGs
[2025-03-10T09:16:55.014+0100] {logging_mixin.py:188} INFO - [2025-03-10T09:16:55.014+0100] {dag.py:3823} INFO - Setting next_dagrun for example_task_group to 2025-03-09 00:00:00+00:00, run_after=2025-03-10 00:00:00+00:00
[2025-03-10T09:16:55.031+0100] {processor.py:183} INFO - Processing /home/philip/de_engineering/airflow_projects/airflow1/venv/lib/python3.10/site-packages/airflow/example_dags/example_task_group.py took 0.070 seconds
[2025-03-10T09:17:25.215+0100] {processor.py:161} INFO - Started process (PID=137900) to work on /home/philip/de_engineering/airflow_projects/airflow1/venv/lib/python3.10/site-packages/airflow/example_dags/example_task_group.py
[2025-03-10T09:17:25.216+0100] {processor.py:830} INFO - Processing file /home/philip/de_engineering/airflow_projects/airflow1/venv/lib/python3.10/site-packages/airflow/example_dags/example_task_group.py for tasks to queue
[2025-03-10T09:17:25.217+0100] {logging_mixin.py:188} INFO - [2025-03-10T09:17:25.217+0100] {dagbag.py:538} INFO - Filling up the DagBag from /home/philip/de_engineering/airflow_projects/airflow1/venv/lib/python3.10/site-packages/airflow/example_dags/example_task_group.py
[2025-03-10T09:17:25.225+0100] {processor.py:840} INFO - DAG(s) 'example_task_group' retrieved from /home/philip/de_engineering/airflow_projects/airflow1/venv/lib/python3.10/site-packages/airflow/example_dags/example_task_group.py
[2025-03-10T09:17:25.250+0100] {logging_mixin.py:188} INFO - [2025-03-10T09:17:25.250+0100] {dag.py:3036} INFO - Sync 1 DAGs
[2025-03-10T09:17:25.272+0100] {logging_mixin.py:188} INFO - [2025-03-10T09:17:25.271+0100] {dag.py:3823} INFO - Setting next_dagrun for example_task_group to 2025-03-09 00:00:00+00:00, run_after=2025-03-10 00:00:00+00:00
[2025-03-10T09:17:25.287+0100] {processor.py:183} INFO - Processing /home/philip/de_engineering/airflow_projects/airflow1/venv/lib/python3.10/site-packages/airflow/example_dags/example_task_group.py took 0.076 seconds
[2025-03-10T09:19:19.826+0100] {processor.py:161} INFO - Started process (PID=138465) to work on /home/philip/de_engineering/airflow_projects/airflow1/venv/lib/python3.10/site-packages/airflow/example_dags/example_task_group.py
[2025-03-10T09:19:19.828+0100] {processor.py:830} INFO - Processing file /home/philip/de_engineering/airflow_projects/airflow1/venv/lib/python3.10/site-packages/airflow/example_dags/example_task_group.py for tasks to queue
[2025-03-10T09:19:19.829+0100] {logging_mixin.py:188} INFO - [2025-03-10T09:19:19.829+0100] {dagbag.py:538} INFO - Filling up the DagBag from /home/philip/de_engineering/airflow_projects/airflow1/venv/lib/python3.10/site-packages/airflow/example_dags/example_task_group.py
[2025-03-10T09:19:19.844+0100] {processor.py:840} INFO - DAG(s) 'example_task_group' retrieved from /home/philip/de_engineering/airflow_projects/airflow1/venv/lib/python3.10/site-packages/airflow/example_dags/example_task_group.py
[2025-03-10T09:19:20.059+0100] {logging_mixin.py:188} INFO - [2025-03-10T09:19:20.059+0100] {dag.py:3036} INFO - Sync 1 DAGs
[2025-03-10T09:19:20.077+0100] {logging_mixin.py:188} INFO - [2025-03-10T09:19:20.077+0100] {dag.py:3823} INFO - Setting next_dagrun for example_task_group to 2025-03-09 00:00:00+00:00, run_after=2025-03-10 00:00:00+00:00
[2025-03-10T09:19:20.094+0100] {processor.py:183} INFO - Processing /home/philip/de_engineering/airflow_projects/airflow1/venv/lib/python3.10/site-packages/airflow/example_dags/example_task_group.py took 0.272 seconds
[2025-03-10T09:19:50.740+0100] {processor.py:161} INFO - Started process (PID=138805) to work on /home/philip/de_engineering/airflow_projects/airflow1/venv/lib/python3.10/site-packages/airflow/example_dags/example_task_group.py
[2025-03-10T09:19:50.742+0100] {processor.py:830} INFO - Processing file /home/philip/de_engineering/airflow_projects/airflow1/venv/lib/python3.10/site-packages/airflow/example_dags/example_task_group.py for tasks to queue
[2025-03-10T09:19:50.743+0100] {logging_mixin.py:188} INFO - [2025-03-10T09:19:50.742+0100] {dagbag.py:538} INFO - Filling up the DagBag from /home/philip/de_engineering/airflow_projects/airflow1/venv/lib/python3.10/site-packages/airflow/example_dags/example_task_group.py
[2025-03-10T09:19:50.755+0100] {processor.py:840} INFO - DAG(s) 'example_task_group' retrieved from /home/philip/de_engineering/airflow_projects/airflow1/venv/lib/python3.10/site-packages/airflow/example_dags/example_task_group.py
[2025-03-10T09:19:50.786+0100] {logging_mixin.py:188} INFO - [2025-03-10T09:19:50.785+0100] {dag.py:3036} INFO - Sync 1 DAGs
[2025-03-10T09:19:50.810+0100] {logging_mixin.py:188} INFO - [2025-03-10T09:19:50.810+0100] {dag.py:3823} INFO - Setting next_dagrun for example_task_group to 2025-03-09 00:00:00+00:00, run_after=2025-03-10 00:00:00+00:00
[2025-03-10T09:19:50.830+0100] {processor.py:183} INFO - Processing /home/philip/de_engineering/airflow_projects/airflow1/venv/lib/python3.10/site-packages/airflow/example_dags/example_task_group.py took 0.095 seconds
[2025-03-10T09:20:21.247+0100] {processor.py:161} INFO - Started process (PID=139180) to work on /home/philip/de_engineering/airflow_projects/airflow1/venv/lib/python3.10/site-packages/airflow/example_dags/example_task_group.py
[2025-03-10T09:20:21.249+0100] {processor.py:830} INFO - Processing file /home/philip/de_engineering/airflow_projects/airflow1/venv/lib/python3.10/site-packages/airflow/example_dags/example_task_group.py for tasks to queue
[2025-03-10T09:20:21.250+0100] {logging_mixin.py:188} INFO - [2025-03-10T09:20:21.249+0100] {dagbag.py:538} INFO - Filling up the DagBag from /home/philip/de_engineering/airflow_projects/airflow1/venv/lib/python3.10/site-packages/airflow/example_dags/example_task_group.py
[2025-03-10T09:20:21.258+0100] {processor.py:840} INFO - DAG(s) 'example_task_group' retrieved from /home/philip/de_engineering/airflow_projects/airflow1/venv/lib/python3.10/site-packages/airflow/example_dags/example_task_group.py
[2025-03-10T09:20:21.282+0100] {logging_mixin.py:188} INFO - [2025-03-10T09:20:21.282+0100] {dag.py:3036} INFO - Sync 1 DAGs
[2025-03-10T09:20:21.300+0100] {logging_mixin.py:188} INFO - [2025-03-10T09:20:21.300+0100] {dag.py:3823} INFO - Setting next_dagrun for example_task_group to 2025-03-09 00:00:00+00:00, run_after=2025-03-10 00:00:00+00:00
[2025-03-10T09:20:21.314+0100] {processor.py:183} INFO - Processing /home/philip/de_engineering/airflow_projects/airflow1/venv/lib/python3.10/site-packages/airflow/example_dags/example_task_group.py took 0.071 seconds
[2025-03-10T09:20:51.725+0100] {processor.py:161} INFO - Started process (PID=139560) to work on /home/philip/de_engineering/airflow_projects/airflow1/venv/lib/python3.10/site-packages/airflow/example_dags/example_task_group.py
[2025-03-10T09:20:51.726+0100] {processor.py:830} INFO - Processing file /home/philip/de_engineering/airflow_projects/airflow1/venv/lib/python3.10/site-packages/airflow/example_dags/example_task_group.py for tasks to queue
[2025-03-10T09:20:51.727+0100] {logging_mixin.py:188} INFO - [2025-03-10T09:20:51.727+0100] {dagbag.py:538} INFO - Filling up the DagBag from /home/philip/de_engineering/airflow_projects/airflow1/venv/lib/python3.10/site-packages/airflow/example_dags/example_task_group.py
[2025-03-10T09:20:51.738+0100] {processor.py:840} INFO - DAG(s) 'example_task_group' retrieved from /home/philip/de_engineering/airflow_projects/airflow1/venv/lib/python3.10/site-packages/airflow/example_dags/example_task_group.py
[2025-03-10T09:20:51.768+0100] {logging_mixin.py:188} INFO - [2025-03-10T09:20:51.768+0100] {dag.py:3036} INFO - Sync 1 DAGs
[2025-03-10T09:20:51.794+0100] {logging_mixin.py:188} INFO - [2025-03-10T09:20:51.794+0100] {dag.py:3823} INFO - Setting next_dagrun for example_task_group to 2025-03-09 00:00:00+00:00, run_after=2025-03-10 00:00:00+00:00
[2025-03-10T09:20:51.819+0100] {processor.py:183} INFO - Processing /home/philip/de_engineering/airflow_projects/airflow1/venv/lib/python3.10/site-packages/airflow/example_dags/example_task_group.py took 0.100 seconds
[2025-03-10T09:21:22.214+0100] {processor.py:161} INFO - Started process (PID=139943) to work on /home/philip/de_engineering/airflow_projects/airflow1/venv/lib/python3.10/site-packages/airflow/example_dags/example_task_group.py
[2025-03-10T09:21:22.216+0100] {processor.py:830} INFO - Processing file /home/philip/de_engineering/airflow_projects/airflow1/venv/lib/python3.10/site-packages/airflow/example_dags/example_task_group.py for tasks to queue
[2025-03-10T09:21:22.217+0100] {logging_mixin.py:188} INFO - [2025-03-10T09:21:22.217+0100] {dagbag.py:538} INFO - Filling up the DagBag from /home/philip/de_engineering/airflow_projects/airflow1/venv/lib/python3.10/site-packages/airflow/example_dags/example_task_group.py
[2025-03-10T09:21:22.226+0100] {processor.py:840} INFO - DAG(s) 'example_task_group' retrieved from /home/philip/de_engineering/airflow_projects/airflow1/venv/lib/python3.10/site-packages/airflow/example_dags/example_task_group.py
[2025-03-10T09:21:22.249+0100] {logging_mixin.py:188} INFO - [2025-03-10T09:21:22.248+0100] {dag.py:3036} INFO - Sync 1 DAGs
[2025-03-10T09:21:22.267+0100] {logging_mixin.py:188} INFO - [2025-03-10T09:21:22.267+0100] {dag.py:3823} INFO - Setting next_dagrun for example_task_group to 2025-03-09 00:00:00+00:00, run_after=2025-03-10 00:00:00+00:00
[2025-03-10T09:21:22.283+0100] {processor.py:183} INFO - Processing /home/philip/de_engineering/airflow_projects/airflow1/venv/lib/python3.10/site-packages/airflow/example_dags/example_task_group.py took 0.074 seconds
[2025-03-10T09:21:52.504+0100] {processor.py:161} INFO - Started process (PID=140319) to work on /home/philip/de_engineering/airflow_projects/airflow1/venv/lib/python3.10/site-packages/airflow/example_dags/example_task_group.py
[2025-03-10T09:21:52.505+0100] {processor.py:830} INFO - Processing file /home/philip/de_engineering/airflow_projects/airflow1/venv/lib/python3.10/site-packages/airflow/example_dags/example_task_group.py for tasks to queue
[2025-03-10T09:21:52.505+0100] {logging_mixin.py:188} INFO - [2025-03-10T09:21:52.505+0100] {dagbag.py:538} INFO - Filling up the DagBag from /home/philip/de_engineering/airflow_projects/airflow1/venv/lib/python3.10/site-packages/airflow/example_dags/example_task_group.py
[2025-03-10T09:21:52.513+0100] {processor.py:840} INFO - DAG(s) 'example_task_group' retrieved from /home/philip/de_engineering/airflow_projects/airflow1/venv/lib/python3.10/site-packages/airflow/example_dags/example_task_group.py
[2025-03-10T09:21:52.539+0100] {logging_mixin.py:188} INFO - [2025-03-10T09:21:52.538+0100] {dag.py:3036} INFO - Sync 1 DAGs
[2025-03-10T09:21:52.559+0100] {logging_mixin.py:188} INFO - [2025-03-10T09:21:52.559+0100] {dag.py:3823} INFO - Setting next_dagrun for example_task_group to 2025-03-09 00:00:00+00:00, run_after=2025-03-10 00:00:00+00:00
[2025-03-10T09:21:52.574+0100] {processor.py:183} INFO - Processing /home/philip/de_engineering/airflow_projects/airflow1/venv/lib/python3.10/site-packages/airflow/example_dags/example_task_group.py took 0.076 seconds
[2025-03-10T09:22:22.763+0100] {processor.py:161} INFO - Started process (PID=140700) to work on /home/philip/de_engineering/airflow_projects/airflow1/venv/lib/python3.10/site-packages/airflow/example_dags/example_task_group.py
[2025-03-10T09:22:22.765+0100] {processor.py:830} INFO - Processing file /home/philip/de_engineering/airflow_projects/airflow1/venv/lib/python3.10/site-packages/airflow/example_dags/example_task_group.py for tasks to queue
[2025-03-10T09:22:22.766+0100] {logging_mixin.py:188} INFO - [2025-03-10T09:22:22.765+0100] {dagbag.py:538} INFO - Filling up the DagBag from /home/philip/de_engineering/airflow_projects/airflow1/venv/lib/python3.10/site-packages/airflow/example_dags/example_task_group.py
[2025-03-10T09:22:22.774+0100] {processor.py:840} INFO - DAG(s) 'example_task_group' retrieved from /home/philip/de_engineering/airflow_projects/airflow1/venv/lib/python3.10/site-packages/airflow/example_dags/example_task_group.py
[2025-03-10T09:22:22.798+0100] {logging_mixin.py:188} INFO - [2025-03-10T09:22:22.798+0100] {dag.py:3036} INFO - Sync 1 DAGs
[2025-03-10T09:22:22.816+0100] {logging_mixin.py:188} INFO - [2025-03-10T09:22:22.816+0100] {dag.py:3823} INFO - Setting next_dagrun for example_task_group to 2025-03-09 00:00:00+00:00, run_after=2025-03-10 00:00:00+00:00
[2025-03-10T09:22:22.832+0100] {processor.py:183} INFO - Processing /home/philip/de_engineering/airflow_projects/airflow1/venv/lib/python3.10/site-packages/airflow/example_dags/example_task_group.py took 0.074 seconds
[2025-03-10T09:22:52.928+0100] {processor.py:161} INFO - Started process (PID=141074) to work on /home/philip/de_engineering/airflow_projects/airflow1/venv/lib/python3.10/site-packages/airflow/example_dags/example_task_group.py
[2025-03-10T09:22:52.930+0100] {processor.py:830} INFO - Processing file /home/philip/de_engineering/airflow_projects/airflow1/venv/lib/python3.10/site-packages/airflow/example_dags/example_task_group.py for tasks to queue
[2025-03-10T09:22:52.931+0100] {logging_mixin.py:188} INFO - [2025-03-10T09:22:52.930+0100] {dagbag.py:538} INFO - Filling up the DagBag from /home/philip/de_engineering/airflow_projects/airflow1/venv/lib/python3.10/site-packages/airflow/example_dags/example_task_group.py
[2025-03-10T09:22:52.939+0100] {processor.py:840} INFO - DAG(s) 'example_task_group' retrieved from /home/philip/de_engineering/airflow_projects/airflow1/venv/lib/python3.10/site-packages/airflow/example_dags/example_task_group.py
[2025-03-10T09:22:52.962+0100] {logging_mixin.py:188} INFO - [2025-03-10T09:22:52.962+0100] {dag.py:3036} INFO - Sync 1 DAGs
[2025-03-10T09:22:52.982+0100] {logging_mixin.py:188} INFO - [2025-03-10T09:22:52.982+0100] {dag.py:3823} INFO - Setting next_dagrun for example_task_group to 2025-03-09 00:00:00+00:00, run_after=2025-03-10 00:00:00+00:00
[2025-03-10T09:22:53.001+0100] {processor.py:183} INFO - Processing /home/philip/de_engineering/airflow_projects/airflow1/venv/lib/python3.10/site-packages/airflow/example_dags/example_task_group.py took 0.076 seconds
[2025-03-10T09:23:23.202+0100] {processor.py:161} INFO - Started process (PID=141457) to work on /home/philip/de_engineering/airflow_projects/airflow1/venv/lib/python3.10/site-packages/airflow/example_dags/example_task_group.py
[2025-03-10T09:23:23.203+0100] {processor.py:830} INFO - Processing file /home/philip/de_engineering/airflow_projects/airflow1/venv/lib/python3.10/site-packages/airflow/example_dags/example_task_group.py for tasks to queue
[2025-03-10T09:23:23.204+0100] {logging_mixin.py:188} INFO - [2025-03-10T09:23:23.204+0100] {dagbag.py:538} INFO - Filling up the DagBag from /home/philip/de_engineering/airflow_projects/airflow1/venv/lib/python3.10/site-packages/airflow/example_dags/example_task_group.py
[2025-03-10T09:23:23.210+0100] {processor.py:840} INFO - DAG(s) 'example_task_group' retrieved from /home/philip/de_engineering/airflow_projects/airflow1/venv/lib/python3.10/site-packages/airflow/example_dags/example_task_group.py
[2025-03-10T09:23:23.235+0100] {logging_mixin.py:188} INFO - [2025-03-10T09:23:23.235+0100] {dag.py:3036} INFO - Sync 1 DAGs
[2025-03-10T09:23:23.252+0100] {logging_mixin.py:188} INFO - [2025-03-10T09:23:23.252+0100] {dag.py:3823} INFO - Setting next_dagrun for example_task_group to 2025-03-09 00:00:00+00:00, run_after=2025-03-10 00:00:00+00:00
[2025-03-10T09:23:23.268+0100] {processor.py:183} INFO - Processing /home/philip/de_engineering/airflow_projects/airflow1/venv/lib/python3.10/site-packages/airflow/example_dags/example_task_group.py took 0.070 seconds
[2025-03-10T09:23:53.567+0100] {processor.py:161} INFO - Started process (PID=141832) to work on /home/philip/de_engineering/airflow_projects/airflow1/venv/lib/python3.10/site-packages/airflow/example_dags/example_task_group.py
[2025-03-10T09:23:53.569+0100] {processor.py:830} INFO - Processing file /home/philip/de_engineering/airflow_projects/airflow1/venv/lib/python3.10/site-packages/airflow/example_dags/example_task_group.py for tasks to queue
[2025-03-10T09:23:53.570+0100] {logging_mixin.py:188} INFO - [2025-03-10T09:23:53.569+0100] {dagbag.py:538} INFO - Filling up the DagBag from /home/philip/de_engineering/airflow_projects/airflow1/venv/lib/python3.10/site-packages/airflow/example_dags/example_task_group.py
[2025-03-10T09:23:53.578+0100] {processor.py:840} INFO - DAG(s) 'example_task_group' retrieved from /home/philip/de_engineering/airflow_projects/airflow1/venv/lib/python3.10/site-packages/airflow/example_dags/example_task_group.py
[2025-03-10T09:23:53.602+0100] {logging_mixin.py:188} INFO - [2025-03-10T09:23:53.602+0100] {dag.py:3036} INFO - Sync 1 DAGs
[2025-03-10T09:23:53.621+0100] {logging_mixin.py:188} INFO - [2025-03-10T09:23:53.621+0100] {dag.py:3823} INFO - Setting next_dagrun for example_task_group to 2025-03-09 00:00:00+00:00, run_after=2025-03-10 00:00:00+00:00
[2025-03-10T09:23:53.635+0100] {processor.py:183} INFO - Processing /home/philip/de_engineering/airflow_projects/airflow1/venv/lib/python3.10/site-packages/airflow/example_dags/example_task_group.py took 0.072 seconds
[2025-03-10T09:24:23.841+0100] {processor.py:161} INFO - Started process (PID=142213) to work on /home/philip/de_engineering/airflow_projects/airflow1/venv/lib/python3.10/site-packages/airflow/example_dags/example_task_group.py
[2025-03-10T09:24:23.842+0100] {processor.py:830} INFO - Processing file /home/philip/de_engineering/airflow_projects/airflow1/venv/lib/python3.10/site-packages/airflow/example_dags/example_task_group.py for tasks to queue
[2025-03-10T09:24:23.843+0100] {logging_mixin.py:188} INFO - [2025-03-10T09:24:23.843+0100] {dagbag.py:538} INFO - Filling up the DagBag from /home/philip/de_engineering/airflow_projects/airflow1/venv/lib/python3.10/site-packages/airflow/example_dags/example_task_group.py
[2025-03-10T09:24:23.851+0100] {processor.py:840} INFO - DAG(s) 'example_task_group' retrieved from /home/philip/de_engineering/airflow_projects/airflow1/venv/lib/python3.10/site-packages/airflow/example_dags/example_task_group.py
[2025-03-10T09:24:23.875+0100] {logging_mixin.py:188} INFO - [2025-03-10T09:24:23.874+0100] {dag.py:3036} INFO - Sync 1 DAGs
[2025-03-10T09:24:23.895+0100] {logging_mixin.py:188} INFO - [2025-03-10T09:24:23.895+0100] {dag.py:3823} INFO - Setting next_dagrun for example_task_group to 2025-03-09 00:00:00+00:00, run_after=2025-03-10 00:00:00+00:00
[2025-03-10T09:24:23.914+0100] {processor.py:183} INFO - Processing /home/philip/de_engineering/airflow_projects/airflow1/venv/lib/python3.10/site-packages/airflow/example_dags/example_task_group.py took 0.076 seconds
[2025-03-10T09:24:54.289+0100] {processor.py:161} INFO - Started process (PID=142593) to work on /home/philip/de_engineering/airflow_projects/airflow1/venv/lib/python3.10/site-packages/airflow/example_dags/example_task_group.py
[2025-03-10T09:24:54.324+0100] {processor.py:830} INFO - Processing file /home/philip/de_engineering/airflow_projects/airflow1/venv/lib/python3.10/site-packages/airflow/example_dags/example_task_group.py for tasks to queue
[2025-03-10T09:24:54.325+0100] {logging_mixin.py:188} INFO - [2025-03-10T09:24:54.325+0100] {dagbag.py:538} INFO - Filling up the DagBag from /home/philip/de_engineering/airflow_projects/airflow1/venv/lib/python3.10/site-packages/airflow/example_dags/example_task_group.py
[2025-03-10T09:24:54.332+0100] {processor.py:840} INFO - DAG(s) 'example_task_group' retrieved from /home/philip/de_engineering/airflow_projects/airflow1/venv/lib/python3.10/site-packages/airflow/example_dags/example_task_group.py
[2025-03-10T09:24:54.354+0100] {logging_mixin.py:188} INFO - [2025-03-10T09:24:54.353+0100] {dag.py:3036} INFO - Sync 1 DAGs
[2025-03-10T09:24:54.374+0100] {logging_mixin.py:188} INFO - [2025-03-10T09:24:54.373+0100] {dag.py:3823} INFO - Setting next_dagrun for example_task_group to 2025-03-09 00:00:00+00:00, run_after=2025-03-10 00:00:00+00:00
[2025-03-10T09:24:54.391+0100] {processor.py:183} INFO - Processing /home/philip/de_engineering/airflow_projects/airflow1/venv/lib/python3.10/site-packages/airflow/example_dags/example_task_group.py took 0.107 seconds
[2025-03-10T09:25:24.487+0100] {processor.py:161} INFO - Started process (PID=142973) to work on /home/philip/de_engineering/airflow_projects/airflow1/venv/lib/python3.10/site-packages/airflow/example_dags/example_task_group.py
[2025-03-10T09:25:24.488+0100] {processor.py:830} INFO - Processing file /home/philip/de_engineering/airflow_projects/airflow1/venv/lib/python3.10/site-packages/airflow/example_dags/example_task_group.py for tasks to queue
[2025-03-10T09:25:24.488+0100] {logging_mixin.py:188} INFO - [2025-03-10T09:25:24.488+0100] {dagbag.py:538} INFO - Filling up the DagBag from /home/philip/de_engineering/airflow_projects/airflow1/venv/lib/python3.10/site-packages/airflow/example_dags/example_task_group.py
[2025-03-10T09:25:24.495+0100] {processor.py:840} INFO - DAG(s) 'example_task_group' retrieved from /home/philip/de_engineering/airflow_projects/airflow1/venv/lib/python3.10/site-packages/airflow/example_dags/example_task_group.py
[2025-03-10T09:25:24.516+0100] {logging_mixin.py:188} INFO - [2025-03-10T09:25:24.516+0100] {dag.py:3036} INFO - Sync 1 DAGs
[2025-03-10T09:25:24.533+0100] {logging_mixin.py:188} INFO - [2025-03-10T09:25:24.533+0100] {dag.py:3823} INFO - Setting next_dagrun for example_task_group to 2025-03-09 00:00:00+00:00, run_after=2025-03-10 00:00:00+00:00
[2025-03-10T09:25:24.546+0100] {processor.py:183} INFO - Processing /home/philip/de_engineering/airflow_projects/airflow1/venv/lib/python3.10/site-packages/airflow/example_dags/example_task_group.py took 0.062 seconds
[2025-03-10T09:25:54.719+0100] {processor.py:161} INFO - Started process (PID=143354) to work on /home/philip/de_engineering/airflow_projects/airflow1/venv/lib/python3.10/site-packages/airflow/example_dags/example_task_group.py
[2025-03-10T09:25:54.756+0100] {processor.py:830} INFO - Processing file /home/philip/de_engineering/airflow_projects/airflow1/venv/lib/python3.10/site-packages/airflow/example_dags/example_task_group.py for tasks to queue
[2025-03-10T09:25:54.757+0100] {logging_mixin.py:188} INFO - [2025-03-10T09:25:54.757+0100] {dagbag.py:538} INFO - Filling up the DagBag from /home/philip/de_engineering/airflow_projects/airflow1/venv/lib/python3.10/site-packages/airflow/example_dags/example_task_group.py
[2025-03-10T09:25:54.764+0100] {processor.py:840} INFO - DAG(s) 'example_task_group' retrieved from /home/philip/de_engineering/airflow_projects/airflow1/venv/lib/python3.10/site-packages/airflow/example_dags/example_task_group.py
[2025-03-10T09:25:54.788+0100] {logging_mixin.py:188} INFO - [2025-03-10T09:25:54.788+0100] {dag.py:3036} INFO - Sync 1 DAGs
[2025-03-10T09:25:54.809+0100] {logging_mixin.py:188} INFO - [2025-03-10T09:25:54.809+0100] {dag.py:3823} INFO - Setting next_dagrun for example_task_group to 2025-03-09 00:00:00+00:00, run_after=2025-03-10 00:00:00+00:00
[2025-03-10T09:25:54.823+0100] {processor.py:183} INFO - Processing /home/philip/de_engineering/airflow_projects/airflow1/venv/lib/python3.10/site-packages/airflow/example_dags/example_task_group.py took 0.106 seconds
[2025-03-10T09:26:25.203+0100] {processor.py:161} INFO - Started process (PID=143728) to work on /home/philip/de_engineering/airflow_projects/airflow1/venv/lib/python3.10/site-packages/airflow/example_dags/example_task_group.py
[2025-03-10T09:26:25.204+0100] {processor.py:830} INFO - Processing file /home/philip/de_engineering/airflow_projects/airflow1/venv/lib/python3.10/site-packages/airflow/example_dags/example_task_group.py for tasks to queue
[2025-03-10T09:26:25.205+0100] {logging_mixin.py:188} INFO - [2025-03-10T09:26:25.205+0100] {dagbag.py:538} INFO - Filling up the DagBag from /home/philip/de_engineering/airflow_projects/airflow1/venv/lib/python3.10/site-packages/airflow/example_dags/example_task_group.py
[2025-03-10T09:26:25.214+0100] {processor.py:840} INFO - DAG(s) 'example_task_group' retrieved from /home/philip/de_engineering/airflow_projects/airflow1/venv/lib/python3.10/site-packages/airflow/example_dags/example_task_group.py
[2025-03-10T09:26:25.241+0100] {logging_mixin.py:188} INFO - [2025-03-10T09:26:25.241+0100] {dag.py:3036} INFO - Sync 1 DAGs
[2025-03-10T09:26:25.260+0100] {logging_mixin.py:188} INFO - [2025-03-10T09:26:25.260+0100] {dag.py:3823} INFO - Setting next_dagrun for example_task_group to 2025-03-09 00:00:00+00:00, run_after=2025-03-10 00:00:00+00:00
[2025-03-10T09:26:25.275+0100] {processor.py:183} INFO - Processing /home/philip/de_engineering/airflow_projects/airflow1/venv/lib/python3.10/site-packages/airflow/example_dags/example_task_group.py took 0.076 seconds
[2025-03-10T09:26:55.644+0100] {processor.py:161} INFO - Started process (PID=144109) to work on /home/philip/de_engineering/airflow_projects/airflow1/venv/lib/python3.10/site-packages/airflow/example_dags/example_task_group.py
[2025-03-10T09:26:55.646+0100] {processor.py:830} INFO - Processing file /home/philip/de_engineering/airflow_projects/airflow1/venv/lib/python3.10/site-packages/airflow/example_dags/example_task_group.py for tasks to queue
[2025-03-10T09:26:55.647+0100] {logging_mixin.py:188} INFO - [2025-03-10T09:26:55.646+0100] {dagbag.py:538} INFO - Filling up the DagBag from /home/philip/de_engineering/airflow_projects/airflow1/venv/lib/python3.10/site-packages/airflow/example_dags/example_task_group.py
[2025-03-10T09:26:55.654+0100] {processor.py:840} INFO - DAG(s) 'example_task_group' retrieved from /home/philip/de_engineering/airflow_projects/airflow1/venv/lib/python3.10/site-packages/airflow/example_dags/example_task_group.py
[2025-03-10T09:26:55.682+0100] {logging_mixin.py:188} INFO - [2025-03-10T09:26:55.682+0100] {dag.py:3036} INFO - Sync 1 DAGs
[2025-03-10T09:26:55.699+0100] {logging_mixin.py:188} INFO - [2025-03-10T09:26:55.699+0100] {dag.py:3823} INFO - Setting next_dagrun for example_task_group to 2025-03-09 00:00:00+00:00, run_after=2025-03-10 00:00:00+00:00
[2025-03-10T09:26:55.715+0100] {processor.py:183} INFO - Processing /home/philip/de_engineering/airflow_projects/airflow1/venv/lib/python3.10/site-packages/airflow/example_dags/example_task_group.py took 0.074 seconds
[2025-03-10T09:27:25.822+0100] {processor.py:161} INFO - Started process (PID=144483) to work on /home/philip/de_engineering/airflow_projects/airflow1/venv/lib/python3.10/site-packages/airflow/example_dags/example_task_group.py
[2025-03-10T09:27:25.823+0100] {processor.py:830} INFO - Processing file /home/philip/de_engineering/airflow_projects/airflow1/venv/lib/python3.10/site-packages/airflow/example_dags/example_task_group.py for tasks to queue
[2025-03-10T09:27:25.823+0100] {logging_mixin.py:188} INFO - [2025-03-10T09:27:25.823+0100] {dagbag.py:538} INFO - Filling up the DagBag from /home/philip/de_engineering/airflow_projects/airflow1/venv/lib/python3.10/site-packages/airflow/example_dags/example_task_group.py
[2025-03-10T09:27:25.831+0100] {processor.py:840} INFO - DAG(s) 'example_task_group' retrieved from /home/philip/de_engineering/airflow_projects/airflow1/venv/lib/python3.10/site-packages/airflow/example_dags/example_task_group.py
[2025-03-10T09:27:25.855+0100] {logging_mixin.py:188} INFO - [2025-03-10T09:27:25.855+0100] {dag.py:3036} INFO - Sync 1 DAGs
[2025-03-10T09:27:25.873+0100] {logging_mixin.py:188} INFO - [2025-03-10T09:27:25.873+0100] {dag.py:3823} INFO - Setting next_dagrun for example_task_group to 2025-03-09 00:00:00+00:00, run_after=2025-03-10 00:00:00+00:00
[2025-03-10T09:27:25.899+0100] {processor.py:183} INFO - Processing /home/philip/de_engineering/airflow_projects/airflow1/venv/lib/python3.10/site-packages/airflow/example_dags/example_task_group.py took 0.080 seconds
[2025-03-10T09:27:56.117+0100] {processor.py:161} INFO - Started process (PID=144864) to work on /home/philip/de_engineering/airflow_projects/airflow1/venv/lib/python3.10/site-packages/airflow/example_dags/example_task_group.py
[2025-03-10T09:27:56.119+0100] {processor.py:830} INFO - Processing file /home/philip/de_engineering/airflow_projects/airflow1/venv/lib/python3.10/site-packages/airflow/example_dags/example_task_group.py for tasks to queue
[2025-03-10T09:27:56.119+0100] {logging_mixin.py:188} INFO - [2025-03-10T09:27:56.119+0100] {dagbag.py:538} INFO - Filling up the DagBag from /home/philip/de_engineering/airflow_projects/airflow1/venv/lib/python3.10/site-packages/airflow/example_dags/example_task_group.py
[2025-03-10T09:27:56.125+0100] {processor.py:840} INFO - DAG(s) 'example_task_group' retrieved from /home/philip/de_engineering/airflow_projects/airflow1/venv/lib/python3.10/site-packages/airflow/example_dags/example_task_group.py
[2025-03-10T09:27:56.146+0100] {logging_mixin.py:188} INFO - [2025-03-10T09:27:56.146+0100] {dag.py:3036} INFO - Sync 1 DAGs
[2025-03-10T09:27:56.164+0100] {logging_mixin.py:188} INFO - [2025-03-10T09:27:56.163+0100] {dag.py:3823} INFO - Setting next_dagrun for example_task_group to 2025-03-09 00:00:00+00:00, run_after=2025-03-10 00:00:00+00:00
[2025-03-10T09:27:56.177+0100] {processor.py:183} INFO - Processing /home/philip/de_engineering/airflow_projects/airflow1/venv/lib/python3.10/site-packages/airflow/example_dags/example_task_group.py took 0.063 seconds
[2025-03-10T09:28:26.470+0100] {processor.py:161} INFO - Started process (PID=145244) to work on /home/philip/de_engineering/airflow_projects/airflow1/venv/lib/python3.10/site-packages/airflow/example_dags/example_task_group.py
[2025-03-10T09:28:26.471+0100] {processor.py:830} INFO - Processing file /home/philip/de_engineering/airflow_projects/airflow1/venv/lib/python3.10/site-packages/airflow/example_dags/example_task_group.py for tasks to queue
[2025-03-10T09:28:26.472+0100] {logging_mixin.py:188} INFO - [2025-03-10T09:28:26.471+0100] {dagbag.py:538} INFO - Filling up the DagBag from /home/philip/de_engineering/airflow_projects/airflow1/venv/lib/python3.10/site-packages/airflow/example_dags/example_task_group.py
[2025-03-10T09:28:26.478+0100] {processor.py:840} INFO - DAG(s) 'example_task_group' retrieved from /home/philip/de_engineering/airflow_projects/airflow1/venv/lib/python3.10/site-packages/airflow/example_dags/example_task_group.py
[2025-03-10T09:28:26.499+0100] {logging_mixin.py:188} INFO - [2025-03-10T09:28:26.499+0100] {dag.py:3036} INFO - Sync 1 DAGs
[2025-03-10T09:28:26.517+0100] {logging_mixin.py:188} INFO - [2025-03-10T09:28:26.517+0100] {dag.py:3823} INFO - Setting next_dagrun for example_task_group to 2025-03-09 00:00:00+00:00, run_after=2025-03-10 00:00:00+00:00
[2025-03-10T09:28:26.532+0100] {processor.py:183} INFO - Processing /home/philip/de_engineering/airflow_projects/airflow1/venv/lib/python3.10/site-packages/airflow/example_dags/example_task_group.py took 0.066 seconds
[2025-03-10T09:28:56.648+0100] {processor.py:161} INFO - Started process (PID=145621) to work on /home/philip/de_engineering/airflow_projects/airflow1/venv/lib/python3.10/site-packages/airflow/example_dags/example_task_group.py
[2025-03-10T09:28:56.650+0100] {processor.py:830} INFO - Processing file /home/philip/de_engineering/airflow_projects/airflow1/venv/lib/python3.10/site-packages/airflow/example_dags/example_task_group.py for tasks to queue
[2025-03-10T09:28:56.651+0100] {logging_mixin.py:188} INFO - [2025-03-10T09:28:56.650+0100] {dagbag.py:538} INFO - Filling up the DagBag from /home/philip/de_engineering/airflow_projects/airflow1/venv/lib/python3.10/site-packages/airflow/example_dags/example_task_group.py
[2025-03-10T09:28:56.658+0100] {processor.py:840} INFO - DAG(s) 'example_task_group' retrieved from /home/philip/de_engineering/airflow_projects/airflow1/venv/lib/python3.10/site-packages/airflow/example_dags/example_task_group.py
[2025-03-10T09:28:56.678+0100] {logging_mixin.py:188} INFO - [2025-03-10T09:28:56.678+0100] {dag.py:3036} INFO - Sync 1 DAGs
[2025-03-10T09:28:56.695+0100] {logging_mixin.py:188} INFO - [2025-03-10T09:28:56.695+0100] {dag.py:3823} INFO - Setting next_dagrun for example_task_group to 2025-03-09 00:00:00+00:00, run_after=2025-03-10 00:00:00+00:00
[2025-03-10T09:28:56.708+0100] {processor.py:183} INFO - Processing /home/philip/de_engineering/airflow_projects/airflow1/venv/lib/python3.10/site-packages/airflow/example_dags/example_task_group.py took 0.064 seconds
[2025-03-10T09:29:26.870+0100] {processor.py:161} INFO - Started process (PID=146001) to work on /home/philip/de_engineering/airflow_projects/airflow1/venv/lib/python3.10/site-packages/airflow/example_dags/example_task_group.py
[2025-03-10T09:29:26.871+0100] {processor.py:830} INFO - Processing file /home/philip/de_engineering/airflow_projects/airflow1/venv/lib/python3.10/site-packages/airflow/example_dags/example_task_group.py for tasks to queue
[2025-03-10T09:29:26.872+0100] {logging_mixin.py:188} INFO - [2025-03-10T09:29:26.872+0100] {dagbag.py:538} INFO - Filling up the DagBag from /home/philip/de_engineering/airflow_projects/airflow1/venv/lib/python3.10/site-packages/airflow/example_dags/example_task_group.py
[2025-03-10T09:29:26.879+0100] {processor.py:840} INFO - DAG(s) 'example_task_group' retrieved from /home/philip/de_engineering/airflow_projects/airflow1/venv/lib/python3.10/site-packages/airflow/example_dags/example_task_group.py
[2025-03-10T09:29:26.900+0100] {logging_mixin.py:188} INFO - [2025-03-10T09:29:26.899+0100] {dag.py:3036} INFO - Sync 1 DAGs
[2025-03-10T09:29:26.917+0100] {logging_mixin.py:188} INFO - [2025-03-10T09:29:26.917+0100] {dag.py:3823} INFO - Setting next_dagrun for example_task_group to 2025-03-09 00:00:00+00:00, run_after=2025-03-10 00:00:00+00:00
[2025-03-10T09:29:26.932+0100] {processor.py:183} INFO - Processing /home/philip/de_engineering/airflow_projects/airflow1/venv/lib/python3.10/site-packages/airflow/example_dags/example_task_group.py took 0.065 seconds
[2025-03-10T09:29:57.016+0100] {processor.py:161} INFO - Started process (PID=146376) to work on /home/philip/de_engineering/airflow_projects/airflow1/venv/lib/python3.10/site-packages/airflow/example_dags/example_task_group.py
[2025-03-10T09:29:57.017+0100] {processor.py:830} INFO - Processing file /home/philip/de_engineering/airflow_projects/airflow1/venv/lib/python3.10/site-packages/airflow/example_dags/example_task_group.py for tasks to queue
[2025-03-10T09:29:57.018+0100] {logging_mixin.py:188} INFO - [2025-03-10T09:29:57.018+0100] {dagbag.py:538} INFO - Filling up the DagBag from /home/philip/de_engineering/airflow_projects/airflow1/venv/lib/python3.10/site-packages/airflow/example_dags/example_task_group.py
[2025-03-10T09:29:57.024+0100] {processor.py:840} INFO - DAG(s) 'example_task_group' retrieved from /home/philip/de_engineering/airflow_projects/airflow1/venv/lib/python3.10/site-packages/airflow/example_dags/example_task_group.py
[2025-03-10T09:29:57.046+0100] {logging_mixin.py:188} INFO - [2025-03-10T09:29:57.046+0100] {dag.py:3036} INFO - Sync 1 DAGs
[2025-03-10T09:29:57.064+0100] {logging_mixin.py:188} INFO - [2025-03-10T09:29:57.063+0100] {dag.py:3823} INFO - Setting next_dagrun for example_task_group to 2025-03-09 00:00:00+00:00, run_after=2025-03-10 00:00:00+00:00
[2025-03-10T09:29:57.079+0100] {processor.py:183} INFO - Processing /home/philip/de_engineering/airflow_projects/airflow1/venv/lib/python3.10/site-packages/airflow/example_dags/example_task_group.py took 0.067 seconds
[2025-03-10T09:30:27.254+0100] {processor.py:161} INFO - Started process (PID=146757) to work on /home/philip/de_engineering/airflow_projects/airflow1/venv/lib/python3.10/site-packages/airflow/example_dags/example_task_group.py
[2025-03-10T09:30:27.255+0100] {processor.py:830} INFO - Processing file /home/philip/de_engineering/airflow_projects/airflow1/venv/lib/python3.10/site-packages/airflow/example_dags/example_task_group.py for tasks to queue
[2025-03-10T09:30:27.255+0100] {logging_mixin.py:188} INFO - [2025-03-10T09:30:27.255+0100] {dagbag.py:538} INFO - Filling up the DagBag from /home/philip/de_engineering/airflow_projects/airflow1/venv/lib/python3.10/site-packages/airflow/example_dags/example_task_group.py
[2025-03-10T09:30:27.262+0100] {processor.py:840} INFO - DAG(s) 'example_task_group' retrieved from /home/philip/de_engineering/airflow_projects/airflow1/venv/lib/python3.10/site-packages/airflow/example_dags/example_task_group.py
[2025-03-10T09:30:27.289+0100] {logging_mixin.py:188} INFO - [2025-03-10T09:30:27.288+0100] {dag.py:3036} INFO - Sync 1 DAGs
[2025-03-10T09:30:27.310+0100] {logging_mixin.py:188} INFO - [2025-03-10T09:30:27.310+0100] {dag.py:3823} INFO - Setting next_dagrun for example_task_group to 2025-03-09 00:00:00+00:00, run_after=2025-03-10 00:00:00+00:00
[2025-03-10T09:30:27.327+0100] {processor.py:183} INFO - Processing /home/philip/de_engineering/airflow_projects/airflow1/venv/lib/python3.10/site-packages/airflow/example_dags/example_task_group.py took 0.076 seconds
[2025-03-10T09:30:57.395+0100] {processor.py:161} INFO - Started process (PID=147132) to work on /home/philip/de_engineering/airflow_projects/airflow1/venv/lib/python3.10/site-packages/airflow/example_dags/example_task_group.py
[2025-03-10T09:30:57.397+0100] {processor.py:830} INFO - Processing file /home/philip/de_engineering/airflow_projects/airflow1/venv/lib/python3.10/site-packages/airflow/example_dags/example_task_group.py for tasks to queue
[2025-03-10T09:30:57.398+0100] {logging_mixin.py:188} INFO - [2025-03-10T09:30:57.397+0100] {dagbag.py:538} INFO - Filling up the DagBag from /home/philip/de_engineering/airflow_projects/airflow1/venv/lib/python3.10/site-packages/airflow/example_dags/example_task_group.py
[2025-03-10T09:30:57.404+0100] {processor.py:840} INFO - DAG(s) 'example_task_group' retrieved from /home/philip/de_engineering/airflow_projects/airflow1/venv/lib/python3.10/site-packages/airflow/example_dags/example_task_group.py
[2025-03-10T09:30:57.428+0100] {logging_mixin.py:188} INFO - [2025-03-10T09:30:57.428+0100] {dag.py:3036} INFO - Sync 1 DAGs
[2025-03-10T09:30:57.449+0100] {logging_mixin.py:188} INFO - [2025-03-10T09:30:57.448+0100] {dag.py:3823} INFO - Setting next_dagrun for example_task_group to 2025-03-09 00:00:00+00:00, run_after=2025-03-10 00:00:00+00:00
[2025-03-10T09:30:57.466+0100] {processor.py:183} INFO - Processing /home/philip/de_engineering/airflow_projects/airflow1/venv/lib/python3.10/site-packages/airflow/example_dags/example_task_group.py took 0.074 seconds
[2025-03-10T09:31:27.680+0100] {processor.py:161} INFO - Started process (PID=147512) to work on /home/philip/de_engineering/airflow_projects/airflow1/venv/lib/python3.10/site-packages/airflow/example_dags/example_task_group.py
[2025-03-10T09:31:27.681+0100] {processor.py:830} INFO - Processing file /home/philip/de_engineering/airflow_projects/airflow1/venv/lib/python3.10/site-packages/airflow/example_dags/example_task_group.py for tasks to queue
[2025-03-10T09:31:27.682+0100] {logging_mixin.py:188} INFO - [2025-03-10T09:31:27.681+0100] {dagbag.py:538} INFO - Filling up the DagBag from /home/philip/de_engineering/airflow_projects/airflow1/venv/lib/python3.10/site-packages/airflow/example_dags/example_task_group.py
[2025-03-10T09:31:27.689+0100] {processor.py:840} INFO - DAG(s) 'example_task_group' retrieved from /home/philip/de_engineering/airflow_projects/airflow1/venv/lib/python3.10/site-packages/airflow/example_dags/example_task_group.py
[2025-03-10T09:31:27.712+0100] {logging_mixin.py:188} INFO - [2025-03-10T09:31:27.712+0100] {dag.py:3036} INFO - Sync 1 DAGs
[2025-03-10T09:31:27.731+0100] {logging_mixin.py:188} INFO - [2025-03-10T09:31:27.731+0100] {dag.py:3823} INFO - Setting next_dagrun for example_task_group to 2025-03-09 00:00:00+00:00, run_after=2025-03-10 00:00:00+00:00
[2025-03-10T09:31:27.747+0100] {processor.py:183} INFO - Processing /home/philip/de_engineering/airflow_projects/airflow1/venv/lib/python3.10/site-packages/airflow/example_dags/example_task_group.py took 0.071 seconds
[2025-03-10T09:31:57.819+0100] {processor.py:161} INFO - Started process (PID=147887) to work on /home/philip/de_engineering/airflow_projects/airflow1/venv/lib/python3.10/site-packages/airflow/example_dags/example_task_group.py
[2025-03-10T09:31:57.820+0100] {processor.py:830} INFO - Processing file /home/philip/de_engineering/airflow_projects/airflow1/venv/lib/python3.10/site-packages/airflow/example_dags/example_task_group.py for tasks to queue
[2025-03-10T09:31:57.821+0100] {logging_mixin.py:188} INFO - [2025-03-10T09:31:57.820+0100] {dagbag.py:538} INFO - Filling up the DagBag from /home/philip/de_engineering/airflow_projects/airflow1/venv/lib/python3.10/site-packages/airflow/example_dags/example_task_group.py
[2025-03-10T09:31:57.827+0100] {processor.py:840} INFO - DAG(s) 'example_task_group' retrieved from /home/philip/de_engineering/airflow_projects/airflow1/venv/lib/python3.10/site-packages/airflow/example_dags/example_task_group.py
[2025-03-10T09:31:57.848+0100] {logging_mixin.py:188} INFO - [2025-03-10T09:31:57.848+0100] {dag.py:3036} INFO - Sync 1 DAGs
[2025-03-10T09:31:57.864+0100] {logging_mixin.py:188} INFO - [2025-03-10T09:31:57.864+0100] {dag.py:3823} INFO - Setting next_dagrun for example_task_group to 2025-03-09 00:00:00+00:00, run_after=2025-03-10 00:00:00+00:00
[2025-03-10T09:31:57.879+0100] {processor.py:183} INFO - Processing /home/philip/de_engineering/airflow_projects/airflow1/venv/lib/python3.10/site-packages/airflow/example_dags/example_task_group.py took 0.063 seconds
[2025-03-10T09:32:27.998+0100] {processor.py:161} INFO - Started process (PID=148267) to work on /home/philip/de_engineering/airflow_projects/airflow1/venv/lib/python3.10/site-packages/airflow/example_dags/example_task_group.py
[2025-03-10T09:32:27.999+0100] {processor.py:830} INFO - Processing file /home/philip/de_engineering/airflow_projects/airflow1/venv/lib/python3.10/site-packages/airflow/example_dags/example_task_group.py for tasks to queue
[2025-03-10T09:32:28.000+0100] {logging_mixin.py:188} INFO - [2025-03-10T09:32:28.000+0100] {dagbag.py:538} INFO - Filling up the DagBag from /home/philip/de_engineering/airflow_projects/airflow1/venv/lib/python3.10/site-packages/airflow/example_dags/example_task_group.py
[2025-03-10T09:32:28.006+0100] {processor.py:840} INFO - DAG(s) 'example_task_group' retrieved from /home/philip/de_engineering/airflow_projects/airflow1/venv/lib/python3.10/site-packages/airflow/example_dags/example_task_group.py
[2025-03-10T09:32:28.026+0100] {logging_mixin.py:188} INFO - [2025-03-10T09:32:28.026+0100] {dag.py:3036} INFO - Sync 1 DAGs
[2025-03-10T09:32:28.043+0100] {logging_mixin.py:188} INFO - [2025-03-10T09:32:28.043+0100] {dag.py:3823} INFO - Setting next_dagrun for example_task_group to 2025-03-09 00:00:00+00:00, run_after=2025-03-10 00:00:00+00:00
[2025-03-10T09:32:28.057+0100] {processor.py:183} INFO - Processing /home/philip/de_engineering/airflow_projects/airflow1/venv/lib/python3.10/site-packages/airflow/example_dags/example_task_group.py took 0.061 seconds
[2025-03-10T09:32:58.187+0100] {processor.py:161} INFO - Started process (PID=148642) to work on /home/philip/de_engineering/airflow_projects/airflow1/venv/lib/python3.10/site-packages/airflow/example_dags/example_task_group.py
[2025-03-10T09:32:58.188+0100] {processor.py:830} INFO - Processing file /home/philip/de_engineering/airflow_projects/airflow1/venv/lib/python3.10/site-packages/airflow/example_dags/example_task_group.py for tasks to queue
[2025-03-10T09:32:58.189+0100] {logging_mixin.py:188} INFO - [2025-03-10T09:32:58.189+0100] {dagbag.py:538} INFO - Filling up the DagBag from /home/philip/de_engineering/airflow_projects/airflow1/venv/lib/python3.10/site-packages/airflow/example_dags/example_task_group.py
[2025-03-10T09:32:58.196+0100] {processor.py:840} INFO - DAG(s) 'example_task_group' retrieved from /home/philip/de_engineering/airflow_projects/airflow1/venv/lib/python3.10/site-packages/airflow/example_dags/example_task_group.py
[2025-03-10T09:32:58.219+0100] {logging_mixin.py:188} INFO - [2025-03-10T09:32:58.219+0100] {dag.py:3036} INFO - Sync 1 DAGs
[2025-03-10T09:32:58.237+0100] {logging_mixin.py:188} INFO - [2025-03-10T09:32:58.237+0100] {dag.py:3823} INFO - Setting next_dagrun for example_task_group to 2025-03-09 00:00:00+00:00, run_after=2025-03-10 00:00:00+00:00
[2025-03-10T09:32:58.253+0100] {processor.py:183} INFO - Processing /home/philip/de_engineering/airflow_projects/airflow1/venv/lib/python3.10/site-packages/airflow/example_dags/example_task_group.py took 0.069 seconds
[2025-03-10T09:33:28.485+0100] {processor.py:161} INFO - Started process (PID=149024) to work on /home/philip/de_engineering/airflow_projects/airflow1/venv/lib/python3.10/site-packages/airflow/example_dags/example_task_group.py
[2025-03-10T09:33:28.486+0100] {processor.py:830} INFO - Processing file /home/philip/de_engineering/airflow_projects/airflow1/venv/lib/python3.10/site-packages/airflow/example_dags/example_task_group.py for tasks to queue
[2025-03-10T09:33:28.486+0100] {logging_mixin.py:188} INFO - [2025-03-10T09:33:28.486+0100] {dagbag.py:538} INFO - Filling up the DagBag from /home/philip/de_engineering/airflow_projects/airflow1/venv/lib/python3.10/site-packages/airflow/example_dags/example_task_group.py
[2025-03-10T09:33:28.493+0100] {processor.py:840} INFO - DAG(s) 'example_task_group' retrieved from /home/philip/de_engineering/airflow_projects/airflow1/venv/lib/python3.10/site-packages/airflow/example_dags/example_task_group.py
[2025-03-10T09:33:28.515+0100] {logging_mixin.py:188} INFO - [2025-03-10T09:33:28.515+0100] {dag.py:3036} INFO - Sync 1 DAGs
[2025-03-10T09:33:28.532+0100] {logging_mixin.py:188} INFO - [2025-03-10T09:33:28.531+0100] {dag.py:3823} INFO - Setting next_dagrun for example_task_group to 2025-03-09 00:00:00+00:00, run_after=2025-03-10 00:00:00+00:00
[2025-03-10T09:33:28.547+0100] {processor.py:183} INFO - Processing /home/philip/de_engineering/airflow_projects/airflow1/venv/lib/python3.10/site-packages/airflow/example_dags/example_task_group.py took 0.066 seconds
[2025-03-10T09:33:58.624+0100] {processor.py:161} INFO - Started process (PID=149405) to work on /home/philip/de_engineering/airflow_projects/airflow1/venv/lib/python3.10/site-packages/airflow/example_dags/example_task_group.py
[2025-03-10T09:33:58.676+0100] {processor.py:830} INFO - Processing file /home/philip/de_engineering/airflow_projects/airflow1/venv/lib/python3.10/site-packages/airflow/example_dags/example_task_group.py for tasks to queue
[2025-03-10T09:33:58.677+0100] {logging_mixin.py:188} INFO - [2025-03-10T09:33:58.677+0100] {dagbag.py:538} INFO - Filling up the DagBag from /home/philip/de_engineering/airflow_projects/airflow1/venv/lib/python3.10/site-packages/airflow/example_dags/example_task_group.py
[2025-03-10T09:33:58.683+0100] {processor.py:840} INFO - DAG(s) 'example_task_group' retrieved from /home/philip/de_engineering/airflow_projects/airflow1/venv/lib/python3.10/site-packages/airflow/example_dags/example_task_group.py
[2025-03-10T09:33:58.707+0100] {logging_mixin.py:188} INFO - [2025-03-10T09:33:58.706+0100] {dag.py:3036} INFO - Sync 1 DAGs
[2025-03-10T09:33:58.728+0100] {logging_mixin.py:188} INFO - [2025-03-10T09:33:58.728+0100] {dag.py:3823} INFO - Setting next_dagrun for example_task_group to 2025-03-09 00:00:00+00:00, run_after=2025-03-10 00:00:00+00:00
[2025-03-10T09:33:58.749+0100] {processor.py:183} INFO - Processing /home/philip/de_engineering/airflow_projects/airflow1/venv/lib/python3.10/site-packages/airflow/example_dags/example_task_group.py took 0.127 seconds
[2025-03-10T09:34:28.928+0100] {processor.py:161} INFO - Started process (PID=149779) to work on /home/philip/de_engineering/airflow_projects/airflow1/venv/lib/python3.10/site-packages/airflow/example_dags/example_task_group.py
[2025-03-10T09:34:28.929+0100] {processor.py:830} INFO - Processing file /home/philip/de_engineering/airflow_projects/airflow1/venv/lib/python3.10/site-packages/airflow/example_dags/example_task_group.py for tasks to queue
[2025-03-10T09:34:28.930+0100] {logging_mixin.py:188} INFO - [2025-03-10T09:34:28.930+0100] {dagbag.py:538} INFO - Filling up the DagBag from /home/philip/de_engineering/airflow_projects/airflow1/venv/lib/python3.10/site-packages/airflow/example_dags/example_task_group.py
[2025-03-10T09:34:28.938+0100] {processor.py:840} INFO - DAG(s) 'example_task_group' retrieved from /home/philip/de_engineering/airflow_projects/airflow1/venv/lib/python3.10/site-packages/airflow/example_dags/example_task_group.py
[2025-03-10T09:34:28.963+0100] {logging_mixin.py:188} INFO - [2025-03-10T09:34:28.963+0100] {dag.py:3036} INFO - Sync 1 DAGs
[2025-03-10T09:34:28.982+0100] {logging_mixin.py:188} INFO - [2025-03-10T09:34:28.982+0100] {dag.py:3823} INFO - Setting next_dagrun for example_task_group to 2025-03-09 00:00:00+00:00, run_after=2025-03-10 00:00:00+00:00
[2025-03-10T09:34:29.000+0100] {processor.py:183} INFO - Processing /home/philip/de_engineering/airflow_projects/airflow1/venv/lib/python3.10/site-packages/airflow/example_dags/example_task_group.py took 0.076 seconds
[2025-03-10T09:34:59.159+0100] {processor.py:161} INFO - Started process (PID=150162) to work on /home/philip/de_engineering/airflow_projects/airflow1/venv/lib/python3.10/site-packages/airflow/example_dags/example_task_group.py
[2025-03-10T09:34:59.160+0100] {processor.py:830} INFO - Processing file /home/philip/de_engineering/airflow_projects/airflow1/venv/lib/python3.10/site-packages/airflow/example_dags/example_task_group.py for tasks to queue
[2025-03-10T09:34:59.161+0100] {logging_mixin.py:188} INFO - [2025-03-10T09:34:59.161+0100] {dagbag.py:538} INFO - Filling up the DagBag from /home/philip/de_engineering/airflow_projects/airflow1/venv/lib/python3.10/site-packages/airflow/example_dags/example_task_group.py
[2025-03-10T09:34:59.167+0100] {processor.py:840} INFO - DAG(s) 'example_task_group' retrieved from /home/philip/de_engineering/airflow_projects/airflow1/venv/lib/python3.10/site-packages/airflow/example_dags/example_task_group.py
[2025-03-10T09:34:59.188+0100] {logging_mixin.py:188} INFO - [2025-03-10T09:34:59.188+0100] {dag.py:3036} INFO - Sync 1 DAGs
[2025-03-10T09:34:59.204+0100] {logging_mixin.py:188} INFO - [2025-03-10T09:34:59.204+0100] {dag.py:3823} INFO - Setting next_dagrun for example_task_group to 2025-03-09 00:00:00+00:00, run_after=2025-03-10 00:00:00+00:00
[2025-03-10T09:34:59.219+0100] {processor.py:183} INFO - Processing /home/philip/de_engineering/airflow_projects/airflow1/venv/lib/python3.10/site-packages/airflow/example_dags/example_task_group.py took 0.063 seconds
[2025-03-10T09:35:29.370+0100] {processor.py:161} INFO - Started process (PID=150539) to work on /home/philip/de_engineering/airflow_projects/airflow1/venv/lib/python3.10/site-packages/airflow/example_dags/example_task_group.py
[2025-03-10T09:35:29.371+0100] {processor.py:830} INFO - Processing file /home/philip/de_engineering/airflow_projects/airflow1/venv/lib/python3.10/site-packages/airflow/example_dags/example_task_group.py for tasks to queue
[2025-03-10T09:35:29.372+0100] {logging_mixin.py:188} INFO - [2025-03-10T09:35:29.372+0100] {dagbag.py:538} INFO - Filling up the DagBag from /home/philip/de_engineering/airflow_projects/airflow1/venv/lib/python3.10/site-packages/airflow/example_dags/example_task_group.py
[2025-03-10T09:35:29.380+0100] {processor.py:840} INFO - DAG(s) 'example_task_group' retrieved from /home/philip/de_engineering/airflow_projects/airflow1/venv/lib/python3.10/site-packages/airflow/example_dags/example_task_group.py
[2025-03-10T09:35:29.404+0100] {logging_mixin.py:188} INFO - [2025-03-10T09:35:29.404+0100] {dag.py:3036} INFO - Sync 1 DAGs
[2025-03-10T09:35:29.422+0100] {logging_mixin.py:188} INFO - [2025-03-10T09:35:29.422+0100] {dag.py:3823} INFO - Setting next_dagrun for example_task_group to 2025-03-09 00:00:00+00:00, run_after=2025-03-10 00:00:00+00:00
[2025-03-10T09:35:29.437+0100] {processor.py:183} INFO - Processing /home/philip/de_engineering/airflow_projects/airflow1/venv/lib/python3.10/site-packages/airflow/example_dags/example_task_group.py took 0.070 seconds
[2025-03-10T09:35:59.617+0100] {processor.py:161} INFO - Started process (PID=150920) to work on /home/philip/de_engineering/airflow_projects/airflow1/venv/lib/python3.10/site-packages/airflow/example_dags/example_task_group.py
[2025-03-10T09:35:59.618+0100] {processor.py:830} INFO - Processing file /home/philip/de_engineering/airflow_projects/airflow1/venv/lib/python3.10/site-packages/airflow/example_dags/example_task_group.py for tasks to queue
[2025-03-10T09:35:59.619+0100] {logging_mixin.py:188} INFO - [2025-03-10T09:35:59.619+0100] {dagbag.py:538} INFO - Filling up the DagBag from /home/philip/de_engineering/airflow_projects/airflow1/venv/lib/python3.10/site-packages/airflow/example_dags/example_task_group.py
[2025-03-10T09:35:59.625+0100] {processor.py:840} INFO - DAG(s) 'example_task_group' retrieved from /home/philip/de_engineering/airflow_projects/airflow1/venv/lib/python3.10/site-packages/airflow/example_dags/example_task_group.py
[2025-03-10T09:35:59.649+0100] {logging_mixin.py:188} INFO - [2025-03-10T09:35:59.649+0100] {dag.py:3036} INFO - Sync 1 DAGs
[2025-03-10T09:35:59.667+0100] {logging_mixin.py:188} INFO - [2025-03-10T09:35:59.667+0100] {dag.py:3823} INFO - Setting next_dagrun for example_task_group to 2025-03-09 00:00:00+00:00, run_after=2025-03-10 00:00:00+00:00
[2025-03-10T09:35:59.684+0100] {processor.py:183} INFO - Processing /home/philip/de_engineering/airflow_projects/airflow1/venv/lib/python3.10/site-packages/airflow/example_dags/example_task_group.py took 0.070 seconds
