[2025-03-10T09:14:24.461+0100] {processor.py:161} INFO - Started process (PID=136872) to work on /home/philip/de_engineering/airflow_projects/airflow1/venv/lib/python3.10/site-packages/airflow/example_dags/example_latest_only.py
[2025-03-10T09:14:24.462+0100] {processor.py:830} INFO - Processing file /home/philip/de_engineering/airflow_projects/airflow1/venv/lib/python3.10/site-packages/airflow/example_dags/example_latest_only.py for tasks to queue
[2025-03-10T09:14:24.462+0100] {logging_mixin.py:188} INFO - [2025-03-10T09:14:24.462+0100] {dagbag.py:538} INFO - Filling up the DagBag from /home/philip/de_engineering/airflow_projects/airflow1/venv/lib/python3.10/site-packages/airflow/example_dags/example_latest_only.py
[2025-03-10T09:14:24.468+0100] {processor.py:840} INFO - DAG(s) 'latest_only' retrieved from /home/philip/de_engineering/airflow_projects/airflow1/venv/lib/python3.10/site-packages/airflow/example_dags/example_latest_only.py
[2025-03-10T09:14:24.552+0100] {logging_mixin.py:188} INFO - [2025-03-10T09:14:24.551+0100] {override.py:1769} INFO - Created Permission View: can read on DAG:latest_only
[2025-03-10T09:14:24.561+0100] {logging_mixin.py:188} INFO - [2025-03-10T09:14:24.561+0100] {override.py:1769} INFO - Created Permission View: can delete on DAG:latest_only
[2025-03-10T09:14:24.567+0100] {logging_mixin.py:188} INFO - [2025-03-10T09:14:24.566+0100] {override.py:1769} INFO - Created Permission View: can edit on DAG:latest_only
[2025-03-10T09:14:24.567+0100] {logging_mixin.py:188} INFO - [2025-03-10T09:14:24.567+0100] {dag.py:3036} INFO - Sync 1 DAGs
[2025-03-10T09:14:24.576+0100] {logging_mixin.py:188} INFO - [2025-03-10T09:14:24.576+0100] {dag.py:3058} INFO - Creating ORM DAG for latest_only
[2025-03-10T09:14:24.584+0100] {logging_mixin.py:188} INFO - [2025-03-10T09:14:24.584+0100] {dag.py:3823} INFO - Setting next_dagrun for latest_only to 2025-03-10 04:00:00+00:00, run_after=2025-03-10 08:00:00+00:00
[2025-03-10T09:14:24.598+0100] {processor.py:183} INFO - Processing /home/philip/de_engineering/airflow_projects/airflow1/venv/lib/python3.10/site-packages/airflow/example_dags/example_latest_only.py took 0.140 seconds
[2025-03-10T09:14:55.464+0100] {processor.py:161} INFO - Started process (PID=136984) to work on /home/philip/de_engineering/airflow_projects/airflow1/venv/lib/python3.10/site-packages/airflow/example_dags/example_latest_only.py
[2025-03-10T09:14:55.465+0100] {processor.py:830} INFO - Processing file /home/philip/de_engineering/airflow_projects/airflow1/venv/lib/python3.10/site-packages/airflow/example_dags/example_latest_only.py for tasks to queue
[2025-03-10T09:14:55.466+0100] {logging_mixin.py:188} INFO - [2025-03-10T09:14:55.465+0100] {dagbag.py:538} INFO - Filling up the DagBag from /home/philip/de_engineering/airflow_projects/airflow1/venv/lib/python3.10/site-packages/airflow/example_dags/example_latest_only.py
[2025-03-10T09:14:55.470+0100] {processor.py:840} INFO - DAG(s) 'latest_only' retrieved from /home/philip/de_engineering/airflow_projects/airflow1/venv/lib/python3.10/site-packages/airflow/example_dags/example_latest_only.py
[2025-03-10T09:14:55.489+0100] {logging_mixin.py:188} INFO - [2025-03-10T09:14:55.489+0100] {dag.py:3036} INFO - Sync 1 DAGs
[2025-03-10T09:14:55.508+0100] {logging_mixin.py:188} INFO - [2025-03-10T09:14:55.508+0100] {dag.py:3823} INFO - Setting next_dagrun for latest_only to 2025-03-10 04:00:00+00:00, run_after=2025-03-10 08:00:00+00:00
[2025-03-10T09:14:55.523+0100] {processor.py:183} INFO - Processing /home/philip/de_engineering/airflow_projects/airflow1/venv/lib/python3.10/site-packages/airflow/example_dags/example_latest_only.py took 0.062 seconds
[2025-03-10T09:15:25.645+0100] {processor.py:161} INFO - Started process (PID=137085) to work on /home/philip/de_engineering/airflow_projects/airflow1/venv/lib/python3.10/site-packages/airflow/example_dags/example_latest_only.py
[2025-03-10T09:15:25.646+0100] {processor.py:830} INFO - Processing file /home/philip/de_engineering/airflow_projects/airflow1/venv/lib/python3.10/site-packages/airflow/example_dags/example_latest_only.py for tasks to queue
[2025-03-10T09:15:25.646+0100] {logging_mixin.py:188} INFO - [2025-03-10T09:15:25.646+0100] {dagbag.py:538} INFO - Filling up the DagBag from /home/philip/de_engineering/airflow_projects/airflow1/venv/lib/python3.10/site-packages/airflow/example_dags/example_latest_only.py
[2025-03-10T09:15:25.651+0100] {processor.py:840} INFO - DAG(s) 'latest_only' retrieved from /home/philip/de_engineering/airflow_projects/airflow1/venv/lib/python3.10/site-packages/airflow/example_dags/example_latest_only.py
[2025-03-10T09:15:25.671+0100] {logging_mixin.py:188} INFO - [2025-03-10T09:15:25.671+0100] {dag.py:3036} INFO - Sync 1 DAGs
[2025-03-10T09:15:25.689+0100] {logging_mixin.py:188} INFO - [2025-03-10T09:15:25.688+0100] {dag.py:3823} INFO - Setting next_dagrun for latest_only to 2025-03-10 04:00:00+00:00, run_after=2025-03-10 08:00:00+00:00
[2025-03-10T09:15:25.703+0100] {processor.py:183} INFO - Processing /home/philip/de_engineering/airflow_projects/airflow1/venv/lib/python3.10/site-packages/airflow/example_dags/example_latest_only.py took 0.061 seconds
[2025-03-10T09:15:56.116+0100] {processor.py:161} INFO - Started process (PID=137186) to work on /home/philip/de_engineering/airflow_projects/airflow1/venv/lib/python3.10/site-packages/airflow/example_dags/example_latest_only.py
[2025-03-10T09:15:56.116+0100] {processor.py:830} INFO - Processing file /home/philip/de_engineering/airflow_projects/airflow1/venv/lib/python3.10/site-packages/airflow/example_dags/example_latest_only.py for tasks to queue
[2025-03-10T09:15:56.117+0100] {logging_mixin.py:188} INFO - [2025-03-10T09:15:56.117+0100] {dagbag.py:538} INFO - Filling up the DagBag from /home/philip/de_engineering/airflow_projects/airflow1/venv/lib/python3.10/site-packages/airflow/example_dags/example_latest_only.py
[2025-03-10T09:15:56.121+0100] {processor.py:840} INFO - DAG(s) 'latest_only' retrieved from /home/philip/de_engineering/airflow_projects/airflow1/venv/lib/python3.10/site-packages/airflow/example_dags/example_latest_only.py
[2025-03-10T09:15:56.144+0100] {logging_mixin.py:188} INFO - [2025-03-10T09:15:56.143+0100] {dag.py:3036} INFO - Sync 1 DAGs
[2025-03-10T09:15:56.164+0100] {logging_mixin.py:188} INFO - [2025-03-10T09:15:56.164+0100] {dag.py:3823} INFO - Setting next_dagrun for latest_only to 2025-03-10 04:00:00+00:00, run_after=2025-03-10 08:00:00+00:00
[2025-03-10T09:15:56.181+0100] {processor.py:183} INFO - Processing /home/philip/de_engineering/airflow_projects/airflow1/venv/lib/python3.10/site-packages/airflow/example_dags/example_latest_only.py took 0.069 seconds
[2025-03-10T09:16:26.537+0100] {processor.py:161} INFO - Started process (PID=137563) to work on /home/philip/de_engineering/airflow_projects/airflow1/venv/lib/python3.10/site-packages/airflow/example_dags/example_latest_only.py
[2025-03-10T09:16:26.538+0100] {processor.py:830} INFO - Processing file /home/philip/de_engineering/airflow_projects/airflow1/venv/lib/python3.10/site-packages/airflow/example_dags/example_latest_only.py for tasks to queue
[2025-03-10T09:16:26.539+0100] {logging_mixin.py:188} INFO - [2025-03-10T09:16:26.539+0100] {dagbag.py:538} INFO - Filling up the DagBag from /home/philip/de_engineering/airflow_projects/airflow1/venv/lib/python3.10/site-packages/airflow/example_dags/example_latest_only.py
[2025-03-10T09:16:26.543+0100] {processor.py:840} INFO - DAG(s) 'latest_only' retrieved from /home/philip/de_engineering/airflow_projects/airflow1/venv/lib/python3.10/site-packages/airflow/example_dags/example_latest_only.py
[2025-03-10T09:16:26.565+0100] {logging_mixin.py:188} INFO - [2025-03-10T09:16:26.564+0100] {dag.py:3036} INFO - Sync 1 DAGs
[2025-03-10T09:16:26.584+0100] {logging_mixin.py:188} INFO - [2025-03-10T09:16:26.583+0100] {dag.py:3823} INFO - Setting next_dagrun for latest_only to 2025-03-10 04:00:00+00:00, run_after=2025-03-10 08:00:00+00:00
[2025-03-10T09:16:26.599+0100] {processor.py:183} INFO - Processing /home/philip/de_engineering/airflow_projects/airflow1/venv/lib/python3.10/site-packages/airflow/example_dags/example_latest_only.py took 0.065 seconds
[2025-03-10T09:16:56.667+0100] {processor.py:161} INFO - Started process (PID=137752) to work on /home/philip/de_engineering/airflow_projects/airflow1/venv/lib/python3.10/site-packages/airflow/example_dags/example_latest_only.py
[2025-03-10T09:16:56.668+0100] {processor.py:830} INFO - Processing file /home/philip/de_engineering/airflow_projects/airflow1/venv/lib/python3.10/site-packages/airflow/example_dags/example_latest_only.py for tasks to queue
[2025-03-10T09:16:56.669+0100] {logging_mixin.py:188} INFO - [2025-03-10T09:16:56.668+0100] {dagbag.py:538} INFO - Filling up the DagBag from /home/philip/de_engineering/airflow_projects/airflow1/venv/lib/python3.10/site-packages/airflow/example_dags/example_latest_only.py
[2025-03-10T09:16:56.673+0100] {processor.py:840} INFO - DAG(s) 'latest_only' retrieved from /home/philip/de_engineering/airflow_projects/airflow1/venv/lib/python3.10/site-packages/airflow/example_dags/example_latest_only.py
[2025-03-10T09:16:56.694+0100] {logging_mixin.py:188} INFO - [2025-03-10T09:16:56.694+0100] {dag.py:3036} INFO - Sync 1 DAGs
[2025-03-10T09:16:56.714+0100] {logging_mixin.py:188} INFO - [2025-03-10T09:16:56.713+0100] {dag.py:3823} INFO - Setting next_dagrun for latest_only to 2025-03-10 04:00:00+00:00, run_after=2025-03-10 08:00:00+00:00
[2025-03-10T09:16:56.729+0100] {processor.py:183} INFO - Processing /home/philip/de_engineering/airflow_projects/airflow1/venv/lib/python3.10/site-packages/airflow/example_dags/example_latest_only.py took 0.065 seconds
[2025-03-10T09:17:26.880+0100] {processor.py:161} INFO - Started process (PID=137937) to work on /home/philip/de_engineering/airflow_projects/airflow1/venv/lib/python3.10/site-packages/airflow/example_dags/example_latest_only.py
[2025-03-10T09:17:26.881+0100] {processor.py:830} INFO - Processing file /home/philip/de_engineering/airflow_projects/airflow1/venv/lib/python3.10/site-packages/airflow/example_dags/example_latest_only.py for tasks to queue
[2025-03-10T09:17:26.882+0100] {logging_mixin.py:188} INFO - [2025-03-10T09:17:26.881+0100] {dagbag.py:538} INFO - Filling up the DagBag from /home/philip/de_engineering/airflow_projects/airflow1/venv/lib/python3.10/site-packages/airflow/example_dags/example_latest_only.py
[2025-03-10T09:17:26.886+0100] {processor.py:840} INFO - DAG(s) 'latest_only' retrieved from /home/philip/de_engineering/airflow_projects/airflow1/venv/lib/python3.10/site-packages/airflow/example_dags/example_latest_only.py
[2025-03-10T09:17:26.904+0100] {logging_mixin.py:188} INFO - [2025-03-10T09:17:26.904+0100] {dag.py:3036} INFO - Sync 1 DAGs
[2025-03-10T09:17:26.923+0100] {logging_mixin.py:188} INFO - [2025-03-10T09:17:26.922+0100] {dag.py:3823} INFO - Setting next_dagrun for latest_only to 2025-03-10 04:00:00+00:00, run_after=2025-03-10 08:00:00+00:00
[2025-03-10T09:17:26.937+0100] {processor.py:183} INFO - Processing /home/philip/de_engineering/airflow_projects/airflow1/venv/lib/python3.10/site-packages/airflow/example_dags/example_latest_only.py took 0.060 seconds
[2025-03-10T09:19:21.317+0100] {processor.py:161} INFO - Started process (PID=138583) to work on /home/philip/de_engineering/airflow_projects/airflow1/venv/lib/python3.10/site-packages/airflow/example_dags/example_latest_only.py
[2025-03-10T09:19:21.319+0100] {processor.py:830} INFO - Processing file /home/philip/de_engineering/airflow_projects/airflow1/venv/lib/python3.10/site-packages/airflow/example_dags/example_latest_only.py for tasks to queue
[2025-03-10T09:19:21.319+0100] {logging_mixin.py:188} INFO - [2025-03-10T09:19:21.319+0100] {dagbag.py:538} INFO - Filling up the DagBag from /home/philip/de_engineering/airflow_projects/airflow1/venv/lib/python3.10/site-packages/airflow/example_dags/example_latest_only.py
[2025-03-10T09:19:21.325+0100] {processor.py:840} INFO - DAG(s) 'latest_only' retrieved from /home/philip/de_engineering/airflow_projects/airflow1/venv/lib/python3.10/site-packages/airflow/example_dags/example_latest_only.py
[2025-03-10T09:19:21.403+0100] {logging_mixin.py:188} INFO - [2025-03-10T09:19:21.403+0100] {dag.py:3036} INFO - Sync 1 DAGs
[2025-03-10T09:19:21.418+0100] {logging_mixin.py:188} INFO - [2025-03-10T09:19:21.418+0100] {dag.py:3823} INFO - Setting next_dagrun for latest_only to 2025-03-10 04:00:00+00:00, run_after=2025-03-10 08:00:00+00:00
[2025-03-10T09:19:21.434+0100] {processor.py:183} INFO - Processing /home/philip/de_engineering/airflow_projects/airflow1/venv/lib/python3.10/site-packages/airflow/example_dags/example_latest_only.py took 0.119 seconds
[2025-03-10T09:19:51.467+0100] {processor.py:161} INFO - Started process (PID=138919) to work on /home/philip/de_engineering/airflow_projects/airflow1/venv/lib/python3.10/site-packages/airflow/example_dags/example_latest_only.py
[2025-03-10T09:19:51.467+0100] {processor.py:830} INFO - Processing file /home/philip/de_engineering/airflow_projects/airflow1/venv/lib/python3.10/site-packages/airflow/example_dags/example_latest_only.py for tasks to queue
[2025-03-10T09:19:51.468+0100] {logging_mixin.py:188} INFO - [2025-03-10T09:19:51.468+0100] {dagbag.py:538} INFO - Filling up the DagBag from /home/philip/de_engineering/airflow_projects/airflow1/venv/lib/python3.10/site-packages/airflow/example_dags/example_latest_only.py
[2025-03-10T09:19:51.472+0100] {processor.py:840} INFO - DAG(s) 'latest_only' retrieved from /home/philip/de_engineering/airflow_projects/airflow1/venv/lib/python3.10/site-packages/airflow/example_dags/example_latest_only.py
[2025-03-10T09:19:51.492+0100] {logging_mixin.py:188} INFO - [2025-03-10T09:19:51.492+0100] {dag.py:3036} INFO - Sync 1 DAGs
[2025-03-10T09:19:51.509+0100] {logging_mixin.py:188} INFO - [2025-03-10T09:19:51.509+0100] {dag.py:3823} INFO - Setting next_dagrun for latest_only to 2025-03-10 04:00:00+00:00, run_after=2025-03-10 08:00:00+00:00
[2025-03-10T09:19:51.524+0100] {processor.py:183} INFO - Processing /home/philip/de_engineering/airflow_projects/airflow1/venv/lib/python3.10/site-packages/airflow/example_dags/example_latest_only.py took 0.061 seconds
[2025-03-10T09:20:21.899+0100] {processor.py:161} INFO - Started process (PID=139297) to work on /home/philip/de_engineering/airflow_projects/airflow1/venv/lib/python3.10/site-packages/airflow/example_dags/example_latest_only.py
[2025-03-10T09:20:21.900+0100] {processor.py:830} INFO - Processing file /home/philip/de_engineering/airflow_projects/airflow1/venv/lib/python3.10/site-packages/airflow/example_dags/example_latest_only.py for tasks to queue
[2025-03-10T09:20:21.901+0100] {logging_mixin.py:188} INFO - [2025-03-10T09:20:21.901+0100] {dagbag.py:538} INFO - Filling up the DagBag from /home/philip/de_engineering/airflow_projects/airflow1/venv/lib/python3.10/site-packages/airflow/example_dags/example_latest_only.py
[2025-03-10T09:20:21.905+0100] {processor.py:840} INFO - DAG(s) 'latest_only' retrieved from /home/philip/de_engineering/airflow_projects/airflow1/venv/lib/python3.10/site-packages/airflow/example_dags/example_latest_only.py
[2025-03-10T09:20:21.924+0100] {logging_mixin.py:188} INFO - [2025-03-10T09:20:21.923+0100] {dag.py:3036} INFO - Sync 1 DAGs
[2025-03-10T09:20:21.941+0100] {logging_mixin.py:188} INFO - [2025-03-10T09:20:21.940+0100] {dag.py:3823} INFO - Setting next_dagrun for latest_only to 2025-03-10 04:00:00+00:00, run_after=2025-03-10 08:00:00+00:00
[2025-03-10T09:20:21.955+0100] {processor.py:183} INFO - Processing /home/philip/de_engineering/airflow_projects/airflow1/venv/lib/python3.10/site-packages/airflow/example_dags/example_latest_only.py took 0.059 seconds
[2025-03-10T09:20:52.626+0100] {processor.py:161} INFO - Started process (PID=139672) to work on /home/philip/de_engineering/airflow_projects/airflow1/venv/lib/python3.10/site-packages/airflow/example_dags/example_latest_only.py
[2025-03-10T09:20:52.627+0100] {processor.py:830} INFO - Processing file /home/philip/de_engineering/airflow_projects/airflow1/venv/lib/python3.10/site-packages/airflow/example_dags/example_latest_only.py for tasks to queue
[2025-03-10T09:20:52.627+0100] {logging_mixin.py:188} INFO - [2025-03-10T09:20:52.627+0100] {dagbag.py:538} INFO - Filling up the DagBag from /home/philip/de_engineering/airflow_projects/airflow1/venv/lib/python3.10/site-packages/airflow/example_dags/example_latest_only.py
[2025-03-10T09:20:52.631+0100] {processor.py:840} INFO - DAG(s) 'latest_only' retrieved from /home/philip/de_engineering/airflow_projects/airflow1/venv/lib/python3.10/site-packages/airflow/example_dags/example_latest_only.py
[2025-03-10T09:20:52.651+0100] {logging_mixin.py:188} INFO - [2025-03-10T09:20:52.650+0100] {dag.py:3036} INFO - Sync 1 DAGs
[2025-03-10T09:20:52.668+0100] {logging_mixin.py:188} INFO - [2025-03-10T09:20:52.667+0100] {dag.py:3823} INFO - Setting next_dagrun for latest_only to 2025-03-10 04:00:00+00:00, run_after=2025-03-10 08:00:00+00:00
[2025-03-10T09:20:52.682+0100] {processor.py:183} INFO - Processing /home/philip/de_engineering/airflow_projects/airflow1/venv/lib/python3.10/site-packages/airflow/example_dags/example_latest_only.py took 0.058 seconds
[2025-03-10T09:21:22.993+0100] {processor.py:161} INFO - Started process (PID=140055) to work on /home/philip/de_engineering/airflow_projects/airflow1/venv/lib/python3.10/site-packages/airflow/example_dags/example_latest_only.py
[2025-03-10T09:21:22.994+0100] {processor.py:830} INFO - Processing file /home/philip/de_engineering/airflow_projects/airflow1/venv/lib/python3.10/site-packages/airflow/example_dags/example_latest_only.py for tasks to queue
[2025-03-10T09:21:22.996+0100] {logging_mixin.py:188} INFO - [2025-03-10T09:21:22.995+0100] {dagbag.py:538} INFO - Filling up the DagBag from /home/philip/de_engineering/airflow_projects/airflow1/venv/lib/python3.10/site-packages/airflow/example_dags/example_latest_only.py
[2025-03-10T09:21:23.002+0100] {processor.py:840} INFO - DAG(s) 'latest_only' retrieved from /home/philip/de_engineering/airflow_projects/airflow1/venv/lib/python3.10/site-packages/airflow/example_dags/example_latest_only.py
[2025-03-10T09:21:23.026+0100] {logging_mixin.py:188} INFO - [2025-03-10T09:21:23.026+0100] {dag.py:3036} INFO - Sync 1 DAGs
[2025-03-10T09:21:23.050+0100] {logging_mixin.py:188} INFO - [2025-03-10T09:21:23.050+0100] {dag.py:3823} INFO - Setting next_dagrun for latest_only to 2025-03-10 04:00:00+00:00, run_after=2025-03-10 08:00:00+00:00
[2025-03-10T09:21:23.065+0100] {processor.py:183} INFO - Processing /home/philip/de_engineering/airflow_projects/airflow1/venv/lib/python3.10/site-packages/airflow/example_dags/example_latest_only.py took 0.076 seconds
[2025-03-10T09:21:53.202+0100] {processor.py:161} INFO - Started process (PID=140430) to work on /home/philip/de_engineering/airflow_projects/airflow1/venv/lib/python3.10/site-packages/airflow/example_dags/example_latest_only.py
[2025-03-10T09:21:53.203+0100] {processor.py:830} INFO - Processing file /home/philip/de_engineering/airflow_projects/airflow1/venv/lib/python3.10/site-packages/airflow/example_dags/example_latest_only.py for tasks to queue
[2025-03-10T09:21:53.204+0100] {logging_mixin.py:188} INFO - [2025-03-10T09:21:53.203+0100] {dagbag.py:538} INFO - Filling up the DagBag from /home/philip/de_engineering/airflow_projects/airflow1/venv/lib/python3.10/site-packages/airflow/example_dags/example_latest_only.py
[2025-03-10T09:21:53.208+0100] {processor.py:840} INFO - DAG(s) 'latest_only' retrieved from /home/philip/de_engineering/airflow_projects/airflow1/venv/lib/python3.10/site-packages/airflow/example_dags/example_latest_only.py
[2025-03-10T09:21:53.230+0100] {logging_mixin.py:188} INFO - [2025-03-10T09:21:53.230+0100] {dag.py:3036} INFO - Sync 1 DAGs
[2025-03-10T09:21:53.250+0100] {logging_mixin.py:188} INFO - [2025-03-10T09:21:53.249+0100] {dag.py:3823} INFO - Setting next_dagrun for latest_only to 2025-03-10 04:00:00+00:00, run_after=2025-03-10 08:00:00+00:00
[2025-03-10T09:21:53.266+0100] {processor.py:183} INFO - Processing /home/philip/de_engineering/airflow_projects/airflow1/venv/lib/python3.10/site-packages/airflow/example_dags/example_latest_only.py took 0.067 seconds
[2025-03-10T09:22:23.446+0100] {processor.py:161} INFO - Started process (PID=140811) to work on /home/philip/de_engineering/airflow_projects/airflow1/venv/lib/python3.10/site-packages/airflow/example_dags/example_latest_only.py
[2025-03-10T09:22:23.447+0100] {processor.py:830} INFO - Processing file /home/philip/de_engineering/airflow_projects/airflow1/venv/lib/python3.10/site-packages/airflow/example_dags/example_latest_only.py for tasks to queue
[2025-03-10T09:22:23.448+0100] {logging_mixin.py:188} INFO - [2025-03-10T09:22:23.448+0100] {dagbag.py:538} INFO - Filling up the DagBag from /home/philip/de_engineering/airflow_projects/airflow1/venv/lib/python3.10/site-packages/airflow/example_dags/example_latest_only.py
[2025-03-10T09:22:23.452+0100] {processor.py:840} INFO - DAG(s) 'latest_only' retrieved from /home/philip/de_engineering/airflow_projects/airflow1/venv/lib/python3.10/site-packages/airflow/example_dags/example_latest_only.py
[2025-03-10T09:22:23.472+0100] {logging_mixin.py:188} INFO - [2025-03-10T09:22:23.472+0100] {dag.py:3036} INFO - Sync 1 DAGs
[2025-03-10T09:22:23.490+0100] {logging_mixin.py:188} INFO - [2025-03-10T09:22:23.490+0100] {dag.py:3823} INFO - Setting next_dagrun for latest_only to 2025-03-10 04:00:00+00:00, run_after=2025-03-10 08:00:00+00:00
[2025-03-10T09:22:23.509+0100] {processor.py:183} INFO - Processing /home/philip/de_engineering/airflow_projects/airflow1/venv/lib/python3.10/site-packages/airflow/example_dags/example_latest_only.py took 0.066 seconds
[2025-03-10T09:22:53.660+0100] {processor.py:161} INFO - Started process (PID=141191) to work on /home/philip/de_engineering/airflow_projects/airflow1/venv/lib/python3.10/site-packages/airflow/example_dags/example_latest_only.py
[2025-03-10T09:22:53.661+0100] {processor.py:830} INFO - Processing file /home/philip/de_engineering/airflow_projects/airflow1/venv/lib/python3.10/site-packages/airflow/example_dags/example_latest_only.py for tasks to queue
[2025-03-10T09:22:53.661+0100] {logging_mixin.py:188} INFO - [2025-03-10T09:22:53.661+0100] {dagbag.py:538} INFO - Filling up the DagBag from /home/philip/de_engineering/airflow_projects/airflow1/venv/lib/python3.10/site-packages/airflow/example_dags/example_latest_only.py
[2025-03-10T09:22:53.666+0100] {processor.py:840} INFO - DAG(s) 'latest_only' retrieved from /home/philip/de_engineering/airflow_projects/airflow1/venv/lib/python3.10/site-packages/airflow/example_dags/example_latest_only.py
[2025-03-10T09:22:53.687+0100] {logging_mixin.py:188} INFO - [2025-03-10T09:22:53.687+0100] {dag.py:3036} INFO - Sync 1 DAGs
[2025-03-10T09:22:53.708+0100] {logging_mixin.py:188} INFO - [2025-03-10T09:22:53.708+0100] {dag.py:3823} INFO - Setting next_dagrun for latest_only to 2025-03-10 04:00:00+00:00, run_after=2025-03-10 08:00:00+00:00
[2025-03-10T09:22:53.725+0100] {processor.py:183} INFO - Processing /home/philip/de_engineering/airflow_projects/airflow1/venv/lib/python3.10/site-packages/airflow/example_dags/example_latest_only.py took 0.068 seconds
[2025-03-10T09:23:23.879+0100] {processor.py:161} INFO - Started process (PID=141568) to work on /home/philip/de_engineering/airflow_projects/airflow1/venv/lib/python3.10/site-packages/airflow/example_dags/example_latest_only.py
[2025-03-10T09:23:23.880+0100] {processor.py:830} INFO - Processing file /home/philip/de_engineering/airflow_projects/airflow1/venv/lib/python3.10/site-packages/airflow/example_dags/example_latest_only.py for tasks to queue
[2025-03-10T09:23:23.881+0100] {logging_mixin.py:188} INFO - [2025-03-10T09:23:23.881+0100] {dagbag.py:538} INFO - Filling up the DagBag from /home/philip/de_engineering/airflow_projects/airflow1/venv/lib/python3.10/site-packages/airflow/example_dags/example_latest_only.py
[2025-03-10T09:23:23.886+0100] {processor.py:840} INFO - DAG(s) 'latest_only' retrieved from /home/philip/de_engineering/airflow_projects/airflow1/venv/lib/python3.10/site-packages/airflow/example_dags/example_latest_only.py
[2025-03-10T09:23:23.905+0100] {logging_mixin.py:188} INFO - [2025-03-10T09:23:23.905+0100] {dag.py:3036} INFO - Sync 1 DAGs
[2025-03-10T09:23:23.924+0100] {logging_mixin.py:188} INFO - [2025-03-10T09:23:23.924+0100] {dag.py:3823} INFO - Setting next_dagrun for latest_only to 2025-03-10 04:00:00+00:00, run_after=2025-03-10 08:00:00+00:00
[2025-03-10T09:23:23.939+0100] {processor.py:183} INFO - Processing /home/philip/de_engineering/airflow_projects/airflow1/venv/lib/python3.10/site-packages/airflow/example_dags/example_latest_only.py took 0.063 seconds
[2025-03-10T09:23:54.316+0100] {processor.py:161} INFO - Started process (PID=141952) to work on /home/philip/de_engineering/airflow_projects/airflow1/venv/lib/python3.10/site-packages/airflow/example_dags/example_latest_only.py
[2025-03-10T09:23:54.317+0100] {processor.py:830} INFO - Processing file /home/philip/de_engineering/airflow_projects/airflow1/venv/lib/python3.10/site-packages/airflow/example_dags/example_latest_only.py for tasks to queue
[2025-03-10T09:23:54.318+0100] {logging_mixin.py:188} INFO - [2025-03-10T09:23:54.318+0100] {dagbag.py:538} INFO - Filling up the DagBag from /home/philip/de_engineering/airflow_projects/airflow1/venv/lib/python3.10/site-packages/airflow/example_dags/example_latest_only.py
[2025-03-10T09:23:54.322+0100] {processor.py:840} INFO - DAG(s) 'latest_only' retrieved from /home/philip/de_engineering/airflow_projects/airflow1/venv/lib/python3.10/site-packages/airflow/example_dags/example_latest_only.py
[2025-03-10T09:23:54.341+0100] {logging_mixin.py:188} INFO - [2025-03-10T09:23:54.341+0100] {dag.py:3036} INFO - Sync 1 DAGs
[2025-03-10T09:23:54.358+0100] {logging_mixin.py:188} INFO - [2025-03-10T09:23:54.358+0100] {dag.py:3823} INFO - Setting next_dagrun for latest_only to 2025-03-10 04:00:00+00:00, run_after=2025-03-10 08:00:00+00:00
[2025-03-10T09:23:54.372+0100] {processor.py:183} INFO - Processing /home/philip/de_engineering/airflow_projects/airflow1/venv/lib/python3.10/site-packages/airflow/example_dags/example_latest_only.py took 0.059 seconds
[2025-03-10T09:24:24.561+0100] {processor.py:161} INFO - Started process (PID=142324) to work on /home/philip/de_engineering/airflow_projects/airflow1/venv/lib/python3.10/site-packages/airflow/example_dags/example_latest_only.py
[2025-03-10T09:24:24.562+0100] {processor.py:830} INFO - Processing file /home/philip/de_engineering/airflow_projects/airflow1/venv/lib/python3.10/site-packages/airflow/example_dags/example_latest_only.py for tasks to queue
[2025-03-10T09:24:24.563+0100] {logging_mixin.py:188} INFO - [2025-03-10T09:24:24.562+0100] {dagbag.py:538} INFO - Filling up the DagBag from /home/philip/de_engineering/airflow_projects/airflow1/venv/lib/python3.10/site-packages/airflow/example_dags/example_latest_only.py
[2025-03-10T09:24:24.568+0100] {processor.py:840} INFO - DAG(s) 'latest_only' retrieved from /home/philip/de_engineering/airflow_projects/airflow1/venv/lib/python3.10/site-packages/airflow/example_dags/example_latest_only.py
[2025-03-10T09:24:24.591+0100] {logging_mixin.py:188} INFO - [2025-03-10T09:24:24.591+0100] {dag.py:3036} INFO - Sync 1 DAGs
[2025-03-10T09:24:24.611+0100] {logging_mixin.py:188} INFO - [2025-03-10T09:24:24.611+0100] {dag.py:3823} INFO - Setting next_dagrun for latest_only to 2025-03-10 04:00:00+00:00, run_after=2025-03-10 08:00:00+00:00
[2025-03-10T09:24:24.628+0100] {processor.py:183} INFO - Processing /home/philip/de_engineering/airflow_projects/airflow1/venv/lib/python3.10/site-packages/airflow/example_dags/example_latest_only.py took 0.070 seconds
[2025-03-10T09:24:54.977+0100] {processor.py:161} INFO - Started process (PID=142705) to work on /home/philip/de_engineering/airflow_projects/airflow1/venv/lib/python3.10/site-packages/airflow/example_dags/example_latest_only.py
[2025-03-10T09:24:54.978+0100] {processor.py:830} INFO - Processing file /home/philip/de_engineering/airflow_projects/airflow1/venv/lib/python3.10/site-packages/airflow/example_dags/example_latest_only.py for tasks to queue
[2025-03-10T09:24:54.979+0100] {logging_mixin.py:188} INFO - [2025-03-10T09:24:54.979+0100] {dagbag.py:538} INFO - Filling up the DagBag from /home/philip/de_engineering/airflow_projects/airflow1/venv/lib/python3.10/site-packages/airflow/example_dags/example_latest_only.py
[2025-03-10T09:24:54.983+0100] {processor.py:840} INFO - DAG(s) 'latest_only' retrieved from /home/philip/de_engineering/airflow_projects/airflow1/venv/lib/python3.10/site-packages/airflow/example_dags/example_latest_only.py
[2025-03-10T09:24:55.003+0100] {logging_mixin.py:188} INFO - [2025-03-10T09:24:55.002+0100] {dag.py:3036} INFO - Sync 1 DAGs
[2025-03-10T09:24:55.020+0100] {logging_mixin.py:188} INFO - [2025-03-10T09:24:55.020+0100] {dag.py:3823} INFO - Setting next_dagrun for latest_only to 2025-03-10 04:00:00+00:00, run_after=2025-03-10 08:00:00+00:00
[2025-03-10T09:24:55.038+0100] {processor.py:183} INFO - Processing /home/philip/de_engineering/airflow_projects/airflow1/venv/lib/python3.10/site-packages/airflow/example_dags/example_latest_only.py took 0.064 seconds
[2025-03-10T09:25:25.142+0100] {processor.py:161} INFO - Started process (PID=143084) to work on /home/philip/de_engineering/airflow_projects/airflow1/venv/lib/python3.10/site-packages/airflow/example_dags/example_latest_only.py
[2025-03-10T09:25:25.143+0100] {processor.py:830} INFO - Processing file /home/philip/de_engineering/airflow_projects/airflow1/venv/lib/python3.10/site-packages/airflow/example_dags/example_latest_only.py for tasks to queue
[2025-03-10T09:25:25.144+0100] {logging_mixin.py:188} INFO - [2025-03-10T09:25:25.144+0100] {dagbag.py:538} INFO - Filling up the DagBag from /home/philip/de_engineering/airflow_projects/airflow1/venv/lib/python3.10/site-packages/airflow/example_dags/example_latest_only.py
[2025-03-10T09:25:25.150+0100] {processor.py:840} INFO - DAG(s) 'latest_only' retrieved from /home/philip/de_engineering/airflow_projects/airflow1/venv/lib/python3.10/site-packages/airflow/example_dags/example_latest_only.py
[2025-03-10T09:25:25.172+0100] {logging_mixin.py:188} INFO - [2025-03-10T09:25:25.172+0100] {dag.py:3036} INFO - Sync 1 DAGs
[2025-03-10T09:25:25.190+0100] {logging_mixin.py:188} INFO - [2025-03-10T09:25:25.190+0100] {dag.py:3823} INFO - Setting next_dagrun for latest_only to 2025-03-10 04:00:00+00:00, run_after=2025-03-10 08:00:00+00:00
[2025-03-10T09:25:25.205+0100] {processor.py:183} INFO - Processing /home/philip/de_engineering/airflow_projects/airflow1/venv/lib/python3.10/site-packages/airflow/example_dags/example_latest_only.py took 0.066 seconds
[2025-03-10T09:25:55.505+0100] {processor.py:161} INFO - Started process (PID=143466) to work on /home/philip/de_engineering/airflow_projects/airflow1/venv/lib/python3.10/site-packages/airflow/example_dags/example_latest_only.py
[2025-03-10T09:25:55.506+0100] {processor.py:830} INFO - Processing file /home/philip/de_engineering/airflow_projects/airflow1/venv/lib/python3.10/site-packages/airflow/example_dags/example_latest_only.py for tasks to queue
[2025-03-10T09:25:55.507+0100] {logging_mixin.py:188} INFO - [2025-03-10T09:25:55.507+0100] {dagbag.py:538} INFO - Filling up the DagBag from /home/philip/de_engineering/airflow_projects/airflow1/venv/lib/python3.10/site-packages/airflow/example_dags/example_latest_only.py
[2025-03-10T09:25:55.511+0100] {processor.py:840} INFO - DAG(s) 'latest_only' retrieved from /home/philip/de_engineering/airflow_projects/airflow1/venv/lib/python3.10/site-packages/airflow/example_dags/example_latest_only.py
[2025-03-10T09:25:55.531+0100] {logging_mixin.py:188} INFO - [2025-03-10T09:25:55.531+0100] {dag.py:3036} INFO - Sync 1 DAGs
[2025-03-10T09:25:55.549+0100] {logging_mixin.py:188} INFO - [2025-03-10T09:25:55.548+0100] {dag.py:3823} INFO - Setting next_dagrun for latest_only to 2025-03-10 04:00:00+00:00, run_after=2025-03-10 08:00:00+00:00
[2025-03-10T09:25:55.563+0100] {processor.py:183} INFO - Processing /home/philip/de_engineering/airflow_projects/airflow1/venv/lib/python3.10/site-packages/airflow/example_dags/example_latest_only.py took 0.061 seconds
[2025-03-10T09:26:25.906+0100] {processor.py:161} INFO - Started process (PID=143845) to work on /home/philip/de_engineering/airflow_projects/airflow1/venv/lib/python3.10/site-packages/airflow/example_dags/example_latest_only.py
[2025-03-10T09:26:25.907+0100] {processor.py:830} INFO - Processing file /home/philip/de_engineering/airflow_projects/airflow1/venv/lib/python3.10/site-packages/airflow/example_dags/example_latest_only.py for tasks to queue
[2025-03-10T09:26:25.908+0100] {logging_mixin.py:188} INFO - [2025-03-10T09:26:25.908+0100] {dagbag.py:538} INFO - Filling up the DagBag from /home/philip/de_engineering/airflow_projects/airflow1/venv/lib/python3.10/site-packages/airflow/example_dags/example_latest_only.py
[2025-03-10T09:26:25.913+0100] {processor.py:840} INFO - DAG(s) 'latest_only' retrieved from /home/philip/de_engineering/airflow_projects/airflow1/venv/lib/python3.10/site-packages/airflow/example_dags/example_latest_only.py
[2025-03-10T09:26:25.934+0100] {logging_mixin.py:188} INFO - [2025-03-10T09:26:25.934+0100] {dag.py:3036} INFO - Sync 1 DAGs
[2025-03-10T09:26:25.953+0100] {logging_mixin.py:188} INFO - [2025-03-10T09:26:25.953+0100] {dag.py:3823} INFO - Setting next_dagrun for latest_only to 2025-03-10 04:00:00+00:00, run_after=2025-03-10 08:00:00+00:00
[2025-03-10T09:26:25.968+0100] {processor.py:183} INFO - Processing /home/philip/de_engineering/airflow_projects/airflow1/venv/lib/python3.10/site-packages/airflow/example_dags/example_latest_only.py took 0.065 seconds
[2025-03-10T09:26:56.345+0100] {processor.py:161} INFO - Started process (PID=144220) to work on /home/philip/de_engineering/airflow_projects/airflow1/venv/lib/python3.10/site-packages/airflow/example_dags/example_latest_only.py
[2025-03-10T09:26:56.346+0100] {processor.py:830} INFO - Processing file /home/philip/de_engineering/airflow_projects/airflow1/venv/lib/python3.10/site-packages/airflow/example_dags/example_latest_only.py for tasks to queue
[2025-03-10T09:26:56.347+0100] {logging_mixin.py:188} INFO - [2025-03-10T09:26:56.347+0100] {dagbag.py:538} INFO - Filling up the DagBag from /home/philip/de_engineering/airflow_projects/airflow1/venv/lib/python3.10/site-packages/airflow/example_dags/example_latest_only.py
[2025-03-10T09:26:56.352+0100] {processor.py:840} INFO - DAG(s) 'latest_only' retrieved from /home/philip/de_engineering/airflow_projects/airflow1/venv/lib/python3.10/site-packages/airflow/example_dags/example_latest_only.py
[2025-03-10T09:26:56.372+0100] {logging_mixin.py:188} INFO - [2025-03-10T09:26:56.372+0100] {dag.py:3036} INFO - Sync 1 DAGs
[2025-03-10T09:26:56.394+0100] {logging_mixin.py:188} INFO - [2025-03-10T09:26:56.394+0100] {dag.py:3823} INFO - Setting next_dagrun for latest_only to 2025-03-10 04:00:00+00:00, run_after=2025-03-10 08:00:00+00:00
[2025-03-10T09:26:56.413+0100] {processor.py:183} INFO - Processing /home/philip/de_engineering/airflow_projects/airflow1/venv/lib/python3.10/site-packages/airflow/example_dags/example_latest_only.py took 0.071 seconds
[2025-03-10T09:27:26.645+0100] {processor.py:161} INFO - Started process (PID=144601) to work on /home/philip/de_engineering/airflow_projects/airflow1/venv/lib/python3.10/site-packages/airflow/example_dags/example_latest_only.py
[2025-03-10T09:27:26.647+0100] {processor.py:830} INFO - Processing file /home/philip/de_engineering/airflow_projects/airflow1/venv/lib/python3.10/site-packages/airflow/example_dags/example_latest_only.py for tasks to queue
[2025-03-10T09:27:26.648+0100] {logging_mixin.py:188} INFO - [2025-03-10T09:27:26.647+0100] {dagbag.py:538} INFO - Filling up the DagBag from /home/philip/de_engineering/airflow_projects/airflow1/venv/lib/python3.10/site-packages/airflow/example_dags/example_latest_only.py
[2025-03-10T09:27:26.653+0100] {processor.py:840} INFO - DAG(s) 'latest_only' retrieved from /home/philip/de_engineering/airflow_projects/airflow1/venv/lib/python3.10/site-packages/airflow/example_dags/example_latest_only.py
[2025-03-10T09:27:26.674+0100] {logging_mixin.py:188} INFO - [2025-03-10T09:27:26.673+0100] {dag.py:3036} INFO - Sync 1 DAGs
[2025-03-10T09:27:26.694+0100] {logging_mixin.py:188} INFO - [2025-03-10T09:27:26.693+0100] {dag.py:3823} INFO - Setting next_dagrun for latest_only to 2025-03-10 04:00:00+00:00, run_after=2025-03-10 08:00:00+00:00
[2025-03-10T09:27:26.707+0100] {processor.py:183} INFO - Processing /home/philip/de_engineering/airflow_projects/airflow1/venv/lib/python3.10/site-packages/airflow/example_dags/example_latest_only.py took 0.065 seconds
[2025-03-10T09:27:56.866+0100] {processor.py:161} INFO - Started process (PID=144978) to work on /home/philip/de_engineering/airflow_projects/airflow1/venv/lib/python3.10/site-packages/airflow/example_dags/example_latest_only.py
[2025-03-10T09:27:56.868+0100] {processor.py:830} INFO - Processing file /home/philip/de_engineering/airflow_projects/airflow1/venv/lib/python3.10/site-packages/airflow/example_dags/example_latest_only.py for tasks to queue
[2025-03-10T09:27:56.868+0100] {logging_mixin.py:188} INFO - [2025-03-10T09:27:56.868+0100] {dagbag.py:538} INFO - Filling up the DagBag from /home/philip/de_engineering/airflow_projects/airflow1/venv/lib/python3.10/site-packages/airflow/example_dags/example_latest_only.py
[2025-03-10T09:27:56.872+0100] {processor.py:840} INFO - DAG(s) 'latest_only' retrieved from /home/philip/de_engineering/airflow_projects/airflow1/venv/lib/python3.10/site-packages/airflow/example_dags/example_latest_only.py
[2025-03-10T09:27:56.892+0100] {logging_mixin.py:188} INFO - [2025-03-10T09:27:56.892+0100] {dag.py:3036} INFO - Sync 1 DAGs
[2025-03-10T09:27:56.909+0100] {logging_mixin.py:188} INFO - [2025-03-10T09:27:56.909+0100] {dag.py:3823} INFO - Setting next_dagrun for latest_only to 2025-03-10 04:00:00+00:00, run_after=2025-03-10 08:00:00+00:00
[2025-03-10T09:27:56.924+0100] {processor.py:183} INFO - Processing /home/philip/de_engineering/airflow_projects/airflow1/venv/lib/python3.10/site-packages/airflow/example_dags/example_latest_only.py took 0.060 seconds
[2025-03-10T09:28:27.123+0100] {processor.py:161} INFO - Started process (PID=145355) to work on /home/philip/de_engineering/airflow_projects/airflow1/venv/lib/python3.10/site-packages/airflow/example_dags/example_latest_only.py
[2025-03-10T09:28:27.123+0100] {processor.py:830} INFO - Processing file /home/philip/de_engineering/airflow_projects/airflow1/venv/lib/python3.10/site-packages/airflow/example_dags/example_latest_only.py for tasks to queue
[2025-03-10T09:28:27.124+0100] {logging_mixin.py:188} INFO - [2025-03-10T09:28:27.124+0100] {dagbag.py:538} INFO - Filling up the DagBag from /home/philip/de_engineering/airflow_projects/airflow1/venv/lib/python3.10/site-packages/airflow/example_dags/example_latest_only.py
[2025-03-10T09:28:27.128+0100] {processor.py:840} INFO - DAG(s) 'latest_only' retrieved from /home/philip/de_engineering/airflow_projects/airflow1/venv/lib/python3.10/site-packages/airflow/example_dags/example_latest_only.py
[2025-03-10T09:28:27.147+0100] {logging_mixin.py:188} INFO - [2025-03-10T09:28:27.147+0100] {dag.py:3036} INFO - Sync 1 DAGs
[2025-03-10T09:28:27.166+0100] {logging_mixin.py:188} INFO - [2025-03-10T09:28:27.166+0100] {dag.py:3823} INFO - Setting next_dagrun for latest_only to 2025-03-10 04:00:00+00:00, run_after=2025-03-10 08:00:00+00:00
[2025-03-10T09:28:27.182+0100] {processor.py:183} INFO - Processing /home/philip/de_engineering/airflow_projects/airflow1/venv/lib/python3.10/site-packages/airflow/example_dags/example_latest_only.py took 0.062 seconds
[2025-03-10T09:28:57.289+0100] {processor.py:161} INFO - Started process (PID=145735) to work on /home/philip/de_engineering/airflow_projects/airflow1/venv/lib/python3.10/site-packages/airflow/example_dags/example_latest_only.py
[2025-03-10T09:28:57.291+0100] {processor.py:830} INFO - Processing file /home/philip/de_engineering/airflow_projects/airflow1/venv/lib/python3.10/site-packages/airflow/example_dags/example_latest_only.py for tasks to queue
[2025-03-10T09:28:57.291+0100] {logging_mixin.py:188} INFO - [2025-03-10T09:28:57.291+0100] {dagbag.py:538} INFO - Filling up the DagBag from /home/philip/de_engineering/airflow_projects/airflow1/venv/lib/python3.10/site-packages/airflow/example_dags/example_latest_only.py
[2025-03-10T09:28:57.296+0100] {processor.py:840} INFO - DAG(s) 'latest_only' retrieved from /home/philip/de_engineering/airflow_projects/airflow1/venv/lib/python3.10/site-packages/airflow/example_dags/example_latest_only.py
[2025-03-10T09:28:57.317+0100] {logging_mixin.py:188} INFO - [2025-03-10T09:28:57.317+0100] {dag.py:3036} INFO - Sync 1 DAGs
[2025-03-10T09:28:57.335+0100] {logging_mixin.py:188} INFO - [2025-03-10T09:28:57.335+0100] {dag.py:3823} INFO - Setting next_dagrun for latest_only to 2025-03-10 04:00:00+00:00, run_after=2025-03-10 08:00:00+00:00
[2025-03-10T09:28:57.349+0100] {processor.py:183} INFO - Processing /home/philip/de_engineering/airflow_projects/airflow1/venv/lib/python3.10/site-packages/airflow/example_dags/example_latest_only.py took 0.063 seconds
[2025-03-10T09:29:27.537+0100] {processor.py:161} INFO - Started process (PID=146112) to work on /home/philip/de_engineering/airflow_projects/airflow1/venv/lib/python3.10/site-packages/airflow/example_dags/example_latest_only.py
[2025-03-10T09:29:27.537+0100] {processor.py:830} INFO - Processing file /home/philip/de_engineering/airflow_projects/airflow1/venv/lib/python3.10/site-packages/airflow/example_dags/example_latest_only.py for tasks to queue
[2025-03-10T09:29:27.538+0100] {logging_mixin.py:188} INFO - [2025-03-10T09:29:27.538+0100] {dagbag.py:538} INFO - Filling up the DagBag from /home/philip/de_engineering/airflow_projects/airflow1/venv/lib/python3.10/site-packages/airflow/example_dags/example_latest_only.py
[2025-03-10T09:29:27.543+0100] {processor.py:840} INFO - DAG(s) 'latest_only' retrieved from /home/philip/de_engineering/airflow_projects/airflow1/venv/lib/python3.10/site-packages/airflow/example_dags/example_latest_only.py
[2025-03-10T09:29:27.563+0100] {logging_mixin.py:188} INFO - [2025-03-10T09:29:27.563+0100] {dag.py:3036} INFO - Sync 1 DAGs
[2025-03-10T09:29:27.584+0100] {logging_mixin.py:188} INFO - [2025-03-10T09:29:27.584+0100] {dag.py:3823} INFO - Setting next_dagrun for latest_only to 2025-03-10 04:00:00+00:00, run_after=2025-03-10 08:00:00+00:00
[2025-03-10T09:29:27.604+0100] {processor.py:183} INFO - Processing /home/philip/de_engineering/airflow_projects/airflow1/venv/lib/python3.10/site-packages/airflow/example_dags/example_latest_only.py took 0.071 seconds
[2025-03-10T09:29:57.723+0100] {processor.py:161} INFO - Started process (PID=146493) to work on /home/philip/de_engineering/airflow_projects/airflow1/venv/lib/python3.10/site-packages/airflow/example_dags/example_latest_only.py
[2025-03-10T09:29:57.724+0100] {processor.py:830} INFO - Processing file /home/philip/de_engineering/airflow_projects/airflow1/venv/lib/python3.10/site-packages/airflow/example_dags/example_latest_only.py for tasks to queue
[2025-03-10T09:29:57.725+0100] {logging_mixin.py:188} INFO - [2025-03-10T09:29:57.725+0100] {dagbag.py:538} INFO - Filling up the DagBag from /home/philip/de_engineering/airflow_projects/airflow1/venv/lib/python3.10/site-packages/airflow/example_dags/example_latest_only.py
[2025-03-10T09:29:57.729+0100] {processor.py:840} INFO - DAG(s) 'latest_only' retrieved from /home/philip/de_engineering/airflow_projects/airflow1/venv/lib/python3.10/site-packages/airflow/example_dags/example_latest_only.py
[2025-03-10T09:29:57.752+0100] {logging_mixin.py:188} INFO - [2025-03-10T09:29:57.752+0100] {dag.py:3036} INFO - Sync 1 DAGs
[2025-03-10T09:29:57.770+0100] {logging_mixin.py:188} INFO - [2025-03-10T09:29:57.770+0100] {dag.py:3823} INFO - Setting next_dagrun for latest_only to 2025-03-10 04:00:00+00:00, run_after=2025-03-10 08:00:00+00:00
[2025-03-10T09:29:57.785+0100] {processor.py:183} INFO - Processing /home/philip/de_engineering/airflow_projects/airflow1/venv/lib/python3.10/site-packages/airflow/example_dags/example_latest_only.py took 0.065 seconds
[2025-03-10T09:30:27.963+0100] {processor.py:161} INFO - Started process (PID=146868) to work on /home/philip/de_engineering/airflow_projects/airflow1/venv/lib/python3.10/site-packages/airflow/example_dags/example_latest_only.py
[2025-03-10T09:30:27.964+0100] {processor.py:830} INFO - Processing file /home/philip/de_engineering/airflow_projects/airflow1/venv/lib/python3.10/site-packages/airflow/example_dags/example_latest_only.py for tasks to queue
[2025-03-10T09:30:27.964+0100] {logging_mixin.py:188} INFO - [2025-03-10T09:30:27.964+0100] {dagbag.py:538} INFO - Filling up the DagBag from /home/philip/de_engineering/airflow_projects/airflow1/venv/lib/python3.10/site-packages/airflow/example_dags/example_latest_only.py
[2025-03-10T09:30:27.969+0100] {processor.py:840} INFO - DAG(s) 'latest_only' retrieved from /home/philip/de_engineering/airflow_projects/airflow1/venv/lib/python3.10/site-packages/airflow/example_dags/example_latest_only.py
[2025-03-10T09:30:27.989+0100] {logging_mixin.py:188} INFO - [2025-03-10T09:30:27.989+0100] {dag.py:3036} INFO - Sync 1 DAGs
[2025-03-10T09:30:28.008+0100] {logging_mixin.py:188} INFO - [2025-03-10T09:30:28.008+0100] {dag.py:3823} INFO - Setting next_dagrun for latest_only to 2025-03-10 04:00:00+00:00, run_after=2025-03-10 08:00:00+00:00
[2025-03-10T09:30:28.023+0100] {processor.py:183} INFO - Processing /home/philip/de_engineering/airflow_projects/airflow1/venv/lib/python3.10/site-packages/airflow/example_dags/example_latest_only.py took 0.063 seconds
[2025-03-10T09:30:58.126+0100] {processor.py:161} INFO - Started process (PID=147249) to work on /home/philip/de_engineering/airflow_projects/airflow1/venv/lib/python3.10/site-packages/airflow/example_dags/example_latest_only.py
[2025-03-10T09:30:58.128+0100] {processor.py:830} INFO - Processing file /home/philip/de_engineering/airflow_projects/airflow1/venv/lib/python3.10/site-packages/airflow/example_dags/example_latest_only.py for tasks to queue
[2025-03-10T09:30:58.129+0100] {logging_mixin.py:188} INFO - [2025-03-10T09:30:58.128+0100] {dagbag.py:538} INFO - Filling up the DagBag from /home/philip/de_engineering/airflow_projects/airflow1/venv/lib/python3.10/site-packages/airflow/example_dags/example_latest_only.py
[2025-03-10T09:30:58.133+0100] {processor.py:840} INFO - DAG(s) 'latest_only' retrieved from /home/philip/de_engineering/airflow_projects/airflow1/venv/lib/python3.10/site-packages/airflow/example_dags/example_latest_only.py
[2025-03-10T09:30:58.154+0100] {logging_mixin.py:188} INFO - [2025-03-10T09:30:58.153+0100] {dag.py:3036} INFO - Sync 1 DAGs
[2025-03-10T09:30:58.172+0100] {logging_mixin.py:188} INFO - [2025-03-10T09:30:58.172+0100] {dag.py:3823} INFO - Setting next_dagrun for latest_only to 2025-03-10 04:00:00+00:00, run_after=2025-03-10 08:00:00+00:00
[2025-03-10T09:30:58.187+0100] {processor.py:183} INFO - Processing /home/philip/de_engineering/airflow_projects/airflow1/venv/lib/python3.10/site-packages/airflow/example_dags/example_latest_only.py took 0.064 seconds
[2025-03-10T09:31:28.314+0100] {processor.py:161} INFO - Started process (PID=147623) to work on /home/philip/de_engineering/airflow_projects/airflow1/venv/lib/python3.10/site-packages/airflow/example_dags/example_latest_only.py
[2025-03-10T09:31:28.315+0100] {processor.py:830} INFO - Processing file /home/philip/de_engineering/airflow_projects/airflow1/venv/lib/python3.10/site-packages/airflow/example_dags/example_latest_only.py for tasks to queue
[2025-03-10T09:31:28.316+0100] {logging_mixin.py:188} INFO - [2025-03-10T09:31:28.315+0100] {dagbag.py:538} INFO - Filling up the DagBag from /home/philip/de_engineering/airflow_projects/airflow1/venv/lib/python3.10/site-packages/airflow/example_dags/example_latest_only.py
[2025-03-10T09:31:28.320+0100] {processor.py:840} INFO - DAG(s) 'latest_only' retrieved from /home/philip/de_engineering/airflow_projects/airflow1/venv/lib/python3.10/site-packages/airflow/example_dags/example_latest_only.py
[2025-03-10T09:31:28.339+0100] {logging_mixin.py:188} INFO - [2025-03-10T09:31:28.339+0100] {dag.py:3036} INFO - Sync 1 DAGs
[2025-03-10T09:31:28.358+0100] {logging_mixin.py:188} INFO - [2025-03-10T09:31:28.358+0100] {dag.py:3823} INFO - Setting next_dagrun for latest_only to 2025-03-10 04:00:00+00:00, run_after=2025-03-10 08:00:00+00:00
[2025-03-10T09:31:28.373+0100] {processor.py:183} INFO - Processing /home/philip/de_engineering/airflow_projects/airflow1/venv/lib/python3.10/site-packages/airflow/example_dags/example_latest_only.py took 0.062 seconds
[2025-03-10T09:31:58.533+0100] {processor.py:161} INFO - Started process (PID=148007) to work on /home/philip/de_engineering/airflow_projects/airflow1/venv/lib/python3.10/site-packages/airflow/example_dags/example_latest_only.py
[2025-03-10T09:31:58.535+0100] {processor.py:830} INFO - Processing file /home/philip/de_engineering/airflow_projects/airflow1/venv/lib/python3.10/site-packages/airflow/example_dags/example_latest_only.py for tasks to queue
[2025-03-10T09:31:58.535+0100] {logging_mixin.py:188} INFO - [2025-03-10T09:31:58.535+0100] {dagbag.py:538} INFO - Filling up the DagBag from /home/philip/de_engineering/airflow_projects/airflow1/venv/lib/python3.10/site-packages/airflow/example_dags/example_latest_only.py
[2025-03-10T09:31:58.539+0100] {processor.py:840} INFO - DAG(s) 'latest_only' retrieved from /home/philip/de_engineering/airflow_projects/airflow1/venv/lib/python3.10/site-packages/airflow/example_dags/example_latest_only.py
[2025-03-10T09:31:58.558+0100] {logging_mixin.py:188} INFO - [2025-03-10T09:31:58.558+0100] {dag.py:3036} INFO - Sync 1 DAGs
[2025-03-10T09:31:58.575+0100] {logging_mixin.py:188} INFO - [2025-03-10T09:31:58.575+0100] {dag.py:3823} INFO - Setting next_dagrun for latest_only to 2025-03-10 04:00:00+00:00, run_after=2025-03-10 08:00:00+00:00
[2025-03-10T09:31:58.589+0100] {processor.py:183} INFO - Processing /home/philip/de_engineering/airflow_projects/airflow1/venv/lib/python3.10/site-packages/airflow/example_dags/example_latest_only.py took 0.058 seconds
[2025-03-10T09:32:28.638+0100] {processor.py:161} INFO - Started process (PID=148378) to work on /home/philip/de_engineering/airflow_projects/airflow1/venv/lib/python3.10/site-packages/airflow/example_dags/example_latest_only.py
[2025-03-10T09:32:28.639+0100] {processor.py:830} INFO - Processing file /home/philip/de_engineering/airflow_projects/airflow1/venv/lib/python3.10/site-packages/airflow/example_dags/example_latest_only.py for tasks to queue
[2025-03-10T09:32:28.640+0100] {logging_mixin.py:188} INFO - [2025-03-10T09:32:28.640+0100] {dagbag.py:538} INFO - Filling up the DagBag from /home/philip/de_engineering/airflow_projects/airflow1/venv/lib/python3.10/site-packages/airflow/example_dags/example_latest_only.py
[2025-03-10T09:32:28.645+0100] {processor.py:840} INFO - DAG(s) 'latest_only' retrieved from /home/philip/de_engineering/airflow_projects/airflow1/venv/lib/python3.10/site-packages/airflow/example_dags/example_latest_only.py
[2025-03-10T09:32:28.668+0100] {logging_mixin.py:188} INFO - [2025-03-10T09:32:28.667+0100] {dag.py:3036} INFO - Sync 1 DAGs
[2025-03-10T09:32:28.688+0100] {logging_mixin.py:188} INFO - [2025-03-10T09:32:28.688+0100] {dag.py:3823} INFO - Setting next_dagrun for latest_only to 2025-03-10 04:00:00+00:00, run_after=2025-03-10 08:00:00+00:00
[2025-03-10T09:32:28.701+0100] {processor.py:183} INFO - Processing /home/philip/de_engineering/airflow_projects/airflow1/venv/lib/python3.10/site-packages/airflow/example_dags/example_latest_only.py took 0.067 seconds
[2025-03-10T09:32:58.945+0100] {processor.py:161} INFO - Started process (PID=148760) to work on /home/philip/de_engineering/airflow_projects/airflow1/venv/lib/python3.10/site-packages/airflow/example_dags/example_latest_only.py
[2025-03-10T09:32:58.946+0100] {processor.py:830} INFO - Processing file /home/philip/de_engineering/airflow_projects/airflow1/venv/lib/python3.10/site-packages/airflow/example_dags/example_latest_only.py for tasks to queue
[2025-03-10T09:32:58.947+0100] {logging_mixin.py:188} INFO - [2025-03-10T09:32:58.947+0100] {dagbag.py:538} INFO - Filling up the DagBag from /home/philip/de_engineering/airflow_projects/airflow1/venv/lib/python3.10/site-packages/airflow/example_dags/example_latest_only.py
[2025-03-10T09:32:58.951+0100] {processor.py:840} INFO - DAG(s) 'latest_only' retrieved from /home/philip/de_engineering/airflow_projects/airflow1/venv/lib/python3.10/site-packages/airflow/example_dags/example_latest_only.py
[2025-03-10T09:32:58.971+0100] {logging_mixin.py:188} INFO - [2025-03-10T09:32:58.970+0100] {dag.py:3036} INFO - Sync 1 DAGs
[2025-03-10T09:32:58.988+0100] {logging_mixin.py:188} INFO - [2025-03-10T09:32:58.988+0100] {dag.py:3823} INFO - Setting next_dagrun for latest_only to 2025-03-10 04:00:00+00:00, run_after=2025-03-10 08:00:00+00:00
[2025-03-10T09:32:59.001+0100] {processor.py:183} INFO - Processing /home/philip/de_engineering/airflow_projects/airflow1/venv/lib/python3.10/site-packages/airflow/example_dags/example_latest_only.py took 0.059 seconds
[2025-03-10T09:33:29.139+0100] {processor.py:161} INFO - Started process (PID=149135) to work on /home/philip/de_engineering/airflow_projects/airflow1/venv/lib/python3.10/site-packages/airflow/example_dags/example_latest_only.py
[2025-03-10T09:33:29.140+0100] {processor.py:830} INFO - Processing file /home/philip/de_engineering/airflow_projects/airflow1/venv/lib/python3.10/site-packages/airflow/example_dags/example_latest_only.py for tasks to queue
[2025-03-10T09:33:29.141+0100] {logging_mixin.py:188} INFO - [2025-03-10T09:33:29.141+0100] {dagbag.py:538} INFO - Filling up the DagBag from /home/philip/de_engineering/airflow_projects/airflow1/venv/lib/python3.10/site-packages/airflow/example_dags/example_latest_only.py
[2025-03-10T09:33:29.145+0100] {processor.py:840} INFO - DAG(s) 'latest_only' retrieved from /home/philip/de_engineering/airflow_projects/airflow1/venv/lib/python3.10/site-packages/airflow/example_dags/example_latest_only.py
[2025-03-10T09:33:29.166+0100] {logging_mixin.py:188} INFO - [2025-03-10T09:33:29.166+0100] {dag.py:3036} INFO - Sync 1 DAGs
[2025-03-10T09:33:29.184+0100] {logging_mixin.py:188} INFO - [2025-03-10T09:33:29.184+0100] {dag.py:3823} INFO - Setting next_dagrun for latest_only to 2025-03-10 04:00:00+00:00, run_after=2025-03-10 08:00:00+00:00
[2025-03-10T09:33:29.199+0100] {processor.py:183} INFO - Processing /home/philip/de_engineering/airflow_projects/airflow1/venv/lib/python3.10/site-packages/airflow/example_dags/example_latest_only.py took 0.063 seconds
[2025-03-10T09:33:59.346+0100] {processor.py:161} INFO - Started process (PID=149516) to work on /home/philip/de_engineering/airflow_projects/airflow1/venv/lib/python3.10/site-packages/airflow/example_dags/example_latest_only.py
[2025-03-10T09:33:59.347+0100] {processor.py:830} INFO - Processing file /home/philip/de_engineering/airflow_projects/airflow1/venv/lib/python3.10/site-packages/airflow/example_dags/example_latest_only.py for tasks to queue
[2025-03-10T09:33:59.348+0100] {logging_mixin.py:188} INFO - [2025-03-10T09:33:59.347+0100] {dagbag.py:538} INFO - Filling up the DagBag from /home/philip/de_engineering/airflow_projects/airflow1/venv/lib/python3.10/site-packages/airflow/example_dags/example_latest_only.py
[2025-03-10T09:33:59.352+0100] {processor.py:840} INFO - DAG(s) 'latest_only' retrieved from /home/philip/de_engineering/airflow_projects/airflow1/venv/lib/python3.10/site-packages/airflow/example_dags/example_latest_only.py
[2025-03-10T09:33:59.374+0100] {logging_mixin.py:188} INFO - [2025-03-10T09:33:59.373+0100] {dag.py:3036} INFO - Sync 1 DAGs
[2025-03-10T09:33:59.393+0100] {logging_mixin.py:188} INFO - [2025-03-10T09:33:59.392+0100] {dag.py:3823} INFO - Setting next_dagrun for latest_only to 2025-03-10 04:00:00+00:00, run_after=2025-03-10 08:00:00+00:00
[2025-03-10T09:33:59.415+0100] {processor.py:183} INFO - Processing /home/philip/de_engineering/airflow_projects/airflow1/venv/lib/python3.10/site-packages/airflow/example_dags/example_latest_only.py took 0.072 seconds
[2025-03-10T09:34:29.645+0100] {processor.py:161} INFO - Started process (PID=149891) to work on /home/philip/de_engineering/airflow_projects/airflow1/venv/lib/python3.10/site-packages/airflow/example_dags/example_latest_only.py
[2025-03-10T09:34:29.645+0100] {processor.py:830} INFO - Processing file /home/philip/de_engineering/airflow_projects/airflow1/venv/lib/python3.10/site-packages/airflow/example_dags/example_latest_only.py for tasks to queue
[2025-03-10T09:34:29.646+0100] {logging_mixin.py:188} INFO - [2025-03-10T09:34:29.646+0100] {dagbag.py:538} INFO - Filling up the DagBag from /home/philip/de_engineering/airflow_projects/airflow1/venv/lib/python3.10/site-packages/airflow/example_dags/example_latest_only.py
[2025-03-10T09:34:29.650+0100] {processor.py:840} INFO - DAG(s) 'latest_only' retrieved from /home/philip/de_engineering/airflow_projects/airflow1/venv/lib/python3.10/site-packages/airflow/example_dags/example_latest_only.py
[2025-03-10T09:34:29.671+0100] {logging_mixin.py:188} INFO - [2025-03-10T09:34:29.671+0100] {dag.py:3036} INFO - Sync 1 DAGs
[2025-03-10T09:34:29.689+0100] {logging_mixin.py:188} INFO - [2025-03-10T09:34:29.689+0100] {dag.py:3823} INFO - Setting next_dagrun for latest_only to 2025-03-10 04:00:00+00:00, run_after=2025-03-10 08:00:00+00:00
[2025-03-10T09:34:29.703+0100] {processor.py:183} INFO - Processing /home/philip/de_engineering/airflow_projects/airflow1/venv/lib/python3.10/site-packages/airflow/example_dags/example_latest_only.py took 0.061 seconds
[2025-03-10T09:34:59.864+0100] {processor.py:161} INFO - Started process (PID=150276) to work on /home/philip/de_engineering/airflow_projects/airflow1/venv/lib/python3.10/site-packages/airflow/example_dags/example_latest_only.py
[2025-03-10T09:34:59.865+0100] {processor.py:830} INFO - Processing file /home/philip/de_engineering/airflow_projects/airflow1/venv/lib/python3.10/site-packages/airflow/example_dags/example_latest_only.py for tasks to queue
[2025-03-10T09:34:59.866+0100] {logging_mixin.py:188} INFO - [2025-03-10T09:34:59.866+0100] {dagbag.py:538} INFO - Filling up the DagBag from /home/philip/de_engineering/airflow_projects/airflow1/venv/lib/python3.10/site-packages/airflow/example_dags/example_latest_only.py
[2025-03-10T09:34:59.871+0100] {processor.py:840} INFO - DAG(s) 'latest_only' retrieved from /home/philip/de_engineering/airflow_projects/airflow1/venv/lib/python3.10/site-packages/airflow/example_dags/example_latest_only.py
[2025-03-10T09:34:59.890+0100] {logging_mixin.py:188} INFO - [2025-03-10T09:34:59.890+0100] {dag.py:3036} INFO - Sync 1 DAGs
[2025-03-10T09:34:59.909+0100] {logging_mixin.py:188} INFO - [2025-03-10T09:34:59.909+0100] {dag.py:3823} INFO - Setting next_dagrun for latest_only to 2025-03-10 04:00:00+00:00, run_after=2025-03-10 08:00:00+00:00
[2025-03-10T09:34:59.925+0100] {processor.py:183} INFO - Processing /home/philip/de_engineering/airflow_projects/airflow1/venv/lib/python3.10/site-packages/airflow/example_dags/example_latest_only.py took 0.065 seconds
[2025-03-10T09:35:30.037+0100] {processor.py:161} INFO - Started process (PID=150650) to work on /home/philip/de_engineering/airflow_projects/airflow1/venv/lib/python3.10/site-packages/airflow/example_dags/example_latest_only.py
[2025-03-10T09:35:30.038+0100] {processor.py:830} INFO - Processing file /home/philip/de_engineering/airflow_projects/airflow1/venv/lib/python3.10/site-packages/airflow/example_dags/example_latest_only.py for tasks to queue
[2025-03-10T09:35:30.039+0100] {logging_mixin.py:188} INFO - [2025-03-10T09:35:30.039+0100] {dagbag.py:538} INFO - Filling up the DagBag from /home/philip/de_engineering/airflow_projects/airflow1/venv/lib/python3.10/site-packages/airflow/example_dags/example_latest_only.py
[2025-03-10T09:35:30.043+0100] {processor.py:840} INFO - DAG(s) 'latest_only' retrieved from /home/philip/de_engineering/airflow_projects/airflow1/venv/lib/python3.10/site-packages/airflow/example_dags/example_latest_only.py
[2025-03-10T09:35:30.065+0100] {logging_mixin.py:188} INFO - [2025-03-10T09:35:30.064+0100] {dag.py:3036} INFO - Sync 1 DAGs
[2025-03-10T09:35:30.084+0100] {logging_mixin.py:188} INFO - [2025-03-10T09:35:30.084+0100] {dag.py:3823} INFO - Setting next_dagrun for latest_only to 2025-03-10 04:00:00+00:00, run_after=2025-03-10 08:00:00+00:00
[2025-03-10T09:35:30.100+0100] {processor.py:183} INFO - Processing /home/philip/de_engineering/airflow_projects/airflow1/venv/lib/python3.10/site-packages/airflow/example_dags/example_latest_only.py took 0.066 seconds
[2025-03-10T09:36:00.334+0100] {processor.py:161} INFO - Started process (PID=151031) to work on /home/philip/de_engineering/airflow_projects/airflow1/venv/lib/python3.10/site-packages/airflow/example_dags/example_latest_only.py
[2025-03-10T09:36:00.335+0100] {processor.py:830} INFO - Processing file /home/philip/de_engineering/airflow_projects/airflow1/venv/lib/python3.10/site-packages/airflow/example_dags/example_latest_only.py for tasks to queue
[2025-03-10T09:36:00.336+0100] {logging_mixin.py:188} INFO - [2025-03-10T09:36:00.336+0100] {dagbag.py:538} INFO - Filling up the DagBag from /home/philip/de_engineering/airflow_projects/airflow1/venv/lib/python3.10/site-packages/airflow/example_dags/example_latest_only.py
[2025-03-10T09:36:00.340+0100] {processor.py:840} INFO - DAG(s) 'latest_only' retrieved from /home/philip/de_engineering/airflow_projects/airflow1/venv/lib/python3.10/site-packages/airflow/example_dags/example_latest_only.py
[2025-03-10T09:36:00.363+0100] {logging_mixin.py:188} INFO - [2025-03-10T09:36:00.362+0100] {dag.py:3036} INFO - Sync 1 DAGs
[2025-03-10T09:36:00.383+0100] {logging_mixin.py:188} INFO - [2025-03-10T09:36:00.383+0100] {dag.py:3823} INFO - Setting next_dagrun for latest_only to 2025-03-10 04:00:00+00:00, run_after=2025-03-10 08:00:00+00:00
[2025-03-10T09:36:00.398+0100] {processor.py:183} INFO - Processing /home/philip/de_engineering/airflow_projects/airflow1/venv/lib/python3.10/site-packages/airflow/example_dags/example_latest_only.py took 0.067 seconds
