[2025-03-10T09:14:24.613+0100] {processor.py:161} INFO - Started process (PID=136877) to work on /home/philip/de_engineering/airflow_projects/airflow1/venv/lib/python3.10/site-packages/airflow/example_dags/example_nested_branch_dag.py
[2025-03-10T09:14:24.613+0100] {processor.py:830} INFO - Processing file /home/philip/de_engineering/airflow_projects/airflow1/venv/lib/python3.10/site-packages/airflow/example_dags/example_nested_branch_dag.py for tasks to queue
[2025-03-10T09:14:24.614+0100] {logging_mixin.py:188} INFO - [2025-03-10T09:14:24.614+0100] {dagbag.py:538} INFO - Filling up the DagBag from /home/philip/de_engineering/airflow_projects/airflow1/venv/lib/python3.10/site-packages/airflow/example_dags/example_nested_branch_dag.py
[2025-03-10T09:14:24.623+0100] {processor.py:840} INFO - DAG(s) 'example_nested_branch_dag' retrieved from /home/philip/de_engineering/airflow_projects/airflow1/venv/lib/python3.10/site-packages/airflow/example_dags/example_nested_branch_dag.py
[2025-03-10T09:14:24.700+0100] {logging_mixin.py:188} INFO - [2025-03-10T09:14:24.700+0100] {override.py:1769} INFO - Created Permission View: can read on DAG:example_nested_branch_dag
[2025-03-10T09:14:24.708+0100] {logging_mixin.py:188} INFO - [2025-03-10T09:14:24.708+0100] {override.py:1769} INFO - Created Permission View: can delete on DAG:example_nested_branch_dag
[2025-03-10T09:14:24.714+0100] {logging_mixin.py:188} INFO - [2025-03-10T09:14:24.713+0100] {override.py:1769} INFO - Created Permission View: can edit on DAG:example_nested_branch_dag
[2025-03-10T09:14:24.714+0100] {logging_mixin.py:188} INFO - [2025-03-10T09:14:24.714+0100] {dag.py:3036} INFO - Sync 1 DAGs
[2025-03-10T09:14:24.722+0100] {logging_mixin.py:188} INFO - [2025-03-10T09:14:24.722+0100] {dag.py:3058} INFO - Creating ORM DAG for example_nested_branch_dag
[2025-03-10T09:14:24.729+0100] {logging_mixin.py:188} INFO - [2025-03-10T09:14:24.729+0100] {dag.py:3823} INFO - Setting next_dagrun for example_nested_branch_dag to 2025-03-09 00:00:00+00:00, run_after=2025-03-10 00:00:00+00:00
[2025-03-10T09:14:24.741+0100] {processor.py:183} INFO - Processing /home/philip/de_engineering/airflow_projects/airflow1/venv/lib/python3.10/site-packages/airflow/example_dags/example_nested_branch_dag.py took 0.131 seconds
[2025-03-10T09:14:55.612+0100] {processor.py:161} INFO - Started process (PID=136989) to work on /home/philip/de_engineering/airflow_projects/airflow1/venv/lib/python3.10/site-packages/airflow/example_dags/example_nested_branch_dag.py
[2025-03-10T09:14:55.612+0100] {processor.py:830} INFO - Processing file /home/philip/de_engineering/airflow_projects/airflow1/venv/lib/python3.10/site-packages/airflow/example_dags/example_nested_branch_dag.py for tasks to queue
[2025-03-10T09:14:55.613+0100] {logging_mixin.py:188} INFO - [2025-03-10T09:14:55.613+0100] {dagbag.py:538} INFO - Filling up the DagBag from /home/philip/de_engineering/airflow_projects/airflow1/venv/lib/python3.10/site-packages/airflow/example_dags/example_nested_branch_dag.py
[2025-03-10T09:14:55.623+0100] {processor.py:840} INFO - DAG(s) 'example_nested_branch_dag' retrieved from /home/philip/de_engineering/airflow_projects/airflow1/venv/lib/python3.10/site-packages/airflow/example_dags/example_nested_branch_dag.py
[2025-03-10T09:14:55.647+0100] {logging_mixin.py:188} INFO - [2025-03-10T09:14:55.646+0100] {dag.py:3036} INFO - Sync 1 DAGs
[2025-03-10T09:14:55.667+0100] {logging_mixin.py:188} INFO - [2025-03-10T09:14:55.667+0100] {dag.py:3823} INFO - Setting next_dagrun for example_nested_branch_dag to 2025-03-09 00:00:00+00:00, run_after=2025-03-10 00:00:00+00:00
[2025-03-10T09:14:55.684+0100] {processor.py:183} INFO - Processing /home/philip/de_engineering/airflow_projects/airflow1/venv/lib/python3.10/site-packages/airflow/example_dags/example_nested_branch_dag.py took 0.075 seconds
[2025-03-10T09:15:25.785+0100] {processor.py:161} INFO - Started process (PID=137090) to work on /home/philip/de_engineering/airflow_projects/airflow1/venv/lib/python3.10/site-packages/airflow/example_dags/example_nested_branch_dag.py
[2025-03-10T09:15:25.787+0100] {processor.py:830} INFO - Processing file /home/philip/de_engineering/airflow_projects/airflow1/venv/lib/python3.10/site-packages/airflow/example_dags/example_nested_branch_dag.py for tasks to queue
[2025-03-10T09:15:25.787+0100] {logging_mixin.py:188} INFO - [2025-03-10T09:15:25.787+0100] {dagbag.py:538} INFO - Filling up the DagBag from /home/philip/de_engineering/airflow_projects/airflow1/venv/lib/python3.10/site-packages/airflow/example_dags/example_nested_branch_dag.py
[2025-03-10T09:15:25.795+0100] {processor.py:840} INFO - DAG(s) 'example_nested_branch_dag' retrieved from /home/philip/de_engineering/airflow_projects/airflow1/venv/lib/python3.10/site-packages/airflow/example_dags/example_nested_branch_dag.py
[2025-03-10T09:15:25.817+0100] {logging_mixin.py:188} INFO - [2025-03-10T09:15:25.817+0100] {dag.py:3036} INFO - Sync 1 DAGs
[2025-03-10T09:15:25.835+0100] {logging_mixin.py:188} INFO - [2025-03-10T09:15:25.835+0100] {dag.py:3823} INFO - Setting next_dagrun for example_nested_branch_dag to 2025-03-09 00:00:00+00:00, run_after=2025-03-10 00:00:00+00:00
[2025-03-10T09:15:25.848+0100] {processor.py:183} INFO - Processing /home/philip/de_engineering/airflow_projects/airflow1/venv/lib/python3.10/site-packages/airflow/example_dags/example_nested_branch_dag.py took 0.065 seconds
[2025-03-10T09:15:56.227+0100] {processor.py:161} INFO - Started process (PID=137191) to work on /home/philip/de_engineering/airflow_projects/airflow1/venv/lib/python3.10/site-packages/airflow/example_dags/example_nested_branch_dag.py
[2025-03-10T09:15:56.228+0100] {processor.py:830} INFO - Processing file /home/philip/de_engineering/airflow_projects/airflow1/venv/lib/python3.10/site-packages/airflow/example_dags/example_nested_branch_dag.py for tasks to queue
[2025-03-10T09:15:56.229+0100] {logging_mixin.py:188} INFO - [2025-03-10T09:15:56.228+0100] {dagbag.py:538} INFO - Filling up the DagBag from /home/philip/de_engineering/airflow_projects/airflow1/venv/lib/python3.10/site-packages/airflow/example_dags/example_nested_branch_dag.py
[2025-03-10T09:15:56.243+0100] {processor.py:840} INFO - DAG(s) 'example_nested_branch_dag' retrieved from /home/philip/de_engineering/airflow_projects/airflow1/venv/lib/python3.10/site-packages/airflow/example_dags/example_nested_branch_dag.py
[2025-03-10T09:15:56.270+0100] {logging_mixin.py:188} INFO - [2025-03-10T09:15:56.270+0100] {dag.py:3036} INFO - Sync 1 DAGs
[2025-03-10T09:15:56.298+0100] {logging_mixin.py:188} INFO - [2025-03-10T09:15:56.298+0100] {dag.py:3823} INFO - Setting next_dagrun for example_nested_branch_dag to 2025-03-09 00:00:00+00:00, run_after=2025-03-10 00:00:00+00:00
[2025-03-10T09:15:56.316+0100] {processor.py:183} INFO - Processing /home/philip/de_engineering/airflow_projects/airflow1/venv/lib/python3.10/site-packages/airflow/example_dags/example_nested_branch_dag.py took 0.093 seconds
[2025-03-10T09:16:26.614+0100] {processor.py:161} INFO - Started process (PID=137567) to work on /home/philip/de_engineering/airflow_projects/airflow1/venv/lib/python3.10/site-packages/airflow/example_dags/example_nested_branch_dag.py
[2025-03-10T09:16:26.615+0100] {processor.py:830} INFO - Processing file /home/philip/de_engineering/airflow_projects/airflow1/venv/lib/python3.10/site-packages/airflow/example_dags/example_nested_branch_dag.py for tasks to queue
[2025-03-10T09:16:26.616+0100] {logging_mixin.py:188} INFO - [2025-03-10T09:16:26.616+0100] {dagbag.py:538} INFO - Filling up the DagBag from /home/philip/de_engineering/airflow_projects/airflow1/venv/lib/python3.10/site-packages/airflow/example_dags/example_nested_branch_dag.py
[2025-03-10T09:16:26.624+0100] {processor.py:840} INFO - DAG(s) 'example_nested_branch_dag' retrieved from /home/philip/de_engineering/airflow_projects/airflow1/venv/lib/python3.10/site-packages/airflow/example_dags/example_nested_branch_dag.py
[2025-03-10T09:16:26.645+0100] {logging_mixin.py:188} INFO - [2025-03-10T09:16:26.645+0100] {dag.py:3036} INFO - Sync 1 DAGs
[2025-03-10T09:16:26.665+0100] {logging_mixin.py:188} INFO - [2025-03-10T09:16:26.665+0100] {dag.py:3823} INFO - Setting next_dagrun for example_nested_branch_dag to 2025-03-09 00:00:00+00:00, run_after=2025-03-10 00:00:00+00:00
[2025-03-10T09:16:26.679+0100] {processor.py:183} INFO - Processing /home/philip/de_engineering/airflow_projects/airflow1/venv/lib/python3.10/site-packages/airflow/example_dags/example_nested_branch_dag.py took 0.068 seconds
[2025-03-10T09:16:56.744+0100] {processor.py:161} INFO - Started process (PID=137756) to work on /home/philip/de_engineering/airflow_projects/airflow1/venv/lib/python3.10/site-packages/airflow/example_dags/example_nested_branch_dag.py
[2025-03-10T09:16:56.745+0100] {processor.py:830} INFO - Processing file /home/philip/de_engineering/airflow_projects/airflow1/venv/lib/python3.10/site-packages/airflow/example_dags/example_nested_branch_dag.py for tasks to queue
[2025-03-10T09:16:56.746+0100] {logging_mixin.py:188} INFO - [2025-03-10T09:16:56.746+0100] {dagbag.py:538} INFO - Filling up the DagBag from /home/philip/de_engineering/airflow_projects/airflow1/venv/lib/python3.10/site-packages/airflow/example_dags/example_nested_branch_dag.py
[2025-03-10T09:16:56.756+0100] {processor.py:840} INFO - DAG(s) 'example_nested_branch_dag' retrieved from /home/philip/de_engineering/airflow_projects/airflow1/venv/lib/python3.10/site-packages/airflow/example_dags/example_nested_branch_dag.py
[2025-03-10T09:16:56.778+0100] {logging_mixin.py:188} INFO - [2025-03-10T09:16:56.778+0100] {dag.py:3036} INFO - Sync 1 DAGs
[2025-03-10T09:16:56.798+0100] {logging_mixin.py:188} INFO - [2025-03-10T09:16:56.798+0100] {dag.py:3823} INFO - Setting next_dagrun for example_nested_branch_dag to 2025-03-09 00:00:00+00:00, run_after=2025-03-10 00:00:00+00:00
[2025-03-10T09:16:56.813+0100] {processor.py:183} INFO - Processing /home/philip/de_engineering/airflow_projects/airflow1/venv/lib/python3.10/site-packages/airflow/example_dags/example_nested_branch_dag.py took 0.072 seconds
[2025-03-10T09:17:27.027+0100] {processor.py:161} INFO - Started process (PID=137943) to work on /home/philip/de_engineering/airflow_projects/airflow1/venv/lib/python3.10/site-packages/airflow/example_dags/example_nested_branch_dag.py
[2025-03-10T09:17:27.028+0100] {processor.py:830} INFO - Processing file /home/philip/de_engineering/airflow_projects/airflow1/venv/lib/python3.10/site-packages/airflow/example_dags/example_nested_branch_dag.py for tasks to queue
[2025-03-10T09:17:27.029+0100] {logging_mixin.py:188} INFO - [2025-03-10T09:17:27.028+0100] {dagbag.py:538} INFO - Filling up the DagBag from /home/philip/de_engineering/airflow_projects/airflow1/venv/lib/python3.10/site-packages/airflow/example_dags/example_nested_branch_dag.py
[2025-03-10T09:17:27.037+0100] {processor.py:840} INFO - DAG(s) 'example_nested_branch_dag' retrieved from /home/philip/de_engineering/airflow_projects/airflow1/venv/lib/python3.10/site-packages/airflow/example_dags/example_nested_branch_dag.py
[2025-03-10T09:17:27.058+0100] {logging_mixin.py:188} INFO - [2025-03-10T09:17:27.058+0100] {dag.py:3036} INFO - Sync 1 DAGs
[2025-03-10T09:17:27.076+0100] {logging_mixin.py:188} INFO - [2025-03-10T09:17:27.076+0100] {dag.py:3823} INFO - Setting next_dagrun for example_nested_branch_dag to 2025-03-09 00:00:00+00:00, run_after=2025-03-10 00:00:00+00:00
[2025-03-10T09:17:27.090+0100] {processor.py:183} INFO - Processing /home/philip/de_engineering/airflow_projects/airflow1/venv/lib/python3.10/site-packages/airflow/example_dags/example_nested_branch_dag.py took 0.067 seconds
[2025-03-10T09:19:21.453+0100] {processor.py:161} INFO - Started process (PID=138596) to work on /home/philip/de_engineering/airflow_projects/airflow1/venv/lib/python3.10/site-packages/airflow/example_dags/example_nested_branch_dag.py
[2025-03-10T09:19:21.454+0100] {processor.py:830} INFO - Processing file /home/philip/de_engineering/airflow_projects/airflow1/venv/lib/python3.10/site-packages/airflow/example_dags/example_nested_branch_dag.py for tasks to queue
[2025-03-10T09:19:21.455+0100] {logging_mixin.py:188} INFO - [2025-03-10T09:19:21.455+0100] {dagbag.py:538} INFO - Filling up the DagBag from /home/philip/de_engineering/airflow_projects/airflow1/venv/lib/python3.10/site-packages/airflow/example_dags/example_nested_branch_dag.py
[2025-03-10T09:19:21.466+0100] {processor.py:840} INFO - DAG(s) 'example_nested_branch_dag' retrieved from /home/philip/de_engineering/airflow_projects/airflow1/venv/lib/python3.10/site-packages/airflow/example_dags/example_nested_branch_dag.py
[2025-03-10T09:19:21.546+0100] {logging_mixin.py:188} INFO - [2025-03-10T09:19:21.546+0100] {dag.py:3036} INFO - Sync 1 DAGs
[2025-03-10T09:19:21.562+0100] {logging_mixin.py:188} INFO - [2025-03-10T09:19:21.562+0100] {dag.py:3823} INFO - Setting next_dagrun for example_nested_branch_dag to 2025-03-09 00:00:00+00:00, run_after=2025-03-10 00:00:00+00:00
[2025-03-10T09:19:21.577+0100] {processor.py:183} INFO - Processing /home/philip/de_engineering/airflow_projects/airflow1/venv/lib/python3.10/site-packages/airflow/example_dags/example_nested_branch_dag.py took 0.126 seconds
[2025-03-10T09:19:51.617+0100] {processor.py:161} INFO - Started process (PID=138931) to work on /home/philip/de_engineering/airflow_projects/airflow1/venv/lib/python3.10/site-packages/airflow/example_dags/example_nested_branch_dag.py
[2025-03-10T09:19:51.617+0100] {processor.py:830} INFO - Processing file /home/philip/de_engineering/airflow_projects/airflow1/venv/lib/python3.10/site-packages/airflow/example_dags/example_nested_branch_dag.py for tasks to queue
[2025-03-10T09:19:51.618+0100] {logging_mixin.py:188} INFO - [2025-03-10T09:19:51.618+0100] {dagbag.py:538} INFO - Filling up the DagBag from /home/philip/de_engineering/airflow_projects/airflow1/venv/lib/python3.10/site-packages/airflow/example_dags/example_nested_branch_dag.py
[2025-03-10T09:19:51.626+0100] {processor.py:840} INFO - DAG(s) 'example_nested_branch_dag' retrieved from /home/philip/de_engineering/airflow_projects/airflow1/venv/lib/python3.10/site-packages/airflow/example_dags/example_nested_branch_dag.py
[2025-03-10T09:19:51.646+0100] {logging_mixin.py:188} INFO - [2025-03-10T09:19:51.646+0100] {dag.py:3036} INFO - Sync 1 DAGs
[2025-03-10T09:19:51.664+0100] {logging_mixin.py:188} INFO - [2025-03-10T09:19:51.663+0100] {dag.py:3823} INFO - Setting next_dagrun for example_nested_branch_dag to 2025-03-09 00:00:00+00:00, run_after=2025-03-10 00:00:00+00:00
[2025-03-10T09:19:51.677+0100] {processor.py:183} INFO - Processing /home/philip/de_engineering/airflow_projects/airflow1/venv/lib/python3.10/site-packages/airflow/example_dags/example_nested_branch_dag.py took 0.063 seconds
[2025-03-10T09:20:21.974+0100] {processor.py:161} INFO - Started process (PID=139310) to work on /home/philip/de_engineering/airflow_projects/airflow1/venv/lib/python3.10/site-packages/airflow/example_dags/example_nested_branch_dag.py
[2025-03-10T09:20:21.975+0100] {processor.py:830} INFO - Processing file /home/philip/de_engineering/airflow_projects/airflow1/venv/lib/python3.10/site-packages/airflow/example_dags/example_nested_branch_dag.py for tasks to queue
[2025-03-10T09:20:21.976+0100] {logging_mixin.py:188} INFO - [2025-03-10T09:20:21.975+0100] {dagbag.py:538} INFO - Filling up the DagBag from /home/philip/de_engineering/airflow_projects/airflow1/venv/lib/python3.10/site-packages/airflow/example_dags/example_nested_branch_dag.py
[2025-03-10T09:20:21.983+0100] {processor.py:840} INFO - DAG(s) 'example_nested_branch_dag' retrieved from /home/philip/de_engineering/airflow_projects/airflow1/venv/lib/python3.10/site-packages/airflow/example_dags/example_nested_branch_dag.py
[2025-03-10T09:20:22.009+0100] {logging_mixin.py:188} INFO - [2025-03-10T09:20:22.009+0100] {dag.py:3036} INFO - Sync 1 DAGs
[2025-03-10T09:20:22.030+0100] {logging_mixin.py:188} INFO - [2025-03-10T09:20:22.030+0100] {dag.py:3823} INFO - Setting next_dagrun for example_nested_branch_dag to 2025-03-09 00:00:00+00:00, run_after=2025-03-10 00:00:00+00:00
[2025-03-10T09:20:22.045+0100] {processor.py:183} INFO - Processing /home/philip/de_engineering/airflow_projects/airflow1/venv/lib/python3.10/site-packages/airflow/example_dags/example_nested_branch_dag.py took 0.074 seconds
[2025-03-10T09:20:52.700+0100] {processor.py:161} INFO - Started process (PID=139684) to work on /home/philip/de_engineering/airflow_projects/airflow1/venv/lib/python3.10/site-packages/airflow/example_dags/example_nested_branch_dag.py
[2025-03-10T09:20:52.701+0100] {processor.py:830} INFO - Processing file /home/philip/de_engineering/airflow_projects/airflow1/venv/lib/python3.10/site-packages/airflow/example_dags/example_nested_branch_dag.py for tasks to queue
[2025-03-10T09:20:52.702+0100] {logging_mixin.py:188} INFO - [2025-03-10T09:20:52.702+0100] {dagbag.py:538} INFO - Filling up the DagBag from /home/philip/de_engineering/airflow_projects/airflow1/venv/lib/python3.10/site-packages/airflow/example_dags/example_nested_branch_dag.py
[2025-03-10T09:20:52.710+0100] {processor.py:840} INFO - DAG(s) 'example_nested_branch_dag' retrieved from /home/philip/de_engineering/airflow_projects/airflow1/venv/lib/python3.10/site-packages/airflow/example_dags/example_nested_branch_dag.py
[2025-03-10T09:20:52.732+0100] {logging_mixin.py:188} INFO - [2025-03-10T09:20:52.731+0100] {dag.py:3036} INFO - Sync 1 DAGs
[2025-03-10T09:20:52.749+0100] {logging_mixin.py:188} INFO - [2025-03-10T09:20:52.749+0100] {dag.py:3823} INFO - Setting next_dagrun for example_nested_branch_dag to 2025-03-09 00:00:00+00:00, run_after=2025-03-10 00:00:00+00:00
[2025-03-10T09:20:52.763+0100] {processor.py:183} INFO - Processing /home/philip/de_engineering/airflow_projects/airflow1/venv/lib/python3.10/site-packages/airflow/example_dags/example_nested_branch_dag.py took 0.066 seconds
[2025-03-10T09:21:23.084+0100] {processor.py:161} INFO - Started process (PID=140067) to work on /home/philip/de_engineering/airflow_projects/airflow1/venv/lib/python3.10/site-packages/airflow/example_dags/example_nested_branch_dag.py
[2025-03-10T09:21:23.085+0100] {processor.py:830} INFO - Processing file /home/philip/de_engineering/airflow_projects/airflow1/venv/lib/python3.10/site-packages/airflow/example_dags/example_nested_branch_dag.py for tasks to queue
[2025-03-10T09:21:23.086+0100] {logging_mixin.py:188} INFO - [2025-03-10T09:21:23.086+0100] {dagbag.py:538} INFO - Filling up the DagBag from /home/philip/de_engineering/airflow_projects/airflow1/venv/lib/python3.10/site-packages/airflow/example_dags/example_nested_branch_dag.py
[2025-03-10T09:21:23.094+0100] {processor.py:840} INFO - DAG(s) 'example_nested_branch_dag' retrieved from /home/philip/de_engineering/airflow_projects/airflow1/venv/lib/python3.10/site-packages/airflow/example_dags/example_nested_branch_dag.py
[2025-03-10T09:21:23.117+0100] {logging_mixin.py:188} INFO - [2025-03-10T09:21:23.117+0100] {dag.py:3036} INFO - Sync 1 DAGs
[2025-03-10T09:21:23.136+0100] {logging_mixin.py:188} INFO - [2025-03-10T09:21:23.136+0100] {dag.py:3823} INFO - Setting next_dagrun for example_nested_branch_dag to 2025-03-09 00:00:00+00:00, run_after=2025-03-10 00:00:00+00:00
[2025-03-10T09:21:23.152+0100] {processor.py:183} INFO - Processing /home/philip/de_engineering/airflow_projects/airflow1/venv/lib/python3.10/site-packages/airflow/example_dags/example_nested_branch_dag.py took 0.071 seconds
[2025-03-10T09:21:53.286+0100] {processor.py:161} INFO - Started process (PID=140446) to work on /home/philip/de_engineering/airflow_projects/airflow1/venv/lib/python3.10/site-packages/airflow/example_dags/example_nested_branch_dag.py
[2025-03-10T09:21:53.287+0100] {processor.py:830} INFO - Processing file /home/philip/de_engineering/airflow_projects/airflow1/venv/lib/python3.10/site-packages/airflow/example_dags/example_nested_branch_dag.py for tasks to queue
[2025-03-10T09:21:53.287+0100] {logging_mixin.py:188} INFO - [2025-03-10T09:21:53.287+0100] {dagbag.py:538} INFO - Filling up the DagBag from /home/philip/de_engineering/airflow_projects/airflow1/venv/lib/python3.10/site-packages/airflow/example_dags/example_nested_branch_dag.py
[2025-03-10T09:21:53.296+0100] {processor.py:840} INFO - DAG(s) 'example_nested_branch_dag' retrieved from /home/philip/de_engineering/airflow_projects/airflow1/venv/lib/python3.10/site-packages/airflow/example_dags/example_nested_branch_dag.py
[2025-03-10T09:21:53.320+0100] {logging_mixin.py:188} INFO - [2025-03-10T09:21:53.319+0100] {dag.py:3036} INFO - Sync 1 DAGs
[2025-03-10T09:21:53.340+0100] {logging_mixin.py:188} INFO - [2025-03-10T09:21:53.340+0100] {dag.py:3823} INFO - Setting next_dagrun for example_nested_branch_dag to 2025-03-09 00:00:00+00:00, run_after=2025-03-10 00:00:00+00:00
[2025-03-10T09:21:53.355+0100] {processor.py:183} INFO - Processing /home/philip/de_engineering/airflow_projects/airflow1/venv/lib/python3.10/site-packages/airflow/example_dags/example_nested_branch_dag.py took 0.072 seconds
[2025-03-10T09:22:23.532+0100] {processor.py:161} INFO - Started process (PID=140823) to work on /home/philip/de_engineering/airflow_projects/airflow1/venv/lib/python3.10/site-packages/airflow/example_dags/example_nested_branch_dag.py
[2025-03-10T09:22:23.533+0100] {processor.py:830} INFO - Processing file /home/philip/de_engineering/airflow_projects/airflow1/venv/lib/python3.10/site-packages/airflow/example_dags/example_nested_branch_dag.py for tasks to queue
[2025-03-10T09:22:23.534+0100] {logging_mixin.py:188} INFO - [2025-03-10T09:22:23.534+0100] {dagbag.py:538} INFO - Filling up the DagBag from /home/philip/de_engineering/airflow_projects/airflow1/venv/lib/python3.10/site-packages/airflow/example_dags/example_nested_branch_dag.py
[2025-03-10T09:22:23.544+0100] {processor.py:840} INFO - DAG(s) 'example_nested_branch_dag' retrieved from /home/philip/de_engineering/airflow_projects/airflow1/venv/lib/python3.10/site-packages/airflow/example_dags/example_nested_branch_dag.py
[2025-03-10T09:22:23.568+0100] {logging_mixin.py:188} INFO - [2025-03-10T09:22:23.568+0100] {dag.py:3036} INFO - Sync 1 DAGs
[2025-03-10T09:22:23.587+0100] {logging_mixin.py:188} INFO - [2025-03-10T09:22:23.587+0100] {dag.py:3823} INFO - Setting next_dagrun for example_nested_branch_dag to 2025-03-09 00:00:00+00:00, run_after=2025-03-10 00:00:00+00:00
[2025-03-10T09:22:23.602+0100] {processor.py:183} INFO - Processing /home/philip/de_engineering/airflow_projects/airflow1/venv/lib/python3.10/site-packages/airflow/example_dags/example_nested_branch_dag.py took 0.073 seconds
[2025-03-10T09:22:53.746+0100] {processor.py:161} INFO - Started process (PID=141204) to work on /home/philip/de_engineering/airflow_projects/airflow1/venv/lib/python3.10/site-packages/airflow/example_dags/example_nested_branch_dag.py
[2025-03-10T09:22:53.747+0100] {processor.py:830} INFO - Processing file /home/philip/de_engineering/airflow_projects/airflow1/venv/lib/python3.10/site-packages/airflow/example_dags/example_nested_branch_dag.py for tasks to queue
[2025-03-10T09:22:53.748+0100] {logging_mixin.py:188} INFO - [2025-03-10T09:22:53.748+0100] {dagbag.py:538} INFO - Filling up the DagBag from /home/philip/de_engineering/airflow_projects/airflow1/venv/lib/python3.10/site-packages/airflow/example_dags/example_nested_branch_dag.py
[2025-03-10T09:22:53.757+0100] {processor.py:840} INFO - DAG(s) 'example_nested_branch_dag' retrieved from /home/philip/de_engineering/airflow_projects/airflow1/venv/lib/python3.10/site-packages/airflow/example_dags/example_nested_branch_dag.py
[2025-03-10T09:22:53.779+0100] {logging_mixin.py:188} INFO - [2025-03-10T09:22:53.778+0100] {dag.py:3036} INFO - Sync 1 DAGs
[2025-03-10T09:22:53.797+0100] {logging_mixin.py:188} INFO - [2025-03-10T09:22:53.797+0100] {dag.py:3823} INFO - Setting next_dagrun for example_nested_branch_dag to 2025-03-09 00:00:00+00:00, run_after=2025-03-10 00:00:00+00:00
[2025-03-10T09:22:53.811+0100] {processor.py:183} INFO - Processing /home/philip/de_engineering/airflow_projects/airflow1/venv/lib/python3.10/site-packages/airflow/example_dags/example_nested_branch_dag.py took 0.068 seconds
[2025-03-10T09:23:23.958+0100] {processor.py:161} INFO - Started process (PID=141581) to work on /home/philip/de_engineering/airflow_projects/airflow1/venv/lib/python3.10/site-packages/airflow/example_dags/example_nested_branch_dag.py
[2025-03-10T09:23:23.959+0100] {processor.py:830} INFO - Processing file /home/philip/de_engineering/airflow_projects/airflow1/venv/lib/python3.10/site-packages/airflow/example_dags/example_nested_branch_dag.py for tasks to queue
[2025-03-10T09:23:23.960+0100] {logging_mixin.py:188} INFO - [2025-03-10T09:23:23.959+0100] {dagbag.py:538} INFO - Filling up the DagBag from /home/philip/de_engineering/airflow_projects/airflow1/venv/lib/python3.10/site-packages/airflow/example_dags/example_nested_branch_dag.py
[2025-03-10T09:23:23.968+0100] {processor.py:840} INFO - DAG(s) 'example_nested_branch_dag' retrieved from /home/philip/de_engineering/airflow_projects/airflow1/venv/lib/python3.10/site-packages/airflow/example_dags/example_nested_branch_dag.py
[2025-03-10T09:23:23.989+0100] {logging_mixin.py:188} INFO - [2025-03-10T09:23:23.988+0100] {dag.py:3036} INFO - Sync 1 DAGs
[2025-03-10T09:23:24.008+0100] {logging_mixin.py:188} INFO - [2025-03-10T09:23:24.008+0100] {dag.py:3823} INFO - Setting next_dagrun for example_nested_branch_dag to 2025-03-09 00:00:00+00:00, run_after=2025-03-10 00:00:00+00:00
[2025-03-10T09:23:24.022+0100] {processor.py:183} INFO - Processing /home/philip/de_engineering/airflow_projects/airflow1/venv/lib/python3.10/site-packages/airflow/example_dags/example_nested_branch_dag.py took 0.067 seconds
[2025-03-10T09:23:54.392+0100] {processor.py:161} INFO - Started process (PID=141962) to work on /home/philip/de_engineering/airflow_projects/airflow1/venv/lib/python3.10/site-packages/airflow/example_dags/example_nested_branch_dag.py
[2025-03-10T09:23:54.393+0100] {processor.py:830} INFO - Processing file /home/philip/de_engineering/airflow_projects/airflow1/venv/lib/python3.10/site-packages/airflow/example_dags/example_nested_branch_dag.py for tasks to queue
[2025-03-10T09:23:54.394+0100] {logging_mixin.py:188} INFO - [2025-03-10T09:23:54.394+0100] {dagbag.py:538} INFO - Filling up the DagBag from /home/philip/de_engineering/airflow_projects/airflow1/venv/lib/python3.10/site-packages/airflow/example_dags/example_nested_branch_dag.py
[2025-03-10T09:23:54.402+0100] {processor.py:840} INFO - DAG(s) 'example_nested_branch_dag' retrieved from /home/philip/de_engineering/airflow_projects/airflow1/venv/lib/python3.10/site-packages/airflow/example_dags/example_nested_branch_dag.py
[2025-03-10T09:23:54.422+0100] {logging_mixin.py:188} INFO - [2025-03-10T09:23:54.422+0100] {dag.py:3036} INFO - Sync 1 DAGs
[2025-03-10T09:23:54.440+0100] {logging_mixin.py:188} INFO - [2025-03-10T09:23:54.439+0100] {dag.py:3823} INFO - Setting next_dagrun for example_nested_branch_dag to 2025-03-09 00:00:00+00:00, run_after=2025-03-10 00:00:00+00:00
[2025-03-10T09:23:54.454+0100] {processor.py:183} INFO - Processing /home/philip/de_engineering/airflow_projects/airflow1/venv/lib/python3.10/site-packages/airflow/example_dags/example_nested_branch_dag.py took 0.064 seconds
[2025-03-10T09:24:24.648+0100] {processor.py:161} INFO - Started process (PID=142336) to work on /home/philip/de_engineering/airflow_projects/airflow1/venv/lib/python3.10/site-packages/airflow/example_dags/example_nested_branch_dag.py
[2025-03-10T09:24:24.649+0100] {processor.py:830} INFO - Processing file /home/philip/de_engineering/airflow_projects/airflow1/venv/lib/python3.10/site-packages/airflow/example_dags/example_nested_branch_dag.py for tasks to queue
[2025-03-10T09:24:24.650+0100] {logging_mixin.py:188} INFO - [2025-03-10T09:24:24.650+0100] {dagbag.py:538} INFO - Filling up the DagBag from /home/philip/de_engineering/airflow_projects/airflow1/venv/lib/python3.10/site-packages/airflow/example_dags/example_nested_branch_dag.py
[2025-03-10T09:24:24.659+0100] {processor.py:840} INFO - DAG(s) 'example_nested_branch_dag' retrieved from /home/philip/de_engineering/airflow_projects/airflow1/venv/lib/python3.10/site-packages/airflow/example_dags/example_nested_branch_dag.py
[2025-03-10T09:24:24.683+0100] {logging_mixin.py:188} INFO - [2025-03-10T09:24:24.682+0100] {dag.py:3036} INFO - Sync 1 DAGs
[2025-03-10T09:24:24.705+0100] {logging_mixin.py:188} INFO - [2025-03-10T09:24:24.705+0100] {dag.py:3823} INFO - Setting next_dagrun for example_nested_branch_dag to 2025-03-09 00:00:00+00:00, run_after=2025-03-10 00:00:00+00:00
[2025-03-10T09:24:24.722+0100] {processor.py:183} INFO - Processing /home/philip/de_engineering/airflow_projects/airflow1/venv/lib/python3.10/site-packages/airflow/example_dags/example_nested_branch_dag.py took 0.076 seconds
[2025-03-10T09:24:55.061+0100] {processor.py:161} INFO - Started process (PID=142717) to work on /home/philip/de_engineering/airflow_projects/airflow1/venv/lib/python3.10/site-packages/airflow/example_dags/example_nested_branch_dag.py
[2025-03-10T09:24:55.062+0100] {processor.py:830} INFO - Processing file /home/philip/de_engineering/airflow_projects/airflow1/venv/lib/python3.10/site-packages/airflow/example_dags/example_nested_branch_dag.py for tasks to queue
[2025-03-10T09:24:55.063+0100] {logging_mixin.py:188} INFO - [2025-03-10T09:24:55.063+0100] {dagbag.py:538} INFO - Filling up the DagBag from /home/philip/de_engineering/airflow_projects/airflow1/venv/lib/python3.10/site-packages/airflow/example_dags/example_nested_branch_dag.py
[2025-03-10T09:24:55.072+0100] {processor.py:840} INFO - DAG(s) 'example_nested_branch_dag' retrieved from /home/philip/de_engineering/airflow_projects/airflow1/venv/lib/python3.10/site-packages/airflow/example_dags/example_nested_branch_dag.py
[2025-03-10T09:24:55.093+0100] {logging_mixin.py:188} INFO - [2025-03-10T09:24:55.092+0100] {dag.py:3036} INFO - Sync 1 DAGs
[2025-03-10T09:24:55.111+0100] {logging_mixin.py:188} INFO - [2025-03-10T09:24:55.111+0100] {dag.py:3823} INFO - Setting next_dagrun for example_nested_branch_dag to 2025-03-09 00:00:00+00:00, run_after=2025-03-10 00:00:00+00:00
[2025-03-10T09:24:55.125+0100] {processor.py:183} INFO - Processing /home/philip/de_engineering/airflow_projects/airflow1/venv/lib/python3.10/site-packages/airflow/example_dags/example_nested_branch_dag.py took 0.068 seconds
[2025-03-10T09:25:25.224+0100] {processor.py:161} INFO - Started process (PID=143096) to work on /home/philip/de_engineering/airflow_projects/airflow1/venv/lib/python3.10/site-packages/airflow/example_dags/example_nested_branch_dag.py
[2025-03-10T09:25:25.225+0100] {processor.py:830} INFO - Processing file /home/philip/de_engineering/airflow_projects/airflow1/venv/lib/python3.10/site-packages/airflow/example_dags/example_nested_branch_dag.py for tasks to queue
[2025-03-10T09:25:25.225+0100] {logging_mixin.py:188} INFO - [2025-03-10T09:25:25.225+0100] {dagbag.py:538} INFO - Filling up the DagBag from /home/philip/de_engineering/airflow_projects/airflow1/venv/lib/python3.10/site-packages/airflow/example_dags/example_nested_branch_dag.py
[2025-03-10T09:25:25.233+0100] {processor.py:840} INFO - DAG(s) 'example_nested_branch_dag' retrieved from /home/philip/de_engineering/airflow_projects/airflow1/venv/lib/python3.10/site-packages/airflow/example_dags/example_nested_branch_dag.py
[2025-03-10T09:25:25.254+0100] {logging_mixin.py:188} INFO - [2025-03-10T09:25:25.254+0100] {dag.py:3036} INFO - Sync 1 DAGs
[2025-03-10T09:25:25.276+0100] {logging_mixin.py:188} INFO - [2025-03-10T09:25:25.276+0100] {dag.py:3823} INFO - Setting next_dagrun for example_nested_branch_dag to 2025-03-09 00:00:00+00:00, run_after=2025-03-10 00:00:00+00:00
[2025-03-10T09:25:25.291+0100] {processor.py:183} INFO - Processing /home/philip/de_engineering/airflow_projects/airflow1/venv/lib/python3.10/site-packages/airflow/example_dags/example_nested_branch_dag.py took 0.070 seconds
[2025-03-10T09:25:55.583+0100] {processor.py:161} INFO - Started process (PID=143478) to work on /home/philip/de_engineering/airflow_projects/airflow1/venv/lib/python3.10/site-packages/airflow/example_dags/example_nested_branch_dag.py
[2025-03-10T09:25:55.584+0100] {processor.py:830} INFO - Processing file /home/philip/de_engineering/airflow_projects/airflow1/venv/lib/python3.10/site-packages/airflow/example_dags/example_nested_branch_dag.py for tasks to queue
[2025-03-10T09:25:55.585+0100] {logging_mixin.py:188} INFO - [2025-03-10T09:25:55.585+0100] {dagbag.py:538} INFO - Filling up the DagBag from /home/philip/de_engineering/airflow_projects/airflow1/venv/lib/python3.10/site-packages/airflow/example_dags/example_nested_branch_dag.py
[2025-03-10T09:25:55.593+0100] {processor.py:840} INFO - DAG(s) 'example_nested_branch_dag' retrieved from /home/philip/de_engineering/airflow_projects/airflow1/venv/lib/python3.10/site-packages/airflow/example_dags/example_nested_branch_dag.py
[2025-03-10T09:25:55.616+0100] {logging_mixin.py:188} INFO - [2025-03-10T09:25:55.615+0100] {dag.py:3036} INFO - Sync 1 DAGs
[2025-03-10T09:25:55.635+0100] {logging_mixin.py:188} INFO - [2025-03-10T09:25:55.635+0100] {dag.py:3823} INFO - Setting next_dagrun for example_nested_branch_dag to 2025-03-09 00:00:00+00:00, run_after=2025-03-10 00:00:00+00:00
[2025-03-10T09:25:55.650+0100] {processor.py:183} INFO - Processing /home/philip/de_engineering/airflow_projects/airflow1/venv/lib/python3.10/site-packages/airflow/example_dags/example_nested_branch_dag.py took 0.070 seconds
[2025-03-10T09:26:25.986+0100] {processor.py:161} INFO - Started process (PID=143858) to work on /home/philip/de_engineering/airflow_projects/airflow1/venv/lib/python3.10/site-packages/airflow/example_dags/example_nested_branch_dag.py
[2025-03-10T09:26:25.986+0100] {processor.py:830} INFO - Processing file /home/philip/de_engineering/airflow_projects/airflow1/venv/lib/python3.10/site-packages/airflow/example_dags/example_nested_branch_dag.py for tasks to queue
[2025-03-10T09:26:25.987+0100] {logging_mixin.py:188} INFO - [2025-03-10T09:26:25.987+0100] {dagbag.py:538} INFO - Filling up the DagBag from /home/philip/de_engineering/airflow_projects/airflow1/venv/lib/python3.10/site-packages/airflow/example_dags/example_nested_branch_dag.py
[2025-03-10T09:26:25.995+0100] {processor.py:840} INFO - DAG(s) 'example_nested_branch_dag' retrieved from /home/philip/de_engineering/airflow_projects/airflow1/venv/lib/python3.10/site-packages/airflow/example_dags/example_nested_branch_dag.py
[2025-03-10T09:26:26.016+0100] {logging_mixin.py:188} INFO - [2025-03-10T09:26:26.016+0100] {dag.py:3036} INFO - Sync 1 DAGs
[2025-03-10T09:26:26.034+0100] {logging_mixin.py:188} INFO - [2025-03-10T09:26:26.034+0100] {dag.py:3823} INFO - Setting next_dagrun for example_nested_branch_dag to 2025-03-09 00:00:00+00:00, run_after=2025-03-10 00:00:00+00:00
[2025-03-10T09:26:26.048+0100] {processor.py:183} INFO - Processing /home/philip/de_engineering/airflow_projects/airflow1/venv/lib/python3.10/site-packages/airflow/example_dags/example_nested_branch_dag.py took 0.065 seconds
[2025-03-10T09:26:56.433+0100] {processor.py:161} INFO - Started process (PID=144233) to work on /home/philip/de_engineering/airflow_projects/airflow1/venv/lib/python3.10/site-packages/airflow/example_dags/example_nested_branch_dag.py
[2025-03-10T09:26:56.435+0100] {processor.py:830} INFO - Processing file /home/philip/de_engineering/airflow_projects/airflow1/venv/lib/python3.10/site-packages/airflow/example_dags/example_nested_branch_dag.py for tasks to queue
[2025-03-10T09:26:56.435+0100] {logging_mixin.py:188} INFO - [2025-03-10T09:26:56.435+0100] {dagbag.py:538} INFO - Filling up the DagBag from /home/philip/de_engineering/airflow_projects/airflow1/venv/lib/python3.10/site-packages/airflow/example_dags/example_nested_branch_dag.py
[2025-03-10T09:26:56.445+0100] {processor.py:840} INFO - DAG(s) 'example_nested_branch_dag' retrieved from /home/philip/de_engineering/airflow_projects/airflow1/venv/lib/python3.10/site-packages/airflow/example_dags/example_nested_branch_dag.py
[2025-03-10T09:26:56.466+0100] {logging_mixin.py:188} INFO - [2025-03-10T09:26:56.466+0100] {dag.py:3036} INFO - Sync 1 DAGs
[2025-03-10T09:26:56.484+0100] {logging_mixin.py:188} INFO - [2025-03-10T09:26:56.484+0100] {dag.py:3823} INFO - Setting next_dagrun for example_nested_branch_dag to 2025-03-09 00:00:00+00:00, run_after=2025-03-10 00:00:00+00:00
[2025-03-10T09:26:56.498+0100] {processor.py:183} INFO - Processing /home/philip/de_engineering/airflow_projects/airflow1/venv/lib/python3.10/site-packages/airflow/example_dags/example_nested_branch_dag.py took 0.068 seconds
[2025-03-10T09:27:26.726+0100] {processor.py:161} INFO - Started process (PID=144613) to work on /home/philip/de_engineering/airflow_projects/airflow1/venv/lib/python3.10/site-packages/airflow/example_dags/example_nested_branch_dag.py
[2025-03-10T09:27:26.727+0100] {processor.py:830} INFO - Processing file /home/philip/de_engineering/airflow_projects/airflow1/venv/lib/python3.10/site-packages/airflow/example_dags/example_nested_branch_dag.py for tasks to queue
[2025-03-10T09:27:26.728+0100] {logging_mixin.py:188} INFO - [2025-03-10T09:27:26.727+0100] {dagbag.py:538} INFO - Filling up the DagBag from /home/philip/de_engineering/airflow_projects/airflow1/venv/lib/python3.10/site-packages/airflow/example_dags/example_nested_branch_dag.py
[2025-03-10T09:27:26.735+0100] {processor.py:840} INFO - DAG(s) 'example_nested_branch_dag' retrieved from /home/philip/de_engineering/airflow_projects/airflow1/venv/lib/python3.10/site-packages/airflow/example_dags/example_nested_branch_dag.py
[2025-03-10T09:27:26.756+0100] {logging_mixin.py:188} INFO - [2025-03-10T09:27:26.756+0100] {dag.py:3036} INFO - Sync 1 DAGs
[2025-03-10T09:27:26.773+0100] {logging_mixin.py:188} INFO - [2025-03-10T09:27:26.773+0100] {dag.py:3823} INFO - Setting next_dagrun for example_nested_branch_dag to 2025-03-09 00:00:00+00:00, run_after=2025-03-10 00:00:00+00:00
[2025-03-10T09:27:26.786+0100] {processor.py:183} INFO - Processing /home/philip/de_engineering/airflow_projects/airflow1/venv/lib/python3.10/site-packages/airflow/example_dags/example_nested_branch_dag.py took 0.063 seconds
[2025-03-10T09:27:56.946+0100] {processor.py:161} INFO - Started process (PID=144988) to work on /home/philip/de_engineering/airflow_projects/airflow1/venv/lib/python3.10/site-packages/airflow/example_dags/example_nested_branch_dag.py
[2025-03-10T09:27:56.947+0100] {processor.py:830} INFO - Processing file /home/philip/de_engineering/airflow_projects/airflow1/venv/lib/python3.10/site-packages/airflow/example_dags/example_nested_branch_dag.py for tasks to queue
[2025-03-10T09:27:56.948+0100] {logging_mixin.py:188} INFO - [2025-03-10T09:27:56.948+0100] {dagbag.py:538} INFO - Filling up the DagBag from /home/philip/de_engineering/airflow_projects/airflow1/venv/lib/python3.10/site-packages/airflow/example_dags/example_nested_branch_dag.py
[2025-03-10T09:27:56.957+0100] {processor.py:840} INFO - DAG(s) 'example_nested_branch_dag' retrieved from /home/philip/de_engineering/airflow_projects/airflow1/venv/lib/python3.10/site-packages/airflow/example_dags/example_nested_branch_dag.py
[2025-03-10T09:27:56.982+0100] {logging_mixin.py:188} INFO - [2025-03-10T09:27:56.981+0100] {dag.py:3036} INFO - Sync 1 DAGs
[2025-03-10T09:27:57.002+0100] {logging_mixin.py:188} INFO - [2025-03-10T09:27:57.002+0100] {dag.py:3823} INFO - Setting next_dagrun for example_nested_branch_dag to 2025-03-09 00:00:00+00:00, run_after=2025-03-10 00:00:00+00:00
[2025-03-10T09:27:57.017+0100] {processor.py:183} INFO - Processing /home/philip/de_engineering/airflow_projects/airflow1/venv/lib/python3.10/site-packages/airflow/example_dags/example_nested_branch_dag.py took 0.074 seconds
[2025-03-10T09:28:27.204+0100] {processor.py:161} INFO - Started process (PID=145368) to work on /home/philip/de_engineering/airflow_projects/airflow1/venv/lib/python3.10/site-packages/airflow/example_dags/example_nested_branch_dag.py
[2025-03-10T09:28:27.205+0100] {processor.py:830} INFO - Processing file /home/philip/de_engineering/airflow_projects/airflow1/venv/lib/python3.10/site-packages/airflow/example_dags/example_nested_branch_dag.py for tasks to queue
[2025-03-10T09:28:27.205+0100] {logging_mixin.py:188} INFO - [2025-03-10T09:28:27.205+0100] {dagbag.py:538} INFO - Filling up the DagBag from /home/philip/de_engineering/airflow_projects/airflow1/venv/lib/python3.10/site-packages/airflow/example_dags/example_nested_branch_dag.py
[2025-03-10T09:28:27.214+0100] {processor.py:840} INFO - DAG(s) 'example_nested_branch_dag' retrieved from /home/philip/de_engineering/airflow_projects/airflow1/venv/lib/python3.10/site-packages/airflow/example_dags/example_nested_branch_dag.py
[2025-03-10T09:28:27.235+0100] {logging_mixin.py:188} INFO - [2025-03-10T09:28:27.234+0100] {dag.py:3036} INFO - Sync 1 DAGs
[2025-03-10T09:28:27.253+0100] {logging_mixin.py:188} INFO - [2025-03-10T09:28:27.252+0100] {dag.py:3823} INFO - Setting next_dagrun for example_nested_branch_dag to 2025-03-09 00:00:00+00:00, run_after=2025-03-10 00:00:00+00:00
[2025-03-10T09:28:27.267+0100] {processor.py:183} INFO - Processing /home/philip/de_engineering/airflow_projects/airflow1/venv/lib/python3.10/site-packages/airflow/example_dags/example_nested_branch_dag.py took 0.066 seconds
[2025-03-10T09:28:57.368+0100] {processor.py:161} INFO - Started process (PID=145750) to work on /home/philip/de_engineering/airflow_projects/airflow1/venv/lib/python3.10/site-packages/airflow/example_dags/example_nested_branch_dag.py
[2025-03-10T09:28:57.369+0100] {processor.py:830} INFO - Processing file /home/philip/de_engineering/airflow_projects/airflow1/venv/lib/python3.10/site-packages/airflow/example_dags/example_nested_branch_dag.py for tasks to queue
[2025-03-10T09:28:57.370+0100] {logging_mixin.py:188} INFO - [2025-03-10T09:28:57.370+0100] {dagbag.py:538} INFO - Filling up the DagBag from /home/philip/de_engineering/airflow_projects/airflow1/venv/lib/python3.10/site-packages/airflow/example_dags/example_nested_branch_dag.py
[2025-03-10T09:28:57.378+0100] {processor.py:840} INFO - DAG(s) 'example_nested_branch_dag' retrieved from /home/philip/de_engineering/airflow_projects/airflow1/venv/lib/python3.10/site-packages/airflow/example_dags/example_nested_branch_dag.py
[2025-03-10T09:28:57.399+0100] {logging_mixin.py:188} INFO - [2025-03-10T09:28:57.399+0100] {dag.py:3036} INFO - Sync 1 DAGs
[2025-03-10T09:28:57.417+0100] {logging_mixin.py:188} INFO - [2025-03-10T09:28:57.417+0100] {dag.py:3823} INFO - Setting next_dagrun for example_nested_branch_dag to 2025-03-09 00:00:00+00:00, run_after=2025-03-10 00:00:00+00:00
[2025-03-10T09:28:57.431+0100] {processor.py:183} INFO - Processing /home/philip/de_engineering/airflow_projects/airflow1/venv/lib/python3.10/site-packages/airflow/example_dags/example_nested_branch_dag.py took 0.066 seconds
[2025-03-10T09:29:27.629+0100] {processor.py:161} INFO - Started process (PID=146125) to work on /home/philip/de_engineering/airflow_projects/airflow1/venv/lib/python3.10/site-packages/airflow/example_dags/example_nested_branch_dag.py
[2025-03-10T09:29:27.630+0100] {processor.py:830} INFO - Processing file /home/philip/de_engineering/airflow_projects/airflow1/venv/lib/python3.10/site-packages/airflow/example_dags/example_nested_branch_dag.py for tasks to queue
[2025-03-10T09:29:27.631+0100] {logging_mixin.py:188} INFO - [2025-03-10T09:29:27.630+0100] {dagbag.py:538} INFO - Filling up the DagBag from /home/philip/de_engineering/airflow_projects/airflow1/venv/lib/python3.10/site-packages/airflow/example_dags/example_nested_branch_dag.py
[2025-03-10T09:29:27.642+0100] {processor.py:840} INFO - DAG(s) 'example_nested_branch_dag' retrieved from /home/philip/de_engineering/airflow_projects/airflow1/venv/lib/python3.10/site-packages/airflow/example_dags/example_nested_branch_dag.py
[2025-03-10T09:29:27.665+0100] {logging_mixin.py:188} INFO - [2025-03-10T09:29:27.665+0100] {dag.py:3036} INFO - Sync 1 DAGs
[2025-03-10T09:29:27.686+0100] {logging_mixin.py:188} INFO - [2025-03-10T09:29:27.686+0100] {dag.py:3823} INFO - Setting next_dagrun for example_nested_branch_dag to 2025-03-09 00:00:00+00:00, run_after=2025-03-10 00:00:00+00:00
[2025-03-10T09:29:27.703+0100] {processor.py:183} INFO - Processing /home/philip/de_engineering/airflow_projects/airflow1/venv/lib/python3.10/site-packages/airflow/example_dags/example_nested_branch_dag.py took 0.077 seconds
[2025-03-10T09:29:57.804+0100] {processor.py:161} INFO - Started process (PID=146506) to work on /home/philip/de_engineering/airflow_projects/airflow1/venv/lib/python3.10/site-packages/airflow/example_dags/example_nested_branch_dag.py
[2025-03-10T09:29:57.805+0100] {processor.py:830} INFO - Processing file /home/philip/de_engineering/airflow_projects/airflow1/venv/lib/python3.10/site-packages/airflow/example_dags/example_nested_branch_dag.py for tasks to queue
[2025-03-10T09:29:57.806+0100] {logging_mixin.py:188} INFO - [2025-03-10T09:29:57.805+0100] {dagbag.py:538} INFO - Filling up the DagBag from /home/philip/de_engineering/airflow_projects/airflow1/venv/lib/python3.10/site-packages/airflow/example_dags/example_nested_branch_dag.py
[2025-03-10T09:29:57.814+0100] {processor.py:840} INFO - DAG(s) 'example_nested_branch_dag' retrieved from /home/philip/de_engineering/airflow_projects/airflow1/venv/lib/python3.10/site-packages/airflow/example_dags/example_nested_branch_dag.py
[2025-03-10T09:29:57.835+0100] {logging_mixin.py:188} INFO - [2025-03-10T09:29:57.835+0100] {dag.py:3036} INFO - Sync 1 DAGs
[2025-03-10T09:29:57.856+0100] {logging_mixin.py:188} INFO - [2025-03-10T09:29:57.856+0100] {dag.py:3823} INFO - Setting next_dagrun for example_nested_branch_dag to 2025-03-09 00:00:00+00:00, run_after=2025-03-10 00:00:00+00:00
[2025-03-10T09:29:57.871+0100] {processor.py:183} INFO - Processing /home/philip/de_engineering/airflow_projects/airflow1/venv/lib/python3.10/site-packages/airflow/example_dags/example_nested_branch_dag.py took 0.070 seconds
[2025-03-10T09:30:28.044+0100] {processor.py:161} INFO - Started process (PID=146881) to work on /home/philip/de_engineering/airflow_projects/airflow1/venv/lib/python3.10/site-packages/airflow/example_dags/example_nested_branch_dag.py
[2025-03-10T09:30:28.045+0100] {processor.py:830} INFO - Processing file /home/philip/de_engineering/airflow_projects/airflow1/venv/lib/python3.10/site-packages/airflow/example_dags/example_nested_branch_dag.py for tasks to queue
[2025-03-10T09:30:28.045+0100] {logging_mixin.py:188} INFO - [2025-03-10T09:30:28.045+0100] {dagbag.py:538} INFO - Filling up the DagBag from /home/philip/de_engineering/airflow_projects/airflow1/venv/lib/python3.10/site-packages/airflow/example_dags/example_nested_branch_dag.py
[2025-03-10T09:30:28.054+0100] {processor.py:840} INFO - DAG(s) 'example_nested_branch_dag' retrieved from /home/philip/de_engineering/airflow_projects/airflow1/venv/lib/python3.10/site-packages/airflow/example_dags/example_nested_branch_dag.py
[2025-03-10T09:30:28.077+0100] {logging_mixin.py:188} INFO - [2025-03-10T09:30:28.077+0100] {dag.py:3036} INFO - Sync 1 DAGs
[2025-03-10T09:30:28.097+0100] {logging_mixin.py:188} INFO - [2025-03-10T09:30:28.096+0100] {dag.py:3823} INFO - Setting next_dagrun for example_nested_branch_dag to 2025-03-09 00:00:00+00:00, run_after=2025-03-10 00:00:00+00:00
[2025-03-10T09:30:28.111+0100] {processor.py:183} INFO - Processing /home/philip/de_engineering/airflow_projects/airflow1/venv/lib/python3.10/site-packages/airflow/example_dags/example_nested_branch_dag.py took 0.070 seconds
[2025-03-10T09:30:58.216+0100] {processor.py:161} INFO - Started process (PID=147261) to work on /home/philip/de_engineering/airflow_projects/airflow1/venv/lib/python3.10/site-packages/airflow/example_dags/example_nested_branch_dag.py
[2025-03-10T09:30:58.217+0100] {processor.py:830} INFO - Processing file /home/philip/de_engineering/airflow_projects/airflow1/venv/lib/python3.10/site-packages/airflow/example_dags/example_nested_branch_dag.py for tasks to queue
[2025-03-10T09:30:58.218+0100] {logging_mixin.py:188} INFO - [2025-03-10T09:30:58.217+0100] {dagbag.py:538} INFO - Filling up the DagBag from /home/philip/de_engineering/airflow_projects/airflow1/venv/lib/python3.10/site-packages/airflow/example_dags/example_nested_branch_dag.py
[2025-03-10T09:30:58.226+0100] {processor.py:840} INFO - DAG(s) 'example_nested_branch_dag' retrieved from /home/philip/de_engineering/airflow_projects/airflow1/venv/lib/python3.10/site-packages/airflow/example_dags/example_nested_branch_dag.py
[2025-03-10T09:30:58.247+0100] {logging_mixin.py:188} INFO - [2025-03-10T09:30:58.247+0100] {dag.py:3036} INFO - Sync 1 DAGs
[2025-03-10T09:30:58.266+0100] {logging_mixin.py:188} INFO - [2025-03-10T09:30:58.266+0100] {dag.py:3823} INFO - Setting next_dagrun for example_nested_branch_dag to 2025-03-09 00:00:00+00:00, run_after=2025-03-10 00:00:00+00:00
[2025-03-10T09:30:58.282+0100] {processor.py:183} INFO - Processing /home/philip/de_engineering/airflow_projects/airflow1/venv/lib/python3.10/site-packages/airflow/example_dags/example_nested_branch_dag.py took 0.069 seconds
[2025-03-10T09:31:28.395+0100] {processor.py:161} INFO - Started process (PID=147636) to work on /home/philip/de_engineering/airflow_projects/airflow1/venv/lib/python3.10/site-packages/airflow/example_dags/example_nested_branch_dag.py
[2025-03-10T09:31:28.396+0100] {processor.py:830} INFO - Processing file /home/philip/de_engineering/airflow_projects/airflow1/venv/lib/python3.10/site-packages/airflow/example_dags/example_nested_branch_dag.py for tasks to queue
[2025-03-10T09:31:28.396+0100] {logging_mixin.py:188} INFO - [2025-03-10T09:31:28.396+0100] {dagbag.py:538} INFO - Filling up the DagBag from /home/philip/de_engineering/airflow_projects/airflow1/venv/lib/python3.10/site-packages/airflow/example_dags/example_nested_branch_dag.py
[2025-03-10T09:31:28.405+0100] {processor.py:840} INFO - DAG(s) 'example_nested_branch_dag' retrieved from /home/philip/de_engineering/airflow_projects/airflow1/venv/lib/python3.10/site-packages/airflow/example_dags/example_nested_branch_dag.py
[2025-03-10T09:31:28.425+0100] {logging_mixin.py:188} INFO - [2025-03-10T09:31:28.425+0100] {dag.py:3036} INFO - Sync 1 DAGs
[2025-03-10T09:31:28.443+0100] {logging_mixin.py:188} INFO - [2025-03-10T09:31:28.443+0100] {dag.py:3823} INFO - Setting next_dagrun for example_nested_branch_dag to 2025-03-09 00:00:00+00:00, run_after=2025-03-10 00:00:00+00:00
[2025-03-10T09:31:28.457+0100] {processor.py:183} INFO - Processing /home/philip/de_engineering/airflow_projects/airflow1/venv/lib/python3.10/site-packages/airflow/example_dags/example_nested_branch_dag.py took 0.066 seconds
[2025-03-10T09:31:58.607+0100] {processor.py:161} INFO - Started process (PID=148017) to work on /home/philip/de_engineering/airflow_projects/airflow1/venv/lib/python3.10/site-packages/airflow/example_dags/example_nested_branch_dag.py
[2025-03-10T09:31:58.609+0100] {processor.py:830} INFO - Processing file /home/philip/de_engineering/airflow_projects/airflow1/venv/lib/python3.10/site-packages/airflow/example_dags/example_nested_branch_dag.py for tasks to queue
[2025-03-10T09:31:58.609+0100] {logging_mixin.py:188} INFO - [2025-03-10T09:31:58.609+0100] {dagbag.py:538} INFO - Filling up the DagBag from /home/philip/de_engineering/airflow_projects/airflow1/venv/lib/python3.10/site-packages/airflow/example_dags/example_nested_branch_dag.py
[2025-03-10T09:31:58.617+0100] {processor.py:840} INFO - DAG(s) 'example_nested_branch_dag' retrieved from /home/philip/de_engineering/airflow_projects/airflow1/venv/lib/python3.10/site-packages/airflow/example_dags/example_nested_branch_dag.py
[2025-03-10T09:31:58.638+0100] {logging_mixin.py:188} INFO - [2025-03-10T09:31:58.638+0100] {dag.py:3036} INFO - Sync 1 DAGs
[2025-03-10T09:31:58.655+0100] {logging_mixin.py:188} INFO - [2025-03-10T09:31:58.655+0100] {dag.py:3823} INFO - Setting next_dagrun for example_nested_branch_dag to 2025-03-09 00:00:00+00:00, run_after=2025-03-10 00:00:00+00:00
[2025-03-10T09:31:58.669+0100] {processor.py:183} INFO - Processing /home/philip/de_engineering/airflow_projects/airflow1/venv/lib/python3.10/site-packages/airflow/example_dags/example_nested_branch_dag.py took 0.065 seconds
[2025-03-10T09:32:28.793+0100] {processor.py:161} INFO - Started process (PID=148393) to work on /home/philip/de_engineering/airflow_projects/airflow1/venv/lib/python3.10/site-packages/airflow/example_dags/example_nested_branch_dag.py
[2025-03-10T09:32:28.793+0100] {processor.py:830} INFO - Processing file /home/philip/de_engineering/airflow_projects/airflow1/venv/lib/python3.10/site-packages/airflow/example_dags/example_nested_branch_dag.py for tasks to queue
[2025-03-10T09:32:28.794+0100] {logging_mixin.py:188} INFO - [2025-03-10T09:32:28.794+0100] {dagbag.py:538} INFO - Filling up the DagBag from /home/philip/de_engineering/airflow_projects/airflow1/venv/lib/python3.10/site-packages/airflow/example_dags/example_nested_branch_dag.py
[2025-03-10T09:32:28.802+0100] {processor.py:840} INFO - DAG(s) 'example_nested_branch_dag' retrieved from /home/philip/de_engineering/airflow_projects/airflow1/venv/lib/python3.10/site-packages/airflow/example_dags/example_nested_branch_dag.py
[2025-03-10T09:32:28.823+0100] {logging_mixin.py:188} INFO - [2025-03-10T09:32:28.823+0100] {dag.py:3036} INFO - Sync 1 DAGs
[2025-03-10T09:32:28.842+0100] {logging_mixin.py:188} INFO - [2025-03-10T09:32:28.842+0100] {dag.py:3823} INFO - Setting next_dagrun for example_nested_branch_dag to 2025-03-09 00:00:00+00:00, run_after=2025-03-10 00:00:00+00:00
[2025-03-10T09:32:28.856+0100] {processor.py:183} INFO - Processing /home/philip/de_engineering/airflow_projects/airflow1/venv/lib/python3.10/site-packages/airflow/example_dags/example_nested_branch_dag.py took 0.066 seconds
[2025-03-10T09:32:59.019+0100] {processor.py:161} INFO - Started process (PID=148772) to work on /home/philip/de_engineering/airflow_projects/airflow1/venv/lib/python3.10/site-packages/airflow/example_dags/example_nested_branch_dag.py
[2025-03-10T09:32:59.020+0100] {processor.py:830} INFO - Processing file /home/philip/de_engineering/airflow_projects/airflow1/venv/lib/python3.10/site-packages/airflow/example_dags/example_nested_branch_dag.py for tasks to queue
[2025-03-10T09:32:59.021+0100] {logging_mixin.py:188} INFO - [2025-03-10T09:32:59.020+0100] {dagbag.py:538} INFO - Filling up the DagBag from /home/philip/de_engineering/airflow_projects/airflow1/venv/lib/python3.10/site-packages/airflow/example_dags/example_nested_branch_dag.py
[2025-03-10T09:32:59.029+0100] {processor.py:840} INFO - DAG(s) 'example_nested_branch_dag' retrieved from /home/philip/de_engineering/airflow_projects/airflow1/venv/lib/python3.10/site-packages/airflow/example_dags/example_nested_branch_dag.py
[2025-03-10T09:32:59.053+0100] {logging_mixin.py:188} INFO - [2025-03-10T09:32:59.052+0100] {dag.py:3036} INFO - Sync 1 DAGs
[2025-03-10T09:32:59.072+0100] {logging_mixin.py:188} INFO - [2025-03-10T09:32:59.072+0100] {dag.py:3823} INFO - Setting next_dagrun for example_nested_branch_dag to 2025-03-09 00:00:00+00:00, run_after=2025-03-10 00:00:00+00:00
[2025-03-10T09:32:59.091+0100] {processor.py:183} INFO - Processing /home/philip/de_engineering/airflow_projects/airflow1/venv/lib/python3.10/site-packages/airflow/example_dags/example_nested_branch_dag.py took 0.075 seconds
[2025-03-10T09:33:29.218+0100] {processor.py:161} INFO - Started process (PID=149147) to work on /home/philip/de_engineering/airflow_projects/airflow1/venv/lib/python3.10/site-packages/airflow/example_dags/example_nested_branch_dag.py
[2025-03-10T09:33:29.219+0100] {processor.py:830} INFO - Processing file /home/philip/de_engineering/airflow_projects/airflow1/venv/lib/python3.10/site-packages/airflow/example_dags/example_nested_branch_dag.py for tasks to queue
[2025-03-10T09:33:29.219+0100] {logging_mixin.py:188} INFO - [2025-03-10T09:33:29.219+0100] {dagbag.py:538} INFO - Filling up the DagBag from /home/philip/de_engineering/airflow_projects/airflow1/venv/lib/python3.10/site-packages/airflow/example_dags/example_nested_branch_dag.py
[2025-03-10T09:33:29.227+0100] {processor.py:840} INFO - DAG(s) 'example_nested_branch_dag' retrieved from /home/philip/de_engineering/airflow_projects/airflow1/venv/lib/python3.10/site-packages/airflow/example_dags/example_nested_branch_dag.py
[2025-03-10T09:33:29.247+0100] {logging_mixin.py:188} INFO - [2025-03-10T09:33:29.247+0100] {dag.py:3036} INFO - Sync 1 DAGs
[2025-03-10T09:33:29.266+0100] {logging_mixin.py:188} INFO - [2025-03-10T09:33:29.266+0100] {dag.py:3823} INFO - Setting next_dagrun for example_nested_branch_dag to 2025-03-09 00:00:00+00:00, run_after=2025-03-10 00:00:00+00:00
[2025-03-10T09:33:29.284+0100] {processor.py:183} INFO - Processing /home/philip/de_engineering/airflow_projects/airflow1/venv/lib/python3.10/site-packages/airflow/example_dags/example_nested_branch_dag.py took 0.069 seconds
[2025-03-10T09:33:59.439+0100] {processor.py:161} INFO - Started process (PID=149529) to work on /home/philip/de_engineering/airflow_projects/airflow1/venv/lib/python3.10/site-packages/airflow/example_dags/example_nested_branch_dag.py
[2025-03-10T09:33:59.440+0100] {processor.py:830} INFO - Processing file /home/philip/de_engineering/airflow_projects/airflow1/venv/lib/python3.10/site-packages/airflow/example_dags/example_nested_branch_dag.py for tasks to queue
[2025-03-10T09:33:59.440+0100] {logging_mixin.py:188} INFO - [2025-03-10T09:33:59.440+0100] {dagbag.py:538} INFO - Filling up the DagBag from /home/philip/de_engineering/airflow_projects/airflow1/venv/lib/python3.10/site-packages/airflow/example_dags/example_nested_branch_dag.py
[2025-03-10T09:33:59.448+0100] {processor.py:840} INFO - DAG(s) 'example_nested_branch_dag' retrieved from /home/philip/de_engineering/airflow_projects/airflow1/venv/lib/python3.10/site-packages/airflow/example_dags/example_nested_branch_dag.py
[2025-03-10T09:33:59.468+0100] {logging_mixin.py:188} INFO - [2025-03-10T09:33:59.468+0100] {dag.py:3036} INFO - Sync 1 DAGs
[2025-03-10T09:33:59.486+0100] {logging_mixin.py:188} INFO - [2025-03-10T09:33:59.486+0100] {dag.py:3823} INFO - Setting next_dagrun for example_nested_branch_dag to 2025-03-09 00:00:00+00:00, run_after=2025-03-10 00:00:00+00:00
[2025-03-10T09:33:59.500+0100] {processor.py:183} INFO - Processing /home/philip/de_engineering/airflow_projects/airflow1/venv/lib/python3.10/site-packages/airflow/example_dags/example_nested_branch_dag.py took 0.064 seconds
[2025-03-10T09:34:29.722+0100] {processor.py:161} INFO - Started process (PID=149903) to work on /home/philip/de_engineering/airflow_projects/airflow1/venv/lib/python3.10/site-packages/airflow/example_dags/example_nested_branch_dag.py
[2025-03-10T09:34:29.722+0100] {processor.py:830} INFO - Processing file /home/philip/de_engineering/airflow_projects/airflow1/venv/lib/python3.10/site-packages/airflow/example_dags/example_nested_branch_dag.py for tasks to queue
[2025-03-10T09:34:29.723+0100] {logging_mixin.py:188} INFO - [2025-03-10T09:34:29.723+0100] {dagbag.py:538} INFO - Filling up the DagBag from /home/philip/de_engineering/airflow_projects/airflow1/venv/lib/python3.10/site-packages/airflow/example_dags/example_nested_branch_dag.py
[2025-03-10T09:34:29.732+0100] {processor.py:840} INFO - DAG(s) 'example_nested_branch_dag' retrieved from /home/philip/de_engineering/airflow_projects/airflow1/venv/lib/python3.10/site-packages/airflow/example_dags/example_nested_branch_dag.py
[2025-03-10T09:34:29.753+0100] {logging_mixin.py:188} INFO - [2025-03-10T09:34:29.752+0100] {dag.py:3036} INFO - Sync 1 DAGs
[2025-03-10T09:34:29.773+0100] {logging_mixin.py:188} INFO - [2025-03-10T09:34:29.773+0100] {dag.py:3823} INFO - Setting next_dagrun for example_nested_branch_dag to 2025-03-09 00:00:00+00:00, run_after=2025-03-10 00:00:00+00:00
[2025-03-10T09:34:29.790+0100] {processor.py:183} INFO - Processing /home/philip/de_engineering/airflow_projects/airflow1/venv/lib/python3.10/site-packages/airflow/example_dags/example_nested_branch_dag.py took 0.072 seconds
[2025-03-10T09:34:59.943+0100] {processor.py:161} INFO - Started process (PID=150286) to work on /home/philip/de_engineering/airflow_projects/airflow1/venv/lib/python3.10/site-packages/airflow/example_dags/example_nested_branch_dag.py
[2025-03-10T09:34:59.945+0100] {processor.py:830} INFO - Processing file /home/philip/de_engineering/airflow_projects/airflow1/venv/lib/python3.10/site-packages/airflow/example_dags/example_nested_branch_dag.py for tasks to queue
[2025-03-10T09:34:59.945+0100] {logging_mixin.py:188} INFO - [2025-03-10T09:34:59.945+0100] {dagbag.py:538} INFO - Filling up the DagBag from /home/philip/de_engineering/airflow_projects/airflow1/venv/lib/python3.10/site-packages/airflow/example_dags/example_nested_branch_dag.py
[2025-03-10T09:34:59.954+0100] {processor.py:840} INFO - DAG(s) 'example_nested_branch_dag' retrieved from /home/philip/de_engineering/airflow_projects/airflow1/venv/lib/python3.10/site-packages/airflow/example_dags/example_nested_branch_dag.py
[2025-03-10T09:34:59.975+0100] {logging_mixin.py:188} INFO - [2025-03-10T09:34:59.975+0100] {dag.py:3036} INFO - Sync 1 DAGs
[2025-03-10T09:34:59.995+0100] {logging_mixin.py:188} INFO - [2025-03-10T09:34:59.995+0100] {dag.py:3823} INFO - Setting next_dagrun for example_nested_branch_dag to 2025-03-09 00:00:00+00:00, run_after=2025-03-10 00:00:00+00:00
[2025-03-10T09:35:00.009+0100] {processor.py:183} INFO - Processing /home/philip/de_engineering/airflow_projects/airflow1/venv/lib/python3.10/site-packages/airflow/example_dags/example_nested_branch_dag.py took 0.069 seconds
[2025-03-10T09:35:30.199+0100] {processor.py:161} INFO - Started process (PID=150671) to work on /home/philip/de_engineering/airflow_projects/airflow1/venv/lib/python3.10/site-packages/airflow/example_dags/example_nested_branch_dag.py
[2025-03-10T09:35:30.200+0100] {processor.py:830} INFO - Processing file /home/philip/de_engineering/airflow_projects/airflow1/venv/lib/python3.10/site-packages/airflow/example_dags/example_nested_branch_dag.py for tasks to queue
[2025-03-10T09:35:30.200+0100] {logging_mixin.py:188} INFO - [2025-03-10T09:35:30.200+0100] {dagbag.py:538} INFO - Filling up the DagBag from /home/philip/de_engineering/airflow_projects/airflow1/venv/lib/python3.10/site-packages/airflow/example_dags/example_nested_branch_dag.py
[2025-03-10T09:35:30.208+0100] {processor.py:840} INFO - DAG(s) 'example_nested_branch_dag' retrieved from /home/philip/de_engineering/airflow_projects/airflow1/venv/lib/python3.10/site-packages/airflow/example_dags/example_nested_branch_dag.py
[2025-03-10T09:35:30.229+0100] {logging_mixin.py:188} INFO - [2025-03-10T09:35:30.229+0100] {dag.py:3036} INFO - Sync 1 DAGs
[2025-03-10T09:35:30.247+0100] {logging_mixin.py:188} INFO - [2025-03-10T09:35:30.247+0100] {dag.py:3823} INFO - Setting next_dagrun for example_nested_branch_dag to 2025-03-09 00:00:00+00:00, run_after=2025-03-10 00:00:00+00:00
[2025-03-10T09:35:30.262+0100] {processor.py:183} INFO - Processing /home/philip/de_engineering/airflow_projects/airflow1/venv/lib/python3.10/site-packages/airflow/example_dags/example_nested_branch_dag.py took 0.065 seconds
[2025-03-10T09:36:00.419+0100] {processor.py:161} INFO - Started process (PID=151043) to work on /home/philip/de_engineering/airflow_projects/airflow1/venv/lib/python3.10/site-packages/airflow/example_dags/example_nested_branch_dag.py
[2025-03-10T09:36:00.421+0100] {processor.py:830} INFO - Processing file /home/philip/de_engineering/airflow_projects/airflow1/venv/lib/python3.10/site-packages/airflow/example_dags/example_nested_branch_dag.py for tasks to queue
[2025-03-10T09:36:00.422+0100] {logging_mixin.py:188} INFO - [2025-03-10T09:36:00.421+0100] {dagbag.py:538} INFO - Filling up the DagBag from /home/philip/de_engineering/airflow_projects/airflow1/venv/lib/python3.10/site-packages/airflow/example_dags/example_nested_branch_dag.py
[2025-03-10T09:36:00.433+0100] {processor.py:840} INFO - DAG(s) 'example_nested_branch_dag' retrieved from /home/philip/de_engineering/airflow_projects/airflow1/venv/lib/python3.10/site-packages/airflow/example_dags/example_nested_branch_dag.py
[2025-03-10T09:36:00.459+0100] {logging_mixin.py:188} INFO - [2025-03-10T09:36:00.459+0100] {dag.py:3036} INFO - Sync 1 DAGs
[2025-03-10T09:36:00.480+0100] {logging_mixin.py:188} INFO - [2025-03-10T09:36:00.480+0100] {dag.py:3823} INFO - Setting next_dagrun for example_nested_branch_dag to 2025-03-09 00:00:00+00:00, run_after=2025-03-10 00:00:00+00:00
[2025-03-10T09:36:00.496+0100] {processor.py:183} INFO - Processing /home/philip/de_engineering/airflow_projects/airflow1/venv/lib/python3.10/site-packages/airflow/example_dags/example_nested_branch_dag.py took 0.079 seconds
