[2025-03-10T09:14:25.972+0100] {processor.py:161} INFO - Started process (PID=136911) to work on /home/philip/de_engineering/airflow_projects/airflow1/venv/lib/python3.10/site-packages/airflow/example_dags/example_external_task_marker_dag.py
[2025-03-10T09:14:25.973+0100] {processor.py:830} INFO - Processing file /home/philip/de_engineering/airflow_projects/airflow1/venv/lib/python3.10/site-packages/airflow/example_dags/example_external_task_marker_dag.py for tasks to queue
[2025-03-10T09:14:25.973+0100] {logging_mixin.py:188} INFO - [2025-03-10T09:14:25.973+0100] {dagbag.py:538} INFO - Filling up the DagBag from /home/philip/de_engineering/airflow_projects/airflow1/venv/lib/python3.10/site-packages/airflow/example_dags/example_external_task_marker_dag.py
[2025-03-10T09:14:25.978+0100] {processor.py:840} INFO - DAG(s) 'example_external_task_marker_child', 'example_external_task_marker_parent' retrieved from /home/philip/de_engineering/airflow_projects/airflow1/venv/lib/python3.10/site-packages/airflow/example_dags/example_external_task_marker_dag.py
[2025-03-10T09:14:26.054+0100] {logging_mixin.py:188} INFO - [2025-03-10T09:14:26.054+0100] {override.py:1769} INFO - Created Permission View: can read on DAG:example_external_task_marker_child
[2025-03-10T09:14:26.061+0100] {logging_mixin.py:188} INFO - [2025-03-10T09:14:26.061+0100] {override.py:1769} INFO - Created Permission View: can delete on DAG:example_external_task_marker_child
[2025-03-10T09:14:26.066+0100] {logging_mixin.py:188} INFO - [2025-03-10T09:14:26.066+0100] {override.py:1769} INFO - Created Permission View: can edit on DAG:example_external_task_marker_child
[2025-03-10T09:14:26.076+0100] {logging_mixin.py:188} INFO - [2025-03-10T09:14:26.076+0100] {override.py:1769} INFO - Created Permission View: can read on DAG:example_external_task_marker_parent
[2025-03-10T09:14:26.082+0100] {logging_mixin.py:188} INFO - [2025-03-10T09:14:26.082+0100] {override.py:1769} INFO - Created Permission View: can delete on DAG:example_external_task_marker_parent
[2025-03-10T09:14:26.088+0100] {logging_mixin.py:188} INFO - [2025-03-10T09:14:26.087+0100] {override.py:1769} INFO - Created Permission View: can edit on DAG:example_external_task_marker_parent
[2025-03-10T09:14:26.088+0100] {logging_mixin.py:188} INFO - [2025-03-10T09:14:26.088+0100] {dag.py:3036} INFO - Sync 2 DAGs
[2025-03-10T09:14:26.097+0100] {logging_mixin.py:188} INFO - [2025-03-10T09:14:26.097+0100] {dag.py:3058} INFO - Creating ORM DAG for example_external_task_marker_child
[2025-03-10T09:14:26.097+0100] {logging_mixin.py:188} INFO - [2025-03-10T09:14:26.097+0100] {dag.py:3058} INFO - Creating ORM DAG for example_external_task_marker_parent
[2025-03-10T09:14:26.098+0100] {logging_mixin.py:188} INFO - [2025-03-10T09:14:26.098+0100] {dag.py:3823} INFO - Setting next_dagrun for example_external_task_marker_child to None, run_after=None
[2025-03-10T09:14:26.098+0100] {logging_mixin.py:188} INFO - [2025-03-10T09:14:26.098+0100] {dag.py:3823} INFO - Setting next_dagrun for example_external_task_marker_parent to None, run_after=None
[2025-03-10T09:14:26.113+0100] {processor.py:183} INFO - Processing /home/philip/de_engineering/airflow_projects/airflow1/venv/lib/python3.10/site-packages/airflow/example_dags/example_external_task_marker_dag.py took 0.143 seconds
[2025-03-10T09:14:56.432+0100] {processor.py:161} INFO - Started process (PID=137022) to work on /home/philip/de_engineering/airflow_projects/airflow1/venv/lib/python3.10/site-packages/airflow/example_dags/example_external_task_marker_dag.py
[2025-03-10T09:14:56.432+0100] {processor.py:830} INFO - Processing file /home/philip/de_engineering/airflow_projects/airflow1/venv/lib/python3.10/site-packages/airflow/example_dags/example_external_task_marker_dag.py for tasks to queue
[2025-03-10T09:14:56.433+0100] {logging_mixin.py:188} INFO - [2025-03-10T09:14:56.433+0100] {dagbag.py:538} INFO - Filling up the DagBag from /home/philip/de_engineering/airflow_projects/airflow1/venv/lib/python3.10/site-packages/airflow/example_dags/example_external_task_marker_dag.py
[2025-03-10T09:14:56.438+0100] {processor.py:840} INFO - DAG(s) 'example_external_task_marker_parent', 'example_external_task_marker_child' retrieved from /home/philip/de_engineering/airflow_projects/airflow1/venv/lib/python3.10/site-packages/airflow/example_dags/example_external_task_marker_dag.py
[2025-03-10T09:14:56.461+0100] {logging_mixin.py:188} INFO - [2025-03-10T09:14:56.461+0100] {dag.py:3036} INFO - Sync 2 DAGs
[2025-03-10T09:14:56.472+0100] {logging_mixin.py:188} INFO - [2025-03-10T09:14:56.472+0100] {dag.py:3823} INFO - Setting next_dagrun for example_external_task_marker_child to None, run_after=None
[2025-03-10T09:14:56.475+0100] {logging_mixin.py:188} INFO - [2025-03-10T09:14:56.475+0100] {dag.py:3823} INFO - Setting next_dagrun for example_external_task_marker_parent to None, run_after=None
[2025-03-10T09:14:56.489+0100] {processor.py:183} INFO - Processing /home/philip/de_engineering/airflow_projects/airflow1/venv/lib/python3.10/site-packages/airflow/example_dags/example_external_task_marker_dag.py took 0.060 seconds
[2025-03-10T09:15:26.600+0100] {processor.py:161} INFO - Started process (PID=137123) to work on /home/philip/de_engineering/airflow_projects/airflow1/venv/lib/python3.10/site-packages/airflow/example_dags/example_external_task_marker_dag.py
[2025-03-10T09:15:26.601+0100] {processor.py:830} INFO - Processing file /home/philip/de_engineering/airflow_projects/airflow1/venv/lib/python3.10/site-packages/airflow/example_dags/example_external_task_marker_dag.py for tasks to queue
[2025-03-10T09:15:26.602+0100] {logging_mixin.py:188} INFO - [2025-03-10T09:15:26.601+0100] {dagbag.py:538} INFO - Filling up the DagBag from /home/philip/de_engineering/airflow_projects/airflow1/venv/lib/python3.10/site-packages/airflow/example_dags/example_external_task_marker_dag.py
[2025-03-10T09:15:26.607+0100] {processor.py:840} INFO - DAG(s) 'example_external_task_marker_parent', 'example_external_task_marker_child' retrieved from /home/philip/de_engineering/airflow_projects/airflow1/venv/lib/python3.10/site-packages/airflow/example_dags/example_external_task_marker_dag.py
[2025-03-10T09:15:26.631+0100] {logging_mixin.py:188} INFO - [2025-03-10T09:15:26.631+0100] {dag.py:3036} INFO - Sync 2 DAGs
[2025-03-10T09:15:26.642+0100] {logging_mixin.py:188} INFO - [2025-03-10T09:15:26.641+0100] {dag.py:3823} INFO - Setting next_dagrun for example_external_task_marker_child to None, run_after=None
[2025-03-10T09:15:26.644+0100] {logging_mixin.py:188} INFO - [2025-03-10T09:15:26.644+0100] {dag.py:3823} INFO - Setting next_dagrun for example_external_task_marker_parent to None, run_after=None
[2025-03-10T09:15:26.658+0100] {processor.py:183} INFO - Processing /home/philip/de_engineering/airflow_projects/airflow1/venv/lib/python3.10/site-packages/airflow/example_dags/example_external_task_marker_dag.py took 0.062 seconds
[2025-03-10T09:15:57.091+0100] {processor.py:161} INFO - Started process (PID=137225) to work on /home/philip/de_engineering/airflow_projects/airflow1/venv/lib/python3.10/site-packages/airflow/example_dags/example_external_task_marker_dag.py
[2025-03-10T09:15:57.092+0100] {processor.py:830} INFO - Processing file /home/philip/de_engineering/airflow_projects/airflow1/venv/lib/python3.10/site-packages/airflow/example_dags/example_external_task_marker_dag.py for tasks to queue
[2025-03-10T09:15:57.092+0100] {logging_mixin.py:188} INFO - [2025-03-10T09:15:57.092+0100] {dagbag.py:538} INFO - Filling up the DagBag from /home/philip/de_engineering/airflow_projects/airflow1/venv/lib/python3.10/site-packages/airflow/example_dags/example_external_task_marker_dag.py
[2025-03-10T09:15:57.098+0100] {processor.py:840} INFO - DAG(s) 'example_external_task_marker_child', 'example_external_task_marker_parent' retrieved from /home/philip/de_engineering/airflow_projects/airflow1/venv/lib/python3.10/site-packages/airflow/example_dags/example_external_task_marker_dag.py
[2025-03-10T09:15:57.122+0100] {logging_mixin.py:188} INFO - [2025-03-10T09:15:57.122+0100] {dag.py:3036} INFO - Sync 2 DAGs
[2025-03-10T09:15:57.134+0100] {logging_mixin.py:188} INFO - [2025-03-10T09:15:57.133+0100] {dag.py:3823} INFO - Setting next_dagrun for example_external_task_marker_child to None, run_after=None
[2025-03-10T09:15:57.137+0100] {logging_mixin.py:188} INFO - [2025-03-10T09:15:57.137+0100] {dag.py:3823} INFO - Setting next_dagrun for example_external_task_marker_parent to None, run_after=None
[2025-03-10T09:15:57.156+0100] {processor.py:183} INFO - Processing /home/philip/de_engineering/airflow_projects/airflow1/venv/lib/python3.10/site-packages/airflow/example_dags/example_external_task_marker_dag.py took 0.068 seconds
[2025-03-10T09:16:27.346+0100] {processor.py:161} INFO - Started process (PID=137601) to work on /home/philip/de_engineering/airflow_projects/airflow1/venv/lib/python3.10/site-packages/airflow/example_dags/example_external_task_marker_dag.py
[2025-03-10T09:16:27.348+0100] {processor.py:830} INFO - Processing file /home/philip/de_engineering/airflow_projects/airflow1/venv/lib/python3.10/site-packages/airflow/example_dags/example_external_task_marker_dag.py for tasks to queue
[2025-03-10T09:16:27.349+0100] {logging_mixin.py:188} INFO - [2025-03-10T09:16:27.348+0100] {dagbag.py:538} INFO - Filling up the DagBag from /home/philip/de_engineering/airflow_projects/airflow1/venv/lib/python3.10/site-packages/airflow/example_dags/example_external_task_marker_dag.py
[2025-03-10T09:16:27.354+0100] {processor.py:840} INFO - DAG(s) 'example_external_task_marker_child', 'example_external_task_marker_parent' retrieved from /home/philip/de_engineering/airflow_projects/airflow1/venv/lib/python3.10/site-packages/airflow/example_dags/example_external_task_marker_dag.py
[2025-03-10T09:16:27.380+0100] {logging_mixin.py:188} INFO - [2025-03-10T09:16:27.379+0100] {dag.py:3036} INFO - Sync 2 DAGs
[2025-03-10T09:16:27.390+0100] {logging_mixin.py:188} INFO - [2025-03-10T09:16:27.390+0100] {dag.py:3823} INFO - Setting next_dagrun for example_external_task_marker_child to None, run_after=None
[2025-03-10T09:16:27.394+0100] {logging_mixin.py:188} INFO - [2025-03-10T09:16:27.394+0100] {dag.py:3823} INFO - Setting next_dagrun for example_external_task_marker_parent to None, run_after=None
[2025-03-10T09:16:27.406+0100] {processor.py:183} INFO - Processing /home/philip/de_engineering/airflow_projects/airflow1/venv/lib/python3.10/site-packages/airflow/example_dags/example_external_task_marker_dag.py took 0.063 seconds
[2025-03-10T09:16:57.617+0100] {processor.py:161} INFO - Started process (PID=137790) to work on /home/philip/de_engineering/airflow_projects/airflow1/venv/lib/python3.10/site-packages/airflow/example_dags/example_external_task_marker_dag.py
[2025-03-10T09:16:57.618+0100] {processor.py:830} INFO - Processing file /home/philip/de_engineering/airflow_projects/airflow1/venv/lib/python3.10/site-packages/airflow/example_dags/example_external_task_marker_dag.py for tasks to queue
[2025-03-10T09:16:57.618+0100] {logging_mixin.py:188} INFO - [2025-03-10T09:16:57.618+0100] {dagbag.py:538} INFO - Filling up the DagBag from /home/philip/de_engineering/airflow_projects/airflow1/venv/lib/python3.10/site-packages/airflow/example_dags/example_external_task_marker_dag.py
[2025-03-10T09:16:57.624+0100] {processor.py:840} INFO - DAG(s) 'example_external_task_marker_child', 'example_external_task_marker_parent' retrieved from /home/philip/de_engineering/airflow_projects/airflow1/venv/lib/python3.10/site-packages/airflow/example_dags/example_external_task_marker_dag.py
[2025-03-10T09:16:57.651+0100] {logging_mixin.py:188} INFO - [2025-03-10T09:16:57.651+0100] {dag.py:3036} INFO - Sync 2 DAGs
[2025-03-10T09:16:57.663+0100] {logging_mixin.py:188} INFO - [2025-03-10T09:16:57.663+0100] {dag.py:3823} INFO - Setting next_dagrun for example_external_task_marker_child to None, run_after=None
[2025-03-10T09:16:57.667+0100] {logging_mixin.py:188} INFO - [2025-03-10T09:16:57.667+0100] {dag.py:3823} INFO - Setting next_dagrun for example_external_task_marker_parent to None, run_after=None
[2025-03-10T09:16:57.682+0100] {processor.py:183} INFO - Processing /home/philip/de_engineering/airflow_projects/airflow1/venv/lib/python3.10/site-packages/airflow/example_dags/example_external_task_marker_dag.py took 0.069 seconds
[2025-03-10T09:17:28.046+0100] {processor.py:161} INFO - Started process (PID=137982) to work on /home/philip/de_engineering/airflow_projects/airflow1/venv/lib/python3.10/site-packages/airflow/example_dags/example_external_task_marker_dag.py
[2025-03-10T09:17:28.047+0100] {processor.py:830} INFO - Processing file /home/philip/de_engineering/airflow_projects/airflow1/venv/lib/python3.10/site-packages/airflow/example_dags/example_external_task_marker_dag.py for tasks to queue
[2025-03-10T09:17:28.048+0100] {logging_mixin.py:188} INFO - [2025-03-10T09:17:28.048+0100] {dagbag.py:538} INFO - Filling up the DagBag from /home/philip/de_engineering/airflow_projects/airflow1/venv/lib/python3.10/site-packages/airflow/example_dags/example_external_task_marker_dag.py
[2025-03-10T09:17:28.054+0100] {processor.py:840} INFO - DAG(s) 'example_external_task_marker_child', 'example_external_task_marker_parent' retrieved from /home/philip/de_engineering/airflow_projects/airflow1/venv/lib/python3.10/site-packages/airflow/example_dags/example_external_task_marker_dag.py
[2025-03-10T09:17:28.076+0100] {logging_mixin.py:188} INFO - [2025-03-10T09:17:28.076+0100] {dag.py:3036} INFO - Sync 2 DAGs
[2025-03-10T09:17:28.087+0100] {logging_mixin.py:188} INFO - [2025-03-10T09:17:28.087+0100] {dag.py:3823} INFO - Setting next_dagrun for example_external_task_marker_child to None, run_after=None
[2025-03-10T09:17:28.091+0100] {logging_mixin.py:188} INFO - [2025-03-10T09:17:28.090+0100] {dag.py:3823} INFO - Setting next_dagrun for example_external_task_marker_parent to None, run_after=None
[2025-03-10T09:17:28.104+0100] {processor.py:183} INFO - Processing /home/philip/de_engineering/airflow_projects/airflow1/venv/lib/python3.10/site-packages/airflow/example_dags/example_external_task_marker_dag.py took 0.061 seconds
[2025-03-10T09:19:22.599+0100] {processor.py:161} INFO - Started process (PID=138697) to work on /home/philip/de_engineering/airflow_projects/airflow1/venv/lib/python3.10/site-packages/airflow/example_dags/example_external_task_marker_dag.py
[2025-03-10T09:19:22.600+0100] {processor.py:830} INFO - Processing file /home/philip/de_engineering/airflow_projects/airflow1/venv/lib/python3.10/site-packages/airflow/example_dags/example_external_task_marker_dag.py for tasks to queue
[2025-03-10T09:19:22.601+0100] {logging_mixin.py:188} INFO - [2025-03-10T09:19:22.601+0100] {dagbag.py:538} INFO - Filling up the DagBag from /home/philip/de_engineering/airflow_projects/airflow1/venv/lib/python3.10/site-packages/airflow/example_dags/example_external_task_marker_dag.py
[2025-03-10T09:19:22.606+0100] {processor.py:840} INFO - DAG(s) 'example_external_task_marker_parent', 'example_external_task_marker_child' retrieved from /home/philip/de_engineering/airflow_projects/airflow1/venv/lib/python3.10/site-packages/airflow/example_dags/example_external_task_marker_dag.py
[2025-03-10T09:19:22.692+0100] {logging_mixin.py:188} INFO - [2025-03-10T09:19:22.691+0100] {dag.py:3036} INFO - Sync 2 DAGs
[2025-03-10T09:19:22.701+0100] {logging_mixin.py:188} INFO - [2025-03-10T09:19:22.701+0100] {dag.py:3823} INFO - Setting next_dagrun for example_external_task_marker_child to None, run_after=None
[2025-03-10T09:19:22.704+0100] {logging_mixin.py:188} INFO - [2025-03-10T09:19:22.704+0100] {dag.py:3823} INFO - Setting next_dagrun for example_external_task_marker_parent to None, run_after=None
[2025-03-10T09:19:22.721+0100] {processor.py:183} INFO - Processing /home/philip/de_engineering/airflow_projects/airflow1/venv/lib/python3.10/site-packages/airflow/example_dags/example_external_task_marker_dag.py took 0.124 seconds
[2025-03-10T09:19:53.530+0100] {processor.py:161} INFO - Started process (PID=139037) to work on /home/philip/de_engineering/airflow_projects/airflow1/venv/lib/python3.10/site-packages/airflow/example_dags/example_external_task_marker_dag.py
[2025-03-10T09:19:53.530+0100] {processor.py:830} INFO - Processing file /home/philip/de_engineering/airflow_projects/airflow1/venv/lib/python3.10/site-packages/airflow/example_dags/example_external_task_marker_dag.py for tasks to queue
[2025-03-10T09:19:53.531+0100] {logging_mixin.py:188} INFO - [2025-03-10T09:19:53.531+0100] {dagbag.py:538} INFO - Filling up the DagBag from /home/philip/de_engineering/airflow_projects/airflow1/venv/lib/python3.10/site-packages/airflow/example_dags/example_external_task_marker_dag.py
[2025-03-10T09:19:53.537+0100] {processor.py:840} INFO - DAG(s) 'example_external_task_marker_child', 'example_external_task_marker_parent' retrieved from /home/philip/de_engineering/airflow_projects/airflow1/venv/lib/python3.10/site-packages/airflow/example_dags/example_external_task_marker_dag.py
[2025-03-10T09:19:53.562+0100] {logging_mixin.py:188} INFO - [2025-03-10T09:19:53.562+0100] {dag.py:3036} INFO - Sync 2 DAGs
[2025-03-10T09:19:53.576+0100] {logging_mixin.py:188} INFO - [2025-03-10T09:19:53.575+0100] {dag.py:3823} INFO - Setting next_dagrun for example_external_task_marker_child to None, run_after=None
[2025-03-10T09:19:53.580+0100] {logging_mixin.py:188} INFO - [2025-03-10T09:19:53.579+0100] {dag.py:3823} INFO - Setting next_dagrun for example_external_task_marker_parent to None, run_after=None
[2025-03-10T09:19:53.597+0100] {processor.py:183} INFO - Processing /home/philip/de_engineering/airflow_projects/airflow1/venv/lib/python3.10/site-packages/airflow/example_dags/example_external_task_marker_dag.py took 0.070 seconds
[2025-03-10T09:20:23.891+0100] {processor.py:161} INFO - Started process (PID=139417) to work on /home/philip/de_engineering/airflow_projects/airflow1/venv/lib/python3.10/site-packages/airflow/example_dags/example_external_task_marker_dag.py
[2025-03-10T09:20:23.895+0100] {processor.py:830} INFO - Processing file /home/philip/de_engineering/airflow_projects/airflow1/venv/lib/python3.10/site-packages/airflow/example_dags/example_external_task_marker_dag.py for tasks to queue
[2025-03-10T09:20:23.897+0100] {logging_mixin.py:188} INFO - [2025-03-10T09:20:23.896+0100] {dagbag.py:538} INFO - Filling up the DagBag from /home/philip/de_engineering/airflow_projects/airflow1/venv/lib/python3.10/site-packages/airflow/example_dags/example_external_task_marker_dag.py
[2025-03-10T09:20:23.904+0100] {processor.py:840} INFO - DAG(s) 'example_external_task_marker_child', 'example_external_task_marker_parent' retrieved from /home/philip/de_engineering/airflow_projects/airflow1/venv/lib/python3.10/site-packages/airflow/example_dags/example_external_task_marker_dag.py
[2025-03-10T09:20:23.952+0100] {logging_mixin.py:188} INFO - [2025-03-10T09:20:23.952+0100] {dag.py:3036} INFO - Sync 2 DAGs
[2025-03-10T09:20:23.974+0100] {logging_mixin.py:188} INFO - [2025-03-10T09:20:23.974+0100] {dag.py:3823} INFO - Setting next_dagrun for example_external_task_marker_child to None, run_after=None
[2025-03-10T09:20:23.983+0100] {logging_mixin.py:188} INFO - [2025-03-10T09:20:23.982+0100] {dag.py:3823} INFO - Setting next_dagrun for example_external_task_marker_parent to None, run_after=None
[2025-03-10T09:20:24.052+0100] {processor.py:183} INFO - Processing /home/philip/de_engineering/airflow_projects/airflow1/venv/lib/python3.10/site-packages/airflow/example_dags/example_external_task_marker_dag.py took 0.164 seconds
[2025-03-10T09:20:54.479+0100] {processor.py:161} INFO - Started process (PID=139793) to work on /home/philip/de_engineering/airflow_projects/airflow1/venv/lib/python3.10/site-packages/airflow/example_dags/example_external_task_marker_dag.py
[2025-03-10T09:20:54.481+0100] {processor.py:830} INFO - Processing file /home/philip/de_engineering/airflow_projects/airflow1/venv/lib/python3.10/site-packages/airflow/example_dags/example_external_task_marker_dag.py for tasks to queue
[2025-03-10T09:20:54.482+0100] {logging_mixin.py:188} INFO - [2025-03-10T09:20:54.482+0100] {dagbag.py:538} INFO - Filling up the DagBag from /home/philip/de_engineering/airflow_projects/airflow1/venv/lib/python3.10/site-packages/airflow/example_dags/example_external_task_marker_dag.py
[2025-03-10T09:20:54.489+0100] {processor.py:840} INFO - DAG(s) 'example_external_task_marker_parent', 'example_external_task_marker_child' retrieved from /home/philip/de_engineering/airflow_projects/airflow1/venv/lib/python3.10/site-packages/airflow/example_dags/example_external_task_marker_dag.py
[2025-03-10T09:20:54.519+0100] {logging_mixin.py:188} INFO - [2025-03-10T09:20:54.518+0100] {dag.py:3036} INFO - Sync 2 DAGs
[2025-03-10T09:20:54.531+0100] {logging_mixin.py:188} INFO - [2025-03-10T09:20:54.531+0100] {dag.py:3823} INFO - Setting next_dagrun for example_external_task_marker_child to None, run_after=None
[2025-03-10T09:20:54.536+0100] {logging_mixin.py:188} INFO - [2025-03-10T09:20:54.535+0100] {dag.py:3823} INFO - Setting next_dagrun for example_external_task_marker_parent to None, run_after=None
[2025-03-10T09:20:54.554+0100] {processor.py:183} INFO - Processing /home/philip/de_engineering/airflow_projects/airflow1/venv/lib/python3.10/site-packages/airflow/example_dags/example_external_task_marker_dag.py took 0.078 seconds
[2025-03-10T09:21:24.861+0100] {processor.py:161} INFO - Started process (PID=140175) to work on /home/philip/de_engineering/airflow_projects/airflow1/venv/lib/python3.10/site-packages/airflow/example_dags/example_external_task_marker_dag.py
[2025-03-10T09:21:24.862+0100] {processor.py:830} INFO - Processing file /home/philip/de_engineering/airflow_projects/airflow1/venv/lib/python3.10/site-packages/airflow/example_dags/example_external_task_marker_dag.py for tasks to queue
[2025-03-10T09:21:24.863+0100] {logging_mixin.py:188} INFO - [2025-03-10T09:21:24.863+0100] {dagbag.py:538} INFO - Filling up the DagBag from /home/philip/de_engineering/airflow_projects/airflow1/venv/lib/python3.10/site-packages/airflow/example_dags/example_external_task_marker_dag.py
[2025-03-10T09:21:24.868+0100] {processor.py:840} INFO - DAG(s) 'example_external_task_marker_parent', 'example_external_task_marker_child' retrieved from /home/philip/de_engineering/airflow_projects/airflow1/venv/lib/python3.10/site-packages/airflow/example_dags/example_external_task_marker_dag.py
[2025-03-10T09:21:24.891+0100] {logging_mixin.py:188} INFO - [2025-03-10T09:21:24.891+0100] {dag.py:3036} INFO - Sync 2 DAGs
[2025-03-10T09:21:24.901+0100] {logging_mixin.py:188} INFO - [2025-03-10T09:21:24.901+0100] {dag.py:3823} INFO - Setting next_dagrun for example_external_task_marker_child to None, run_after=None
[2025-03-10T09:21:24.904+0100] {logging_mixin.py:188} INFO - [2025-03-10T09:21:24.904+0100] {dag.py:3823} INFO - Setting next_dagrun for example_external_task_marker_parent to None, run_after=None
[2025-03-10T09:21:24.919+0100] {processor.py:183} INFO - Processing /home/philip/de_engineering/airflow_projects/airflow1/venv/lib/python3.10/site-packages/airflow/example_dags/example_external_task_marker_dag.py took 0.062 seconds
[2025-03-10T09:21:55.026+0100] {processor.py:161} INFO - Started process (PID=140546) to work on /home/philip/de_engineering/airflow_projects/airflow1/venv/lib/python3.10/site-packages/airflow/example_dags/example_external_task_marker_dag.py
[2025-03-10T09:21:55.027+0100] {processor.py:830} INFO - Processing file /home/philip/de_engineering/airflow_projects/airflow1/venv/lib/python3.10/site-packages/airflow/example_dags/example_external_task_marker_dag.py for tasks to queue
[2025-03-10T09:21:55.027+0100] {logging_mixin.py:188} INFO - [2025-03-10T09:21:55.027+0100] {dagbag.py:538} INFO - Filling up the DagBag from /home/philip/de_engineering/airflow_projects/airflow1/venv/lib/python3.10/site-packages/airflow/example_dags/example_external_task_marker_dag.py
[2025-03-10T09:21:55.033+0100] {processor.py:840} INFO - DAG(s) 'example_external_task_marker_child', 'example_external_task_marker_parent' retrieved from /home/philip/de_engineering/airflow_projects/airflow1/venv/lib/python3.10/site-packages/airflow/example_dags/example_external_task_marker_dag.py
[2025-03-10T09:21:55.058+0100] {logging_mixin.py:188} INFO - [2025-03-10T09:21:55.057+0100] {dag.py:3036} INFO - Sync 2 DAGs
[2025-03-10T09:21:55.070+0100] {logging_mixin.py:188} INFO - [2025-03-10T09:21:55.069+0100] {dag.py:3823} INFO - Setting next_dagrun for example_external_task_marker_child to None, run_after=None
[2025-03-10T09:21:55.073+0100] {logging_mixin.py:188} INFO - [2025-03-10T09:21:55.073+0100] {dag.py:3823} INFO - Setting next_dagrun for example_external_task_marker_parent to None, run_after=None
[2025-03-10T09:21:55.089+0100] {processor.py:183} INFO - Processing /home/philip/de_engineering/airflow_projects/airflow1/venv/lib/python3.10/site-packages/airflow/example_dags/example_external_task_marker_dag.py took 0.066 seconds
[2025-03-10T09:22:25.311+0100] {processor.py:161} INFO - Started process (PID=140931) to work on /home/philip/de_engineering/airflow_projects/airflow1/venv/lib/python3.10/site-packages/airflow/example_dags/example_external_task_marker_dag.py
[2025-03-10T09:22:25.312+0100] {processor.py:830} INFO - Processing file /home/philip/de_engineering/airflow_projects/airflow1/venv/lib/python3.10/site-packages/airflow/example_dags/example_external_task_marker_dag.py for tasks to queue
[2025-03-10T09:22:25.313+0100] {logging_mixin.py:188} INFO - [2025-03-10T09:22:25.313+0100] {dagbag.py:538} INFO - Filling up the DagBag from /home/philip/de_engineering/airflow_projects/airflow1/venv/lib/python3.10/site-packages/airflow/example_dags/example_external_task_marker_dag.py
[2025-03-10T09:22:25.318+0100] {processor.py:840} INFO - DAG(s) 'example_external_task_marker_child', 'example_external_task_marker_parent' retrieved from /home/philip/de_engineering/airflow_projects/airflow1/venv/lib/python3.10/site-packages/airflow/example_dags/example_external_task_marker_dag.py
[2025-03-10T09:22:25.340+0100] {logging_mixin.py:188} INFO - [2025-03-10T09:22:25.339+0100] {dag.py:3036} INFO - Sync 2 DAGs
[2025-03-10T09:22:25.349+0100] {logging_mixin.py:188} INFO - [2025-03-10T09:22:25.349+0100] {dag.py:3823} INFO - Setting next_dagrun for example_external_task_marker_child to None, run_after=None
[2025-03-10T09:22:25.352+0100] {logging_mixin.py:188} INFO - [2025-03-10T09:22:25.352+0100] {dag.py:3823} INFO - Setting next_dagrun for example_external_task_marker_parent to None, run_after=None
[2025-03-10T09:22:25.364+0100] {processor.py:183} INFO - Processing /home/philip/de_engineering/airflow_projects/airflow1/venv/lib/python3.10/site-packages/airflow/example_dags/example_external_task_marker_dag.py took 0.056 seconds
[2025-03-10T09:22:55.536+0100] {processor.py:161} INFO - Started process (PID=141308) to work on /home/philip/de_engineering/airflow_projects/airflow1/venv/lib/python3.10/site-packages/airflow/example_dags/example_external_task_marker_dag.py
[2025-03-10T09:22:55.537+0100] {processor.py:830} INFO - Processing file /home/philip/de_engineering/airflow_projects/airflow1/venv/lib/python3.10/site-packages/airflow/example_dags/example_external_task_marker_dag.py for tasks to queue
[2025-03-10T09:22:55.538+0100] {logging_mixin.py:188} INFO - [2025-03-10T09:22:55.538+0100] {dagbag.py:538} INFO - Filling up the DagBag from /home/philip/de_engineering/airflow_projects/airflow1/venv/lib/python3.10/site-packages/airflow/example_dags/example_external_task_marker_dag.py
[2025-03-10T09:22:55.543+0100] {processor.py:840} INFO - DAG(s) 'example_external_task_marker_parent', 'example_external_task_marker_child' retrieved from /home/philip/de_engineering/airflow_projects/airflow1/venv/lib/python3.10/site-packages/airflow/example_dags/example_external_task_marker_dag.py
[2025-03-10T09:22:55.566+0100] {logging_mixin.py:188} INFO - [2025-03-10T09:22:55.565+0100] {dag.py:3036} INFO - Sync 2 DAGs
[2025-03-10T09:22:55.576+0100] {logging_mixin.py:188} INFO - [2025-03-10T09:22:55.575+0100] {dag.py:3823} INFO - Setting next_dagrun for example_external_task_marker_child to None, run_after=None
[2025-03-10T09:22:55.578+0100] {logging_mixin.py:188} INFO - [2025-03-10T09:22:55.578+0100] {dag.py:3823} INFO - Setting next_dagrun for example_external_task_marker_parent to None, run_after=None
[2025-03-10T09:22:55.592+0100] {processor.py:183} INFO - Processing /home/philip/de_engineering/airflow_projects/airflow1/venv/lib/python3.10/site-packages/airflow/example_dags/example_external_task_marker_dag.py took 0.059 seconds
[2025-03-10T09:23:25.709+0100] {processor.py:161} INFO - Started process (PID=141689) to work on /home/philip/de_engineering/airflow_projects/airflow1/venv/lib/python3.10/site-packages/airflow/example_dags/example_external_task_marker_dag.py
[2025-03-10T09:23:25.710+0100] {processor.py:830} INFO - Processing file /home/philip/de_engineering/airflow_projects/airflow1/venv/lib/python3.10/site-packages/airflow/example_dags/example_external_task_marker_dag.py for tasks to queue
[2025-03-10T09:23:25.711+0100] {logging_mixin.py:188} INFO - [2025-03-10T09:23:25.711+0100] {dagbag.py:538} INFO - Filling up the DagBag from /home/philip/de_engineering/airflow_projects/airflow1/venv/lib/python3.10/site-packages/airflow/example_dags/example_external_task_marker_dag.py
[2025-03-10T09:23:25.717+0100] {processor.py:840} INFO - DAG(s) 'example_external_task_marker_child', 'example_external_task_marker_parent' retrieved from /home/philip/de_engineering/airflow_projects/airflow1/venv/lib/python3.10/site-packages/airflow/example_dags/example_external_task_marker_dag.py
[2025-03-10T09:23:25.742+0100] {logging_mixin.py:188} INFO - [2025-03-10T09:23:25.742+0100] {dag.py:3036} INFO - Sync 2 DAGs
[2025-03-10T09:23:25.752+0100] {logging_mixin.py:188} INFO - [2025-03-10T09:23:25.752+0100] {dag.py:3823} INFO - Setting next_dagrun for example_external_task_marker_child to None, run_after=None
[2025-03-10T09:23:25.755+0100] {logging_mixin.py:188} INFO - [2025-03-10T09:23:25.755+0100] {dag.py:3823} INFO - Setting next_dagrun for example_external_task_marker_parent to None, run_after=None
[2025-03-10T09:23:25.768+0100] {processor.py:183} INFO - Processing /home/philip/de_engineering/airflow_projects/airflow1/venv/lib/python3.10/site-packages/airflow/example_dags/example_external_task_marker_dag.py took 0.062 seconds
[2025-03-10T09:23:56.231+0100] {processor.py:161} INFO - Started process (PID=142070) to work on /home/philip/de_engineering/airflow_projects/airflow1/venv/lib/python3.10/site-packages/airflow/example_dags/example_external_task_marker_dag.py
[2025-03-10T09:23:56.232+0100] {processor.py:830} INFO - Processing file /home/philip/de_engineering/airflow_projects/airflow1/venv/lib/python3.10/site-packages/airflow/example_dags/example_external_task_marker_dag.py for tasks to queue
[2025-03-10T09:23:56.233+0100] {logging_mixin.py:188} INFO - [2025-03-10T09:23:56.232+0100] {dagbag.py:538} INFO - Filling up the DagBag from /home/philip/de_engineering/airflow_projects/airflow1/venv/lib/python3.10/site-packages/airflow/example_dags/example_external_task_marker_dag.py
[2025-03-10T09:23:56.238+0100] {processor.py:840} INFO - DAG(s) 'example_external_task_marker_child', 'example_external_task_marker_parent' retrieved from /home/philip/de_engineering/airflow_projects/airflow1/venv/lib/python3.10/site-packages/airflow/example_dags/example_external_task_marker_dag.py
[2025-03-10T09:23:56.260+0100] {logging_mixin.py:188} INFO - [2025-03-10T09:23:56.260+0100] {dag.py:3036} INFO - Sync 2 DAGs
[2025-03-10T09:23:56.271+0100] {logging_mixin.py:188} INFO - [2025-03-10T09:23:56.271+0100] {dag.py:3823} INFO - Setting next_dagrun for example_external_task_marker_child to None, run_after=None
[2025-03-10T09:23:56.274+0100] {logging_mixin.py:188} INFO - [2025-03-10T09:23:56.274+0100] {dag.py:3823} INFO - Setting next_dagrun for example_external_task_marker_parent to None, run_after=None
[2025-03-10T09:23:56.287+0100] {processor.py:183} INFO - Processing /home/philip/de_engineering/airflow_projects/airflow1/venv/lib/python3.10/site-packages/airflow/example_dags/example_external_task_marker_dag.py took 0.060 seconds
[2025-03-10T09:24:26.536+0100] {processor.py:161} INFO - Started process (PID=142444) to work on /home/philip/de_engineering/airflow_projects/airflow1/venv/lib/python3.10/site-packages/airflow/example_dags/example_external_task_marker_dag.py
[2025-03-10T09:24:26.537+0100] {processor.py:830} INFO - Processing file /home/philip/de_engineering/airflow_projects/airflow1/venv/lib/python3.10/site-packages/airflow/example_dags/example_external_task_marker_dag.py for tasks to queue
[2025-03-10T09:24:26.538+0100] {logging_mixin.py:188} INFO - [2025-03-10T09:24:26.538+0100] {dagbag.py:538} INFO - Filling up the DagBag from /home/philip/de_engineering/airflow_projects/airflow1/venv/lib/python3.10/site-packages/airflow/example_dags/example_external_task_marker_dag.py
[2025-03-10T09:24:26.546+0100] {processor.py:840} INFO - DAG(s) 'example_external_task_marker_parent', 'example_external_task_marker_child' retrieved from /home/philip/de_engineering/airflow_projects/airflow1/venv/lib/python3.10/site-packages/airflow/example_dags/example_external_task_marker_dag.py
[2025-03-10T09:24:26.577+0100] {logging_mixin.py:188} INFO - [2025-03-10T09:24:26.576+0100] {dag.py:3036} INFO - Sync 2 DAGs
[2025-03-10T09:24:26.588+0100] {logging_mixin.py:188} INFO - [2025-03-10T09:24:26.587+0100] {dag.py:3823} INFO - Setting next_dagrun for example_external_task_marker_child to None, run_after=None
[2025-03-10T09:24:26.592+0100] {logging_mixin.py:188} INFO - [2025-03-10T09:24:26.592+0100] {dag.py:3823} INFO - Setting next_dagrun for example_external_task_marker_parent to None, run_after=None
[2025-03-10T09:24:26.606+0100] {processor.py:183} INFO - Processing /home/philip/de_engineering/airflow_projects/airflow1/venv/lib/python3.10/site-packages/airflow/example_dags/example_external_task_marker_dag.py took 0.074 seconds
[2025-03-10T09:24:56.837+0100] {processor.py:161} INFO - Started process (PID=142826) to work on /home/philip/de_engineering/airflow_projects/airflow1/venv/lib/python3.10/site-packages/airflow/example_dags/example_external_task_marker_dag.py
[2025-03-10T09:24:56.838+0100] {processor.py:830} INFO - Processing file /home/philip/de_engineering/airflow_projects/airflow1/venv/lib/python3.10/site-packages/airflow/example_dags/example_external_task_marker_dag.py for tasks to queue
[2025-03-10T09:24:56.839+0100] {logging_mixin.py:188} INFO - [2025-03-10T09:24:56.838+0100] {dagbag.py:538} INFO - Filling up the DagBag from /home/philip/de_engineering/airflow_projects/airflow1/venv/lib/python3.10/site-packages/airflow/example_dags/example_external_task_marker_dag.py
[2025-03-10T09:24:56.843+0100] {processor.py:840} INFO - DAG(s) 'example_external_task_marker_child', 'example_external_task_marker_parent' retrieved from /home/philip/de_engineering/airflow_projects/airflow1/venv/lib/python3.10/site-packages/airflow/example_dags/example_external_task_marker_dag.py
[2025-03-10T09:24:56.866+0100] {logging_mixin.py:188} INFO - [2025-03-10T09:24:56.866+0100] {dag.py:3036} INFO - Sync 2 DAGs
[2025-03-10T09:24:56.875+0100] {logging_mixin.py:188} INFO - [2025-03-10T09:24:56.875+0100] {dag.py:3823} INFO - Setting next_dagrun for example_external_task_marker_child to None, run_after=None
[2025-03-10T09:24:56.878+0100] {logging_mixin.py:188} INFO - [2025-03-10T09:24:56.878+0100] {dag.py:3823} INFO - Setting next_dagrun for example_external_task_marker_parent to None, run_after=None
[2025-03-10T09:24:56.891+0100] {processor.py:183} INFO - Processing /home/philip/de_engineering/airflow_projects/airflow1/venv/lib/python3.10/site-packages/airflow/example_dags/example_external_task_marker_dag.py took 0.057 seconds
[2025-03-10T09:25:27.083+0100] {processor.py:161} INFO - Started process (PID=143207) to work on /home/philip/de_engineering/airflow_projects/airflow1/venv/lib/python3.10/site-packages/airflow/example_dags/example_external_task_marker_dag.py
[2025-03-10T09:25:27.084+0100] {processor.py:830} INFO - Processing file /home/philip/de_engineering/airflow_projects/airflow1/venv/lib/python3.10/site-packages/airflow/example_dags/example_external_task_marker_dag.py for tasks to queue
[2025-03-10T09:25:27.084+0100] {logging_mixin.py:188} INFO - [2025-03-10T09:25:27.084+0100] {dagbag.py:538} INFO - Filling up the DagBag from /home/philip/de_engineering/airflow_projects/airflow1/venv/lib/python3.10/site-packages/airflow/example_dags/example_external_task_marker_dag.py
[2025-03-10T09:25:27.089+0100] {processor.py:840} INFO - DAG(s) 'example_external_task_marker_parent', 'example_external_task_marker_child' retrieved from /home/philip/de_engineering/airflow_projects/airflow1/venv/lib/python3.10/site-packages/airflow/example_dags/example_external_task_marker_dag.py
[2025-03-10T09:25:27.110+0100] {logging_mixin.py:188} INFO - [2025-03-10T09:25:27.110+0100] {dag.py:3036} INFO - Sync 2 DAGs
[2025-03-10T09:25:27.121+0100] {logging_mixin.py:188} INFO - [2025-03-10T09:25:27.121+0100] {dag.py:3823} INFO - Setting next_dagrun for example_external_task_marker_child to None, run_after=None
[2025-03-10T09:25:27.124+0100] {logging_mixin.py:188} INFO - [2025-03-10T09:25:27.124+0100] {dag.py:3823} INFO - Setting next_dagrun for example_external_task_marker_parent to None, run_after=None
[2025-03-10T09:25:27.136+0100] {processor.py:183} INFO - Processing /home/philip/de_engineering/airflow_projects/airflow1/venv/lib/python3.10/site-packages/airflow/example_dags/example_external_task_marker_dag.py took 0.056 seconds
[2025-03-10T09:25:57.585+0100] {processor.py:161} INFO - Started process (PID=143588) to work on /home/philip/de_engineering/airflow_projects/airflow1/venv/lib/python3.10/site-packages/airflow/example_dags/example_external_task_marker_dag.py
[2025-03-10T09:25:57.586+0100] {processor.py:830} INFO - Processing file /home/philip/de_engineering/airflow_projects/airflow1/venv/lib/python3.10/site-packages/airflow/example_dags/example_external_task_marker_dag.py for tasks to queue
[2025-03-10T09:25:57.586+0100] {logging_mixin.py:188} INFO - [2025-03-10T09:25:57.586+0100] {dagbag.py:538} INFO - Filling up the DagBag from /home/philip/de_engineering/airflow_projects/airflow1/venv/lib/python3.10/site-packages/airflow/example_dags/example_external_task_marker_dag.py
[2025-03-10T09:25:57.592+0100] {processor.py:840} INFO - DAG(s) 'example_external_task_marker_child', 'example_external_task_marker_parent' retrieved from /home/philip/de_engineering/airflow_projects/airflow1/venv/lib/python3.10/site-packages/airflow/example_dags/example_external_task_marker_dag.py
[2025-03-10T09:25:57.614+0100] {logging_mixin.py:188} INFO - [2025-03-10T09:25:57.614+0100] {dag.py:3036} INFO - Sync 2 DAGs
[2025-03-10T09:25:57.625+0100] {logging_mixin.py:188} INFO - [2025-03-10T09:25:57.625+0100] {dag.py:3823} INFO - Setting next_dagrun for example_external_task_marker_child to None, run_after=None
[2025-03-10T09:25:57.629+0100] {logging_mixin.py:188} INFO - [2025-03-10T09:25:57.628+0100] {dag.py:3823} INFO - Setting next_dagrun for example_external_task_marker_parent to None, run_after=None
[2025-03-10T09:25:57.642+0100] {processor.py:183} INFO - Processing /home/philip/de_engineering/airflow_projects/airflow1/venv/lib/python3.10/site-packages/airflow/example_dags/example_external_task_marker_dag.py took 0.061 seconds
[2025-03-10T09:26:27.825+0100] {processor.py:161} INFO - Started process (PID=143966) to work on /home/philip/de_engineering/airflow_projects/airflow1/venv/lib/python3.10/site-packages/airflow/example_dags/example_external_task_marker_dag.py
[2025-03-10T09:26:27.826+0100] {processor.py:830} INFO - Processing file /home/philip/de_engineering/airflow_projects/airflow1/venv/lib/python3.10/site-packages/airflow/example_dags/example_external_task_marker_dag.py for tasks to queue
[2025-03-10T09:26:27.828+0100] {logging_mixin.py:188} INFO - [2025-03-10T09:26:27.827+0100] {dagbag.py:538} INFO - Filling up the DagBag from /home/philip/de_engineering/airflow_projects/airflow1/venv/lib/python3.10/site-packages/airflow/example_dags/example_external_task_marker_dag.py
[2025-03-10T09:26:27.834+0100] {processor.py:840} INFO - DAG(s) 'example_external_task_marker_parent', 'example_external_task_marker_child' retrieved from /home/philip/de_engineering/airflow_projects/airflow1/venv/lib/python3.10/site-packages/airflow/example_dags/example_external_task_marker_dag.py
[2025-03-10T09:26:27.877+0100] {logging_mixin.py:188} INFO - [2025-03-10T09:26:27.877+0100] {dag.py:3036} INFO - Sync 2 DAGs
[2025-03-10T09:26:27.892+0100] {logging_mixin.py:188} INFO - [2025-03-10T09:26:27.892+0100] {dag.py:3823} INFO - Setting next_dagrun for example_external_task_marker_child to None, run_after=None
[2025-03-10T09:26:27.896+0100] {logging_mixin.py:188} INFO - [2025-03-10T09:26:27.895+0100] {dag.py:3823} INFO - Setting next_dagrun for example_external_task_marker_parent to None, run_after=None
[2025-03-10T09:26:27.918+0100] {processor.py:183} INFO - Processing /home/philip/de_engineering/airflow_projects/airflow1/venv/lib/python3.10/site-packages/airflow/example_dags/example_external_task_marker_dag.py took 0.103 seconds
[2025-03-10T09:26:58.222+0100] {processor.py:161} INFO - Started process (PID=144341) to work on /home/philip/de_engineering/airflow_projects/airflow1/venv/lib/python3.10/site-packages/airflow/example_dags/example_external_task_marker_dag.py
[2025-03-10T09:26:58.223+0100] {processor.py:830} INFO - Processing file /home/philip/de_engineering/airflow_projects/airflow1/venv/lib/python3.10/site-packages/airflow/example_dags/example_external_task_marker_dag.py for tasks to queue
[2025-03-10T09:26:58.224+0100] {logging_mixin.py:188} INFO - [2025-03-10T09:26:58.223+0100] {dagbag.py:538} INFO - Filling up the DagBag from /home/philip/de_engineering/airflow_projects/airflow1/venv/lib/python3.10/site-packages/airflow/example_dags/example_external_task_marker_dag.py
[2025-03-10T09:26:58.230+0100] {processor.py:840} INFO - DAG(s) 'example_external_task_marker_parent', 'example_external_task_marker_child' retrieved from /home/philip/de_engineering/airflow_projects/airflow1/venv/lib/python3.10/site-packages/airflow/example_dags/example_external_task_marker_dag.py
[2025-03-10T09:26:58.254+0100] {logging_mixin.py:188} INFO - [2025-03-10T09:26:58.253+0100] {dag.py:3036} INFO - Sync 2 DAGs
[2025-03-10T09:26:58.264+0100] {logging_mixin.py:188} INFO - [2025-03-10T09:26:58.264+0100] {dag.py:3823} INFO - Setting next_dagrun for example_external_task_marker_child to None, run_after=None
[2025-03-10T09:26:58.267+0100] {logging_mixin.py:188} INFO - [2025-03-10T09:26:58.267+0100] {dag.py:3823} INFO - Setting next_dagrun for example_external_task_marker_parent to None, run_after=None
[2025-03-10T09:26:58.281+0100] {processor.py:183} INFO - Processing /home/philip/de_engineering/airflow_projects/airflow1/venv/lib/python3.10/site-packages/airflow/example_dags/example_external_task_marker_dag.py took 0.063 seconds
[2025-03-10T09:27:28.469+0100] {processor.py:161} INFO - Started process (PID=144721) to work on /home/philip/de_engineering/airflow_projects/airflow1/venv/lib/python3.10/site-packages/airflow/example_dags/example_external_task_marker_dag.py
[2025-03-10T09:27:28.470+0100] {processor.py:830} INFO - Processing file /home/philip/de_engineering/airflow_projects/airflow1/venv/lib/python3.10/site-packages/airflow/example_dags/example_external_task_marker_dag.py for tasks to queue
[2025-03-10T09:27:28.471+0100] {logging_mixin.py:188} INFO - [2025-03-10T09:27:28.471+0100] {dagbag.py:538} INFO - Filling up the DagBag from /home/philip/de_engineering/airflow_projects/airflow1/venv/lib/python3.10/site-packages/airflow/example_dags/example_external_task_marker_dag.py
[2025-03-10T09:27:28.477+0100] {processor.py:840} INFO - DAG(s) 'example_external_task_marker_parent', 'example_external_task_marker_child' retrieved from /home/philip/de_engineering/airflow_projects/airflow1/venv/lib/python3.10/site-packages/airflow/example_dags/example_external_task_marker_dag.py
[2025-03-10T09:27:28.500+0100] {logging_mixin.py:188} INFO - [2025-03-10T09:27:28.500+0100] {dag.py:3036} INFO - Sync 2 DAGs
[2025-03-10T09:27:28.513+0100] {logging_mixin.py:188} INFO - [2025-03-10T09:27:28.513+0100] {dag.py:3823} INFO - Setting next_dagrun for example_external_task_marker_child to None, run_after=None
[2025-03-10T09:27:28.517+0100] {logging_mixin.py:188} INFO - [2025-03-10T09:27:28.516+0100] {dag.py:3823} INFO - Setting next_dagrun for example_external_task_marker_parent to None, run_after=None
[2025-03-10T09:27:28.533+0100] {processor.py:183} INFO - Processing /home/philip/de_engineering/airflow_projects/airflow1/venv/lib/python3.10/site-packages/airflow/example_dags/example_external_task_marker_dag.py took 0.066 seconds
[2025-03-10T09:27:58.748+0100] {processor.py:161} INFO - Started process (PID=145095) to work on /home/philip/de_engineering/airflow_projects/airflow1/venv/lib/python3.10/site-packages/airflow/example_dags/example_external_task_marker_dag.py
[2025-03-10T09:27:58.749+0100] {processor.py:830} INFO - Processing file /home/philip/de_engineering/airflow_projects/airflow1/venv/lib/python3.10/site-packages/airflow/example_dags/example_external_task_marker_dag.py for tasks to queue
[2025-03-10T09:27:58.749+0100] {logging_mixin.py:188} INFO - [2025-03-10T09:27:58.749+0100] {dagbag.py:538} INFO - Filling up the DagBag from /home/philip/de_engineering/airflow_projects/airflow1/venv/lib/python3.10/site-packages/airflow/example_dags/example_external_task_marker_dag.py
[2025-03-10T09:27:58.756+0100] {processor.py:840} INFO - DAG(s) 'example_external_task_marker_child', 'example_external_task_marker_parent' retrieved from /home/philip/de_engineering/airflow_projects/airflow1/venv/lib/python3.10/site-packages/airflow/example_dags/example_external_task_marker_dag.py
[2025-03-10T09:27:58.781+0100] {logging_mixin.py:188} INFO - [2025-03-10T09:27:58.781+0100] {dag.py:3036} INFO - Sync 2 DAGs
[2025-03-10T09:27:58.792+0100] {logging_mixin.py:188} INFO - [2025-03-10T09:27:58.792+0100] {dag.py:3823} INFO - Setting next_dagrun for example_external_task_marker_child to None, run_after=None
[2025-03-10T09:27:58.796+0100] {logging_mixin.py:188} INFO - [2025-03-10T09:27:58.796+0100] {dag.py:3823} INFO - Setting next_dagrun for example_external_task_marker_parent to None, run_after=None
[2025-03-10T09:27:58.811+0100] {processor.py:183} INFO - Processing /home/philip/de_engineering/airflow_projects/airflow1/venv/lib/python3.10/site-packages/airflow/example_dags/example_external_task_marker_dag.py took 0.067 seconds
[2025-03-10T09:28:28.981+0100] {processor.py:161} INFO - Started process (PID=145476) to work on /home/philip/de_engineering/airflow_projects/airflow1/venv/lib/python3.10/site-packages/airflow/example_dags/example_external_task_marker_dag.py
[2025-03-10T09:28:28.982+0100] {processor.py:830} INFO - Processing file /home/philip/de_engineering/airflow_projects/airflow1/venv/lib/python3.10/site-packages/airflow/example_dags/example_external_task_marker_dag.py for tasks to queue
[2025-03-10T09:28:28.983+0100] {logging_mixin.py:188} INFO - [2025-03-10T09:28:28.982+0100] {dagbag.py:538} INFO - Filling up the DagBag from /home/philip/de_engineering/airflow_projects/airflow1/venv/lib/python3.10/site-packages/airflow/example_dags/example_external_task_marker_dag.py
[2025-03-10T09:28:28.987+0100] {processor.py:840} INFO - DAG(s) 'example_external_task_marker_child', 'example_external_task_marker_parent' retrieved from /home/philip/de_engineering/airflow_projects/airflow1/venv/lib/python3.10/site-packages/airflow/example_dags/example_external_task_marker_dag.py
[2025-03-10T09:28:29.011+0100] {logging_mixin.py:188} INFO - [2025-03-10T09:28:29.011+0100] {dag.py:3036} INFO - Sync 2 DAGs
[2025-03-10T09:28:29.021+0100] {logging_mixin.py:188} INFO - [2025-03-10T09:28:29.021+0100] {dag.py:3823} INFO - Setting next_dagrun for example_external_task_marker_child to None, run_after=None
[2025-03-10T09:28:29.024+0100] {logging_mixin.py:188} INFO - [2025-03-10T09:28:29.024+0100] {dag.py:3823} INFO - Setting next_dagrun for example_external_task_marker_parent to None, run_after=None
[2025-03-10T09:28:29.037+0100] {processor.py:183} INFO - Processing /home/philip/de_engineering/airflow_projects/airflow1/venv/lib/python3.10/site-packages/airflow/example_dags/example_external_task_marker_dag.py took 0.059 seconds
[2025-03-10T09:28:59.234+0100] {processor.py:161} INFO - Started process (PID=145855) to work on /home/philip/de_engineering/airflow_projects/airflow1/venv/lib/python3.10/site-packages/airflow/example_dags/example_external_task_marker_dag.py
[2025-03-10T09:28:59.235+0100] {processor.py:830} INFO - Processing file /home/philip/de_engineering/airflow_projects/airflow1/venv/lib/python3.10/site-packages/airflow/example_dags/example_external_task_marker_dag.py for tasks to queue
[2025-03-10T09:28:59.236+0100] {logging_mixin.py:188} INFO - [2025-03-10T09:28:59.236+0100] {dagbag.py:538} INFO - Filling up the DagBag from /home/philip/de_engineering/airflow_projects/airflow1/venv/lib/python3.10/site-packages/airflow/example_dags/example_external_task_marker_dag.py
[2025-03-10T09:28:59.241+0100] {processor.py:840} INFO - DAG(s) 'example_external_task_marker_parent', 'example_external_task_marker_child' retrieved from /home/philip/de_engineering/airflow_projects/airflow1/venv/lib/python3.10/site-packages/airflow/example_dags/example_external_task_marker_dag.py
[2025-03-10T09:28:59.263+0100] {logging_mixin.py:188} INFO - [2025-03-10T09:28:59.263+0100] {dag.py:3036} INFO - Sync 2 DAGs
[2025-03-10T09:28:59.272+0100] {logging_mixin.py:188} INFO - [2025-03-10T09:28:59.272+0100] {dag.py:3823} INFO - Setting next_dagrun for example_external_task_marker_child to None, run_after=None
[2025-03-10T09:28:59.275+0100] {logging_mixin.py:188} INFO - [2025-03-10T09:28:59.275+0100] {dag.py:3823} INFO - Setting next_dagrun for example_external_task_marker_parent to None, run_after=None
[2025-03-10T09:28:59.288+0100] {processor.py:183} INFO - Processing /home/philip/de_engineering/airflow_projects/airflow1/venv/lib/python3.10/site-packages/airflow/example_dags/example_external_task_marker_dag.py took 0.056 seconds
[2025-03-10T09:29:29.415+0100] {processor.py:161} INFO - Started process (PID=146232) to work on /home/philip/de_engineering/airflow_projects/airflow1/venv/lib/python3.10/site-packages/airflow/example_dags/example_external_task_marker_dag.py
[2025-03-10T09:29:29.416+0100] {processor.py:830} INFO - Processing file /home/philip/de_engineering/airflow_projects/airflow1/venv/lib/python3.10/site-packages/airflow/example_dags/example_external_task_marker_dag.py for tasks to queue
[2025-03-10T09:29:29.417+0100] {logging_mixin.py:188} INFO - [2025-03-10T09:29:29.417+0100] {dagbag.py:538} INFO - Filling up the DagBag from /home/philip/de_engineering/airflow_projects/airflow1/venv/lib/python3.10/site-packages/airflow/example_dags/example_external_task_marker_dag.py
[2025-03-10T09:29:29.422+0100] {processor.py:840} INFO - DAG(s) 'example_external_task_marker_child', 'example_external_task_marker_parent' retrieved from /home/philip/de_engineering/airflow_projects/airflow1/venv/lib/python3.10/site-packages/airflow/example_dags/example_external_task_marker_dag.py
[2025-03-10T09:29:29.444+0100] {logging_mixin.py:188} INFO - [2025-03-10T09:29:29.444+0100] {dag.py:3036} INFO - Sync 2 DAGs
[2025-03-10T09:29:29.454+0100] {logging_mixin.py:188} INFO - [2025-03-10T09:29:29.454+0100] {dag.py:3823} INFO - Setting next_dagrun for example_external_task_marker_child to None, run_after=None
[2025-03-10T09:29:29.456+0100] {logging_mixin.py:188} INFO - [2025-03-10T09:29:29.456+0100] {dag.py:3823} INFO - Setting next_dagrun for example_external_task_marker_parent to None, run_after=None
[2025-03-10T09:29:29.470+0100] {processor.py:183} INFO - Processing /home/philip/de_engineering/airflow_projects/airflow1/venv/lib/python3.10/site-packages/airflow/example_dags/example_external_task_marker_dag.py took 0.058 seconds
[2025-03-10T09:29:59.608+0100] {processor.py:161} INFO - Started process (PID=146607) to work on /home/philip/de_engineering/airflow_projects/airflow1/venv/lib/python3.10/site-packages/airflow/example_dags/example_external_task_marker_dag.py
[2025-03-10T09:29:59.609+0100] {processor.py:830} INFO - Processing file /home/philip/de_engineering/airflow_projects/airflow1/venv/lib/python3.10/site-packages/airflow/example_dags/example_external_task_marker_dag.py for tasks to queue
[2025-03-10T09:29:59.610+0100] {logging_mixin.py:188} INFO - [2025-03-10T09:29:59.610+0100] {dagbag.py:538} INFO - Filling up the DagBag from /home/philip/de_engineering/airflow_projects/airflow1/venv/lib/python3.10/site-packages/airflow/example_dags/example_external_task_marker_dag.py
[2025-03-10T09:29:59.614+0100] {processor.py:840} INFO - DAG(s) 'example_external_task_marker_child', 'example_external_task_marker_parent' retrieved from /home/philip/de_engineering/airflow_projects/airflow1/venv/lib/python3.10/site-packages/airflow/example_dags/example_external_task_marker_dag.py
[2025-03-10T09:29:59.638+0100] {logging_mixin.py:188} INFO - [2025-03-10T09:29:59.637+0100] {dag.py:3036} INFO - Sync 2 DAGs
[2025-03-10T09:29:59.648+0100] {logging_mixin.py:188} INFO - [2025-03-10T09:29:59.648+0100] {dag.py:3823} INFO - Setting next_dagrun for example_external_task_marker_child to None, run_after=None
[2025-03-10T09:29:59.651+0100] {logging_mixin.py:188} INFO - [2025-03-10T09:29:59.651+0100] {dag.py:3823} INFO - Setting next_dagrun for example_external_task_marker_parent to None, run_after=None
[2025-03-10T09:29:59.666+0100] {processor.py:183} INFO - Processing /home/philip/de_engineering/airflow_projects/airflow1/venv/lib/python3.10/site-packages/airflow/example_dags/example_external_task_marker_dag.py took 0.061 seconds
[2025-03-10T09:30:29.799+0100] {processor.py:161} INFO - Started process (PID=146988) to work on /home/philip/de_engineering/airflow_projects/airflow1/venv/lib/python3.10/site-packages/airflow/example_dags/example_external_task_marker_dag.py
[2025-03-10T09:30:29.800+0100] {processor.py:830} INFO - Processing file /home/philip/de_engineering/airflow_projects/airflow1/venv/lib/python3.10/site-packages/airflow/example_dags/example_external_task_marker_dag.py for tasks to queue
[2025-03-10T09:30:29.801+0100] {logging_mixin.py:188} INFO - [2025-03-10T09:30:29.801+0100] {dagbag.py:538} INFO - Filling up the DagBag from /home/philip/de_engineering/airflow_projects/airflow1/venv/lib/python3.10/site-packages/airflow/example_dags/example_external_task_marker_dag.py
[2025-03-10T09:30:29.806+0100] {processor.py:840} INFO - DAG(s) 'example_external_task_marker_parent', 'example_external_task_marker_child' retrieved from /home/philip/de_engineering/airflow_projects/airflow1/venv/lib/python3.10/site-packages/airflow/example_dags/example_external_task_marker_dag.py
[2025-03-10T09:30:29.828+0100] {logging_mixin.py:188} INFO - [2025-03-10T09:30:29.828+0100] {dag.py:3036} INFO - Sync 2 DAGs
[2025-03-10T09:30:29.837+0100] {logging_mixin.py:188} INFO - [2025-03-10T09:30:29.837+0100] {dag.py:3823} INFO - Setting next_dagrun for example_external_task_marker_child to None, run_after=None
[2025-03-10T09:30:29.840+0100] {logging_mixin.py:188} INFO - [2025-03-10T09:30:29.840+0100] {dag.py:3823} INFO - Setting next_dagrun for example_external_task_marker_parent to None, run_after=None
[2025-03-10T09:30:29.852+0100] {processor.py:183} INFO - Processing /home/philip/de_engineering/airflow_projects/airflow1/venv/lib/python3.10/site-packages/airflow/example_dags/example_external_task_marker_dag.py took 0.055 seconds
[2025-03-10T09:30:59.980+0100] {processor.py:161} INFO - Started process (PID=147367) to work on /home/philip/de_engineering/airflow_projects/airflow1/venv/lib/python3.10/site-packages/airflow/example_dags/example_external_task_marker_dag.py
[2025-03-10T09:30:59.981+0100] {processor.py:830} INFO - Processing file /home/philip/de_engineering/airflow_projects/airflow1/venv/lib/python3.10/site-packages/airflow/example_dags/example_external_task_marker_dag.py for tasks to queue
[2025-03-10T09:30:59.982+0100] {logging_mixin.py:188} INFO - [2025-03-10T09:30:59.982+0100] {dagbag.py:538} INFO - Filling up the DagBag from /home/philip/de_engineering/airflow_projects/airflow1/venv/lib/python3.10/site-packages/airflow/example_dags/example_external_task_marker_dag.py
[2025-03-10T09:30:59.988+0100] {processor.py:840} INFO - DAG(s) 'example_external_task_marker_child', 'example_external_task_marker_parent' retrieved from /home/philip/de_engineering/airflow_projects/airflow1/venv/lib/python3.10/site-packages/airflow/example_dags/example_external_task_marker_dag.py
[2025-03-10T09:31:00.016+0100] {logging_mixin.py:188} INFO - [2025-03-10T09:31:00.015+0100] {dag.py:3036} INFO - Sync 2 DAGs
[2025-03-10T09:31:00.029+0100] {logging_mixin.py:188} INFO - [2025-03-10T09:31:00.029+0100] {dag.py:3823} INFO - Setting next_dagrun for example_external_task_marker_child to None, run_after=None
[2025-03-10T09:31:00.033+0100] {logging_mixin.py:188} INFO - [2025-03-10T09:31:00.033+0100] {dag.py:3823} INFO - Setting next_dagrun for example_external_task_marker_parent to None, run_after=None
[2025-03-10T09:31:00.048+0100] {processor.py:183} INFO - Processing /home/philip/de_engineering/airflow_projects/airflow1/venv/lib/python3.10/site-packages/airflow/example_dags/example_external_task_marker_dag.py took 0.072 seconds
[2025-03-10T09:31:30.172+0100] {processor.py:161} INFO - Started process (PID=147743) to work on /home/philip/de_engineering/airflow_projects/airflow1/venv/lib/python3.10/site-packages/airflow/example_dags/example_external_task_marker_dag.py
[2025-03-10T09:31:30.174+0100] {processor.py:830} INFO - Processing file /home/philip/de_engineering/airflow_projects/airflow1/venv/lib/python3.10/site-packages/airflow/example_dags/example_external_task_marker_dag.py for tasks to queue
[2025-03-10T09:31:30.175+0100] {logging_mixin.py:188} INFO - [2025-03-10T09:31:30.174+0100] {dagbag.py:538} INFO - Filling up the DagBag from /home/philip/de_engineering/airflow_projects/airflow1/venv/lib/python3.10/site-packages/airflow/example_dags/example_external_task_marker_dag.py
[2025-03-10T09:31:30.180+0100] {processor.py:840} INFO - DAG(s) 'example_external_task_marker_parent', 'example_external_task_marker_child' retrieved from /home/philip/de_engineering/airflow_projects/airflow1/venv/lib/python3.10/site-packages/airflow/example_dags/example_external_task_marker_dag.py
[2025-03-10T09:31:30.206+0100] {logging_mixin.py:188} INFO - [2025-03-10T09:31:30.206+0100] {dag.py:3036} INFO - Sync 2 DAGs
[2025-03-10T09:31:30.218+0100] {logging_mixin.py:188} INFO - [2025-03-10T09:31:30.218+0100] {dag.py:3823} INFO - Setting next_dagrun for example_external_task_marker_child to None, run_after=None
[2025-03-10T09:31:30.221+0100] {logging_mixin.py:188} INFO - [2025-03-10T09:31:30.221+0100] {dag.py:3823} INFO - Setting next_dagrun for example_external_task_marker_parent to None, run_after=None
[2025-03-10T09:31:30.237+0100] {processor.py:183} INFO - Processing /home/philip/de_engineering/airflow_projects/airflow1/venv/lib/python3.10/site-packages/airflow/example_dags/example_external_task_marker_dag.py took 0.068 seconds
[2025-03-10T09:32:00.361+0100] {processor.py:161} INFO - Started process (PID=148125) to work on /home/philip/de_engineering/airflow_projects/airflow1/venv/lib/python3.10/site-packages/airflow/example_dags/example_external_task_marker_dag.py
[2025-03-10T09:32:00.362+0100] {processor.py:830} INFO - Processing file /home/philip/de_engineering/airflow_projects/airflow1/venv/lib/python3.10/site-packages/airflow/example_dags/example_external_task_marker_dag.py for tasks to queue
[2025-03-10T09:32:00.363+0100] {logging_mixin.py:188} INFO - [2025-03-10T09:32:00.363+0100] {dagbag.py:538} INFO - Filling up the DagBag from /home/philip/de_engineering/airflow_projects/airflow1/venv/lib/python3.10/site-packages/airflow/example_dags/example_external_task_marker_dag.py
[2025-03-10T09:32:00.369+0100] {processor.py:840} INFO - DAG(s) 'example_external_task_marker_child', 'example_external_task_marker_parent' retrieved from /home/philip/de_engineering/airflow_projects/airflow1/venv/lib/python3.10/site-packages/airflow/example_dags/example_external_task_marker_dag.py
[2025-03-10T09:32:00.395+0100] {logging_mixin.py:188} INFO - [2025-03-10T09:32:00.395+0100] {dag.py:3036} INFO - Sync 2 DAGs
[2025-03-10T09:32:00.406+0100] {logging_mixin.py:188} INFO - [2025-03-10T09:32:00.406+0100] {dag.py:3823} INFO - Setting next_dagrun for example_external_task_marker_child to None, run_after=None
[2025-03-10T09:32:00.410+0100] {logging_mixin.py:188} INFO - [2025-03-10T09:32:00.409+0100] {dag.py:3823} INFO - Setting next_dagrun for example_external_task_marker_parent to None, run_after=None
[2025-03-10T09:32:00.425+0100] {processor.py:183} INFO - Processing /home/philip/de_engineering/airflow_projects/airflow1/venv/lib/python3.10/site-packages/airflow/example_dags/example_external_task_marker_dag.py took 0.066 seconds
[2025-03-10T09:32:30.555+0100] {processor.py:161} INFO - Started process (PID=148500) to work on /home/philip/de_engineering/airflow_projects/airflow1/venv/lib/python3.10/site-packages/airflow/example_dags/example_external_task_marker_dag.py
[2025-03-10T09:32:30.556+0100] {processor.py:830} INFO - Processing file /home/philip/de_engineering/airflow_projects/airflow1/venv/lib/python3.10/site-packages/airflow/example_dags/example_external_task_marker_dag.py for tasks to queue
[2025-03-10T09:32:30.556+0100] {logging_mixin.py:188} INFO - [2025-03-10T09:32:30.556+0100] {dagbag.py:538} INFO - Filling up the DagBag from /home/philip/de_engineering/airflow_projects/airflow1/venv/lib/python3.10/site-packages/airflow/example_dags/example_external_task_marker_dag.py
[2025-03-10T09:32:30.561+0100] {processor.py:840} INFO - DAG(s) 'example_external_task_marker_child', 'example_external_task_marker_parent' retrieved from /home/philip/de_engineering/airflow_projects/airflow1/venv/lib/python3.10/site-packages/airflow/example_dags/example_external_task_marker_dag.py
[2025-03-10T09:32:30.584+0100] {logging_mixin.py:188} INFO - [2025-03-10T09:32:30.583+0100] {dag.py:3036} INFO - Sync 2 DAGs
[2025-03-10T09:32:30.593+0100] {logging_mixin.py:188} INFO - [2025-03-10T09:32:30.593+0100] {dag.py:3823} INFO - Setting next_dagrun for example_external_task_marker_child to None, run_after=None
[2025-03-10T09:32:30.596+0100] {logging_mixin.py:188} INFO - [2025-03-10T09:32:30.596+0100] {dag.py:3823} INFO - Setting next_dagrun for example_external_task_marker_parent to None, run_after=None
[2025-03-10T09:32:30.609+0100] {processor.py:183} INFO - Processing /home/philip/de_engineering/airflow_projects/airflow1/venv/lib/python3.10/site-packages/airflow/example_dags/example_external_task_marker_dag.py took 0.057 seconds
[2025-03-10T09:33:00.822+0100] {processor.py:161} INFO - Started process (PID=148882) to work on /home/philip/de_engineering/airflow_projects/airflow1/venv/lib/python3.10/site-packages/airflow/example_dags/example_external_task_marker_dag.py
[2025-03-10T09:33:00.823+0100] {processor.py:830} INFO - Processing file /home/philip/de_engineering/airflow_projects/airflow1/venv/lib/python3.10/site-packages/airflow/example_dags/example_external_task_marker_dag.py for tasks to queue
[2025-03-10T09:33:00.824+0100] {logging_mixin.py:188} INFO - [2025-03-10T09:33:00.823+0100] {dagbag.py:538} INFO - Filling up the DagBag from /home/philip/de_engineering/airflow_projects/airflow1/venv/lib/python3.10/site-packages/airflow/example_dags/example_external_task_marker_dag.py
[2025-03-10T09:33:00.828+0100] {processor.py:840} INFO - DAG(s) 'example_external_task_marker_child', 'example_external_task_marker_parent' retrieved from /home/philip/de_engineering/airflow_projects/airflow1/venv/lib/python3.10/site-packages/airflow/example_dags/example_external_task_marker_dag.py
[2025-03-10T09:33:00.851+0100] {logging_mixin.py:188} INFO - [2025-03-10T09:33:00.851+0100] {dag.py:3036} INFO - Sync 2 DAGs
[2025-03-10T09:33:00.863+0100] {logging_mixin.py:188} INFO - [2025-03-10T09:33:00.862+0100] {dag.py:3823} INFO - Setting next_dagrun for example_external_task_marker_child to None, run_after=None
[2025-03-10T09:33:00.865+0100] {logging_mixin.py:188} INFO - [2025-03-10T09:33:00.865+0100] {dag.py:3823} INFO - Setting next_dagrun for example_external_task_marker_parent to None, run_after=None
[2025-03-10T09:33:00.878+0100] {processor.py:183} INFO - Processing /home/philip/de_engineering/airflow_projects/airflow1/venv/lib/python3.10/site-packages/airflow/example_dags/example_external_task_marker_dag.py took 0.059 seconds
[2025-03-10T09:33:31.043+0100] {processor.py:161} INFO - Started process (PID=149257) to work on /home/philip/de_engineering/airflow_projects/airflow1/venv/lib/python3.10/site-packages/airflow/example_dags/example_external_task_marker_dag.py
[2025-03-10T09:33:31.045+0100] {processor.py:830} INFO - Processing file /home/philip/de_engineering/airflow_projects/airflow1/venv/lib/python3.10/site-packages/airflow/example_dags/example_external_task_marker_dag.py for tasks to queue
[2025-03-10T09:33:31.045+0100] {logging_mixin.py:188} INFO - [2025-03-10T09:33:31.045+0100] {dagbag.py:538} INFO - Filling up the DagBag from /home/philip/de_engineering/airflow_projects/airflow1/venv/lib/python3.10/site-packages/airflow/example_dags/example_external_task_marker_dag.py
[2025-03-10T09:33:31.050+0100] {processor.py:840} INFO - DAG(s) 'example_external_task_marker_child', 'example_external_task_marker_parent' retrieved from /home/philip/de_engineering/airflow_projects/airflow1/venv/lib/python3.10/site-packages/airflow/example_dags/example_external_task_marker_dag.py
[2025-03-10T09:33:31.073+0100] {logging_mixin.py:188} INFO - [2025-03-10T09:33:31.072+0100] {dag.py:3036} INFO - Sync 2 DAGs
[2025-03-10T09:33:31.082+0100] {logging_mixin.py:188} INFO - [2025-03-10T09:33:31.082+0100] {dag.py:3823} INFO - Setting next_dagrun for example_external_task_marker_child to None, run_after=None
[2025-03-10T09:33:31.085+0100] {logging_mixin.py:188} INFO - [2025-03-10T09:33:31.085+0100] {dag.py:3823} INFO - Setting next_dagrun for example_external_task_marker_parent to None, run_after=None
[2025-03-10T09:33:31.098+0100] {processor.py:183} INFO - Processing /home/philip/de_engineering/airflow_projects/airflow1/venv/lib/python3.10/site-packages/airflow/example_dags/example_external_task_marker_dag.py took 0.058 seconds
[2025-03-10T09:34:01.210+0100] {processor.py:161} INFO - Started process (PID=149639) to work on /home/philip/de_engineering/airflow_projects/airflow1/venv/lib/python3.10/site-packages/airflow/example_dags/example_external_task_marker_dag.py
[2025-03-10T09:34:01.210+0100] {processor.py:830} INFO - Processing file /home/philip/de_engineering/airflow_projects/airflow1/venv/lib/python3.10/site-packages/airflow/example_dags/example_external_task_marker_dag.py for tasks to queue
[2025-03-10T09:34:01.211+0100] {logging_mixin.py:188} INFO - [2025-03-10T09:34:01.211+0100] {dagbag.py:538} INFO - Filling up the DagBag from /home/philip/de_engineering/airflow_projects/airflow1/venv/lib/python3.10/site-packages/airflow/example_dags/example_external_task_marker_dag.py
[2025-03-10T09:34:01.216+0100] {processor.py:840} INFO - DAG(s) 'example_external_task_marker_parent', 'example_external_task_marker_child' retrieved from /home/philip/de_engineering/airflow_projects/airflow1/venv/lib/python3.10/site-packages/airflow/example_dags/example_external_task_marker_dag.py
[2025-03-10T09:34:01.236+0100] {logging_mixin.py:188} INFO - [2025-03-10T09:34:01.236+0100] {dag.py:3036} INFO - Sync 2 DAGs
[2025-03-10T09:34:01.246+0100] {logging_mixin.py:188} INFO - [2025-03-10T09:34:01.246+0100] {dag.py:3823} INFO - Setting next_dagrun for example_external_task_marker_child to None, run_after=None
[2025-03-10T09:34:01.249+0100] {logging_mixin.py:188} INFO - [2025-03-10T09:34:01.249+0100] {dag.py:3823} INFO - Setting next_dagrun for example_external_task_marker_parent to None, run_after=None
[2025-03-10T09:34:01.263+0100] {processor.py:183} INFO - Processing /home/philip/de_engineering/airflow_projects/airflow1/venv/lib/python3.10/site-packages/airflow/example_dags/example_external_task_marker_dag.py took 0.056 seconds
[2025-03-10T09:34:31.563+0100] {processor.py:161} INFO - Started process (PID=150014) to work on /home/philip/de_engineering/airflow_projects/airflow1/venv/lib/python3.10/site-packages/airflow/example_dags/example_external_task_marker_dag.py
[2025-03-10T09:34:31.565+0100] {processor.py:830} INFO - Processing file /home/philip/de_engineering/airflow_projects/airflow1/venv/lib/python3.10/site-packages/airflow/example_dags/example_external_task_marker_dag.py for tasks to queue
[2025-03-10T09:34:31.565+0100] {logging_mixin.py:188} INFO - [2025-03-10T09:34:31.565+0100] {dagbag.py:538} INFO - Filling up the DagBag from /home/philip/de_engineering/airflow_projects/airflow1/venv/lib/python3.10/site-packages/airflow/example_dags/example_external_task_marker_dag.py
[2025-03-10T09:34:31.570+0100] {processor.py:840} INFO - DAG(s) 'example_external_task_marker_parent', 'example_external_task_marker_child' retrieved from /home/philip/de_engineering/airflow_projects/airflow1/venv/lib/python3.10/site-packages/airflow/example_dags/example_external_task_marker_dag.py
[2025-03-10T09:34:31.594+0100] {logging_mixin.py:188} INFO - [2025-03-10T09:34:31.594+0100] {dag.py:3036} INFO - Sync 2 DAGs
[2025-03-10T09:34:31.604+0100] {logging_mixin.py:188} INFO - [2025-03-10T09:34:31.604+0100] {dag.py:3823} INFO - Setting next_dagrun for example_external_task_marker_child to None, run_after=None
[2025-03-10T09:34:31.607+0100] {logging_mixin.py:188} INFO - [2025-03-10T09:34:31.607+0100] {dag.py:3823} INFO - Setting next_dagrun for example_external_task_marker_parent to None, run_after=None
[2025-03-10T09:34:31.620+0100] {processor.py:183} INFO - Processing /home/philip/de_engineering/airflow_projects/airflow1/venv/lib/python3.10/site-packages/airflow/example_dags/example_external_task_marker_dag.py took 0.059 seconds
[2025-03-10T09:35:01.781+0100] {processor.py:161} INFO - Started process (PID=150399) to work on /home/philip/de_engineering/airflow_projects/airflow1/venv/lib/python3.10/site-packages/airflow/example_dags/example_external_task_marker_dag.py
[2025-03-10T09:35:01.782+0100] {processor.py:830} INFO - Processing file /home/philip/de_engineering/airflow_projects/airflow1/venv/lib/python3.10/site-packages/airflow/example_dags/example_external_task_marker_dag.py for tasks to queue
[2025-03-10T09:35:01.783+0100] {logging_mixin.py:188} INFO - [2025-03-10T09:35:01.782+0100] {dagbag.py:538} INFO - Filling up the DagBag from /home/philip/de_engineering/airflow_projects/airflow1/venv/lib/python3.10/site-packages/airflow/example_dags/example_external_task_marker_dag.py
[2025-03-10T09:35:01.787+0100] {processor.py:840} INFO - DAG(s) 'example_external_task_marker_child', 'example_external_task_marker_parent' retrieved from /home/philip/de_engineering/airflow_projects/airflow1/venv/lib/python3.10/site-packages/airflow/example_dags/example_external_task_marker_dag.py
[2025-03-10T09:35:01.810+0100] {logging_mixin.py:188} INFO - [2025-03-10T09:35:01.810+0100] {dag.py:3036} INFO - Sync 2 DAGs
[2025-03-10T09:35:01.821+0100] {logging_mixin.py:188} INFO - [2025-03-10T09:35:01.821+0100] {dag.py:3823} INFO - Setting next_dagrun for example_external_task_marker_child to None, run_after=None
[2025-03-10T09:35:01.824+0100] {logging_mixin.py:188} INFO - [2025-03-10T09:35:01.824+0100] {dag.py:3823} INFO - Setting next_dagrun for example_external_task_marker_parent to None, run_after=None
[2025-03-10T09:35:01.836+0100] {processor.py:183} INFO - Processing /home/philip/de_engineering/airflow_projects/airflow1/venv/lib/python3.10/site-packages/airflow/example_dags/example_external_task_marker_dag.py took 0.058 seconds
[2025-03-10T09:35:32.023+0100] {processor.py:161} INFO - Started process (PID=150771) to work on /home/philip/de_engineering/airflow_projects/airflow1/venv/lib/python3.10/site-packages/airflow/example_dags/example_external_task_marker_dag.py
[2025-03-10T09:35:32.024+0100] {processor.py:830} INFO - Processing file /home/philip/de_engineering/airflow_projects/airflow1/venv/lib/python3.10/site-packages/airflow/example_dags/example_external_task_marker_dag.py for tasks to queue
[2025-03-10T09:35:32.025+0100] {logging_mixin.py:188} INFO - [2025-03-10T09:35:32.024+0100] {dagbag.py:538} INFO - Filling up the DagBag from /home/philip/de_engineering/airflow_projects/airflow1/venv/lib/python3.10/site-packages/airflow/example_dags/example_external_task_marker_dag.py
[2025-03-10T09:35:32.030+0100] {processor.py:840} INFO - DAG(s) 'example_external_task_marker_child', 'example_external_task_marker_parent' retrieved from /home/philip/de_engineering/airflow_projects/airflow1/venv/lib/python3.10/site-packages/airflow/example_dags/example_external_task_marker_dag.py
[2025-03-10T09:35:32.052+0100] {logging_mixin.py:188} INFO - [2025-03-10T09:35:32.052+0100] {dag.py:3036} INFO - Sync 2 DAGs
[2025-03-10T09:35:32.062+0100] {logging_mixin.py:188} INFO - [2025-03-10T09:35:32.062+0100] {dag.py:3823} INFO - Setting next_dagrun for example_external_task_marker_child to None, run_after=None
[2025-03-10T09:35:32.065+0100] {logging_mixin.py:188} INFO - [2025-03-10T09:35:32.065+0100] {dag.py:3823} INFO - Setting next_dagrun for example_external_task_marker_parent to None, run_after=None
[2025-03-10T09:35:32.078+0100] {processor.py:183} INFO - Processing /home/philip/de_engineering/airflow_projects/airflow1/venv/lib/python3.10/site-packages/airflow/example_dags/example_external_task_marker_dag.py took 0.058 seconds
[2025-03-10T09:36:02.230+0100] {processor.py:161} INFO - Started process (PID=151152) to work on /home/philip/de_engineering/airflow_projects/airflow1/venv/lib/python3.10/site-packages/airflow/example_dags/example_external_task_marker_dag.py
[2025-03-10T09:36:02.232+0100] {processor.py:830} INFO - Processing file /home/philip/de_engineering/airflow_projects/airflow1/venv/lib/python3.10/site-packages/airflow/example_dags/example_external_task_marker_dag.py for tasks to queue
[2025-03-10T09:36:02.232+0100] {logging_mixin.py:188} INFO - [2025-03-10T09:36:02.232+0100] {dagbag.py:538} INFO - Filling up the DagBag from /home/philip/de_engineering/airflow_projects/airflow1/venv/lib/python3.10/site-packages/airflow/example_dags/example_external_task_marker_dag.py
[2025-03-10T09:36:02.238+0100] {processor.py:840} INFO - DAG(s) 'example_external_task_marker_parent', 'example_external_task_marker_child' retrieved from /home/philip/de_engineering/airflow_projects/airflow1/venv/lib/python3.10/site-packages/airflow/example_dags/example_external_task_marker_dag.py
[2025-03-10T09:36:02.262+0100] {logging_mixin.py:188} INFO - [2025-03-10T09:36:02.262+0100] {dag.py:3036} INFO - Sync 2 DAGs
[2025-03-10T09:36:02.272+0100] {logging_mixin.py:188} INFO - [2025-03-10T09:36:02.272+0100] {dag.py:3823} INFO - Setting next_dagrun for example_external_task_marker_child to None, run_after=None
[2025-03-10T09:36:02.275+0100] {logging_mixin.py:188} INFO - [2025-03-10T09:36:02.274+0100] {dag.py:3823} INFO - Setting next_dagrun for example_external_task_marker_parent to None, run_after=None
[2025-03-10T09:36:02.288+0100] {processor.py:183} INFO - Processing /home/philip/de_engineering/airflow_projects/airflow1/venv/lib/python3.10/site-packages/airflow/example_dags/example_external_task_marker_dag.py took 0.060 seconds
