[2025-03-10T09:14:26.131+0100] {processor.py:161} INFO - Started process (PID=136915) to work on /home/philip/de_engineering/airflow_projects/airflow1/venv/lib/python3.10/site-packages/airflow/example_dags/example_python_operator.py
[2025-03-10T09:14:26.131+0100] {processor.py:830} INFO - Processing file /home/philip/de_engineering/airflow_projects/airflow1/venv/lib/python3.10/site-packages/airflow/example_dags/example_python_operator.py for tasks to queue
[2025-03-10T09:14:26.132+0100] {logging_mixin.py:188} INFO - [2025-03-10T09:14:26.132+0100] {dagbag.py:538} INFO - Filling up the DagBag from /home/philip/de_engineering/airflow_projects/airflow1/venv/lib/python3.10/site-packages/airflow/example_dags/example_python_operator.py
[2025-03-10T09:14:26.190+0100] {logging_mixin.py:188} INFO - [2025-03-10T09:14:26.190+0100] {example_python_operator.py:88} WARNING - The virtalenv_python example task requires virtualenv, please install it.
[2025-03-10T09:14:26.190+0100] {processor.py:840} INFO - DAG(s) 'example_python_operator' retrieved from /home/philip/de_engineering/airflow_projects/airflow1/venv/lib/python3.10/site-packages/airflow/example_dags/example_python_operator.py
[2025-03-10T09:14:26.271+0100] {logging_mixin.py:188} INFO - [2025-03-10T09:14:26.270+0100] {override.py:1769} INFO - Created Permission View: can read on DAG:example_python_operator
[2025-03-10T09:14:26.278+0100] {logging_mixin.py:188} INFO - [2025-03-10T09:14:26.278+0100] {override.py:1769} INFO - Created Permission View: can delete on DAG:example_python_operator
[2025-03-10T09:14:26.283+0100] {logging_mixin.py:188} INFO - [2025-03-10T09:14:26.283+0100] {override.py:1769} INFO - Created Permission View: can edit on DAG:example_python_operator
[2025-03-10T09:14:26.283+0100] {logging_mixin.py:188} INFO - [2025-03-10T09:14:26.283+0100] {dag.py:3036} INFO - Sync 1 DAGs
[2025-03-10T09:14:26.292+0100] {logging_mixin.py:188} INFO - [2025-03-10T09:14:26.291+0100] {dag.py:3058} INFO - Creating ORM DAG for example_python_operator
[2025-03-10T09:14:26.292+0100] {logging_mixin.py:188} INFO - [2025-03-10T09:14:26.292+0100] {dag.py:3823} INFO - Setting next_dagrun for example_python_operator to None, run_after=None
[2025-03-10T09:14:26.305+0100] {processor.py:183} INFO - Processing /home/philip/de_engineering/airflow_projects/airflow1/venv/lib/python3.10/site-packages/airflow/example_dags/example_python_operator.py took 0.178 seconds
[2025-03-10T09:14:56.513+0100] {processor.py:161} INFO - Started process (PID=137026) to work on /home/philip/de_engineering/airflow_projects/airflow1/venv/lib/python3.10/site-packages/airflow/example_dags/example_python_operator.py
[2025-03-10T09:14:56.514+0100] {processor.py:830} INFO - Processing file /home/philip/de_engineering/airflow_projects/airflow1/venv/lib/python3.10/site-packages/airflow/example_dags/example_python_operator.py for tasks to queue
[2025-03-10T09:14:56.515+0100] {logging_mixin.py:188} INFO - [2025-03-10T09:14:56.514+0100] {dagbag.py:538} INFO - Filling up the DagBag from /home/philip/de_engineering/airflow_projects/airflow1/venv/lib/python3.10/site-packages/airflow/example_dags/example_python_operator.py
[2025-03-10T09:14:56.573+0100] {logging_mixin.py:188} INFO - [2025-03-10T09:14:56.573+0100] {example_python_operator.py:88} WARNING - The virtalenv_python example task requires virtualenv, please install it.
[2025-03-10T09:14:56.574+0100] {processor.py:840} INFO - DAG(s) 'example_python_operator' retrieved from /home/philip/de_engineering/airflow_projects/airflow1/venv/lib/python3.10/site-packages/airflow/example_dags/example_python_operator.py
[2025-03-10T09:14:56.595+0100] {logging_mixin.py:188} INFO - [2025-03-10T09:14:56.595+0100] {dag.py:3036} INFO - Sync 1 DAGs
[2025-03-10T09:14:56.607+0100] {logging_mixin.py:188} INFO - [2025-03-10T09:14:56.607+0100] {dag.py:3823} INFO - Setting next_dagrun for example_python_operator to None, run_after=None
[2025-03-10T09:14:56.625+0100] {processor.py:183} INFO - Processing /home/philip/de_engineering/airflow_projects/airflow1/venv/lib/python3.10/site-packages/airflow/example_dags/example_python_operator.py took 0.114 seconds
[2025-03-10T09:15:26.685+0100] {processor.py:161} INFO - Started process (PID=137127) to work on /home/philip/de_engineering/airflow_projects/airflow1/venv/lib/python3.10/site-packages/airflow/example_dags/example_python_operator.py
[2025-03-10T09:15:26.687+0100] {processor.py:830} INFO - Processing file /home/philip/de_engineering/airflow_projects/airflow1/venv/lib/python3.10/site-packages/airflow/example_dags/example_python_operator.py for tasks to queue
[2025-03-10T09:15:26.687+0100] {logging_mixin.py:188} INFO - [2025-03-10T09:15:26.687+0100] {dagbag.py:538} INFO - Filling up the DagBag from /home/philip/de_engineering/airflow_projects/airflow1/venv/lib/python3.10/site-packages/airflow/example_dags/example_python_operator.py
[2025-03-10T09:15:26.746+0100] {logging_mixin.py:188} INFO - [2025-03-10T09:15:26.746+0100] {example_python_operator.py:88} WARNING - The virtalenv_python example task requires virtualenv, please install it.
[2025-03-10T09:15:26.746+0100] {processor.py:840} INFO - DAG(s) 'example_python_operator' retrieved from /home/philip/de_engineering/airflow_projects/airflow1/venv/lib/python3.10/site-packages/airflow/example_dags/example_python_operator.py
[2025-03-10T09:15:26.767+0100] {logging_mixin.py:188} INFO - [2025-03-10T09:15:26.767+0100] {dag.py:3036} INFO - Sync 1 DAGs
[2025-03-10T09:15:26.777+0100] {logging_mixin.py:188} INFO - [2025-03-10T09:15:26.776+0100] {dag.py:3823} INFO - Setting next_dagrun for example_python_operator to None, run_after=None
[2025-03-10T09:15:26.792+0100] {processor.py:183} INFO - Processing /home/philip/de_engineering/airflow_projects/airflow1/venv/lib/python3.10/site-packages/airflow/example_dags/example_python_operator.py took 0.109 seconds
[2025-03-10T09:15:57.187+0100] {processor.py:161} INFO - Started process (PID=137228) to work on /home/philip/de_engineering/airflow_projects/airflow1/venv/lib/python3.10/site-packages/airflow/example_dags/example_python_operator.py
[2025-03-10T09:15:57.188+0100] {processor.py:830} INFO - Processing file /home/philip/de_engineering/airflow_projects/airflow1/venv/lib/python3.10/site-packages/airflow/example_dags/example_python_operator.py for tasks to queue
[2025-03-10T09:15:57.190+0100] {logging_mixin.py:188} INFO - [2025-03-10T09:15:57.189+0100] {dagbag.py:538} INFO - Filling up the DagBag from /home/philip/de_engineering/airflow_projects/airflow1/venv/lib/python3.10/site-packages/airflow/example_dags/example_python_operator.py
[2025-03-10T09:15:57.274+0100] {logging_mixin.py:188} INFO - [2025-03-10T09:15:57.274+0100] {example_python_operator.py:88} WARNING - The virtalenv_python example task requires virtualenv, please install it.
[2025-03-10T09:15:57.275+0100] {processor.py:840} INFO - DAG(s) 'example_python_operator' retrieved from /home/philip/de_engineering/airflow_projects/airflow1/venv/lib/python3.10/site-packages/airflow/example_dags/example_python_operator.py
[2025-03-10T09:15:57.302+0100] {logging_mixin.py:188} INFO - [2025-03-10T09:15:57.302+0100] {dag.py:3036} INFO - Sync 1 DAGs
[2025-03-10T09:15:57.315+0100] {logging_mixin.py:188} INFO - [2025-03-10T09:15:57.315+0100] {dag.py:3823} INFO - Setting next_dagrun for example_python_operator to None, run_after=None
[2025-03-10T09:15:57.335+0100] {processor.py:183} INFO - Processing /home/philip/de_engineering/airflow_projects/airflow1/venv/lib/python3.10/site-packages/airflow/example_dags/example_python_operator.py took 0.151 seconds
[2025-03-10T09:16:27.510+0100] {processor.py:161} INFO - Started process (PID=137611) to work on /home/philip/de_engineering/airflow_projects/airflow1/venv/lib/python3.10/site-packages/airflow/example_dags/example_python_operator.py
[2025-03-10T09:16:27.511+0100] {processor.py:830} INFO - Processing file /home/philip/de_engineering/airflow_projects/airflow1/venv/lib/python3.10/site-packages/airflow/example_dags/example_python_operator.py for tasks to queue
[2025-03-10T09:16:27.512+0100] {logging_mixin.py:188} INFO - [2025-03-10T09:16:27.511+0100] {dagbag.py:538} INFO - Filling up the DagBag from /home/philip/de_engineering/airflow_projects/airflow1/venv/lib/python3.10/site-packages/airflow/example_dags/example_python_operator.py
[2025-03-10T09:16:27.563+0100] {logging_mixin.py:188} INFO - [2025-03-10T09:16:27.563+0100] {example_python_operator.py:88} WARNING - The virtalenv_python example task requires virtualenv, please install it.
[2025-03-10T09:16:27.563+0100] {processor.py:840} INFO - DAG(s) 'example_python_operator' retrieved from /home/philip/de_engineering/airflow_projects/airflow1/venv/lib/python3.10/site-packages/airflow/example_dags/example_python_operator.py
[2025-03-10T09:16:27.583+0100] {logging_mixin.py:188} INFO - [2025-03-10T09:16:27.583+0100] {dag.py:3036} INFO - Sync 1 DAGs
[2025-03-10T09:16:27.592+0100] {logging_mixin.py:188} INFO - [2025-03-10T09:16:27.592+0100] {dag.py:3823} INFO - Setting next_dagrun for example_python_operator to None, run_after=None
[2025-03-10T09:16:27.606+0100] {processor.py:183} INFO - Processing /home/philip/de_engineering/airflow_projects/airflow1/venv/lib/python3.10/site-packages/airflow/example_dags/example_python_operator.py took 0.099 seconds
[2025-03-10T09:16:57.700+0100] {processor.py:161} INFO - Started process (PID=137794) to work on /home/philip/de_engineering/airflow_projects/airflow1/venv/lib/python3.10/site-packages/airflow/example_dags/example_python_operator.py
[2025-03-10T09:16:57.701+0100] {processor.py:830} INFO - Processing file /home/philip/de_engineering/airflow_projects/airflow1/venv/lib/python3.10/site-packages/airflow/example_dags/example_python_operator.py for tasks to queue
[2025-03-10T09:16:57.702+0100] {logging_mixin.py:188} INFO - [2025-03-10T09:16:57.701+0100] {dagbag.py:538} INFO - Filling up the DagBag from /home/philip/de_engineering/airflow_projects/airflow1/venv/lib/python3.10/site-packages/airflow/example_dags/example_python_operator.py
[2025-03-10T09:16:57.762+0100] {logging_mixin.py:188} INFO - [2025-03-10T09:16:57.762+0100] {example_python_operator.py:88} WARNING - The virtalenv_python example task requires virtualenv, please install it.
[2025-03-10T09:16:57.763+0100] {processor.py:840} INFO - DAG(s) 'example_python_operator' retrieved from /home/philip/de_engineering/airflow_projects/airflow1/venv/lib/python3.10/site-packages/airflow/example_dags/example_python_operator.py
[2025-03-10T09:16:57.782+0100] {logging_mixin.py:188} INFO - [2025-03-10T09:16:57.782+0100] {dag.py:3036} INFO - Sync 1 DAGs
[2025-03-10T09:16:57.792+0100] {logging_mixin.py:188} INFO - [2025-03-10T09:16:57.792+0100] {dag.py:3823} INFO - Setting next_dagrun for example_python_operator to None, run_after=None
[2025-03-10T09:16:57.810+0100] {processor.py:183} INFO - Processing /home/philip/de_engineering/airflow_projects/airflow1/venv/lib/python3.10/site-packages/airflow/example_dags/example_python_operator.py took 0.113 seconds
[2025-03-10T09:17:28.124+0100] {processor.py:161} INFO - Started process (PID=137985) to work on /home/philip/de_engineering/airflow_projects/airflow1/venv/lib/python3.10/site-packages/airflow/example_dags/example_python_operator.py
[2025-03-10T09:17:28.125+0100] {processor.py:830} INFO - Processing file /home/philip/de_engineering/airflow_projects/airflow1/venv/lib/python3.10/site-packages/airflow/example_dags/example_python_operator.py for tasks to queue
[2025-03-10T09:17:28.126+0100] {logging_mixin.py:188} INFO - [2025-03-10T09:17:28.126+0100] {dagbag.py:538} INFO - Filling up the DagBag from /home/philip/de_engineering/airflow_projects/airflow1/venv/lib/python3.10/site-packages/airflow/example_dags/example_python_operator.py
[2025-03-10T09:17:28.197+0100] {logging_mixin.py:188} INFO - [2025-03-10T09:17:28.197+0100] {example_python_operator.py:88} WARNING - The virtalenv_python example task requires virtualenv, please install it.
[2025-03-10T09:17:28.198+0100] {processor.py:840} INFO - DAG(s) 'example_python_operator' retrieved from /home/philip/de_engineering/airflow_projects/airflow1/venv/lib/python3.10/site-packages/airflow/example_dags/example_python_operator.py
[2025-03-10T09:17:28.222+0100] {logging_mixin.py:188} INFO - [2025-03-10T09:17:28.222+0100] {dag.py:3036} INFO - Sync 1 DAGs
[2025-03-10T09:17:28.235+0100] {logging_mixin.py:188} INFO - [2025-03-10T09:17:28.234+0100] {dag.py:3823} INFO - Setting next_dagrun for example_python_operator to None, run_after=None
[2025-03-10T09:17:28.256+0100] {processor.py:183} INFO - Processing /home/philip/de_engineering/airflow_projects/airflow1/venv/lib/python3.10/site-packages/airflow/example_dags/example_python_operator.py took 0.135 seconds
[2025-03-10T09:19:22.912+0100] {processor.py:161} INFO - Started process (PID=138712) to work on /home/philip/de_engineering/airflow_projects/airflow1/venv/lib/python3.10/site-packages/airflow/example_dags/example_python_operator.py
[2025-03-10T09:19:22.913+0100] {processor.py:830} INFO - Processing file /home/philip/de_engineering/airflow_projects/airflow1/venv/lib/python3.10/site-packages/airflow/example_dags/example_python_operator.py for tasks to queue
[2025-03-10T09:19:22.914+0100] {logging_mixin.py:188} INFO - [2025-03-10T09:19:22.914+0100] {dagbag.py:538} INFO - Filling up the DagBag from /home/philip/de_engineering/airflow_projects/airflow1/venv/lib/python3.10/site-packages/airflow/example_dags/example_python_operator.py
[2025-03-10T09:19:22.985+0100] {logging_mixin.py:188} INFO - [2025-03-10T09:19:22.985+0100] {example_python_operator.py:88} WARNING - The virtalenv_python example task requires virtualenv, please install it.
[2025-03-10T09:19:22.986+0100] {processor.py:840} INFO - DAG(s) 'example_python_operator' retrieved from /home/philip/de_engineering/airflow_projects/airflow1/venv/lib/python3.10/site-packages/airflow/example_dags/example_python_operator.py
[2025-03-10T09:19:23.091+0100] {logging_mixin.py:188} INFO - [2025-03-10T09:19:23.091+0100] {dag.py:3036} INFO - Sync 1 DAGs
[2025-03-10T09:19:23.101+0100] {logging_mixin.py:188} INFO - [2025-03-10T09:19:23.100+0100] {dag.py:3823} INFO - Setting next_dagrun for example_python_operator to None, run_after=None
[2025-03-10T09:19:23.122+0100] {processor.py:183} INFO - Processing /home/philip/de_engineering/airflow_projects/airflow1/venv/lib/python3.10/site-packages/airflow/example_dags/example_python_operator.py took 0.212 seconds
[2025-03-10T09:19:53.708+0100] {processor.py:161} INFO - Started process (PID=139057) to work on /home/philip/de_engineering/airflow_projects/airflow1/venv/lib/python3.10/site-packages/airflow/example_dags/example_python_operator.py
[2025-03-10T09:19:53.709+0100] {processor.py:830} INFO - Processing file /home/philip/de_engineering/airflow_projects/airflow1/venv/lib/python3.10/site-packages/airflow/example_dags/example_python_operator.py for tasks to queue
[2025-03-10T09:19:53.710+0100] {logging_mixin.py:188} INFO - [2025-03-10T09:19:53.709+0100] {dagbag.py:538} INFO - Filling up the DagBag from /home/philip/de_engineering/airflow_projects/airflow1/venv/lib/python3.10/site-packages/airflow/example_dags/example_python_operator.py
[2025-03-10T09:19:53.767+0100] {logging_mixin.py:188} INFO - [2025-03-10T09:19:53.767+0100] {example_python_operator.py:88} WARNING - The virtalenv_python example task requires virtualenv, please install it.
[2025-03-10T09:19:53.768+0100] {processor.py:840} INFO - DAG(s) 'example_python_operator' retrieved from /home/philip/de_engineering/airflow_projects/airflow1/venv/lib/python3.10/site-packages/airflow/example_dags/example_python_operator.py
[2025-03-10T09:19:53.789+0100] {logging_mixin.py:188} INFO - [2025-03-10T09:19:53.789+0100] {dag.py:3036} INFO - Sync 1 DAGs
[2025-03-10T09:19:53.799+0100] {logging_mixin.py:188} INFO - [2025-03-10T09:19:53.799+0100] {dag.py:3823} INFO - Setting next_dagrun for example_python_operator to None, run_after=None
[2025-03-10T09:19:53.813+0100] {processor.py:183} INFO - Processing /home/philip/de_engineering/airflow_projects/airflow1/venv/lib/python3.10/site-packages/airflow/example_dags/example_python_operator.py took 0.108 seconds
[2025-03-10T09:20:24.205+0100] {processor.py:161} INFO - Started process (PID=139432) to work on /home/philip/de_engineering/airflow_projects/airflow1/venv/lib/python3.10/site-packages/airflow/example_dags/example_python_operator.py
[2025-03-10T09:20:24.207+0100] {processor.py:830} INFO - Processing file /home/philip/de_engineering/airflow_projects/airflow1/venv/lib/python3.10/site-packages/airflow/example_dags/example_python_operator.py for tasks to queue
[2025-03-10T09:20:24.208+0100] {logging_mixin.py:188} INFO - [2025-03-10T09:20:24.208+0100] {dagbag.py:538} INFO - Filling up the DagBag from /home/philip/de_engineering/airflow_projects/airflow1/venv/lib/python3.10/site-packages/airflow/example_dags/example_python_operator.py
[2025-03-10T09:20:24.280+0100] {logging_mixin.py:188} INFO - [2025-03-10T09:20:24.280+0100] {example_python_operator.py:88} WARNING - The virtalenv_python example task requires virtualenv, please install it.
[2025-03-10T09:20:24.281+0100] {processor.py:840} INFO - DAG(s) 'example_python_operator' retrieved from /home/philip/de_engineering/airflow_projects/airflow1/venv/lib/python3.10/site-packages/airflow/example_dags/example_python_operator.py
[2025-03-10T09:20:24.305+0100] {logging_mixin.py:188} INFO - [2025-03-10T09:20:24.305+0100] {dag.py:3036} INFO - Sync 1 DAGs
[2025-03-10T09:20:24.318+0100] {logging_mixin.py:188} INFO - [2025-03-10T09:20:24.318+0100] {dag.py:3823} INFO - Setting next_dagrun for example_python_operator to None, run_after=None
[2025-03-10T09:20:24.338+0100] {processor.py:183} INFO - Processing /home/philip/de_engineering/airflow_projects/airflow1/venv/lib/python3.10/site-packages/airflow/example_dags/example_python_operator.py took 0.136 seconds
[2025-03-10T09:20:54.669+0100] {processor.py:161} INFO - Started process (PID=139807) to work on /home/philip/de_engineering/airflow_projects/airflow1/venv/lib/python3.10/site-packages/airflow/example_dags/example_python_operator.py
[2025-03-10T09:20:54.669+0100] {processor.py:830} INFO - Processing file /home/philip/de_engineering/airflow_projects/airflow1/venv/lib/python3.10/site-packages/airflow/example_dags/example_python_operator.py for tasks to queue
[2025-03-10T09:20:54.670+0100] {logging_mixin.py:188} INFO - [2025-03-10T09:20:54.670+0100] {dagbag.py:538} INFO - Filling up the DagBag from /home/philip/de_engineering/airflow_projects/airflow1/venv/lib/python3.10/site-packages/airflow/example_dags/example_python_operator.py
[2025-03-10T09:20:54.728+0100] {logging_mixin.py:188} INFO - [2025-03-10T09:20:54.728+0100] {example_python_operator.py:88} WARNING - The virtalenv_python example task requires virtualenv, please install it.
[2025-03-10T09:20:54.728+0100] {processor.py:840} INFO - DAG(s) 'example_python_operator' retrieved from /home/philip/de_engineering/airflow_projects/airflow1/venv/lib/python3.10/site-packages/airflow/example_dags/example_python_operator.py
[2025-03-10T09:20:54.751+0100] {logging_mixin.py:188} INFO - [2025-03-10T09:20:54.751+0100] {dag.py:3036} INFO - Sync 1 DAGs
[2025-03-10T09:20:54.762+0100] {logging_mixin.py:188} INFO - [2025-03-10T09:20:54.762+0100] {dag.py:3823} INFO - Setting next_dagrun for example_python_operator to None, run_after=None
[2025-03-10T09:20:54.778+0100] {processor.py:183} INFO - Processing /home/philip/de_engineering/airflow_projects/airflow1/venv/lib/python3.10/site-packages/airflow/example_dags/example_python_operator.py took 0.112 seconds
[2025-03-10T09:21:25.035+0100] {processor.py:161} INFO - Started process (PID=140189) to work on /home/philip/de_engineering/airflow_projects/airflow1/venv/lib/python3.10/site-packages/airflow/example_dags/example_python_operator.py
[2025-03-10T09:21:25.036+0100] {processor.py:830} INFO - Processing file /home/philip/de_engineering/airflow_projects/airflow1/venv/lib/python3.10/site-packages/airflow/example_dags/example_python_operator.py for tasks to queue
[2025-03-10T09:21:25.037+0100] {logging_mixin.py:188} INFO - [2025-03-10T09:21:25.037+0100] {dagbag.py:538} INFO - Filling up the DagBag from /home/philip/de_engineering/airflow_projects/airflow1/venv/lib/python3.10/site-packages/airflow/example_dags/example_python_operator.py
[2025-03-10T09:21:25.090+0100] {logging_mixin.py:188} INFO - [2025-03-10T09:21:25.090+0100] {example_python_operator.py:88} WARNING - The virtalenv_python example task requires virtualenv, please install it.
[2025-03-10T09:21:25.090+0100] {processor.py:840} INFO - DAG(s) 'example_python_operator' retrieved from /home/philip/de_engineering/airflow_projects/airflow1/venv/lib/python3.10/site-packages/airflow/example_dags/example_python_operator.py
[2025-03-10T09:21:25.110+0100] {logging_mixin.py:188} INFO - [2025-03-10T09:21:25.110+0100] {dag.py:3036} INFO - Sync 1 DAGs
[2025-03-10T09:21:25.119+0100] {logging_mixin.py:188} INFO - [2025-03-10T09:21:25.119+0100] {dag.py:3823} INFO - Setting next_dagrun for example_python_operator to None, run_after=None
[2025-03-10T09:21:25.134+0100] {processor.py:183} INFO - Processing /home/philip/de_engineering/airflow_projects/airflow1/venv/lib/python3.10/site-packages/airflow/example_dags/example_python_operator.py took 0.102 seconds
[2025-03-10T09:21:55.175+0100] {processor.py:161} INFO - Started process (PID=140564) to work on /home/philip/de_engineering/airflow_projects/airflow1/venv/lib/python3.10/site-packages/airflow/example_dags/example_python_operator.py
[2025-03-10T09:21:55.176+0100] {processor.py:830} INFO - Processing file /home/philip/de_engineering/airflow_projects/airflow1/venv/lib/python3.10/site-packages/airflow/example_dags/example_python_operator.py for tasks to queue
[2025-03-10T09:21:55.177+0100] {logging_mixin.py:188} INFO - [2025-03-10T09:21:55.176+0100] {dagbag.py:538} INFO - Filling up the DagBag from /home/philip/de_engineering/airflow_projects/airflow1/venv/lib/python3.10/site-packages/airflow/example_dags/example_python_operator.py
[2025-03-10T09:21:55.238+0100] {logging_mixin.py:188} INFO - [2025-03-10T09:21:55.238+0100] {example_python_operator.py:88} WARNING - The virtalenv_python example task requires virtualenv, please install it.
[2025-03-10T09:21:55.239+0100] {processor.py:840} INFO - DAG(s) 'example_python_operator' retrieved from /home/philip/de_engineering/airflow_projects/airflow1/venv/lib/python3.10/site-packages/airflow/example_dags/example_python_operator.py
[2025-03-10T09:21:55.259+0100] {logging_mixin.py:188} INFO - [2025-03-10T09:21:55.259+0100] {dag.py:3036} INFO - Sync 1 DAGs
[2025-03-10T09:21:55.270+0100] {logging_mixin.py:188} INFO - [2025-03-10T09:21:55.270+0100] {dag.py:3823} INFO - Setting next_dagrun for example_python_operator to None, run_after=None
[2025-03-10T09:21:55.285+0100] {processor.py:183} INFO - Processing /home/philip/de_engineering/airflow_projects/airflow1/venv/lib/python3.10/site-packages/airflow/example_dags/example_python_operator.py took 0.113 seconds
[2025-03-10T09:22:25.469+0100] {processor.py:161} INFO - Started process (PID=140950) to work on /home/philip/de_engineering/airflow_projects/airflow1/venv/lib/python3.10/site-packages/airflow/example_dags/example_python_operator.py
[2025-03-10T09:22:25.470+0100] {processor.py:830} INFO - Processing file /home/philip/de_engineering/airflow_projects/airflow1/venv/lib/python3.10/site-packages/airflow/example_dags/example_python_operator.py for tasks to queue
[2025-03-10T09:22:25.471+0100] {logging_mixin.py:188} INFO - [2025-03-10T09:22:25.470+0100] {dagbag.py:538} INFO - Filling up the DagBag from /home/philip/de_engineering/airflow_projects/airflow1/venv/lib/python3.10/site-packages/airflow/example_dags/example_python_operator.py
[2025-03-10T09:22:25.526+0100] {logging_mixin.py:188} INFO - [2025-03-10T09:22:25.526+0100] {example_python_operator.py:88} WARNING - The virtalenv_python example task requires virtualenv, please install it.
[2025-03-10T09:22:25.527+0100] {processor.py:840} INFO - DAG(s) 'example_python_operator' retrieved from /home/philip/de_engineering/airflow_projects/airflow1/venv/lib/python3.10/site-packages/airflow/example_dags/example_python_operator.py
[2025-03-10T09:22:25.546+0100] {logging_mixin.py:188} INFO - [2025-03-10T09:22:25.546+0100] {dag.py:3036} INFO - Sync 1 DAGs
[2025-03-10T09:22:25.556+0100] {logging_mixin.py:188} INFO - [2025-03-10T09:22:25.556+0100] {dag.py:3823} INFO - Setting next_dagrun for example_python_operator to None, run_after=None
[2025-03-10T09:22:25.570+0100] {processor.py:183} INFO - Processing /home/philip/de_engineering/airflow_projects/airflow1/venv/lib/python3.10/site-packages/airflow/example_dags/example_python_operator.py took 0.104 seconds
[2025-03-10T09:22:55.626+0100] {processor.py:161} INFO - Started process (PID=141323) to work on /home/philip/de_engineering/airflow_projects/airflow1/venv/lib/python3.10/site-packages/airflow/example_dags/example_python_operator.py
[2025-03-10T09:22:55.627+0100] {processor.py:830} INFO - Processing file /home/philip/de_engineering/airflow_projects/airflow1/venv/lib/python3.10/site-packages/airflow/example_dags/example_python_operator.py for tasks to queue
[2025-03-10T09:22:55.628+0100] {logging_mixin.py:188} INFO - [2025-03-10T09:22:55.628+0100] {dagbag.py:538} INFO - Filling up the DagBag from /home/philip/de_engineering/airflow_projects/airflow1/venv/lib/python3.10/site-packages/airflow/example_dags/example_python_operator.py
[2025-03-10T09:22:55.682+0100] {logging_mixin.py:188} INFO - [2025-03-10T09:22:55.681+0100] {example_python_operator.py:88} WARNING - The virtalenv_python example task requires virtualenv, please install it.
[2025-03-10T09:22:55.682+0100] {processor.py:840} INFO - DAG(s) 'example_python_operator' retrieved from /home/philip/de_engineering/airflow_projects/airflow1/venv/lib/python3.10/site-packages/airflow/example_dags/example_python_operator.py
[2025-03-10T09:22:55.703+0100] {logging_mixin.py:188} INFO - [2025-03-10T09:22:55.702+0100] {dag.py:3036} INFO - Sync 1 DAGs
[2025-03-10T09:22:55.714+0100] {logging_mixin.py:188} INFO - [2025-03-10T09:22:55.713+0100] {dag.py:3823} INFO - Setting next_dagrun for example_python_operator to None, run_after=None
[2025-03-10T09:22:55.729+0100] {processor.py:183} INFO - Processing /home/philip/de_engineering/airflow_projects/airflow1/venv/lib/python3.10/site-packages/airflow/example_dags/example_python_operator.py took 0.106 seconds
[2025-03-10T09:23:25.880+0100] {processor.py:161} INFO - Started process (PID=141703) to work on /home/philip/de_engineering/airflow_projects/airflow1/venv/lib/python3.10/site-packages/airflow/example_dags/example_python_operator.py
[2025-03-10T09:23:25.882+0100] {processor.py:830} INFO - Processing file /home/philip/de_engineering/airflow_projects/airflow1/venv/lib/python3.10/site-packages/airflow/example_dags/example_python_operator.py for tasks to queue
[2025-03-10T09:23:25.882+0100] {logging_mixin.py:188} INFO - [2025-03-10T09:23:25.882+0100] {dagbag.py:538} INFO - Filling up the DagBag from /home/philip/de_engineering/airflow_projects/airflow1/venv/lib/python3.10/site-packages/airflow/example_dags/example_python_operator.py
[2025-03-10T09:23:25.933+0100] {logging_mixin.py:188} INFO - [2025-03-10T09:23:25.933+0100] {example_python_operator.py:88} WARNING - The virtalenv_python example task requires virtualenv, please install it.
[2025-03-10T09:23:25.933+0100] {processor.py:840} INFO - DAG(s) 'example_python_operator' retrieved from /home/philip/de_engineering/airflow_projects/airflow1/venv/lib/python3.10/site-packages/airflow/example_dags/example_python_operator.py
[2025-03-10T09:23:25.952+0100] {logging_mixin.py:188} INFO - [2025-03-10T09:23:25.952+0100] {dag.py:3036} INFO - Sync 1 DAGs
[2025-03-10T09:23:25.962+0100] {logging_mixin.py:188} INFO - [2025-03-10T09:23:25.961+0100] {dag.py:3823} INFO - Setting next_dagrun for example_python_operator to None, run_after=None
[2025-03-10T09:23:25.976+0100] {processor.py:183} INFO - Processing /home/philip/de_engineering/airflow_projects/airflow1/venv/lib/python3.10/site-packages/airflow/example_dags/example_python_operator.py took 0.098 seconds
[2025-03-10T09:23:56.318+0100] {processor.py:161} INFO - Started process (PID=142082) to work on /home/philip/de_engineering/airflow_projects/airflow1/venv/lib/python3.10/site-packages/airflow/example_dags/example_python_operator.py
[2025-03-10T09:23:56.320+0100] {processor.py:830} INFO - Processing file /home/philip/de_engineering/airflow_projects/airflow1/venv/lib/python3.10/site-packages/airflow/example_dags/example_python_operator.py for tasks to queue
[2025-03-10T09:23:56.320+0100] {logging_mixin.py:188} INFO - [2025-03-10T09:23:56.320+0100] {dagbag.py:538} INFO - Filling up the DagBag from /home/philip/de_engineering/airflow_projects/airflow1/venv/lib/python3.10/site-packages/airflow/example_dags/example_python_operator.py
[2025-03-10T09:23:56.378+0100] {logging_mixin.py:188} INFO - [2025-03-10T09:23:56.378+0100] {example_python_operator.py:88} WARNING - The virtalenv_python example task requires virtualenv, please install it.
[2025-03-10T09:23:56.379+0100] {processor.py:840} INFO - DAG(s) 'example_python_operator' retrieved from /home/philip/de_engineering/airflow_projects/airflow1/venv/lib/python3.10/site-packages/airflow/example_dags/example_python_operator.py
[2025-03-10T09:23:56.402+0100] {logging_mixin.py:188} INFO - [2025-03-10T09:23:56.401+0100] {dag.py:3036} INFO - Sync 1 DAGs
[2025-03-10T09:23:56.412+0100] {logging_mixin.py:188} INFO - [2025-03-10T09:23:56.412+0100] {dag.py:3823} INFO - Setting next_dagrun for example_python_operator to None, run_after=None
[2025-03-10T09:23:56.428+0100] {processor.py:183} INFO - Processing /home/philip/de_engineering/airflow_projects/airflow1/venv/lib/python3.10/site-packages/airflow/example_dags/example_python_operator.py took 0.112 seconds
[2025-03-10T09:24:26.739+0100] {processor.py:161} INFO - Started process (PID=142459) to work on /home/philip/de_engineering/airflow_projects/airflow1/venv/lib/python3.10/site-packages/airflow/example_dags/example_python_operator.py
[2025-03-10T09:24:26.741+0100] {processor.py:830} INFO - Processing file /home/philip/de_engineering/airflow_projects/airflow1/venv/lib/python3.10/site-packages/airflow/example_dags/example_python_operator.py for tasks to queue
[2025-03-10T09:24:26.742+0100] {logging_mixin.py:188} INFO - [2025-03-10T09:24:26.741+0100] {dagbag.py:538} INFO - Filling up the DagBag from /home/philip/de_engineering/airflow_projects/airflow1/venv/lib/python3.10/site-packages/airflow/example_dags/example_python_operator.py
[2025-03-10T09:24:26.806+0100] {logging_mixin.py:188} INFO - [2025-03-10T09:24:26.806+0100] {example_python_operator.py:88} WARNING - The virtalenv_python example task requires virtualenv, please install it.
[2025-03-10T09:24:26.807+0100] {processor.py:840} INFO - DAG(s) 'example_python_operator' retrieved from /home/philip/de_engineering/airflow_projects/airflow1/venv/lib/python3.10/site-packages/airflow/example_dags/example_python_operator.py
[2025-03-10T09:24:26.833+0100] {logging_mixin.py:188} INFO - [2025-03-10T09:24:26.833+0100] {dag.py:3036} INFO - Sync 1 DAGs
[2025-03-10T09:24:26.846+0100] {logging_mixin.py:188} INFO - [2025-03-10T09:24:26.846+0100] {dag.py:3823} INFO - Setting next_dagrun for example_python_operator to None, run_after=None
[2025-03-10T09:24:26.866+0100] {processor.py:183} INFO - Processing /home/philip/de_engineering/airflow_projects/airflow1/venv/lib/python3.10/site-packages/airflow/example_dags/example_python_operator.py took 0.130 seconds
[2025-03-10T09:24:56.998+0100] {processor.py:161} INFO - Started process (PID=142840) to work on /home/philip/de_engineering/airflow_projects/airflow1/venv/lib/python3.10/site-packages/airflow/example_dags/example_python_operator.py
[2025-03-10T09:24:56.999+0100] {processor.py:830} INFO - Processing file /home/philip/de_engineering/airflow_projects/airflow1/venv/lib/python3.10/site-packages/airflow/example_dags/example_python_operator.py for tasks to queue
[2025-03-10T09:24:57.000+0100] {logging_mixin.py:188} INFO - [2025-03-10T09:24:57.000+0100] {dagbag.py:538} INFO - Filling up the DagBag from /home/philip/de_engineering/airflow_projects/airflow1/venv/lib/python3.10/site-packages/airflow/example_dags/example_python_operator.py
[2025-03-10T09:24:57.053+0100] {logging_mixin.py:188} INFO - [2025-03-10T09:24:57.052+0100] {example_python_operator.py:88} WARNING - The virtalenv_python example task requires virtualenv, please install it.
[2025-03-10T09:24:57.053+0100] {processor.py:840} INFO - DAG(s) 'example_python_operator' retrieved from /home/philip/de_engineering/airflow_projects/airflow1/venv/lib/python3.10/site-packages/airflow/example_dags/example_python_operator.py
[2025-03-10T09:24:57.073+0100] {logging_mixin.py:188} INFO - [2025-03-10T09:24:57.072+0100] {dag.py:3036} INFO - Sync 1 DAGs
[2025-03-10T09:24:57.084+0100] {logging_mixin.py:188} INFO - [2025-03-10T09:24:57.084+0100] {dag.py:3823} INFO - Setting next_dagrun for example_python_operator to None, run_after=None
[2025-03-10T09:24:57.099+0100] {processor.py:183} INFO - Processing /home/philip/de_engineering/airflow_projects/airflow1/venv/lib/python3.10/site-packages/airflow/example_dags/example_python_operator.py took 0.103 seconds
[2025-03-10T09:25:27.156+0100] {processor.py:161} INFO - Started process (PID=143216) to work on /home/philip/de_engineering/airflow_projects/airflow1/venv/lib/python3.10/site-packages/airflow/example_dags/example_python_operator.py
[2025-03-10T09:25:27.157+0100] {processor.py:830} INFO - Processing file /home/philip/de_engineering/airflow_projects/airflow1/venv/lib/python3.10/site-packages/airflow/example_dags/example_python_operator.py for tasks to queue
[2025-03-10T09:25:27.158+0100] {logging_mixin.py:188} INFO - [2025-03-10T09:25:27.157+0100] {dagbag.py:538} INFO - Filling up the DagBag from /home/philip/de_engineering/airflow_projects/airflow1/venv/lib/python3.10/site-packages/airflow/example_dags/example_python_operator.py
[2025-03-10T09:25:27.198+0100] {logging_mixin.py:188} INFO - [2025-03-10T09:25:27.198+0100] {example_python_operator.py:88} WARNING - The virtalenv_python example task requires virtualenv, please install it.
[2025-03-10T09:25:27.198+0100] {processor.py:840} INFO - DAG(s) 'example_python_operator' retrieved from /home/philip/de_engineering/airflow_projects/airflow1/venv/lib/python3.10/site-packages/airflow/example_dags/example_python_operator.py
[2025-03-10T09:25:27.218+0100] {logging_mixin.py:188} INFO - [2025-03-10T09:25:27.217+0100] {dag.py:3036} INFO - Sync 1 DAGs
[2025-03-10T09:25:27.227+0100] {logging_mixin.py:188} INFO - [2025-03-10T09:25:27.227+0100] {dag.py:3823} INFO - Setting next_dagrun for example_python_operator to None, run_after=None
[2025-03-10T09:25:27.243+0100] {processor.py:183} INFO - Processing /home/philip/de_engineering/airflow_projects/airflow1/venv/lib/python3.10/site-packages/airflow/example_dags/example_python_operator.py took 0.089 seconds
[2025-03-10T09:25:57.661+0100] {processor.py:161} INFO - Started process (PID=143598) to work on /home/philip/de_engineering/airflow_projects/airflow1/venv/lib/python3.10/site-packages/airflow/example_dags/example_python_operator.py
[2025-03-10T09:25:57.662+0100] {processor.py:830} INFO - Processing file /home/philip/de_engineering/airflow_projects/airflow1/venv/lib/python3.10/site-packages/airflow/example_dags/example_python_operator.py for tasks to queue
[2025-03-10T09:25:57.663+0100] {logging_mixin.py:188} INFO - [2025-03-10T09:25:57.663+0100] {dagbag.py:538} INFO - Filling up the DagBag from /home/philip/de_engineering/airflow_projects/airflow1/venv/lib/python3.10/site-packages/airflow/example_dags/example_python_operator.py
[2025-03-10T09:25:57.726+0100] {logging_mixin.py:188} INFO - [2025-03-10T09:25:57.726+0100] {example_python_operator.py:88} WARNING - The virtalenv_python example task requires virtualenv, please install it.
[2025-03-10T09:25:57.727+0100] {processor.py:840} INFO - DAG(s) 'example_python_operator' retrieved from /home/philip/de_engineering/airflow_projects/airflow1/venv/lib/python3.10/site-packages/airflow/example_dags/example_python_operator.py
[2025-03-10T09:25:57.749+0100] {logging_mixin.py:188} INFO - [2025-03-10T09:25:57.749+0100] {dag.py:3036} INFO - Sync 1 DAGs
[2025-03-10T09:25:57.762+0100] {logging_mixin.py:188} INFO - [2025-03-10T09:25:57.762+0100] {dag.py:3823} INFO - Setting next_dagrun for example_python_operator to None, run_after=None
[2025-03-10T09:25:57.778+0100] {processor.py:183} INFO - Processing /home/philip/de_engineering/airflow_projects/airflow1/venv/lib/python3.10/site-packages/airflow/example_dags/example_python_operator.py took 0.120 seconds
[2025-03-10T09:26:28.080+0100] {processor.py:161} INFO - Started process (PID=143980) to work on /home/philip/de_engineering/airflow_projects/airflow1/venv/lib/python3.10/site-packages/airflow/example_dags/example_python_operator.py
[2025-03-10T09:26:28.081+0100] {processor.py:830} INFO - Processing file /home/philip/de_engineering/airflow_projects/airflow1/venv/lib/python3.10/site-packages/airflow/example_dags/example_python_operator.py for tasks to queue
[2025-03-10T09:26:28.083+0100] {logging_mixin.py:188} INFO - [2025-03-10T09:26:28.082+0100] {dagbag.py:538} INFO - Filling up the DagBag from /home/philip/de_engineering/airflow_projects/airflow1/venv/lib/python3.10/site-packages/airflow/example_dags/example_python_operator.py
[2025-03-10T09:26:28.157+0100] {logging_mixin.py:188} INFO - [2025-03-10T09:26:28.157+0100] {example_python_operator.py:88} WARNING - The virtalenv_python example task requires virtualenv, please install it.
[2025-03-10T09:26:28.158+0100] {processor.py:840} INFO - DAG(s) 'example_python_operator' retrieved from /home/philip/de_engineering/airflow_projects/airflow1/venv/lib/python3.10/site-packages/airflow/example_dags/example_python_operator.py
[2025-03-10T09:26:28.187+0100] {logging_mixin.py:188} INFO - [2025-03-10T09:26:28.186+0100] {dag.py:3036} INFO - Sync 1 DAGs
[2025-03-10T09:26:28.197+0100] {logging_mixin.py:188} INFO - [2025-03-10T09:26:28.197+0100] {dag.py:3823} INFO - Setting next_dagrun for example_python_operator to None, run_after=None
[2025-03-10T09:26:28.217+0100] {processor.py:183} INFO - Processing /home/philip/de_engineering/airflow_projects/airflow1/venv/lib/python3.10/site-packages/airflow/example_dags/example_python_operator.py took 0.140 seconds
[2025-03-10T09:26:58.301+0100] {processor.py:161} INFO - Started process (PID=144352) to work on /home/philip/de_engineering/airflow_projects/airflow1/venv/lib/python3.10/site-packages/airflow/example_dags/example_python_operator.py
[2025-03-10T09:26:58.302+0100] {processor.py:830} INFO - Processing file /home/philip/de_engineering/airflow_projects/airflow1/venv/lib/python3.10/site-packages/airflow/example_dags/example_python_operator.py for tasks to queue
[2025-03-10T09:26:58.303+0100] {logging_mixin.py:188} INFO - [2025-03-10T09:26:58.303+0100] {dagbag.py:538} INFO - Filling up the DagBag from /home/philip/de_engineering/airflow_projects/airflow1/venv/lib/python3.10/site-packages/airflow/example_dags/example_python_operator.py
[2025-03-10T09:26:58.352+0100] {logging_mixin.py:188} INFO - [2025-03-10T09:26:58.352+0100] {example_python_operator.py:88} WARNING - The virtalenv_python example task requires virtualenv, please install it.
[2025-03-10T09:26:58.352+0100] {processor.py:840} INFO - DAG(s) 'example_python_operator' retrieved from /home/philip/de_engineering/airflow_projects/airflow1/venv/lib/python3.10/site-packages/airflow/example_dags/example_python_operator.py
[2025-03-10T09:26:58.373+0100] {logging_mixin.py:188} INFO - [2025-03-10T09:26:58.373+0100] {dag.py:3036} INFO - Sync 1 DAGs
[2025-03-10T09:26:58.384+0100] {logging_mixin.py:188} INFO - [2025-03-10T09:26:58.384+0100] {dag.py:3823} INFO - Setting next_dagrun for example_python_operator to None, run_after=None
[2025-03-10T09:26:58.400+0100] {processor.py:183} INFO - Processing /home/philip/de_engineering/airflow_projects/airflow1/venv/lib/python3.10/site-packages/airflow/example_dags/example_python_operator.py took 0.102 seconds
[2025-03-10T09:27:28.563+0100] {processor.py:161} INFO - Started process (PID=144732) to work on /home/philip/de_engineering/airflow_projects/airflow1/venv/lib/python3.10/site-packages/airflow/example_dags/example_python_operator.py
[2025-03-10T09:27:28.564+0100] {processor.py:830} INFO - Processing file /home/philip/de_engineering/airflow_projects/airflow1/venv/lib/python3.10/site-packages/airflow/example_dags/example_python_operator.py for tasks to queue
[2025-03-10T09:27:28.565+0100] {logging_mixin.py:188} INFO - [2025-03-10T09:27:28.565+0100] {dagbag.py:538} INFO - Filling up the DagBag from /home/philip/de_engineering/airflow_projects/airflow1/venv/lib/python3.10/site-packages/airflow/example_dags/example_python_operator.py
[2025-03-10T09:27:28.617+0100] {logging_mixin.py:188} INFO - [2025-03-10T09:27:28.617+0100] {example_python_operator.py:88} WARNING - The virtalenv_python example task requires virtualenv, please install it.
[2025-03-10T09:27:28.618+0100] {processor.py:840} INFO - DAG(s) 'example_python_operator' retrieved from /home/philip/de_engineering/airflow_projects/airflow1/venv/lib/python3.10/site-packages/airflow/example_dags/example_python_operator.py
[2025-03-10T09:27:28.638+0100] {logging_mixin.py:188} INFO - [2025-03-10T09:27:28.638+0100] {dag.py:3036} INFO - Sync 1 DAGs
[2025-03-10T09:27:28.649+0100] {logging_mixin.py:188} INFO - [2025-03-10T09:27:28.649+0100] {dag.py:3823} INFO - Setting next_dagrun for example_python_operator to None, run_after=None
[2025-03-10T09:27:28.664+0100] {processor.py:183} INFO - Processing /home/philip/de_engineering/airflow_projects/airflow1/venv/lib/python3.10/site-packages/airflow/example_dags/example_python_operator.py took 0.104 seconds
[2025-03-10T09:27:58.943+0100] {processor.py:161} INFO - Started process (PID=145110) to work on /home/philip/de_engineering/airflow_projects/airflow1/venv/lib/python3.10/site-packages/airflow/example_dags/example_python_operator.py
[2025-03-10T09:27:58.944+0100] {processor.py:830} INFO - Processing file /home/philip/de_engineering/airflow_projects/airflow1/venv/lib/python3.10/site-packages/airflow/example_dags/example_python_operator.py for tasks to queue
[2025-03-10T09:27:58.945+0100] {logging_mixin.py:188} INFO - [2025-03-10T09:27:58.945+0100] {dagbag.py:538} INFO - Filling up the DagBag from /home/philip/de_engineering/airflow_projects/airflow1/venv/lib/python3.10/site-packages/airflow/example_dags/example_python_operator.py
[2025-03-10T09:27:58.998+0100] {logging_mixin.py:188} INFO - [2025-03-10T09:27:58.998+0100] {example_python_operator.py:88} WARNING - The virtalenv_python example task requires virtualenv, please install it.
[2025-03-10T09:27:58.998+0100] {processor.py:840} INFO - DAG(s) 'example_python_operator' retrieved from /home/philip/de_engineering/airflow_projects/airflow1/venv/lib/python3.10/site-packages/airflow/example_dags/example_python_operator.py
[2025-03-10T09:27:59.020+0100] {logging_mixin.py:188} INFO - [2025-03-10T09:27:59.019+0100] {dag.py:3036} INFO - Sync 1 DAGs
[2025-03-10T09:27:59.030+0100] {logging_mixin.py:188} INFO - [2025-03-10T09:27:59.030+0100] {dag.py:3823} INFO - Setting next_dagrun for example_python_operator to None, run_after=None
[2025-03-10T09:27:59.046+0100] {processor.py:183} INFO - Processing /home/philip/de_engineering/airflow_projects/airflow1/venv/lib/python3.10/site-packages/airflow/example_dags/example_python_operator.py took 0.106 seconds
[2025-03-10T09:28:29.157+0100] {processor.py:161} INFO - Started process (PID=145490) to work on /home/philip/de_engineering/airflow_projects/airflow1/venv/lib/python3.10/site-packages/airflow/example_dags/example_python_operator.py
[2025-03-10T09:28:29.158+0100] {processor.py:830} INFO - Processing file /home/philip/de_engineering/airflow_projects/airflow1/venv/lib/python3.10/site-packages/airflow/example_dags/example_python_operator.py for tasks to queue
[2025-03-10T09:28:29.158+0100] {logging_mixin.py:188} INFO - [2025-03-10T09:28:29.158+0100] {dagbag.py:538} INFO - Filling up the DagBag from /home/philip/de_engineering/airflow_projects/airflow1/venv/lib/python3.10/site-packages/airflow/example_dags/example_python_operator.py
[2025-03-10T09:28:29.208+0100] {logging_mixin.py:188} INFO - [2025-03-10T09:28:29.208+0100] {example_python_operator.py:88} WARNING - The virtalenv_python example task requires virtualenv, please install it.
[2025-03-10T09:28:29.209+0100] {processor.py:840} INFO - DAG(s) 'example_python_operator' retrieved from /home/philip/de_engineering/airflow_projects/airflow1/venv/lib/python3.10/site-packages/airflow/example_dags/example_python_operator.py
[2025-03-10T09:28:29.231+0100] {logging_mixin.py:188} INFO - [2025-03-10T09:28:29.230+0100] {dag.py:3036} INFO - Sync 1 DAGs
[2025-03-10T09:28:29.241+0100] {logging_mixin.py:188} INFO - [2025-03-10T09:28:29.240+0100] {dag.py:3823} INFO - Setting next_dagrun for example_python_operator to None, run_after=None
[2025-03-10T09:28:29.255+0100] {processor.py:183} INFO - Processing /home/philip/de_engineering/airflow_projects/airflow1/venv/lib/python3.10/site-packages/airflow/example_dags/example_python_operator.py took 0.101 seconds
[2025-03-10T09:28:59.310+0100] {processor.py:161} INFO - Started process (PID=145864) to work on /home/philip/de_engineering/airflow_projects/airflow1/venv/lib/python3.10/site-packages/airflow/example_dags/example_python_operator.py
[2025-03-10T09:28:59.311+0100] {processor.py:830} INFO - Processing file /home/philip/de_engineering/airflow_projects/airflow1/venv/lib/python3.10/site-packages/airflow/example_dags/example_python_operator.py for tasks to queue
[2025-03-10T09:28:59.312+0100] {logging_mixin.py:188} INFO - [2025-03-10T09:28:59.311+0100] {dagbag.py:538} INFO - Filling up the DagBag from /home/philip/de_engineering/airflow_projects/airflow1/venv/lib/python3.10/site-packages/airflow/example_dags/example_python_operator.py
[2025-03-10T09:28:59.362+0100] {logging_mixin.py:188} INFO - [2025-03-10T09:28:59.361+0100] {example_python_operator.py:88} WARNING - The virtalenv_python example task requires virtualenv, please install it.
[2025-03-10T09:28:59.362+0100] {processor.py:840} INFO - DAG(s) 'example_python_operator' retrieved from /home/philip/de_engineering/airflow_projects/airflow1/venv/lib/python3.10/site-packages/airflow/example_dags/example_python_operator.py
[2025-03-10T09:28:59.384+0100] {logging_mixin.py:188} INFO - [2025-03-10T09:28:59.384+0100] {dag.py:3036} INFO - Sync 1 DAGs
[2025-03-10T09:28:59.394+0100] {logging_mixin.py:188} INFO - [2025-03-10T09:28:59.394+0100] {dag.py:3823} INFO - Setting next_dagrun for example_python_operator to None, run_after=None
[2025-03-10T09:28:59.408+0100] {processor.py:183} INFO - Processing /home/philip/de_engineering/airflow_projects/airflow1/venv/lib/python3.10/site-packages/airflow/example_dags/example_python_operator.py took 0.101 seconds
[2025-03-10T09:29:29.500+0100] {processor.py:161} INFO - Started process (PID=146244) to work on /home/philip/de_engineering/airflow_projects/airflow1/venv/lib/python3.10/site-packages/airflow/example_dags/example_python_operator.py
[2025-03-10T09:29:29.501+0100] {processor.py:830} INFO - Processing file /home/philip/de_engineering/airflow_projects/airflow1/venv/lib/python3.10/site-packages/airflow/example_dags/example_python_operator.py for tasks to queue
[2025-03-10T09:29:29.502+0100] {logging_mixin.py:188} INFO - [2025-03-10T09:29:29.502+0100] {dagbag.py:538} INFO - Filling up the DagBag from /home/philip/de_engineering/airflow_projects/airflow1/venv/lib/python3.10/site-packages/airflow/example_dags/example_python_operator.py
[2025-03-10T09:29:29.553+0100] {logging_mixin.py:188} INFO - [2025-03-10T09:29:29.553+0100] {example_python_operator.py:88} WARNING - The virtalenv_python example task requires virtualenv, please install it.
[2025-03-10T09:29:29.554+0100] {processor.py:840} INFO - DAG(s) 'example_python_operator' retrieved from /home/philip/de_engineering/airflow_projects/airflow1/venv/lib/python3.10/site-packages/airflow/example_dags/example_python_operator.py
[2025-03-10T09:29:29.574+0100] {logging_mixin.py:188} INFO - [2025-03-10T09:29:29.574+0100] {dag.py:3036} INFO - Sync 1 DAGs
[2025-03-10T09:29:29.584+0100] {logging_mixin.py:188} INFO - [2025-03-10T09:29:29.584+0100] {dag.py:3823} INFO - Setting next_dagrun for example_python_operator to None, run_after=None
[2025-03-10T09:29:29.599+0100] {processor.py:183} INFO - Processing /home/philip/de_engineering/airflow_projects/airflow1/venv/lib/python3.10/site-packages/airflow/example_dags/example_python_operator.py took 0.103 seconds
[2025-03-10T09:29:59.710+0100] {processor.py:161} INFO - Started process (PID=146622) to work on /home/philip/de_engineering/airflow_projects/airflow1/venv/lib/python3.10/site-packages/airflow/example_dags/example_python_operator.py
[2025-03-10T09:29:59.711+0100] {processor.py:830} INFO - Processing file /home/philip/de_engineering/airflow_projects/airflow1/venv/lib/python3.10/site-packages/airflow/example_dags/example_python_operator.py for tasks to queue
[2025-03-10T09:29:59.711+0100] {logging_mixin.py:188} INFO - [2025-03-10T09:29:59.711+0100] {dagbag.py:538} INFO - Filling up the DagBag from /home/philip/de_engineering/airflow_projects/airflow1/venv/lib/python3.10/site-packages/airflow/example_dags/example_python_operator.py
[2025-03-10T09:29:59.762+0100] {logging_mixin.py:188} INFO - [2025-03-10T09:29:59.762+0100] {example_python_operator.py:88} WARNING - The virtalenv_python example task requires virtualenv, please install it.
[2025-03-10T09:29:59.763+0100] {processor.py:840} INFO - DAG(s) 'example_python_operator' retrieved from /home/philip/de_engineering/airflow_projects/airflow1/venv/lib/python3.10/site-packages/airflow/example_dags/example_python_operator.py
[2025-03-10T09:29:59.783+0100] {logging_mixin.py:188} INFO - [2025-03-10T09:29:59.783+0100] {dag.py:3036} INFO - Sync 1 DAGs
[2025-03-10T09:29:59.793+0100] {logging_mixin.py:188} INFO - [2025-03-10T09:29:59.793+0100] {dag.py:3823} INFO - Setting next_dagrun for example_python_operator to None, run_after=None
[2025-03-10T09:29:59.809+0100] {processor.py:183} INFO - Processing /home/philip/de_engineering/airflow_projects/airflow1/venv/lib/python3.10/site-packages/airflow/example_dags/example_python_operator.py took 0.102 seconds
[2025-03-10T09:30:29.883+0100] {processor.py:161} INFO - Started process (PID=147000) to work on /home/philip/de_engineering/airflow_projects/airflow1/venv/lib/python3.10/site-packages/airflow/example_dags/example_python_operator.py
[2025-03-10T09:30:29.884+0100] {processor.py:830} INFO - Processing file /home/philip/de_engineering/airflow_projects/airflow1/venv/lib/python3.10/site-packages/airflow/example_dags/example_python_operator.py for tasks to queue
[2025-03-10T09:30:29.885+0100] {logging_mixin.py:188} INFO - [2025-03-10T09:30:29.884+0100] {dagbag.py:538} INFO - Filling up the DagBag from /home/philip/de_engineering/airflow_projects/airflow1/venv/lib/python3.10/site-packages/airflow/example_dags/example_python_operator.py
[2025-03-10T09:30:29.940+0100] {logging_mixin.py:188} INFO - [2025-03-10T09:30:29.939+0100] {example_python_operator.py:88} WARNING - The virtalenv_python example task requires virtualenv, please install it.
[2025-03-10T09:30:29.940+0100] {processor.py:840} INFO - DAG(s) 'example_python_operator' retrieved from /home/philip/de_engineering/airflow_projects/airflow1/venv/lib/python3.10/site-packages/airflow/example_dags/example_python_operator.py
[2025-03-10T09:30:29.966+0100] {logging_mixin.py:188} INFO - [2025-03-10T09:30:29.965+0100] {dag.py:3036} INFO - Sync 1 DAGs
[2025-03-10T09:30:29.979+0100] {logging_mixin.py:188} INFO - [2025-03-10T09:30:29.979+0100] {dag.py:3823} INFO - Setting next_dagrun for example_python_operator to None, run_after=None
[2025-03-10T09:30:29.994+0100] {processor.py:183} INFO - Processing /home/philip/de_engineering/airflow_projects/airflow1/venv/lib/python3.10/site-packages/airflow/example_dags/example_python_operator.py took 0.115 seconds
[2025-03-10T09:31:00.160+0100] {processor.py:161} INFO - Started process (PID=147384) to work on /home/philip/de_engineering/airflow_projects/airflow1/venv/lib/python3.10/site-packages/airflow/example_dags/example_python_operator.py
[2025-03-10T09:31:00.162+0100] {processor.py:830} INFO - Processing file /home/philip/de_engineering/airflow_projects/airflow1/venv/lib/python3.10/site-packages/airflow/example_dags/example_python_operator.py for tasks to queue
[2025-03-10T09:31:00.163+0100] {logging_mixin.py:188} INFO - [2025-03-10T09:31:00.162+0100] {dagbag.py:538} INFO - Filling up the DagBag from /home/philip/de_engineering/airflow_projects/airflow1/venv/lib/python3.10/site-packages/airflow/example_dags/example_python_operator.py
[2025-03-10T09:31:00.216+0100] {logging_mixin.py:188} INFO - [2025-03-10T09:31:00.215+0100] {example_python_operator.py:88} WARNING - The virtalenv_python example task requires virtualenv, please install it.
[2025-03-10T09:31:00.216+0100] {processor.py:840} INFO - DAG(s) 'example_python_operator' retrieved from /home/philip/de_engineering/airflow_projects/airflow1/venv/lib/python3.10/site-packages/airflow/example_dags/example_python_operator.py
[2025-03-10T09:31:00.236+0100] {logging_mixin.py:188} INFO - [2025-03-10T09:31:00.236+0100] {dag.py:3036} INFO - Sync 1 DAGs
[2025-03-10T09:31:00.247+0100] {logging_mixin.py:188} INFO - [2025-03-10T09:31:00.247+0100] {dag.py:3823} INFO - Setting next_dagrun for example_python_operator to None, run_after=None
[2025-03-10T09:31:00.263+0100] {processor.py:183} INFO - Processing /home/philip/de_engineering/airflow_projects/airflow1/venv/lib/python3.10/site-packages/airflow/example_dags/example_python_operator.py took 0.106 seconds
[2025-03-10T09:31:30.360+0100] {processor.py:161} INFO - Started process (PID=147764) to work on /home/philip/de_engineering/airflow_projects/airflow1/venv/lib/python3.10/site-packages/airflow/example_dags/example_python_operator.py
[2025-03-10T09:31:30.361+0100] {processor.py:830} INFO - Processing file /home/philip/de_engineering/airflow_projects/airflow1/venv/lib/python3.10/site-packages/airflow/example_dags/example_python_operator.py for tasks to queue
[2025-03-10T09:31:30.361+0100] {logging_mixin.py:188} INFO - [2025-03-10T09:31:30.361+0100] {dagbag.py:538} INFO - Filling up the DagBag from /home/philip/de_engineering/airflow_projects/airflow1/venv/lib/python3.10/site-packages/airflow/example_dags/example_python_operator.py
[2025-03-10T09:31:30.426+0100] {logging_mixin.py:188} INFO - [2025-03-10T09:31:30.425+0100] {example_python_operator.py:88} WARNING - The virtalenv_python example task requires virtualenv, please install it.
[2025-03-10T09:31:30.426+0100] {processor.py:840} INFO - DAG(s) 'example_python_operator' retrieved from /home/philip/de_engineering/airflow_projects/airflow1/venv/lib/python3.10/site-packages/airflow/example_dags/example_python_operator.py
[2025-03-10T09:31:30.450+0100] {logging_mixin.py:188} INFO - [2025-03-10T09:31:30.450+0100] {dag.py:3036} INFO - Sync 1 DAGs
[2025-03-10T09:31:30.460+0100] {logging_mixin.py:188} INFO - [2025-03-10T09:31:30.460+0100] {dag.py:3823} INFO - Setting next_dagrun for example_python_operator to None, run_after=None
[2025-03-10T09:31:30.476+0100] {processor.py:183} INFO - Processing /home/philip/de_engineering/airflow_projects/airflow1/venv/lib/python3.10/site-packages/airflow/example_dags/example_python_operator.py took 0.119 seconds
[2025-03-10T09:32:00.507+0100] {processor.py:161} INFO - Started process (PID=148143) to work on /home/philip/de_engineering/airflow_projects/airflow1/venv/lib/python3.10/site-packages/airflow/example_dags/example_python_operator.py
[2025-03-10T09:32:00.507+0100] {processor.py:830} INFO - Processing file /home/philip/de_engineering/airflow_projects/airflow1/venv/lib/python3.10/site-packages/airflow/example_dags/example_python_operator.py for tasks to queue
[2025-03-10T09:32:00.508+0100] {logging_mixin.py:188} INFO - [2025-03-10T09:32:00.508+0100] {dagbag.py:538} INFO - Filling up the DagBag from /home/philip/de_engineering/airflow_projects/airflow1/venv/lib/python3.10/site-packages/airflow/example_dags/example_python_operator.py
[2025-03-10T09:32:00.560+0100] {logging_mixin.py:188} INFO - [2025-03-10T09:32:00.560+0100] {example_python_operator.py:88} WARNING - The virtalenv_python example task requires virtualenv, please install it.
[2025-03-10T09:32:00.560+0100] {processor.py:840} INFO - DAG(s) 'example_python_operator' retrieved from /home/philip/de_engineering/airflow_projects/airflow1/venv/lib/python3.10/site-packages/airflow/example_dags/example_python_operator.py
[2025-03-10T09:32:00.580+0100] {logging_mixin.py:188} INFO - [2025-03-10T09:32:00.580+0100] {dag.py:3036} INFO - Sync 1 DAGs
[2025-03-10T09:32:00.589+0100] {logging_mixin.py:188} INFO - [2025-03-10T09:32:00.589+0100] {dag.py:3823} INFO - Setting next_dagrun for example_python_operator to None, run_after=None
[2025-03-10T09:32:00.604+0100] {processor.py:183} INFO - Processing /home/philip/de_engineering/airflow_projects/airflow1/venv/lib/python3.10/site-packages/airflow/example_dags/example_python_operator.py took 0.101 seconds
[2025-03-10T09:32:30.791+0100] {processor.py:161} INFO - Started process (PID=148520) to work on /home/philip/de_engineering/airflow_projects/airflow1/venv/lib/python3.10/site-packages/airflow/example_dags/example_python_operator.py
[2025-03-10T09:32:30.792+0100] {processor.py:830} INFO - Processing file /home/philip/de_engineering/airflow_projects/airflow1/venv/lib/python3.10/site-packages/airflow/example_dags/example_python_operator.py for tasks to queue
[2025-03-10T09:32:30.793+0100] {logging_mixin.py:188} INFO - [2025-03-10T09:32:30.792+0100] {dagbag.py:538} INFO - Filling up the DagBag from /home/philip/de_engineering/airflow_projects/airflow1/venv/lib/python3.10/site-packages/airflow/example_dags/example_python_operator.py
[2025-03-10T09:32:30.849+0100] {logging_mixin.py:188} INFO - [2025-03-10T09:32:30.849+0100] {example_python_operator.py:88} WARNING - The virtalenv_python example task requires virtualenv, please install it.
[2025-03-10T09:32:30.849+0100] {processor.py:840} INFO - DAG(s) 'example_python_operator' retrieved from /home/philip/de_engineering/airflow_projects/airflow1/venv/lib/python3.10/site-packages/airflow/example_dags/example_python_operator.py
[2025-03-10T09:32:30.871+0100] {logging_mixin.py:188} INFO - [2025-03-10T09:32:30.871+0100] {dag.py:3036} INFO - Sync 1 DAGs
[2025-03-10T09:32:30.881+0100] {logging_mixin.py:188} INFO - [2025-03-10T09:32:30.881+0100] {dag.py:3823} INFO - Setting next_dagrun for example_python_operator to None, run_after=None
[2025-03-10T09:32:30.895+0100] {processor.py:183} INFO - Processing /home/philip/de_engineering/airflow_projects/airflow1/venv/lib/python3.10/site-packages/airflow/example_dags/example_python_operator.py took 0.107 seconds
[2025-03-10T09:33:00.931+0100] {processor.py:161} INFO - Started process (PID=148898) to work on /home/philip/de_engineering/airflow_projects/airflow1/venv/lib/python3.10/site-packages/airflow/example_dags/example_python_operator.py
[2025-03-10T09:33:00.932+0100] {processor.py:830} INFO - Processing file /home/philip/de_engineering/airflow_projects/airflow1/venv/lib/python3.10/site-packages/airflow/example_dags/example_python_operator.py for tasks to queue
[2025-03-10T09:33:00.933+0100] {logging_mixin.py:188} INFO - [2025-03-10T09:33:00.932+0100] {dagbag.py:538} INFO - Filling up the DagBag from /home/philip/de_engineering/airflow_projects/airflow1/venv/lib/python3.10/site-packages/airflow/example_dags/example_python_operator.py
[2025-03-10T09:33:00.984+0100] {logging_mixin.py:188} INFO - [2025-03-10T09:33:00.984+0100] {example_python_operator.py:88} WARNING - The virtalenv_python example task requires virtualenv, please install it.
[2025-03-10T09:33:00.984+0100] {processor.py:840} INFO - DAG(s) 'example_python_operator' retrieved from /home/philip/de_engineering/airflow_projects/airflow1/venv/lib/python3.10/site-packages/airflow/example_dags/example_python_operator.py
[2025-03-10T09:33:01.003+0100] {logging_mixin.py:188} INFO - [2025-03-10T09:33:01.003+0100] {dag.py:3036} INFO - Sync 1 DAGs
[2025-03-10T09:33:01.013+0100] {logging_mixin.py:188} INFO - [2025-03-10T09:33:01.013+0100] {dag.py:3823} INFO - Setting next_dagrun for example_python_operator to None, run_after=None
[2025-03-10T09:33:01.029+0100] {processor.py:183} INFO - Processing /home/philip/de_engineering/airflow_projects/airflow1/venv/lib/python3.10/site-packages/airflow/example_dags/example_python_operator.py took 0.101 seconds
[2025-03-10T09:33:31.116+0100] {processor.py:161} INFO - Started process (PID=149269) to work on /home/philip/de_engineering/airflow_projects/airflow1/venv/lib/python3.10/site-packages/airflow/example_dags/example_python_operator.py
[2025-03-10T09:33:31.117+0100] {processor.py:830} INFO - Processing file /home/philip/de_engineering/airflow_projects/airflow1/venv/lib/python3.10/site-packages/airflow/example_dags/example_python_operator.py for tasks to queue
[2025-03-10T09:33:31.117+0100] {logging_mixin.py:188} INFO - [2025-03-10T09:33:31.117+0100] {dagbag.py:538} INFO - Filling up the DagBag from /home/philip/de_engineering/airflow_projects/airflow1/venv/lib/python3.10/site-packages/airflow/example_dags/example_python_operator.py
[2025-03-10T09:33:31.171+0100] {logging_mixin.py:188} INFO - [2025-03-10T09:33:31.171+0100] {example_python_operator.py:88} WARNING - The virtalenv_python example task requires virtualenv, please install it.
[2025-03-10T09:33:31.172+0100] {processor.py:840} INFO - DAG(s) 'example_python_operator' retrieved from /home/philip/de_engineering/airflow_projects/airflow1/venv/lib/python3.10/site-packages/airflow/example_dags/example_python_operator.py
[2025-03-10T09:33:31.192+0100] {logging_mixin.py:188} INFO - [2025-03-10T09:33:31.192+0100] {dag.py:3036} INFO - Sync 1 DAGs
[2025-03-10T09:33:31.203+0100] {logging_mixin.py:188} INFO - [2025-03-10T09:33:31.203+0100] {dag.py:3823} INFO - Setting next_dagrun for example_python_operator to None, run_after=None
[2025-03-10T09:33:31.221+0100] {processor.py:183} INFO - Processing /home/philip/de_engineering/airflow_projects/airflow1/venv/lib/python3.10/site-packages/airflow/example_dags/example_python_operator.py took 0.108 seconds
[2025-03-10T09:34:01.378+0100] {processor.py:161} INFO - Started process (PID=149651) to work on /home/philip/de_engineering/airflow_projects/airflow1/venv/lib/python3.10/site-packages/airflow/example_dags/example_python_operator.py
[2025-03-10T09:34:01.380+0100] {processor.py:830} INFO - Processing file /home/philip/de_engineering/airflow_projects/airflow1/venv/lib/python3.10/site-packages/airflow/example_dags/example_python_operator.py for tasks to queue
[2025-03-10T09:34:01.381+0100] {logging_mixin.py:188} INFO - [2025-03-10T09:34:01.380+0100] {dagbag.py:538} INFO - Filling up the DagBag from /home/philip/de_engineering/airflow_projects/airflow1/venv/lib/python3.10/site-packages/airflow/example_dags/example_python_operator.py
[2025-03-10T09:34:01.441+0100] {logging_mixin.py:188} INFO - [2025-03-10T09:34:01.441+0100] {example_python_operator.py:88} WARNING - The virtalenv_python example task requires virtualenv, please install it.
[2025-03-10T09:34:01.442+0100] {processor.py:840} INFO - DAG(s) 'example_python_operator' retrieved from /home/philip/de_engineering/airflow_projects/airflow1/venv/lib/python3.10/site-packages/airflow/example_dags/example_python_operator.py
[2025-03-10T09:34:01.463+0100] {logging_mixin.py:188} INFO - [2025-03-10T09:34:01.463+0100] {dag.py:3036} INFO - Sync 1 DAGs
[2025-03-10T09:34:01.473+0100] {logging_mixin.py:188} INFO - [2025-03-10T09:34:01.473+0100] {dag.py:3823} INFO - Setting next_dagrun for example_python_operator to None, run_after=None
[2025-03-10T09:34:01.492+0100] {processor.py:183} INFO - Processing /home/philip/de_engineering/airflow_projects/airflow1/venv/lib/python3.10/site-packages/airflow/example_dags/example_python_operator.py took 0.117 seconds
[2025-03-10T09:34:31.641+0100] {processor.py:161} INFO - Started process (PID=150024) to work on /home/philip/de_engineering/airflow_projects/airflow1/venv/lib/python3.10/site-packages/airflow/example_dags/example_python_operator.py
[2025-03-10T09:34:31.642+0100] {processor.py:830} INFO - Processing file /home/philip/de_engineering/airflow_projects/airflow1/venv/lib/python3.10/site-packages/airflow/example_dags/example_python_operator.py for tasks to queue
[2025-03-10T09:34:31.643+0100] {logging_mixin.py:188} INFO - [2025-03-10T09:34:31.642+0100] {dagbag.py:538} INFO - Filling up the DagBag from /home/philip/de_engineering/airflow_projects/airflow1/venv/lib/python3.10/site-packages/airflow/example_dags/example_python_operator.py
[2025-03-10T09:34:31.704+0100] {logging_mixin.py:188} INFO - [2025-03-10T09:34:31.703+0100] {example_python_operator.py:88} WARNING - The virtalenv_python example task requires virtualenv, please install it.
[2025-03-10T09:34:31.704+0100] {processor.py:840} INFO - DAG(s) 'example_python_operator' retrieved from /home/philip/de_engineering/airflow_projects/airflow1/venv/lib/python3.10/site-packages/airflow/example_dags/example_python_operator.py
[2025-03-10T09:34:31.729+0100] {logging_mixin.py:188} INFO - [2025-03-10T09:34:31.729+0100] {dag.py:3036} INFO - Sync 1 DAGs
[2025-03-10T09:34:31.741+0100] {logging_mixin.py:188} INFO - [2025-03-10T09:34:31.741+0100] {dag.py:3823} INFO - Setting next_dagrun for example_python_operator to None, run_after=None
[2025-03-10T09:34:31.757+0100] {processor.py:183} INFO - Processing /home/philip/de_engineering/airflow_projects/airflow1/venv/lib/python3.10/site-packages/airflow/example_dags/example_python_operator.py took 0.120 seconds
[2025-03-10T09:35:01.859+0100] {processor.py:161} INFO - Started process (PID=150408) to work on /home/philip/de_engineering/airflow_projects/airflow1/venv/lib/python3.10/site-packages/airflow/example_dags/example_python_operator.py
[2025-03-10T09:35:01.860+0100] {processor.py:830} INFO - Processing file /home/philip/de_engineering/airflow_projects/airflow1/venv/lib/python3.10/site-packages/airflow/example_dags/example_python_operator.py for tasks to queue
[2025-03-10T09:35:01.861+0100] {logging_mixin.py:188} INFO - [2025-03-10T09:35:01.860+0100] {dagbag.py:538} INFO - Filling up the DagBag from /home/philip/de_engineering/airflow_projects/airflow1/venv/lib/python3.10/site-packages/airflow/example_dags/example_python_operator.py
[2025-03-10T09:35:01.922+0100] {logging_mixin.py:188} INFO - [2025-03-10T09:35:01.922+0100] {example_python_operator.py:88} WARNING - The virtalenv_python example task requires virtualenv, please install it.
[2025-03-10T09:35:01.922+0100] {processor.py:840} INFO - DAG(s) 'example_python_operator' retrieved from /home/philip/de_engineering/airflow_projects/airflow1/venv/lib/python3.10/site-packages/airflow/example_dags/example_python_operator.py
[2025-03-10T09:35:01.946+0100] {logging_mixin.py:188} INFO - [2025-03-10T09:35:01.946+0100] {dag.py:3036} INFO - Sync 1 DAGs
[2025-03-10T09:35:01.958+0100] {logging_mixin.py:188} INFO - [2025-03-10T09:35:01.957+0100] {dag.py:3823} INFO - Setting next_dagrun for example_python_operator to None, run_after=None
[2025-03-10T09:35:01.973+0100] {processor.py:183} INFO - Processing /home/philip/de_engineering/airflow_projects/airflow1/venv/lib/python3.10/site-packages/airflow/example_dags/example_python_operator.py took 0.117 seconds
[2025-03-10T09:35:32.107+0100] {processor.py:161} INFO - Started process (PID=150783) to work on /home/philip/de_engineering/airflow_projects/airflow1/venv/lib/python3.10/site-packages/airflow/example_dags/example_python_operator.py
[2025-03-10T09:35:32.108+0100] {processor.py:830} INFO - Processing file /home/philip/de_engineering/airflow_projects/airflow1/venv/lib/python3.10/site-packages/airflow/example_dags/example_python_operator.py for tasks to queue
[2025-03-10T09:35:32.108+0100] {logging_mixin.py:188} INFO - [2025-03-10T09:35:32.108+0100] {dagbag.py:538} INFO - Filling up the DagBag from /home/philip/de_engineering/airflow_projects/airflow1/venv/lib/python3.10/site-packages/airflow/example_dags/example_python_operator.py
[2025-03-10T09:35:32.161+0100] {logging_mixin.py:188} INFO - [2025-03-10T09:35:32.161+0100] {example_python_operator.py:88} WARNING - The virtalenv_python example task requires virtualenv, please install it.
[2025-03-10T09:35:32.161+0100] {processor.py:840} INFO - DAG(s) 'example_python_operator' retrieved from /home/philip/de_engineering/airflow_projects/airflow1/venv/lib/python3.10/site-packages/airflow/example_dags/example_python_operator.py
[2025-03-10T09:35:32.183+0100] {logging_mixin.py:188} INFO - [2025-03-10T09:35:32.182+0100] {dag.py:3036} INFO - Sync 1 DAGs
[2025-03-10T09:35:32.194+0100] {logging_mixin.py:188} INFO - [2025-03-10T09:35:32.194+0100] {dag.py:3823} INFO - Setting next_dagrun for example_python_operator to None, run_after=None
[2025-03-10T09:35:32.209+0100] {processor.py:183} INFO - Processing /home/philip/de_engineering/airflow_projects/airflow1/venv/lib/python3.10/site-packages/airflow/example_dags/example_python_operator.py took 0.105 seconds
[2025-03-10T09:36:02.307+0100] {processor.py:161} INFO - Started process (PID=151164) to work on /home/philip/de_engineering/airflow_projects/airflow1/venv/lib/python3.10/site-packages/airflow/example_dags/example_python_operator.py
[2025-03-10T09:36:02.308+0100] {processor.py:830} INFO - Processing file /home/philip/de_engineering/airflow_projects/airflow1/venv/lib/python3.10/site-packages/airflow/example_dags/example_python_operator.py for tasks to queue
[2025-03-10T09:36:02.309+0100] {logging_mixin.py:188} INFO - [2025-03-10T09:36:02.309+0100] {dagbag.py:538} INFO - Filling up the DagBag from /home/philip/de_engineering/airflow_projects/airflow1/venv/lib/python3.10/site-packages/airflow/example_dags/example_python_operator.py
[2025-03-10T09:36:02.358+0100] {logging_mixin.py:188} INFO - [2025-03-10T09:36:02.358+0100] {example_python_operator.py:88} WARNING - The virtalenv_python example task requires virtualenv, please install it.
[2025-03-10T09:36:02.359+0100] {processor.py:840} INFO - DAG(s) 'example_python_operator' retrieved from /home/philip/de_engineering/airflow_projects/airflow1/venv/lib/python3.10/site-packages/airflow/example_dags/example_python_operator.py
[2025-03-10T09:36:02.379+0100] {logging_mixin.py:188} INFO - [2025-03-10T09:36:02.379+0100] {dag.py:3036} INFO - Sync 1 DAGs
[2025-03-10T09:36:02.390+0100] {logging_mixin.py:188} INFO - [2025-03-10T09:36:02.389+0100] {dag.py:3823} INFO - Setting next_dagrun for example_python_operator to None, run_after=None
[2025-03-10T09:36:02.408+0100] {processor.py:183} INFO - Processing /home/philip/de_engineering/airflow_projects/airflow1/venv/lib/python3.10/site-packages/airflow/example_dags/example_python_operator.py took 0.104 seconds
