[2025-03-10T09:14:22.927+0100] {processor.py:161} INFO - Started process (PID=136836) to work on /home/philip/de_engineering/airflow_projects/airflow1/venv/lib/python3.10/site-packages/airflow/example_dags/example_trigger_target_dag.py
[2025-03-10T09:14:22.928+0100] {processor.py:830} INFO - Processing file /home/philip/de_engineering/airflow_projects/airflow1/venv/lib/python3.10/site-packages/airflow/example_dags/example_trigger_target_dag.py for tasks to queue
[2025-03-10T09:14:22.929+0100] {logging_mixin.py:188} INFO - [2025-03-10T09:14:22.929+0100] {dagbag.py:538} INFO - Filling up the DagBag from /home/philip/de_engineering/airflow_projects/airflow1/venv/lib/python3.10/site-packages/airflow/example_dags/example_trigger_target_dag.py
[2025-03-10T09:14:22.939+0100] {processor.py:840} INFO - DAG(s) 'example_trigger_target_dag' retrieved from /home/philip/de_engineering/airflow_projects/airflow1/venv/lib/python3.10/site-packages/airflow/example_dags/example_trigger_target_dag.py
[2025-03-10T09:14:23.149+0100] {logging_mixin.py:188} INFO - [2025-03-10T09:14:23.149+0100] {override.py:1769} INFO - Created Permission View: can read on DAG:example_trigger_target_dag
[2025-03-10T09:14:23.157+0100] {logging_mixin.py:188} INFO - [2025-03-10T09:14:23.156+0100] {override.py:1769} INFO - Created Permission View: can delete on DAG:example_trigger_target_dag
[2025-03-10T09:14:23.161+0100] {logging_mixin.py:188} INFO - [2025-03-10T09:14:23.161+0100] {override.py:1769} INFO - Created Permission View: can edit on DAG:example_trigger_target_dag
[2025-03-10T09:14:23.161+0100] {logging_mixin.py:188} INFO - [2025-03-10T09:14:23.161+0100] {dag.py:3036} INFO - Sync 1 DAGs
[2025-03-10T09:14:23.170+0100] {logging_mixin.py:188} INFO - [2025-03-10T09:14:23.170+0100] {dag.py:3058} INFO - Creating ORM DAG for example_trigger_target_dag
[2025-03-10T09:14:23.170+0100] {logging_mixin.py:188} INFO - [2025-03-10T09:14:23.170+0100] {dag.py:3823} INFO - Setting next_dagrun for example_trigger_target_dag to None, run_after=None
[2025-03-10T09:14:23.183+0100] {processor.py:183} INFO - Processing /home/philip/de_engineering/airflow_projects/airflow1/venv/lib/python3.10/site-packages/airflow/example_dags/example_trigger_target_dag.py took 0.260 seconds
[2025-03-10T09:14:53.892+0100] {processor.py:161} INFO - Started process (PID=136947) to work on /home/philip/de_engineering/airflow_projects/airflow1/venv/lib/python3.10/site-packages/airflow/example_dags/example_trigger_target_dag.py
[2025-03-10T09:14:53.893+0100] {processor.py:830} INFO - Processing file /home/philip/de_engineering/airflow_projects/airflow1/venv/lib/python3.10/site-packages/airflow/example_dags/example_trigger_target_dag.py for tasks to queue
[2025-03-10T09:14:53.894+0100] {logging_mixin.py:188} INFO - [2025-03-10T09:14:53.894+0100] {dagbag.py:538} INFO - Filling up the DagBag from /home/philip/de_engineering/airflow_projects/airflow1/venv/lib/python3.10/site-packages/airflow/example_dags/example_trigger_target_dag.py
[2025-03-10T09:14:53.902+0100] {processor.py:840} INFO - DAG(s) 'example_trigger_target_dag' retrieved from /home/philip/de_engineering/airflow_projects/airflow1/venv/lib/python3.10/site-packages/airflow/example_dags/example_trigger_target_dag.py
[2025-03-10T09:14:53.928+0100] {logging_mixin.py:188} INFO - [2025-03-10T09:14:53.928+0100] {dag.py:3036} INFO - Sync 1 DAGs
[2025-03-10T09:14:53.939+0100] {logging_mixin.py:188} INFO - [2025-03-10T09:14:53.939+0100] {dag.py:3823} INFO - Setting next_dagrun for example_trigger_target_dag to None, run_after=None
[2025-03-10T09:14:53.955+0100] {processor.py:183} INFO - Processing /home/philip/de_engineering/airflow_projects/airflow1/venv/lib/python3.10/site-packages/airflow/example_dags/example_trigger_target_dag.py took 0.068 seconds
[2025-03-10T09:15:24.028+0100] {processor.py:161} INFO - Started process (PID=137049) to work on /home/philip/de_engineering/airflow_projects/airflow1/venv/lib/python3.10/site-packages/airflow/example_dags/example_trigger_target_dag.py
[2025-03-10T09:15:24.030+0100] {processor.py:830} INFO - Processing file /home/philip/de_engineering/airflow_projects/airflow1/venv/lib/python3.10/site-packages/airflow/example_dags/example_trigger_target_dag.py for tasks to queue
[2025-03-10T09:15:24.030+0100] {logging_mixin.py:188} INFO - [2025-03-10T09:15:24.030+0100] {dagbag.py:538} INFO - Filling up the DagBag from /home/philip/de_engineering/airflow_projects/airflow1/venv/lib/python3.10/site-packages/airflow/example_dags/example_trigger_target_dag.py
[2025-03-10T09:15:24.035+0100] {processor.py:840} INFO - DAG(s) 'example_trigger_target_dag' retrieved from /home/philip/de_engineering/airflow_projects/airflow1/venv/lib/python3.10/site-packages/airflow/example_dags/example_trigger_target_dag.py
[2025-03-10T09:15:24.057+0100] {logging_mixin.py:188} INFO - [2025-03-10T09:15:24.057+0100] {dag.py:3036} INFO - Sync 1 DAGs
[2025-03-10T09:15:24.069+0100] {logging_mixin.py:188} INFO - [2025-03-10T09:15:24.069+0100] {dag.py:3823} INFO - Setting next_dagrun for example_trigger_target_dag to None, run_after=None
[2025-03-10T09:15:24.084+0100] {processor.py:183} INFO - Processing /home/philip/de_engineering/airflow_projects/airflow1/venv/lib/python3.10/site-packages/airflow/example_dags/example_trigger_target_dag.py took 0.059 seconds
[2025-03-10T09:15:54.231+0100] {processor.py:161} INFO - Started process (PID=137149) to work on /home/philip/de_engineering/airflow_projects/airflow1/venv/lib/python3.10/site-packages/airflow/example_dags/example_trigger_target_dag.py
[2025-03-10T09:15:54.232+0100] {processor.py:830} INFO - Processing file /home/philip/de_engineering/airflow_projects/airflow1/venv/lib/python3.10/site-packages/airflow/example_dags/example_trigger_target_dag.py for tasks to queue
[2025-03-10T09:15:54.233+0100] {logging_mixin.py:188} INFO - [2025-03-10T09:15:54.232+0100] {dagbag.py:538} INFO - Filling up the DagBag from /home/philip/de_engineering/airflow_projects/airflow1/venv/lib/python3.10/site-packages/airflow/example_dags/example_trigger_target_dag.py
[2025-03-10T09:15:54.237+0100] {processor.py:840} INFO - DAG(s) 'example_trigger_target_dag' retrieved from /home/philip/de_engineering/airflow_projects/airflow1/venv/lib/python3.10/site-packages/airflow/example_dags/example_trigger_target_dag.py
[2025-03-10T09:15:54.256+0100] {logging_mixin.py:188} INFO - [2025-03-10T09:15:54.256+0100] {dag.py:3036} INFO - Sync 1 DAGs
[2025-03-10T09:15:54.267+0100] {logging_mixin.py:188} INFO - [2025-03-10T09:15:54.266+0100] {dag.py:3823} INFO - Setting next_dagrun for example_trigger_target_dag to None, run_after=None
[2025-03-10T09:15:54.281+0100] {processor.py:183} INFO - Processing /home/philip/de_engineering/airflow_projects/airflow1/venv/lib/python3.10/site-packages/airflow/example_dags/example_trigger_target_dag.py took 0.053 seconds
[2025-03-10T09:16:24.810+0100] {processor.py:161} INFO - Started process (PID=137520) to work on /home/philip/de_engineering/airflow_projects/airflow1/venv/lib/python3.10/site-packages/airflow/example_dags/example_trigger_target_dag.py
[2025-03-10T09:16:24.812+0100] {processor.py:830} INFO - Processing file /home/philip/de_engineering/airflow_projects/airflow1/venv/lib/python3.10/site-packages/airflow/example_dags/example_trigger_target_dag.py for tasks to queue
[2025-03-10T09:16:24.813+0100] {logging_mixin.py:188} INFO - [2025-03-10T09:16:24.812+0100] {dagbag.py:538} INFO - Filling up the DagBag from /home/philip/de_engineering/airflow_projects/airflow1/venv/lib/python3.10/site-packages/airflow/example_dags/example_trigger_target_dag.py
[2025-03-10T09:16:24.818+0100] {processor.py:840} INFO - DAG(s) 'example_trigger_target_dag' retrieved from /home/philip/de_engineering/airflow_projects/airflow1/venv/lib/python3.10/site-packages/airflow/example_dags/example_trigger_target_dag.py
[2025-03-10T09:16:24.844+0100] {logging_mixin.py:188} INFO - [2025-03-10T09:16:24.844+0100] {dag.py:3036} INFO - Sync 1 DAGs
[2025-03-10T09:16:24.856+0100] {logging_mixin.py:188} INFO - [2025-03-10T09:16:24.856+0100] {dag.py:3823} INFO - Setting next_dagrun for example_trigger_target_dag to None, run_after=None
[2025-03-10T09:16:24.874+0100] {processor.py:183} INFO - Processing /home/philip/de_engineering/airflow_projects/airflow1/venv/lib/python3.10/site-packages/airflow/example_dags/example_trigger_target_dag.py took 0.067 seconds
[2025-03-10T09:16:54.968+0100] {processor.py:161} INFO - Started process (PID=137709) to work on /home/philip/de_engineering/airflow_projects/airflow1/venv/lib/python3.10/site-packages/airflow/example_dags/example_trigger_target_dag.py
[2025-03-10T09:16:54.968+0100] {processor.py:830} INFO - Processing file /home/philip/de_engineering/airflow_projects/airflow1/venv/lib/python3.10/site-packages/airflow/example_dags/example_trigger_target_dag.py for tasks to queue
[2025-03-10T09:16:54.969+0100] {logging_mixin.py:188} INFO - [2025-03-10T09:16:54.969+0100] {dagbag.py:538} INFO - Filling up the DagBag from /home/philip/de_engineering/airflow_projects/airflow1/venv/lib/python3.10/site-packages/airflow/example_dags/example_trigger_target_dag.py
[2025-03-10T09:16:54.974+0100] {processor.py:840} INFO - DAG(s) 'example_trigger_target_dag' retrieved from /home/philip/de_engineering/airflow_projects/airflow1/venv/lib/python3.10/site-packages/airflow/example_dags/example_trigger_target_dag.py
[2025-03-10T09:16:54.995+0100] {logging_mixin.py:188} INFO - [2025-03-10T09:16:54.995+0100] {dag.py:3036} INFO - Sync 1 DAGs
[2025-03-10T09:16:55.005+0100] {logging_mixin.py:188} INFO - [2025-03-10T09:16:55.004+0100] {dag.py:3823} INFO - Setting next_dagrun for example_trigger_target_dag to None, run_after=None
[2025-03-10T09:16:55.022+0100] {processor.py:183} INFO - Processing /home/philip/de_engineering/airflow_projects/airflow1/venv/lib/python3.10/site-packages/airflow/example_dags/example_trigger_target_dag.py took 0.056 seconds
[2025-03-10T09:17:25.219+0100] {processor.py:161} INFO - Started process (PID=137901) to work on /home/philip/de_engineering/airflow_projects/airflow1/venv/lib/python3.10/site-packages/airflow/example_dags/example_trigger_target_dag.py
[2025-03-10T09:17:25.221+0100] {processor.py:830} INFO - Processing file /home/philip/de_engineering/airflow_projects/airflow1/venv/lib/python3.10/site-packages/airflow/example_dags/example_trigger_target_dag.py for tasks to queue
[2025-03-10T09:17:25.222+0100] {logging_mixin.py:188} INFO - [2025-03-10T09:17:25.221+0100] {dagbag.py:538} INFO - Filling up the DagBag from /home/philip/de_engineering/airflow_projects/airflow1/venv/lib/python3.10/site-packages/airflow/example_dags/example_trigger_target_dag.py
[2025-03-10T09:17:25.227+0100] {processor.py:840} INFO - DAG(s) 'example_trigger_target_dag' retrieved from /home/philip/de_engineering/airflow_projects/airflow1/venv/lib/python3.10/site-packages/airflow/example_dags/example_trigger_target_dag.py
[2025-03-10T09:17:25.250+0100] {logging_mixin.py:188} INFO - [2025-03-10T09:17:25.250+0100] {dag.py:3036} INFO - Sync 1 DAGs
[2025-03-10T09:17:25.262+0100] {logging_mixin.py:188} INFO - [2025-03-10T09:17:25.261+0100] {dag.py:3823} INFO - Setting next_dagrun for example_trigger_target_dag to None, run_after=None
[2025-03-10T09:17:25.279+0100] {processor.py:183} INFO - Processing /home/philip/de_engineering/airflow_projects/airflow1/venv/lib/python3.10/site-packages/airflow/example_dags/example_trigger_target_dag.py took 0.063 seconds
[2025-03-10T09:19:19.854+0100] {processor.py:161} INFO - Started process (PID=138468) to work on /home/philip/de_engineering/airflow_projects/airflow1/venv/lib/python3.10/site-packages/airflow/example_dags/example_trigger_target_dag.py
[2025-03-10T09:19:19.855+0100] {processor.py:830} INFO - Processing file /home/philip/de_engineering/airflow_projects/airflow1/venv/lib/python3.10/site-packages/airflow/example_dags/example_trigger_target_dag.py for tasks to queue
[2025-03-10T09:19:19.857+0100] {logging_mixin.py:188} INFO - [2025-03-10T09:19:19.856+0100] {dagbag.py:538} INFO - Filling up the DagBag from /home/philip/de_engineering/airflow_projects/airflow1/venv/lib/python3.10/site-packages/airflow/example_dags/example_trigger_target_dag.py
[2025-03-10T09:19:19.869+0100] {processor.py:840} INFO - DAG(s) 'example_trigger_target_dag' retrieved from /home/philip/de_engineering/airflow_projects/airflow1/venv/lib/python3.10/site-packages/airflow/example_dags/example_trigger_target_dag.py
[2025-03-10T09:19:20.078+0100] {logging_mixin.py:188} INFO - [2025-03-10T09:19:20.078+0100] {dag.py:3036} INFO - Sync 1 DAGs
[2025-03-10T09:19:20.087+0100] {logging_mixin.py:188} INFO - [2025-03-10T09:19:20.087+0100] {dag.py:3823} INFO - Setting next_dagrun for example_trigger_target_dag to None, run_after=None
[2025-03-10T09:19:20.106+0100] {processor.py:183} INFO - Processing /home/philip/de_engineering/airflow_projects/airflow1/venv/lib/python3.10/site-packages/airflow/example_dags/example_trigger_target_dag.py took 0.258 seconds
[2025-03-10T09:19:50.747+0100] {processor.py:161} INFO - Started process (PID=138808) to work on /home/philip/de_engineering/airflow_projects/airflow1/venv/lib/python3.10/site-packages/airflow/example_dags/example_trigger_target_dag.py
[2025-03-10T09:19:50.747+0100] {processor.py:830} INFO - Processing file /home/philip/de_engineering/airflow_projects/airflow1/venv/lib/python3.10/site-packages/airflow/example_dags/example_trigger_target_dag.py for tasks to queue
[2025-03-10T09:19:50.748+0100] {logging_mixin.py:188} INFO - [2025-03-10T09:19:50.748+0100] {dagbag.py:538} INFO - Filling up the DagBag from /home/philip/de_engineering/airflow_projects/airflow1/venv/lib/python3.10/site-packages/airflow/example_dags/example_trigger_target_dag.py
[2025-03-10T09:19:50.756+0100] {processor.py:840} INFO - DAG(s) 'example_trigger_target_dag' retrieved from /home/philip/de_engineering/airflow_projects/airflow1/venv/lib/python3.10/site-packages/airflow/example_dags/example_trigger_target_dag.py
[2025-03-10T09:19:50.786+0100] {logging_mixin.py:188} INFO - [2025-03-10T09:19:50.785+0100] {dag.py:3036} INFO - Sync 1 DAGs
[2025-03-10T09:19:50.800+0100] {logging_mixin.py:188} INFO - [2025-03-10T09:19:50.800+0100] {dag.py:3823} INFO - Setting next_dagrun for example_trigger_target_dag to None, run_after=None
[2025-03-10T09:19:50.819+0100] {processor.py:183} INFO - Processing /home/philip/de_engineering/airflow_projects/airflow1/venv/lib/python3.10/site-packages/airflow/example_dags/example_trigger_target_dag.py took 0.076 seconds
[2025-03-10T09:20:21.251+0100] {processor.py:161} INFO - Started process (PID=139183) to work on /home/philip/de_engineering/airflow_projects/airflow1/venv/lib/python3.10/site-packages/airflow/example_dags/example_trigger_target_dag.py
[2025-03-10T09:20:21.252+0100] {processor.py:830} INFO - Processing file /home/philip/de_engineering/airflow_projects/airflow1/venv/lib/python3.10/site-packages/airflow/example_dags/example_trigger_target_dag.py for tasks to queue
[2025-03-10T09:20:21.253+0100] {logging_mixin.py:188} INFO - [2025-03-10T09:20:21.252+0100] {dagbag.py:538} INFO - Filling up the DagBag from /home/philip/de_engineering/airflow_projects/airflow1/venv/lib/python3.10/site-packages/airflow/example_dags/example_trigger_target_dag.py
[2025-03-10T09:20:21.258+0100] {processor.py:840} INFO - DAG(s) 'example_trigger_target_dag' retrieved from /home/philip/de_engineering/airflow_projects/airflow1/venv/lib/python3.10/site-packages/airflow/example_dags/example_trigger_target_dag.py
[2025-03-10T09:20:21.282+0100] {logging_mixin.py:188} INFO - [2025-03-10T09:20:21.282+0100] {dag.py:3036} INFO - Sync 1 DAGs
[2025-03-10T09:20:21.292+0100] {logging_mixin.py:188} INFO - [2025-03-10T09:20:21.292+0100] {dag.py:3823} INFO - Setting next_dagrun for example_trigger_target_dag to None, run_after=None
[2025-03-10T09:20:21.307+0100] {processor.py:183} INFO - Processing /home/philip/de_engineering/airflow_projects/airflow1/venv/lib/python3.10/site-packages/airflow/example_dags/example_trigger_target_dag.py took 0.060 seconds
[2025-03-10T09:20:51.729+0100] {processor.py:161} INFO - Started process (PID=139563) to work on /home/philip/de_engineering/airflow_projects/airflow1/venv/lib/python3.10/site-packages/airflow/example_dags/example_trigger_target_dag.py
[2025-03-10T09:20:51.729+0100] {processor.py:830} INFO - Processing file /home/philip/de_engineering/airflow_projects/airflow1/venv/lib/python3.10/site-packages/airflow/example_dags/example_trigger_target_dag.py for tasks to queue
[2025-03-10T09:20:51.730+0100] {logging_mixin.py:188} INFO - [2025-03-10T09:20:51.730+0100] {dagbag.py:538} INFO - Filling up the DagBag from /home/philip/de_engineering/airflow_projects/airflow1/venv/lib/python3.10/site-packages/airflow/example_dags/example_trigger_target_dag.py
[2025-03-10T09:20:51.738+0100] {processor.py:840} INFO - DAG(s) 'example_trigger_target_dag' retrieved from /home/philip/de_engineering/airflow_projects/airflow1/venv/lib/python3.10/site-packages/airflow/example_dags/example_trigger_target_dag.py
[2025-03-10T09:20:51.768+0100] {logging_mixin.py:188} INFO - [2025-03-10T09:20:51.768+0100] {dag.py:3036} INFO - Sync 1 DAGs
[2025-03-10T09:20:51.783+0100] {logging_mixin.py:188} INFO - [2025-03-10T09:20:51.782+0100] {dag.py:3823} INFO - Setting next_dagrun for example_trigger_target_dag to None, run_after=None
[2025-03-10T09:20:51.805+0100] {processor.py:183} INFO - Processing /home/philip/de_engineering/airflow_projects/airflow1/venv/lib/python3.10/site-packages/airflow/example_dags/example_trigger_target_dag.py took 0.080 seconds
[2025-03-10T09:21:22.218+0100] {processor.py:161} INFO - Started process (PID=139946) to work on /home/philip/de_engineering/airflow_projects/airflow1/venv/lib/python3.10/site-packages/airflow/example_dags/example_trigger_target_dag.py
[2025-03-10T09:21:22.219+0100] {processor.py:830} INFO - Processing file /home/philip/de_engineering/airflow_projects/airflow1/venv/lib/python3.10/site-packages/airflow/example_dags/example_trigger_target_dag.py for tasks to queue
[2025-03-10T09:21:22.220+0100] {logging_mixin.py:188} INFO - [2025-03-10T09:21:22.219+0100] {dagbag.py:538} INFO - Filling up the DagBag from /home/philip/de_engineering/airflow_projects/airflow1/venv/lib/python3.10/site-packages/airflow/example_dags/example_trigger_target_dag.py
[2025-03-10T09:21:22.225+0100] {processor.py:840} INFO - DAG(s) 'example_trigger_target_dag' retrieved from /home/philip/de_engineering/airflow_projects/airflow1/venv/lib/python3.10/site-packages/airflow/example_dags/example_trigger_target_dag.py
[2025-03-10T09:21:22.248+0100] {logging_mixin.py:188} INFO - [2025-03-10T09:21:22.248+0100] {dag.py:3036} INFO - Sync 1 DAGs
[2025-03-10T09:21:22.259+0100] {logging_mixin.py:188} INFO - [2025-03-10T09:21:22.259+0100] {dag.py:3823} INFO - Setting next_dagrun for example_trigger_target_dag to None, run_after=None
[2025-03-10T09:21:22.275+0100] {processor.py:183} INFO - Processing /home/philip/de_engineering/airflow_projects/airflow1/venv/lib/python3.10/site-packages/airflow/example_dags/example_trigger_target_dag.py took 0.061 seconds
[2025-03-10T09:21:52.506+0100] {processor.py:161} INFO - Started process (PID=140322) to work on /home/philip/de_engineering/airflow_projects/airflow1/venv/lib/python3.10/site-packages/airflow/example_dags/example_trigger_target_dag.py
[2025-03-10T09:21:52.507+0100] {processor.py:830} INFO - Processing file /home/philip/de_engineering/airflow_projects/airflow1/venv/lib/python3.10/site-packages/airflow/example_dags/example_trigger_target_dag.py for tasks to queue
[2025-03-10T09:21:52.507+0100] {logging_mixin.py:188} INFO - [2025-03-10T09:21:52.507+0100] {dagbag.py:538} INFO - Filling up the DagBag from /home/philip/de_engineering/airflow_projects/airflow1/venv/lib/python3.10/site-packages/airflow/example_dags/example_trigger_target_dag.py
[2025-03-10T09:21:52.513+0100] {processor.py:840} INFO - DAG(s) 'example_trigger_target_dag' retrieved from /home/philip/de_engineering/airflow_projects/airflow1/venv/lib/python3.10/site-packages/airflow/example_dags/example_trigger_target_dag.py
[2025-03-10T09:21:52.538+0100] {logging_mixin.py:188} INFO - [2025-03-10T09:21:52.538+0100] {dag.py:3036} INFO - Sync 1 DAGs
[2025-03-10T09:21:52.550+0100] {logging_mixin.py:188} INFO - [2025-03-10T09:21:52.550+0100] {dag.py:3823} INFO - Setting next_dagrun for example_trigger_target_dag to None, run_after=None
[2025-03-10T09:21:52.567+0100] {processor.py:183} INFO - Processing /home/philip/de_engineering/airflow_projects/airflow1/venv/lib/python3.10/site-packages/airflow/example_dags/example_trigger_target_dag.py took 0.064 seconds
[2025-03-10T09:22:22.767+0100] {processor.py:161} INFO - Started process (PID=140703) to work on /home/philip/de_engineering/airflow_projects/airflow1/venv/lib/python3.10/site-packages/airflow/example_dags/example_trigger_target_dag.py
[2025-03-10T09:22:22.768+0100] {processor.py:830} INFO - Processing file /home/philip/de_engineering/airflow_projects/airflow1/venv/lib/python3.10/site-packages/airflow/example_dags/example_trigger_target_dag.py for tasks to queue
[2025-03-10T09:22:22.769+0100] {logging_mixin.py:188} INFO - [2025-03-10T09:22:22.769+0100] {dagbag.py:538} INFO - Filling up the DagBag from /home/philip/de_engineering/airflow_projects/airflow1/venv/lib/python3.10/site-packages/airflow/example_dags/example_trigger_target_dag.py
[2025-03-10T09:22:22.774+0100] {processor.py:840} INFO - DAG(s) 'example_trigger_target_dag' retrieved from /home/philip/de_engineering/airflow_projects/airflow1/venv/lib/python3.10/site-packages/airflow/example_dags/example_trigger_target_dag.py
[2025-03-10T09:22:22.797+0100] {logging_mixin.py:188} INFO - [2025-03-10T09:22:22.797+0100] {dag.py:3036} INFO - Sync 1 DAGs
[2025-03-10T09:22:22.808+0100] {logging_mixin.py:188} INFO - [2025-03-10T09:22:22.808+0100] {dag.py:3823} INFO - Setting next_dagrun for example_trigger_target_dag to None, run_after=None
[2025-03-10T09:22:22.823+0100] {processor.py:183} INFO - Processing /home/philip/de_engineering/airflow_projects/airflow1/venv/lib/python3.10/site-packages/airflow/example_dags/example_trigger_target_dag.py took 0.060 seconds
[2025-03-10T09:22:52.932+0100] {processor.py:161} INFO - Started process (PID=141077) to work on /home/philip/de_engineering/airflow_projects/airflow1/venv/lib/python3.10/site-packages/airflow/example_dags/example_trigger_target_dag.py
[2025-03-10T09:22:52.933+0100] {processor.py:830} INFO - Processing file /home/philip/de_engineering/airflow_projects/airflow1/venv/lib/python3.10/site-packages/airflow/example_dags/example_trigger_target_dag.py for tasks to queue
[2025-03-10T09:22:52.933+0100] {logging_mixin.py:188} INFO - [2025-03-10T09:22:52.933+0100] {dagbag.py:538} INFO - Filling up the DagBag from /home/philip/de_engineering/airflow_projects/airflow1/venv/lib/python3.10/site-packages/airflow/example_dags/example_trigger_target_dag.py
[2025-03-10T09:22:52.939+0100] {processor.py:840} INFO - DAG(s) 'example_trigger_target_dag' retrieved from /home/philip/de_engineering/airflow_projects/airflow1/venv/lib/python3.10/site-packages/airflow/example_dags/example_trigger_target_dag.py
[2025-03-10T09:22:52.962+0100] {logging_mixin.py:188} INFO - [2025-03-10T09:22:52.961+0100] {dag.py:3036} INFO - Sync 1 DAGs
[2025-03-10T09:22:52.972+0100] {logging_mixin.py:188} INFO - [2025-03-10T09:22:52.972+0100] {dag.py:3823} INFO - Setting next_dagrun for example_trigger_target_dag to None, run_after=None
[2025-03-10T09:22:52.990+0100] {processor.py:183} INFO - Processing /home/philip/de_engineering/airflow_projects/airflow1/venv/lib/python3.10/site-packages/airflow/example_dags/example_trigger_target_dag.py took 0.062 seconds
[2025-03-10T09:23:23.206+0100] {processor.py:161} INFO - Started process (PID=141460) to work on /home/philip/de_engineering/airflow_projects/airflow1/venv/lib/python3.10/site-packages/airflow/example_dags/example_trigger_target_dag.py
[2025-03-10T09:23:23.207+0100] {processor.py:830} INFO - Processing file /home/philip/de_engineering/airflow_projects/airflow1/venv/lib/python3.10/site-packages/airflow/example_dags/example_trigger_target_dag.py for tasks to queue
[2025-03-10T09:23:23.208+0100] {logging_mixin.py:188} INFO - [2025-03-10T09:23:23.207+0100] {dagbag.py:538} INFO - Filling up the DagBag from /home/philip/de_engineering/airflow_projects/airflow1/venv/lib/python3.10/site-packages/airflow/example_dags/example_trigger_target_dag.py
[2025-03-10T09:23:23.212+0100] {processor.py:840} INFO - DAG(s) 'example_trigger_target_dag' retrieved from /home/philip/de_engineering/airflow_projects/airflow1/venv/lib/python3.10/site-packages/airflow/example_dags/example_trigger_target_dag.py
[2025-03-10T09:23:23.234+0100] {logging_mixin.py:188} INFO - [2025-03-10T09:23:23.234+0100] {dag.py:3036} INFO - Sync 1 DAGs
[2025-03-10T09:23:23.243+0100] {logging_mixin.py:188} INFO - [2025-03-10T09:23:23.243+0100] {dag.py:3823} INFO - Setting next_dagrun for example_trigger_target_dag to None, run_after=None
[2025-03-10T09:23:23.259+0100] {processor.py:183} INFO - Processing /home/philip/de_engineering/airflow_projects/airflow1/venv/lib/python3.10/site-packages/airflow/example_dags/example_trigger_target_dag.py took 0.056 seconds
[2025-03-10T09:23:53.570+0100] {processor.py:161} INFO - Started process (PID=141835) to work on /home/philip/de_engineering/airflow_projects/airflow1/venv/lib/python3.10/site-packages/airflow/example_dags/example_trigger_target_dag.py
[2025-03-10T09:23:53.571+0100] {processor.py:830} INFO - Processing file /home/philip/de_engineering/airflow_projects/airflow1/venv/lib/python3.10/site-packages/airflow/example_dags/example_trigger_target_dag.py for tasks to queue
[2025-03-10T09:23:53.572+0100] {logging_mixin.py:188} INFO - [2025-03-10T09:23:53.572+0100] {dagbag.py:538} INFO - Filling up the DagBag from /home/philip/de_engineering/airflow_projects/airflow1/venv/lib/python3.10/site-packages/airflow/example_dags/example_trigger_target_dag.py
[2025-03-10T09:23:53.578+0100] {processor.py:840} INFO - DAG(s) 'example_trigger_target_dag' retrieved from /home/philip/de_engineering/airflow_projects/airflow1/venv/lib/python3.10/site-packages/airflow/example_dags/example_trigger_target_dag.py
[2025-03-10T09:23:53.602+0100] {logging_mixin.py:188} INFO - [2025-03-10T09:23:53.602+0100] {dag.py:3036} INFO - Sync 1 DAGs
[2025-03-10T09:23:53.613+0100] {logging_mixin.py:188} INFO - [2025-03-10T09:23:53.612+0100] {dag.py:3823} INFO - Setting next_dagrun for example_trigger_target_dag to None, run_after=None
[2025-03-10T09:23:53.628+0100] {processor.py:183} INFO - Processing /home/philip/de_engineering/airflow_projects/airflow1/venv/lib/python3.10/site-packages/airflow/example_dags/example_trigger_target_dag.py took 0.061 seconds
[2025-03-10T09:24:23.844+0100] {processor.py:161} INFO - Started process (PID=142216) to work on /home/philip/de_engineering/airflow_projects/airflow1/venv/lib/python3.10/site-packages/airflow/example_dags/example_trigger_target_dag.py
[2025-03-10T09:24:23.845+0100] {processor.py:830} INFO - Processing file /home/philip/de_engineering/airflow_projects/airflow1/venv/lib/python3.10/site-packages/airflow/example_dags/example_trigger_target_dag.py for tasks to queue
[2025-03-10T09:24:23.845+0100] {logging_mixin.py:188} INFO - [2025-03-10T09:24:23.845+0100] {dagbag.py:538} INFO - Filling up the DagBag from /home/philip/de_engineering/airflow_projects/airflow1/venv/lib/python3.10/site-packages/airflow/example_dags/example_trigger_target_dag.py
[2025-03-10T09:24:23.851+0100] {processor.py:840} INFO - DAG(s) 'example_trigger_target_dag' retrieved from /home/philip/de_engineering/airflow_projects/airflow1/venv/lib/python3.10/site-packages/airflow/example_dags/example_trigger_target_dag.py
[2025-03-10T09:24:23.874+0100] {logging_mixin.py:188} INFO - [2025-03-10T09:24:23.873+0100] {dag.py:3036} INFO - Sync 1 DAGs
[2025-03-10T09:24:23.886+0100] {logging_mixin.py:188} INFO - [2025-03-10T09:24:23.885+0100] {dag.py:3823} INFO - Setting next_dagrun for example_trigger_target_dag to None, run_after=None
[2025-03-10T09:24:23.904+0100] {processor.py:183} INFO - Processing /home/philip/de_engineering/airflow_projects/airflow1/venv/lib/python3.10/site-packages/airflow/example_dags/example_trigger_target_dag.py took 0.063 seconds
[2025-03-10T09:24:54.292+0100] {processor.py:161} INFO - Started process (PID=142596) to work on /home/philip/de_engineering/airflow_projects/airflow1/venv/lib/python3.10/site-packages/airflow/example_dags/example_trigger_target_dag.py
[2025-03-10T09:24:54.324+0100] {processor.py:830} INFO - Processing file /home/philip/de_engineering/airflow_projects/airflow1/venv/lib/python3.10/site-packages/airflow/example_dags/example_trigger_target_dag.py for tasks to queue
[2025-03-10T09:24:54.325+0100] {logging_mixin.py:188} INFO - [2025-03-10T09:24:54.325+0100] {dagbag.py:538} INFO - Filling up the DagBag from /home/philip/de_engineering/airflow_projects/airflow1/venv/lib/python3.10/site-packages/airflow/example_dags/example_trigger_target_dag.py
[2025-03-10T09:24:54.331+0100] {processor.py:840} INFO - DAG(s) 'example_trigger_target_dag' retrieved from /home/philip/de_engineering/airflow_projects/airflow1/venv/lib/python3.10/site-packages/airflow/example_dags/example_trigger_target_dag.py
[2025-03-10T09:24:54.354+0100] {logging_mixin.py:188} INFO - [2025-03-10T09:24:54.353+0100] {dag.py:3036} INFO - Sync 1 DAGs
[2025-03-10T09:24:54.365+0100] {logging_mixin.py:188} INFO - [2025-03-10T09:24:54.365+0100] {dag.py:3823} INFO - Setting next_dagrun for example_trigger_target_dag to None, run_after=None
[2025-03-10T09:24:54.384+0100] {processor.py:183} INFO - Processing /home/philip/de_engineering/airflow_projects/airflow1/venv/lib/python3.10/site-packages/airflow/example_dags/example_trigger_target_dag.py took 0.095 seconds
[2025-03-10T09:25:24.490+0100] {processor.py:161} INFO - Started process (PID=142976) to work on /home/philip/de_engineering/airflow_projects/airflow1/venv/lib/python3.10/site-packages/airflow/example_dags/example_trigger_target_dag.py
[2025-03-10T09:25:24.491+0100] {processor.py:830} INFO - Processing file /home/philip/de_engineering/airflow_projects/airflow1/venv/lib/python3.10/site-packages/airflow/example_dags/example_trigger_target_dag.py for tasks to queue
[2025-03-10T09:25:24.491+0100] {logging_mixin.py:188} INFO - [2025-03-10T09:25:24.491+0100] {dagbag.py:538} INFO - Filling up the DagBag from /home/philip/de_engineering/airflow_projects/airflow1/venv/lib/python3.10/site-packages/airflow/example_dags/example_trigger_target_dag.py
[2025-03-10T09:25:24.496+0100] {processor.py:840} INFO - DAG(s) 'example_trigger_target_dag' retrieved from /home/philip/de_engineering/airflow_projects/airflow1/venv/lib/python3.10/site-packages/airflow/example_dags/example_trigger_target_dag.py
[2025-03-10T09:25:24.515+0100] {logging_mixin.py:188} INFO - [2025-03-10T09:25:24.515+0100] {dag.py:3036} INFO - Sync 1 DAGs
[2025-03-10T09:25:24.525+0100] {logging_mixin.py:188} INFO - [2025-03-10T09:25:24.524+0100] {dag.py:3823} INFO - Setting next_dagrun for example_trigger_target_dag to None, run_after=None
[2025-03-10T09:25:24.539+0100] {processor.py:183} INFO - Processing /home/philip/de_engineering/airflow_projects/airflow1/venv/lib/python3.10/site-packages/airflow/example_dags/example_trigger_target_dag.py took 0.051 seconds
[2025-03-10T09:25:54.723+0100] {processor.py:161} INFO - Started process (PID=143357) to work on /home/philip/de_engineering/airflow_projects/airflow1/venv/lib/python3.10/site-packages/airflow/example_dags/example_trigger_target_dag.py
[2025-03-10T09:25:54.756+0100] {processor.py:830} INFO - Processing file /home/philip/de_engineering/airflow_projects/airflow1/venv/lib/python3.10/site-packages/airflow/example_dags/example_trigger_target_dag.py for tasks to queue
[2025-03-10T09:25:54.757+0100] {logging_mixin.py:188} INFO - [2025-03-10T09:25:54.757+0100] {dagbag.py:538} INFO - Filling up the DagBag from /home/philip/de_engineering/airflow_projects/airflow1/venv/lib/python3.10/site-packages/airflow/example_dags/example_trigger_target_dag.py
[2025-03-10T09:25:54.762+0100] {processor.py:840} INFO - DAG(s) 'example_trigger_target_dag' retrieved from /home/philip/de_engineering/airflow_projects/airflow1/venv/lib/python3.10/site-packages/airflow/example_dags/example_trigger_target_dag.py
[2025-03-10T09:25:54.787+0100] {logging_mixin.py:188} INFO - [2025-03-10T09:25:54.787+0100] {dag.py:3036} INFO - Sync 1 DAGs
[2025-03-10T09:25:54.799+0100] {logging_mixin.py:188} INFO - [2025-03-10T09:25:54.799+0100] {dag.py:3823} INFO - Setting next_dagrun for example_trigger_target_dag to None, run_after=None
[2025-03-10T09:25:54.816+0100] {processor.py:183} INFO - Processing /home/philip/de_engineering/airflow_projects/airflow1/venv/lib/python3.10/site-packages/airflow/example_dags/example_trigger_target_dag.py took 0.095 seconds
[2025-03-10T09:26:25.209+0100] {processor.py:161} INFO - Started process (PID=143731) to work on /home/philip/de_engineering/airflow_projects/airflow1/venv/lib/python3.10/site-packages/airflow/example_dags/example_trigger_target_dag.py
[2025-03-10T09:26:25.210+0100] {processor.py:830} INFO - Processing file /home/philip/de_engineering/airflow_projects/airflow1/venv/lib/python3.10/site-packages/airflow/example_dags/example_trigger_target_dag.py for tasks to queue
[2025-03-10T09:26:25.211+0100] {logging_mixin.py:188} INFO - [2025-03-10T09:26:25.210+0100] {dagbag.py:538} INFO - Filling up the DagBag from /home/philip/de_engineering/airflow_projects/airflow1/venv/lib/python3.10/site-packages/airflow/example_dags/example_trigger_target_dag.py
[2025-03-10T09:26:25.217+0100] {processor.py:840} INFO - DAG(s) 'example_trigger_target_dag' retrieved from /home/philip/de_engineering/airflow_projects/airflow1/venv/lib/python3.10/site-packages/airflow/example_dags/example_trigger_target_dag.py
[2025-03-10T09:26:25.243+0100] {logging_mixin.py:188} INFO - [2025-03-10T09:26:25.242+0100] {dag.py:3036} INFO - Sync 1 DAGs
[2025-03-10T09:26:25.253+0100] {logging_mixin.py:188} INFO - [2025-03-10T09:26:25.253+0100] {dag.py:3823} INFO - Setting next_dagrun for example_trigger_target_dag to None, run_after=None
[2025-03-10T09:26:25.267+0100] {processor.py:183} INFO - Processing /home/philip/de_engineering/airflow_projects/airflow1/venv/lib/python3.10/site-packages/airflow/example_dags/example_trigger_target_dag.py took 0.062 seconds
[2025-03-10T09:26:55.648+0100] {processor.py:161} INFO - Started process (PID=144112) to work on /home/philip/de_engineering/airflow_projects/airflow1/venv/lib/python3.10/site-packages/airflow/example_dags/example_trigger_target_dag.py
[2025-03-10T09:26:55.649+0100] {processor.py:830} INFO - Processing file /home/philip/de_engineering/airflow_projects/airflow1/venv/lib/python3.10/site-packages/airflow/example_dags/example_trigger_target_dag.py for tasks to queue
[2025-03-10T09:26:55.650+0100] {logging_mixin.py:188} INFO - [2025-03-10T09:26:55.649+0100] {dagbag.py:538} INFO - Filling up the DagBag from /home/philip/de_engineering/airflow_projects/airflow1/venv/lib/python3.10/site-packages/airflow/example_dags/example_trigger_target_dag.py
[2025-03-10T09:26:55.654+0100] {processor.py:840} INFO - DAG(s) 'example_trigger_target_dag' retrieved from /home/philip/de_engineering/airflow_projects/airflow1/venv/lib/python3.10/site-packages/airflow/example_dags/example_trigger_target_dag.py
[2025-03-10T09:26:55.680+0100] {logging_mixin.py:188} INFO - [2025-03-10T09:26:55.680+0100] {dag.py:3036} INFO - Sync 1 DAGs
[2025-03-10T09:26:55.692+0100] {logging_mixin.py:188} INFO - [2025-03-10T09:26:55.691+0100] {dag.py:3823} INFO - Setting next_dagrun for example_trigger_target_dag to None, run_after=None
[2025-03-10T09:26:55.706+0100] {processor.py:183} INFO - Processing /home/philip/de_engineering/airflow_projects/airflow1/venv/lib/python3.10/site-packages/airflow/example_dags/example_trigger_target_dag.py took 0.062 seconds
[2025-03-10T09:27:25.826+0100] {processor.py:161} INFO - Started process (PID=144486) to work on /home/philip/de_engineering/airflow_projects/airflow1/venv/lib/python3.10/site-packages/airflow/example_dags/example_trigger_target_dag.py
[2025-03-10T09:27:25.826+0100] {processor.py:830} INFO - Processing file /home/philip/de_engineering/airflow_projects/airflow1/venv/lib/python3.10/site-packages/airflow/example_dags/example_trigger_target_dag.py for tasks to queue
[2025-03-10T09:27:25.827+0100] {logging_mixin.py:188} INFO - [2025-03-10T09:27:25.827+0100] {dagbag.py:538} INFO - Filling up the DagBag from /home/philip/de_engineering/airflow_projects/airflow1/venv/lib/python3.10/site-packages/airflow/example_dags/example_trigger_target_dag.py
[2025-03-10T09:27:25.832+0100] {processor.py:840} INFO - DAG(s) 'example_trigger_target_dag' retrieved from /home/philip/de_engineering/airflow_projects/airflow1/venv/lib/python3.10/site-packages/airflow/example_dags/example_trigger_target_dag.py
[2025-03-10T09:27:25.854+0100] {logging_mixin.py:188} INFO - [2025-03-10T09:27:25.854+0100] {dag.py:3036} INFO - Sync 1 DAGs
[2025-03-10T09:27:25.864+0100] {logging_mixin.py:188} INFO - [2025-03-10T09:27:25.864+0100] {dag.py:3823} INFO - Setting next_dagrun for example_trigger_target_dag to None, run_after=None
[2025-03-10T09:27:25.884+0100] {processor.py:183} INFO - Processing /home/philip/de_engineering/airflow_projects/airflow1/venv/lib/python3.10/site-packages/airflow/example_dags/example_trigger_target_dag.py took 0.062 seconds
[2025-03-10T09:27:56.121+0100] {processor.py:161} INFO - Started process (PID=144867) to work on /home/philip/de_engineering/airflow_projects/airflow1/venv/lib/python3.10/site-packages/airflow/example_dags/example_trigger_target_dag.py
[2025-03-10T09:27:56.122+0100] {processor.py:830} INFO - Processing file /home/philip/de_engineering/airflow_projects/airflow1/venv/lib/python3.10/site-packages/airflow/example_dags/example_trigger_target_dag.py for tasks to queue
[2025-03-10T09:27:56.123+0100] {logging_mixin.py:188} INFO - [2025-03-10T09:27:56.123+0100] {dagbag.py:538} INFO - Filling up the DagBag from /home/philip/de_engineering/airflow_projects/airflow1/venv/lib/python3.10/site-packages/airflow/example_dags/example_trigger_target_dag.py
[2025-03-10T09:27:56.127+0100] {processor.py:840} INFO - DAG(s) 'example_trigger_target_dag' retrieved from /home/philip/de_engineering/airflow_projects/airflow1/venv/lib/python3.10/site-packages/airflow/example_dags/example_trigger_target_dag.py
[2025-03-10T09:27:56.146+0100] {logging_mixin.py:188} INFO - [2025-03-10T09:27:56.146+0100] {dag.py:3036} INFO - Sync 1 DAGs
[2025-03-10T09:27:56.156+0100] {logging_mixin.py:188} INFO - [2025-03-10T09:27:56.156+0100] {dag.py:3823} INFO - Setting next_dagrun for example_trigger_target_dag to None, run_after=None
[2025-03-10T09:27:56.171+0100] {processor.py:183} INFO - Processing /home/philip/de_engineering/airflow_projects/airflow1/venv/lib/python3.10/site-packages/airflow/example_dags/example_trigger_target_dag.py took 0.052 seconds
[2025-03-10T09:28:26.475+0100] {processor.py:161} INFO - Started process (PID=145247) to work on /home/philip/de_engineering/airflow_projects/airflow1/venv/lib/python3.10/site-packages/airflow/example_dags/example_trigger_target_dag.py
[2025-03-10T09:28:26.475+0100] {processor.py:830} INFO - Processing file /home/philip/de_engineering/airflow_projects/airflow1/venv/lib/python3.10/site-packages/airflow/example_dags/example_trigger_target_dag.py for tasks to queue
[2025-03-10T09:28:26.476+0100] {logging_mixin.py:188} INFO - [2025-03-10T09:28:26.476+0100] {dagbag.py:538} INFO - Filling up the DagBag from /home/philip/de_engineering/airflow_projects/airflow1/venv/lib/python3.10/site-packages/airflow/example_dags/example_trigger_target_dag.py
[2025-03-10T09:28:26.480+0100] {processor.py:840} INFO - DAG(s) 'example_trigger_target_dag' retrieved from /home/philip/de_engineering/airflow_projects/airflow1/venv/lib/python3.10/site-packages/airflow/example_dags/example_trigger_target_dag.py
[2025-03-10T09:28:26.499+0100] {logging_mixin.py:188} INFO - [2025-03-10T09:28:26.499+0100] {dag.py:3036} INFO - Sync 1 DAGs
[2025-03-10T09:28:26.509+0100] {logging_mixin.py:188} INFO - [2025-03-10T09:28:26.509+0100] {dag.py:3823} INFO - Setting next_dagrun for example_trigger_target_dag to None, run_after=None
[2025-03-10T09:28:26.525+0100] {processor.py:183} INFO - Processing /home/philip/de_engineering/airflow_projects/airflow1/venv/lib/python3.10/site-packages/airflow/example_dags/example_trigger_target_dag.py took 0.053 seconds
[2025-03-10T09:28:56.653+0100] {processor.py:161} INFO - Started process (PID=145624) to work on /home/philip/de_engineering/airflow_projects/airflow1/venv/lib/python3.10/site-packages/airflow/example_dags/example_trigger_target_dag.py
[2025-03-10T09:28:56.654+0100] {processor.py:830} INFO - Processing file /home/philip/de_engineering/airflow_projects/airflow1/venv/lib/python3.10/site-packages/airflow/example_dags/example_trigger_target_dag.py for tasks to queue
[2025-03-10T09:28:56.655+0100] {logging_mixin.py:188} INFO - [2025-03-10T09:28:56.654+0100] {dagbag.py:538} INFO - Filling up the DagBag from /home/philip/de_engineering/airflow_projects/airflow1/venv/lib/python3.10/site-packages/airflow/example_dags/example_trigger_target_dag.py
[2025-03-10T09:28:56.659+0100] {processor.py:840} INFO - DAG(s) 'example_trigger_target_dag' retrieved from /home/philip/de_engineering/airflow_projects/airflow1/venv/lib/python3.10/site-packages/airflow/example_dags/example_trigger_target_dag.py
[2025-03-10T09:28:56.677+0100] {logging_mixin.py:188} INFO - [2025-03-10T09:28:56.677+0100] {dag.py:3036} INFO - Sync 1 DAGs
[2025-03-10T09:28:56.687+0100] {logging_mixin.py:188} INFO - [2025-03-10T09:28:56.687+0100] {dag.py:3823} INFO - Setting next_dagrun for example_trigger_target_dag to None, run_after=None
[2025-03-10T09:28:56.702+0100] {processor.py:183} INFO - Processing /home/philip/de_engineering/airflow_projects/airflow1/venv/lib/python3.10/site-packages/airflow/example_dags/example_trigger_target_dag.py took 0.052 seconds
[2025-03-10T09:29:26.874+0100] {processor.py:161} INFO - Started process (PID=146004) to work on /home/philip/de_engineering/airflow_projects/airflow1/venv/lib/python3.10/site-packages/airflow/example_dags/example_trigger_target_dag.py
[2025-03-10T09:29:26.875+0100] {processor.py:830} INFO - Processing file /home/philip/de_engineering/airflow_projects/airflow1/venv/lib/python3.10/site-packages/airflow/example_dags/example_trigger_target_dag.py for tasks to queue
[2025-03-10T09:29:26.876+0100] {logging_mixin.py:188} INFO - [2025-03-10T09:29:26.875+0100] {dagbag.py:538} INFO - Filling up the DagBag from /home/philip/de_engineering/airflow_projects/airflow1/venv/lib/python3.10/site-packages/airflow/example_dags/example_trigger_target_dag.py
[2025-03-10T09:29:26.881+0100] {processor.py:840} INFO - DAG(s) 'example_trigger_target_dag' retrieved from /home/philip/de_engineering/airflow_projects/airflow1/venv/lib/python3.10/site-packages/airflow/example_dags/example_trigger_target_dag.py
[2025-03-10T09:29:26.900+0100] {logging_mixin.py:188} INFO - [2025-03-10T09:29:26.899+0100] {dag.py:3036} INFO - Sync 1 DAGs
[2025-03-10T09:29:26.909+0100] {logging_mixin.py:188} INFO - [2025-03-10T09:29:26.909+0100] {dag.py:3823} INFO - Setting next_dagrun for example_trigger_target_dag to None, run_after=None
[2025-03-10T09:29:26.925+0100] {processor.py:183} INFO - Processing /home/philip/de_engineering/airflow_projects/airflow1/venv/lib/python3.10/site-packages/airflow/example_dags/example_trigger_target_dag.py took 0.053 seconds
[2025-03-10T09:29:57.020+0100] {processor.py:161} INFO - Started process (PID=146379) to work on /home/philip/de_engineering/airflow_projects/airflow1/venv/lib/python3.10/site-packages/airflow/example_dags/example_trigger_target_dag.py
[2025-03-10T09:29:57.021+0100] {processor.py:830} INFO - Processing file /home/philip/de_engineering/airflow_projects/airflow1/venv/lib/python3.10/site-packages/airflow/example_dags/example_trigger_target_dag.py for tasks to queue
[2025-03-10T09:29:57.021+0100] {logging_mixin.py:188} INFO - [2025-03-10T09:29:57.021+0100] {dagbag.py:538} INFO - Filling up the DagBag from /home/philip/de_engineering/airflow_projects/airflow1/venv/lib/python3.10/site-packages/airflow/example_dags/example_trigger_target_dag.py
[2025-03-10T09:29:57.026+0100] {processor.py:840} INFO - DAG(s) 'example_trigger_target_dag' retrieved from /home/philip/de_engineering/airflow_projects/airflow1/venv/lib/python3.10/site-packages/airflow/example_dags/example_trigger_target_dag.py
[2025-03-10T09:29:57.045+0100] {logging_mixin.py:188} INFO - [2025-03-10T09:29:57.045+0100] {dag.py:3036} INFO - Sync 1 DAGs
[2025-03-10T09:29:57.056+0100] {logging_mixin.py:188} INFO - [2025-03-10T09:29:57.055+0100] {dag.py:3823} INFO - Setting next_dagrun for example_trigger_target_dag to None, run_after=None
[2025-03-10T09:29:57.072+0100] {processor.py:183} INFO - Processing /home/philip/de_engineering/airflow_projects/airflow1/venv/lib/python3.10/site-packages/airflow/example_dags/example_trigger_target_dag.py took 0.055 seconds
[2025-03-10T09:30:27.258+0100] {processor.py:161} INFO - Started process (PID=146760) to work on /home/philip/de_engineering/airflow_projects/airflow1/venv/lib/python3.10/site-packages/airflow/example_dags/example_trigger_target_dag.py
[2025-03-10T09:30:27.258+0100] {processor.py:830} INFO - Processing file /home/philip/de_engineering/airflow_projects/airflow1/venv/lib/python3.10/site-packages/airflow/example_dags/example_trigger_target_dag.py for tasks to queue
[2025-03-10T09:30:27.259+0100] {logging_mixin.py:188} INFO - [2025-03-10T09:30:27.259+0100] {dagbag.py:538} INFO - Filling up the DagBag from /home/philip/de_engineering/airflow_projects/airflow1/venv/lib/python3.10/site-packages/airflow/example_dags/example_trigger_target_dag.py
[2025-03-10T09:30:27.264+0100] {processor.py:840} INFO - DAG(s) 'example_trigger_target_dag' retrieved from /home/philip/de_engineering/airflow_projects/airflow1/venv/lib/python3.10/site-packages/airflow/example_dags/example_trigger_target_dag.py
[2025-03-10T09:30:27.289+0100] {logging_mixin.py:188} INFO - [2025-03-10T09:30:27.288+0100] {dag.py:3036} INFO - Sync 1 DAGs
[2025-03-10T09:30:27.300+0100] {logging_mixin.py:188} INFO - [2025-03-10T09:30:27.300+0100] {dag.py:3823} INFO - Setting next_dagrun for example_trigger_target_dag to None, run_after=None
[2025-03-10T09:30:27.318+0100] {processor.py:183} INFO - Processing /home/philip/de_engineering/airflow_projects/airflow1/venv/lib/python3.10/site-packages/airflow/example_dags/example_trigger_target_dag.py took 0.062 seconds
[2025-03-10T09:30:57.399+0100] {processor.py:161} INFO - Started process (PID=147135) to work on /home/philip/de_engineering/airflow_projects/airflow1/venv/lib/python3.10/site-packages/airflow/example_dags/example_trigger_target_dag.py
[2025-03-10T09:30:57.400+0100] {processor.py:830} INFO - Processing file /home/philip/de_engineering/airflow_projects/airflow1/venv/lib/python3.10/site-packages/airflow/example_dags/example_trigger_target_dag.py for tasks to queue
[2025-03-10T09:30:57.401+0100] {logging_mixin.py:188} INFO - [2025-03-10T09:30:57.401+0100] {dagbag.py:538} INFO - Filling up the DagBag from /home/philip/de_engineering/airflow_projects/airflow1/venv/lib/python3.10/site-packages/airflow/example_dags/example_trigger_target_dag.py
[2025-03-10T09:30:57.406+0100] {processor.py:840} INFO - DAG(s) 'example_trigger_target_dag' retrieved from /home/philip/de_engineering/airflow_projects/airflow1/venv/lib/python3.10/site-packages/airflow/example_dags/example_trigger_target_dag.py
[2025-03-10T09:30:57.427+0100] {logging_mixin.py:188} INFO - [2025-03-10T09:30:57.427+0100] {dag.py:3036} INFO - Sync 1 DAGs
[2025-03-10T09:30:57.437+0100] {logging_mixin.py:188} INFO - [2025-03-10T09:30:57.437+0100] {dag.py:3823} INFO - Setting next_dagrun for example_trigger_target_dag to None, run_after=None
[2025-03-10T09:30:57.457+0100] {processor.py:183} INFO - Processing /home/philip/de_engineering/airflow_projects/airflow1/venv/lib/python3.10/site-packages/airflow/example_dags/example_trigger_target_dag.py took 0.060 seconds
[2025-03-10T09:31:27.683+0100] {processor.py:161} INFO - Started process (PID=147515) to work on /home/philip/de_engineering/airflow_projects/airflow1/venv/lib/python3.10/site-packages/airflow/example_dags/example_trigger_target_dag.py
[2025-03-10T09:31:27.684+0100] {processor.py:830} INFO - Processing file /home/philip/de_engineering/airflow_projects/airflow1/venv/lib/python3.10/site-packages/airflow/example_dags/example_trigger_target_dag.py for tasks to queue
[2025-03-10T09:31:27.685+0100] {logging_mixin.py:188} INFO - [2025-03-10T09:31:27.684+0100] {dagbag.py:538} INFO - Filling up the DagBag from /home/philip/de_engineering/airflow_projects/airflow1/venv/lib/python3.10/site-packages/airflow/example_dags/example_trigger_target_dag.py
[2025-03-10T09:31:27.690+0100] {processor.py:840} INFO - DAG(s) 'example_trigger_target_dag' retrieved from /home/philip/de_engineering/airflow_projects/airflow1/venv/lib/python3.10/site-packages/airflow/example_dags/example_trigger_target_dag.py
[2025-03-10T09:31:27.711+0100] {logging_mixin.py:188} INFO - [2025-03-10T09:31:27.711+0100] {dag.py:3036} INFO - Sync 1 DAGs
[2025-03-10T09:31:27.722+0100] {logging_mixin.py:188} INFO - [2025-03-10T09:31:27.722+0100] {dag.py:3823} INFO - Setting next_dagrun for example_trigger_target_dag to None, run_after=None
[2025-03-10T09:31:27.738+0100] {processor.py:183} INFO - Processing /home/philip/de_engineering/airflow_projects/airflow1/venv/lib/python3.10/site-packages/airflow/example_dags/example_trigger_target_dag.py took 0.058 seconds
[2025-03-10T09:31:57.822+0100] {processor.py:161} INFO - Started process (PID=147890) to work on /home/philip/de_engineering/airflow_projects/airflow1/venv/lib/python3.10/site-packages/airflow/example_dags/example_trigger_target_dag.py
[2025-03-10T09:31:57.823+0100] {processor.py:830} INFO - Processing file /home/philip/de_engineering/airflow_projects/airflow1/venv/lib/python3.10/site-packages/airflow/example_dags/example_trigger_target_dag.py for tasks to queue
[2025-03-10T09:31:57.824+0100] {logging_mixin.py:188} INFO - [2025-03-10T09:31:57.823+0100] {dagbag.py:538} INFO - Filling up the DagBag from /home/philip/de_engineering/airflow_projects/airflow1/venv/lib/python3.10/site-packages/airflow/example_dags/example_trigger_target_dag.py
[2025-03-10T09:31:57.828+0100] {processor.py:840} INFO - DAG(s) 'example_trigger_target_dag' retrieved from /home/philip/de_engineering/airflow_projects/airflow1/venv/lib/python3.10/site-packages/airflow/example_dags/example_trigger_target_dag.py
[2025-03-10T09:31:57.847+0100] {logging_mixin.py:188} INFO - [2025-03-10T09:31:57.847+0100] {dag.py:3036} INFO - Sync 1 DAGs
[2025-03-10T09:31:57.857+0100] {logging_mixin.py:188} INFO - [2025-03-10T09:31:57.857+0100] {dag.py:3823} INFO - Setting next_dagrun for example_trigger_target_dag to None, run_after=None
[2025-03-10T09:31:57.872+0100] {processor.py:183} INFO - Processing /home/philip/de_engineering/airflow_projects/airflow1/venv/lib/python3.10/site-packages/airflow/example_dags/example_trigger_target_dag.py took 0.053 seconds
[2025-03-10T09:32:28.002+0100] {processor.py:161} INFO - Started process (PID=148270) to work on /home/philip/de_engineering/airflow_projects/airflow1/venv/lib/python3.10/site-packages/airflow/example_dags/example_trigger_target_dag.py
[2025-03-10T09:32:28.003+0100] {processor.py:830} INFO - Processing file /home/philip/de_engineering/airflow_projects/airflow1/venv/lib/python3.10/site-packages/airflow/example_dags/example_trigger_target_dag.py for tasks to queue
[2025-03-10T09:32:28.004+0100] {logging_mixin.py:188} INFO - [2025-03-10T09:32:28.003+0100] {dagbag.py:538} INFO - Filling up the DagBag from /home/philip/de_engineering/airflow_projects/airflow1/venv/lib/python3.10/site-packages/airflow/example_dags/example_trigger_target_dag.py
[2025-03-10T09:32:28.008+0100] {processor.py:840} INFO - DAG(s) 'example_trigger_target_dag' retrieved from /home/philip/de_engineering/airflow_projects/airflow1/venv/lib/python3.10/site-packages/airflow/example_dags/example_trigger_target_dag.py
[2025-03-10T09:32:28.025+0100] {logging_mixin.py:188} INFO - [2025-03-10T09:32:28.025+0100] {dag.py:3036} INFO - Sync 1 DAGs
[2025-03-10T09:32:28.035+0100] {logging_mixin.py:188} INFO - [2025-03-10T09:32:28.035+0100] {dag.py:3823} INFO - Setting next_dagrun for example_trigger_target_dag to None, run_after=None
[2025-03-10T09:32:28.049+0100] {processor.py:183} INFO - Processing /home/philip/de_engineering/airflow_projects/airflow1/venv/lib/python3.10/site-packages/airflow/example_dags/example_trigger_target_dag.py took 0.050 seconds
[2025-03-10T09:32:58.191+0100] {processor.py:161} INFO - Started process (PID=148645) to work on /home/philip/de_engineering/airflow_projects/airflow1/venv/lib/python3.10/site-packages/airflow/example_dags/example_trigger_target_dag.py
[2025-03-10T09:32:58.193+0100] {processor.py:830} INFO - Processing file /home/philip/de_engineering/airflow_projects/airflow1/venv/lib/python3.10/site-packages/airflow/example_dags/example_trigger_target_dag.py for tasks to queue
[2025-03-10T09:32:58.194+0100] {logging_mixin.py:188} INFO - [2025-03-10T09:32:58.193+0100] {dagbag.py:538} INFO - Filling up the DagBag from /home/philip/de_engineering/airflow_projects/airflow1/venv/lib/python3.10/site-packages/airflow/example_dags/example_trigger_target_dag.py
[2025-03-10T09:32:58.198+0100] {processor.py:840} INFO - DAG(s) 'example_trigger_target_dag' retrieved from /home/philip/de_engineering/airflow_projects/airflow1/venv/lib/python3.10/site-packages/airflow/example_dags/example_trigger_target_dag.py
[2025-03-10T09:32:58.218+0100] {logging_mixin.py:188} INFO - [2025-03-10T09:32:58.218+0100] {dag.py:3036} INFO - Sync 1 DAGs
[2025-03-10T09:32:58.229+0100] {logging_mixin.py:188} INFO - [2025-03-10T09:32:58.229+0100] {dag.py:3823} INFO - Setting next_dagrun for example_trigger_target_dag to None, run_after=None
[2025-03-10T09:32:58.245+0100] {processor.py:183} INFO - Processing /home/philip/de_engineering/airflow_projects/airflow1/venv/lib/python3.10/site-packages/airflow/example_dags/example_trigger_target_dag.py took 0.056 seconds
[2025-03-10T09:33:28.489+0100] {processor.py:161} INFO - Started process (PID=149027) to work on /home/philip/de_engineering/airflow_projects/airflow1/venv/lib/python3.10/site-packages/airflow/example_dags/example_trigger_target_dag.py
[2025-03-10T09:33:28.490+0100] {processor.py:830} INFO - Processing file /home/philip/de_engineering/airflow_projects/airflow1/venv/lib/python3.10/site-packages/airflow/example_dags/example_trigger_target_dag.py for tasks to queue
[2025-03-10T09:33:28.490+0100] {logging_mixin.py:188} INFO - [2025-03-10T09:33:28.490+0100] {dagbag.py:538} INFO - Filling up the DagBag from /home/philip/de_engineering/airflow_projects/airflow1/venv/lib/python3.10/site-packages/airflow/example_dags/example_trigger_target_dag.py
[2025-03-10T09:33:28.495+0100] {processor.py:840} INFO - DAG(s) 'example_trigger_target_dag' retrieved from /home/philip/de_engineering/airflow_projects/airflow1/venv/lib/python3.10/site-packages/airflow/example_dags/example_trigger_target_dag.py
[2025-03-10T09:33:28.514+0100] {logging_mixin.py:188} INFO - [2025-03-10T09:33:28.514+0100] {dag.py:3036} INFO - Sync 1 DAGs
[2025-03-10T09:33:28.524+0100] {logging_mixin.py:188} INFO - [2025-03-10T09:33:28.524+0100] {dag.py:3823} INFO - Setting next_dagrun for example_trigger_target_dag to None, run_after=None
[2025-03-10T09:33:28.539+0100] {processor.py:183} INFO - Processing /home/philip/de_engineering/airflow_projects/airflow1/venv/lib/python3.10/site-packages/airflow/example_dags/example_trigger_target_dag.py took 0.053 seconds
[2025-03-10T09:33:58.628+0100] {processor.py:161} INFO - Started process (PID=149408) to work on /home/philip/de_engineering/airflow_projects/airflow1/venv/lib/python3.10/site-packages/airflow/example_dags/example_trigger_target_dag.py
[2025-03-10T09:33:58.676+0100] {processor.py:830} INFO - Processing file /home/philip/de_engineering/airflow_projects/airflow1/venv/lib/python3.10/site-packages/airflow/example_dags/example_trigger_target_dag.py for tasks to queue
[2025-03-10T09:33:58.677+0100] {logging_mixin.py:188} INFO - [2025-03-10T09:33:58.677+0100] {dagbag.py:538} INFO - Filling up the DagBag from /home/philip/de_engineering/airflow_projects/airflow1/venv/lib/python3.10/site-packages/airflow/example_dags/example_trigger_target_dag.py
[2025-03-10T09:33:58.682+0100] {processor.py:840} INFO - DAG(s) 'example_trigger_target_dag' retrieved from /home/philip/de_engineering/airflow_projects/airflow1/venv/lib/python3.10/site-packages/airflow/example_dags/example_trigger_target_dag.py
[2025-03-10T09:33:58.705+0100] {logging_mixin.py:188} INFO - [2025-03-10T09:33:58.705+0100] {dag.py:3036} INFO - Sync 1 DAGs
[2025-03-10T09:33:58.719+0100] {logging_mixin.py:188} INFO - [2025-03-10T09:33:58.719+0100] {dag.py:3823} INFO - Setting next_dagrun for example_trigger_target_dag to None, run_after=None
[2025-03-10T09:33:58.737+0100] {processor.py:183} INFO - Processing /home/philip/de_engineering/airflow_projects/airflow1/venv/lib/python3.10/site-packages/airflow/example_dags/example_trigger_target_dag.py took 0.112 seconds
[2025-03-10T09:34:28.932+0100] {processor.py:161} INFO - Started process (PID=149782) to work on /home/philip/de_engineering/airflow_projects/airflow1/venv/lib/python3.10/site-packages/airflow/example_dags/example_trigger_target_dag.py
[2025-03-10T09:34:28.933+0100] {processor.py:830} INFO - Processing file /home/philip/de_engineering/airflow_projects/airflow1/venv/lib/python3.10/site-packages/airflow/example_dags/example_trigger_target_dag.py for tasks to queue
[2025-03-10T09:34:28.933+0100] {logging_mixin.py:188} INFO - [2025-03-10T09:34:28.933+0100] {dagbag.py:538} INFO - Filling up the DagBag from /home/philip/de_engineering/airflow_projects/airflow1/venv/lib/python3.10/site-packages/airflow/example_dags/example_trigger_target_dag.py
[2025-03-10T09:34:28.939+0100] {processor.py:840} INFO - DAG(s) 'example_trigger_target_dag' retrieved from /home/philip/de_engineering/airflow_projects/airflow1/venv/lib/python3.10/site-packages/airflow/example_dags/example_trigger_target_dag.py
[2025-03-10T09:34:28.963+0100] {logging_mixin.py:188} INFO - [2025-03-10T09:34:28.963+0100] {dag.py:3036} INFO - Sync 1 DAGs
[2025-03-10T09:34:28.974+0100] {logging_mixin.py:188} INFO - [2025-03-10T09:34:28.973+0100] {dag.py:3823} INFO - Setting next_dagrun for example_trigger_target_dag to None, run_after=None
[2025-03-10T09:34:28.991+0100] {processor.py:183} INFO - Processing /home/philip/de_engineering/airflow_projects/airflow1/venv/lib/python3.10/site-packages/airflow/example_dags/example_trigger_target_dag.py took 0.062 seconds
[2025-03-10T09:34:59.162+0100] {processor.py:161} INFO - Started process (PID=150165) to work on /home/philip/de_engineering/airflow_projects/airflow1/venv/lib/python3.10/site-packages/airflow/example_dags/example_trigger_target_dag.py
[2025-03-10T09:34:59.163+0100] {processor.py:830} INFO - Processing file /home/philip/de_engineering/airflow_projects/airflow1/venv/lib/python3.10/site-packages/airflow/example_dags/example_trigger_target_dag.py for tasks to queue
[2025-03-10T09:34:59.164+0100] {logging_mixin.py:188} INFO - [2025-03-10T09:34:59.164+0100] {dagbag.py:538} INFO - Filling up the DagBag from /home/philip/de_engineering/airflow_projects/airflow1/venv/lib/python3.10/site-packages/airflow/example_dags/example_trigger_target_dag.py
[2025-03-10T09:34:59.168+0100] {processor.py:840} INFO - DAG(s) 'example_trigger_target_dag' retrieved from /home/philip/de_engineering/airflow_projects/airflow1/venv/lib/python3.10/site-packages/airflow/example_dags/example_trigger_target_dag.py
[2025-03-10T09:34:59.187+0100] {logging_mixin.py:188} INFO - [2025-03-10T09:34:59.187+0100] {dag.py:3036} INFO - Sync 1 DAGs
[2025-03-10T09:34:59.197+0100] {logging_mixin.py:188} INFO - [2025-03-10T09:34:59.196+0100] {dag.py:3823} INFO - Setting next_dagrun for example_trigger_target_dag to None, run_after=None
[2025-03-10T09:34:59.211+0100] {processor.py:183} INFO - Processing /home/philip/de_engineering/airflow_projects/airflow1/venv/lib/python3.10/site-packages/airflow/example_dags/example_trigger_target_dag.py took 0.051 seconds
[2025-03-10T09:35:29.374+0100] {processor.py:161} INFO - Started process (PID=150542) to work on /home/philip/de_engineering/airflow_projects/airflow1/venv/lib/python3.10/site-packages/airflow/example_dags/example_trigger_target_dag.py
[2025-03-10T09:35:29.374+0100] {processor.py:830} INFO - Processing file /home/philip/de_engineering/airflow_projects/airflow1/venv/lib/python3.10/site-packages/airflow/example_dags/example_trigger_target_dag.py for tasks to queue
[2025-03-10T09:35:29.375+0100] {logging_mixin.py:188} INFO - [2025-03-10T09:35:29.375+0100] {dagbag.py:538} INFO - Filling up the DagBag from /home/philip/de_engineering/airflow_projects/airflow1/venv/lib/python3.10/site-packages/airflow/example_dags/example_trigger_target_dag.py
[2025-03-10T09:35:29.381+0100] {processor.py:840} INFO - DAG(s) 'example_trigger_target_dag' retrieved from /home/philip/de_engineering/airflow_projects/airflow1/venv/lib/python3.10/site-packages/airflow/example_dags/example_trigger_target_dag.py
[2025-03-10T09:35:29.403+0100] {logging_mixin.py:188} INFO - [2025-03-10T09:35:29.403+0100] {dag.py:3036} INFO - Sync 1 DAGs
[2025-03-10T09:35:29.414+0100] {logging_mixin.py:188} INFO - [2025-03-10T09:35:29.414+0100] {dag.py:3823} INFO - Setting next_dagrun for example_trigger_target_dag to None, run_after=None
[2025-03-10T09:35:29.429+0100] {processor.py:183} INFO - Processing /home/philip/de_engineering/airflow_projects/airflow1/venv/lib/python3.10/site-packages/airflow/example_dags/example_trigger_target_dag.py took 0.059 seconds
[2025-03-10T09:35:59.621+0100] {processor.py:161} INFO - Started process (PID=150923) to work on /home/philip/de_engineering/airflow_projects/airflow1/venv/lib/python3.10/site-packages/airflow/example_dags/example_trigger_target_dag.py
[2025-03-10T09:35:59.622+0100] {processor.py:830} INFO - Processing file /home/philip/de_engineering/airflow_projects/airflow1/venv/lib/python3.10/site-packages/airflow/example_dags/example_trigger_target_dag.py for tasks to queue
[2025-03-10T09:35:59.623+0100] {logging_mixin.py:188} INFO - [2025-03-10T09:35:59.622+0100] {dagbag.py:538} INFO - Filling up the DagBag from /home/philip/de_engineering/airflow_projects/airflow1/venv/lib/python3.10/site-packages/airflow/example_dags/example_trigger_target_dag.py
[2025-03-10T09:35:59.627+0100] {processor.py:840} INFO - DAG(s) 'example_trigger_target_dag' retrieved from /home/philip/de_engineering/airflow_projects/airflow1/venv/lib/python3.10/site-packages/airflow/example_dags/example_trigger_target_dag.py
[2025-03-10T09:35:59.648+0100] {logging_mixin.py:188} INFO - [2025-03-10T09:35:59.648+0100] {dag.py:3036} INFO - Sync 1 DAGs
[2025-03-10T09:35:59.659+0100] {logging_mixin.py:188} INFO - [2025-03-10T09:35:59.658+0100] {dag.py:3823} INFO - Setting next_dagrun for example_trigger_target_dag to None, run_after=None
[2025-03-10T09:35:59.675+0100] {processor.py:183} INFO - Processing /home/philip/de_engineering/airflow_projects/airflow1/venv/lib/python3.10/site-packages/airflow/example_dags/example_trigger_target_dag.py took 0.057 seconds
