[2025-03-10T09:14:24.309+0100] {processor.py:161} INFO - Started process (PID=136869) to work on /home/philip/de_engineering/airflow_projects/airflow1/venv/lib/python3.10/site-packages/airflow/example_dags/example_bash_operator.py
[2025-03-10T09:14:24.309+0100] {processor.py:830} INFO - Processing file /home/philip/de_engineering/airflow_projects/airflow1/venv/lib/python3.10/site-packages/airflow/example_dags/example_bash_operator.py for tasks to queue
[2025-03-10T09:14:24.310+0100] {logging_mixin.py:188} INFO - [2025-03-10T09:14:24.310+0100] {dagbag.py:538} INFO - Filling up the DagBag from /home/philip/de_engineering/airflow_projects/airflow1/venv/lib/python3.10/site-packages/airflow/example_dags/example_bash_operator.py
[2025-03-10T09:14:24.322+0100] {processor.py:840} INFO - DAG(s) 'example_bash_operator' retrieved from /home/philip/de_engineering/airflow_projects/airflow1/venv/lib/python3.10/site-packages/airflow/example_dags/example_bash_operator.py
[2025-03-10T09:14:24.403+0100] {logging_mixin.py:188} INFO - [2025-03-10T09:14:24.402+0100] {override.py:1769} INFO - Created Permission View: can read on DAG:example_bash_operator
[2025-03-10T09:14:24.410+0100] {logging_mixin.py:188} INFO - [2025-03-10T09:14:24.410+0100] {override.py:1769} INFO - Created Permission View: can delete on DAG:example_bash_operator
[2025-03-10T09:14:24.415+0100] {logging_mixin.py:188} INFO - [2025-03-10T09:14:24.415+0100] {override.py:1769} INFO - Created Permission View: can edit on DAG:example_bash_operator
[2025-03-10T09:14:24.415+0100] {logging_mixin.py:188} INFO - [2025-03-10T09:14:24.415+0100] {dag.py:3036} INFO - Sync 1 DAGs
[2025-03-10T09:14:24.423+0100] {logging_mixin.py:188} INFO - [2025-03-10T09:14:24.423+0100] {dag.py:3058} INFO - Creating ORM DAG for example_bash_operator
[2025-03-10T09:14:24.431+0100] {logging_mixin.py:188} INFO - [2025-03-10T09:14:24.431+0100] {dag.py:3823} INFO - Setting next_dagrun for example_bash_operator to 2025-03-09 00:00:00+00:00, run_after=2025-03-10 00:00:00+00:00
[2025-03-10T09:14:24.444+0100] {processor.py:183} INFO - Processing /home/philip/de_engineering/airflow_projects/airflow1/venv/lib/python3.10/site-packages/airflow/example_dags/example_bash_operator.py took 0.138 seconds
[2025-03-10T09:14:55.376+0100] {processor.py:161} INFO - Started process (PID=136980) to work on /home/philip/de_engineering/airflow_projects/airflow1/venv/lib/python3.10/site-packages/airflow/example_dags/example_bash_operator.py
[2025-03-10T09:14:55.377+0100] {processor.py:830} INFO - Processing file /home/philip/de_engineering/airflow_projects/airflow1/venv/lib/python3.10/site-packages/airflow/example_dags/example_bash_operator.py for tasks to queue
[2025-03-10T09:14:55.378+0100] {logging_mixin.py:188} INFO - [2025-03-10T09:14:55.377+0100] {dagbag.py:538} INFO - Filling up the DagBag from /home/philip/de_engineering/airflow_projects/airflow1/venv/lib/python3.10/site-packages/airflow/example_dags/example_bash_operator.py
[2025-03-10T09:14:55.387+0100] {processor.py:840} INFO - DAG(s) 'example_bash_operator' retrieved from /home/philip/de_engineering/airflow_projects/airflow1/venv/lib/python3.10/site-packages/airflow/example_dags/example_bash_operator.py
[2025-03-10T09:14:55.414+0100] {logging_mixin.py:188} INFO - [2025-03-10T09:14:55.414+0100] {dag.py:3036} INFO - Sync 1 DAGs
[2025-03-10T09:14:55.433+0100] {logging_mixin.py:188} INFO - [2025-03-10T09:14:55.433+0100] {dag.py:3823} INFO - Setting next_dagrun for example_bash_operator to 2025-03-09 00:00:00+00:00, run_after=2025-03-10 00:00:00+00:00
[2025-03-10T09:14:55.449+0100] {processor.py:183} INFO - Processing /home/philip/de_engineering/airflow_projects/airflow1/venv/lib/python3.10/site-packages/airflow/example_dags/example_bash_operator.py took 0.075 seconds
[2025-03-10T09:15:25.554+0100] {processor.py:161} INFO - Started process (PID=137082) to work on /home/philip/de_engineering/airflow_projects/airflow1/venv/lib/python3.10/site-packages/airflow/example_dags/example_bash_operator.py
[2025-03-10T09:15:25.556+0100] {processor.py:830} INFO - Processing file /home/philip/de_engineering/airflow_projects/airflow1/venv/lib/python3.10/site-packages/airflow/example_dags/example_bash_operator.py for tasks to queue
[2025-03-10T09:15:25.556+0100] {logging_mixin.py:188} INFO - [2025-03-10T09:15:25.556+0100] {dagbag.py:538} INFO - Filling up the DagBag from /home/philip/de_engineering/airflow_projects/airflow1/venv/lib/python3.10/site-packages/airflow/example_dags/example_bash_operator.py
[2025-03-10T09:15:25.566+0100] {processor.py:840} INFO - DAG(s) 'example_bash_operator' retrieved from /home/philip/de_engineering/airflow_projects/airflow1/venv/lib/python3.10/site-packages/airflow/example_dags/example_bash_operator.py
[2025-03-10T09:15:25.593+0100] {logging_mixin.py:188} INFO - [2025-03-10T09:15:25.593+0100] {dag.py:3036} INFO - Sync 1 DAGs
[2025-03-10T09:15:25.614+0100] {logging_mixin.py:188} INFO - [2025-03-10T09:15:25.614+0100] {dag.py:3823} INFO - Setting next_dagrun for example_bash_operator to 2025-03-09 00:00:00+00:00, run_after=2025-03-10 00:00:00+00:00
[2025-03-10T09:15:25.630+0100] {processor.py:183} INFO - Processing /home/philip/de_engineering/airflow_projects/airflow1/venv/lib/python3.10/site-packages/airflow/example_dags/example_bash_operator.py took 0.079 seconds
[2025-03-10T09:15:56.004+0100] {processor.py:161} INFO - Started process (PID=137183) to work on /home/philip/de_engineering/airflow_projects/airflow1/venv/lib/python3.10/site-packages/airflow/example_dags/example_bash_operator.py
[2025-03-10T09:15:56.005+0100] {processor.py:830} INFO - Processing file /home/philip/de_engineering/airflow_projects/airflow1/venv/lib/python3.10/site-packages/airflow/example_dags/example_bash_operator.py for tasks to queue
[2025-03-10T09:15:56.005+0100] {logging_mixin.py:188} INFO - [2025-03-10T09:15:56.005+0100] {dagbag.py:538} INFO - Filling up the DagBag from /home/philip/de_engineering/airflow_projects/airflow1/venv/lib/python3.10/site-packages/airflow/example_dags/example_bash_operator.py
[2025-03-10T09:15:56.016+0100] {processor.py:840} INFO - DAG(s) 'example_bash_operator' retrieved from /home/philip/de_engineering/airflow_projects/airflow1/venv/lib/python3.10/site-packages/airflow/example_dags/example_bash_operator.py
[2025-03-10T09:15:56.047+0100] {logging_mixin.py:188} INFO - [2025-03-10T09:15:56.046+0100] {dag.py:3036} INFO - Sync 1 DAGs
[2025-03-10T09:15:56.072+0100] {logging_mixin.py:188} INFO - [2025-03-10T09:15:56.072+0100] {dag.py:3823} INFO - Setting next_dagrun for example_bash_operator to 2025-03-09 00:00:00+00:00, run_after=2025-03-10 00:00:00+00:00
[2025-03-10T09:15:56.094+0100] {processor.py:183} INFO - Processing /home/philip/de_engineering/airflow_projects/airflow1/venv/lib/python3.10/site-packages/airflow/example_dags/example_bash_operator.py took 0.093 seconds
[2025-03-10T09:16:26.451+0100] {processor.py:161} INFO - Started process (PID=137559) to work on /home/philip/de_engineering/airflow_projects/airflow1/venv/lib/python3.10/site-packages/airflow/example_dags/example_bash_operator.py
[2025-03-10T09:16:26.454+0100] {processor.py:830} INFO - Processing file /home/philip/de_engineering/airflow_projects/airflow1/venv/lib/python3.10/site-packages/airflow/example_dags/example_bash_operator.py for tasks to queue
[2025-03-10T09:16:26.454+0100] {logging_mixin.py:188} INFO - [2025-03-10T09:16:26.454+0100] {dagbag.py:538} INFO - Filling up the DagBag from /home/philip/de_engineering/airflow_projects/airflow1/venv/lib/python3.10/site-packages/airflow/example_dags/example_bash_operator.py
[2025-03-10T09:16:26.463+0100] {processor.py:840} INFO - DAG(s) 'example_bash_operator' retrieved from /home/philip/de_engineering/airflow_projects/airflow1/venv/lib/python3.10/site-packages/airflow/example_dags/example_bash_operator.py
[2025-03-10T09:16:26.489+0100] {logging_mixin.py:188} INFO - [2025-03-10T09:16:26.489+0100] {dag.py:3036} INFO - Sync 1 DAGs
[2025-03-10T09:16:26.508+0100] {logging_mixin.py:188} INFO - [2025-03-10T09:16:26.508+0100] {dag.py:3823} INFO - Setting next_dagrun for example_bash_operator to 2025-03-09 00:00:00+00:00, run_after=2025-03-10 00:00:00+00:00
[2025-03-10T09:16:26.523+0100] {processor.py:183} INFO - Processing /home/philip/de_engineering/airflow_projects/airflow1/venv/lib/python3.10/site-packages/airflow/example_dags/example_bash_operator.py took 0.074 seconds
[2025-03-10T09:16:56.580+0100] {processor.py:161} INFO - Started process (PID=137748) to work on /home/philip/de_engineering/airflow_projects/airflow1/venv/lib/python3.10/site-packages/airflow/example_dags/example_bash_operator.py
[2025-03-10T09:16:56.581+0100] {processor.py:830} INFO - Processing file /home/philip/de_engineering/airflow_projects/airflow1/venv/lib/python3.10/site-packages/airflow/example_dags/example_bash_operator.py for tasks to queue
[2025-03-10T09:16:56.582+0100] {logging_mixin.py:188} INFO - [2025-03-10T09:16:56.581+0100] {dagbag.py:538} INFO - Filling up the DagBag from /home/philip/de_engineering/airflow_projects/airflow1/venv/lib/python3.10/site-packages/airflow/example_dags/example_bash_operator.py
[2025-03-10T09:16:56.591+0100] {processor.py:840} INFO - DAG(s) 'example_bash_operator' retrieved from /home/philip/de_engineering/airflow_projects/airflow1/venv/lib/python3.10/site-packages/airflow/example_dags/example_bash_operator.py
[2025-03-10T09:16:56.618+0100] {logging_mixin.py:188} INFO - [2025-03-10T09:16:56.618+0100] {dag.py:3036} INFO - Sync 1 DAGs
[2025-03-10T09:16:56.637+0100] {logging_mixin.py:188} INFO - [2025-03-10T09:16:56.637+0100] {dag.py:3823} INFO - Setting next_dagrun for example_bash_operator to 2025-03-09 00:00:00+00:00, run_after=2025-03-10 00:00:00+00:00
[2025-03-10T09:16:56.652+0100] {processor.py:183} INFO - Processing /home/philip/de_engineering/airflow_projects/airflow1/venv/lib/python3.10/site-packages/airflow/example_dags/example_bash_operator.py took 0.075 seconds
[2025-03-10T09:17:26.796+0100] {processor.py:161} INFO - Started process (PID=137933) to work on /home/philip/de_engineering/airflow_projects/airflow1/venv/lib/python3.10/site-packages/airflow/example_dags/example_bash_operator.py
[2025-03-10T09:17:26.797+0100] {processor.py:830} INFO - Processing file /home/philip/de_engineering/airflow_projects/airflow1/venv/lib/python3.10/site-packages/airflow/example_dags/example_bash_operator.py for tasks to queue
[2025-03-10T09:17:26.798+0100] {logging_mixin.py:188} INFO - [2025-03-10T09:17:26.797+0100] {dagbag.py:538} INFO - Filling up the DagBag from /home/philip/de_engineering/airflow_projects/airflow1/venv/lib/python3.10/site-packages/airflow/example_dags/example_bash_operator.py
[2025-03-10T09:17:26.809+0100] {processor.py:840} INFO - DAG(s) 'example_bash_operator' retrieved from /home/philip/de_engineering/airflow_projects/airflow1/venv/lib/python3.10/site-packages/airflow/example_dags/example_bash_operator.py
[2025-03-10T09:17:26.834+0100] {logging_mixin.py:188} INFO - [2025-03-10T09:17:26.834+0100] {dag.py:3036} INFO - Sync 1 DAGs
[2025-03-10T09:17:26.851+0100] {logging_mixin.py:188} INFO - [2025-03-10T09:17:26.851+0100] {dag.py:3823} INFO - Setting next_dagrun for example_bash_operator to 2025-03-09 00:00:00+00:00, run_after=2025-03-10 00:00:00+00:00
[2025-03-10T09:17:26.865+0100] {processor.py:183} INFO - Processing /home/philip/de_engineering/airflow_projects/airflow1/venv/lib/python3.10/site-packages/airflow/example_dags/example_bash_operator.py took 0.072 seconds
[2025-03-10T09:19:21.168+0100] {processor.py:161} INFO - Started process (PID=138572) to work on /home/philip/de_engineering/airflow_projects/airflow1/venv/lib/python3.10/site-packages/airflow/example_dags/example_bash_operator.py
[2025-03-10T09:19:21.169+0100] {processor.py:830} INFO - Processing file /home/philip/de_engineering/airflow_projects/airflow1/venv/lib/python3.10/site-packages/airflow/example_dags/example_bash_operator.py for tasks to queue
[2025-03-10T09:19:21.170+0100] {logging_mixin.py:188} INFO - [2025-03-10T09:19:21.170+0100] {dagbag.py:538} INFO - Filling up the DagBag from /home/philip/de_engineering/airflow_projects/airflow1/venv/lib/python3.10/site-packages/airflow/example_dags/example_bash_operator.py
[2025-03-10T09:19:21.184+0100] {processor.py:840} INFO - DAG(s) 'example_bash_operator' retrieved from /home/philip/de_engineering/airflow_projects/airflow1/venv/lib/python3.10/site-packages/airflow/example_dags/example_bash_operator.py
[2025-03-10T09:19:21.269+0100] {logging_mixin.py:188} INFO - [2025-03-10T09:19:21.269+0100] {dag.py:3036} INFO - Sync 1 DAGs
[2025-03-10T09:19:21.285+0100] {logging_mixin.py:188} INFO - [2025-03-10T09:19:21.285+0100] {dag.py:3823} INFO - Setting next_dagrun for example_bash_operator to 2025-03-09 00:00:00+00:00, run_after=2025-03-10 00:00:00+00:00
[2025-03-10T09:19:21.299+0100] {processor.py:183} INFO - Processing /home/philip/de_engineering/airflow_projects/airflow1/venv/lib/python3.10/site-packages/airflow/example_dags/example_bash_operator.py took 0.133 seconds
[2025-03-10T09:19:51.321+0100] {processor.py:161} INFO - Started process (PID=138905) to work on /home/philip/de_engineering/airflow_projects/airflow1/venv/lib/python3.10/site-packages/airflow/example_dags/example_bash_operator.py
[2025-03-10T09:19:51.322+0100] {processor.py:830} INFO - Processing file /home/philip/de_engineering/airflow_projects/airflow1/venv/lib/python3.10/site-packages/airflow/example_dags/example_bash_operator.py for tasks to queue
[2025-03-10T09:19:51.323+0100] {logging_mixin.py:188} INFO - [2025-03-10T09:19:51.322+0100] {dagbag.py:538} INFO - Filling up the DagBag from /home/philip/de_engineering/airflow_projects/airflow1/venv/lib/python3.10/site-packages/airflow/example_dags/example_bash_operator.py
[2025-03-10T09:19:51.332+0100] {processor.py:840} INFO - DAG(s) 'example_bash_operator' retrieved from /home/philip/de_engineering/airflow_projects/airflow1/venv/lib/python3.10/site-packages/airflow/example_dags/example_bash_operator.py
[2025-03-10T09:19:51.358+0100] {logging_mixin.py:188} INFO - [2025-03-10T09:19:51.358+0100] {dag.py:3036} INFO - Sync 1 DAGs
[2025-03-10T09:19:51.376+0100] {logging_mixin.py:188} INFO - [2025-03-10T09:19:51.376+0100] {dag.py:3823} INFO - Setting next_dagrun for example_bash_operator to 2025-03-09 00:00:00+00:00, run_after=2025-03-10 00:00:00+00:00
[2025-03-10T09:19:51.390+0100] {processor.py:183} INFO - Processing /home/philip/de_engineering/airflow_projects/airflow1/venv/lib/python3.10/site-packages/airflow/example_dags/example_bash_operator.py took 0.072 seconds
[2025-03-10T09:20:21.809+0100] {processor.py:161} INFO - Started process (PID=139286) to work on /home/philip/de_engineering/airflow_projects/airflow1/venv/lib/python3.10/site-packages/airflow/example_dags/example_bash_operator.py
[2025-03-10T09:20:21.810+0100] {processor.py:830} INFO - Processing file /home/philip/de_engineering/airflow_projects/airflow1/venv/lib/python3.10/site-packages/airflow/example_dags/example_bash_operator.py for tasks to queue
[2025-03-10T09:20:21.811+0100] {logging_mixin.py:188} INFO - [2025-03-10T09:20:21.810+0100] {dagbag.py:538} INFO - Filling up the DagBag from /home/philip/de_engineering/airflow_projects/airflow1/venv/lib/python3.10/site-packages/airflow/example_dags/example_bash_operator.py
[2025-03-10T09:20:21.820+0100] {processor.py:840} INFO - DAG(s) 'example_bash_operator' retrieved from /home/philip/de_engineering/airflow_projects/airflow1/venv/lib/python3.10/site-packages/airflow/example_dags/example_bash_operator.py
[2025-03-10T09:20:21.847+0100] {logging_mixin.py:188} INFO - [2025-03-10T09:20:21.847+0100] {dag.py:3036} INFO - Sync 1 DAGs
[2025-03-10T09:20:21.865+0100] {logging_mixin.py:188} INFO - [2025-03-10T09:20:21.865+0100] {dag.py:3823} INFO - Setting next_dagrun for example_bash_operator to 2025-03-09 00:00:00+00:00, run_after=2025-03-10 00:00:00+00:00
[2025-03-10T09:20:21.880+0100] {processor.py:183} INFO - Processing /home/philip/de_engineering/airflow_projects/airflow1/venv/lib/python3.10/site-packages/airflow/example_dags/example_bash_operator.py took 0.073 seconds
[2025-03-10T09:20:52.530+0100] {processor.py:161} INFO - Started process (PID=139662) to work on /home/philip/de_engineering/airflow_projects/airflow1/venv/lib/python3.10/site-packages/airflow/example_dags/example_bash_operator.py
[2025-03-10T09:20:52.531+0100] {processor.py:830} INFO - Processing file /home/philip/de_engineering/airflow_projects/airflow1/venv/lib/python3.10/site-packages/airflow/example_dags/example_bash_operator.py for tasks to queue
[2025-03-10T09:20:52.532+0100] {logging_mixin.py:188} INFO - [2025-03-10T09:20:52.531+0100] {dagbag.py:538} INFO - Filling up the DagBag from /home/philip/de_engineering/airflow_projects/airflow1/venv/lib/python3.10/site-packages/airflow/example_dags/example_bash_operator.py
[2025-03-10T09:20:52.541+0100] {processor.py:840} INFO - DAG(s) 'example_bash_operator' retrieved from /home/philip/de_engineering/airflow_projects/airflow1/venv/lib/python3.10/site-packages/airflow/example_dags/example_bash_operator.py
[2025-03-10T09:20:52.570+0100] {logging_mixin.py:188} INFO - [2025-03-10T09:20:52.570+0100] {dag.py:3036} INFO - Sync 1 DAGs
[2025-03-10T09:20:52.594+0100] {logging_mixin.py:188} INFO - [2025-03-10T09:20:52.593+0100] {dag.py:3823} INFO - Setting next_dagrun for example_bash_operator to 2025-03-09 00:00:00+00:00, run_after=2025-03-10 00:00:00+00:00
[2025-03-10T09:20:52.609+0100] {processor.py:183} INFO - Processing /home/philip/de_engineering/airflow_projects/airflow1/venv/lib/python3.10/site-packages/airflow/example_dags/example_bash_operator.py took 0.082 seconds
[2025-03-10T09:21:22.870+0100] {processor.py:161} INFO - Started process (PID=140045) to work on /home/philip/de_engineering/airflow_projects/airflow1/venv/lib/python3.10/site-packages/airflow/example_dags/example_bash_operator.py
[2025-03-10T09:21:22.872+0100] {processor.py:830} INFO - Processing file /home/philip/de_engineering/airflow_projects/airflow1/venv/lib/python3.10/site-packages/airflow/example_dags/example_bash_operator.py for tasks to queue
[2025-03-10T09:21:22.873+0100] {logging_mixin.py:188} INFO - [2025-03-10T09:21:22.872+0100] {dagbag.py:538} INFO - Filling up the DagBag from /home/philip/de_engineering/airflow_projects/airflow1/venv/lib/python3.10/site-packages/airflow/example_dags/example_bash_operator.py
[2025-03-10T09:21:22.887+0100] {processor.py:840} INFO - DAG(s) 'example_bash_operator' retrieved from /home/philip/de_engineering/airflow_projects/airflow1/venv/lib/python3.10/site-packages/airflow/example_dags/example_bash_operator.py
[2025-03-10T09:21:22.920+0100] {logging_mixin.py:188} INFO - [2025-03-10T09:21:22.920+0100] {dag.py:3036} INFO - Sync 1 DAGs
[2025-03-10T09:21:22.946+0100] {logging_mixin.py:188} INFO - [2025-03-10T09:21:22.945+0100] {dag.py:3823} INFO - Setting next_dagrun for example_bash_operator to 2025-03-09 00:00:00+00:00, run_after=2025-03-10 00:00:00+00:00
[2025-03-10T09:21:22.968+0100] {processor.py:183} INFO - Processing /home/philip/de_engineering/airflow_projects/airflow1/venv/lib/python3.10/site-packages/airflow/example_dags/example_bash_operator.py took 0.101 seconds
[2025-03-10T09:21:53.094+0100] {processor.py:161} INFO - Started process (PID=140419) to work on /home/philip/de_engineering/airflow_projects/airflow1/venv/lib/python3.10/site-packages/airflow/example_dags/example_bash_operator.py
[2025-03-10T09:21:53.095+0100] {processor.py:830} INFO - Processing file /home/philip/de_engineering/airflow_projects/airflow1/venv/lib/python3.10/site-packages/airflow/example_dags/example_bash_operator.py for tasks to queue
[2025-03-10T09:21:53.095+0100] {logging_mixin.py:188} INFO - [2025-03-10T09:21:53.095+0100] {dagbag.py:538} INFO - Filling up the DagBag from /home/philip/de_engineering/airflow_projects/airflow1/venv/lib/python3.10/site-packages/airflow/example_dags/example_bash_operator.py
[2025-03-10T09:21:53.105+0100] {processor.py:840} INFO - DAG(s) 'example_bash_operator' retrieved from /home/philip/de_engineering/airflow_projects/airflow1/venv/lib/python3.10/site-packages/airflow/example_dags/example_bash_operator.py
[2025-03-10T09:21:53.138+0100] {logging_mixin.py:188} INFO - [2025-03-10T09:21:53.138+0100] {dag.py:3036} INFO - Sync 1 DAGs
[2025-03-10T09:21:53.163+0100] {logging_mixin.py:188} INFO - [2025-03-10T09:21:53.163+0100] {dag.py:3823} INFO - Setting next_dagrun for example_bash_operator to 2025-03-09 00:00:00+00:00, run_after=2025-03-10 00:00:00+00:00
[2025-03-10T09:21:53.180+0100] {processor.py:183} INFO - Processing /home/philip/de_engineering/airflow_projects/airflow1/venv/lib/python3.10/site-packages/airflow/example_dags/example_bash_operator.py took 0.089 seconds
[2025-03-10T09:22:23.355+0100] {processor.py:161} INFO - Started process (PID=140800) to work on /home/philip/de_engineering/airflow_projects/airflow1/venv/lib/python3.10/site-packages/airflow/example_dags/example_bash_operator.py
[2025-03-10T09:22:23.356+0100] {processor.py:830} INFO - Processing file /home/philip/de_engineering/airflow_projects/airflow1/venv/lib/python3.10/site-packages/airflow/example_dags/example_bash_operator.py for tasks to queue
[2025-03-10T09:22:23.357+0100] {logging_mixin.py:188} INFO - [2025-03-10T09:22:23.357+0100] {dagbag.py:538} INFO - Filling up the DagBag from /home/philip/de_engineering/airflow_projects/airflow1/venv/lib/python3.10/site-packages/airflow/example_dags/example_bash_operator.py
[2025-03-10T09:22:23.366+0100] {processor.py:840} INFO - DAG(s) 'example_bash_operator' retrieved from /home/philip/de_engineering/airflow_projects/airflow1/venv/lib/python3.10/site-packages/airflow/example_dags/example_bash_operator.py
[2025-03-10T09:22:23.393+0100] {logging_mixin.py:188} INFO - [2025-03-10T09:22:23.393+0100] {dag.py:3036} INFO - Sync 1 DAGs
[2025-03-10T09:22:23.412+0100] {logging_mixin.py:188} INFO - [2025-03-10T09:22:23.412+0100] {dag.py:3823} INFO - Setting next_dagrun for example_bash_operator to 2025-03-09 00:00:00+00:00, run_after=2025-03-10 00:00:00+00:00
[2025-03-10T09:22:23.428+0100] {processor.py:183} INFO - Processing /home/philip/de_engineering/airflow_projects/airflow1/venv/lib/python3.10/site-packages/airflow/example_dags/example_bash_operator.py took 0.076 seconds
[2025-03-10T09:22:53.558+0100] {processor.py:161} INFO - Started process (PID=141177) to work on /home/philip/de_engineering/airflow_projects/airflow1/venv/lib/python3.10/site-packages/airflow/example_dags/example_bash_operator.py
[2025-03-10T09:22:53.559+0100] {processor.py:830} INFO - Processing file /home/philip/de_engineering/airflow_projects/airflow1/venv/lib/python3.10/site-packages/airflow/example_dags/example_bash_operator.py for tasks to queue
[2025-03-10T09:22:53.560+0100] {logging_mixin.py:188} INFO - [2025-03-10T09:22:53.559+0100] {dagbag.py:538} INFO - Filling up the DagBag from /home/philip/de_engineering/airflow_projects/airflow1/venv/lib/python3.10/site-packages/airflow/example_dags/example_bash_operator.py
[2025-03-10T09:22:53.570+0100] {processor.py:840} INFO - DAG(s) 'example_bash_operator' retrieved from /home/philip/de_engineering/airflow_projects/airflow1/venv/lib/python3.10/site-packages/airflow/example_dags/example_bash_operator.py
[2025-03-10T09:22:53.605+0100] {logging_mixin.py:188} INFO - [2025-03-10T09:22:53.604+0100] {dag.py:3036} INFO - Sync 1 DAGs
[2025-03-10T09:22:53.624+0100] {logging_mixin.py:188} INFO - [2025-03-10T09:22:53.624+0100] {dag.py:3823} INFO - Setting next_dagrun for example_bash_operator to 2025-03-09 00:00:00+00:00, run_after=2025-03-10 00:00:00+00:00
[2025-03-10T09:22:53.640+0100] {processor.py:183} INFO - Processing /home/philip/de_engineering/airflow_projects/airflow1/venv/lib/python3.10/site-packages/airflow/example_dags/example_bash_operator.py took 0.085 seconds
[2025-03-10T09:23:23.789+0100] {processor.py:161} INFO - Started process (PID=141556) to work on /home/philip/de_engineering/airflow_projects/airflow1/venv/lib/python3.10/site-packages/airflow/example_dags/example_bash_operator.py
[2025-03-10T09:23:23.791+0100] {processor.py:830} INFO - Processing file /home/philip/de_engineering/airflow_projects/airflow1/venv/lib/python3.10/site-packages/airflow/example_dags/example_bash_operator.py for tasks to queue
[2025-03-10T09:23:23.792+0100] {logging_mixin.py:188} INFO - [2025-03-10T09:23:23.791+0100] {dagbag.py:538} INFO - Filling up the DagBag from /home/philip/de_engineering/airflow_projects/airflow1/venv/lib/python3.10/site-packages/airflow/example_dags/example_bash_operator.py
[2025-03-10T09:23:23.802+0100] {processor.py:840} INFO - DAG(s) 'example_bash_operator' retrieved from /home/philip/de_engineering/airflow_projects/airflow1/venv/lib/python3.10/site-packages/airflow/example_dags/example_bash_operator.py
[2025-03-10T09:23:23.828+0100] {logging_mixin.py:188} INFO - [2025-03-10T09:23:23.828+0100] {dag.py:3036} INFO - Sync 1 DAGs
[2025-03-10T09:23:23.847+0100] {logging_mixin.py:188} INFO - [2025-03-10T09:23:23.846+0100] {dag.py:3823} INFO - Setting next_dagrun for example_bash_operator to 2025-03-09 00:00:00+00:00, run_after=2025-03-10 00:00:00+00:00
[2025-03-10T09:23:23.861+0100] {processor.py:183} INFO - Processing /home/philip/de_engineering/airflow_projects/airflow1/venv/lib/python3.10/site-packages/airflow/example_dags/example_bash_operator.py took 0.074 seconds
[2025-03-10T09:23:54.218+0100] {processor.py:161} INFO - Started process (PID=141940) to work on /home/philip/de_engineering/airflow_projects/airflow1/venv/lib/python3.10/site-packages/airflow/example_dags/example_bash_operator.py
[2025-03-10T09:23:54.219+0100] {processor.py:830} INFO - Processing file /home/philip/de_engineering/airflow_projects/airflow1/venv/lib/python3.10/site-packages/airflow/example_dags/example_bash_operator.py for tasks to queue
[2025-03-10T09:23:54.220+0100] {logging_mixin.py:188} INFO - [2025-03-10T09:23:54.220+0100] {dagbag.py:538} INFO - Filling up the DagBag from /home/philip/de_engineering/airflow_projects/airflow1/venv/lib/python3.10/site-packages/airflow/example_dags/example_bash_operator.py
[2025-03-10T09:23:54.230+0100] {processor.py:840} INFO - DAG(s) 'example_bash_operator' retrieved from /home/philip/de_engineering/airflow_projects/airflow1/venv/lib/python3.10/site-packages/airflow/example_dags/example_bash_operator.py
[2025-03-10T09:23:54.261+0100] {logging_mixin.py:188} INFO - [2025-03-10T09:23:54.261+0100] {dag.py:3036} INFO - Sync 1 DAGs
[2025-03-10T09:23:54.284+0100] {logging_mixin.py:188} INFO - [2025-03-10T09:23:54.284+0100] {dag.py:3823} INFO - Setting next_dagrun for example_bash_operator to 2025-03-09 00:00:00+00:00, run_after=2025-03-10 00:00:00+00:00
[2025-03-10T09:23:54.299+0100] {processor.py:183} INFO - Processing /home/philip/de_engineering/airflow_projects/airflow1/venv/lib/python3.10/site-packages/airflow/example_dags/example_bash_operator.py took 0.085 seconds
[2025-03-10T09:24:24.461+0100] {processor.py:161} INFO - Started process (PID=142313) to work on /home/philip/de_engineering/airflow_projects/airflow1/venv/lib/python3.10/site-packages/airflow/example_dags/example_bash_operator.py
[2025-03-10T09:24:24.462+0100] {processor.py:830} INFO - Processing file /home/philip/de_engineering/airflow_projects/airflow1/venv/lib/python3.10/site-packages/airflow/example_dags/example_bash_operator.py for tasks to queue
[2025-03-10T09:24:24.462+0100] {logging_mixin.py:188} INFO - [2025-03-10T09:24:24.462+0100] {dagbag.py:538} INFO - Filling up the DagBag from /home/philip/de_engineering/airflow_projects/airflow1/venv/lib/python3.10/site-packages/airflow/example_dags/example_bash_operator.py
[2025-03-10T09:24:24.473+0100] {processor.py:840} INFO - DAG(s) 'example_bash_operator' retrieved from /home/philip/de_engineering/airflow_projects/airflow1/venv/lib/python3.10/site-packages/airflow/example_dags/example_bash_operator.py
[2025-03-10T09:24:24.502+0100] {logging_mixin.py:188} INFO - [2025-03-10T09:24:24.502+0100] {dag.py:3036} INFO - Sync 1 DAGs
[2025-03-10T09:24:24.522+0100] {logging_mixin.py:188} INFO - [2025-03-10T09:24:24.522+0100] {dag.py:3823} INFO - Setting next_dagrun for example_bash_operator to 2025-03-09 00:00:00+00:00, run_after=2025-03-10 00:00:00+00:00
[2025-03-10T09:24:24.539+0100] {processor.py:183} INFO - Processing /home/philip/de_engineering/airflow_projects/airflow1/venv/lib/python3.10/site-packages/airflow/example_dags/example_bash_operator.py took 0.082 seconds
[2025-03-10T09:24:54.887+0100] {processor.py:161} INFO - Started process (PID=142694) to work on /home/philip/de_engineering/airflow_projects/airflow1/venv/lib/python3.10/site-packages/airflow/example_dags/example_bash_operator.py
[2025-03-10T09:24:54.888+0100] {processor.py:830} INFO - Processing file /home/philip/de_engineering/airflow_projects/airflow1/venv/lib/python3.10/site-packages/airflow/example_dags/example_bash_operator.py for tasks to queue
[2025-03-10T09:24:54.889+0100] {logging_mixin.py:188} INFO - [2025-03-10T09:24:54.888+0100] {dagbag.py:538} INFO - Filling up the DagBag from /home/philip/de_engineering/airflow_projects/airflow1/venv/lib/python3.10/site-packages/airflow/example_dags/example_bash_operator.py
[2025-03-10T09:24:54.898+0100] {processor.py:840} INFO - DAG(s) 'example_bash_operator' retrieved from /home/philip/de_engineering/airflow_projects/airflow1/venv/lib/python3.10/site-packages/airflow/example_dags/example_bash_operator.py
[2025-03-10T09:24:54.926+0100] {logging_mixin.py:188} INFO - [2025-03-10T09:24:54.926+0100] {dag.py:3036} INFO - Sync 1 DAGs
[2025-03-10T09:24:54.944+0100] {logging_mixin.py:188} INFO - [2025-03-10T09:24:54.944+0100] {dag.py:3823} INFO - Setting next_dagrun for example_bash_operator to 2025-03-09 00:00:00+00:00, run_after=2025-03-10 00:00:00+00:00
[2025-03-10T09:24:54.958+0100] {processor.py:183} INFO - Processing /home/philip/de_engineering/airflow_projects/airflow1/venv/lib/python3.10/site-packages/airflow/example_dags/example_bash_operator.py took 0.074 seconds
[2025-03-10T09:25:25.025+0100] {processor.py:161} INFO - Started process (PID=143073) to work on /home/philip/de_engineering/airflow_projects/airflow1/venv/lib/python3.10/site-packages/airflow/example_dags/example_bash_operator.py
[2025-03-10T09:25:25.026+0100] {processor.py:830} INFO - Processing file /home/philip/de_engineering/airflow_projects/airflow1/venv/lib/python3.10/site-packages/airflow/example_dags/example_bash_operator.py for tasks to queue
[2025-03-10T09:25:25.026+0100] {logging_mixin.py:188} INFO - [2025-03-10T09:25:25.026+0100] {dagbag.py:538} INFO - Filling up the DagBag from /home/philip/de_engineering/airflow_projects/airflow1/venv/lib/python3.10/site-packages/airflow/example_dags/example_bash_operator.py
[2025-03-10T09:25:25.038+0100] {processor.py:840} INFO - DAG(s) 'example_bash_operator' retrieved from /home/philip/de_engineering/airflow_projects/airflow1/venv/lib/python3.10/site-packages/airflow/example_dags/example_bash_operator.py
[2025-03-10T09:25:25.071+0100] {logging_mixin.py:188} INFO - [2025-03-10T09:25:25.071+0100] {dag.py:3036} INFO - Sync 1 DAGs
[2025-03-10T09:25:25.095+0100] {logging_mixin.py:188} INFO - [2025-03-10T09:25:25.095+0100] {dag.py:3823} INFO - Setting next_dagrun for example_bash_operator to 2025-03-09 00:00:00+00:00, run_after=2025-03-10 00:00:00+00:00
[2025-03-10T09:25:25.118+0100] {processor.py:183} INFO - Processing /home/philip/de_engineering/airflow_projects/airflow1/venv/lib/python3.10/site-packages/airflow/example_dags/example_bash_operator.py took 0.095 seconds
[2025-03-10T09:25:55.397+0100] {processor.py:161} INFO - Started process (PID=143456) to work on /home/philip/de_engineering/airflow_projects/airflow1/venv/lib/python3.10/site-packages/airflow/example_dags/example_bash_operator.py
[2025-03-10T09:25:55.399+0100] {processor.py:830} INFO - Processing file /home/philip/de_engineering/airflow_projects/airflow1/venv/lib/python3.10/site-packages/airflow/example_dags/example_bash_operator.py for tasks to queue
[2025-03-10T09:25:55.399+0100] {logging_mixin.py:188} INFO - [2025-03-10T09:25:55.399+0100] {dagbag.py:538} INFO - Filling up the DagBag from /home/philip/de_engineering/airflow_projects/airflow1/venv/lib/python3.10/site-packages/airflow/example_dags/example_bash_operator.py
[2025-03-10T09:25:55.409+0100] {processor.py:840} INFO - DAG(s) 'example_bash_operator' retrieved from /home/philip/de_engineering/airflow_projects/airflow1/venv/lib/python3.10/site-packages/airflow/example_dags/example_bash_operator.py
[2025-03-10T09:25:55.443+0100] {logging_mixin.py:188} INFO - [2025-03-10T09:25:55.443+0100] {dag.py:3036} INFO - Sync 1 DAGs
[2025-03-10T09:25:55.468+0100] {logging_mixin.py:188} INFO - [2025-03-10T09:25:55.468+0100] {dag.py:3823} INFO - Setting next_dagrun for example_bash_operator to 2025-03-09 00:00:00+00:00, run_after=2025-03-10 00:00:00+00:00
[2025-03-10T09:25:55.486+0100] {processor.py:183} INFO - Processing /home/philip/de_engineering/airflow_projects/airflow1/venv/lib/python3.10/site-packages/airflow/example_dags/example_bash_operator.py took 0.092 seconds
[2025-03-10T09:26:25.808+0100] {processor.py:161} INFO - Started process (PID=143834) to work on /home/philip/de_engineering/airflow_projects/airflow1/venv/lib/python3.10/site-packages/airflow/example_dags/example_bash_operator.py
[2025-03-10T09:26:25.809+0100] {processor.py:830} INFO - Processing file /home/philip/de_engineering/airflow_projects/airflow1/venv/lib/python3.10/site-packages/airflow/example_dags/example_bash_operator.py for tasks to queue
[2025-03-10T09:26:25.809+0100] {logging_mixin.py:188} INFO - [2025-03-10T09:26:25.809+0100] {dagbag.py:538} INFO - Filling up the DagBag from /home/philip/de_engineering/airflow_projects/airflow1/venv/lib/python3.10/site-packages/airflow/example_dags/example_bash_operator.py
[2025-03-10T09:26:25.819+0100] {processor.py:840} INFO - DAG(s) 'example_bash_operator' retrieved from /home/philip/de_engineering/airflow_projects/airflow1/venv/lib/python3.10/site-packages/airflow/example_dags/example_bash_operator.py
[2025-03-10T09:26:25.848+0100] {logging_mixin.py:188} INFO - [2025-03-10T09:26:25.847+0100] {dag.py:3036} INFO - Sync 1 DAGs
[2025-03-10T09:26:25.869+0100] {logging_mixin.py:188} INFO - [2025-03-10T09:26:25.869+0100] {dag.py:3823} INFO - Setting next_dagrun for example_bash_operator to 2025-03-09 00:00:00+00:00, run_after=2025-03-10 00:00:00+00:00
[2025-03-10T09:26:25.886+0100] {processor.py:183} INFO - Processing /home/philip/de_engineering/airflow_projects/airflow1/venv/lib/python3.10/site-packages/airflow/example_dags/example_bash_operator.py took 0.081 seconds
[2025-03-10T09:26:56.242+0100] {processor.py:161} INFO - Started process (PID=144209) to work on /home/philip/de_engineering/airflow_projects/airflow1/venv/lib/python3.10/site-packages/airflow/example_dags/example_bash_operator.py
[2025-03-10T09:26:56.244+0100] {processor.py:830} INFO - Processing file /home/philip/de_engineering/airflow_projects/airflow1/venv/lib/python3.10/site-packages/airflow/example_dags/example_bash_operator.py for tasks to queue
[2025-03-10T09:26:56.245+0100] {logging_mixin.py:188} INFO - [2025-03-10T09:26:56.244+0100] {dagbag.py:538} INFO - Filling up the DagBag from /home/philip/de_engineering/airflow_projects/airflow1/venv/lib/python3.10/site-packages/airflow/example_dags/example_bash_operator.py
[2025-03-10T09:26:56.254+0100] {processor.py:840} INFO - DAG(s) 'example_bash_operator' retrieved from /home/philip/de_engineering/airflow_projects/airflow1/venv/lib/python3.10/site-packages/airflow/example_dags/example_bash_operator.py
[2025-03-10T09:26:56.285+0100] {logging_mixin.py:188} INFO - [2025-03-10T09:26:56.285+0100] {dag.py:3036} INFO - Sync 1 DAGs
[2025-03-10T09:26:56.307+0100] {logging_mixin.py:188} INFO - [2025-03-10T09:26:56.307+0100] {dag.py:3823} INFO - Setting next_dagrun for example_bash_operator to 2025-03-09 00:00:00+00:00, run_after=2025-03-10 00:00:00+00:00
[2025-03-10T09:26:56.323+0100] {processor.py:183} INFO - Processing /home/philip/de_engineering/airflow_projects/airflow1/venv/lib/python3.10/site-packages/airflow/example_dags/example_bash_operator.py took 0.084 seconds
[2025-03-10T09:27:26.545+0100] {processor.py:161} INFO - Started process (PID=144591) to work on /home/philip/de_engineering/airflow_projects/airflow1/venv/lib/python3.10/site-packages/airflow/example_dags/example_bash_operator.py
[2025-03-10T09:27:26.546+0100] {processor.py:830} INFO - Processing file /home/philip/de_engineering/airflow_projects/airflow1/venv/lib/python3.10/site-packages/airflow/example_dags/example_bash_operator.py for tasks to queue
[2025-03-10T09:27:26.547+0100] {logging_mixin.py:188} INFO - [2025-03-10T09:27:26.546+0100] {dagbag.py:538} INFO - Filling up the DagBag from /home/philip/de_engineering/airflow_projects/airflow1/venv/lib/python3.10/site-packages/airflow/example_dags/example_bash_operator.py
[2025-03-10T09:27:26.556+0100] {processor.py:840} INFO - DAG(s) 'example_bash_operator' retrieved from /home/philip/de_engineering/airflow_projects/airflow1/venv/lib/python3.10/site-packages/airflow/example_dags/example_bash_operator.py
[2025-03-10T09:27:26.584+0100] {logging_mixin.py:188} INFO - [2025-03-10T09:27:26.583+0100] {dag.py:3036} INFO - Sync 1 DAGs
[2025-03-10T09:27:26.607+0100] {logging_mixin.py:188} INFO - [2025-03-10T09:27:26.606+0100] {dag.py:3823} INFO - Setting next_dagrun for example_bash_operator to 2025-03-09 00:00:00+00:00, run_after=2025-03-10 00:00:00+00:00
[2025-03-10T09:27:26.624+0100] {processor.py:183} INFO - Processing /home/philip/de_engineering/airflow_projects/airflow1/venv/lib/python3.10/site-packages/airflow/example_dags/example_bash_operator.py took 0.082 seconds
[2025-03-10T09:27:56.779+0100] {processor.py:161} INFO - Started process (PID=144966) to work on /home/philip/de_engineering/airflow_projects/airflow1/venv/lib/python3.10/site-packages/airflow/example_dags/example_bash_operator.py
[2025-03-10T09:27:56.780+0100] {processor.py:830} INFO - Processing file /home/philip/de_engineering/airflow_projects/airflow1/venv/lib/python3.10/site-packages/airflow/example_dags/example_bash_operator.py for tasks to queue
[2025-03-10T09:27:56.781+0100] {logging_mixin.py:188} INFO - [2025-03-10T09:27:56.781+0100] {dagbag.py:538} INFO - Filling up the DagBag from /home/philip/de_engineering/airflow_projects/airflow1/venv/lib/python3.10/site-packages/airflow/example_dags/example_bash_operator.py
[2025-03-10T09:27:56.790+0100] {processor.py:840} INFO - DAG(s) 'example_bash_operator' retrieved from /home/philip/de_engineering/airflow_projects/airflow1/venv/lib/python3.10/site-packages/airflow/example_dags/example_bash_operator.py
[2025-03-10T09:27:56.815+0100] {logging_mixin.py:188} INFO - [2025-03-10T09:27:56.815+0100] {dag.py:3036} INFO - Sync 1 DAGs
[2025-03-10T09:27:56.837+0100] {logging_mixin.py:188} INFO - [2025-03-10T09:27:56.836+0100] {dag.py:3823} INFO - Setting next_dagrun for example_bash_operator to 2025-03-09 00:00:00+00:00, run_after=2025-03-10 00:00:00+00:00
[2025-03-10T09:27:56.850+0100] {processor.py:183} INFO - Processing /home/philip/de_engineering/airflow_projects/airflow1/venv/lib/python3.10/site-packages/airflow/example_dags/example_bash_operator.py took 0.074 seconds
[2025-03-10T09:28:27.038+0100] {processor.py:161} INFO - Started process (PID=145344) to work on /home/philip/de_engineering/airflow_projects/airflow1/venv/lib/python3.10/site-packages/airflow/example_dags/example_bash_operator.py
[2025-03-10T09:28:27.038+0100] {processor.py:830} INFO - Processing file /home/philip/de_engineering/airflow_projects/airflow1/venv/lib/python3.10/site-packages/airflow/example_dags/example_bash_operator.py for tasks to queue
[2025-03-10T09:28:27.039+0100] {logging_mixin.py:188} INFO - [2025-03-10T09:28:27.039+0100] {dagbag.py:538} INFO - Filling up the DagBag from /home/philip/de_engineering/airflow_projects/airflow1/venv/lib/python3.10/site-packages/airflow/example_dags/example_bash_operator.py
[2025-03-10T09:28:27.048+0100] {processor.py:840} INFO - DAG(s) 'example_bash_operator' retrieved from /home/philip/de_engineering/airflow_projects/airflow1/venv/lib/python3.10/site-packages/airflow/example_dags/example_bash_operator.py
[2025-03-10T09:28:27.073+0100] {logging_mixin.py:188} INFO - [2025-03-10T09:28:27.072+0100] {dag.py:3036} INFO - Sync 1 DAGs
[2025-03-10T09:28:27.091+0100] {logging_mixin.py:188} INFO - [2025-03-10T09:28:27.091+0100] {dag.py:3823} INFO - Setting next_dagrun for example_bash_operator to 2025-03-09 00:00:00+00:00, run_after=2025-03-10 00:00:00+00:00
[2025-03-10T09:28:27.104+0100] {processor.py:183} INFO - Processing /home/philip/de_engineering/airflow_projects/airflow1/venv/lib/python3.10/site-packages/airflow/example_dags/example_bash_operator.py took 0.069 seconds
[2025-03-10T09:28:57.191+0100] {processor.py:161} INFO - Started process (PID=145721) to work on /home/philip/de_engineering/airflow_projects/airflow1/venv/lib/python3.10/site-packages/airflow/example_dags/example_bash_operator.py
[2025-03-10T09:28:57.192+0100] {processor.py:830} INFO - Processing file /home/philip/de_engineering/airflow_projects/airflow1/venv/lib/python3.10/site-packages/airflow/example_dags/example_bash_operator.py for tasks to queue
[2025-03-10T09:28:57.193+0100] {logging_mixin.py:188} INFO - [2025-03-10T09:28:57.193+0100] {dagbag.py:538} INFO - Filling up the DagBag from /home/philip/de_engineering/airflow_projects/airflow1/venv/lib/python3.10/site-packages/airflow/example_dags/example_bash_operator.py
[2025-03-10T09:28:57.202+0100] {processor.py:840} INFO - DAG(s) 'example_bash_operator' retrieved from /home/philip/de_engineering/airflow_projects/airflow1/venv/lib/python3.10/site-packages/airflow/example_dags/example_bash_operator.py
[2025-03-10T09:28:57.227+0100] {logging_mixin.py:188} INFO - [2025-03-10T09:28:57.227+0100] {dag.py:3036} INFO - Sync 1 DAGs
[2025-03-10T09:28:57.248+0100] {logging_mixin.py:188} INFO - [2025-03-10T09:28:57.248+0100] {dag.py:3823} INFO - Setting next_dagrun for example_bash_operator to 2025-03-09 00:00:00+00:00, run_after=2025-03-10 00:00:00+00:00
[2025-03-10T09:28:57.267+0100] {processor.py:183} INFO - Processing /home/philip/de_engineering/airflow_projects/airflow1/venv/lib/python3.10/site-packages/airflow/example_dags/example_bash_operator.py took 0.079 seconds
[2025-03-10T09:29:27.448+0100] {processor.py:161} INFO - Started process (PID=146101) to work on /home/philip/de_engineering/airflow_projects/airflow1/venv/lib/python3.10/site-packages/airflow/example_dags/example_bash_operator.py
[2025-03-10T09:29:27.448+0100] {processor.py:830} INFO - Processing file /home/philip/de_engineering/airflow_projects/airflow1/venv/lib/python3.10/site-packages/airflow/example_dags/example_bash_operator.py for tasks to queue
[2025-03-10T09:29:27.449+0100] {logging_mixin.py:188} INFO - [2025-03-10T09:29:27.449+0100] {dagbag.py:538} INFO - Filling up the DagBag from /home/philip/de_engineering/airflow_projects/airflow1/venv/lib/python3.10/site-packages/airflow/example_dags/example_bash_operator.py
[2025-03-10T09:29:27.459+0100] {processor.py:840} INFO - DAG(s) 'example_bash_operator' retrieved from /home/philip/de_engineering/airflow_projects/airflow1/venv/lib/python3.10/site-packages/airflow/example_dags/example_bash_operator.py
[2025-03-10T09:29:27.486+0100] {logging_mixin.py:188} INFO - [2025-03-10T09:29:27.486+0100] {dag.py:3036} INFO - Sync 1 DAGs
[2025-03-10T09:29:27.504+0100] {logging_mixin.py:188} INFO - [2025-03-10T09:29:27.504+0100] {dag.py:3823} INFO - Setting next_dagrun for example_bash_operator to 2025-03-09 00:00:00+00:00, run_after=2025-03-10 00:00:00+00:00
[2025-03-10T09:29:27.518+0100] {processor.py:183} INFO - Processing /home/philip/de_engineering/airflow_projects/airflow1/venv/lib/python3.10/site-packages/airflow/example_dags/example_bash_operator.py took 0.073 seconds
[2025-03-10T09:29:57.622+0100] {processor.py:161} INFO - Started process (PID=146479) to work on /home/philip/de_engineering/airflow_projects/airflow1/venv/lib/python3.10/site-packages/airflow/example_dags/example_bash_operator.py
[2025-03-10T09:29:57.624+0100] {processor.py:830} INFO - Processing file /home/philip/de_engineering/airflow_projects/airflow1/venv/lib/python3.10/site-packages/airflow/example_dags/example_bash_operator.py for tasks to queue
[2025-03-10T09:29:57.624+0100] {logging_mixin.py:188} INFO - [2025-03-10T09:29:57.624+0100] {dagbag.py:538} INFO - Filling up the DagBag from /home/philip/de_engineering/airflow_projects/airflow1/venv/lib/python3.10/site-packages/airflow/example_dags/example_bash_operator.py
[2025-03-10T09:29:57.634+0100] {processor.py:840} INFO - DAG(s) 'example_bash_operator' retrieved from /home/philip/de_engineering/airflow_projects/airflow1/venv/lib/python3.10/site-packages/airflow/example_dags/example_bash_operator.py
[2025-03-10T09:29:57.661+0100] {logging_mixin.py:188} INFO - [2025-03-10T09:29:57.661+0100] {dag.py:3036} INFO - Sync 1 DAGs
[2025-03-10T09:29:57.682+0100] {logging_mixin.py:188} INFO - [2025-03-10T09:29:57.682+0100] {dag.py:3823} INFO - Setting next_dagrun for example_bash_operator to 2025-03-09 00:00:00+00:00, run_after=2025-03-10 00:00:00+00:00
[2025-03-10T09:29:57.701+0100] {processor.py:183} INFO - Processing /home/philip/de_engineering/airflow_projects/airflow1/venv/lib/python3.10/site-packages/airflow/example_dags/example_bash_operator.py took 0.082 seconds
[2025-03-10T09:30:27.862+0100] {processor.py:161} INFO - Started process (PID=146857) to work on /home/philip/de_engineering/airflow_projects/airflow1/venv/lib/python3.10/site-packages/airflow/example_dags/example_bash_operator.py
[2025-03-10T09:30:27.862+0100] {processor.py:830} INFO - Processing file /home/philip/de_engineering/airflow_projects/airflow1/venv/lib/python3.10/site-packages/airflow/example_dags/example_bash_operator.py for tasks to queue
[2025-03-10T09:30:27.863+0100] {logging_mixin.py:188} INFO - [2025-03-10T09:30:27.863+0100] {dagbag.py:538} INFO - Filling up the DagBag from /home/philip/de_engineering/airflow_projects/airflow1/venv/lib/python3.10/site-packages/airflow/example_dags/example_bash_operator.py
[2025-03-10T09:30:27.872+0100] {processor.py:840} INFO - DAG(s) 'example_bash_operator' retrieved from /home/philip/de_engineering/airflow_projects/airflow1/venv/lib/python3.10/site-packages/airflow/example_dags/example_bash_operator.py
[2025-03-10T09:30:27.900+0100] {logging_mixin.py:188} INFO - [2025-03-10T09:30:27.900+0100] {dag.py:3036} INFO - Sync 1 DAGs
[2025-03-10T09:30:27.921+0100] {logging_mixin.py:188} INFO - [2025-03-10T09:30:27.920+0100] {dag.py:3823} INFO - Setting next_dagrun for example_bash_operator to 2025-03-09 00:00:00+00:00, run_after=2025-03-10 00:00:00+00:00
[2025-03-10T09:30:27.940+0100] {processor.py:183} INFO - Processing /home/philip/de_engineering/airflow_projects/airflow1/venv/lib/python3.10/site-packages/airflow/example_dags/example_bash_operator.py took 0.081 seconds
[2025-03-10T09:30:58.028+0100] {processor.py:161} INFO - Started process (PID=147240) to work on /home/philip/de_engineering/airflow_projects/airflow1/venv/lib/python3.10/site-packages/airflow/example_dags/example_bash_operator.py
[2025-03-10T09:30:58.030+0100] {processor.py:830} INFO - Processing file /home/philip/de_engineering/airflow_projects/airflow1/venv/lib/python3.10/site-packages/airflow/example_dags/example_bash_operator.py for tasks to queue
[2025-03-10T09:30:58.031+0100] {logging_mixin.py:188} INFO - [2025-03-10T09:30:58.031+0100] {dagbag.py:538} INFO - Filling up the DagBag from /home/philip/de_engineering/airflow_projects/airflow1/venv/lib/python3.10/site-packages/airflow/example_dags/example_bash_operator.py
[2025-03-10T09:30:58.040+0100] {processor.py:840} INFO - DAG(s) 'example_bash_operator' retrieved from /home/philip/de_engineering/airflow_projects/airflow1/venv/lib/python3.10/site-packages/airflow/example_dags/example_bash_operator.py
[2025-03-10T09:30:58.068+0100] {logging_mixin.py:188} INFO - [2025-03-10T09:30:58.068+0100] {dag.py:3036} INFO - Sync 1 DAGs
[2025-03-10T09:30:58.088+0100] {logging_mixin.py:188} INFO - [2025-03-10T09:30:58.088+0100] {dag.py:3823} INFO - Setting next_dagrun for example_bash_operator to 2025-03-09 00:00:00+00:00, run_after=2025-03-10 00:00:00+00:00
[2025-03-10T09:30:58.105+0100] {processor.py:183} INFO - Processing /home/philip/de_engineering/airflow_projects/airflow1/venv/lib/python3.10/site-packages/airflow/example_dags/example_bash_operator.py took 0.080 seconds
[2025-03-10T09:31:28.227+0100] {processor.py:161} INFO - Started process (PID=147612) to work on /home/philip/de_engineering/airflow_projects/airflow1/venv/lib/python3.10/site-packages/airflow/example_dags/example_bash_operator.py
[2025-03-10T09:31:28.228+0100] {processor.py:830} INFO - Processing file /home/philip/de_engineering/airflow_projects/airflow1/venv/lib/python3.10/site-packages/airflow/example_dags/example_bash_operator.py for tasks to queue
[2025-03-10T09:31:28.229+0100] {logging_mixin.py:188} INFO - [2025-03-10T09:31:28.228+0100] {dagbag.py:538} INFO - Filling up the DagBag from /home/philip/de_engineering/airflow_projects/airflow1/venv/lib/python3.10/site-packages/airflow/example_dags/example_bash_operator.py
[2025-03-10T09:31:28.238+0100] {processor.py:840} INFO - DAG(s) 'example_bash_operator' retrieved from /home/philip/de_engineering/airflow_projects/airflow1/venv/lib/python3.10/site-packages/airflow/example_dags/example_bash_operator.py
[2025-03-10T09:31:28.263+0100] {logging_mixin.py:188} INFO - [2025-03-10T09:31:28.263+0100] {dag.py:3036} INFO - Sync 1 DAGs
[2025-03-10T09:31:28.282+0100] {logging_mixin.py:188} INFO - [2025-03-10T09:31:28.282+0100] {dag.py:3823} INFO - Setting next_dagrun for example_bash_operator to 2025-03-09 00:00:00+00:00, run_after=2025-03-10 00:00:00+00:00
[2025-03-10T09:31:28.295+0100] {processor.py:183} INFO - Processing /home/philip/de_engineering/airflow_projects/airflow1/venv/lib/python3.10/site-packages/airflow/example_dags/example_bash_operator.py took 0.071 seconds
[2025-03-10T09:31:58.442+0100] {processor.py:161} INFO - Started process (PID=147995) to work on /home/philip/de_engineering/airflow_projects/airflow1/venv/lib/python3.10/site-packages/airflow/example_dags/example_bash_operator.py
[2025-03-10T09:31:58.443+0100] {processor.py:830} INFO - Processing file /home/philip/de_engineering/airflow_projects/airflow1/venv/lib/python3.10/site-packages/airflow/example_dags/example_bash_operator.py for tasks to queue
[2025-03-10T09:31:58.443+0100] {logging_mixin.py:188} INFO - [2025-03-10T09:31:58.443+0100] {dagbag.py:538} INFO - Filling up the DagBag from /home/philip/de_engineering/airflow_projects/airflow1/venv/lib/python3.10/site-packages/airflow/example_dags/example_bash_operator.py
[2025-03-10T09:31:58.453+0100] {processor.py:840} INFO - DAG(s) 'example_bash_operator' retrieved from /home/philip/de_engineering/airflow_projects/airflow1/venv/lib/python3.10/site-packages/airflow/example_dags/example_bash_operator.py
[2025-03-10T09:31:58.482+0100] {logging_mixin.py:188} INFO - [2025-03-10T09:31:58.481+0100] {dag.py:3036} INFO - Sync 1 DAGs
[2025-03-10T09:31:58.501+0100] {logging_mixin.py:188} INFO - [2025-03-10T09:31:58.501+0100] {dag.py:3823} INFO - Setting next_dagrun for example_bash_operator to 2025-03-09 00:00:00+00:00, run_after=2025-03-10 00:00:00+00:00
[2025-03-10T09:31:58.516+0100] {processor.py:183} INFO - Processing /home/philip/de_engineering/airflow_projects/airflow1/venv/lib/python3.10/site-packages/airflow/example_dags/example_bash_operator.py took 0.077 seconds
[2025-03-10T09:32:28.540+0100] {processor.py:161} INFO - Started process (PID=148366) to work on /home/philip/de_engineering/airflow_projects/airflow1/venv/lib/python3.10/site-packages/airflow/example_dags/example_bash_operator.py
[2025-03-10T09:32:28.540+0100] {processor.py:830} INFO - Processing file /home/philip/de_engineering/airflow_projects/airflow1/venv/lib/python3.10/site-packages/airflow/example_dags/example_bash_operator.py for tasks to queue
[2025-03-10T09:32:28.541+0100] {logging_mixin.py:188} INFO - [2025-03-10T09:32:28.541+0100] {dagbag.py:538} INFO - Filling up the DagBag from /home/philip/de_engineering/airflow_projects/airflow1/venv/lib/python3.10/site-packages/airflow/example_dags/example_bash_operator.py
[2025-03-10T09:32:28.550+0100] {processor.py:840} INFO - DAG(s) 'example_bash_operator' retrieved from /home/philip/de_engineering/airflow_projects/airflow1/venv/lib/python3.10/site-packages/airflow/example_dags/example_bash_operator.py
[2025-03-10T09:32:28.576+0100] {logging_mixin.py:188} INFO - [2025-03-10T09:32:28.576+0100] {dag.py:3036} INFO - Sync 1 DAGs
[2025-03-10T09:32:28.596+0100] {logging_mixin.py:188} INFO - [2025-03-10T09:32:28.596+0100] {dag.py:3823} INFO - Setting next_dagrun for example_bash_operator to 2025-03-09 00:00:00+00:00, run_after=2025-03-10 00:00:00+00:00
[2025-03-10T09:32:28.615+0100] {processor.py:183} INFO - Processing /home/philip/de_engineering/airflow_projects/airflow1/venv/lib/python3.10/site-packages/airflow/example_dags/example_bash_operator.py took 0.078 seconds
[2025-03-10T09:32:58.853+0100] {processor.py:161} INFO - Started process (PID=148750) to work on /home/philip/de_engineering/airflow_projects/airflow1/venv/lib/python3.10/site-packages/airflow/example_dags/example_bash_operator.py
[2025-03-10T09:32:58.854+0100] {processor.py:830} INFO - Processing file /home/philip/de_engineering/airflow_projects/airflow1/venv/lib/python3.10/site-packages/airflow/example_dags/example_bash_operator.py for tasks to queue
[2025-03-10T09:32:58.854+0100] {logging_mixin.py:188} INFO - [2025-03-10T09:32:58.854+0100] {dagbag.py:538} INFO - Filling up the DagBag from /home/philip/de_engineering/airflow_projects/airflow1/venv/lib/python3.10/site-packages/airflow/example_dags/example_bash_operator.py
[2025-03-10T09:32:58.863+0100] {processor.py:840} INFO - DAG(s) 'example_bash_operator' retrieved from /home/philip/de_engineering/airflow_projects/airflow1/venv/lib/python3.10/site-packages/airflow/example_dags/example_bash_operator.py
[2025-03-10T09:32:58.890+0100] {logging_mixin.py:188} INFO - [2025-03-10T09:32:58.890+0100] {dag.py:3036} INFO - Sync 1 DAGs
[2025-03-10T09:32:58.910+0100] {logging_mixin.py:188} INFO - [2025-03-10T09:32:58.909+0100] {dag.py:3823} INFO - Setting next_dagrun for example_bash_operator to 2025-03-09 00:00:00+00:00, run_after=2025-03-10 00:00:00+00:00
[2025-03-10T09:32:58.926+0100] {processor.py:183} INFO - Processing /home/philip/de_engineering/airflow_projects/airflow1/venv/lib/python3.10/site-packages/airflow/example_dags/example_bash_operator.py took 0.076 seconds
[2025-03-10T09:33:29.047+0100] {processor.py:161} INFO - Started process (PID=149123) to work on /home/philip/de_engineering/airflow_projects/airflow1/venv/lib/python3.10/site-packages/airflow/example_dags/example_bash_operator.py
[2025-03-10T09:33:29.048+0100] {processor.py:830} INFO - Processing file /home/philip/de_engineering/airflow_projects/airflow1/venv/lib/python3.10/site-packages/airflow/example_dags/example_bash_operator.py for tasks to queue
[2025-03-10T09:33:29.048+0100] {logging_mixin.py:188} INFO - [2025-03-10T09:33:29.048+0100] {dagbag.py:538} INFO - Filling up the DagBag from /home/philip/de_engineering/airflow_projects/airflow1/venv/lib/python3.10/site-packages/airflow/example_dags/example_bash_operator.py
[2025-03-10T09:33:29.057+0100] {processor.py:840} INFO - DAG(s) 'example_bash_operator' retrieved from /home/philip/de_engineering/airflow_projects/airflow1/venv/lib/python3.10/site-packages/airflow/example_dags/example_bash_operator.py
[2025-03-10T09:33:29.084+0100] {logging_mixin.py:188} INFO - [2025-03-10T09:33:29.084+0100] {dag.py:3036} INFO - Sync 1 DAGs
[2025-03-10T09:33:29.103+0100] {logging_mixin.py:188} INFO - [2025-03-10T09:33:29.103+0100] {dag.py:3823} INFO - Setting next_dagrun for example_bash_operator to 2025-03-09 00:00:00+00:00, run_after=2025-03-10 00:00:00+00:00
[2025-03-10T09:33:29.120+0100] {processor.py:183} INFO - Processing /home/philip/de_engineering/airflow_projects/airflow1/venv/lib/python3.10/site-packages/airflow/example_dags/example_bash_operator.py took 0.076 seconds
[2025-03-10T09:33:59.257+0100] {processor.py:161} INFO - Started process (PID=149505) to work on /home/philip/de_engineering/airflow_projects/airflow1/venv/lib/python3.10/site-packages/airflow/example_dags/example_bash_operator.py
[2025-03-10T09:33:59.258+0100] {processor.py:830} INFO - Processing file /home/philip/de_engineering/airflow_projects/airflow1/venv/lib/python3.10/site-packages/airflow/example_dags/example_bash_operator.py for tasks to queue
[2025-03-10T09:33:59.259+0100] {logging_mixin.py:188} INFO - [2025-03-10T09:33:59.258+0100] {dagbag.py:538} INFO - Filling up the DagBag from /home/philip/de_engineering/airflow_projects/airflow1/venv/lib/python3.10/site-packages/airflow/example_dags/example_bash_operator.py
[2025-03-10T09:33:59.267+0100] {processor.py:840} INFO - DAG(s) 'example_bash_operator' retrieved from /home/philip/de_engineering/airflow_projects/airflow1/venv/lib/python3.10/site-packages/airflow/example_dags/example_bash_operator.py
[2025-03-10T09:33:59.293+0100] {logging_mixin.py:188} INFO - [2025-03-10T09:33:59.293+0100] {dag.py:3036} INFO - Sync 1 DAGs
[2025-03-10T09:33:59.311+0100] {logging_mixin.py:188} INFO - [2025-03-10T09:33:59.311+0100] {dag.py:3823} INFO - Setting next_dagrun for example_bash_operator to 2025-03-09 00:00:00+00:00, run_after=2025-03-10 00:00:00+00:00
[2025-03-10T09:33:59.326+0100] {processor.py:183} INFO - Processing /home/philip/de_engineering/airflow_projects/airflow1/venv/lib/python3.10/site-packages/airflow/example_dags/example_bash_operator.py took 0.072 seconds
[2025-03-10T09:34:29.557+0100] {processor.py:161} INFO - Started process (PID=149881) to work on /home/philip/de_engineering/airflow_projects/airflow1/venv/lib/python3.10/site-packages/airflow/example_dags/example_bash_operator.py
[2025-03-10T09:34:29.558+0100] {processor.py:830} INFO - Processing file /home/philip/de_engineering/airflow_projects/airflow1/venv/lib/python3.10/site-packages/airflow/example_dags/example_bash_operator.py for tasks to queue
[2025-03-10T09:34:29.558+0100] {logging_mixin.py:188} INFO - [2025-03-10T09:34:29.558+0100] {dagbag.py:538} INFO - Filling up the DagBag from /home/philip/de_engineering/airflow_projects/airflow1/venv/lib/python3.10/site-packages/airflow/example_dags/example_bash_operator.py
[2025-03-10T09:34:29.567+0100] {processor.py:840} INFO - DAG(s) 'example_bash_operator' retrieved from /home/philip/de_engineering/airflow_projects/airflow1/venv/lib/python3.10/site-packages/airflow/example_dags/example_bash_operator.py
[2025-03-10T09:34:29.593+0100] {logging_mixin.py:188} INFO - [2025-03-10T09:34:29.593+0100] {dag.py:3036} INFO - Sync 1 DAGs
[2025-03-10T09:34:29.614+0100] {logging_mixin.py:188} INFO - [2025-03-10T09:34:29.614+0100] {dag.py:3823} INFO - Setting next_dagrun for example_bash_operator to 2025-03-09 00:00:00+00:00, run_after=2025-03-10 00:00:00+00:00
[2025-03-10T09:34:29.627+0100] {processor.py:183} INFO - Processing /home/philip/de_engineering/airflow_projects/airflow1/venv/lib/python3.10/site-packages/airflow/example_dags/example_bash_operator.py took 0.072 seconds
[2025-03-10T09:34:59.773+0100] {processor.py:161} INFO - Started process (PID=150264) to work on /home/philip/de_engineering/airflow_projects/airflow1/venv/lib/python3.10/site-packages/airflow/example_dags/example_bash_operator.py
[2025-03-10T09:34:59.774+0100] {processor.py:830} INFO - Processing file /home/philip/de_engineering/airflow_projects/airflow1/venv/lib/python3.10/site-packages/airflow/example_dags/example_bash_operator.py for tasks to queue
[2025-03-10T09:34:59.775+0100] {logging_mixin.py:188} INFO - [2025-03-10T09:34:59.775+0100] {dagbag.py:538} INFO - Filling up the DagBag from /home/philip/de_engineering/airflow_projects/airflow1/venv/lib/python3.10/site-packages/airflow/example_dags/example_bash_operator.py
[2025-03-10T09:34:59.784+0100] {processor.py:840} INFO - DAG(s) 'example_bash_operator' retrieved from /home/philip/de_engineering/airflow_projects/airflow1/venv/lib/python3.10/site-packages/airflow/example_dags/example_bash_operator.py
[2025-03-10T09:34:59.809+0100] {logging_mixin.py:188} INFO - [2025-03-10T09:34:59.809+0100] {dag.py:3036} INFO - Sync 1 DAGs
[2025-03-10T09:34:59.829+0100] {logging_mixin.py:188} INFO - [2025-03-10T09:34:59.829+0100] {dag.py:3823} INFO - Setting next_dagrun for example_bash_operator to 2025-03-09 00:00:00+00:00, run_after=2025-03-10 00:00:00+00:00
[2025-03-10T09:34:59.845+0100] {processor.py:183} INFO - Processing /home/philip/de_engineering/airflow_projects/airflow1/venv/lib/python3.10/site-packages/airflow/example_dags/example_bash_operator.py took 0.075 seconds
[2025-03-10T09:35:29.938+0100] {processor.py:161} INFO - Started process (PID=150638) to work on /home/philip/de_engineering/airflow_projects/airflow1/venv/lib/python3.10/site-packages/airflow/example_dags/example_bash_operator.py
[2025-03-10T09:35:29.939+0100] {processor.py:830} INFO - Processing file /home/philip/de_engineering/airflow_projects/airflow1/venv/lib/python3.10/site-packages/airflow/example_dags/example_bash_operator.py for tasks to queue
[2025-03-10T09:35:29.940+0100] {logging_mixin.py:188} INFO - [2025-03-10T09:35:29.940+0100] {dagbag.py:538} INFO - Filling up the DagBag from /home/philip/de_engineering/airflow_projects/airflow1/venv/lib/python3.10/site-packages/airflow/example_dags/example_bash_operator.py
[2025-03-10T09:35:29.949+0100] {processor.py:840} INFO - DAG(s) 'example_bash_operator' retrieved from /home/philip/de_engineering/airflow_projects/airflow1/venv/lib/python3.10/site-packages/airflow/example_dags/example_bash_operator.py
[2025-03-10T09:35:29.977+0100] {logging_mixin.py:188} INFO - [2025-03-10T09:35:29.977+0100] {dag.py:3036} INFO - Sync 1 DAGs
[2025-03-10T09:35:29.997+0100] {logging_mixin.py:188} INFO - [2025-03-10T09:35:29.996+0100] {dag.py:3823} INFO - Setting next_dagrun for example_bash_operator to 2025-03-09 00:00:00+00:00, run_after=2025-03-10 00:00:00+00:00
[2025-03-10T09:35:30.015+0100] {processor.py:183} INFO - Processing /home/philip/de_engineering/airflow_projects/airflow1/venv/lib/python3.10/site-packages/airflow/example_dags/example_bash_operator.py took 0.079 seconds
[2025-03-10T09:36:00.233+0100] {processor.py:161} INFO - Started process (PID=151019) to work on /home/philip/de_engineering/airflow_projects/airflow1/venv/lib/python3.10/site-packages/airflow/example_dags/example_bash_operator.py
[2025-03-10T09:36:00.234+0100] {processor.py:830} INFO - Processing file /home/philip/de_engineering/airflow_projects/airflow1/venv/lib/python3.10/site-packages/airflow/example_dags/example_bash_operator.py for tasks to queue
[2025-03-10T09:36:00.235+0100] {logging_mixin.py:188} INFO - [2025-03-10T09:36:00.235+0100] {dagbag.py:538} INFO - Filling up the DagBag from /home/philip/de_engineering/airflow_projects/airflow1/venv/lib/python3.10/site-packages/airflow/example_dags/example_bash_operator.py
[2025-03-10T09:36:00.245+0100] {processor.py:840} INFO - DAG(s) 'example_bash_operator' retrieved from /home/philip/de_engineering/airflow_projects/airflow1/venv/lib/python3.10/site-packages/airflow/example_dags/example_bash_operator.py
[2025-03-10T09:36:00.275+0100] {logging_mixin.py:188} INFO - [2025-03-10T09:36:00.274+0100] {dag.py:3036} INFO - Sync 1 DAGs
[2025-03-10T09:36:00.297+0100] {logging_mixin.py:188} INFO - [2025-03-10T09:36:00.296+0100] {dag.py:3823} INFO - Setting next_dagrun for example_bash_operator to 2025-03-09 00:00:00+00:00, run_after=2025-03-10 00:00:00+00:00
[2025-03-10T09:36:00.313+0100] {processor.py:183} INFO - Processing /home/philip/de_engineering/airflow_projects/airflow1/venv/lib/python3.10/site-packages/airflow/example_dags/example_bash_operator.py took 0.083 seconds
