[2025-03-10T09:14:24.672+0100] {processor.py:161} INFO - Started process (PID=136879) to work on /home/philip/de_engineering/airflow_projects/airflow1/venv/lib/python3.10/site-packages/airflow/example_dags/example_short_circuit_decorator.py
[2025-03-10T09:14:24.673+0100] {processor.py:830} INFO - Processing file /home/philip/de_engineering/airflow_projects/airflow1/venv/lib/python3.10/site-packages/airflow/example_dags/example_short_circuit_decorator.py for tasks to queue
[2025-03-10T09:14:24.674+0100] {logging_mixin.py:188} INFO - [2025-03-10T09:14:24.673+0100] {dagbag.py:538} INFO - Filling up the DagBag from /home/philip/de_engineering/airflow_projects/airflow1/venv/lib/python3.10/site-packages/airflow/example_dags/example_short_circuit_decorator.py
[2025-03-10T09:14:24.682+0100] {processor.py:840} INFO - DAG(s) 'example_short_circuit_decorator' retrieved from /home/philip/de_engineering/airflow_projects/airflow1/venv/lib/python3.10/site-packages/airflow/example_dags/example_short_circuit_decorator.py
[2025-03-10T09:14:24.759+0100] {logging_mixin.py:188} INFO - [2025-03-10T09:14:24.758+0100] {override.py:1769} INFO - Created Permission View: can read on DAG:example_short_circuit_decorator
[2025-03-10T09:14:24.767+0100] {logging_mixin.py:188} INFO - [2025-03-10T09:14:24.767+0100] {override.py:1769} INFO - Created Permission View: can delete on DAG:example_short_circuit_decorator
[2025-03-10T09:14:24.772+0100] {logging_mixin.py:188} INFO - [2025-03-10T09:14:24.772+0100] {override.py:1769} INFO - Created Permission View: can edit on DAG:example_short_circuit_decorator
[2025-03-10T09:14:24.772+0100] {logging_mixin.py:188} INFO - [2025-03-10T09:14:24.772+0100] {dag.py:3036} INFO - Sync 1 DAGs
[2025-03-10T09:14:24.780+0100] {logging_mixin.py:188} INFO - [2025-03-10T09:14:24.780+0100] {dag.py:3058} INFO - Creating ORM DAG for example_short_circuit_decorator
[2025-03-10T09:14:24.788+0100] {logging_mixin.py:188} INFO - [2025-03-10T09:14:24.788+0100] {dag.py:3823} INFO - Setting next_dagrun for example_short_circuit_decorator to 2025-03-09 00:00:00+00:00, run_after=2025-03-10 00:00:00+00:00
[2025-03-10T09:14:24.801+0100] {processor.py:183} INFO - Processing /home/philip/de_engineering/airflow_projects/airflow1/venv/lib/python3.10/site-packages/airflow/example_dags/example_short_circuit_decorator.py took 0.131 seconds
[2025-03-10T09:14:55.618+0100] {processor.py:161} INFO - Started process (PID=136990) to work on /home/philip/de_engineering/airflow_projects/airflow1/venv/lib/python3.10/site-packages/airflow/example_dags/example_short_circuit_decorator.py
[2025-03-10T09:14:55.619+0100] {processor.py:830} INFO - Processing file /home/philip/de_engineering/airflow_projects/airflow1/venv/lib/python3.10/site-packages/airflow/example_dags/example_short_circuit_decorator.py for tasks to queue
[2025-03-10T09:14:55.619+0100] {logging_mixin.py:188} INFO - [2025-03-10T09:14:55.619+0100] {dagbag.py:538} INFO - Filling up the DagBag from /home/philip/de_engineering/airflow_projects/airflow1/venv/lib/python3.10/site-packages/airflow/example_dags/example_short_circuit_decorator.py
[2025-03-10T09:14:55.627+0100] {processor.py:840} INFO - DAG(s) 'example_short_circuit_decorator' retrieved from /home/philip/de_engineering/airflow_projects/airflow1/venv/lib/python3.10/site-packages/airflow/example_dags/example_short_circuit_decorator.py
[2025-03-10T09:14:55.652+0100] {logging_mixin.py:188} INFO - [2025-03-10T09:14:55.651+0100] {dag.py:3036} INFO - Sync 1 DAGs
[2025-03-10T09:14:55.671+0100] {logging_mixin.py:188} INFO - [2025-03-10T09:14:55.671+0100] {dag.py:3823} INFO - Setting next_dagrun for example_short_circuit_decorator to 2025-03-09 00:00:00+00:00, run_after=2025-03-10 00:00:00+00:00
[2025-03-10T09:14:55.687+0100] {processor.py:183} INFO - Processing /home/philip/de_engineering/airflow_projects/airflow1/venv/lib/python3.10/site-packages/airflow/example_dags/example_short_circuit_decorator.py took 0.074 seconds
[2025-03-10T09:15:25.789+0100] {processor.py:161} INFO - Started process (PID=137091) to work on /home/philip/de_engineering/airflow_projects/airflow1/venv/lib/python3.10/site-packages/airflow/example_dags/example_short_circuit_decorator.py
[2025-03-10T09:15:25.791+0100] {processor.py:830} INFO - Processing file /home/philip/de_engineering/airflow_projects/airflow1/venv/lib/python3.10/site-packages/airflow/example_dags/example_short_circuit_decorator.py for tasks to queue
[2025-03-10T09:15:25.791+0100] {logging_mixin.py:188} INFO - [2025-03-10T09:15:25.791+0100] {dagbag.py:538} INFO - Filling up the DagBag from /home/philip/de_engineering/airflow_projects/airflow1/venv/lib/python3.10/site-packages/airflow/example_dags/example_short_circuit_decorator.py
[2025-03-10T09:15:25.799+0100] {processor.py:840} INFO - DAG(s) 'example_short_circuit_decorator' retrieved from /home/philip/de_engineering/airflow_projects/airflow1/venv/lib/python3.10/site-packages/airflow/example_dags/example_short_circuit_decorator.py
[2025-03-10T09:15:25.819+0100] {logging_mixin.py:188} INFO - [2025-03-10T09:15:25.819+0100] {dag.py:3036} INFO - Sync 1 DAGs
[2025-03-10T09:15:25.835+0100] {logging_mixin.py:188} INFO - [2025-03-10T09:15:25.835+0100] {dag.py:3823} INFO - Setting next_dagrun for example_short_circuit_decorator to 2025-03-09 00:00:00+00:00, run_after=2025-03-10 00:00:00+00:00
[2025-03-10T09:15:25.848+0100] {processor.py:183} INFO - Processing /home/philip/de_engineering/airflow_projects/airflow1/venv/lib/python3.10/site-packages/airflow/example_dags/example_short_circuit_decorator.py took 0.062 seconds
[2025-03-10T09:15:56.297+0100] {processor.py:161} INFO - Started process (PID=137193) to work on /home/philip/de_engineering/airflow_projects/airflow1/venv/lib/python3.10/site-packages/airflow/example_dags/example_short_circuit_decorator.py
[2025-03-10T09:15:56.299+0100] {processor.py:830} INFO - Processing file /home/philip/de_engineering/airflow_projects/airflow1/venv/lib/python3.10/site-packages/airflow/example_dags/example_short_circuit_decorator.py for tasks to queue
[2025-03-10T09:15:56.299+0100] {logging_mixin.py:188} INFO - [2025-03-10T09:15:56.299+0100] {dagbag.py:538} INFO - Filling up the DagBag from /home/philip/de_engineering/airflow_projects/airflow1/venv/lib/python3.10/site-packages/airflow/example_dags/example_short_circuit_decorator.py
[2025-03-10T09:15:56.309+0100] {processor.py:840} INFO - DAG(s) 'example_short_circuit_decorator' retrieved from /home/philip/de_engineering/airflow_projects/airflow1/venv/lib/python3.10/site-packages/airflow/example_dags/example_short_circuit_decorator.py
[2025-03-10T09:15:56.333+0100] {logging_mixin.py:188} INFO - [2025-03-10T09:15:56.333+0100] {dag.py:3036} INFO - Sync 1 DAGs
[2025-03-10T09:15:56.353+0100] {logging_mixin.py:188} INFO - [2025-03-10T09:15:56.353+0100] {dag.py:3823} INFO - Setting next_dagrun for example_short_circuit_decorator to 2025-03-09 00:00:00+00:00, run_after=2025-03-10 00:00:00+00:00
[2025-03-10T09:15:56.370+0100] {processor.py:183} INFO - Processing /home/philip/de_engineering/airflow_projects/airflow1/venv/lib/python3.10/site-packages/airflow/example_dags/example_short_circuit_decorator.py took 0.077 seconds
[2025-03-10T09:16:26.632+0100] {processor.py:161} INFO - Started process (PID=137568) to work on /home/philip/de_engineering/airflow_projects/airflow1/venv/lib/python3.10/site-packages/airflow/example_dags/example_short_circuit_decorator.py
[2025-03-10T09:16:26.633+0100] {processor.py:830} INFO - Processing file /home/philip/de_engineering/airflow_projects/airflow1/venv/lib/python3.10/site-packages/airflow/example_dags/example_short_circuit_decorator.py for tasks to queue
[2025-03-10T09:16:26.633+0100] {logging_mixin.py:188} INFO - [2025-03-10T09:16:26.633+0100] {dagbag.py:538} INFO - Filling up the DagBag from /home/philip/de_engineering/airflow_projects/airflow1/venv/lib/python3.10/site-packages/airflow/example_dags/example_short_circuit_decorator.py
[2025-03-10T09:16:26.641+0100] {processor.py:840} INFO - DAG(s) 'example_short_circuit_decorator' retrieved from /home/philip/de_engineering/airflow_projects/airflow1/venv/lib/python3.10/site-packages/airflow/example_dags/example_short_circuit_decorator.py
[2025-03-10T09:16:26.663+0100] {logging_mixin.py:188} INFO - [2025-03-10T09:16:26.663+0100] {dag.py:3036} INFO - Sync 1 DAGs
[2025-03-10T09:16:26.684+0100] {logging_mixin.py:188} INFO - [2025-03-10T09:16:26.684+0100] {dag.py:3823} INFO - Setting next_dagrun for example_short_circuit_decorator to 2025-03-09 00:00:00+00:00, run_after=2025-03-10 00:00:00+00:00
[2025-03-10T09:16:26.701+0100] {processor.py:183} INFO - Processing /home/philip/de_engineering/airflow_projects/airflow1/venv/lib/python3.10/site-packages/airflow/example_dags/example_short_circuit_decorator.py took 0.073 seconds
[2025-03-10T09:16:56.762+0100] {processor.py:161} INFO - Started process (PID=137757) to work on /home/philip/de_engineering/airflow_projects/airflow1/venv/lib/python3.10/site-packages/airflow/example_dags/example_short_circuit_decorator.py
[2025-03-10T09:16:56.763+0100] {processor.py:830} INFO - Processing file /home/philip/de_engineering/airflow_projects/airflow1/venv/lib/python3.10/site-packages/airflow/example_dags/example_short_circuit_decorator.py for tasks to queue
[2025-03-10T09:16:56.763+0100] {logging_mixin.py:188} INFO - [2025-03-10T09:16:56.763+0100] {dagbag.py:538} INFO - Filling up the DagBag from /home/philip/de_engineering/airflow_projects/airflow1/venv/lib/python3.10/site-packages/airflow/example_dags/example_short_circuit_decorator.py
[2025-03-10T09:16:56.771+0100] {processor.py:840} INFO - DAG(s) 'example_short_circuit_decorator' retrieved from /home/philip/de_engineering/airflow_projects/airflow1/venv/lib/python3.10/site-packages/airflow/example_dags/example_short_circuit_decorator.py
[2025-03-10T09:16:56.795+0100] {logging_mixin.py:188} INFO - [2025-03-10T09:16:56.795+0100] {dag.py:3036} INFO - Sync 1 DAGs
[2025-03-10T09:16:56.812+0100] {logging_mixin.py:188} INFO - [2025-03-10T09:16:56.812+0100] {dag.py:3823} INFO - Setting next_dagrun for example_short_circuit_decorator to 2025-03-09 00:00:00+00:00, run_after=2025-03-10 00:00:00+00:00
[2025-03-10T09:16:56.828+0100] {processor.py:183} INFO - Processing /home/philip/de_engineering/airflow_projects/airflow1/venv/lib/python3.10/site-packages/airflow/example_dags/example_short_circuit_decorator.py took 0.071 seconds
[2025-03-10T09:17:27.031+0100] {processor.py:161} INFO - Started process (PID=137946) to work on /home/philip/de_engineering/airflow_projects/airflow1/venv/lib/python3.10/site-packages/airflow/example_dags/example_short_circuit_decorator.py
[2025-03-10T09:17:27.032+0100] {processor.py:830} INFO - Processing file /home/philip/de_engineering/airflow_projects/airflow1/venv/lib/python3.10/site-packages/airflow/example_dags/example_short_circuit_decorator.py for tasks to queue
[2025-03-10T09:17:27.033+0100] {logging_mixin.py:188} INFO - [2025-03-10T09:17:27.033+0100] {dagbag.py:538} INFO - Filling up the DagBag from /home/philip/de_engineering/airflow_projects/airflow1/venv/lib/python3.10/site-packages/airflow/example_dags/example_short_circuit_decorator.py
[2025-03-10T09:17:27.041+0100] {processor.py:840} INFO - DAG(s) 'example_short_circuit_decorator' retrieved from /home/philip/de_engineering/airflow_projects/airflow1/venv/lib/python3.10/site-packages/airflow/example_dags/example_short_circuit_decorator.py
[2025-03-10T09:17:27.062+0100] {logging_mixin.py:188} INFO - [2025-03-10T09:17:27.062+0100] {dag.py:3036} INFO - Sync 1 DAGs
[2025-03-10T09:17:27.079+0100] {logging_mixin.py:188} INFO - [2025-03-10T09:17:27.079+0100] {dag.py:3823} INFO - Setting next_dagrun for example_short_circuit_decorator to 2025-03-09 00:00:00+00:00, run_after=2025-03-10 00:00:00+00:00
[2025-03-10T09:17:27.093+0100] {processor.py:183} INFO - Processing /home/philip/de_engineering/airflow_projects/airflow1/venv/lib/python3.10/site-packages/airflow/example_dags/example_short_circuit_decorator.py took 0.065 seconds
[2025-03-10T09:19:21.504+0100] {processor.py:161} INFO - Started process (PID=138602) to work on /home/philip/de_engineering/airflow_projects/airflow1/venv/lib/python3.10/site-packages/airflow/example_dags/example_short_circuit_decorator.py
[2025-03-10T09:19:21.505+0100] {processor.py:830} INFO - Processing file /home/philip/de_engineering/airflow_projects/airflow1/venv/lib/python3.10/site-packages/airflow/example_dags/example_short_circuit_decorator.py for tasks to queue
[2025-03-10T09:19:21.506+0100] {logging_mixin.py:188} INFO - [2025-03-10T09:19:21.505+0100] {dagbag.py:538} INFO - Filling up the DagBag from /home/philip/de_engineering/airflow_projects/airflow1/venv/lib/python3.10/site-packages/airflow/example_dags/example_short_circuit_decorator.py
[2025-03-10T09:19:21.515+0100] {processor.py:840} INFO - DAG(s) 'example_short_circuit_decorator' retrieved from /home/philip/de_engineering/airflow_projects/airflow1/venv/lib/python3.10/site-packages/airflow/example_dags/example_short_circuit_decorator.py
[2025-03-10T09:19:21.593+0100] {logging_mixin.py:188} INFO - [2025-03-10T09:19:21.592+0100] {dag.py:3036} INFO - Sync 1 DAGs
[2025-03-10T09:19:21.608+0100] {logging_mixin.py:188} INFO - [2025-03-10T09:19:21.608+0100] {dag.py:3823} INFO - Setting next_dagrun for example_short_circuit_decorator to 2025-03-09 00:00:00+00:00, run_after=2025-03-10 00:00:00+00:00
[2025-03-10T09:19:21.622+0100] {processor.py:183} INFO - Processing /home/philip/de_engineering/airflow_projects/airflow1/venv/lib/python3.10/site-packages/airflow/example_dags/example_short_circuit_decorator.py took 0.121 seconds
[2025-03-10T09:19:51.693+0100] {processor.py:161} INFO - Started process (PID=138937) to work on /home/philip/de_engineering/airflow_projects/airflow1/venv/lib/python3.10/site-packages/airflow/example_dags/example_short_circuit_decorator.py
[2025-03-10T09:19:51.694+0100] {processor.py:830} INFO - Processing file /home/philip/de_engineering/airflow_projects/airflow1/venv/lib/python3.10/site-packages/airflow/example_dags/example_short_circuit_decorator.py for tasks to queue
[2025-03-10T09:19:51.695+0100] {logging_mixin.py:188} INFO - [2025-03-10T09:19:51.694+0100] {dagbag.py:538} INFO - Filling up the DagBag from /home/philip/de_engineering/airflow_projects/airflow1/venv/lib/python3.10/site-packages/airflow/example_dags/example_short_circuit_decorator.py
[2025-03-10T09:19:51.702+0100] {processor.py:840} INFO - DAG(s) 'example_short_circuit_decorator' retrieved from /home/philip/de_engineering/airflow_projects/airflow1/venv/lib/python3.10/site-packages/airflow/example_dags/example_short_circuit_decorator.py
[2025-03-10T09:19:51.724+0100] {logging_mixin.py:188} INFO - [2025-03-10T09:19:51.723+0100] {dag.py:3036} INFO - Sync 1 DAGs
[2025-03-10T09:19:51.742+0100] {logging_mixin.py:188} INFO - [2025-03-10T09:19:51.742+0100] {dag.py:3823} INFO - Setting next_dagrun for example_short_circuit_decorator to 2025-03-09 00:00:00+00:00, run_after=2025-03-10 00:00:00+00:00
[2025-03-10T09:19:51.757+0100] {processor.py:183} INFO - Processing /home/philip/de_engineering/airflow_projects/airflow1/venv/lib/python3.10/site-packages/airflow/example_dags/example_short_circuit_decorator.py took 0.066 seconds
[2025-03-10T09:20:22.023+0100] {processor.py:161} INFO - Started process (PID=139316) to work on /home/philip/de_engineering/airflow_projects/airflow1/venv/lib/python3.10/site-packages/airflow/example_dags/example_short_circuit_decorator.py
[2025-03-10T09:20:22.024+0100] {processor.py:830} INFO - Processing file /home/philip/de_engineering/airflow_projects/airflow1/venv/lib/python3.10/site-packages/airflow/example_dags/example_short_circuit_decorator.py for tasks to queue
[2025-03-10T09:20:22.025+0100] {logging_mixin.py:188} INFO - [2025-03-10T09:20:22.025+0100] {dagbag.py:538} INFO - Filling up the DagBag from /home/philip/de_engineering/airflow_projects/airflow1/venv/lib/python3.10/site-packages/airflow/example_dags/example_short_circuit_decorator.py
[2025-03-10T09:20:22.033+0100] {processor.py:840} INFO - DAG(s) 'example_short_circuit_decorator' retrieved from /home/philip/de_engineering/airflow_projects/airflow1/venv/lib/python3.10/site-packages/airflow/example_dags/example_short_circuit_decorator.py
[2025-03-10T09:20:22.058+0100] {logging_mixin.py:188} INFO - [2025-03-10T09:20:22.058+0100] {dag.py:3036} INFO - Sync 1 DAGs
[2025-03-10T09:20:22.079+0100] {logging_mixin.py:188} INFO - [2025-03-10T09:20:22.079+0100] {dag.py:3823} INFO - Setting next_dagrun for example_short_circuit_decorator to 2025-03-09 00:00:00+00:00, run_after=2025-03-10 00:00:00+00:00
[2025-03-10T09:20:22.094+0100] {processor.py:183} INFO - Processing /home/philip/de_engineering/airflow_projects/airflow1/venv/lib/python3.10/site-packages/airflow/example_dags/example_short_circuit_decorator.py took 0.074 seconds
[2025-03-10T09:20:52.714+0100] {processor.py:161} INFO - Started process (PID=139689) to work on /home/philip/de_engineering/airflow_projects/airflow1/venv/lib/python3.10/site-packages/airflow/example_dags/example_short_circuit_decorator.py
[2025-03-10T09:20:52.715+0100] {processor.py:830} INFO - Processing file /home/philip/de_engineering/airflow_projects/airflow1/venv/lib/python3.10/site-packages/airflow/example_dags/example_short_circuit_decorator.py for tasks to queue
[2025-03-10T09:20:52.716+0100] {logging_mixin.py:188} INFO - [2025-03-10T09:20:52.716+0100] {dagbag.py:538} INFO - Filling up the DagBag from /home/philip/de_engineering/airflow_projects/airflow1/venv/lib/python3.10/site-packages/airflow/example_dags/example_short_circuit_decorator.py
[2025-03-10T09:20:52.723+0100] {processor.py:840} INFO - DAG(s) 'example_short_circuit_decorator' retrieved from /home/philip/de_engineering/airflow_projects/airflow1/venv/lib/python3.10/site-packages/airflow/example_dags/example_short_circuit_decorator.py
[2025-03-10T09:20:52.746+0100] {logging_mixin.py:188} INFO - [2025-03-10T09:20:52.746+0100] {dag.py:3036} INFO - Sync 1 DAGs
[2025-03-10T09:20:52.763+0100] {logging_mixin.py:188} INFO - [2025-03-10T09:20:52.762+0100] {dag.py:3823} INFO - Setting next_dagrun for example_short_circuit_decorator to 2025-03-09 00:00:00+00:00, run_after=2025-03-10 00:00:00+00:00
[2025-03-10T09:20:52.777+0100] {processor.py:183} INFO - Processing /home/philip/de_engineering/airflow_projects/airflow1/venv/lib/python3.10/site-packages/airflow/example_dags/example_short_circuit_decorator.py took 0.065 seconds
[2025-03-10T09:21:23.098+0100] {processor.py:161} INFO - Started process (PID=140072) to work on /home/philip/de_engineering/airflow_projects/airflow1/venv/lib/python3.10/site-packages/airflow/example_dags/example_short_circuit_decorator.py
[2025-03-10T09:21:23.099+0100] {processor.py:830} INFO - Processing file /home/philip/de_engineering/airflow_projects/airflow1/venv/lib/python3.10/site-packages/airflow/example_dags/example_short_circuit_decorator.py for tasks to queue
[2025-03-10T09:21:23.100+0100] {logging_mixin.py:188} INFO - [2025-03-10T09:21:23.100+0100] {dagbag.py:538} INFO - Filling up the DagBag from /home/philip/de_engineering/airflow_projects/airflow1/venv/lib/python3.10/site-packages/airflow/example_dags/example_short_circuit_decorator.py
[2025-03-10T09:21:23.109+0100] {processor.py:840} INFO - DAG(s) 'example_short_circuit_decorator' retrieved from /home/philip/de_engineering/airflow_projects/airflow1/venv/lib/python3.10/site-packages/airflow/example_dags/example_short_circuit_decorator.py
[2025-03-10T09:21:23.131+0100] {logging_mixin.py:188} INFO - [2025-03-10T09:21:23.131+0100] {dag.py:3036} INFO - Sync 1 DAGs
[2025-03-10T09:21:23.150+0100] {logging_mixin.py:188} INFO - [2025-03-10T09:21:23.150+0100] {dag.py:3823} INFO - Setting next_dagrun for example_short_circuit_decorator to 2025-03-09 00:00:00+00:00, run_after=2025-03-10 00:00:00+00:00
[2025-03-10T09:21:23.167+0100] {processor.py:183} INFO - Processing /home/philip/de_engineering/airflow_projects/airflow1/venv/lib/python3.10/site-packages/airflow/example_dags/example_short_circuit_decorator.py took 0.072 seconds
[2025-03-10T09:21:53.348+0100] {processor.py:161} INFO - Started process (PID=140455) to work on /home/philip/de_engineering/airflow_projects/airflow1/venv/lib/python3.10/site-packages/airflow/example_dags/example_short_circuit_decorator.py
[2025-03-10T09:21:53.349+0100] {processor.py:830} INFO - Processing file /home/philip/de_engineering/airflow_projects/airflow1/venv/lib/python3.10/site-packages/airflow/example_dags/example_short_circuit_decorator.py for tasks to queue
[2025-03-10T09:21:53.350+0100] {logging_mixin.py:188} INFO - [2025-03-10T09:21:53.349+0100] {dagbag.py:538} INFO - Filling up the DagBag from /home/philip/de_engineering/airflow_projects/airflow1/venv/lib/python3.10/site-packages/airflow/example_dags/example_short_circuit_decorator.py
[2025-03-10T09:21:53.358+0100] {processor.py:840} INFO - DAG(s) 'example_short_circuit_decorator' retrieved from /home/philip/de_engineering/airflow_projects/airflow1/venv/lib/python3.10/site-packages/airflow/example_dags/example_short_circuit_decorator.py
[2025-03-10T09:21:53.381+0100] {logging_mixin.py:188} INFO - [2025-03-10T09:21:53.381+0100] {dag.py:3036} INFO - Sync 1 DAGs
[2025-03-10T09:21:53.400+0100] {logging_mixin.py:188} INFO - [2025-03-10T09:21:53.399+0100] {dag.py:3823} INFO - Setting next_dagrun for example_short_circuit_decorator to 2025-03-09 00:00:00+00:00, run_after=2025-03-10 00:00:00+00:00
[2025-03-10T09:21:53.414+0100] {processor.py:183} INFO - Processing /home/philip/de_engineering/airflow_projects/airflow1/venv/lib/python3.10/site-packages/airflow/example_dags/example_short_circuit_decorator.py took 0.070 seconds
[2025-03-10T09:22:23.597+0100] {processor.py:161} INFO - Started process (PID=140830) to work on /home/philip/de_engineering/airflow_projects/airflow1/venv/lib/python3.10/site-packages/airflow/example_dags/example_short_circuit_decorator.py
[2025-03-10T09:22:23.598+0100] {processor.py:830} INFO - Processing file /home/philip/de_engineering/airflow_projects/airflow1/venv/lib/python3.10/site-packages/airflow/example_dags/example_short_circuit_decorator.py for tasks to queue
[2025-03-10T09:22:23.599+0100] {logging_mixin.py:188} INFO - [2025-03-10T09:22:23.598+0100] {dagbag.py:538} INFO - Filling up the DagBag from /home/philip/de_engineering/airflow_projects/airflow1/venv/lib/python3.10/site-packages/airflow/example_dags/example_short_circuit_decorator.py
[2025-03-10T09:22:23.607+0100] {processor.py:840} INFO - DAG(s) 'example_short_circuit_decorator' retrieved from /home/philip/de_engineering/airflow_projects/airflow1/venv/lib/python3.10/site-packages/airflow/example_dags/example_short_circuit_decorator.py
[2025-03-10T09:22:23.630+0100] {logging_mixin.py:188} INFO - [2025-03-10T09:22:23.629+0100] {dag.py:3036} INFO - Sync 1 DAGs
[2025-03-10T09:22:23.647+0100] {logging_mixin.py:188} INFO - [2025-03-10T09:22:23.647+0100] {dag.py:3823} INFO - Setting next_dagrun for example_short_circuit_decorator to 2025-03-09 00:00:00+00:00, run_after=2025-03-10 00:00:00+00:00
[2025-03-10T09:22:23.662+0100] {processor.py:183} INFO - Processing /home/philip/de_engineering/airflow_projects/airflow1/venv/lib/python3.10/site-packages/airflow/example_dags/example_short_circuit_decorator.py took 0.068 seconds
[2025-03-10T09:22:53.798+0100] {processor.py:161} INFO - Started process (PID=141210) to work on /home/philip/de_engineering/airflow_projects/airflow1/venv/lib/python3.10/site-packages/airflow/example_dags/example_short_circuit_decorator.py
[2025-03-10T09:22:53.799+0100] {processor.py:830} INFO - Processing file /home/philip/de_engineering/airflow_projects/airflow1/venv/lib/python3.10/site-packages/airflow/example_dags/example_short_circuit_decorator.py for tasks to queue
[2025-03-10T09:22:53.800+0100] {logging_mixin.py:188} INFO - [2025-03-10T09:22:53.799+0100] {dagbag.py:538} INFO - Filling up the DagBag from /home/philip/de_engineering/airflow_projects/airflow1/venv/lib/python3.10/site-packages/airflow/example_dags/example_short_circuit_decorator.py
[2025-03-10T09:22:53.807+0100] {processor.py:840} INFO - DAG(s) 'example_short_circuit_decorator' retrieved from /home/philip/de_engineering/airflow_projects/airflow1/venv/lib/python3.10/site-packages/airflow/example_dags/example_short_circuit_decorator.py
[2025-03-10T09:22:53.831+0100] {logging_mixin.py:188} INFO - [2025-03-10T09:22:53.831+0100] {dag.py:3036} INFO - Sync 1 DAGs
[2025-03-10T09:22:53.849+0100] {logging_mixin.py:188} INFO - [2025-03-10T09:22:53.849+0100] {dag.py:3823} INFO - Setting next_dagrun for example_short_circuit_decorator to 2025-03-09 00:00:00+00:00, run_after=2025-03-10 00:00:00+00:00
[2025-03-10T09:22:53.863+0100] {processor.py:183} INFO - Processing /home/philip/de_engineering/airflow_projects/airflow1/venv/lib/python3.10/site-packages/airflow/example_dags/example_short_circuit_decorator.py took 0.068 seconds
[2025-03-10T09:23:24.015+0100] {processor.py:161} INFO - Started process (PID=141587) to work on /home/philip/de_engineering/airflow_projects/airflow1/venv/lib/python3.10/site-packages/airflow/example_dags/example_short_circuit_decorator.py
[2025-03-10T09:23:24.016+0100] {processor.py:830} INFO - Processing file /home/philip/de_engineering/airflow_projects/airflow1/venv/lib/python3.10/site-packages/airflow/example_dags/example_short_circuit_decorator.py for tasks to queue
[2025-03-10T09:23:24.017+0100] {logging_mixin.py:188} INFO - [2025-03-10T09:23:24.017+0100] {dagbag.py:538} INFO - Filling up the DagBag from /home/philip/de_engineering/airflow_projects/airflow1/venv/lib/python3.10/site-packages/airflow/example_dags/example_short_circuit_decorator.py
[2025-03-10T09:23:24.025+0100] {processor.py:840} INFO - DAG(s) 'example_short_circuit_decorator' retrieved from /home/philip/de_engineering/airflow_projects/airflow1/venv/lib/python3.10/site-packages/airflow/example_dags/example_short_circuit_decorator.py
[2025-03-10T09:23:24.048+0100] {logging_mixin.py:188} INFO - [2025-03-10T09:23:24.048+0100] {dag.py:3036} INFO - Sync 1 DAGs
[2025-03-10T09:23:24.067+0100] {logging_mixin.py:188} INFO - [2025-03-10T09:23:24.067+0100] {dag.py:3823} INFO - Setting next_dagrun for example_short_circuit_decorator to 2025-03-09 00:00:00+00:00, run_after=2025-03-10 00:00:00+00:00
[2025-03-10T09:23:24.085+0100] {processor.py:183} INFO - Processing /home/philip/de_engineering/airflow_projects/airflow1/venv/lib/python3.10/site-packages/airflow/example_dags/example_short_circuit_decorator.py took 0.072 seconds
[2025-03-10T09:23:54.464+0100] {processor.py:161} INFO - Started process (PID=141971) to work on /home/philip/de_engineering/airflow_projects/airflow1/venv/lib/python3.10/site-packages/airflow/example_dags/example_short_circuit_decorator.py
[2025-03-10T09:23:54.465+0100] {processor.py:830} INFO - Processing file /home/philip/de_engineering/airflow_projects/airflow1/venv/lib/python3.10/site-packages/airflow/example_dags/example_short_circuit_decorator.py for tasks to queue
[2025-03-10T09:23:54.466+0100] {logging_mixin.py:188} INFO - [2025-03-10T09:23:54.465+0100] {dagbag.py:538} INFO - Filling up the DagBag from /home/philip/de_engineering/airflow_projects/airflow1/venv/lib/python3.10/site-packages/airflow/example_dags/example_short_circuit_decorator.py
[2025-03-10T09:23:54.473+0100] {processor.py:840} INFO - DAG(s) 'example_short_circuit_decorator' retrieved from /home/philip/de_engineering/airflow_projects/airflow1/venv/lib/python3.10/site-packages/airflow/example_dags/example_short_circuit_decorator.py
[2025-03-10T09:23:54.494+0100] {logging_mixin.py:188} INFO - [2025-03-10T09:23:54.494+0100] {dag.py:3036} INFO - Sync 1 DAGs
[2025-03-10T09:23:54.514+0100] {logging_mixin.py:188} INFO - [2025-03-10T09:23:54.513+0100] {dag.py:3823} INFO - Setting next_dagrun for example_short_circuit_decorator to 2025-03-09 00:00:00+00:00, run_after=2025-03-10 00:00:00+00:00
[2025-03-10T09:23:54.529+0100] {processor.py:183} INFO - Processing /home/philip/de_engineering/airflow_projects/airflow1/venv/lib/python3.10/site-packages/airflow/example_dags/example_short_circuit_decorator.py took 0.068 seconds
[2025-03-10T09:24:24.717+0100] {processor.py:161} INFO - Started process (PID=142343) to work on /home/philip/de_engineering/airflow_projects/airflow1/venv/lib/python3.10/site-packages/airflow/example_dags/example_short_circuit_decorator.py
[2025-03-10T09:24:24.718+0100] {processor.py:830} INFO - Processing file /home/philip/de_engineering/airflow_projects/airflow1/venv/lib/python3.10/site-packages/airflow/example_dags/example_short_circuit_decorator.py for tasks to queue
[2025-03-10T09:24:24.719+0100] {logging_mixin.py:188} INFO - [2025-03-10T09:24:24.719+0100] {dagbag.py:538} INFO - Filling up the DagBag from /home/philip/de_engineering/airflow_projects/airflow1/venv/lib/python3.10/site-packages/airflow/example_dags/example_short_circuit_decorator.py
[2025-03-10T09:24:24.728+0100] {processor.py:840} INFO - DAG(s) 'example_short_circuit_decorator' retrieved from /home/philip/de_engineering/airflow_projects/airflow1/venv/lib/python3.10/site-packages/airflow/example_dags/example_short_circuit_decorator.py
[2025-03-10T09:24:24.752+0100] {logging_mixin.py:188} INFO - [2025-03-10T09:24:24.752+0100] {dag.py:3036} INFO - Sync 1 DAGs
[2025-03-10T09:24:24.772+0100] {logging_mixin.py:188} INFO - [2025-03-10T09:24:24.772+0100] {dag.py:3823} INFO - Setting next_dagrun for example_short_circuit_decorator to 2025-03-09 00:00:00+00:00, run_after=2025-03-10 00:00:00+00:00
[2025-03-10T09:24:24.788+0100] {processor.py:183} INFO - Processing /home/philip/de_engineering/airflow_projects/airflow1/venv/lib/python3.10/site-packages/airflow/example_dags/example_short_circuit_decorator.py took 0.074 seconds
[2025-03-10T09:24:55.120+0100] {processor.py:161} INFO - Started process (PID=142724) to work on /home/philip/de_engineering/airflow_projects/airflow1/venv/lib/python3.10/site-packages/airflow/example_dags/example_short_circuit_decorator.py
[2025-03-10T09:24:55.122+0100] {processor.py:830} INFO - Processing file /home/philip/de_engineering/airflow_projects/airflow1/venv/lib/python3.10/site-packages/airflow/example_dags/example_short_circuit_decorator.py for tasks to queue
[2025-03-10T09:24:55.122+0100] {logging_mixin.py:188} INFO - [2025-03-10T09:24:55.122+0100] {dagbag.py:538} INFO - Filling up the DagBag from /home/philip/de_engineering/airflow_projects/airflow1/venv/lib/python3.10/site-packages/airflow/example_dags/example_short_circuit_decorator.py
[2025-03-10T09:24:55.131+0100] {processor.py:840} INFO - DAG(s) 'example_short_circuit_decorator' retrieved from /home/philip/de_engineering/airflow_projects/airflow1/venv/lib/python3.10/site-packages/airflow/example_dags/example_short_circuit_decorator.py
[2025-03-10T09:24:55.152+0100] {logging_mixin.py:188} INFO - [2025-03-10T09:24:55.152+0100] {dag.py:3036} INFO - Sync 1 DAGs
[2025-03-10T09:24:55.169+0100] {logging_mixin.py:188} INFO - [2025-03-10T09:24:55.169+0100] {dag.py:3823} INFO - Setting next_dagrun for example_short_circuit_decorator to 2025-03-09 00:00:00+00:00, run_after=2025-03-10 00:00:00+00:00
[2025-03-10T09:24:55.184+0100] {processor.py:183} INFO - Processing /home/philip/de_engineering/airflow_projects/airflow1/venv/lib/python3.10/site-packages/airflow/example_dags/example_short_circuit_decorator.py took 0.066 seconds
[2025-03-10T09:25:25.285+0100] {processor.py:161} INFO - Started process (PID=143106) to work on /home/philip/de_engineering/airflow_projects/airflow1/venv/lib/python3.10/site-packages/airflow/example_dags/example_short_circuit_decorator.py
[2025-03-10T09:25:25.286+0100] {processor.py:830} INFO - Processing file /home/philip/de_engineering/airflow_projects/airflow1/venv/lib/python3.10/site-packages/airflow/example_dags/example_short_circuit_decorator.py for tasks to queue
[2025-03-10T09:25:25.287+0100] {logging_mixin.py:188} INFO - [2025-03-10T09:25:25.287+0100] {dagbag.py:538} INFO - Filling up the DagBag from /home/philip/de_engineering/airflow_projects/airflow1/venv/lib/python3.10/site-packages/airflow/example_dags/example_short_circuit_decorator.py
[2025-03-10T09:25:25.295+0100] {processor.py:840} INFO - DAG(s) 'example_short_circuit_decorator' retrieved from /home/philip/de_engineering/airflow_projects/airflow1/venv/lib/python3.10/site-packages/airflow/example_dags/example_short_circuit_decorator.py
[2025-03-10T09:25:25.318+0100] {logging_mixin.py:188} INFO - [2025-03-10T09:25:25.317+0100] {dag.py:3036} INFO - Sync 1 DAGs
[2025-03-10T09:25:25.338+0100] {logging_mixin.py:188} INFO - [2025-03-10T09:25:25.338+0100] {dag.py:3823} INFO - Setting next_dagrun for example_short_circuit_decorator to 2025-03-09 00:00:00+00:00, run_after=2025-03-10 00:00:00+00:00
[2025-03-10T09:25:25.355+0100] {processor.py:183} INFO - Processing /home/philip/de_engineering/airflow_projects/airflow1/venv/lib/python3.10/site-packages/airflow/example_dags/example_short_circuit_decorator.py took 0.072 seconds
[2025-03-10T09:25:55.601+0100] {processor.py:161} INFO - Started process (PID=143483) to work on /home/philip/de_engineering/airflow_projects/airflow1/venv/lib/python3.10/site-packages/airflow/example_dags/example_short_circuit_decorator.py
[2025-03-10T09:25:55.602+0100] {processor.py:830} INFO - Processing file /home/philip/de_engineering/airflow_projects/airflow1/venv/lib/python3.10/site-packages/airflow/example_dags/example_short_circuit_decorator.py for tasks to queue
[2025-03-10T09:25:55.603+0100] {logging_mixin.py:188} INFO - [2025-03-10T09:25:55.603+0100] {dagbag.py:538} INFO - Filling up the DagBag from /home/philip/de_engineering/airflow_projects/airflow1/venv/lib/python3.10/site-packages/airflow/example_dags/example_short_circuit_decorator.py
[2025-03-10T09:25:55.612+0100] {processor.py:840} INFO - DAG(s) 'example_short_circuit_decorator' retrieved from /home/philip/de_engineering/airflow_projects/airflow1/venv/lib/python3.10/site-packages/airflow/example_dags/example_short_circuit_decorator.py
[2025-03-10T09:25:55.635+0100] {logging_mixin.py:188} INFO - [2025-03-10T09:25:55.635+0100] {dag.py:3036} INFO - Sync 1 DAGs
[2025-03-10T09:25:55.653+0100] {logging_mixin.py:188} INFO - [2025-03-10T09:25:55.653+0100] {dag.py:3823} INFO - Setting next_dagrun for example_short_circuit_decorator to 2025-03-09 00:00:00+00:00, run_after=2025-03-10 00:00:00+00:00
[2025-03-10T09:25:55.668+0100] {processor.py:183} INFO - Processing /home/philip/de_engineering/airflow_projects/airflow1/venv/lib/python3.10/site-packages/airflow/example_dags/example_short_circuit_decorator.py took 0.070 seconds
[2025-03-10T09:26:26.041+0100] {processor.py:161} INFO - Started process (PID=143864) to work on /home/philip/de_engineering/airflow_projects/airflow1/venv/lib/python3.10/site-packages/airflow/example_dags/example_short_circuit_decorator.py
[2025-03-10T09:26:26.042+0100] {processor.py:830} INFO - Processing file /home/philip/de_engineering/airflow_projects/airflow1/venv/lib/python3.10/site-packages/airflow/example_dags/example_short_circuit_decorator.py for tasks to queue
[2025-03-10T09:26:26.042+0100] {logging_mixin.py:188} INFO - [2025-03-10T09:26:26.042+0100] {dagbag.py:538} INFO - Filling up the DagBag from /home/philip/de_engineering/airflow_projects/airflow1/venv/lib/python3.10/site-packages/airflow/example_dags/example_short_circuit_decorator.py
[2025-03-10T09:26:26.050+0100] {processor.py:840} INFO - DAG(s) 'example_short_circuit_decorator' retrieved from /home/philip/de_engineering/airflow_projects/airflow1/venv/lib/python3.10/site-packages/airflow/example_dags/example_short_circuit_decorator.py
[2025-03-10T09:26:26.071+0100] {logging_mixin.py:188} INFO - [2025-03-10T09:26:26.071+0100] {dag.py:3036} INFO - Sync 1 DAGs
[2025-03-10T09:26:26.089+0100] {logging_mixin.py:188} INFO - [2025-03-10T09:26:26.089+0100] {dag.py:3823} INFO - Setting next_dagrun for example_short_circuit_decorator to 2025-03-09 00:00:00+00:00, run_after=2025-03-10 00:00:00+00:00
[2025-03-10T09:26:26.103+0100] {processor.py:183} INFO - Processing /home/philip/de_engineering/airflow_projects/airflow1/venv/lib/python3.10/site-packages/airflow/example_dags/example_short_circuit_decorator.py took 0.065 seconds
[2025-03-10T09:26:56.487+0100] {processor.py:161} INFO - Started process (PID=144239) to work on /home/philip/de_engineering/airflow_projects/airflow1/venv/lib/python3.10/site-packages/airflow/example_dags/example_short_circuit_decorator.py
[2025-03-10T09:26:56.488+0100] {processor.py:830} INFO - Processing file /home/philip/de_engineering/airflow_projects/airflow1/venv/lib/python3.10/site-packages/airflow/example_dags/example_short_circuit_decorator.py for tasks to queue
[2025-03-10T09:26:56.489+0100] {logging_mixin.py:188} INFO - [2025-03-10T09:26:56.488+0100] {dagbag.py:538} INFO - Filling up the DagBag from /home/philip/de_engineering/airflow_projects/airflow1/venv/lib/python3.10/site-packages/airflow/example_dags/example_short_circuit_decorator.py
[2025-03-10T09:26:56.496+0100] {processor.py:840} INFO - DAG(s) 'example_short_circuit_decorator' retrieved from /home/philip/de_engineering/airflow_projects/airflow1/venv/lib/python3.10/site-packages/airflow/example_dags/example_short_circuit_decorator.py
[2025-03-10T09:26:56.518+0100] {logging_mixin.py:188} INFO - [2025-03-10T09:26:56.518+0100] {dag.py:3036} INFO - Sync 1 DAGs
[2025-03-10T09:26:56.535+0100] {logging_mixin.py:188} INFO - [2025-03-10T09:26:56.535+0100] {dag.py:3823} INFO - Setting next_dagrun for example_short_circuit_decorator to 2025-03-09 00:00:00+00:00, run_after=2025-03-10 00:00:00+00:00
[2025-03-10T09:26:56.550+0100] {processor.py:183} INFO - Processing /home/philip/de_engineering/airflow_projects/airflow1/venv/lib/python3.10/site-packages/airflow/example_dags/example_short_circuit_decorator.py took 0.066 seconds
[2025-03-10T09:27:26.744+0100] {processor.py:161} INFO - Started process (PID=144618) to work on /home/philip/de_engineering/airflow_projects/airflow1/venv/lib/python3.10/site-packages/airflow/example_dags/example_short_circuit_decorator.py
[2025-03-10T09:27:26.745+0100] {processor.py:830} INFO - Processing file /home/philip/de_engineering/airflow_projects/airflow1/venv/lib/python3.10/site-packages/airflow/example_dags/example_short_circuit_decorator.py for tasks to queue
[2025-03-10T09:27:26.745+0100] {logging_mixin.py:188} INFO - [2025-03-10T09:27:26.745+0100] {dagbag.py:538} INFO - Filling up the DagBag from /home/philip/de_engineering/airflow_projects/airflow1/venv/lib/python3.10/site-packages/airflow/example_dags/example_short_circuit_decorator.py
[2025-03-10T09:27:26.753+0100] {processor.py:840} INFO - DAG(s) 'example_short_circuit_decorator' retrieved from /home/philip/de_engineering/airflow_projects/airflow1/venv/lib/python3.10/site-packages/airflow/example_dags/example_short_circuit_decorator.py
[2025-03-10T09:27:26.774+0100] {logging_mixin.py:188} INFO - [2025-03-10T09:27:26.774+0100] {dag.py:3036} INFO - Sync 1 DAGs
[2025-03-10T09:27:26.791+0100] {logging_mixin.py:188} INFO - [2025-03-10T09:27:26.790+0100] {dag.py:3823} INFO - Setting next_dagrun for example_short_circuit_decorator to 2025-03-09 00:00:00+00:00, run_after=2025-03-10 00:00:00+00:00
[2025-03-10T09:27:26.804+0100] {processor.py:183} INFO - Processing /home/philip/de_engineering/airflow_projects/airflow1/venv/lib/python3.10/site-packages/airflow/example_dags/example_short_circuit_decorator.py took 0.063 seconds
[2025-03-10T09:27:56.961+0100] {processor.py:161} INFO - Started process (PID=144993) to work on /home/philip/de_engineering/airflow_projects/airflow1/venv/lib/python3.10/site-packages/airflow/example_dags/example_short_circuit_decorator.py
[2025-03-10T09:27:56.962+0100] {processor.py:830} INFO - Processing file /home/philip/de_engineering/airflow_projects/airflow1/venv/lib/python3.10/site-packages/airflow/example_dags/example_short_circuit_decorator.py for tasks to queue
[2025-03-10T09:27:56.963+0100] {logging_mixin.py:188} INFO - [2025-03-10T09:27:56.963+0100] {dagbag.py:538} INFO - Filling up the DagBag from /home/philip/de_engineering/airflow_projects/airflow1/venv/lib/python3.10/site-packages/airflow/example_dags/example_short_circuit_decorator.py
[2025-03-10T09:27:56.972+0100] {processor.py:840} INFO - DAG(s) 'example_short_circuit_decorator' retrieved from /home/philip/de_engineering/airflow_projects/airflow1/venv/lib/python3.10/site-packages/airflow/example_dags/example_short_circuit_decorator.py
[2025-03-10T09:27:56.997+0100] {logging_mixin.py:188} INFO - [2025-03-10T09:27:56.997+0100] {dag.py:3036} INFO - Sync 1 DAGs
[2025-03-10T09:27:57.015+0100] {logging_mixin.py:188} INFO - [2025-03-10T09:27:57.014+0100] {dag.py:3823} INFO - Setting next_dagrun for example_short_circuit_decorator to 2025-03-09 00:00:00+00:00, run_after=2025-03-10 00:00:00+00:00
[2025-03-10T09:27:57.030+0100] {processor.py:183} INFO - Processing /home/philip/de_engineering/airflow_projects/airflow1/venv/lib/python3.10/site-packages/airflow/example_dags/example_short_circuit_decorator.py took 0.072 seconds
[2025-03-10T09:28:27.257+0100] {processor.py:161} INFO - Started process (PID=145374) to work on /home/philip/de_engineering/airflow_projects/airflow1/venv/lib/python3.10/site-packages/airflow/example_dags/example_short_circuit_decorator.py
[2025-03-10T09:28:27.258+0100] {processor.py:830} INFO - Processing file /home/philip/de_engineering/airflow_projects/airflow1/venv/lib/python3.10/site-packages/airflow/example_dags/example_short_circuit_decorator.py for tasks to queue
[2025-03-10T09:28:27.259+0100] {logging_mixin.py:188} INFO - [2025-03-10T09:28:27.258+0100] {dagbag.py:538} INFO - Filling up the DagBag from /home/philip/de_engineering/airflow_projects/airflow1/venv/lib/python3.10/site-packages/airflow/example_dags/example_short_circuit_decorator.py
[2025-03-10T09:28:27.266+0100] {processor.py:840} INFO - DAG(s) 'example_short_circuit_decorator' retrieved from /home/philip/de_engineering/airflow_projects/airflow1/venv/lib/python3.10/site-packages/airflow/example_dags/example_short_circuit_decorator.py
[2025-03-10T09:28:27.288+0100] {logging_mixin.py:188} INFO - [2025-03-10T09:28:27.288+0100] {dag.py:3036} INFO - Sync 1 DAGs
[2025-03-10T09:28:27.308+0100] {logging_mixin.py:188} INFO - [2025-03-10T09:28:27.308+0100] {dag.py:3823} INFO - Setting next_dagrun for example_short_circuit_decorator to 2025-03-09 00:00:00+00:00, run_after=2025-03-10 00:00:00+00:00
[2025-03-10T09:28:27.323+0100] {processor.py:183} INFO - Processing /home/philip/de_engineering/airflow_projects/airflow1/venv/lib/python3.10/site-packages/airflow/example_dags/example_short_circuit_decorator.py took 0.069 seconds
[2025-03-10T09:28:57.430+0100] {processor.py:161} INFO - Started process (PID=145757) to work on /home/philip/de_engineering/airflow_projects/airflow1/venv/lib/python3.10/site-packages/airflow/example_dags/example_short_circuit_decorator.py
[2025-03-10T09:28:57.431+0100] {processor.py:830} INFO - Processing file /home/philip/de_engineering/airflow_projects/airflow1/venv/lib/python3.10/site-packages/airflow/example_dags/example_short_circuit_decorator.py for tasks to queue
[2025-03-10T09:28:57.432+0100] {logging_mixin.py:188} INFO - [2025-03-10T09:28:57.431+0100] {dagbag.py:538} INFO - Filling up the DagBag from /home/philip/de_engineering/airflow_projects/airflow1/venv/lib/python3.10/site-packages/airflow/example_dags/example_short_circuit_decorator.py
[2025-03-10T09:28:57.440+0100] {processor.py:840} INFO - DAG(s) 'example_short_circuit_decorator' retrieved from /home/philip/de_engineering/airflow_projects/airflow1/venv/lib/python3.10/site-packages/airflow/example_dags/example_short_circuit_decorator.py
[2025-03-10T09:28:57.460+0100] {logging_mixin.py:188} INFO - [2025-03-10T09:28:57.460+0100] {dag.py:3036} INFO - Sync 1 DAGs
[2025-03-10T09:28:57.477+0100] {logging_mixin.py:188} INFO - [2025-03-10T09:28:57.477+0100] {dag.py:3823} INFO - Setting next_dagrun for example_short_circuit_decorator to 2025-03-09 00:00:00+00:00, run_after=2025-03-10 00:00:00+00:00
[2025-03-10T09:28:57.491+0100] {processor.py:183} INFO - Processing /home/philip/de_engineering/airflow_projects/airflow1/venv/lib/python3.10/site-packages/airflow/example_dags/example_short_circuit_decorator.py took 0.064 seconds
[2025-03-10T09:29:27.686+0100] {processor.py:161} INFO - Started process (PID=146131) to work on /home/philip/de_engineering/airflow_projects/airflow1/venv/lib/python3.10/site-packages/airflow/example_dags/example_short_circuit_decorator.py
[2025-03-10T09:29:27.686+0100] {processor.py:830} INFO - Processing file /home/philip/de_engineering/airflow_projects/airflow1/venv/lib/python3.10/site-packages/airflow/example_dags/example_short_circuit_decorator.py for tasks to queue
[2025-03-10T09:29:27.687+0100] {logging_mixin.py:188} INFO - [2025-03-10T09:29:27.687+0100] {dagbag.py:538} INFO - Filling up the DagBag from /home/philip/de_engineering/airflow_projects/airflow1/venv/lib/python3.10/site-packages/airflow/example_dags/example_short_circuit_decorator.py
[2025-03-10T09:29:27.695+0100] {processor.py:840} INFO - DAG(s) 'example_short_circuit_decorator' retrieved from /home/philip/de_engineering/airflow_projects/airflow1/venv/lib/python3.10/site-packages/airflow/example_dags/example_short_circuit_decorator.py
[2025-03-10T09:29:27.720+0100] {logging_mixin.py:188} INFO - [2025-03-10T09:29:27.720+0100] {dag.py:3036} INFO - Sync 1 DAGs
[2025-03-10T09:29:27.740+0100] {logging_mixin.py:188} INFO - [2025-03-10T09:29:27.740+0100] {dag.py:3823} INFO - Setting next_dagrun for example_short_circuit_decorator to 2025-03-09 00:00:00+00:00, run_after=2025-03-10 00:00:00+00:00
[2025-03-10T09:29:27.754+0100] {processor.py:183} INFO - Processing /home/philip/de_engineering/airflow_projects/airflow1/venv/lib/python3.10/site-packages/airflow/example_dags/example_short_circuit_decorator.py took 0.072 seconds
[2025-03-10T09:29:57.860+0100] {processor.py:161} INFO - Started process (PID=146512) to work on /home/philip/de_engineering/airflow_projects/airflow1/venv/lib/python3.10/site-packages/airflow/example_dags/example_short_circuit_decorator.py
[2025-03-10T09:29:57.862+0100] {processor.py:830} INFO - Processing file /home/philip/de_engineering/airflow_projects/airflow1/venv/lib/python3.10/site-packages/airflow/example_dags/example_short_circuit_decorator.py for tasks to queue
[2025-03-10T09:29:57.862+0100] {logging_mixin.py:188} INFO - [2025-03-10T09:29:57.862+0100] {dagbag.py:538} INFO - Filling up the DagBag from /home/philip/de_engineering/airflow_projects/airflow1/venv/lib/python3.10/site-packages/airflow/example_dags/example_short_circuit_decorator.py
[2025-03-10T09:29:57.870+0100] {processor.py:840} INFO - DAG(s) 'example_short_circuit_decorator' retrieved from /home/philip/de_engineering/airflow_projects/airflow1/venv/lib/python3.10/site-packages/airflow/example_dags/example_short_circuit_decorator.py
[2025-03-10T09:29:57.893+0100] {logging_mixin.py:188} INFO - [2025-03-10T09:29:57.893+0100] {dag.py:3036} INFO - Sync 1 DAGs
[2025-03-10T09:29:57.912+0100] {logging_mixin.py:188} INFO - [2025-03-10T09:29:57.912+0100] {dag.py:3823} INFO - Setting next_dagrun for example_short_circuit_decorator to 2025-03-09 00:00:00+00:00, run_after=2025-03-10 00:00:00+00:00
[2025-03-10T09:29:57.926+0100] {processor.py:183} INFO - Processing /home/philip/de_engineering/airflow_projects/airflow1/venv/lib/python3.10/site-packages/airflow/example_dags/example_short_circuit_decorator.py took 0.068 seconds
[2025-03-10T09:30:28.100+0100] {processor.py:161} INFO - Started process (PID=146887) to work on /home/philip/de_engineering/airflow_projects/airflow1/venv/lib/python3.10/site-packages/airflow/example_dags/example_short_circuit_decorator.py
[2025-03-10T09:30:28.101+0100] {processor.py:830} INFO - Processing file /home/philip/de_engineering/airflow_projects/airflow1/venv/lib/python3.10/site-packages/airflow/example_dags/example_short_circuit_decorator.py for tasks to queue
[2025-03-10T09:30:28.102+0100] {logging_mixin.py:188} INFO - [2025-03-10T09:30:28.102+0100] {dagbag.py:538} INFO - Filling up the DagBag from /home/philip/de_engineering/airflow_projects/airflow1/venv/lib/python3.10/site-packages/airflow/example_dags/example_short_circuit_decorator.py
[2025-03-10T09:30:28.112+0100] {processor.py:840} INFO - DAG(s) 'example_short_circuit_decorator' retrieved from /home/philip/de_engineering/airflow_projects/airflow1/venv/lib/python3.10/site-packages/airflow/example_dags/example_short_circuit_decorator.py
[2025-03-10T09:30:28.135+0100] {logging_mixin.py:188} INFO - [2025-03-10T09:30:28.135+0100] {dag.py:3036} INFO - Sync 1 DAGs
[2025-03-10T09:30:28.152+0100] {logging_mixin.py:188} INFO - [2025-03-10T09:30:28.152+0100] {dag.py:3823} INFO - Setting next_dagrun for example_short_circuit_decorator to 2025-03-09 00:00:00+00:00, run_after=2025-03-10 00:00:00+00:00
[2025-03-10T09:30:28.167+0100] {processor.py:183} INFO - Processing /home/philip/de_engineering/airflow_projects/airflow1/venv/lib/python3.10/site-packages/airflow/example_dags/example_short_circuit_decorator.py took 0.070 seconds
[2025-03-10T09:30:58.281+0100] {processor.py:161} INFO - Started process (PID=147268) to work on /home/philip/de_engineering/airflow_projects/airflow1/venv/lib/python3.10/site-packages/airflow/example_dags/example_short_circuit_decorator.py
[2025-03-10T09:30:58.282+0100] {processor.py:830} INFO - Processing file /home/philip/de_engineering/airflow_projects/airflow1/venv/lib/python3.10/site-packages/airflow/example_dags/example_short_circuit_decorator.py for tasks to queue
[2025-03-10T09:30:58.283+0100] {logging_mixin.py:188} INFO - [2025-03-10T09:30:58.283+0100] {dagbag.py:538} INFO - Filling up the DagBag from /home/philip/de_engineering/airflow_projects/airflow1/venv/lib/python3.10/site-packages/airflow/example_dags/example_short_circuit_decorator.py
[2025-03-10T09:30:58.291+0100] {processor.py:840} INFO - DAG(s) 'example_short_circuit_decorator' retrieved from /home/philip/de_engineering/airflow_projects/airflow1/venv/lib/python3.10/site-packages/airflow/example_dags/example_short_circuit_decorator.py
[2025-03-10T09:30:58.311+0100] {logging_mixin.py:188} INFO - [2025-03-10T09:30:58.311+0100] {dag.py:3036} INFO - Sync 1 DAGs
[2025-03-10T09:30:58.329+0100] {logging_mixin.py:188} INFO - [2025-03-10T09:30:58.328+0100] {dag.py:3823} INFO - Setting next_dagrun for example_short_circuit_decorator to 2025-03-09 00:00:00+00:00, run_after=2025-03-10 00:00:00+00:00
[2025-03-10T09:30:58.343+0100] {processor.py:183} INFO - Processing /home/philip/de_engineering/airflow_projects/airflow1/venv/lib/python3.10/site-packages/airflow/example_dags/example_short_circuit_decorator.py took 0.065 seconds
[2025-03-10T09:31:28.449+0100] {processor.py:161} INFO - Started process (PID=147642) to work on /home/philip/de_engineering/airflow_projects/airflow1/venv/lib/python3.10/site-packages/airflow/example_dags/example_short_circuit_decorator.py
[2025-03-10T09:31:28.450+0100] {processor.py:830} INFO - Processing file /home/philip/de_engineering/airflow_projects/airflow1/venv/lib/python3.10/site-packages/airflow/example_dags/example_short_circuit_decorator.py for tasks to queue
[2025-03-10T09:31:28.451+0100] {logging_mixin.py:188} INFO - [2025-03-10T09:31:28.450+0100] {dagbag.py:538} INFO - Filling up the DagBag from /home/philip/de_engineering/airflow_projects/airflow1/venv/lib/python3.10/site-packages/airflow/example_dags/example_short_circuit_decorator.py
[2025-03-10T09:31:28.458+0100] {processor.py:840} INFO - DAG(s) 'example_short_circuit_decorator' retrieved from /home/philip/de_engineering/airflow_projects/airflow1/venv/lib/python3.10/site-packages/airflow/example_dags/example_short_circuit_decorator.py
[2025-03-10T09:31:28.479+0100] {logging_mixin.py:188} INFO - [2025-03-10T09:31:28.479+0100] {dag.py:3036} INFO - Sync 1 DAGs
[2025-03-10T09:31:28.496+0100] {logging_mixin.py:188} INFO - [2025-03-10T09:31:28.496+0100] {dag.py:3823} INFO - Setting next_dagrun for example_short_circuit_decorator to 2025-03-09 00:00:00+00:00, run_after=2025-03-10 00:00:00+00:00
[2025-03-10T09:31:28.510+0100] {processor.py:183} INFO - Processing /home/philip/de_engineering/airflow_projects/airflow1/venv/lib/python3.10/site-packages/airflow/example_dags/example_short_circuit_decorator.py took 0.064 seconds
[2025-03-10T09:31:58.620+0100] {processor.py:161} INFO - Started process (PID=148022) to work on /home/philip/de_engineering/airflow_projects/airflow1/venv/lib/python3.10/site-packages/airflow/example_dags/example_short_circuit_decorator.py
[2025-03-10T09:31:58.621+0100] {processor.py:830} INFO - Processing file /home/philip/de_engineering/airflow_projects/airflow1/venv/lib/python3.10/site-packages/airflow/example_dags/example_short_circuit_decorator.py for tasks to queue
[2025-03-10T09:31:58.622+0100] {logging_mixin.py:188} INFO - [2025-03-10T09:31:58.622+0100] {dagbag.py:538} INFO - Filling up the DagBag from /home/philip/de_engineering/airflow_projects/airflow1/venv/lib/python3.10/site-packages/airflow/example_dags/example_short_circuit_decorator.py
[2025-03-10T09:31:58.629+0100] {processor.py:840} INFO - DAG(s) 'example_short_circuit_decorator' retrieved from /home/philip/de_engineering/airflow_projects/airflow1/venv/lib/python3.10/site-packages/airflow/example_dags/example_short_circuit_decorator.py
[2025-03-10T09:31:58.650+0100] {logging_mixin.py:188} INFO - [2025-03-10T09:31:58.650+0100] {dag.py:3036} INFO - Sync 1 DAGs
[2025-03-10T09:31:58.667+0100] {logging_mixin.py:188} INFO - [2025-03-10T09:31:58.667+0100] {dag.py:3823} INFO - Setting next_dagrun for example_short_circuit_decorator to 2025-03-09 00:00:00+00:00, run_after=2025-03-10 00:00:00+00:00
[2025-03-10T09:31:58.681+0100] {processor.py:183} INFO - Processing /home/philip/de_engineering/airflow_projects/airflow1/venv/lib/python3.10/site-packages/airflow/example_dags/example_short_circuit_decorator.py took 0.064 seconds
[2025-03-10T09:32:28.797+0100] {processor.py:161} INFO - Started process (PID=148396) to work on /home/philip/de_engineering/airflow_projects/airflow1/venv/lib/python3.10/site-packages/airflow/example_dags/example_short_circuit_decorator.py
[2025-03-10T09:32:28.797+0100] {processor.py:830} INFO - Processing file /home/philip/de_engineering/airflow_projects/airflow1/venv/lib/python3.10/site-packages/airflow/example_dags/example_short_circuit_decorator.py for tasks to queue
[2025-03-10T09:32:28.798+0100] {logging_mixin.py:188} INFO - [2025-03-10T09:32:28.798+0100] {dagbag.py:538} INFO - Filling up the DagBag from /home/philip/de_engineering/airflow_projects/airflow1/venv/lib/python3.10/site-packages/airflow/example_dags/example_short_circuit_decorator.py
[2025-03-10T09:32:28.805+0100] {processor.py:840} INFO - DAG(s) 'example_short_circuit_decorator' retrieved from /home/philip/de_engineering/airflow_projects/airflow1/venv/lib/python3.10/site-packages/airflow/example_dags/example_short_circuit_decorator.py
[2025-03-10T09:32:28.826+0100] {logging_mixin.py:188} INFO - [2025-03-10T09:32:28.826+0100] {dag.py:3036} INFO - Sync 1 DAGs
[2025-03-10T09:32:28.843+0100] {logging_mixin.py:188} INFO - [2025-03-10T09:32:28.843+0100] {dag.py:3823} INFO - Setting next_dagrun for example_short_circuit_decorator to 2025-03-09 00:00:00+00:00, run_after=2025-03-10 00:00:00+00:00
[2025-03-10T09:32:28.856+0100] {processor.py:183} INFO - Processing /home/philip/de_engineering/airflow_projects/airflow1/venv/lib/python3.10/site-packages/airflow/example_dags/example_short_circuit_decorator.py took 0.062 seconds
[2025-03-10T09:32:59.047+0100] {processor.py:161} INFO - Started process (PID=148778) to work on /home/philip/de_engineering/airflow_projects/airflow1/venv/lib/python3.10/site-packages/airflow/example_dags/example_short_circuit_decorator.py
[2025-03-10T09:32:59.048+0100] {processor.py:830} INFO - Processing file /home/philip/de_engineering/airflow_projects/airflow1/venv/lib/python3.10/site-packages/airflow/example_dags/example_short_circuit_decorator.py for tasks to queue
[2025-03-10T09:32:59.049+0100] {logging_mixin.py:188} INFO - [2025-03-10T09:32:59.049+0100] {dagbag.py:538} INFO - Filling up the DagBag from /home/philip/de_engineering/airflow_projects/airflow1/venv/lib/python3.10/site-packages/airflow/example_dags/example_short_circuit_decorator.py
[2025-03-10T09:32:59.057+0100] {processor.py:840} INFO - DAG(s) 'example_short_circuit_decorator' retrieved from /home/philip/de_engineering/airflow_projects/airflow1/venv/lib/python3.10/site-packages/airflow/example_dags/example_short_circuit_decorator.py
[2025-03-10T09:32:59.082+0100] {logging_mixin.py:188} INFO - [2025-03-10T09:32:59.082+0100] {dag.py:3036} INFO - Sync 1 DAGs
[2025-03-10T09:32:59.104+0100] {logging_mixin.py:188} INFO - [2025-03-10T09:32:59.103+0100] {dag.py:3823} INFO - Setting next_dagrun for example_short_circuit_decorator to 2025-03-09 00:00:00+00:00, run_after=2025-03-10 00:00:00+00:00
[2025-03-10T09:32:59.119+0100] {processor.py:183} INFO - Processing /home/philip/de_engineering/airflow_projects/airflow1/venv/lib/python3.10/site-packages/airflow/example_dags/example_short_circuit_decorator.py took 0.076 seconds
[2025-03-10T09:33:29.280+0100] {processor.py:161} INFO - Started process (PID=149154) to work on /home/philip/de_engineering/airflow_projects/airflow1/venv/lib/python3.10/site-packages/airflow/example_dags/example_short_circuit_decorator.py
[2025-03-10T09:33:29.281+0100] {processor.py:830} INFO - Processing file /home/philip/de_engineering/airflow_projects/airflow1/venv/lib/python3.10/site-packages/airflow/example_dags/example_short_circuit_decorator.py for tasks to queue
[2025-03-10T09:33:29.282+0100] {logging_mixin.py:188} INFO - [2025-03-10T09:33:29.282+0100] {dagbag.py:538} INFO - Filling up the DagBag from /home/philip/de_engineering/airflow_projects/airflow1/venv/lib/python3.10/site-packages/airflow/example_dags/example_short_circuit_decorator.py
[2025-03-10T09:33:29.290+0100] {processor.py:840} INFO - DAG(s) 'example_short_circuit_decorator' retrieved from /home/philip/de_engineering/airflow_projects/airflow1/venv/lib/python3.10/site-packages/airflow/example_dags/example_short_circuit_decorator.py
[2025-03-10T09:33:29.313+0100] {logging_mixin.py:188} INFO - [2025-03-10T09:33:29.312+0100] {dag.py:3036} INFO - Sync 1 DAGs
[2025-03-10T09:33:29.331+0100] {logging_mixin.py:188} INFO - [2025-03-10T09:33:29.330+0100] {dag.py:3823} INFO - Setting next_dagrun for example_short_circuit_decorator to 2025-03-09 00:00:00+00:00, run_after=2025-03-10 00:00:00+00:00
[2025-03-10T09:33:29.344+0100] {processor.py:183} INFO - Processing /home/philip/de_engineering/airflow_projects/airflow1/venv/lib/python3.10/site-packages/airflow/example_dags/example_short_circuit_decorator.py took 0.066 seconds
[2025-03-10T09:33:59.494+0100] {processor.py:161} INFO - Started process (PID=149535) to work on /home/philip/de_engineering/airflow_projects/airflow1/venv/lib/python3.10/site-packages/airflow/example_dags/example_short_circuit_decorator.py
[2025-03-10T09:33:59.495+0100] {processor.py:830} INFO - Processing file /home/philip/de_engineering/airflow_projects/airflow1/venv/lib/python3.10/site-packages/airflow/example_dags/example_short_circuit_decorator.py for tasks to queue
[2025-03-10T09:33:59.496+0100] {logging_mixin.py:188} INFO - [2025-03-10T09:33:59.496+0100] {dagbag.py:538} INFO - Filling up the DagBag from /home/philip/de_engineering/airflow_projects/airflow1/venv/lib/python3.10/site-packages/airflow/example_dags/example_short_circuit_decorator.py
[2025-03-10T09:33:59.505+0100] {processor.py:840} INFO - DAG(s) 'example_short_circuit_decorator' retrieved from /home/philip/de_engineering/airflow_projects/airflow1/venv/lib/python3.10/site-packages/airflow/example_dags/example_short_circuit_decorator.py
[2025-03-10T09:33:59.526+0100] {logging_mixin.py:188} INFO - [2025-03-10T09:33:59.526+0100] {dag.py:3036} INFO - Sync 1 DAGs
[2025-03-10T09:33:59.545+0100] {logging_mixin.py:188} INFO - [2025-03-10T09:33:59.545+0100] {dag.py:3823} INFO - Setting next_dagrun for example_short_circuit_decorator to 2025-03-09 00:00:00+00:00, run_after=2025-03-10 00:00:00+00:00
[2025-03-10T09:33:59.559+0100] {processor.py:183} INFO - Processing /home/philip/de_engineering/airflow_projects/airflow1/venv/lib/python3.10/site-packages/airflow/example_dags/example_short_circuit_decorator.py took 0.068 seconds
[2025-03-10T09:34:29.737+0100] {processor.py:161} INFO - Started process (PID=149911) to work on /home/philip/de_engineering/airflow_projects/airflow1/venv/lib/python3.10/site-packages/airflow/example_dags/example_short_circuit_decorator.py
[2025-03-10T09:34:29.737+0100] {processor.py:830} INFO - Processing file /home/philip/de_engineering/airflow_projects/airflow1/venv/lib/python3.10/site-packages/airflow/example_dags/example_short_circuit_decorator.py for tasks to queue
[2025-03-10T09:34:29.738+0100] {logging_mixin.py:188} INFO - [2025-03-10T09:34:29.738+0100] {dagbag.py:538} INFO - Filling up the DagBag from /home/philip/de_engineering/airflow_projects/airflow1/venv/lib/python3.10/site-packages/airflow/example_dags/example_short_circuit_decorator.py
[2025-03-10T09:34:29.746+0100] {processor.py:840} INFO - DAG(s) 'example_short_circuit_decorator' retrieved from /home/philip/de_engineering/airflow_projects/airflow1/venv/lib/python3.10/site-packages/airflow/example_dags/example_short_circuit_decorator.py
[2025-03-10T09:34:29.769+0100] {logging_mixin.py:188} INFO - [2025-03-10T09:34:29.769+0100] {dag.py:3036} INFO - Sync 1 DAGs
[2025-03-10T09:34:29.790+0100] {logging_mixin.py:188} INFO - [2025-03-10T09:34:29.789+0100] {dag.py:3823} INFO - Setting next_dagrun for example_short_circuit_decorator to 2025-03-09 00:00:00+00:00, run_after=2025-03-10 00:00:00+00:00
[2025-03-10T09:34:29.806+0100] {processor.py:183} INFO - Processing /home/philip/de_engineering/airflow_projects/airflow1/venv/lib/python3.10/site-packages/airflow/example_dags/example_short_circuit_decorator.py took 0.072 seconds
[2025-03-10T09:34:59.955+0100] {processor.py:161} INFO - Started process (PID=150291) to work on /home/philip/de_engineering/airflow_projects/airflow1/venv/lib/python3.10/site-packages/airflow/example_dags/example_short_circuit_decorator.py
[2025-03-10T09:34:59.956+0100] {processor.py:830} INFO - Processing file /home/philip/de_engineering/airflow_projects/airflow1/venv/lib/python3.10/site-packages/airflow/example_dags/example_short_circuit_decorator.py for tasks to queue
[2025-03-10T09:34:59.956+0100] {logging_mixin.py:188} INFO - [2025-03-10T09:34:59.956+0100] {dagbag.py:538} INFO - Filling up the DagBag from /home/philip/de_engineering/airflow_projects/airflow1/venv/lib/python3.10/site-packages/airflow/example_dags/example_short_circuit_decorator.py
[2025-03-10T09:34:59.965+0100] {processor.py:840} INFO - DAG(s) 'example_short_circuit_decorator' retrieved from /home/philip/de_engineering/airflow_projects/airflow1/venv/lib/python3.10/site-packages/airflow/example_dags/example_short_circuit_decorator.py
[2025-03-10T09:34:59.987+0100] {logging_mixin.py:188} INFO - [2025-03-10T09:34:59.987+0100] {dag.py:3036} INFO - Sync 1 DAGs
[2025-03-10T09:35:00.005+0100] {logging_mixin.py:188} INFO - [2025-03-10T09:35:00.005+0100] {dag.py:3823} INFO - Setting next_dagrun for example_short_circuit_decorator to 2025-03-09 00:00:00+00:00, run_after=2025-03-10 00:00:00+00:00
[2025-03-10T09:35:00.021+0100] {processor.py:183} INFO - Processing /home/philip/de_engineering/airflow_projects/airflow1/venv/lib/python3.10/site-packages/airflow/example_dags/example_short_circuit_decorator.py took 0.069 seconds
[2025-03-10T09:35:30.280+0100] {processor.py:161} INFO - Started process (PID=150677) to work on /home/philip/de_engineering/airflow_projects/airflow1/venv/lib/python3.10/site-packages/airflow/example_dags/example_short_circuit_decorator.py
[2025-03-10T09:35:30.281+0100] {processor.py:830} INFO - Processing file /home/philip/de_engineering/airflow_projects/airflow1/venv/lib/python3.10/site-packages/airflow/example_dags/example_short_circuit_decorator.py for tasks to queue
[2025-03-10T09:35:30.282+0100] {logging_mixin.py:188} INFO - [2025-03-10T09:35:30.282+0100] {dagbag.py:538} INFO - Filling up the DagBag from /home/philip/de_engineering/airflow_projects/airflow1/venv/lib/python3.10/site-packages/airflow/example_dags/example_short_circuit_decorator.py
[2025-03-10T09:35:30.290+0100] {processor.py:840} INFO - DAG(s) 'example_short_circuit_decorator' retrieved from /home/philip/de_engineering/airflow_projects/airflow1/venv/lib/python3.10/site-packages/airflow/example_dags/example_short_circuit_decorator.py
[2025-03-10T09:35:30.315+0100] {logging_mixin.py:188} INFO - [2025-03-10T09:35:30.315+0100] {dag.py:3036} INFO - Sync 1 DAGs
[2025-03-10T09:35:30.336+0100] {logging_mixin.py:188} INFO - [2025-03-10T09:35:30.335+0100] {dag.py:3823} INFO - Setting next_dagrun for example_short_circuit_decorator to 2025-03-09 00:00:00+00:00, run_after=2025-03-10 00:00:00+00:00
[2025-03-10T09:35:30.354+0100] {processor.py:183} INFO - Processing /home/philip/de_engineering/airflow_projects/airflow1/venv/lib/python3.10/site-packages/airflow/example_dags/example_short_circuit_decorator.py took 0.077 seconds
[2025-03-10T09:36:00.493+0100] {processor.py:161} INFO - Started process (PID=151050) to work on /home/philip/de_engineering/airflow_projects/airflow1/venv/lib/python3.10/site-packages/airflow/example_dags/example_short_circuit_decorator.py
[2025-03-10T09:36:00.494+0100] {processor.py:830} INFO - Processing file /home/philip/de_engineering/airflow_projects/airflow1/venv/lib/python3.10/site-packages/airflow/example_dags/example_short_circuit_decorator.py for tasks to queue
[2025-03-10T09:36:00.495+0100] {logging_mixin.py:188} INFO - [2025-03-10T09:36:00.495+0100] {dagbag.py:538} INFO - Filling up the DagBag from /home/philip/de_engineering/airflow_projects/airflow1/venv/lib/python3.10/site-packages/airflow/example_dags/example_short_circuit_decorator.py
[2025-03-10T09:36:00.503+0100] {processor.py:840} INFO - DAG(s) 'example_short_circuit_decorator' retrieved from /home/philip/de_engineering/airflow_projects/airflow1/venv/lib/python3.10/site-packages/airflow/example_dags/example_short_circuit_decorator.py
[2025-03-10T09:36:00.526+0100] {logging_mixin.py:188} INFO - [2025-03-10T09:36:00.526+0100] {dag.py:3036} INFO - Sync 1 DAGs
[2025-03-10T09:36:00.544+0100] {logging_mixin.py:188} INFO - [2025-03-10T09:36:00.544+0100] {dag.py:3823} INFO - Setting next_dagrun for example_short_circuit_decorator to 2025-03-09 00:00:00+00:00, run_after=2025-03-10 00:00:00+00:00
[2025-03-10T09:36:00.558+0100] {processor.py:183} INFO - Processing /home/philip/de_engineering/airflow_projects/airflow1/venv/lib/python3.10/site-packages/airflow/example_dags/example_short_circuit_decorator.py took 0.068 seconds
