[2025-03-10T09:14:25.675+0100] {processor.py:161} INFO - Started process (PID=136905) to work on /home/philip/de_engineering/airflow_projects/airflow1/venv/lib/python3.10/site-packages/airflow/example_dags/example_dynamic_task_mapping.py
[2025-03-10T09:14:25.676+0100] {processor.py:830} INFO - Processing file /home/philip/de_engineering/airflow_projects/airflow1/venv/lib/python3.10/site-packages/airflow/example_dags/example_dynamic_task_mapping.py for tasks to queue
[2025-03-10T09:14:25.676+0100] {logging_mixin.py:188} INFO - [2025-03-10T09:14:25.676+0100] {dagbag.py:538} INFO - Filling up the DagBag from /home/philip/de_engineering/airflow_projects/airflow1/venv/lib/python3.10/site-packages/airflow/example_dags/example_dynamic_task_mapping.py
[2025-03-10T09:14:25.683+0100] {processor.py:840} INFO - DAG(s) 'example_dynamic_task_mapping' retrieved from /home/philip/de_engineering/airflow_projects/airflow1/venv/lib/python3.10/site-packages/airflow/example_dags/example_dynamic_task_mapping.py
[2025-03-10T09:14:25.758+0100] {logging_mixin.py:188} INFO - [2025-03-10T09:14:25.757+0100] {override.py:1769} INFO - Created Permission View: can read on DAG:example_dynamic_task_mapping
[2025-03-10T09:14:25.767+0100] {logging_mixin.py:188} INFO - [2025-03-10T09:14:25.767+0100] {override.py:1769} INFO - Created Permission View: can delete on DAG:example_dynamic_task_mapping
[2025-03-10T09:14:25.773+0100] {logging_mixin.py:188} INFO - [2025-03-10T09:14:25.773+0100] {override.py:1769} INFO - Created Permission View: can edit on DAG:example_dynamic_task_mapping
[2025-03-10T09:14:25.773+0100] {logging_mixin.py:188} INFO - [2025-03-10T09:14:25.773+0100] {dag.py:3036} INFO - Sync 1 DAGs
[2025-03-10T09:14:25.782+0100] {logging_mixin.py:188} INFO - [2025-03-10T09:14:25.782+0100] {dag.py:3058} INFO - Creating ORM DAG for example_dynamic_task_mapping
[2025-03-10T09:14:25.790+0100] {logging_mixin.py:188} INFO - [2025-03-10T09:14:25.790+0100] {dag.py:3823} INFO - Setting next_dagrun for example_dynamic_task_mapping to 2022-03-04 00:00:00+00:00, run_after=2022-03-05 00:00:00+00:00
[2025-03-10T09:14:25.804+0100] {processor.py:183} INFO - Processing /home/philip/de_engineering/airflow_projects/airflow1/venv/lib/python3.10/site-packages/airflow/example_dags/example_dynamic_task_mapping.py took 0.132 seconds
[2025-03-10T09:14:56.357+0100] {processor.py:161} INFO - Started process (PID=137017) to work on /home/philip/de_engineering/airflow_projects/airflow1/venv/lib/python3.10/site-packages/airflow/example_dags/example_dynamic_task_mapping.py
[2025-03-10T09:14:56.358+0100] {processor.py:830} INFO - Processing file /home/philip/de_engineering/airflow_projects/airflow1/venv/lib/python3.10/site-packages/airflow/example_dags/example_dynamic_task_mapping.py for tasks to queue
[2025-03-10T09:14:56.358+0100] {logging_mixin.py:188} INFO - [2025-03-10T09:14:56.358+0100] {dagbag.py:538} INFO - Filling up the DagBag from /home/philip/de_engineering/airflow_projects/airflow1/venv/lib/python3.10/site-packages/airflow/example_dags/example_dynamic_task_mapping.py
[2025-03-10T09:14:56.364+0100] {processor.py:840} INFO - DAG(s) 'example_dynamic_task_mapping' retrieved from /home/philip/de_engineering/airflow_projects/airflow1/venv/lib/python3.10/site-packages/airflow/example_dags/example_dynamic_task_mapping.py
[2025-03-10T09:14:56.383+0100] {logging_mixin.py:188} INFO - [2025-03-10T09:14:56.383+0100] {dag.py:3036} INFO - Sync 1 DAGs
[2025-03-10T09:14:56.401+0100] {logging_mixin.py:188} INFO - [2025-03-10T09:14:56.401+0100] {dag.py:3823} INFO - Setting next_dagrun for example_dynamic_task_mapping to 2022-03-04 00:00:00+00:00, run_after=2022-03-05 00:00:00+00:00
[2025-03-10T09:14:56.416+0100] {processor.py:183} INFO - Processing /home/philip/de_engineering/airflow_projects/airflow1/venv/lib/python3.10/site-packages/airflow/example_dags/example_dynamic_task_mapping.py took 0.062 seconds
[2025-03-10T09:15:26.515+0100] {processor.py:161} INFO - Started process (PID=137118) to work on /home/philip/de_engineering/airflow_projects/airflow1/venv/lib/python3.10/site-packages/airflow/example_dags/example_dynamic_task_mapping.py
[2025-03-10T09:15:26.516+0100] {processor.py:830} INFO - Processing file /home/philip/de_engineering/airflow_projects/airflow1/venv/lib/python3.10/site-packages/airflow/example_dags/example_dynamic_task_mapping.py for tasks to queue
[2025-03-10T09:15:26.516+0100] {logging_mixin.py:188} INFO - [2025-03-10T09:15:26.516+0100] {dagbag.py:538} INFO - Filling up the DagBag from /home/philip/de_engineering/airflow_projects/airflow1/venv/lib/python3.10/site-packages/airflow/example_dags/example_dynamic_task_mapping.py
[2025-03-10T09:15:26.523+0100] {processor.py:840} INFO - DAG(s) 'example_dynamic_task_mapping' retrieved from /home/philip/de_engineering/airflow_projects/airflow1/venv/lib/python3.10/site-packages/airflow/example_dags/example_dynamic_task_mapping.py
[2025-03-10T09:15:26.545+0100] {logging_mixin.py:188} INFO - [2025-03-10T09:15:26.545+0100] {dag.py:3036} INFO - Sync 1 DAGs
[2025-03-10T09:15:26.566+0100] {logging_mixin.py:188} INFO - [2025-03-10T09:15:26.566+0100] {dag.py:3823} INFO - Setting next_dagrun for example_dynamic_task_mapping to 2022-03-04 00:00:00+00:00, run_after=2022-03-05 00:00:00+00:00
[2025-03-10T09:15:26.583+0100] {processor.py:183} INFO - Processing /home/philip/de_engineering/airflow_projects/airflow1/venv/lib/python3.10/site-packages/airflow/example_dags/example_dynamic_task_mapping.py took 0.072 seconds
[2025-03-10T09:15:56.982+0100] {processor.py:161} INFO - Started process (PID=137218) to work on /home/philip/de_engineering/airflow_projects/airflow1/venv/lib/python3.10/site-packages/airflow/example_dags/example_dynamic_task_mapping.py
[2025-03-10T09:15:56.983+0100] {processor.py:830} INFO - Processing file /home/philip/de_engineering/airflow_projects/airflow1/venv/lib/python3.10/site-packages/airflow/example_dags/example_dynamic_task_mapping.py for tasks to queue
[2025-03-10T09:15:56.983+0100] {logging_mixin.py:188} INFO - [2025-03-10T09:15:56.983+0100] {dagbag.py:538} INFO - Filling up the DagBag from /home/philip/de_engineering/airflow_projects/airflow1/venv/lib/python3.10/site-packages/airflow/example_dags/example_dynamic_task_mapping.py
[2025-03-10T09:15:56.989+0100] {processor.py:840} INFO - DAG(s) 'example_dynamic_task_mapping' retrieved from /home/philip/de_engineering/airflow_projects/airflow1/venv/lib/python3.10/site-packages/airflow/example_dags/example_dynamic_task_mapping.py
[2025-03-10T09:15:57.009+0100] {logging_mixin.py:188} INFO - [2025-03-10T09:15:57.009+0100] {dag.py:3036} INFO - Sync 1 DAGs
[2025-03-10T09:15:57.029+0100] {logging_mixin.py:188} INFO - [2025-03-10T09:15:57.029+0100] {dag.py:3823} INFO - Setting next_dagrun for example_dynamic_task_mapping to 2022-03-04 00:00:00+00:00, run_after=2022-03-05 00:00:00+00:00
[2025-03-10T09:15:57.047+0100] {processor.py:183} INFO - Processing /home/philip/de_engineering/airflow_projects/airflow1/venv/lib/python3.10/site-packages/airflow/example_dags/example_dynamic_task_mapping.py took 0.069 seconds
[2025-03-10T09:16:27.241+0100] {processor.py:161} INFO - Started process (PID=137594) to work on /home/philip/de_engineering/airflow_projects/airflow1/venv/lib/python3.10/site-packages/airflow/example_dags/example_dynamic_task_mapping.py
[2025-03-10T09:16:27.242+0100] {processor.py:830} INFO - Processing file /home/philip/de_engineering/airflow_projects/airflow1/venv/lib/python3.10/site-packages/airflow/example_dags/example_dynamic_task_mapping.py for tasks to queue
[2025-03-10T09:16:27.242+0100] {logging_mixin.py:188} INFO - [2025-03-10T09:16:27.242+0100] {dagbag.py:538} INFO - Filling up the DagBag from /home/philip/de_engineering/airflow_projects/airflow1/venv/lib/python3.10/site-packages/airflow/example_dags/example_dynamic_task_mapping.py
[2025-03-10T09:16:27.248+0100] {processor.py:840} INFO - DAG(s) 'example_dynamic_task_mapping' retrieved from /home/philip/de_engineering/airflow_projects/airflow1/venv/lib/python3.10/site-packages/airflow/example_dags/example_dynamic_task_mapping.py
[2025-03-10T09:16:27.266+0100] {logging_mixin.py:188} INFO - [2025-03-10T09:16:27.266+0100] {dag.py:3036} INFO - Sync 1 DAGs
[2025-03-10T09:16:27.283+0100] {logging_mixin.py:188} INFO - [2025-03-10T09:16:27.283+0100] {dag.py:3823} INFO - Setting next_dagrun for example_dynamic_task_mapping to 2022-03-04 00:00:00+00:00, run_after=2022-03-05 00:00:00+00:00
[2025-03-10T09:16:27.296+0100] {processor.py:183} INFO - Processing /home/philip/de_engineering/airflow_projects/airflow1/venv/lib/python3.10/site-packages/airflow/example_dags/example_dynamic_task_mapping.py took 0.058 seconds
[2025-03-10T09:16:57.400+0100] {processor.py:161} INFO - Started process (PID=137781) to work on /home/philip/de_engineering/airflow_projects/airflow1/venv/lib/python3.10/site-packages/airflow/example_dags/example_dynamic_task_mapping.py
[2025-03-10T09:16:57.400+0100] {processor.py:830} INFO - Processing file /home/philip/de_engineering/airflow_projects/airflow1/venv/lib/python3.10/site-packages/airflow/example_dags/example_dynamic_task_mapping.py for tasks to queue
[2025-03-10T09:16:57.401+0100] {logging_mixin.py:188} INFO - [2025-03-10T09:16:57.401+0100] {dagbag.py:538} INFO - Filling up the DagBag from /home/philip/de_engineering/airflow_projects/airflow1/venv/lib/python3.10/site-packages/airflow/example_dags/example_dynamic_task_mapping.py
[2025-03-10T09:16:57.406+0100] {processor.py:840} INFO - DAG(s) 'example_dynamic_task_mapping' retrieved from /home/philip/de_engineering/airflow_projects/airflow1/venv/lib/python3.10/site-packages/airflow/example_dags/example_dynamic_task_mapping.py
[2025-03-10T09:16:57.424+0100] {logging_mixin.py:188} INFO - [2025-03-10T09:16:57.424+0100] {dag.py:3036} INFO - Sync 1 DAGs
[2025-03-10T09:16:57.444+0100] {logging_mixin.py:188} INFO - [2025-03-10T09:16:57.444+0100] {dag.py:3823} INFO - Setting next_dagrun for example_dynamic_task_mapping to 2022-03-04 00:00:00+00:00, run_after=2022-03-05 00:00:00+00:00
[2025-03-10T09:16:57.457+0100] {processor.py:183} INFO - Processing /home/philip/de_engineering/airflow_projects/airflow1/venv/lib/python3.10/site-packages/airflow/example_dags/example_dynamic_task_mapping.py took 0.060 seconds
[2025-03-10T09:17:27.876+0100] {processor.py:161} INFO - Started process (PID=137976) to work on /home/philip/de_engineering/airflow_projects/airflow1/venv/lib/python3.10/site-packages/airflow/example_dags/example_dynamic_task_mapping.py
[2025-03-10T09:17:27.877+0100] {processor.py:830} INFO - Processing file /home/philip/de_engineering/airflow_projects/airflow1/venv/lib/python3.10/site-packages/airflow/example_dags/example_dynamic_task_mapping.py for tasks to queue
[2025-03-10T09:17:27.878+0100] {logging_mixin.py:188} INFO - [2025-03-10T09:17:27.878+0100] {dagbag.py:538} INFO - Filling up the DagBag from /home/philip/de_engineering/airflow_projects/airflow1/venv/lib/python3.10/site-packages/airflow/example_dags/example_dynamic_task_mapping.py
[2025-03-10T09:17:27.885+0100] {processor.py:840} INFO - DAG(s) 'example_dynamic_task_mapping' retrieved from /home/philip/de_engineering/airflow_projects/airflow1/venv/lib/python3.10/site-packages/airflow/example_dags/example_dynamic_task_mapping.py
[2025-03-10T09:17:27.905+0100] {logging_mixin.py:188} INFO - [2025-03-10T09:17:27.905+0100] {dag.py:3036} INFO - Sync 1 DAGs
[2025-03-10T09:17:27.926+0100] {logging_mixin.py:188} INFO - [2025-03-10T09:17:27.926+0100] {dag.py:3823} INFO - Setting next_dagrun for example_dynamic_task_mapping to 2022-03-04 00:00:00+00:00, run_after=2022-03-05 00:00:00+00:00
[2025-03-10T09:17:27.944+0100] {processor.py:183} INFO - Processing /home/philip/de_engineering/airflow_projects/airflow1/venv/lib/python3.10/site-packages/airflow/example_dags/example_dynamic_task_mapping.py took 0.071 seconds
[2025-03-10T09:19:22.458+0100] {processor.py:161} INFO - Started process (PID=138680) to work on /home/philip/de_engineering/airflow_projects/airflow1/venv/lib/python3.10/site-packages/airflow/example_dags/example_dynamic_task_mapping.py
[2025-03-10T09:19:22.460+0100] {processor.py:830} INFO - Processing file /home/philip/de_engineering/airflow_projects/airflow1/venv/lib/python3.10/site-packages/airflow/example_dags/example_dynamic_task_mapping.py for tasks to queue
[2025-03-10T09:19:22.461+0100] {logging_mixin.py:188} INFO - [2025-03-10T09:19:22.460+0100] {dagbag.py:538} INFO - Filling up the DagBag from /home/philip/de_engineering/airflow_projects/airflow1/venv/lib/python3.10/site-packages/airflow/example_dags/example_dynamic_task_mapping.py
[2025-03-10T09:19:22.468+0100] {processor.py:840} INFO - DAG(s) 'example_dynamic_task_mapping' retrieved from /home/philip/de_engineering/airflow_projects/airflow1/venv/lib/python3.10/site-packages/airflow/example_dags/example_dynamic_task_mapping.py
[2025-03-10T09:19:22.548+0100] {logging_mixin.py:188} INFO - [2025-03-10T09:19:22.548+0100] {dag.py:3036} INFO - Sync 1 DAGs
[2025-03-10T09:19:22.563+0100] {logging_mixin.py:188} INFO - [2025-03-10T09:19:22.563+0100] {dag.py:3823} INFO - Setting next_dagrun for example_dynamic_task_mapping to 2022-03-04 00:00:00+00:00, run_after=2022-03-05 00:00:00+00:00
[2025-03-10T09:19:22.578+0100] {processor.py:183} INFO - Processing /home/philip/de_engineering/airflow_projects/airflow1/venv/lib/python3.10/site-packages/airflow/example_dags/example_dynamic_task_mapping.py took 0.123 seconds
[2025-03-10T09:19:53.407+0100] {processor.py:161} INFO - Started process (PID=139018) to work on /home/philip/de_engineering/airflow_projects/airflow1/venv/lib/python3.10/site-packages/airflow/example_dags/example_dynamic_task_mapping.py
[2025-03-10T09:19:53.407+0100] {processor.py:830} INFO - Processing file /home/philip/de_engineering/airflow_projects/airflow1/venv/lib/python3.10/site-packages/airflow/example_dags/example_dynamic_task_mapping.py for tasks to queue
[2025-03-10T09:19:53.408+0100] {logging_mixin.py:188} INFO - [2025-03-10T09:19:53.408+0100] {dagbag.py:538} INFO - Filling up the DagBag from /home/philip/de_engineering/airflow_projects/airflow1/venv/lib/python3.10/site-packages/airflow/example_dags/example_dynamic_task_mapping.py
[2025-03-10T09:19:53.414+0100] {processor.py:840} INFO - DAG(s) 'example_dynamic_task_mapping' retrieved from /home/philip/de_engineering/airflow_projects/airflow1/venv/lib/python3.10/site-packages/airflow/example_dags/example_dynamic_task_mapping.py
[2025-03-10T09:19:53.433+0100] {logging_mixin.py:188} INFO - [2025-03-10T09:19:53.433+0100] {dag.py:3036} INFO - Sync 1 DAGs
[2025-03-10T09:19:53.451+0100] {logging_mixin.py:188} INFO - [2025-03-10T09:19:53.451+0100] {dag.py:3823} INFO - Setting next_dagrun for example_dynamic_task_mapping to 2022-03-04 00:00:00+00:00, run_after=2022-03-05 00:00:00+00:00
[2025-03-10T09:19:53.468+0100] {processor.py:183} INFO - Processing /home/philip/de_engineering/airflow_projects/airflow1/venv/lib/python3.10/site-packages/airflow/example_dags/example_dynamic_task_mapping.py took 0.064 seconds
[2025-03-10T09:20:23.772+0100] {processor.py:161} INFO - Started process (PID=139397) to work on /home/philip/de_engineering/airflow_projects/airflow1/venv/lib/python3.10/site-packages/airflow/example_dags/example_dynamic_task_mapping.py
[2025-03-10T09:20:23.774+0100] {processor.py:830} INFO - Processing file /home/philip/de_engineering/airflow_projects/airflow1/venv/lib/python3.10/site-packages/airflow/example_dags/example_dynamic_task_mapping.py for tasks to queue
[2025-03-10T09:20:23.775+0100] {logging_mixin.py:188} INFO - [2025-03-10T09:20:23.775+0100] {dagbag.py:538} INFO - Filling up the DagBag from /home/philip/de_engineering/airflow_projects/airflow1/venv/lib/python3.10/site-packages/airflow/example_dags/example_dynamic_task_mapping.py
[2025-03-10T09:20:23.785+0100] {processor.py:840} INFO - DAG(s) 'example_dynamic_task_mapping' retrieved from /home/philip/de_engineering/airflow_projects/airflow1/venv/lib/python3.10/site-packages/airflow/example_dags/example_dynamic_task_mapping.py
[2025-03-10T09:20:23.814+0100] {logging_mixin.py:188} INFO - [2025-03-10T09:20:23.813+0100] {dag.py:3036} INFO - Sync 1 DAGs
[2025-03-10T09:20:23.840+0100] {logging_mixin.py:188} INFO - [2025-03-10T09:20:23.840+0100] {dag.py:3823} INFO - Setting next_dagrun for example_dynamic_task_mapping to 2022-03-04 00:00:00+00:00, run_after=2022-03-05 00:00:00+00:00
[2025-03-10T09:20:23.862+0100] {processor.py:183} INFO - Processing /home/philip/de_engineering/airflow_projects/airflow1/venv/lib/python3.10/site-packages/airflow/example_dags/example_dynamic_task_mapping.py took 0.096 seconds
[2025-03-10T09:20:54.355+0100] {processor.py:161} INFO - Started process (PID=139773) to work on /home/philip/de_engineering/airflow_projects/airflow1/venv/lib/python3.10/site-packages/airflow/example_dags/example_dynamic_task_mapping.py
[2025-03-10T09:20:54.356+0100] {processor.py:830} INFO - Processing file /home/philip/de_engineering/airflow_projects/airflow1/venv/lib/python3.10/site-packages/airflow/example_dags/example_dynamic_task_mapping.py for tasks to queue
[2025-03-10T09:20:54.357+0100] {logging_mixin.py:188} INFO - [2025-03-10T09:20:54.356+0100] {dagbag.py:538} INFO - Filling up the DagBag from /home/philip/de_engineering/airflow_projects/airflow1/venv/lib/python3.10/site-packages/airflow/example_dags/example_dynamic_task_mapping.py
[2025-03-10T09:20:54.363+0100] {processor.py:840} INFO - DAG(s) 'example_dynamic_task_mapping' retrieved from /home/philip/de_engineering/airflow_projects/airflow1/venv/lib/python3.10/site-packages/airflow/example_dags/example_dynamic_task_mapping.py
[2025-03-10T09:20:54.384+0100] {logging_mixin.py:188} INFO - [2025-03-10T09:20:54.384+0100] {dag.py:3036} INFO - Sync 1 DAGs
[2025-03-10T09:20:54.402+0100] {logging_mixin.py:188} INFO - [2025-03-10T09:20:54.402+0100] {dag.py:3823} INFO - Setting next_dagrun for example_dynamic_task_mapping to 2022-03-04 00:00:00+00:00, run_after=2022-03-05 00:00:00+00:00
[2025-03-10T09:20:54.417+0100] {processor.py:183} INFO - Processing /home/philip/de_engineering/airflow_projects/airflow1/venv/lib/python3.10/site-packages/airflow/example_dags/example_dynamic_task_mapping.py took 0.065 seconds
[2025-03-10T09:21:24.739+0100] {processor.py:161} INFO - Started process (PID=140156) to work on /home/philip/de_engineering/airflow_projects/airflow1/venv/lib/python3.10/site-packages/airflow/example_dags/example_dynamic_task_mapping.py
[2025-03-10T09:21:24.740+0100] {processor.py:830} INFO - Processing file /home/philip/de_engineering/airflow_projects/airflow1/venv/lib/python3.10/site-packages/airflow/example_dags/example_dynamic_task_mapping.py for tasks to queue
[2025-03-10T09:21:24.741+0100] {logging_mixin.py:188} INFO - [2025-03-10T09:21:24.741+0100] {dagbag.py:538} INFO - Filling up the DagBag from /home/philip/de_engineering/airflow_projects/airflow1/venv/lib/python3.10/site-packages/airflow/example_dags/example_dynamic_task_mapping.py
[2025-03-10T09:21:24.748+0100] {processor.py:840} INFO - DAG(s) 'example_dynamic_task_mapping' retrieved from /home/philip/de_engineering/airflow_projects/airflow1/venv/lib/python3.10/site-packages/airflow/example_dags/example_dynamic_task_mapping.py
[2025-03-10T09:21:24.767+0100] {logging_mixin.py:188} INFO - [2025-03-10T09:21:24.767+0100] {dag.py:3036} INFO - Sync 1 DAGs
[2025-03-10T09:21:24.785+0100] {logging_mixin.py:188} INFO - [2025-03-10T09:21:24.785+0100] {dag.py:3823} INFO - Setting next_dagrun for example_dynamic_task_mapping to 2022-03-04 00:00:00+00:00, run_after=2022-03-05 00:00:00+00:00
[2025-03-10T09:21:24.799+0100] {processor.py:183} INFO - Processing /home/philip/de_engineering/airflow_projects/airflow1/venv/lib/python3.10/site-packages/airflow/example_dags/example_dynamic_task_mapping.py took 0.063 seconds
[2025-03-10T09:21:54.910+0100] {processor.py:161} INFO - Started process (PID=140527) to work on /home/philip/de_engineering/airflow_projects/airflow1/venv/lib/python3.10/site-packages/airflow/example_dags/example_dynamic_task_mapping.py
[2025-03-10T09:21:54.911+0100] {processor.py:830} INFO - Processing file /home/philip/de_engineering/airflow_projects/airflow1/venv/lib/python3.10/site-packages/airflow/example_dags/example_dynamic_task_mapping.py for tasks to queue
[2025-03-10T09:21:54.912+0100] {logging_mixin.py:188} INFO - [2025-03-10T09:21:54.912+0100] {dagbag.py:538} INFO - Filling up the DagBag from /home/philip/de_engineering/airflow_projects/airflow1/venv/lib/python3.10/site-packages/airflow/example_dags/example_dynamic_task_mapping.py
[2025-03-10T09:21:54.918+0100] {processor.py:840} INFO - DAG(s) 'example_dynamic_task_mapping' retrieved from /home/philip/de_engineering/airflow_projects/airflow1/venv/lib/python3.10/site-packages/airflow/example_dags/example_dynamic_task_mapping.py
[2025-03-10T09:21:54.937+0100] {logging_mixin.py:188} INFO - [2025-03-10T09:21:54.936+0100] {dag.py:3036} INFO - Sync 1 DAGs
[2025-03-10T09:21:54.954+0100] {logging_mixin.py:188} INFO - [2025-03-10T09:21:54.954+0100] {dag.py:3823} INFO - Setting next_dagrun for example_dynamic_task_mapping to 2022-03-04 00:00:00+00:00, run_after=2022-03-05 00:00:00+00:00
[2025-03-10T09:21:54.967+0100] {processor.py:183} INFO - Processing /home/philip/de_engineering/airflow_projects/airflow1/venv/lib/python3.10/site-packages/airflow/example_dags/example_dynamic_task_mapping.py took 0.060 seconds
[2025-03-10T09:22:25.234+0100] {processor.py:161} INFO - Started process (PID=140914) to work on /home/philip/de_engineering/airflow_projects/airflow1/venv/lib/python3.10/site-packages/airflow/example_dags/example_dynamic_task_mapping.py
[2025-03-10T09:22:25.235+0100] {processor.py:830} INFO - Processing file /home/philip/de_engineering/airflow_projects/airflow1/venv/lib/python3.10/site-packages/airflow/example_dags/example_dynamic_task_mapping.py for tasks to queue
[2025-03-10T09:22:25.236+0100] {logging_mixin.py:188} INFO - [2025-03-10T09:22:25.236+0100] {dagbag.py:538} INFO - Filling up the DagBag from /home/philip/de_engineering/airflow_projects/airflow1/venv/lib/python3.10/site-packages/airflow/example_dags/example_dynamic_task_mapping.py
[2025-03-10T09:22:25.241+0100] {processor.py:840} INFO - DAG(s) 'example_dynamic_task_mapping' retrieved from /home/philip/de_engineering/airflow_projects/airflow1/venv/lib/python3.10/site-packages/airflow/example_dags/example_dynamic_task_mapping.py
[2025-03-10T09:22:25.261+0100] {logging_mixin.py:188} INFO - [2025-03-10T09:22:25.261+0100] {dag.py:3036} INFO - Sync 1 DAGs
[2025-03-10T09:22:25.278+0100] {logging_mixin.py:188} INFO - [2025-03-10T09:22:25.278+0100] {dag.py:3823} INFO - Setting next_dagrun for example_dynamic_task_mapping to 2022-03-04 00:00:00+00:00, run_after=2022-03-05 00:00:00+00:00
[2025-03-10T09:22:25.292+0100] {processor.py:183} INFO - Processing /home/philip/de_engineering/airflow_projects/airflow1/venv/lib/python3.10/site-packages/airflow/example_dags/example_dynamic_task_mapping.py took 0.061 seconds
[2025-03-10T09:22:55.457+0100] {processor.py:161} INFO - Started process (PID=141291) to work on /home/philip/de_engineering/airflow_projects/airflow1/venv/lib/python3.10/site-packages/airflow/example_dags/example_dynamic_task_mapping.py
[2025-03-10T09:22:55.458+0100] {processor.py:830} INFO - Processing file /home/philip/de_engineering/airflow_projects/airflow1/venv/lib/python3.10/site-packages/airflow/example_dags/example_dynamic_task_mapping.py for tasks to queue
[2025-03-10T09:22:55.459+0100] {logging_mixin.py:188} INFO - [2025-03-10T09:22:55.459+0100] {dagbag.py:538} INFO - Filling up the DagBag from /home/philip/de_engineering/airflow_projects/airflow1/venv/lib/python3.10/site-packages/airflow/example_dags/example_dynamic_task_mapping.py
[2025-03-10T09:22:55.464+0100] {processor.py:840} INFO - DAG(s) 'example_dynamic_task_mapping' retrieved from /home/philip/de_engineering/airflow_projects/airflow1/venv/lib/python3.10/site-packages/airflow/example_dags/example_dynamic_task_mapping.py
[2025-03-10T09:22:55.484+0100] {logging_mixin.py:188} INFO - [2025-03-10T09:22:55.484+0100] {dag.py:3036} INFO - Sync 1 DAGs
[2025-03-10T09:22:55.502+0100] {logging_mixin.py:188} INFO - [2025-03-10T09:22:55.502+0100] {dag.py:3823} INFO - Setting next_dagrun for example_dynamic_task_mapping to 2022-03-04 00:00:00+00:00, run_after=2022-03-05 00:00:00+00:00
[2025-03-10T09:22:55.516+0100] {processor.py:183} INFO - Processing /home/philip/de_engineering/airflow_projects/airflow1/venv/lib/python3.10/site-packages/airflow/example_dags/example_dynamic_task_mapping.py took 0.062 seconds
[2025-03-10T09:23:25.591+0100] {processor.py:161} INFO - Started process (PID=141670) to work on /home/philip/de_engineering/airflow_projects/airflow1/venv/lib/python3.10/site-packages/airflow/example_dags/example_dynamic_task_mapping.py
[2025-03-10T09:23:25.592+0100] {processor.py:830} INFO - Processing file /home/philip/de_engineering/airflow_projects/airflow1/venv/lib/python3.10/site-packages/airflow/example_dags/example_dynamic_task_mapping.py for tasks to queue
[2025-03-10T09:23:25.593+0100] {logging_mixin.py:188} INFO - [2025-03-10T09:23:25.592+0100] {dagbag.py:538} INFO - Filling up the DagBag from /home/philip/de_engineering/airflow_projects/airflow1/venv/lib/python3.10/site-packages/airflow/example_dags/example_dynamic_task_mapping.py
[2025-03-10T09:23:25.598+0100] {processor.py:840} INFO - DAG(s) 'example_dynamic_task_mapping' retrieved from /home/philip/de_engineering/airflow_projects/airflow1/venv/lib/python3.10/site-packages/airflow/example_dags/example_dynamic_task_mapping.py
[2025-03-10T09:23:25.618+0100] {logging_mixin.py:188} INFO - [2025-03-10T09:23:25.618+0100] {dag.py:3036} INFO - Sync 1 DAGs
[2025-03-10T09:23:25.635+0100] {logging_mixin.py:188} INFO - [2025-03-10T09:23:25.635+0100] {dag.py:3823} INFO - Setting next_dagrun for example_dynamic_task_mapping to 2022-03-04 00:00:00+00:00, run_after=2022-03-05 00:00:00+00:00
[2025-03-10T09:23:25.648+0100] {processor.py:183} INFO - Processing /home/philip/de_engineering/airflow_projects/airflow1/venv/lib/python3.10/site-packages/airflow/example_dags/example_dynamic_task_mapping.py took 0.060 seconds
[2025-03-10T09:23:56.141+0100] {processor.py:161} INFO - Started process (PID=142053) to work on /home/philip/de_engineering/airflow_projects/airflow1/venv/lib/python3.10/site-packages/airflow/example_dags/example_dynamic_task_mapping.py
[2025-03-10T09:23:56.142+0100] {processor.py:830} INFO - Processing file /home/philip/de_engineering/airflow_projects/airflow1/venv/lib/python3.10/site-packages/airflow/example_dags/example_dynamic_task_mapping.py for tasks to queue
[2025-03-10T09:23:56.143+0100] {logging_mixin.py:188} INFO - [2025-03-10T09:23:56.142+0100] {dagbag.py:538} INFO - Filling up the DagBag from /home/philip/de_engineering/airflow_projects/airflow1/venv/lib/python3.10/site-packages/airflow/example_dags/example_dynamic_task_mapping.py
[2025-03-10T09:23:56.149+0100] {processor.py:840} INFO - DAG(s) 'example_dynamic_task_mapping' retrieved from /home/philip/de_engineering/airflow_projects/airflow1/venv/lib/python3.10/site-packages/airflow/example_dags/example_dynamic_task_mapping.py
[2025-03-10T09:23:56.171+0100] {logging_mixin.py:188} INFO - [2025-03-10T09:23:56.171+0100] {dag.py:3036} INFO - Sync 1 DAGs
[2025-03-10T09:23:56.193+0100] {logging_mixin.py:188} INFO - [2025-03-10T09:23:56.192+0100] {dag.py:3823} INFO - Setting next_dagrun for example_dynamic_task_mapping to 2022-03-04 00:00:00+00:00, run_after=2022-03-05 00:00:00+00:00
[2025-03-10T09:23:56.210+0100] {processor.py:183} INFO - Processing /home/philip/de_engineering/airflow_projects/airflow1/venv/lib/python3.10/site-packages/airflow/example_dags/example_dynamic_task_mapping.py took 0.072 seconds
[2025-03-10T09:24:26.438+0100] {processor.py:161} INFO - Started process (PID=142427) to work on /home/philip/de_engineering/airflow_projects/airflow1/venv/lib/python3.10/site-packages/airflow/example_dags/example_dynamic_task_mapping.py
[2025-03-10T09:24:26.439+0100] {processor.py:830} INFO - Processing file /home/philip/de_engineering/airflow_projects/airflow1/venv/lib/python3.10/site-packages/airflow/example_dags/example_dynamic_task_mapping.py for tasks to queue
[2025-03-10T09:24:26.440+0100] {logging_mixin.py:188} INFO - [2025-03-10T09:24:26.439+0100] {dagbag.py:538} INFO - Filling up the DagBag from /home/philip/de_engineering/airflow_projects/airflow1/venv/lib/python3.10/site-packages/airflow/example_dags/example_dynamic_task_mapping.py
[2025-03-10T09:24:26.447+0100] {processor.py:840} INFO - DAG(s) 'example_dynamic_task_mapping' retrieved from /home/philip/de_engineering/airflow_projects/airflow1/venv/lib/python3.10/site-packages/airflow/example_dags/example_dynamic_task_mapping.py
[2025-03-10T09:24:26.471+0100] {logging_mixin.py:188} INFO - [2025-03-10T09:24:26.471+0100] {dag.py:3036} INFO - Sync 1 DAGs
[2025-03-10T09:24:26.492+0100] {logging_mixin.py:188} INFO - [2025-03-10T09:24:26.492+0100] {dag.py:3823} INFO - Setting next_dagrun for example_dynamic_task_mapping to 2022-03-04 00:00:00+00:00, run_after=2022-03-05 00:00:00+00:00
[2025-03-10T09:24:26.512+0100] {processor.py:183} INFO - Processing /home/philip/de_engineering/airflow_projects/airflow1/venv/lib/python3.10/site-packages/airflow/example_dags/example_dynamic_task_mapping.py took 0.077 seconds
[2025-03-10T09:24:56.719+0100] {processor.py:161} INFO - Started process (PID=142807) to work on /home/philip/de_engineering/airflow_projects/airflow1/venv/lib/python3.10/site-packages/airflow/example_dags/example_dynamic_task_mapping.py
[2025-03-10T09:24:56.720+0100] {processor.py:830} INFO - Processing file /home/philip/de_engineering/airflow_projects/airflow1/venv/lib/python3.10/site-packages/airflow/example_dags/example_dynamic_task_mapping.py for tasks to queue
[2025-03-10T09:24:56.721+0100] {logging_mixin.py:188} INFO - [2025-03-10T09:24:56.721+0100] {dagbag.py:538} INFO - Filling up the DagBag from /home/philip/de_engineering/airflow_projects/airflow1/venv/lib/python3.10/site-packages/airflow/example_dags/example_dynamic_task_mapping.py
[2025-03-10T09:24:56.726+0100] {processor.py:840} INFO - DAG(s) 'example_dynamic_task_mapping' retrieved from /home/philip/de_engineering/airflow_projects/airflow1/venv/lib/python3.10/site-packages/airflow/example_dags/example_dynamic_task_mapping.py
[2025-03-10T09:24:56.747+0100] {logging_mixin.py:188} INFO - [2025-03-10T09:24:56.747+0100] {dag.py:3036} INFO - Sync 1 DAGs
[2025-03-10T09:24:56.765+0100] {logging_mixin.py:188} INFO - [2025-03-10T09:24:56.765+0100] {dag.py:3823} INFO - Setting next_dagrun for example_dynamic_task_mapping to 2022-03-04 00:00:00+00:00, run_after=2022-03-05 00:00:00+00:00
[2025-03-10T09:24:56.779+0100] {processor.py:183} INFO - Processing /home/philip/de_engineering/airflow_projects/airflow1/venv/lib/python3.10/site-packages/airflow/example_dags/example_dynamic_task_mapping.py took 0.063 seconds
[2025-03-10T09:25:26.914+0100] {processor.py:161} INFO - Started process (PID=143187) to work on /home/philip/de_engineering/airflow_projects/airflow1/venv/lib/python3.10/site-packages/airflow/example_dags/example_dynamic_task_mapping.py
[2025-03-10T09:25:26.915+0100] {processor.py:830} INFO - Processing file /home/philip/de_engineering/airflow_projects/airflow1/venv/lib/python3.10/site-packages/airflow/example_dags/example_dynamic_task_mapping.py for tasks to queue
[2025-03-10T09:25:26.915+0100] {logging_mixin.py:188} INFO - [2025-03-10T09:25:26.915+0100] {dagbag.py:538} INFO - Filling up the DagBag from /home/philip/de_engineering/airflow_projects/airflow1/venv/lib/python3.10/site-packages/airflow/example_dags/example_dynamic_task_mapping.py
[2025-03-10T09:25:26.921+0100] {processor.py:840} INFO - DAG(s) 'example_dynamic_task_mapping' retrieved from /home/philip/de_engineering/airflow_projects/airflow1/venv/lib/python3.10/site-packages/airflow/example_dags/example_dynamic_task_mapping.py
[2025-03-10T09:25:26.942+0100] {logging_mixin.py:188} INFO - [2025-03-10T09:25:26.941+0100] {dag.py:3036} INFO - Sync 1 DAGs
[2025-03-10T09:25:26.961+0100] {logging_mixin.py:188} INFO - [2025-03-10T09:25:26.961+0100] {dag.py:3823} INFO - Setting next_dagrun for example_dynamic_task_mapping to 2022-03-04 00:00:00+00:00, run_after=2022-03-05 00:00:00+00:00
[2025-03-10T09:25:26.976+0100] {processor.py:183} INFO - Processing /home/philip/de_engineering/airflow_projects/airflow1/venv/lib/python3.10/site-packages/airflow/example_dags/example_dynamic_task_mapping.py took 0.065 seconds
[2025-03-10T09:25:57.330+0100] {processor.py:161} INFO - Started process (PID=143567) to work on /home/philip/de_engineering/airflow_projects/airflow1/venv/lib/python3.10/site-packages/airflow/example_dags/example_dynamic_task_mapping.py
[2025-03-10T09:25:57.332+0100] {processor.py:830} INFO - Processing file /home/philip/de_engineering/airflow_projects/airflow1/venv/lib/python3.10/site-packages/airflow/example_dags/example_dynamic_task_mapping.py for tasks to queue
[2025-03-10T09:25:57.333+0100] {logging_mixin.py:188} INFO - [2025-03-10T09:25:57.332+0100] {dagbag.py:538} INFO - Filling up the DagBag from /home/philip/de_engineering/airflow_projects/airflow1/venv/lib/python3.10/site-packages/airflow/example_dags/example_dynamic_task_mapping.py
[2025-03-10T09:25:57.340+0100] {processor.py:840} INFO - DAG(s) 'example_dynamic_task_mapping' retrieved from /home/philip/de_engineering/airflow_projects/airflow1/venv/lib/python3.10/site-packages/airflow/example_dags/example_dynamic_task_mapping.py
[2025-03-10T09:25:57.368+0100] {logging_mixin.py:188} INFO - [2025-03-10T09:25:57.368+0100] {dag.py:3036} INFO - Sync 1 DAGs
[2025-03-10T09:25:57.399+0100] {logging_mixin.py:188} INFO - [2025-03-10T09:25:57.399+0100] {dag.py:3823} INFO - Setting next_dagrun for example_dynamic_task_mapping to 2022-03-04 00:00:00+00:00, run_after=2022-03-05 00:00:00+00:00
[2025-03-10T09:25:57.425+0100] {processor.py:183} INFO - Processing /home/philip/de_engineering/airflow_projects/airflow1/venv/lib/python3.10/site-packages/airflow/example_dags/example_dynamic_task_mapping.py took 0.099 seconds
[2025-03-10T09:26:27.665+0100] {processor.py:161} INFO - Started process (PID=143947) to work on /home/philip/de_engineering/airflow_projects/airflow1/venv/lib/python3.10/site-packages/airflow/example_dags/example_dynamic_task_mapping.py
[2025-03-10T09:26:27.666+0100] {processor.py:830} INFO - Processing file /home/philip/de_engineering/airflow_projects/airflow1/venv/lib/python3.10/site-packages/airflow/example_dags/example_dynamic_task_mapping.py for tasks to queue
[2025-03-10T09:26:27.667+0100] {logging_mixin.py:188} INFO - [2025-03-10T09:26:27.667+0100] {dagbag.py:538} INFO - Filling up the DagBag from /home/philip/de_engineering/airflow_projects/airflow1/venv/lib/python3.10/site-packages/airflow/example_dags/example_dynamic_task_mapping.py
[2025-03-10T09:26:27.674+0100] {processor.py:840} INFO - DAG(s) 'example_dynamic_task_mapping' retrieved from /home/philip/de_engineering/airflow_projects/airflow1/venv/lib/python3.10/site-packages/airflow/example_dags/example_dynamic_task_mapping.py
[2025-03-10T09:26:27.697+0100] {logging_mixin.py:188} INFO - [2025-03-10T09:26:27.697+0100] {dag.py:3036} INFO - Sync 1 DAGs
[2025-03-10T09:26:27.730+0100] {logging_mixin.py:188} INFO - [2025-03-10T09:26:27.730+0100] {dag.py:3823} INFO - Setting next_dagrun for example_dynamic_task_mapping to 2022-03-04 00:00:00+00:00, run_after=2022-03-05 00:00:00+00:00
[2025-03-10T09:26:27.749+0100] {processor.py:183} INFO - Processing /home/philip/de_engineering/airflow_projects/airflow1/venv/lib/python3.10/site-packages/airflow/example_dags/example_dynamic_task_mapping.py took 0.087 seconds
[2025-03-10T09:26:58.060+0100] {processor.py:161} INFO - Started process (PID=144316) to work on /home/philip/de_engineering/airflow_projects/airflow1/venv/lib/python3.10/site-packages/airflow/example_dags/example_dynamic_task_mapping.py
[2025-03-10T09:26:58.061+0100] {processor.py:830} INFO - Processing file /home/philip/de_engineering/airflow_projects/airflow1/venv/lib/python3.10/site-packages/airflow/example_dags/example_dynamic_task_mapping.py for tasks to queue
[2025-03-10T09:26:58.061+0100] {logging_mixin.py:188} INFO - [2025-03-10T09:26:58.061+0100] {dagbag.py:538} INFO - Filling up the DagBag from /home/philip/de_engineering/airflow_projects/airflow1/venv/lib/python3.10/site-packages/airflow/example_dags/example_dynamic_task_mapping.py
[2025-03-10T09:26:58.067+0100] {processor.py:840} INFO - DAG(s) 'example_dynamic_task_mapping' retrieved from /home/philip/de_engineering/airflow_projects/airflow1/venv/lib/python3.10/site-packages/airflow/example_dags/example_dynamic_task_mapping.py
[2025-03-10T09:26:58.087+0100] {logging_mixin.py:188} INFO - [2025-03-10T09:26:58.086+0100] {dag.py:3036} INFO - Sync 1 DAGs
[2025-03-10T09:26:58.105+0100] {logging_mixin.py:188} INFO - [2025-03-10T09:26:58.105+0100] {dag.py:3823} INFO - Setting next_dagrun for example_dynamic_task_mapping to 2022-03-04 00:00:00+00:00, run_after=2022-03-05 00:00:00+00:00
[2025-03-10T09:26:58.121+0100] {processor.py:183} INFO - Processing /home/philip/de_engineering/airflow_projects/airflow1/venv/lib/python3.10/site-packages/airflow/example_dags/example_dynamic_task_mapping.py took 0.064 seconds
[2025-03-10T09:27:28.342+0100] {processor.py:161} INFO - Started process (PID=144702) to work on /home/philip/de_engineering/airflow_projects/airflow1/venv/lib/python3.10/site-packages/airflow/example_dags/example_dynamic_task_mapping.py
[2025-03-10T09:27:28.343+0100] {processor.py:830} INFO - Processing file /home/philip/de_engineering/airflow_projects/airflow1/venv/lib/python3.10/site-packages/airflow/example_dags/example_dynamic_task_mapping.py for tasks to queue
[2025-03-10T09:27:28.344+0100] {logging_mixin.py:188} INFO - [2025-03-10T09:27:28.343+0100] {dagbag.py:538} INFO - Filling up the DagBag from /home/philip/de_engineering/airflow_projects/airflow1/venv/lib/python3.10/site-packages/airflow/example_dags/example_dynamic_task_mapping.py
[2025-03-10T09:27:28.349+0100] {processor.py:840} INFO - DAG(s) 'example_dynamic_task_mapping' retrieved from /home/philip/de_engineering/airflow_projects/airflow1/venv/lib/python3.10/site-packages/airflow/example_dags/example_dynamic_task_mapping.py
[2025-03-10T09:27:28.369+0100] {logging_mixin.py:188} INFO - [2025-03-10T09:27:28.369+0100] {dag.py:3036} INFO - Sync 1 DAGs
[2025-03-10T09:27:28.389+0100] {logging_mixin.py:188} INFO - [2025-03-10T09:27:28.388+0100] {dag.py:3823} INFO - Setting next_dagrun for example_dynamic_task_mapping to 2022-03-04 00:00:00+00:00, run_after=2022-03-05 00:00:00+00:00
[2025-03-10T09:27:28.405+0100] {processor.py:183} INFO - Processing /home/philip/de_engineering/airflow_projects/airflow1/venv/lib/python3.10/site-packages/airflow/example_dags/example_dynamic_task_mapping.py took 0.066 seconds
[2025-03-10T09:27:58.656+0100] {processor.py:161} INFO - Started process (PID=145078) to work on /home/philip/de_engineering/airflow_projects/airflow1/venv/lib/python3.10/site-packages/airflow/example_dags/example_dynamic_task_mapping.py
[2025-03-10T09:27:58.657+0100] {processor.py:830} INFO - Processing file /home/philip/de_engineering/airflow_projects/airflow1/venv/lib/python3.10/site-packages/airflow/example_dags/example_dynamic_task_mapping.py for tasks to queue
[2025-03-10T09:27:58.658+0100] {logging_mixin.py:188} INFO - [2025-03-10T09:27:58.658+0100] {dagbag.py:538} INFO - Filling up the DagBag from /home/philip/de_engineering/airflow_projects/airflow1/venv/lib/python3.10/site-packages/airflow/example_dags/example_dynamic_task_mapping.py
[2025-03-10T09:27:58.664+0100] {processor.py:840} INFO - DAG(s) 'example_dynamic_task_mapping' retrieved from /home/philip/de_engineering/airflow_projects/airflow1/venv/lib/python3.10/site-packages/airflow/example_dags/example_dynamic_task_mapping.py
[2025-03-10T09:27:58.686+0100] {logging_mixin.py:188} INFO - [2025-03-10T09:27:58.686+0100] {dag.py:3036} INFO - Sync 1 DAGs
[2025-03-10T09:27:58.707+0100] {logging_mixin.py:188} INFO - [2025-03-10T09:27:58.706+0100] {dag.py:3823} INFO - Setting next_dagrun for example_dynamic_task_mapping to 2022-03-04 00:00:00+00:00, run_after=2022-03-05 00:00:00+00:00
[2025-03-10T09:27:58.726+0100] {processor.py:183} INFO - Processing /home/philip/de_engineering/airflow_projects/airflow1/venv/lib/python3.10/site-packages/airflow/example_dags/example_dynamic_task_mapping.py took 0.072 seconds
[2025-03-10T09:28:28.857+0100] {processor.py:161} INFO - Started process (PID=145457) to work on /home/philip/de_engineering/airflow_projects/airflow1/venv/lib/python3.10/site-packages/airflow/example_dags/example_dynamic_task_mapping.py
[2025-03-10T09:28:28.858+0100] {processor.py:830} INFO - Processing file /home/philip/de_engineering/airflow_projects/airflow1/venv/lib/python3.10/site-packages/airflow/example_dags/example_dynamic_task_mapping.py for tasks to queue
[2025-03-10T09:28:28.859+0100] {logging_mixin.py:188} INFO - [2025-03-10T09:28:28.858+0100] {dagbag.py:538} INFO - Filling up the DagBag from /home/philip/de_engineering/airflow_projects/airflow1/venv/lib/python3.10/site-packages/airflow/example_dags/example_dynamic_task_mapping.py
[2025-03-10T09:28:28.866+0100] {processor.py:840} INFO - DAG(s) 'example_dynamic_task_mapping' retrieved from /home/philip/de_engineering/airflow_projects/airflow1/venv/lib/python3.10/site-packages/airflow/example_dags/example_dynamic_task_mapping.py
[2025-03-10T09:28:28.889+0100] {logging_mixin.py:188} INFO - [2025-03-10T09:28:28.889+0100] {dag.py:3036} INFO - Sync 1 DAGs
[2025-03-10T09:28:28.908+0100] {logging_mixin.py:188} INFO - [2025-03-10T09:28:28.908+0100] {dag.py:3823} INFO - Setting next_dagrun for example_dynamic_task_mapping to 2022-03-04 00:00:00+00:00, run_after=2022-03-05 00:00:00+00:00
[2025-03-10T09:28:28.924+0100] {processor.py:183} INFO - Processing /home/philip/de_engineering/airflow_projects/airflow1/venv/lib/python3.10/site-packages/airflow/example_dags/example_dynamic_task_mapping.py took 0.072 seconds
[2025-03-10T09:28:59.064+0100] {processor.py:161} INFO - Started process (PID=145835) to work on /home/philip/de_engineering/airflow_projects/airflow1/venv/lib/python3.10/site-packages/airflow/example_dags/example_dynamic_task_mapping.py
[2025-03-10T09:28:59.064+0100] {processor.py:830} INFO - Processing file /home/philip/de_engineering/airflow_projects/airflow1/venv/lib/python3.10/site-packages/airflow/example_dags/example_dynamic_task_mapping.py for tasks to queue
[2025-03-10T09:28:59.065+0100] {logging_mixin.py:188} INFO - [2025-03-10T09:28:59.065+0100] {dagbag.py:538} INFO - Filling up the DagBag from /home/philip/de_engineering/airflow_projects/airflow1/venv/lib/python3.10/site-packages/airflow/example_dags/example_dynamic_task_mapping.py
[2025-03-10T09:28:59.071+0100] {processor.py:840} INFO - DAG(s) 'example_dynamic_task_mapping' retrieved from /home/philip/de_engineering/airflow_projects/airflow1/venv/lib/python3.10/site-packages/airflow/example_dags/example_dynamic_task_mapping.py
[2025-03-10T09:28:59.090+0100] {logging_mixin.py:188} INFO - [2025-03-10T09:28:59.090+0100] {dag.py:3036} INFO - Sync 1 DAGs
[2025-03-10T09:28:59.108+0100] {logging_mixin.py:188} INFO - [2025-03-10T09:28:59.108+0100] {dag.py:3823} INFO - Setting next_dagrun for example_dynamic_task_mapping to 2022-03-04 00:00:00+00:00, run_after=2022-03-05 00:00:00+00:00
[2025-03-10T09:28:59.122+0100] {processor.py:183} INFO - Processing /home/philip/de_engineering/airflow_projects/airflow1/venv/lib/python3.10/site-packages/airflow/example_dags/example_dynamic_task_mapping.py took 0.061 seconds
[2025-03-10T09:29:29.337+0100] {processor.py:161} INFO - Started process (PID=146215) to work on /home/philip/de_engineering/airflow_projects/airflow1/venv/lib/python3.10/site-packages/airflow/example_dags/example_dynamic_task_mapping.py
[2025-03-10T09:29:29.339+0100] {processor.py:830} INFO - Processing file /home/philip/de_engineering/airflow_projects/airflow1/venv/lib/python3.10/site-packages/airflow/example_dags/example_dynamic_task_mapping.py for tasks to queue
[2025-03-10T09:29:29.339+0100] {logging_mixin.py:188} INFO - [2025-03-10T09:29:29.339+0100] {dagbag.py:538} INFO - Filling up the DagBag from /home/philip/de_engineering/airflow_projects/airflow1/venv/lib/python3.10/site-packages/airflow/example_dags/example_dynamic_task_mapping.py
[2025-03-10T09:29:29.345+0100] {processor.py:840} INFO - DAG(s) 'example_dynamic_task_mapping' retrieved from /home/philip/de_engineering/airflow_projects/airflow1/venv/lib/python3.10/site-packages/airflow/example_dags/example_dynamic_task_mapping.py
[2025-03-10T09:29:29.364+0100] {logging_mixin.py:188} INFO - [2025-03-10T09:29:29.364+0100] {dag.py:3036} INFO - Sync 1 DAGs
[2025-03-10T09:29:29.381+0100] {logging_mixin.py:188} INFO - [2025-03-10T09:29:29.381+0100] {dag.py:3823} INFO - Setting next_dagrun for example_dynamic_task_mapping to 2022-03-04 00:00:00+00:00, run_after=2022-03-05 00:00:00+00:00
[2025-03-10T09:29:29.395+0100] {processor.py:183} INFO - Processing /home/philip/de_engineering/airflow_projects/airflow1/venv/lib/python3.10/site-packages/airflow/example_dags/example_dynamic_task_mapping.py took 0.060 seconds
[2025-03-10T09:29:59.498+0100] {processor.py:161} INFO - Started process (PID=146589) to work on /home/philip/de_engineering/airflow_projects/airflow1/venv/lib/python3.10/site-packages/airflow/example_dags/example_dynamic_task_mapping.py
[2025-03-10T09:29:59.498+0100] {processor.py:830} INFO - Processing file /home/philip/de_engineering/airflow_projects/airflow1/venv/lib/python3.10/site-packages/airflow/example_dags/example_dynamic_task_mapping.py for tasks to queue
[2025-03-10T09:29:59.499+0100] {logging_mixin.py:188} INFO - [2025-03-10T09:29:59.499+0100] {dagbag.py:538} INFO - Filling up the DagBag from /home/philip/de_engineering/airflow_projects/airflow1/venv/lib/python3.10/site-packages/airflow/example_dags/example_dynamic_task_mapping.py
[2025-03-10T09:29:59.505+0100] {processor.py:840} INFO - DAG(s) 'example_dynamic_task_mapping' retrieved from /home/philip/de_engineering/airflow_projects/airflow1/venv/lib/python3.10/site-packages/airflow/example_dags/example_dynamic_task_mapping.py
[2025-03-10T09:29:59.523+0100] {logging_mixin.py:188} INFO - [2025-03-10T09:29:59.523+0100] {dag.py:3036} INFO - Sync 1 DAGs
[2025-03-10T09:29:59.540+0100] {logging_mixin.py:188} INFO - [2025-03-10T09:29:59.540+0100] {dag.py:3823} INFO - Setting next_dagrun for example_dynamic_task_mapping to 2022-03-04 00:00:00+00:00, run_after=2022-03-05 00:00:00+00:00
[2025-03-10T09:29:59.554+0100] {processor.py:183} INFO - Processing /home/philip/de_engineering/airflow_projects/airflow1/venv/lib/python3.10/site-packages/airflow/example_dags/example_dynamic_task_mapping.py took 0.059 seconds
[2025-03-10T09:30:29.686+0100] {processor.py:161} INFO - Started process (PID=146970) to work on /home/philip/de_engineering/airflow_projects/airflow1/venv/lib/python3.10/site-packages/airflow/example_dags/example_dynamic_task_mapping.py
[2025-03-10T09:30:29.687+0100] {processor.py:830} INFO - Processing file /home/philip/de_engineering/airflow_projects/airflow1/venv/lib/python3.10/site-packages/airflow/example_dags/example_dynamic_task_mapping.py for tasks to queue
[2025-03-10T09:30:29.687+0100] {logging_mixin.py:188} INFO - [2025-03-10T09:30:29.687+0100] {dagbag.py:538} INFO - Filling up the DagBag from /home/philip/de_engineering/airflow_projects/airflow1/venv/lib/python3.10/site-packages/airflow/example_dags/example_dynamic_task_mapping.py
[2025-03-10T09:30:29.693+0100] {processor.py:840} INFO - DAG(s) 'example_dynamic_task_mapping' retrieved from /home/philip/de_engineering/airflow_projects/airflow1/venv/lib/python3.10/site-packages/airflow/example_dags/example_dynamic_task_mapping.py
[2025-03-10T09:30:29.713+0100] {logging_mixin.py:188} INFO - [2025-03-10T09:30:29.712+0100] {dag.py:3036} INFO - Sync 1 DAGs
[2025-03-10T09:30:29.729+0100] {logging_mixin.py:188} INFO - [2025-03-10T09:30:29.729+0100] {dag.py:3823} INFO - Setting next_dagrun for example_dynamic_task_mapping to 2022-03-04 00:00:00+00:00, run_after=2022-03-05 00:00:00+00:00
[2025-03-10T09:30:29.743+0100] {processor.py:183} INFO - Processing /home/philip/de_engineering/airflow_projects/airflow1/venv/lib/python3.10/site-packages/airflow/example_dags/example_dynamic_task_mapping.py took 0.060 seconds
[2025-03-10T09:30:59.852+0100] {processor.py:161} INFO - Started process (PID=147345) to work on /home/philip/de_engineering/airflow_projects/airflow1/venv/lib/python3.10/site-packages/airflow/example_dags/example_dynamic_task_mapping.py
[2025-03-10T09:30:59.853+0100] {processor.py:830} INFO - Processing file /home/philip/de_engineering/airflow_projects/airflow1/venv/lib/python3.10/site-packages/airflow/example_dags/example_dynamic_task_mapping.py for tasks to queue
[2025-03-10T09:30:59.853+0100] {logging_mixin.py:188} INFO - [2025-03-10T09:30:59.853+0100] {dagbag.py:538} INFO - Filling up the DagBag from /home/philip/de_engineering/airflow_projects/airflow1/venv/lib/python3.10/site-packages/airflow/example_dags/example_dynamic_task_mapping.py
[2025-03-10T09:30:59.860+0100] {processor.py:840} INFO - DAG(s) 'example_dynamic_task_mapping' retrieved from /home/philip/de_engineering/airflow_projects/airflow1/venv/lib/python3.10/site-packages/airflow/example_dags/example_dynamic_task_mapping.py
[2025-03-10T09:30:59.879+0100] {logging_mixin.py:188} INFO - [2025-03-10T09:30:59.879+0100] {dag.py:3036} INFO - Sync 1 DAGs
[2025-03-10T09:30:59.897+0100] {logging_mixin.py:188} INFO - [2025-03-10T09:30:59.897+0100] {dag.py:3823} INFO - Setting next_dagrun for example_dynamic_task_mapping to 2022-03-04 00:00:00+00:00, run_after=2022-03-05 00:00:00+00:00
[2025-03-10T09:30:59.912+0100] {processor.py:183} INFO - Processing /home/philip/de_engineering/airflow_projects/airflow1/venv/lib/python3.10/site-packages/airflow/example_dags/example_dynamic_task_mapping.py took 0.063 seconds
[2025-03-10T09:31:29.933+0100] {processor.py:161} INFO - Started process (PID=147719) to work on /home/philip/de_engineering/airflow_projects/airflow1/venv/lib/python3.10/site-packages/airflow/example_dags/example_dynamic_task_mapping.py
[2025-03-10T09:31:29.934+0100] {processor.py:830} INFO - Processing file /home/philip/de_engineering/airflow_projects/airflow1/venv/lib/python3.10/site-packages/airflow/example_dags/example_dynamic_task_mapping.py for tasks to queue
[2025-03-10T09:31:29.935+0100] {logging_mixin.py:188} INFO - [2025-03-10T09:31:29.935+0100] {dagbag.py:538} INFO - Filling up the DagBag from /home/philip/de_engineering/airflow_projects/airflow1/venv/lib/python3.10/site-packages/airflow/example_dags/example_dynamic_task_mapping.py
[2025-03-10T09:31:29.940+0100] {processor.py:840} INFO - DAG(s) 'example_dynamic_task_mapping' retrieved from /home/philip/de_engineering/airflow_projects/airflow1/venv/lib/python3.10/site-packages/airflow/example_dags/example_dynamic_task_mapping.py
[2025-03-10T09:31:29.960+0100] {logging_mixin.py:188} INFO - [2025-03-10T09:31:29.960+0100] {dag.py:3036} INFO - Sync 1 DAGs
[2025-03-10T09:31:29.977+0100] {logging_mixin.py:188} INFO - [2025-03-10T09:31:29.977+0100] {dag.py:3823} INFO - Setting next_dagrun for example_dynamic_task_mapping to 2022-03-04 00:00:00+00:00, run_after=2022-03-05 00:00:00+00:00
[2025-03-10T09:31:29.992+0100] {processor.py:183} INFO - Processing /home/philip/de_engineering/airflow_projects/airflow1/venv/lib/python3.10/site-packages/airflow/example_dags/example_dynamic_task_mapping.py took 0.062 seconds
[2025-03-10T09:32:00.147+0100] {processor.py:161} INFO - Started process (PID=148094) to work on /home/philip/de_engineering/airflow_projects/airflow1/venv/lib/python3.10/site-packages/airflow/example_dags/example_dynamic_task_mapping.py
[2025-03-10T09:32:00.148+0100] {processor.py:830} INFO - Processing file /home/philip/de_engineering/airflow_projects/airflow1/venv/lib/python3.10/site-packages/airflow/example_dags/example_dynamic_task_mapping.py for tasks to queue
[2025-03-10T09:32:00.149+0100] {logging_mixin.py:188} INFO - [2025-03-10T09:32:00.148+0100] {dagbag.py:538} INFO - Filling up the DagBag from /home/philip/de_engineering/airflow_projects/airflow1/venv/lib/python3.10/site-packages/airflow/example_dags/example_dynamic_task_mapping.py
[2025-03-10T09:32:00.154+0100] {processor.py:840} INFO - DAG(s) 'example_dynamic_task_mapping' retrieved from /home/philip/de_engineering/airflow_projects/airflow1/venv/lib/python3.10/site-packages/airflow/example_dags/example_dynamic_task_mapping.py
[2025-03-10T09:32:00.176+0100] {logging_mixin.py:188} INFO - [2025-03-10T09:32:00.176+0100] {dag.py:3036} INFO - Sync 1 DAGs
[2025-03-10T09:32:00.196+0100] {logging_mixin.py:188} INFO - [2025-03-10T09:32:00.196+0100] {dag.py:3823} INFO - Setting next_dagrun for example_dynamic_task_mapping to 2022-03-04 00:00:00+00:00, run_after=2022-03-05 00:00:00+00:00
[2025-03-10T09:32:00.213+0100] {processor.py:183} INFO - Processing /home/philip/de_engineering/airflow_projects/airflow1/venv/lib/python3.10/site-packages/airflow/example_dags/example_dynamic_task_mapping.py took 0.069 seconds
[2025-03-10T09:32:30.315+0100] {processor.py:161} INFO - Started process (PID=148468) to work on /home/philip/de_engineering/airflow_projects/airflow1/venv/lib/python3.10/site-packages/airflow/example_dags/example_dynamic_task_mapping.py
[2025-03-10T09:32:30.316+0100] {processor.py:830} INFO - Processing file /home/philip/de_engineering/airflow_projects/airflow1/venv/lib/python3.10/site-packages/airflow/example_dags/example_dynamic_task_mapping.py for tasks to queue
[2025-03-10T09:32:30.317+0100] {logging_mixin.py:188} INFO - [2025-03-10T09:32:30.316+0100] {dagbag.py:538} INFO - Filling up the DagBag from /home/philip/de_engineering/airflow_projects/airflow1/venv/lib/python3.10/site-packages/airflow/example_dags/example_dynamic_task_mapping.py
[2025-03-10T09:32:30.322+0100] {processor.py:840} INFO - DAG(s) 'example_dynamic_task_mapping' retrieved from /home/philip/de_engineering/airflow_projects/airflow1/venv/lib/python3.10/site-packages/airflow/example_dags/example_dynamic_task_mapping.py
[2025-03-10T09:32:30.342+0100] {logging_mixin.py:188} INFO - [2025-03-10T09:32:30.341+0100] {dag.py:3036} INFO - Sync 1 DAGs
[2025-03-10T09:32:30.359+0100] {logging_mixin.py:188} INFO - [2025-03-10T09:32:30.358+0100] {dag.py:3823} INFO - Setting next_dagrun for example_dynamic_task_mapping to 2022-03-04 00:00:00+00:00, run_after=2022-03-05 00:00:00+00:00
[2025-03-10T09:32:30.373+0100] {processor.py:183} INFO - Processing /home/philip/de_engineering/airflow_projects/airflow1/venv/lib/python3.10/site-packages/airflow/example_dags/example_dynamic_task_mapping.py took 0.061 seconds
[2025-03-10T09:33:00.579+0100] {processor.py:161} INFO - Started process (PID=148855) to work on /home/philip/de_engineering/airflow_projects/airflow1/venv/lib/python3.10/site-packages/airflow/example_dags/example_dynamic_task_mapping.py
[2025-03-10T09:33:00.580+0100] {processor.py:830} INFO - Processing file /home/philip/de_engineering/airflow_projects/airflow1/venv/lib/python3.10/site-packages/airflow/example_dags/example_dynamic_task_mapping.py for tasks to queue
[2025-03-10T09:33:00.580+0100] {logging_mixin.py:188} INFO - [2025-03-10T09:33:00.580+0100] {dagbag.py:538} INFO - Filling up the DagBag from /home/philip/de_engineering/airflow_projects/airflow1/venv/lib/python3.10/site-packages/airflow/example_dags/example_dynamic_task_mapping.py
[2025-03-10T09:33:00.586+0100] {processor.py:840} INFO - DAG(s) 'example_dynamic_task_mapping' retrieved from /home/philip/de_engineering/airflow_projects/airflow1/venv/lib/python3.10/site-packages/airflow/example_dags/example_dynamic_task_mapping.py
[2025-03-10T09:33:00.605+0100] {logging_mixin.py:188} INFO - [2025-03-10T09:33:00.605+0100] {dag.py:3036} INFO - Sync 1 DAGs
[2025-03-10T09:33:00.622+0100] {logging_mixin.py:188} INFO - [2025-03-10T09:33:00.622+0100] {dag.py:3823} INFO - Setting next_dagrun for example_dynamic_task_mapping to 2022-03-04 00:00:00+00:00, run_after=2022-03-05 00:00:00+00:00
[2025-03-10T09:33:00.637+0100] {processor.py:183} INFO - Processing /home/philip/de_engineering/airflow_projects/airflow1/venv/lib/python3.10/site-packages/airflow/example_dags/example_dynamic_task_mapping.py took 0.061 seconds
[2025-03-10T09:33:30.709+0100] {processor.py:161} INFO - Started process (PID=149226) to work on /home/philip/de_engineering/airflow_projects/airflow1/venv/lib/python3.10/site-packages/airflow/example_dags/example_dynamic_task_mapping.py
[2025-03-10T09:33:30.711+0100] {processor.py:830} INFO - Processing file /home/philip/de_engineering/airflow_projects/airflow1/venv/lib/python3.10/site-packages/airflow/example_dags/example_dynamic_task_mapping.py for tasks to queue
[2025-03-10T09:33:30.711+0100] {logging_mixin.py:188} INFO - [2025-03-10T09:33:30.711+0100] {dagbag.py:538} INFO - Filling up the DagBag from /home/philip/de_engineering/airflow_projects/airflow1/venv/lib/python3.10/site-packages/airflow/example_dags/example_dynamic_task_mapping.py
[2025-03-10T09:33:30.717+0100] {processor.py:840} INFO - DAG(s) 'example_dynamic_task_mapping' retrieved from /home/philip/de_engineering/airflow_projects/airflow1/venv/lib/python3.10/site-packages/airflow/example_dags/example_dynamic_task_mapping.py
[2025-03-10T09:33:30.736+0100] {logging_mixin.py:188} INFO - [2025-03-10T09:33:30.736+0100] {dag.py:3036} INFO - Sync 1 DAGs
[2025-03-10T09:33:30.753+0100] {logging_mixin.py:188} INFO - [2025-03-10T09:33:30.753+0100] {dag.py:3823} INFO - Setting next_dagrun for example_dynamic_task_mapping to 2022-03-04 00:00:00+00:00, run_after=2022-03-05 00:00:00+00:00
[2025-03-10T09:33:30.766+0100] {processor.py:183} INFO - Processing /home/philip/de_engineering/airflow_projects/airflow1/venv/lib/python3.10/site-packages/airflow/example_dags/example_dynamic_task_mapping.py took 0.060 seconds
[2025-03-10T09:34:01.000+0100] {processor.py:161} INFO - Started process (PID=149612) to work on /home/philip/de_engineering/airflow_projects/airflow1/venv/lib/python3.10/site-packages/airflow/example_dags/example_dynamic_task_mapping.py
[2025-03-10T09:34:01.000+0100] {processor.py:830} INFO - Processing file /home/philip/de_engineering/airflow_projects/airflow1/venv/lib/python3.10/site-packages/airflow/example_dags/example_dynamic_task_mapping.py for tasks to queue
[2025-03-10T09:34:01.001+0100] {logging_mixin.py:188} INFO - [2025-03-10T09:34:01.001+0100] {dagbag.py:538} INFO - Filling up the DagBag from /home/philip/de_engineering/airflow_projects/airflow1/venv/lib/python3.10/site-packages/airflow/example_dags/example_dynamic_task_mapping.py
[2025-03-10T09:34:01.007+0100] {processor.py:840} INFO - DAG(s) 'example_dynamic_task_mapping' retrieved from /home/philip/de_engineering/airflow_projects/airflow1/venv/lib/python3.10/site-packages/airflow/example_dags/example_dynamic_task_mapping.py
[2025-03-10T09:34:01.027+0100] {logging_mixin.py:188} INFO - [2025-03-10T09:34:01.026+0100] {dag.py:3036} INFO - Sync 1 DAGs
[2025-03-10T09:34:01.044+0100] {logging_mixin.py:188} INFO - [2025-03-10T09:34:01.044+0100] {dag.py:3823} INFO - Setting next_dagrun for example_dynamic_task_mapping to 2022-03-04 00:00:00+00:00, run_after=2022-03-05 00:00:00+00:00
[2025-03-10T09:34:01.060+0100] {processor.py:183} INFO - Processing /home/philip/de_engineering/airflow_projects/airflow1/venv/lib/python3.10/site-packages/airflow/example_dags/example_dynamic_task_mapping.py took 0.063 seconds
[2025-03-10T09:34:31.388+0100] {processor.py:161} INFO - Started process (PID=149994) to work on /home/philip/de_engineering/airflow_projects/airflow1/venv/lib/python3.10/site-packages/airflow/example_dags/example_dynamic_task_mapping.py
[2025-03-10T09:34:31.389+0100] {processor.py:830} INFO - Processing file /home/philip/de_engineering/airflow_projects/airflow1/venv/lib/python3.10/site-packages/airflow/example_dags/example_dynamic_task_mapping.py for tasks to queue
[2025-03-10T09:34:31.390+0100] {logging_mixin.py:188} INFO - [2025-03-10T09:34:31.390+0100] {dagbag.py:538} INFO - Filling up the DagBag from /home/philip/de_engineering/airflow_projects/airflow1/venv/lib/python3.10/site-packages/airflow/example_dags/example_dynamic_task_mapping.py
[2025-03-10T09:34:31.397+0100] {processor.py:840} INFO - DAG(s) 'example_dynamic_task_mapping' retrieved from /home/philip/de_engineering/airflow_projects/airflow1/venv/lib/python3.10/site-packages/airflow/example_dags/example_dynamic_task_mapping.py
[2025-03-10T09:34:31.420+0100] {logging_mixin.py:188} INFO - [2025-03-10T09:34:31.420+0100] {dag.py:3036} INFO - Sync 1 DAGs
[2025-03-10T09:34:31.438+0100] {logging_mixin.py:188} INFO - [2025-03-10T09:34:31.438+0100] {dag.py:3823} INFO - Setting next_dagrun for example_dynamic_task_mapping to 2022-03-04 00:00:00+00:00, run_after=2022-03-05 00:00:00+00:00
[2025-03-10T09:34:31.453+0100] {processor.py:183} INFO - Processing /home/philip/de_engineering/airflow_projects/airflow1/venv/lib/python3.10/site-packages/airflow/example_dags/example_dynamic_task_mapping.py took 0.067 seconds
[2025-03-10T09:35:01.610+0100] {processor.py:161} INFO - Started process (PID=150379) to work on /home/philip/de_engineering/airflow_projects/airflow1/venv/lib/python3.10/site-packages/airflow/example_dags/example_dynamic_task_mapping.py
[2025-03-10T09:35:01.611+0100] {processor.py:830} INFO - Processing file /home/philip/de_engineering/airflow_projects/airflow1/venv/lib/python3.10/site-packages/airflow/example_dags/example_dynamic_task_mapping.py for tasks to queue
[2025-03-10T09:35:01.611+0100] {logging_mixin.py:188} INFO - [2025-03-10T09:35:01.611+0100] {dagbag.py:538} INFO - Filling up the DagBag from /home/philip/de_engineering/airflow_projects/airflow1/venv/lib/python3.10/site-packages/airflow/example_dags/example_dynamic_task_mapping.py
[2025-03-10T09:35:01.617+0100] {processor.py:840} INFO - DAG(s) 'example_dynamic_task_mapping' retrieved from /home/philip/de_engineering/airflow_projects/airflow1/venv/lib/python3.10/site-packages/airflow/example_dags/example_dynamic_task_mapping.py
[2025-03-10T09:35:01.638+0100] {logging_mixin.py:188} INFO - [2025-03-10T09:35:01.638+0100] {dag.py:3036} INFO - Sync 1 DAGs
[2025-03-10T09:35:01.659+0100] {logging_mixin.py:188} INFO - [2025-03-10T09:35:01.659+0100] {dag.py:3823} INFO - Setting next_dagrun for example_dynamic_task_mapping to 2022-03-04 00:00:00+00:00, run_after=2022-03-05 00:00:00+00:00
[2025-03-10T09:35:01.675+0100] {processor.py:183} INFO - Processing /home/philip/de_engineering/airflow_projects/airflow1/venv/lib/python3.10/site-packages/airflow/example_dags/example_dynamic_task_mapping.py took 0.068 seconds
[2025-03-10T09:35:31.898+0100] {processor.py:161} INFO - Started process (PID=150754) to work on /home/philip/de_engineering/airflow_projects/airflow1/venv/lib/python3.10/site-packages/airflow/example_dags/example_dynamic_task_mapping.py
[2025-03-10T09:35:31.900+0100] {processor.py:830} INFO - Processing file /home/philip/de_engineering/airflow_projects/airflow1/venv/lib/python3.10/site-packages/airflow/example_dags/example_dynamic_task_mapping.py for tasks to queue
[2025-03-10T09:35:31.900+0100] {logging_mixin.py:188} INFO - [2025-03-10T09:35:31.900+0100] {dagbag.py:538} INFO - Filling up the DagBag from /home/philip/de_engineering/airflow_projects/airflow1/venv/lib/python3.10/site-packages/airflow/example_dags/example_dynamic_task_mapping.py
[2025-03-10T09:35:31.906+0100] {processor.py:840} INFO - DAG(s) 'example_dynamic_task_mapping' retrieved from /home/philip/de_engineering/airflow_projects/airflow1/venv/lib/python3.10/site-packages/airflow/example_dags/example_dynamic_task_mapping.py
[2025-03-10T09:35:31.926+0100] {logging_mixin.py:188} INFO - [2025-03-10T09:35:31.926+0100] {dag.py:3036} INFO - Sync 1 DAGs
[2025-03-10T09:35:31.946+0100] {logging_mixin.py:188} INFO - [2025-03-10T09:35:31.946+0100] {dag.py:3823} INFO - Setting next_dagrun for example_dynamic_task_mapping to 2022-03-04 00:00:00+00:00, run_after=2022-03-05 00:00:00+00:00
[2025-03-10T09:35:31.964+0100] {processor.py:183} INFO - Processing /home/philip/de_engineering/airflow_projects/airflow1/venv/lib/python3.10/site-packages/airflow/example_dags/example_dynamic_task_mapping.py took 0.068 seconds
[2025-03-10T09:36:02.048+0100] {processor.py:161} INFO - Started process (PID=151133) to work on /home/philip/de_engineering/airflow_projects/airflow1/venv/lib/python3.10/site-packages/airflow/example_dags/example_dynamic_task_mapping.py
[2025-03-10T09:36:02.049+0100] {processor.py:830} INFO - Processing file /home/philip/de_engineering/airflow_projects/airflow1/venv/lib/python3.10/site-packages/airflow/example_dags/example_dynamic_task_mapping.py for tasks to queue
[2025-03-10T09:36:02.049+0100] {logging_mixin.py:188} INFO - [2025-03-10T09:36:02.049+0100] {dagbag.py:538} INFO - Filling up the DagBag from /home/philip/de_engineering/airflow_projects/airflow1/venv/lib/python3.10/site-packages/airflow/example_dags/example_dynamic_task_mapping.py
[2025-03-10T09:36:02.055+0100] {processor.py:840} INFO - DAG(s) 'example_dynamic_task_mapping' retrieved from /home/philip/de_engineering/airflow_projects/airflow1/venv/lib/python3.10/site-packages/airflow/example_dags/example_dynamic_task_mapping.py
[2025-03-10T09:36:02.076+0100] {logging_mixin.py:188} INFO - [2025-03-10T09:36:02.075+0100] {dag.py:3036} INFO - Sync 1 DAGs
[2025-03-10T09:36:02.096+0100] {logging_mixin.py:188} INFO - [2025-03-10T09:36:02.095+0100] {dag.py:3823} INFO - Setting next_dagrun for example_dynamic_task_mapping to 2022-03-04 00:00:00+00:00, run_after=2022-03-05 00:00:00+00:00
[2025-03-10T09:36:02.110+0100] {processor.py:183} INFO - Processing /home/philip/de_engineering/airflow_projects/airflow1/venv/lib/python3.10/site-packages/airflow/example_dags/example_dynamic_task_mapping.py took 0.065 seconds
