[2025-03-10T09:14:24.285+0100] {processor.py:161} INFO - Started process (PID=136866) to work on /home/philip/de_engineering/airflow_projects/airflow1/venv/lib/python3.10/site-packages/airflow/example_dags/example_sensors.py
[2025-03-10T09:14:24.286+0100] {processor.py:830} INFO - Processing file /home/philip/de_engineering/airflow_projects/airflow1/venv/lib/python3.10/site-packages/airflow/example_dags/example_sensors.py for tasks to queue
[2025-03-10T09:14:24.286+0100] {logging_mixin.py:188} INFO - [2025-03-10T09:14:24.286+0100] {dagbag.py:538} INFO - Filling up the DagBag from /home/philip/de_engineering/airflow_projects/airflow1/venv/lib/python3.10/site-packages/airflow/example_dags/example_sensors.py
[2025-03-10T09:14:24.296+0100] {processor.py:840} INFO - DAG(s) 'example_sensors' retrieved from /home/philip/de_engineering/airflow_projects/airflow1/venv/lib/python3.10/site-packages/airflow/example_dags/example_sensors.py
[2025-03-10T09:14:24.377+0100] {logging_mixin.py:188} INFO - [2025-03-10T09:14:24.376+0100] {override.py:1769} INFO - Created Permission View: can read on DAG:example_sensors
[2025-03-10T09:14:24.384+0100] {logging_mixin.py:188} INFO - [2025-03-10T09:14:24.384+0100] {override.py:1769} INFO - Created Permission View: can delete on DAG:example_sensors
[2025-03-10T09:14:24.388+0100] {logging_mixin.py:188} INFO - [2025-03-10T09:14:24.388+0100] {override.py:1769} INFO - Created Permission View: can edit on DAG:example_sensors
[2025-03-10T09:14:24.389+0100] {logging_mixin.py:188} INFO - [2025-03-10T09:14:24.388+0100] {dag.py:3036} INFO - Sync 1 DAGs
[2025-03-10T09:14:24.396+0100] {logging_mixin.py:188} INFO - [2025-03-10T09:14:24.396+0100] {dag.py:3058} INFO - Creating ORM DAG for example_sensors
[2025-03-10T09:14:24.396+0100] {logging_mixin.py:188} INFO - [2025-03-10T09:14:24.396+0100] {dag.py:3823} INFO - Setting next_dagrun for example_sensors to None, run_after=None
[2025-03-10T09:14:24.408+0100] {processor.py:183} INFO - Processing /home/philip/de_engineering/airflow_projects/airflow1/venv/lib/python3.10/site-packages/airflow/example_dags/example_sensors.py took 0.126 seconds
[2025-03-10T09:14:55.361+0100] {processor.py:161} INFO - Started process (PID=136979) to work on /home/philip/de_engineering/airflow_projects/airflow1/venv/lib/python3.10/site-packages/airflow/example_dags/example_sensors.py
[2025-03-10T09:14:55.361+0100] {processor.py:830} INFO - Processing file /home/philip/de_engineering/airflow_projects/airflow1/venv/lib/python3.10/site-packages/airflow/example_dags/example_sensors.py for tasks to queue
[2025-03-10T09:14:55.362+0100] {logging_mixin.py:188} INFO - [2025-03-10T09:14:55.362+0100] {dagbag.py:538} INFO - Filling up the DagBag from /home/philip/de_engineering/airflow_projects/airflow1/venv/lib/python3.10/site-packages/airflow/example_dags/example_sensors.py
[2025-03-10T09:14:55.370+0100] {processor.py:840} INFO - DAG(s) 'example_sensors' retrieved from /home/philip/de_engineering/airflow_projects/airflow1/venv/lib/python3.10/site-packages/airflow/example_dags/example_sensors.py
[2025-03-10T09:14:55.396+0100] {logging_mixin.py:188} INFO - [2025-03-10T09:14:55.395+0100] {dag.py:3036} INFO - Sync 1 DAGs
[2025-03-10T09:14:55.407+0100] {logging_mixin.py:188} INFO - [2025-03-10T09:14:55.406+0100] {dag.py:3823} INFO - Setting next_dagrun for example_sensors to None, run_after=None
[2025-03-10T09:14:55.422+0100] {processor.py:183} INFO - Processing /home/philip/de_engineering/airflow_projects/airflow1/venv/lib/python3.10/site-packages/airflow/example_dags/example_sensors.py took 0.064 seconds
[2025-03-10T09:15:25.533+0100] {processor.py:161} INFO - Started process (PID=137079) to work on /home/philip/de_engineering/airflow_projects/airflow1/venv/lib/python3.10/site-packages/airflow/example_dags/example_sensors.py
[2025-03-10T09:15:25.535+0100] {processor.py:830} INFO - Processing file /home/philip/de_engineering/airflow_projects/airflow1/venv/lib/python3.10/site-packages/airflow/example_dags/example_sensors.py for tasks to queue
[2025-03-10T09:15:25.535+0100] {logging_mixin.py:188} INFO - [2025-03-10T09:15:25.535+0100] {dagbag.py:538} INFO - Filling up the DagBag from /home/philip/de_engineering/airflow_projects/airflow1/venv/lib/python3.10/site-packages/airflow/example_dags/example_sensors.py
[2025-03-10T09:15:25.545+0100] {processor.py:840} INFO - DAG(s) 'example_sensors' retrieved from /home/philip/de_engineering/airflow_projects/airflow1/venv/lib/python3.10/site-packages/airflow/example_dags/example_sensors.py
[2025-03-10T09:15:25.572+0100] {logging_mixin.py:188} INFO - [2025-03-10T09:15:25.572+0100] {dag.py:3036} INFO - Sync 1 DAGs
[2025-03-10T09:15:25.584+0100] {logging_mixin.py:188} INFO - [2025-03-10T09:15:25.584+0100] {dag.py:3823} INFO - Setting next_dagrun for example_sensors to None, run_after=None
[2025-03-10T09:15:25.601+0100] {processor.py:183} INFO - Processing /home/philip/de_engineering/airflow_projects/airflow1/venv/lib/python3.10/site-packages/airflow/example_dags/example_sensors.py took 0.072 seconds
[2025-03-10T09:15:55.905+0100] {processor.py:161} INFO - Started process (PID=137181) to work on /home/philip/de_engineering/airflow_projects/airflow1/venv/lib/python3.10/site-packages/airflow/example_dags/example_sensors.py
[2025-03-10T09:15:55.906+0100] {processor.py:830} INFO - Processing file /home/philip/de_engineering/airflow_projects/airflow1/venv/lib/python3.10/site-packages/airflow/example_dags/example_sensors.py for tasks to queue
[2025-03-10T09:15:55.908+0100] {logging_mixin.py:188} INFO - [2025-03-10T09:15:55.908+0100] {dagbag.py:538} INFO - Filling up the DagBag from /home/philip/de_engineering/airflow_projects/airflow1/venv/lib/python3.10/site-packages/airflow/example_dags/example_sensors.py
[2025-03-10T09:15:55.921+0100] {processor.py:840} INFO - DAG(s) 'example_sensors' retrieved from /home/philip/de_engineering/airflow_projects/airflow1/venv/lib/python3.10/site-packages/airflow/example_dags/example_sensors.py
[2025-03-10T09:15:55.954+0100] {logging_mixin.py:188} INFO - [2025-03-10T09:15:55.954+0100] {dag.py:3036} INFO - Sync 1 DAGs
[2025-03-10T09:15:55.969+0100] {logging_mixin.py:188} INFO - [2025-03-10T09:15:55.969+0100] {dag.py:3823} INFO - Setting next_dagrun for example_sensors to None, run_after=None
[2025-03-10T09:15:55.989+0100] {processor.py:183} INFO - Processing /home/philip/de_engineering/airflow_projects/airflow1/venv/lib/python3.10/site-packages/airflow/example_dags/example_sensors.py took 0.088 seconds
[2025-03-10T09:16:26.379+0100] {processor.py:161} INFO - Started process (PID=137557) to work on /home/philip/de_engineering/airflow_projects/airflow1/venv/lib/python3.10/site-packages/airflow/example_dags/example_sensors.py
[2025-03-10T09:16:26.381+0100] {processor.py:830} INFO - Processing file /home/philip/de_engineering/airflow_projects/airflow1/venv/lib/python3.10/site-packages/airflow/example_dags/example_sensors.py for tasks to queue
[2025-03-10T09:16:26.382+0100] {logging_mixin.py:188} INFO - [2025-03-10T09:16:26.381+0100] {dagbag.py:538} INFO - Filling up the DagBag from /home/philip/de_engineering/airflow_projects/airflow1/venv/lib/python3.10/site-packages/airflow/example_dags/example_sensors.py
[2025-03-10T09:16:26.389+0100] {processor.py:840} INFO - DAG(s) 'example_sensors' retrieved from /home/philip/de_engineering/airflow_projects/airflow1/venv/lib/python3.10/site-packages/airflow/example_dags/example_sensors.py
[2025-03-10T09:16:26.413+0100] {logging_mixin.py:188} INFO - [2025-03-10T09:16:26.413+0100] {dag.py:3036} INFO - Sync 1 DAGs
[2025-03-10T09:16:26.424+0100] {logging_mixin.py:188} INFO - [2025-03-10T09:16:26.424+0100] {dag.py:3823} INFO - Setting next_dagrun for example_sensors to None, run_after=None
[2025-03-10T09:16:26.438+0100] {processor.py:183} INFO - Processing /home/philip/de_engineering/airflow_projects/airflow1/venv/lib/python3.10/site-packages/airflow/example_dags/example_sensors.py took 0.061 seconds
[2025-03-10T09:16:56.506+0100] {processor.py:161} INFO - Started process (PID=137746) to work on /home/philip/de_engineering/airflow_projects/airflow1/venv/lib/python3.10/site-packages/airflow/example_dags/example_sensors.py
[2025-03-10T09:16:56.506+0100] {processor.py:830} INFO - Processing file /home/philip/de_engineering/airflow_projects/airflow1/venv/lib/python3.10/site-packages/airflow/example_dags/example_sensors.py for tasks to queue
[2025-03-10T09:16:56.507+0100] {logging_mixin.py:188} INFO - [2025-03-10T09:16:56.507+0100] {dagbag.py:538} INFO - Filling up the DagBag from /home/philip/de_engineering/airflow_projects/airflow1/venv/lib/python3.10/site-packages/airflow/example_dags/example_sensors.py
[2025-03-10T09:16:56.515+0100] {processor.py:840} INFO - DAG(s) 'example_sensors' retrieved from /home/philip/de_engineering/airflow_projects/airflow1/venv/lib/python3.10/site-packages/airflow/example_dags/example_sensors.py
[2025-03-10T09:16:56.540+0100] {logging_mixin.py:188} INFO - [2025-03-10T09:16:56.539+0100] {dag.py:3036} INFO - Sync 1 DAGs
[2025-03-10T09:16:56.550+0100] {logging_mixin.py:188} INFO - [2025-03-10T09:16:56.550+0100] {dag.py:3823} INFO - Setting next_dagrun for example_sensors to None, run_after=None
[2025-03-10T09:16:56.565+0100] {processor.py:183} INFO - Processing /home/philip/de_engineering/airflow_projects/airflow1/venv/lib/python3.10/site-packages/airflow/example_dags/example_sensors.py took 0.062 seconds
[2025-03-10T09:17:26.792+0100] {processor.py:161} INFO - Started process (PID=137932) to work on /home/philip/de_engineering/airflow_projects/airflow1/venv/lib/python3.10/site-packages/airflow/example_dags/example_sensors.py
[2025-03-10T09:17:26.793+0100] {processor.py:830} INFO - Processing file /home/philip/de_engineering/airflow_projects/airflow1/venv/lib/python3.10/site-packages/airflow/example_dags/example_sensors.py for tasks to queue
[2025-03-10T09:17:26.794+0100] {logging_mixin.py:188} INFO - [2025-03-10T09:17:26.794+0100] {dagbag.py:538} INFO - Filling up the DagBag from /home/philip/de_engineering/airflow_projects/airflow1/venv/lib/python3.10/site-packages/airflow/example_dags/example_sensors.py
[2025-03-10T09:17:26.803+0100] {processor.py:840} INFO - DAG(s) 'example_sensors' retrieved from /home/philip/de_engineering/airflow_projects/airflow1/venv/lib/python3.10/site-packages/airflow/example_dags/example_sensors.py
[2025-03-10T09:17:26.827+0100] {logging_mixin.py:188} INFO - [2025-03-10T09:17:26.827+0100] {dag.py:3036} INFO - Sync 1 DAGs
[2025-03-10T09:17:26.836+0100] {logging_mixin.py:188} INFO - [2025-03-10T09:17:26.836+0100] {dag.py:3823} INFO - Setting next_dagrun for example_sensors to None, run_after=None
[2025-03-10T09:17:26.850+0100] {processor.py:183} INFO - Processing /home/philip/de_engineering/airflow_projects/airflow1/venv/lib/python3.10/site-packages/airflow/example_dags/example_sensors.py took 0.060 seconds
[2025-03-10T09:19:21.135+0100] {processor.py:161} INFO - Started process (PID=138565) to work on /home/philip/de_engineering/airflow_projects/airflow1/venv/lib/python3.10/site-packages/airflow/example_dags/example_sensors.py
[2025-03-10T09:19:21.137+0100] {processor.py:830} INFO - Processing file /home/philip/de_engineering/airflow_projects/airflow1/venv/lib/python3.10/site-packages/airflow/example_dags/example_sensors.py for tasks to queue
[2025-03-10T09:19:21.137+0100] {logging_mixin.py:188} INFO - [2025-03-10T09:19:21.137+0100] {dagbag.py:538} INFO - Filling up the DagBag from /home/philip/de_engineering/airflow_projects/airflow1/venv/lib/python3.10/site-packages/airflow/example_dags/example_sensors.py
[2025-03-10T09:19:21.148+0100] {processor.py:840} INFO - DAG(s) 'example_sensors' retrieved from /home/philip/de_engineering/airflow_projects/airflow1/venv/lib/python3.10/site-packages/airflow/example_dags/example_sensors.py
[2025-03-10T09:19:21.231+0100] {logging_mixin.py:188} INFO - [2025-03-10T09:19:21.231+0100] {dag.py:3036} INFO - Sync 1 DAGs
[2025-03-10T09:19:21.239+0100] {logging_mixin.py:188} INFO - [2025-03-10T09:19:21.239+0100] {dag.py:3823} INFO - Setting next_dagrun for example_sensors to None, run_after=None
[2025-03-10T09:19:21.254+0100] {processor.py:183} INFO - Processing /home/philip/de_engineering/airflow_projects/airflow1/venv/lib/python3.10/site-packages/airflow/example_dags/example_sensors.py took 0.121 seconds
[2025-03-10T09:19:51.299+0100] {processor.py:161} INFO - Started process (PID=138899) to work on /home/philip/de_engineering/airflow_projects/airflow1/venv/lib/python3.10/site-packages/airflow/example_dags/example_sensors.py
[2025-03-10T09:19:51.300+0100] {processor.py:830} INFO - Processing file /home/philip/de_engineering/airflow_projects/airflow1/venv/lib/python3.10/site-packages/airflow/example_dags/example_sensors.py for tasks to queue
[2025-03-10T09:19:51.300+0100] {logging_mixin.py:188} INFO - [2025-03-10T09:19:51.300+0100] {dagbag.py:538} INFO - Filling up the DagBag from /home/philip/de_engineering/airflow_projects/airflow1/venv/lib/python3.10/site-packages/airflow/example_dags/example_sensors.py
[2025-03-10T09:19:51.308+0100] {processor.py:840} INFO - DAG(s) 'example_sensors' retrieved from /home/philip/de_engineering/airflow_projects/airflow1/venv/lib/python3.10/site-packages/airflow/example_dags/example_sensors.py
[2025-03-10T09:19:51.333+0100] {logging_mixin.py:188} INFO - [2025-03-10T09:19:51.333+0100] {dag.py:3036} INFO - Sync 1 DAGs
[2025-03-10T09:19:51.343+0100] {logging_mixin.py:188} INFO - [2025-03-10T09:19:51.343+0100] {dag.py:3823} INFO - Setting next_dagrun for example_sensors to None, run_after=None
[2025-03-10T09:19:51.357+0100] {processor.py:183} INFO - Processing /home/philip/de_engineering/airflow_projects/airflow1/venv/lib/python3.10/site-packages/airflow/example_dags/example_sensors.py took 0.061 seconds
[2025-03-10T09:20:21.784+0100] {processor.py:161} INFO - Started process (PID=139279) to work on /home/philip/de_engineering/airflow_projects/airflow1/venv/lib/python3.10/site-packages/airflow/example_dags/example_sensors.py
[2025-03-10T09:20:21.786+0100] {processor.py:830} INFO - Processing file /home/philip/de_engineering/airflow_projects/airflow1/venv/lib/python3.10/site-packages/airflow/example_dags/example_sensors.py for tasks to queue
[2025-03-10T09:20:21.786+0100] {logging_mixin.py:188} INFO - [2025-03-10T09:20:21.786+0100] {dagbag.py:538} INFO - Filling up the DagBag from /home/philip/de_engineering/airflow_projects/airflow1/venv/lib/python3.10/site-packages/airflow/example_dags/example_sensors.py
[2025-03-10T09:20:21.794+0100] {processor.py:840} INFO - DAG(s) 'example_sensors' retrieved from /home/philip/de_engineering/airflow_projects/airflow1/venv/lib/python3.10/site-packages/airflow/example_dags/example_sensors.py
[2025-03-10T09:20:21.817+0100] {logging_mixin.py:188} INFO - [2025-03-10T09:20:21.817+0100] {dag.py:3036} INFO - Sync 1 DAGs
[2025-03-10T09:20:21.827+0100] {logging_mixin.py:188} INFO - [2025-03-10T09:20:21.827+0100] {dag.py:3823} INFO - Setting next_dagrun for example_sensors to None, run_after=None
[2025-03-10T09:20:21.842+0100] {processor.py:183} INFO - Processing /home/philip/de_engineering/airflow_projects/airflow1/venv/lib/python3.10/site-packages/airflow/example_dags/example_sensors.py took 0.061 seconds
[2025-03-10T09:20:52.458+0100] {processor.py:161} INFO - Started process (PID=139656) to work on /home/philip/de_engineering/airflow_projects/airflow1/venv/lib/python3.10/site-packages/airflow/example_dags/example_sensors.py
[2025-03-10T09:20:52.459+0100] {processor.py:830} INFO - Processing file /home/philip/de_engineering/airflow_projects/airflow1/venv/lib/python3.10/site-packages/airflow/example_dags/example_sensors.py for tasks to queue
[2025-03-10T09:20:52.459+0100] {logging_mixin.py:188} INFO - [2025-03-10T09:20:52.459+0100] {dagbag.py:538} INFO - Filling up the DagBag from /home/philip/de_engineering/airflow_projects/airflow1/venv/lib/python3.10/site-packages/airflow/example_dags/example_sensors.py
[2025-03-10T09:20:52.467+0100] {processor.py:840} INFO - DAG(s) 'example_sensors' retrieved from /home/philip/de_engineering/airflow_projects/airflow1/venv/lib/python3.10/site-packages/airflow/example_dags/example_sensors.py
[2025-03-10T09:20:52.490+0100] {logging_mixin.py:188} INFO - [2025-03-10T09:20:52.489+0100] {dag.py:3036} INFO - Sync 1 DAGs
[2025-03-10T09:20:52.499+0100] {logging_mixin.py:188} INFO - [2025-03-10T09:20:52.499+0100] {dag.py:3823} INFO - Setting next_dagrun for example_sensors to None, run_after=None
[2025-03-10T09:20:52.514+0100] {processor.py:183} INFO - Processing /home/philip/de_engineering/airflow_projects/airflow1/venv/lib/python3.10/site-packages/airflow/example_dags/example_sensors.py took 0.058 seconds
[2025-03-10T09:21:22.791+0100] {processor.py:161} INFO - Started process (PID=140039) to work on /home/philip/de_engineering/airflow_projects/airflow1/venv/lib/python3.10/site-packages/airflow/example_dags/example_sensors.py
[2025-03-10T09:21:22.792+0100] {processor.py:830} INFO - Processing file /home/philip/de_engineering/airflow_projects/airflow1/venv/lib/python3.10/site-packages/airflow/example_dags/example_sensors.py for tasks to queue
[2025-03-10T09:21:22.793+0100] {logging_mixin.py:188} INFO - [2025-03-10T09:21:22.793+0100] {dagbag.py:538} INFO - Filling up the DagBag from /home/philip/de_engineering/airflow_projects/airflow1/venv/lib/python3.10/site-packages/airflow/example_dags/example_sensors.py
[2025-03-10T09:21:22.802+0100] {processor.py:840} INFO - DAG(s) 'example_sensors' retrieved from /home/philip/de_engineering/airflow_projects/airflow1/venv/lib/python3.10/site-packages/airflow/example_dags/example_sensors.py
[2025-03-10T09:21:22.825+0100] {logging_mixin.py:188} INFO - [2025-03-10T09:21:22.825+0100] {dag.py:3036} INFO - Sync 1 DAGs
[2025-03-10T09:21:22.835+0100] {logging_mixin.py:188} INFO - [2025-03-10T09:21:22.835+0100] {dag.py:3823} INFO - Setting next_dagrun for example_sensors to None, run_after=None
[2025-03-10T09:21:22.850+0100] {processor.py:183} INFO - Processing /home/philip/de_engineering/airflow_projects/airflow1/venv/lib/python3.10/site-packages/airflow/example_dags/example_sensors.py took 0.062 seconds
[2025-03-10T09:21:53.072+0100] {processor.py:161} INFO - Started process (PID=140413) to work on /home/philip/de_engineering/airflow_projects/airflow1/venv/lib/python3.10/site-packages/airflow/example_dags/example_sensors.py
[2025-03-10T09:21:53.073+0100] {processor.py:830} INFO - Processing file /home/philip/de_engineering/airflow_projects/airflow1/venv/lib/python3.10/site-packages/airflow/example_dags/example_sensors.py for tasks to queue
[2025-03-10T09:21:53.073+0100] {logging_mixin.py:188} INFO - [2025-03-10T09:21:53.073+0100] {dagbag.py:538} INFO - Filling up the DagBag from /home/philip/de_engineering/airflow_projects/airflow1/venv/lib/python3.10/site-packages/airflow/example_dags/example_sensors.py
[2025-03-10T09:21:53.081+0100] {processor.py:840} INFO - DAG(s) 'example_sensors' retrieved from /home/philip/de_engineering/airflow_projects/airflow1/venv/lib/python3.10/site-packages/airflow/example_dags/example_sensors.py
[2025-03-10T09:21:53.106+0100] {logging_mixin.py:188} INFO - [2025-03-10T09:21:53.105+0100] {dag.py:3036} INFO - Sync 1 DAGs
[2025-03-10T09:21:53.116+0100] {logging_mixin.py:188} INFO - [2025-03-10T09:21:53.116+0100] {dag.py:3823} INFO - Setting next_dagrun for example_sensors to None, run_after=None
[2025-03-10T09:21:53.134+0100] {processor.py:183} INFO - Processing /home/philip/de_engineering/airflow_projects/airflow1/venv/lib/python3.10/site-packages/airflow/example_dags/example_sensors.py took 0.065 seconds
[2025-03-10T09:22:23.331+0100] {processor.py:161} INFO - Started process (PID=140794) to work on /home/philip/de_engineering/airflow_projects/airflow1/venv/lib/python3.10/site-packages/airflow/example_dags/example_sensors.py
[2025-03-10T09:22:23.332+0100] {processor.py:830} INFO - Processing file /home/philip/de_engineering/airflow_projects/airflow1/venv/lib/python3.10/site-packages/airflow/example_dags/example_sensors.py for tasks to queue
[2025-03-10T09:22:23.333+0100] {logging_mixin.py:188} INFO - [2025-03-10T09:22:23.333+0100] {dagbag.py:538} INFO - Filling up the DagBag from /home/philip/de_engineering/airflow_projects/airflow1/venv/lib/python3.10/site-packages/airflow/example_dags/example_sensors.py
[2025-03-10T09:22:23.341+0100] {processor.py:840} INFO - DAG(s) 'example_sensors' retrieved from /home/philip/de_engineering/airflow_projects/airflow1/venv/lib/python3.10/site-packages/airflow/example_dags/example_sensors.py
[2025-03-10T09:22:23.366+0100] {logging_mixin.py:188} INFO - [2025-03-10T09:22:23.366+0100] {dag.py:3036} INFO - Sync 1 DAGs
[2025-03-10T09:22:23.375+0100] {logging_mixin.py:188} INFO - [2025-03-10T09:22:23.375+0100] {dag.py:3823} INFO - Setting next_dagrun for example_sensors to None, run_after=None
[2025-03-10T09:22:23.391+0100] {processor.py:183} INFO - Processing /home/philip/de_engineering/airflow_projects/airflow1/venv/lib/python3.10/site-packages/airflow/example_dags/example_sensors.py took 0.063 seconds
[2025-03-10T09:22:53.533+0100] {processor.py:161} INFO - Started process (PID=141171) to work on /home/philip/de_engineering/airflow_projects/airflow1/venv/lib/python3.10/site-packages/airflow/example_dags/example_sensors.py
[2025-03-10T09:22:53.534+0100] {processor.py:830} INFO - Processing file /home/philip/de_engineering/airflow_projects/airflow1/venv/lib/python3.10/site-packages/airflow/example_dags/example_sensors.py for tasks to queue
[2025-03-10T09:22:53.535+0100] {logging_mixin.py:188} INFO - [2025-03-10T09:22:53.535+0100] {dagbag.py:538} INFO - Filling up the DagBag from /home/philip/de_engineering/airflow_projects/airflow1/venv/lib/python3.10/site-packages/airflow/example_dags/example_sensors.py
[2025-03-10T09:22:53.546+0100] {processor.py:840} INFO - DAG(s) 'example_sensors' retrieved from /home/philip/de_engineering/airflow_projects/airflow1/venv/lib/python3.10/site-packages/airflow/example_dags/example_sensors.py
[2025-03-10T09:22:53.569+0100] {logging_mixin.py:188} INFO - [2025-03-10T09:22:53.569+0100] {dag.py:3036} INFO - Sync 1 DAGs
[2025-03-10T09:22:53.581+0100] {logging_mixin.py:188} INFO - [2025-03-10T09:22:53.580+0100] {dag.py:3823} INFO - Setting next_dagrun for example_sensors to None, run_after=None
[2025-03-10T09:22:53.598+0100] {processor.py:183} INFO - Processing /home/philip/de_engineering/airflow_projects/airflow1/venv/lib/python3.10/site-packages/airflow/example_dags/example_sensors.py took 0.069 seconds
[2025-03-10T09:23:23.768+0100] {processor.py:161} INFO - Started process (PID=141551) to work on /home/philip/de_engineering/airflow_projects/airflow1/venv/lib/python3.10/site-packages/airflow/example_dags/example_sensors.py
[2025-03-10T09:23:23.769+0100] {processor.py:830} INFO - Processing file /home/philip/de_engineering/airflow_projects/airflow1/venv/lib/python3.10/site-packages/airflow/example_dags/example_sensors.py for tasks to queue
[2025-03-10T09:23:23.770+0100] {logging_mixin.py:188} INFO - [2025-03-10T09:23:23.769+0100] {dagbag.py:538} INFO - Filling up the DagBag from /home/philip/de_engineering/airflow_projects/airflow1/venv/lib/python3.10/site-packages/airflow/example_dags/example_sensors.py
[2025-03-10T09:23:23.779+0100] {processor.py:840} INFO - DAG(s) 'example_sensors' retrieved from /home/philip/de_engineering/airflow_projects/airflow1/venv/lib/python3.10/site-packages/airflow/example_dags/example_sensors.py
[2025-03-10T09:23:23.803+0100] {logging_mixin.py:188} INFO - [2025-03-10T09:23:23.803+0100] {dag.py:3036} INFO - Sync 1 DAGs
[2025-03-10T09:23:23.813+0100] {logging_mixin.py:188} INFO - [2025-03-10T09:23:23.813+0100] {dag.py:3823} INFO - Setting next_dagrun for example_sensors to None, run_after=None
[2025-03-10T09:23:23.828+0100] {processor.py:183} INFO - Processing /home/philip/de_engineering/airflow_projects/airflow1/venv/lib/python3.10/site-packages/airflow/example_dags/example_sensors.py took 0.064 seconds
[2025-03-10T09:23:54.135+0100] {processor.py:161} INFO - Started process (PID=141934) to work on /home/philip/de_engineering/airflow_projects/airflow1/venv/lib/python3.10/site-packages/airflow/example_dags/example_sensors.py
[2025-03-10T09:23:54.136+0100] {processor.py:830} INFO - Processing file /home/philip/de_engineering/airflow_projects/airflow1/venv/lib/python3.10/site-packages/airflow/example_dags/example_sensors.py for tasks to queue
[2025-03-10T09:23:54.137+0100] {logging_mixin.py:188} INFO - [2025-03-10T09:23:54.136+0100] {dagbag.py:538} INFO - Filling up the DagBag from /home/philip/de_engineering/airflow_projects/airflow1/venv/lib/python3.10/site-packages/airflow/example_dags/example_sensors.py
[2025-03-10T09:23:54.145+0100] {processor.py:840} INFO - DAG(s) 'example_sensors' retrieved from /home/philip/de_engineering/airflow_projects/airflow1/venv/lib/python3.10/site-packages/airflow/example_dags/example_sensors.py
[2025-03-10T09:23:54.169+0100] {logging_mixin.py:188} INFO - [2025-03-10T09:23:54.169+0100] {dag.py:3036} INFO - Sync 1 DAGs
[2025-03-10T09:23:54.180+0100] {logging_mixin.py:188} INFO - [2025-03-10T09:23:54.180+0100] {dag.py:3823} INFO - Setting next_dagrun for example_sensors to None, run_after=None
[2025-03-10T09:23:54.197+0100] {processor.py:183} INFO - Processing /home/philip/de_engineering/airflow_projects/airflow1/venv/lib/python3.10/site-packages/airflow/example_dags/example_sensors.py took 0.065 seconds
[2025-03-10T09:24:24.438+0100] {processor.py:161} INFO - Started process (PID=142307) to work on /home/philip/de_engineering/airflow_projects/airflow1/venv/lib/python3.10/site-packages/airflow/example_dags/example_sensors.py
[2025-03-10T09:24:24.438+0100] {processor.py:830} INFO - Processing file /home/philip/de_engineering/airflow_projects/airflow1/venv/lib/python3.10/site-packages/airflow/example_dags/example_sensors.py for tasks to queue
[2025-03-10T09:24:24.439+0100] {logging_mixin.py:188} INFO - [2025-03-10T09:24:24.439+0100] {dagbag.py:538} INFO - Filling up the DagBag from /home/philip/de_engineering/airflow_projects/airflow1/venv/lib/python3.10/site-packages/airflow/example_dags/example_sensors.py
[2025-03-10T09:24:24.447+0100] {processor.py:840} INFO - DAG(s) 'example_sensors' retrieved from /home/philip/de_engineering/airflow_projects/airflow1/venv/lib/python3.10/site-packages/airflow/example_dags/example_sensors.py
[2025-03-10T09:24:24.472+0100] {logging_mixin.py:188} INFO - [2025-03-10T09:24:24.472+0100] {dag.py:3036} INFO - Sync 1 DAGs
[2025-03-10T09:24:24.482+0100] {logging_mixin.py:188} INFO - [2025-03-10T09:24:24.482+0100] {dag.py:3823} INFO - Setting next_dagrun for example_sensors to None, run_after=None
[2025-03-10T09:24:24.499+0100] {processor.py:183} INFO - Processing /home/philip/de_engineering/airflow_projects/airflow1/venv/lib/python3.10/site-packages/airflow/example_dags/example_sensors.py took 0.064 seconds
[2025-03-10T09:24:54.860+0100] {processor.py:161} INFO - Started process (PID=142687) to work on /home/philip/de_engineering/airflow_projects/airflow1/venv/lib/python3.10/site-packages/airflow/example_dags/example_sensors.py
[2025-03-10T09:24:54.861+0100] {processor.py:830} INFO - Processing file /home/philip/de_engineering/airflow_projects/airflow1/venv/lib/python3.10/site-packages/airflow/example_dags/example_sensors.py for tasks to queue
[2025-03-10T09:24:54.862+0100] {logging_mixin.py:188} INFO - [2025-03-10T09:24:54.862+0100] {dagbag.py:538} INFO - Filling up the DagBag from /home/philip/de_engineering/airflow_projects/airflow1/venv/lib/python3.10/site-packages/airflow/example_dags/example_sensors.py
[2025-03-10T09:24:54.870+0100] {processor.py:840} INFO - DAG(s) 'example_sensors' retrieved from /home/philip/de_engineering/airflow_projects/airflow1/venv/lib/python3.10/site-packages/airflow/example_dags/example_sensors.py
[2025-03-10T09:24:54.894+0100] {logging_mixin.py:188} INFO - [2025-03-10T09:24:54.894+0100] {dag.py:3036} INFO - Sync 1 DAGs
[2025-03-10T09:24:54.904+0100] {logging_mixin.py:188} INFO - [2025-03-10T09:24:54.903+0100] {dag.py:3823} INFO - Setting next_dagrun for example_sensors to None, run_after=None
[2025-03-10T09:24:54.920+0100] {processor.py:183} INFO - Processing /home/philip/de_engineering/airflow_projects/airflow1/venv/lib/python3.10/site-packages/airflow/example_dags/example_sensors.py took 0.062 seconds
[2025-03-10T09:25:25.001+0100] {processor.py:161} INFO - Started process (PID=143067) to work on /home/philip/de_engineering/airflow_projects/airflow1/venv/lib/python3.10/site-packages/airflow/example_dags/example_sensors.py
[2025-03-10T09:25:25.002+0100] {processor.py:830} INFO - Processing file /home/philip/de_engineering/airflow_projects/airflow1/venv/lib/python3.10/site-packages/airflow/example_dags/example_sensors.py for tasks to queue
[2025-03-10T09:25:25.003+0100] {logging_mixin.py:188} INFO - [2025-03-10T09:25:25.003+0100] {dagbag.py:538} INFO - Filling up the DagBag from /home/philip/de_engineering/airflow_projects/airflow1/venv/lib/python3.10/site-packages/airflow/example_dags/example_sensors.py
[2025-03-10T09:25:25.012+0100] {processor.py:840} INFO - DAG(s) 'example_sensors' retrieved from /home/philip/de_engineering/airflow_projects/airflow1/venv/lib/python3.10/site-packages/airflow/example_dags/example_sensors.py
[2025-03-10T09:25:25.037+0100] {logging_mixin.py:188} INFO - [2025-03-10T09:25:25.037+0100] {dag.py:3036} INFO - Sync 1 DAGs
[2025-03-10T09:25:25.049+0100] {logging_mixin.py:188} INFO - [2025-03-10T09:25:25.048+0100] {dag.py:3823} INFO - Setting next_dagrun for example_sensors to None, run_after=None
[2025-03-10T09:25:25.070+0100] {processor.py:183} INFO - Processing /home/philip/de_engineering/airflow_projects/airflow1/venv/lib/python3.10/site-packages/airflow/example_dags/example_sensors.py took 0.071 seconds
[2025-03-10T09:25:55.323+0100] {processor.py:161} INFO - Started process (PID=143450) to work on /home/philip/de_engineering/airflow_projects/airflow1/venv/lib/python3.10/site-packages/airflow/example_dags/example_sensors.py
[2025-03-10T09:25:55.324+0100] {processor.py:830} INFO - Processing file /home/philip/de_engineering/airflow_projects/airflow1/venv/lib/python3.10/site-packages/airflow/example_dags/example_sensors.py for tasks to queue
[2025-03-10T09:25:55.324+0100] {logging_mixin.py:188} INFO - [2025-03-10T09:25:55.324+0100] {dagbag.py:538} INFO - Filling up the DagBag from /home/philip/de_engineering/airflow_projects/airflow1/venv/lib/python3.10/site-packages/airflow/example_dags/example_sensors.py
[2025-03-10T09:25:55.332+0100] {processor.py:840} INFO - DAG(s) 'example_sensors' retrieved from /home/philip/de_engineering/airflow_projects/airflow1/venv/lib/python3.10/site-packages/airflow/example_dags/example_sensors.py
[2025-03-10T09:25:55.354+0100] {logging_mixin.py:188} INFO - [2025-03-10T09:25:55.354+0100] {dag.py:3036} INFO - Sync 1 DAGs
[2025-03-10T09:25:55.363+0100] {logging_mixin.py:188} INFO - [2025-03-10T09:25:55.363+0100] {dag.py:3823} INFO - Setting next_dagrun for example_sensors to None, run_after=None
[2025-03-10T09:25:55.378+0100] {processor.py:183} INFO - Processing /home/philip/de_engineering/airflow_projects/airflow1/venv/lib/python3.10/site-packages/airflow/example_dags/example_sensors.py took 0.058 seconds
[2025-03-10T09:26:25.781+0100] {processor.py:161} INFO - Started process (PID=143828) to work on /home/philip/de_engineering/airflow_projects/airflow1/venv/lib/python3.10/site-packages/airflow/example_dags/example_sensors.py
[2025-03-10T09:26:25.782+0100] {processor.py:830} INFO - Processing file /home/philip/de_engineering/airflow_projects/airflow1/venv/lib/python3.10/site-packages/airflow/example_dags/example_sensors.py for tasks to queue
[2025-03-10T09:26:25.783+0100] {logging_mixin.py:188} INFO - [2025-03-10T09:26:25.783+0100] {dagbag.py:538} INFO - Filling up the DagBag from /home/philip/de_engineering/airflow_projects/airflow1/venv/lib/python3.10/site-packages/airflow/example_dags/example_sensors.py
[2025-03-10T09:26:25.793+0100] {processor.py:840} INFO - DAG(s) 'example_sensors' retrieved from /home/philip/de_engineering/airflow_projects/airflow1/venv/lib/python3.10/site-packages/airflow/example_dags/example_sensors.py
[2025-03-10T09:26:25.817+0100] {logging_mixin.py:188} INFO - [2025-03-10T09:26:25.816+0100] {dag.py:3036} INFO - Sync 1 DAGs
[2025-03-10T09:26:25.828+0100] {logging_mixin.py:188} INFO - [2025-03-10T09:26:25.828+0100] {dag.py:3823} INFO - Setting next_dagrun for example_sensors to None, run_after=None
[2025-03-10T09:26:25.844+0100] {processor.py:183} INFO - Processing /home/philip/de_engineering/airflow_projects/airflow1/venv/lib/python3.10/site-packages/airflow/example_dags/example_sensors.py took 0.066 seconds
[2025-03-10T09:26:56.210+0100] {processor.py:161} INFO - Started process (PID=144202) to work on /home/philip/de_engineering/airflow_projects/airflow1/venv/lib/python3.10/site-packages/airflow/example_dags/example_sensors.py
[2025-03-10T09:26:56.211+0100] {processor.py:830} INFO - Processing file /home/philip/de_engineering/airflow_projects/airflow1/venv/lib/python3.10/site-packages/airflow/example_dags/example_sensors.py for tasks to queue
[2025-03-10T09:26:56.212+0100] {logging_mixin.py:188} INFO - [2025-03-10T09:26:56.212+0100] {dagbag.py:538} INFO - Filling up the DagBag from /home/philip/de_engineering/airflow_projects/airflow1/venv/lib/python3.10/site-packages/airflow/example_dags/example_sensors.py
[2025-03-10T09:26:56.221+0100] {processor.py:840} INFO - DAG(s) 'example_sensors' retrieved from /home/philip/de_engineering/airflow_projects/airflow1/venv/lib/python3.10/site-packages/airflow/example_dags/example_sensors.py
[2025-03-10T09:26:56.248+0100] {logging_mixin.py:188} INFO - [2025-03-10T09:26:56.248+0100] {dag.py:3036} INFO - Sync 1 DAGs
[2025-03-10T09:26:56.258+0100] {logging_mixin.py:188} INFO - [2025-03-10T09:26:56.258+0100] {dag.py:3823} INFO - Setting next_dagrun for example_sensors to None, run_after=None
[2025-03-10T09:26:56.276+0100] {processor.py:183} INFO - Processing /home/philip/de_engineering/airflow_projects/airflow1/venv/lib/python3.10/site-packages/airflow/example_dags/example_sensors.py took 0.069 seconds
[2025-03-10T09:27:26.475+0100] {processor.py:161} INFO - Started process (PID=144585) to work on /home/philip/de_engineering/airflow_projects/airflow1/venv/lib/python3.10/site-packages/airflow/example_dags/example_sensors.py
[2025-03-10T09:27:26.475+0100] {processor.py:830} INFO - Processing file /home/philip/de_engineering/airflow_projects/airflow1/venv/lib/python3.10/site-packages/airflow/example_dags/example_sensors.py for tasks to queue
[2025-03-10T09:27:26.476+0100] {logging_mixin.py:188} INFO - [2025-03-10T09:27:26.476+0100] {dagbag.py:538} INFO - Filling up the DagBag from /home/philip/de_engineering/airflow_projects/airflow1/venv/lib/python3.10/site-packages/airflow/example_dags/example_sensors.py
[2025-03-10T09:27:26.484+0100] {processor.py:840} INFO - DAG(s) 'example_sensors' retrieved from /home/philip/de_engineering/airflow_projects/airflow1/venv/lib/python3.10/site-packages/airflow/example_dags/example_sensors.py
[2025-03-10T09:27:26.506+0100] {logging_mixin.py:188} INFO - [2025-03-10T09:27:26.506+0100] {dag.py:3036} INFO - Sync 1 DAGs
[2025-03-10T09:27:26.515+0100] {logging_mixin.py:188} INFO - [2025-03-10T09:27:26.515+0100] {dag.py:3823} INFO - Setting next_dagrun for example_sensors to None, run_after=None
[2025-03-10T09:27:26.528+0100] {processor.py:183} INFO - Processing /home/philip/de_engineering/airflow_projects/airflow1/venv/lib/python3.10/site-packages/airflow/example_dags/example_sensors.py took 0.056 seconds
[2025-03-10T09:27:56.706+0100] {processor.py:161} INFO - Started process (PID=144960) to work on /home/philip/de_engineering/airflow_projects/airflow1/venv/lib/python3.10/site-packages/airflow/example_dags/example_sensors.py
[2025-03-10T09:27:56.707+0100] {processor.py:830} INFO - Processing file /home/philip/de_engineering/airflow_projects/airflow1/venv/lib/python3.10/site-packages/airflow/example_dags/example_sensors.py for tasks to queue
[2025-03-10T09:27:56.708+0100] {logging_mixin.py:188} INFO - [2025-03-10T09:27:56.707+0100] {dagbag.py:538} INFO - Filling up the DagBag from /home/philip/de_engineering/airflow_projects/airflow1/venv/lib/python3.10/site-packages/airflow/example_dags/example_sensors.py
[2025-03-10T09:27:56.715+0100] {processor.py:840} INFO - DAG(s) 'example_sensors' retrieved from /home/philip/de_engineering/airflow_projects/airflow1/venv/lib/python3.10/site-packages/airflow/example_dags/example_sensors.py
[2025-03-10T09:27:56.738+0100] {logging_mixin.py:188} INFO - [2025-03-10T09:27:56.738+0100] {dag.py:3036} INFO - Sync 1 DAGs
[2025-03-10T09:27:56.748+0100] {logging_mixin.py:188} INFO - [2025-03-10T09:27:56.748+0100] {dag.py:3823} INFO - Setting next_dagrun for example_sensors to None, run_after=None
[2025-03-10T09:27:56.762+0100] {processor.py:183} INFO - Processing /home/philip/de_engineering/airflow_projects/airflow1/venv/lib/python3.10/site-packages/airflow/example_dags/example_sensors.py took 0.059 seconds
[2025-03-10T09:28:27.015+0100] {processor.py:161} INFO - Started process (PID=145338) to work on /home/philip/de_engineering/airflow_projects/airflow1/venv/lib/python3.10/site-packages/airflow/example_dags/example_sensors.py
[2025-03-10T09:28:27.016+0100] {processor.py:830} INFO - Processing file /home/philip/de_engineering/airflow_projects/airflow1/venv/lib/python3.10/site-packages/airflow/example_dags/example_sensors.py for tasks to queue
[2025-03-10T09:28:27.017+0100] {logging_mixin.py:188} INFO - [2025-03-10T09:28:27.016+0100] {dagbag.py:538} INFO - Filling up the DagBag from /home/philip/de_engineering/airflow_projects/airflow1/venv/lib/python3.10/site-packages/airflow/example_dags/example_sensors.py
[2025-03-10T09:28:27.025+0100] {processor.py:840} INFO - DAG(s) 'example_sensors' retrieved from /home/philip/de_engineering/airflow_projects/airflow1/venv/lib/python3.10/site-packages/airflow/example_dags/example_sensors.py
[2025-03-10T09:28:27.047+0100] {logging_mixin.py:188} INFO - [2025-03-10T09:28:27.047+0100] {dag.py:3036} INFO - Sync 1 DAGs
[2025-03-10T09:28:27.057+0100] {logging_mixin.py:188} INFO - [2025-03-10T09:28:27.057+0100] {dag.py:3823} INFO - Setting next_dagrun for example_sensors to None, run_after=None
[2025-03-10T09:28:27.070+0100] {processor.py:183} INFO - Processing /home/philip/de_engineering/airflow_projects/airflow1/venv/lib/python3.10/site-packages/airflow/example_dags/example_sensors.py took 0.058 seconds
[2025-03-10T09:28:57.169+0100] {processor.py:161} INFO - Started process (PID=145715) to work on /home/philip/de_engineering/airflow_projects/airflow1/venv/lib/python3.10/site-packages/airflow/example_dags/example_sensors.py
[2025-03-10T09:28:57.170+0100] {processor.py:830} INFO - Processing file /home/philip/de_engineering/airflow_projects/airflow1/venv/lib/python3.10/site-packages/airflow/example_dags/example_sensors.py for tasks to queue
[2025-03-10T09:28:57.171+0100] {logging_mixin.py:188} INFO - [2025-03-10T09:28:57.170+0100] {dagbag.py:538} INFO - Filling up the DagBag from /home/philip/de_engineering/airflow_projects/airflow1/venv/lib/python3.10/site-packages/airflow/example_dags/example_sensors.py
[2025-03-10T09:28:57.179+0100] {processor.py:840} INFO - DAG(s) 'example_sensors' retrieved from /home/philip/de_engineering/airflow_projects/airflow1/venv/lib/python3.10/site-packages/airflow/example_dags/example_sensors.py
[2025-03-10T09:28:57.202+0100] {logging_mixin.py:188} INFO - [2025-03-10T09:28:57.202+0100] {dag.py:3036} INFO - Sync 1 DAGs
[2025-03-10T09:28:57.213+0100] {logging_mixin.py:188} INFO - [2025-03-10T09:28:57.213+0100] {dag.py:3823} INFO - Setting next_dagrun for example_sensors to None, run_after=None
[2025-03-10T09:28:57.229+0100] {processor.py:183} INFO - Processing /home/philip/de_engineering/airflow_projects/airflow1/venv/lib/python3.10/site-packages/airflow/example_dags/example_sensors.py took 0.062 seconds
[2025-03-10T09:29:27.415+0100] {processor.py:161} INFO - Started process (PID=146094) to work on /home/philip/de_engineering/airflow_projects/airflow1/venv/lib/python3.10/site-packages/airflow/example_dags/example_sensors.py
[2025-03-10T09:29:27.415+0100] {processor.py:830} INFO - Processing file /home/philip/de_engineering/airflow_projects/airflow1/venv/lib/python3.10/site-packages/airflow/example_dags/example_sensors.py for tasks to queue
[2025-03-10T09:29:27.416+0100] {logging_mixin.py:188} INFO - [2025-03-10T09:29:27.416+0100] {dagbag.py:538} INFO - Filling up the DagBag from /home/philip/de_engineering/airflow_projects/airflow1/venv/lib/python3.10/site-packages/airflow/example_dags/example_sensors.py
[2025-03-10T09:29:27.423+0100] {processor.py:840} INFO - DAG(s) 'example_sensors' retrieved from /home/philip/de_engineering/airflow_projects/airflow1/venv/lib/python3.10/site-packages/airflow/example_dags/example_sensors.py
[2025-03-10T09:29:27.448+0100] {logging_mixin.py:188} INFO - [2025-03-10T09:29:27.447+0100] {dag.py:3036} INFO - Sync 1 DAGs
[2025-03-10T09:29:27.458+0100] {logging_mixin.py:188} INFO - [2025-03-10T09:29:27.458+0100] {dag.py:3823} INFO - Setting next_dagrun for example_sensors to None, run_after=None
[2025-03-10T09:29:27.474+0100] {processor.py:183} INFO - Processing /home/philip/de_engineering/airflow_projects/airflow1/venv/lib/python3.10/site-packages/airflow/example_dags/example_sensors.py took 0.062 seconds
[2025-03-10T09:29:57.587+0100] {processor.py:161} INFO - Started process (PID=146469) to work on /home/philip/de_engineering/airflow_projects/airflow1/venv/lib/python3.10/site-packages/airflow/example_dags/example_sensors.py
[2025-03-10T09:29:57.588+0100] {processor.py:830} INFO - Processing file /home/philip/de_engineering/airflow_projects/airflow1/venv/lib/python3.10/site-packages/airflow/example_dags/example_sensors.py for tasks to queue
[2025-03-10T09:29:57.589+0100] {logging_mixin.py:188} INFO - [2025-03-10T09:29:57.589+0100] {dagbag.py:538} INFO - Filling up the DagBag from /home/philip/de_engineering/airflow_projects/airflow1/venv/lib/python3.10/site-packages/airflow/example_dags/example_sensors.py
[2025-03-10T09:29:57.597+0100] {processor.py:840} INFO - DAG(s) 'example_sensors' retrieved from /home/philip/de_engineering/airflow_projects/airflow1/venv/lib/python3.10/site-packages/airflow/example_dags/example_sensors.py
[2025-03-10T09:29:57.624+0100] {logging_mixin.py:188} INFO - [2025-03-10T09:29:57.623+0100] {dag.py:3036} INFO - Sync 1 DAGs
[2025-03-10T09:29:57.634+0100] {logging_mixin.py:188} INFO - [2025-03-10T09:29:57.634+0100] {dag.py:3823} INFO - Setting next_dagrun for example_sensors to None, run_after=None
[2025-03-10T09:29:57.650+0100] {processor.py:183} INFO - Processing /home/philip/de_engineering/airflow_projects/airflow1/venv/lib/python3.10/site-packages/airflow/example_dags/example_sensors.py took 0.066 seconds
[2025-03-10T09:30:27.831+0100] {processor.py:161} INFO - Started process (PID=146850) to work on /home/philip/de_engineering/airflow_projects/airflow1/venv/lib/python3.10/site-packages/airflow/example_dags/example_sensors.py
[2025-03-10T09:30:27.832+0100] {processor.py:830} INFO - Processing file /home/philip/de_engineering/airflow_projects/airflow1/venv/lib/python3.10/site-packages/airflow/example_dags/example_sensors.py for tasks to queue
[2025-03-10T09:30:27.833+0100] {logging_mixin.py:188} INFO - [2025-03-10T09:30:27.833+0100] {dagbag.py:538} INFO - Filling up the DagBag from /home/philip/de_engineering/airflow_projects/airflow1/venv/lib/python3.10/site-packages/airflow/example_dags/example_sensors.py
[2025-03-10T09:30:27.841+0100] {processor.py:840} INFO - DAG(s) 'example_sensors' retrieved from /home/philip/de_engineering/airflow_projects/airflow1/venv/lib/python3.10/site-packages/airflow/example_dags/example_sensors.py
[2025-03-10T09:30:27.864+0100] {logging_mixin.py:188} INFO - [2025-03-10T09:30:27.863+0100] {dag.py:3036} INFO - Sync 1 DAGs
[2025-03-10T09:30:27.874+0100] {logging_mixin.py:188} INFO - [2025-03-10T09:30:27.873+0100] {dag.py:3823} INFO - Setting next_dagrun for example_sensors to None, run_after=None
[2025-03-10T09:30:27.888+0100] {processor.py:183} INFO - Processing /home/philip/de_engineering/airflow_projects/airflow1/venv/lib/python3.10/site-packages/airflow/example_dags/example_sensors.py took 0.060 seconds
[2025-03-10T09:30:57.958+0100] {processor.py:161} INFO - Started process (PID=147234) to work on /home/philip/de_engineering/airflow_projects/airflow1/venv/lib/python3.10/site-packages/airflow/example_dags/example_sensors.py
[2025-03-10T09:30:57.959+0100] {processor.py:830} INFO - Processing file /home/philip/de_engineering/airflow_projects/airflow1/venv/lib/python3.10/site-packages/airflow/example_dags/example_sensors.py for tasks to queue
[2025-03-10T09:30:57.959+0100] {logging_mixin.py:188} INFO - [2025-03-10T09:30:57.959+0100] {dagbag.py:538} INFO - Filling up the DagBag from /home/philip/de_engineering/airflow_projects/airflow1/venv/lib/python3.10/site-packages/airflow/example_dags/example_sensors.py
[2025-03-10T09:30:57.967+0100] {processor.py:840} INFO - DAG(s) 'example_sensors' retrieved from /home/philip/de_engineering/airflow_projects/airflow1/venv/lib/python3.10/site-packages/airflow/example_dags/example_sensors.py
[2025-03-10T09:30:57.988+0100] {logging_mixin.py:188} INFO - [2025-03-10T09:30:57.988+0100] {dag.py:3036} INFO - Sync 1 DAGs
[2025-03-10T09:30:57.997+0100] {logging_mixin.py:188} INFO - [2025-03-10T09:30:57.997+0100] {dag.py:3823} INFO - Setting next_dagrun for example_sensors to None, run_after=None
[2025-03-10T09:30:58.011+0100] {processor.py:183} INFO - Processing /home/philip/de_engineering/airflow_projects/airflow1/venv/lib/python3.10/site-packages/airflow/example_dags/example_sensors.py took 0.056 seconds
[2025-03-10T09:31:28.204+0100] {processor.py:161} INFO - Started process (PID=147605) to work on /home/philip/de_engineering/airflow_projects/airflow1/venv/lib/python3.10/site-packages/airflow/example_dags/example_sensors.py
[2025-03-10T09:31:28.205+0100] {processor.py:830} INFO - Processing file /home/philip/de_engineering/airflow_projects/airflow1/venv/lib/python3.10/site-packages/airflow/example_dags/example_sensors.py for tasks to queue
[2025-03-10T09:31:28.206+0100] {logging_mixin.py:188} INFO - [2025-03-10T09:31:28.205+0100] {dagbag.py:538} INFO - Filling up the DagBag from /home/philip/de_engineering/airflow_projects/airflow1/venv/lib/python3.10/site-packages/airflow/example_dags/example_sensors.py
[2025-03-10T09:31:28.213+0100] {processor.py:840} INFO - DAG(s) 'example_sensors' retrieved from /home/philip/de_engineering/airflow_projects/airflow1/venv/lib/python3.10/site-packages/airflow/example_dags/example_sensors.py
[2025-03-10T09:31:28.236+0100] {logging_mixin.py:188} INFO - [2025-03-10T09:31:28.236+0100] {dag.py:3036} INFO - Sync 1 DAGs
[2025-03-10T09:31:28.245+0100] {logging_mixin.py:188} INFO - [2025-03-10T09:31:28.245+0100] {dag.py:3823} INFO - Setting next_dagrun for example_sensors to None, run_after=None
[2025-03-10T09:31:28.259+0100] {processor.py:183} INFO - Processing /home/philip/de_engineering/airflow_projects/airflow1/venv/lib/python3.10/site-packages/airflow/example_dags/example_sensors.py took 0.057 seconds
[2025-03-10T09:31:58.366+0100] {processor.py:161} INFO - Started process (PID=147989) to work on /home/philip/de_engineering/airflow_projects/airflow1/venv/lib/python3.10/site-packages/airflow/example_dags/example_sensors.py
[2025-03-10T09:31:58.367+0100] {processor.py:830} INFO - Processing file /home/philip/de_engineering/airflow_projects/airflow1/venv/lib/python3.10/site-packages/airflow/example_dags/example_sensors.py for tasks to queue
[2025-03-10T09:31:58.367+0100] {logging_mixin.py:188} INFO - [2025-03-10T09:31:58.367+0100] {dagbag.py:538} INFO - Filling up the DagBag from /home/philip/de_engineering/airflow_projects/airflow1/venv/lib/python3.10/site-packages/airflow/example_dags/example_sensors.py
[2025-03-10T09:31:58.375+0100] {processor.py:840} INFO - DAG(s) 'example_sensors' retrieved from /home/philip/de_engineering/airflow_projects/airflow1/venv/lib/python3.10/site-packages/airflow/example_dags/example_sensors.py
[2025-03-10T09:31:58.398+0100] {logging_mixin.py:188} INFO - [2025-03-10T09:31:58.398+0100] {dag.py:3036} INFO - Sync 1 DAGs
[2025-03-10T09:31:58.407+0100] {logging_mixin.py:188} INFO - [2025-03-10T09:31:58.407+0100] {dag.py:3823} INFO - Setting next_dagrun for example_sensors to None, run_after=None
[2025-03-10T09:31:58.422+0100] {processor.py:183} INFO - Processing /home/philip/de_engineering/airflow_projects/airflow1/venv/lib/python3.10/site-packages/airflow/example_dags/example_sensors.py took 0.059 seconds
[2025-03-10T09:32:28.536+0100] {processor.py:161} INFO - Started process (PID=148363) to work on /home/philip/de_engineering/airflow_projects/airflow1/venv/lib/python3.10/site-packages/airflow/example_dags/example_sensors.py
[2025-03-10T09:32:28.536+0100] {processor.py:830} INFO - Processing file /home/philip/de_engineering/airflow_projects/airflow1/venv/lib/python3.10/site-packages/airflow/example_dags/example_sensors.py for tasks to queue
[2025-03-10T09:32:28.537+0100] {logging_mixin.py:188} INFO - [2025-03-10T09:32:28.537+0100] {dagbag.py:538} INFO - Filling up the DagBag from /home/philip/de_engineering/airflow_projects/airflow1/venv/lib/python3.10/site-packages/airflow/example_dags/example_sensors.py
[2025-03-10T09:32:28.545+0100] {processor.py:840} INFO - DAG(s) 'example_sensors' retrieved from /home/philip/de_engineering/airflow_projects/airflow1/venv/lib/python3.10/site-packages/airflow/example_dags/example_sensors.py
[2025-03-10T09:32:28.568+0100] {logging_mixin.py:188} INFO - [2025-03-10T09:32:28.568+0100] {dag.py:3036} INFO - Sync 1 DAGs
[2025-03-10T09:32:28.579+0100] {logging_mixin.py:188} INFO - [2025-03-10T09:32:28.578+0100] {dag.py:3823} INFO - Setting next_dagrun for example_sensors to None, run_after=None
[2025-03-10T09:32:28.595+0100] {processor.py:183} INFO - Processing /home/philip/de_engineering/airflow_projects/airflow1/venv/lib/python3.10/site-packages/airflow/example_dags/example_sensors.py took 0.062 seconds
[2025-03-10T09:32:58.774+0100] {processor.py:161} INFO - Started process (PID=148744) to work on /home/philip/de_engineering/airflow_projects/airflow1/venv/lib/python3.10/site-packages/airflow/example_dags/example_sensors.py
[2025-03-10T09:32:58.775+0100] {processor.py:830} INFO - Processing file /home/philip/de_engineering/airflow_projects/airflow1/venv/lib/python3.10/site-packages/airflow/example_dags/example_sensors.py for tasks to queue
[2025-03-10T09:32:58.777+0100] {logging_mixin.py:188} INFO - [2025-03-10T09:32:58.776+0100] {dagbag.py:538} INFO - Filling up the DagBag from /home/philip/de_engineering/airflow_projects/airflow1/venv/lib/python3.10/site-packages/airflow/example_dags/example_sensors.py
[2025-03-10T09:32:58.785+0100] {processor.py:840} INFO - DAG(s) 'example_sensors' retrieved from /home/philip/de_engineering/airflow_projects/airflow1/venv/lib/python3.10/site-packages/airflow/example_dags/example_sensors.py
[2025-03-10T09:32:58.809+0100] {logging_mixin.py:188} INFO - [2025-03-10T09:32:58.808+0100] {dag.py:3036} INFO - Sync 1 DAGs
[2025-03-10T09:32:58.819+0100] {logging_mixin.py:188} INFO - [2025-03-10T09:32:58.819+0100] {dag.py:3823} INFO - Setting next_dagrun for example_sensors to None, run_after=None
[2025-03-10T09:32:58.835+0100] {processor.py:183} INFO - Processing /home/philip/de_engineering/airflow_projects/airflow1/venv/lib/python3.10/site-packages/airflow/example_dags/example_sensors.py took 0.065 seconds
[2025-03-10T09:33:29.025+0100] {processor.py:161} INFO - Started process (PID=149117) to work on /home/philip/de_engineering/airflow_projects/airflow1/venv/lib/python3.10/site-packages/airflow/example_dags/example_sensors.py
[2025-03-10T09:33:29.026+0100] {processor.py:830} INFO - Processing file /home/philip/de_engineering/airflow_projects/airflow1/venv/lib/python3.10/site-packages/airflow/example_dags/example_sensors.py for tasks to queue
[2025-03-10T09:33:29.027+0100] {logging_mixin.py:188} INFO - [2025-03-10T09:33:29.027+0100] {dagbag.py:538} INFO - Filling up the DagBag from /home/philip/de_engineering/airflow_projects/airflow1/venv/lib/python3.10/site-packages/airflow/example_dags/example_sensors.py
[2025-03-10T09:33:29.037+0100] {processor.py:840} INFO - DAG(s) 'example_sensors' retrieved from /home/philip/de_engineering/airflow_projects/airflow1/venv/lib/python3.10/site-packages/airflow/example_dags/example_sensors.py
[2025-03-10T09:33:29.059+0100] {logging_mixin.py:188} INFO - [2025-03-10T09:33:29.059+0100] {dag.py:3036} INFO - Sync 1 DAGs
[2025-03-10T09:33:29.070+0100] {logging_mixin.py:188} INFO - [2025-03-10T09:33:29.069+0100] {dag.py:3823} INFO - Setting next_dagrun for example_sensors to None, run_after=None
[2025-03-10T09:33:29.085+0100] {processor.py:183} INFO - Processing /home/philip/de_engineering/airflow_projects/airflow1/venv/lib/python3.10/site-packages/airflow/example_dags/example_sensors.py took 0.063 seconds
[2025-03-10T09:33:59.236+0100] {processor.py:161} INFO - Started process (PID=149499) to work on /home/philip/de_engineering/airflow_projects/airflow1/venv/lib/python3.10/site-packages/airflow/example_dags/example_sensors.py
[2025-03-10T09:33:59.237+0100] {processor.py:830} INFO - Processing file /home/philip/de_engineering/airflow_projects/airflow1/venv/lib/python3.10/site-packages/airflow/example_dags/example_sensors.py for tasks to queue
[2025-03-10T09:33:59.238+0100] {logging_mixin.py:188} INFO - [2025-03-10T09:33:59.238+0100] {dagbag.py:538} INFO - Filling up the DagBag from /home/philip/de_engineering/airflow_projects/airflow1/venv/lib/python3.10/site-packages/airflow/example_dags/example_sensors.py
[2025-03-10T09:33:59.246+0100] {processor.py:840} INFO - DAG(s) 'example_sensors' retrieved from /home/philip/de_engineering/airflow_projects/airflow1/venv/lib/python3.10/site-packages/airflow/example_dags/example_sensors.py
[2025-03-10T09:33:59.267+0100] {logging_mixin.py:188} INFO - [2025-03-10T09:33:59.267+0100] {dag.py:3036} INFO - Sync 1 DAGs
[2025-03-10T09:33:59.276+0100] {logging_mixin.py:188} INFO - [2025-03-10T09:33:59.276+0100] {dag.py:3823} INFO - Setting next_dagrun for example_sensors to None, run_after=None
[2025-03-10T09:33:59.290+0100] {processor.py:183} INFO - Processing /home/philip/de_engineering/airflow_projects/airflow1/venv/lib/python3.10/site-packages/airflow/example_dags/example_sensors.py took 0.057 seconds
[2025-03-10T09:34:29.485+0100] {processor.py:161} INFO - Started process (PID=149875) to work on /home/philip/de_engineering/airflow_projects/airflow1/venv/lib/python3.10/site-packages/airflow/example_dags/example_sensors.py
[2025-03-10T09:34:29.485+0100] {processor.py:830} INFO - Processing file /home/philip/de_engineering/airflow_projects/airflow1/venv/lib/python3.10/site-packages/airflow/example_dags/example_sensors.py for tasks to queue
[2025-03-10T09:34:29.486+0100] {logging_mixin.py:188} INFO - [2025-03-10T09:34:29.486+0100] {dagbag.py:538} INFO - Filling up the DagBag from /home/philip/de_engineering/airflow_projects/airflow1/venv/lib/python3.10/site-packages/airflow/example_dags/example_sensors.py
[2025-03-10T09:34:29.494+0100] {processor.py:840} INFO - DAG(s) 'example_sensors' retrieved from /home/philip/de_engineering/airflow_projects/airflow1/venv/lib/python3.10/site-packages/airflow/example_dags/example_sensors.py
[2025-03-10T09:34:29.517+0100] {logging_mixin.py:188} INFO - [2025-03-10T09:34:29.517+0100] {dag.py:3036} INFO - Sync 1 DAGs
[2025-03-10T09:34:29.527+0100] {logging_mixin.py:188} INFO - [2025-03-10T09:34:29.527+0100] {dag.py:3823} INFO - Setting next_dagrun for example_sensors to None, run_after=None
[2025-03-10T09:34:29.541+0100] {processor.py:183} INFO - Processing /home/philip/de_engineering/airflow_projects/airflow1/venv/lib/python3.10/site-packages/airflow/example_dags/example_sensors.py took 0.059 seconds
[2025-03-10T09:34:59.697+0100] {processor.py:161} INFO - Started process (PID=150258) to work on /home/philip/de_engineering/airflow_projects/airflow1/venv/lib/python3.10/site-packages/airflow/example_dags/example_sensors.py
[2025-03-10T09:34:59.699+0100] {processor.py:830} INFO - Processing file /home/philip/de_engineering/airflow_projects/airflow1/venv/lib/python3.10/site-packages/airflow/example_dags/example_sensors.py for tasks to queue
[2025-03-10T09:34:59.699+0100] {logging_mixin.py:188} INFO - [2025-03-10T09:34:59.699+0100] {dagbag.py:538} INFO - Filling up the DagBag from /home/philip/de_engineering/airflow_projects/airflow1/venv/lib/python3.10/site-packages/airflow/example_dags/example_sensors.py
[2025-03-10T09:34:59.707+0100] {processor.py:840} INFO - DAG(s) 'example_sensors' retrieved from /home/philip/de_engineering/airflow_projects/airflow1/venv/lib/python3.10/site-packages/airflow/example_dags/example_sensors.py
[2025-03-10T09:34:59.731+0100] {logging_mixin.py:188} INFO - [2025-03-10T09:34:59.731+0100] {dag.py:3036} INFO - Sync 1 DAGs
[2025-03-10T09:34:59.742+0100] {logging_mixin.py:188} INFO - [2025-03-10T09:34:59.742+0100] {dag.py:3823} INFO - Setting next_dagrun for example_sensors to None, run_after=None
[2025-03-10T09:34:59.756+0100] {processor.py:183} INFO - Processing /home/philip/de_engineering/airflow_projects/airflow1/venv/lib/python3.10/site-packages/airflow/example_dags/example_sensors.py took 0.062 seconds
[2025-03-10T09:35:29.934+0100] {processor.py:161} INFO - Started process (PID=150635) to work on /home/philip/de_engineering/airflow_projects/airflow1/venv/lib/python3.10/site-packages/airflow/example_dags/example_sensors.py
[2025-03-10T09:35:29.935+0100] {processor.py:830} INFO - Processing file /home/philip/de_engineering/airflow_projects/airflow1/venv/lib/python3.10/site-packages/airflow/example_dags/example_sensors.py for tasks to queue
[2025-03-10T09:35:29.936+0100] {logging_mixin.py:188} INFO - [2025-03-10T09:35:29.935+0100] {dagbag.py:538} INFO - Filling up the DagBag from /home/philip/de_engineering/airflow_projects/airflow1/venv/lib/python3.10/site-packages/airflow/example_dags/example_sensors.py
[2025-03-10T09:35:29.943+0100] {processor.py:840} INFO - DAG(s) 'example_sensors' retrieved from /home/philip/de_engineering/airflow_projects/airflow1/venv/lib/python3.10/site-packages/airflow/example_dags/example_sensors.py
[2025-03-10T09:35:29.968+0100] {logging_mixin.py:188} INFO - [2025-03-10T09:35:29.968+0100] {dag.py:3036} INFO - Sync 1 DAGs
[2025-03-10T09:35:29.978+0100] {logging_mixin.py:188} INFO - [2025-03-10T09:35:29.978+0100] {dag.py:3823} INFO - Setting next_dagrun for example_sensors to None, run_after=None
[2025-03-10T09:35:29.995+0100] {processor.py:183} INFO - Processing /home/philip/de_engineering/airflow_projects/airflow1/venv/lib/python3.10/site-packages/airflow/example_dags/example_sensors.py took 0.064 seconds
[2025-03-10T09:36:00.212+0100] {processor.py:161} INFO - Started process (PID=151014) to work on /home/philip/de_engineering/airflow_projects/airflow1/venv/lib/python3.10/site-packages/airflow/example_dags/example_sensors.py
[2025-03-10T09:36:00.214+0100] {processor.py:830} INFO - Processing file /home/philip/de_engineering/airflow_projects/airflow1/venv/lib/python3.10/site-packages/airflow/example_dags/example_sensors.py for tasks to queue
[2025-03-10T09:36:00.215+0100] {logging_mixin.py:188} INFO - [2025-03-10T09:36:00.214+0100] {dagbag.py:538} INFO - Filling up the DagBag from /home/philip/de_engineering/airflow_projects/airflow1/venv/lib/python3.10/site-packages/airflow/example_dags/example_sensors.py
[2025-03-10T09:36:00.223+0100] {processor.py:840} INFO - DAG(s) 'example_sensors' retrieved from /home/philip/de_engineering/airflow_projects/airflow1/venv/lib/python3.10/site-packages/airflow/example_dags/example_sensors.py
[2025-03-10T09:36:00.249+0100] {logging_mixin.py:188} INFO - [2025-03-10T09:36:00.248+0100] {dag.py:3036} INFO - Sync 1 DAGs
[2025-03-10T09:36:00.260+0100] {logging_mixin.py:188} INFO - [2025-03-10T09:36:00.259+0100] {dag.py:3823} INFO - Setting next_dagrun for example_sensors to None, run_after=None
[2025-03-10T09:36:00.277+0100] {processor.py:183} INFO - Processing /home/philip/de_engineering/airflow_projects/airflow1/venv/lib/python3.10/site-packages/airflow/example_dags/example_sensors.py took 0.068 seconds
