[2025-03-10T09:14:25.427+0100] {processor.py:161} INFO - Started process (PID=136899) to work on /home/philip/de_engineering/airflow_projects/airflow1/venv/lib/python3.10/site-packages/airflow/example_dags/example_short_circuit_operator.py
[2025-03-10T09:14:25.428+0100] {processor.py:830} INFO - Processing file /home/philip/de_engineering/airflow_projects/airflow1/venv/lib/python3.10/site-packages/airflow/example_dags/example_short_circuit_operator.py for tasks to queue
[2025-03-10T09:14:25.429+0100] {logging_mixin.py:188} INFO - [2025-03-10T09:14:25.428+0100] {dagbag.py:538} INFO - Filling up the DagBag from /home/philip/de_engineering/airflow_projects/airflow1/venv/lib/python3.10/site-packages/airflow/example_dags/example_short_circuit_operator.py
[2025-03-10T09:14:25.436+0100] {processor.py:840} INFO - DAG(s) 'example_short_circuit_operator' retrieved from /home/philip/de_engineering/airflow_projects/airflow1/venv/lib/python3.10/site-packages/airflow/example_dags/example_short_circuit_operator.py
[2025-03-10T09:14:25.519+0100] {logging_mixin.py:188} INFO - [2025-03-10T09:14:25.518+0100] {override.py:1769} INFO - Created Permission View: can read on DAG:example_short_circuit_operator
[2025-03-10T09:14:25.525+0100] {logging_mixin.py:188} INFO - [2025-03-10T09:14:25.525+0100] {override.py:1769} INFO - Created Permission View: can delete on DAG:example_short_circuit_operator
[2025-03-10T09:14:25.530+0100] {logging_mixin.py:188} INFO - [2025-03-10T09:14:25.530+0100] {override.py:1769} INFO - Created Permission View: can edit on DAG:example_short_circuit_operator
[2025-03-10T09:14:25.530+0100] {logging_mixin.py:188} INFO - [2025-03-10T09:14:25.530+0100] {dag.py:3036} INFO - Sync 1 DAGs
[2025-03-10T09:14:25.538+0100] {logging_mixin.py:188} INFO - [2025-03-10T09:14:25.538+0100] {dag.py:3058} INFO - Creating ORM DAG for example_short_circuit_operator
[2025-03-10T09:14:25.545+0100] {logging_mixin.py:188} INFO - [2025-03-10T09:14:25.545+0100] {dag.py:3823} INFO - Setting next_dagrun for example_short_circuit_operator to 2025-03-09 00:00:00+00:00, run_after=2025-03-10 00:00:00+00:00
[2025-03-10T09:14:25.559+0100] {processor.py:183} INFO - Processing /home/philip/de_engineering/airflow_projects/airflow1/venv/lib/python3.10/site-packages/airflow/example_dags/example_short_circuit_operator.py took 0.134 seconds
[2025-03-10T09:14:56.199+0100] {processor.py:161} INFO - Started process (PID=137011) to work on /home/philip/de_engineering/airflow_projects/airflow1/venv/lib/python3.10/site-packages/airflow/example_dags/example_short_circuit_operator.py
[2025-03-10T09:14:56.199+0100] {processor.py:830} INFO - Processing file /home/philip/de_engineering/airflow_projects/airflow1/venv/lib/python3.10/site-packages/airflow/example_dags/example_short_circuit_operator.py for tasks to queue
[2025-03-10T09:14:56.200+0100] {logging_mixin.py:188} INFO - [2025-03-10T09:14:56.200+0100] {dagbag.py:538} INFO - Filling up the DagBag from /home/philip/de_engineering/airflow_projects/airflow1/venv/lib/python3.10/site-packages/airflow/example_dags/example_short_circuit_operator.py
[2025-03-10T09:14:56.206+0100] {processor.py:840} INFO - DAG(s) 'example_short_circuit_operator' retrieved from /home/philip/de_engineering/airflow_projects/airflow1/venv/lib/python3.10/site-packages/airflow/example_dags/example_short_circuit_operator.py
[2025-03-10T09:14:56.228+0100] {logging_mixin.py:188} INFO - [2025-03-10T09:14:56.228+0100] {dag.py:3036} INFO - Sync 1 DAGs
[2025-03-10T09:14:56.245+0100] {logging_mixin.py:188} INFO - [2025-03-10T09:14:56.245+0100] {dag.py:3823} INFO - Setting next_dagrun for example_short_circuit_operator to 2025-03-09 00:00:00+00:00, run_after=2025-03-10 00:00:00+00:00
[2025-03-10T09:14:56.261+0100] {processor.py:183} INFO - Processing /home/philip/de_engineering/airflow_projects/airflow1/venv/lib/python3.10/site-packages/airflow/example_dags/example_short_circuit_operator.py took 0.065 seconds
[2025-03-10T09:15:26.336+0100] {processor.py:161} INFO - Started process (PID=137112) to work on /home/philip/de_engineering/airflow_projects/airflow1/venv/lib/python3.10/site-packages/airflow/example_dags/example_short_circuit_operator.py
[2025-03-10T09:15:26.337+0100] {processor.py:830} INFO - Processing file /home/philip/de_engineering/airflow_projects/airflow1/venv/lib/python3.10/site-packages/airflow/example_dags/example_short_circuit_operator.py for tasks to queue
[2025-03-10T09:15:26.338+0100] {logging_mixin.py:188} INFO - [2025-03-10T09:15:26.337+0100] {dagbag.py:538} INFO - Filling up the DagBag from /home/philip/de_engineering/airflow_projects/airflow1/venv/lib/python3.10/site-packages/airflow/example_dags/example_short_circuit_operator.py
[2025-03-10T09:15:26.344+0100] {processor.py:840} INFO - DAG(s) 'example_short_circuit_operator' retrieved from /home/philip/de_engineering/airflow_projects/airflow1/venv/lib/python3.10/site-packages/airflow/example_dags/example_short_circuit_operator.py
[2025-03-10T09:15:26.366+0100] {logging_mixin.py:188} INFO - [2025-03-10T09:15:26.366+0100] {dag.py:3036} INFO - Sync 1 DAGs
[2025-03-10T09:15:26.386+0100] {logging_mixin.py:188} INFO - [2025-03-10T09:15:26.386+0100] {dag.py:3823} INFO - Setting next_dagrun for example_short_circuit_operator to 2025-03-09 00:00:00+00:00, run_after=2025-03-10 00:00:00+00:00
[2025-03-10T09:15:26.402+0100] {processor.py:183} INFO - Processing /home/philip/de_engineering/airflow_projects/airflow1/venv/lib/python3.10/site-packages/airflow/example_dags/example_short_circuit_operator.py took 0.069 seconds
[2025-03-10T09:15:56.817+0100] {processor.py:161} INFO - Started process (PID=137213) to work on /home/philip/de_engineering/airflow_projects/airflow1/venv/lib/python3.10/site-packages/airflow/example_dags/example_short_circuit_operator.py
[2025-03-10T09:15:56.818+0100] {processor.py:830} INFO - Processing file /home/philip/de_engineering/airflow_projects/airflow1/venv/lib/python3.10/site-packages/airflow/example_dags/example_short_circuit_operator.py for tasks to queue
[2025-03-10T09:15:56.819+0100] {logging_mixin.py:188} INFO - [2025-03-10T09:15:56.818+0100] {dagbag.py:538} INFO - Filling up the DagBag from /home/philip/de_engineering/airflow_projects/airflow1/venv/lib/python3.10/site-packages/airflow/example_dags/example_short_circuit_operator.py
[2025-03-10T09:15:56.826+0100] {processor.py:840} INFO - DAG(s) 'example_short_circuit_operator' retrieved from /home/philip/de_engineering/airflow_projects/airflow1/venv/lib/python3.10/site-packages/airflow/example_dags/example_short_circuit_operator.py
[2025-03-10T09:15:56.851+0100] {logging_mixin.py:188} INFO - [2025-03-10T09:15:56.851+0100] {dag.py:3036} INFO - Sync 1 DAGs
[2025-03-10T09:15:56.871+0100] {logging_mixin.py:188} INFO - [2025-03-10T09:15:56.871+0100] {dag.py:3823} INFO - Setting next_dagrun for example_short_circuit_operator to 2025-03-09 00:00:00+00:00, run_after=2025-03-10 00:00:00+00:00
[2025-03-10T09:15:56.888+0100] {processor.py:183} INFO - Processing /home/philip/de_engineering/airflow_projects/airflow1/venv/lib/python3.10/site-packages/airflow/example_dags/example_short_circuit_operator.py took 0.074 seconds
[2025-03-10T09:16:27.132+0100] {processor.py:161} INFO - Started process (PID=137589) to work on /home/philip/de_engineering/airflow_projects/airflow1/venv/lib/python3.10/site-packages/airflow/example_dags/example_short_circuit_operator.py
[2025-03-10T09:16:27.133+0100] {processor.py:830} INFO - Processing file /home/philip/de_engineering/airflow_projects/airflow1/venv/lib/python3.10/site-packages/airflow/example_dags/example_short_circuit_operator.py for tasks to queue
[2025-03-10T09:16:27.134+0100] {logging_mixin.py:188} INFO - [2025-03-10T09:16:27.134+0100] {dagbag.py:538} INFO - Filling up the DagBag from /home/philip/de_engineering/airflow_projects/airflow1/venv/lib/python3.10/site-packages/airflow/example_dags/example_short_circuit_operator.py
[2025-03-10T09:16:27.140+0100] {processor.py:840} INFO - DAG(s) 'example_short_circuit_operator' retrieved from /home/philip/de_engineering/airflow_projects/airflow1/venv/lib/python3.10/site-packages/airflow/example_dags/example_short_circuit_operator.py
[2025-03-10T09:16:27.161+0100] {logging_mixin.py:188} INFO - [2025-03-10T09:16:27.161+0100] {dag.py:3036} INFO - Sync 1 DAGs
[2025-03-10T09:16:27.180+0100] {logging_mixin.py:188} INFO - [2025-03-10T09:16:27.180+0100] {dag.py:3823} INFO - Setting next_dagrun for example_short_circuit_operator to 2025-03-09 00:00:00+00:00, run_after=2025-03-10 00:00:00+00:00
[2025-03-10T09:16:27.193+0100] {processor.py:183} INFO - Processing /home/philip/de_engineering/airflow_projects/airflow1/venv/lib/python3.10/site-packages/airflow/example_dags/example_short_circuit_operator.py took 0.064 seconds
[2025-03-10T09:16:57.315+0100] {processor.py:161} INFO - Started process (PID=137777) to work on /home/philip/de_engineering/airflow_projects/airflow1/venv/lib/python3.10/site-packages/airflow/example_dags/example_short_circuit_operator.py
[2025-03-10T09:16:57.316+0100] {processor.py:830} INFO - Processing file /home/philip/de_engineering/airflow_projects/airflow1/venv/lib/python3.10/site-packages/airflow/example_dags/example_short_circuit_operator.py for tasks to queue
[2025-03-10T09:16:57.317+0100] {logging_mixin.py:188} INFO - [2025-03-10T09:16:57.317+0100] {dagbag.py:538} INFO - Filling up the DagBag from /home/philip/de_engineering/airflow_projects/airflow1/venv/lib/python3.10/site-packages/airflow/example_dags/example_short_circuit_operator.py
[2025-03-10T09:16:57.324+0100] {processor.py:840} INFO - DAG(s) 'example_short_circuit_operator' retrieved from /home/philip/de_engineering/airflow_projects/airflow1/venv/lib/python3.10/site-packages/airflow/example_dags/example_short_circuit_operator.py
[2025-03-10T09:16:57.346+0100] {logging_mixin.py:188} INFO - [2025-03-10T09:16:57.345+0100] {dag.py:3036} INFO - Sync 1 DAGs
[2025-03-10T09:16:57.363+0100] {logging_mixin.py:188} INFO - [2025-03-10T09:16:57.362+0100] {dag.py:3823} INFO - Setting next_dagrun for example_short_circuit_operator to 2025-03-09 00:00:00+00:00, run_after=2025-03-10 00:00:00+00:00
[2025-03-10T09:16:57.377+0100] {processor.py:183} INFO - Processing /home/philip/de_engineering/airflow_projects/airflow1/venv/lib/python3.10/site-packages/airflow/example_dags/example_short_circuit_operator.py took 0.065 seconds
[2025-03-10T09:17:27.699+0100] {processor.py:161} INFO - Started process (PID=137969) to work on /home/philip/de_engineering/airflow_projects/airflow1/venv/lib/python3.10/site-packages/airflow/example_dags/example_short_circuit_operator.py
[2025-03-10T09:17:27.700+0100] {processor.py:830} INFO - Processing file /home/philip/de_engineering/airflow_projects/airflow1/venv/lib/python3.10/site-packages/airflow/example_dags/example_short_circuit_operator.py for tasks to queue
[2025-03-10T09:17:27.701+0100] {logging_mixin.py:188} INFO - [2025-03-10T09:17:27.701+0100] {dagbag.py:538} INFO - Filling up the DagBag from /home/philip/de_engineering/airflow_projects/airflow1/venv/lib/python3.10/site-packages/airflow/example_dags/example_short_circuit_operator.py
[2025-03-10T09:17:27.707+0100] {processor.py:840} INFO - DAG(s) 'example_short_circuit_operator' retrieved from /home/philip/de_engineering/airflow_projects/airflow1/venv/lib/python3.10/site-packages/airflow/example_dags/example_short_circuit_operator.py
[2025-03-10T09:17:27.728+0100] {logging_mixin.py:188} INFO - [2025-03-10T09:17:27.728+0100] {dag.py:3036} INFO - Sync 1 DAGs
[2025-03-10T09:17:27.745+0100] {logging_mixin.py:188} INFO - [2025-03-10T09:17:27.745+0100] {dag.py:3823} INFO - Setting next_dagrun for example_short_circuit_operator to 2025-03-09 00:00:00+00:00, run_after=2025-03-10 00:00:00+00:00
[2025-03-10T09:17:27.760+0100] {processor.py:183} INFO - Processing /home/philip/de_engineering/airflow_projects/airflow1/venv/lib/python3.10/site-packages/airflow/example_dags/example_short_circuit_operator.py took 0.064 seconds
[2025-03-10T09:19:22.220+0100] {processor.py:161} INFO - Started process (PID=138661) to work on /home/philip/de_engineering/airflow_projects/airflow1/venv/lib/python3.10/site-packages/airflow/example_dags/example_short_circuit_operator.py
[2025-03-10T09:19:22.221+0100] {processor.py:830} INFO - Processing file /home/philip/de_engineering/airflow_projects/airflow1/venv/lib/python3.10/site-packages/airflow/example_dags/example_short_circuit_operator.py for tasks to queue
[2025-03-10T09:19:22.222+0100] {logging_mixin.py:188} INFO - [2025-03-10T09:19:22.222+0100] {dagbag.py:538} INFO - Filling up the DagBag from /home/philip/de_engineering/airflow_projects/airflow1/venv/lib/python3.10/site-packages/airflow/example_dags/example_short_circuit_operator.py
[2025-03-10T09:19:22.232+0100] {processor.py:840} INFO - DAG(s) 'example_short_circuit_operator' retrieved from /home/philip/de_engineering/airflow_projects/airflow1/venv/lib/python3.10/site-packages/airflow/example_dags/example_short_circuit_operator.py
[2025-03-10T09:19:22.311+0100] {logging_mixin.py:188} INFO - [2025-03-10T09:19:22.311+0100] {dag.py:3036} INFO - Sync 1 DAGs
[2025-03-10T09:19:22.326+0100] {logging_mixin.py:188} INFO - [2025-03-10T09:19:22.326+0100] {dag.py:3823} INFO - Setting next_dagrun for example_short_circuit_operator to 2025-03-09 00:00:00+00:00, run_after=2025-03-10 00:00:00+00:00
[2025-03-10T09:19:22.343+0100] {processor.py:183} INFO - Processing /home/philip/de_engineering/airflow_projects/airflow1/venv/lib/python3.10/site-packages/airflow/example_dags/example_short_circuit_operator.py took 0.125 seconds
[2025-03-10T09:19:53.287+0100] {processor.py:161} INFO - Started process (PID=139001) to work on /home/philip/de_engineering/airflow_projects/airflow1/venv/lib/python3.10/site-packages/airflow/example_dags/example_short_circuit_operator.py
[2025-03-10T09:19:53.288+0100] {processor.py:830} INFO - Processing file /home/philip/de_engineering/airflow_projects/airflow1/venv/lib/python3.10/site-packages/airflow/example_dags/example_short_circuit_operator.py for tasks to queue
[2025-03-10T09:19:53.289+0100] {logging_mixin.py:188} INFO - [2025-03-10T09:19:53.289+0100] {dagbag.py:538} INFO - Filling up the DagBag from /home/philip/de_engineering/airflow_projects/airflow1/venv/lib/python3.10/site-packages/airflow/example_dags/example_short_circuit_operator.py
[2025-03-10T09:19:53.295+0100] {processor.py:840} INFO - DAG(s) 'example_short_circuit_operator' retrieved from /home/philip/de_engineering/airflow_projects/airflow1/venv/lib/python3.10/site-packages/airflow/example_dags/example_short_circuit_operator.py
[2025-03-10T09:19:53.317+0100] {logging_mixin.py:188} INFO - [2025-03-10T09:19:53.317+0100] {dag.py:3036} INFO - Sync 1 DAGs
[2025-03-10T09:19:53.336+0100] {logging_mixin.py:188} INFO - [2025-03-10T09:19:53.336+0100] {dag.py:3823} INFO - Setting next_dagrun for example_short_circuit_operator to 2025-03-09 00:00:00+00:00, run_after=2025-03-10 00:00:00+00:00
[2025-03-10T09:19:53.351+0100] {processor.py:183} INFO - Processing /home/philip/de_engineering/airflow_projects/airflow1/venv/lib/python3.10/site-packages/airflow/example_dags/example_short_circuit_operator.py took 0.067 seconds
[2025-03-10T09:20:23.545+0100] {processor.py:161} INFO - Started process (PID=139378) to work on /home/philip/de_engineering/airflow_projects/airflow1/venv/lib/python3.10/site-packages/airflow/example_dags/example_short_circuit_operator.py
[2025-03-10T09:20:23.547+0100] {processor.py:830} INFO - Processing file /home/philip/de_engineering/airflow_projects/airflow1/venv/lib/python3.10/site-packages/airflow/example_dags/example_short_circuit_operator.py for tasks to queue
[2025-03-10T09:20:23.547+0100] {logging_mixin.py:188} INFO - [2025-03-10T09:20:23.547+0100] {dagbag.py:538} INFO - Filling up the DagBag from /home/philip/de_engineering/airflow_projects/airflow1/venv/lib/python3.10/site-packages/airflow/example_dags/example_short_circuit_operator.py
[2025-03-10T09:20:23.554+0100] {processor.py:840} INFO - DAG(s) 'example_short_circuit_operator' retrieved from /home/philip/de_engineering/airflow_projects/airflow1/venv/lib/python3.10/site-packages/airflow/example_dags/example_short_circuit_operator.py
[2025-03-10T09:20:23.578+0100] {logging_mixin.py:188} INFO - [2025-03-10T09:20:23.578+0100] {dag.py:3036} INFO - Sync 1 DAGs
[2025-03-10T09:20:23.598+0100] {logging_mixin.py:188} INFO - [2025-03-10T09:20:23.598+0100] {dag.py:3823} INFO - Setting next_dagrun for example_short_circuit_operator to 2025-03-09 00:00:00+00:00, run_after=2025-03-10 00:00:00+00:00
[2025-03-10T09:20:23.614+0100] {processor.py:183} INFO - Processing /home/philip/de_engineering/airflow_projects/airflow1/venv/lib/python3.10/site-packages/airflow/example_dags/example_short_circuit_operator.py took 0.073 seconds
[2025-03-10T09:20:54.244+0100] {processor.py:161} INFO - Started process (PID=139758) to work on /home/philip/de_engineering/airflow_projects/airflow1/venv/lib/python3.10/site-packages/airflow/example_dags/example_short_circuit_operator.py
[2025-03-10T09:20:54.244+0100] {processor.py:830} INFO - Processing file /home/philip/de_engineering/airflow_projects/airflow1/venv/lib/python3.10/site-packages/airflow/example_dags/example_short_circuit_operator.py for tasks to queue
[2025-03-10T09:20:54.245+0100] {logging_mixin.py:188} INFO - [2025-03-10T09:20:54.245+0100] {dagbag.py:538} INFO - Filling up the DagBag from /home/philip/de_engineering/airflow_projects/airflow1/venv/lib/python3.10/site-packages/airflow/example_dags/example_short_circuit_operator.py
[2025-03-10T09:20:54.252+0100] {processor.py:840} INFO - DAG(s) 'example_short_circuit_operator' retrieved from /home/philip/de_engineering/airflow_projects/airflow1/venv/lib/python3.10/site-packages/airflow/example_dags/example_short_circuit_operator.py
[2025-03-10T09:20:54.273+0100] {logging_mixin.py:188} INFO - [2025-03-10T09:20:54.273+0100] {dag.py:3036} INFO - Sync 1 DAGs
[2025-03-10T09:20:54.291+0100] {logging_mixin.py:188} INFO - [2025-03-10T09:20:54.291+0100] {dag.py:3823} INFO - Setting next_dagrun for example_short_circuit_operator to 2025-03-09 00:00:00+00:00, run_after=2025-03-10 00:00:00+00:00
[2025-03-10T09:20:54.305+0100] {processor.py:183} INFO - Processing /home/philip/de_engineering/airflow_projects/airflow1/venv/lib/python3.10/site-packages/airflow/example_dags/example_short_circuit_operator.py took 0.064 seconds
[2025-03-10T09:21:24.636+0100] {processor.py:161} INFO - Started process (PID=140141) to work on /home/philip/de_engineering/airflow_projects/airflow1/venv/lib/python3.10/site-packages/airflow/example_dags/example_short_circuit_operator.py
[2025-03-10T09:21:24.637+0100] {processor.py:830} INFO - Processing file /home/philip/de_engineering/airflow_projects/airflow1/venv/lib/python3.10/site-packages/airflow/example_dags/example_short_circuit_operator.py for tasks to queue
[2025-03-10T09:21:24.638+0100] {logging_mixin.py:188} INFO - [2025-03-10T09:21:24.638+0100] {dagbag.py:538} INFO - Filling up the DagBag from /home/philip/de_engineering/airflow_projects/airflow1/venv/lib/python3.10/site-packages/airflow/example_dags/example_short_circuit_operator.py
[2025-03-10T09:21:24.644+0100] {processor.py:840} INFO - DAG(s) 'example_short_circuit_operator' retrieved from /home/philip/de_engineering/airflow_projects/airflow1/venv/lib/python3.10/site-packages/airflow/example_dags/example_short_circuit_operator.py
[2025-03-10T09:21:24.664+0100] {logging_mixin.py:188} INFO - [2025-03-10T09:21:24.664+0100] {dag.py:3036} INFO - Sync 1 DAGs
[2025-03-10T09:21:24.680+0100] {logging_mixin.py:188} INFO - [2025-03-10T09:21:24.680+0100] {dag.py:3823} INFO - Setting next_dagrun for example_short_circuit_operator to 2025-03-09 00:00:00+00:00, run_after=2025-03-10 00:00:00+00:00
[2025-03-10T09:21:24.693+0100] {processor.py:183} INFO - Processing /home/philip/de_engineering/airflow_projects/airflow1/venv/lib/python3.10/site-packages/airflow/example_dags/example_short_circuit_operator.py took 0.060 seconds
[2025-03-10T09:21:54.831+0100] {processor.py:161} INFO - Started process (PID=140518) to work on /home/philip/de_engineering/airflow_projects/airflow1/venv/lib/python3.10/site-packages/airflow/example_dags/example_short_circuit_operator.py
[2025-03-10T09:21:54.832+0100] {processor.py:830} INFO - Processing file /home/philip/de_engineering/airflow_projects/airflow1/venv/lib/python3.10/site-packages/airflow/example_dags/example_short_circuit_operator.py for tasks to queue
[2025-03-10T09:21:54.832+0100] {logging_mixin.py:188} INFO - [2025-03-10T09:21:54.832+0100] {dagbag.py:538} INFO - Filling up the DagBag from /home/philip/de_engineering/airflow_projects/airflow1/venv/lib/python3.10/site-packages/airflow/example_dags/example_short_circuit_operator.py
[2025-03-10T09:21:54.839+0100] {processor.py:840} INFO - DAG(s) 'example_short_circuit_operator' retrieved from /home/philip/de_engineering/airflow_projects/airflow1/venv/lib/python3.10/site-packages/airflow/example_dags/example_short_circuit_operator.py
[2025-03-10T09:21:54.860+0100] {logging_mixin.py:188} INFO - [2025-03-10T09:21:54.860+0100] {dag.py:3036} INFO - Sync 1 DAGs
[2025-03-10T09:21:54.878+0100] {logging_mixin.py:188} INFO - [2025-03-10T09:21:54.877+0100] {dag.py:3823} INFO - Setting next_dagrun for example_short_circuit_operator to 2025-03-09 00:00:00+00:00, run_after=2025-03-10 00:00:00+00:00
[2025-03-10T09:21:54.891+0100] {processor.py:183} INFO - Processing /home/philip/de_engineering/airflow_projects/airflow1/venv/lib/python3.10/site-packages/airflow/example_dags/example_short_circuit_operator.py took 0.062 seconds
[2025-03-10T09:22:25.071+0100] {processor.py:161} INFO - Started process (PID=140898) to work on /home/philip/de_engineering/airflow_projects/airflow1/venv/lib/python3.10/site-packages/airflow/example_dags/example_short_circuit_operator.py
[2025-03-10T09:22:25.073+0100] {processor.py:830} INFO - Processing file /home/philip/de_engineering/airflow_projects/airflow1/venv/lib/python3.10/site-packages/airflow/example_dags/example_short_circuit_operator.py for tasks to queue
[2025-03-10T09:22:25.074+0100] {logging_mixin.py:188} INFO - [2025-03-10T09:22:25.073+0100] {dagbag.py:538} INFO - Filling up the DagBag from /home/philip/de_engineering/airflow_projects/airflow1/venv/lib/python3.10/site-packages/airflow/example_dags/example_short_circuit_operator.py
[2025-03-10T09:22:25.080+0100] {processor.py:840} INFO - DAG(s) 'example_short_circuit_operator' retrieved from /home/philip/de_engineering/airflow_projects/airflow1/venv/lib/python3.10/site-packages/airflow/example_dags/example_short_circuit_operator.py
[2025-03-10T09:22:25.102+0100] {logging_mixin.py:188} INFO - [2025-03-10T09:22:25.101+0100] {dag.py:3036} INFO - Sync 1 DAGs
[2025-03-10T09:22:25.118+0100] {logging_mixin.py:188} INFO - [2025-03-10T09:22:25.118+0100] {dag.py:3823} INFO - Setting next_dagrun for example_short_circuit_operator to 2025-03-09 00:00:00+00:00, run_after=2025-03-10 00:00:00+00:00
[2025-03-10T09:22:25.131+0100] {processor.py:183} INFO - Processing /home/philip/de_engineering/airflow_projects/airflow1/venv/lib/python3.10/site-packages/airflow/example_dags/example_short_circuit_operator.py took 0.063 seconds
[2025-03-10T09:22:55.290+0100] {processor.py:161} INFO - Started process (PID=141273) to work on /home/philip/de_engineering/airflow_projects/airflow1/venv/lib/python3.10/site-packages/airflow/example_dags/example_short_circuit_operator.py
[2025-03-10T09:22:55.291+0100] {processor.py:830} INFO - Processing file /home/philip/de_engineering/airflow_projects/airflow1/venv/lib/python3.10/site-packages/airflow/example_dags/example_short_circuit_operator.py for tasks to queue
[2025-03-10T09:22:55.292+0100] {logging_mixin.py:188} INFO - [2025-03-10T09:22:55.292+0100] {dagbag.py:538} INFO - Filling up the DagBag from /home/philip/de_engineering/airflow_projects/airflow1/venv/lib/python3.10/site-packages/airflow/example_dags/example_short_circuit_operator.py
[2025-03-10T09:22:55.299+0100] {processor.py:840} INFO - DAG(s) 'example_short_circuit_operator' retrieved from /home/philip/de_engineering/airflow_projects/airflow1/venv/lib/python3.10/site-packages/airflow/example_dags/example_short_circuit_operator.py
[2025-03-10T09:22:55.322+0100] {logging_mixin.py:188} INFO - [2025-03-10T09:22:55.322+0100] {dag.py:3036} INFO - Sync 1 DAGs
[2025-03-10T09:22:55.342+0100] {logging_mixin.py:188} INFO - [2025-03-10T09:22:55.342+0100] {dag.py:3823} INFO - Setting next_dagrun for example_short_circuit_operator to 2025-03-09 00:00:00+00:00, run_after=2025-03-10 00:00:00+00:00
[2025-03-10T09:22:55.358+0100] {processor.py:183} INFO - Processing /home/philip/de_engineering/airflow_projects/airflow1/venv/lib/python3.10/site-packages/airflow/example_dags/example_short_circuit_operator.py took 0.071 seconds
[2025-03-10T09:23:25.488+0100] {processor.py:161} INFO - Started process (PID=141655) to work on /home/philip/de_engineering/airflow_projects/airflow1/venv/lib/python3.10/site-packages/airflow/example_dags/example_short_circuit_operator.py
[2025-03-10T09:23:25.490+0100] {processor.py:830} INFO - Processing file /home/philip/de_engineering/airflow_projects/airflow1/venv/lib/python3.10/site-packages/airflow/example_dags/example_short_circuit_operator.py for tasks to queue
[2025-03-10T09:23:25.490+0100] {logging_mixin.py:188} INFO - [2025-03-10T09:23:25.490+0100] {dagbag.py:538} INFO - Filling up the DagBag from /home/philip/de_engineering/airflow_projects/airflow1/venv/lib/python3.10/site-packages/airflow/example_dags/example_short_circuit_operator.py
[2025-03-10T09:23:25.496+0100] {processor.py:840} INFO - DAG(s) 'example_short_circuit_operator' retrieved from /home/philip/de_engineering/airflow_projects/airflow1/venv/lib/python3.10/site-packages/airflow/example_dags/example_short_circuit_operator.py
[2025-03-10T09:23:25.516+0100] {logging_mixin.py:188} INFO - [2025-03-10T09:23:25.516+0100] {dag.py:3036} INFO - Sync 1 DAGs
[2025-03-10T09:23:25.534+0100] {logging_mixin.py:188} INFO - [2025-03-10T09:23:25.534+0100] {dag.py:3823} INFO - Setting next_dagrun for example_short_circuit_operator to 2025-03-09 00:00:00+00:00, run_after=2025-03-10 00:00:00+00:00
[2025-03-10T09:23:25.547+0100] {processor.py:183} INFO - Processing /home/philip/de_engineering/airflow_projects/airflow1/venv/lib/python3.10/site-packages/airflow/example_dags/example_short_circuit_operator.py took 0.062 seconds
[2025-03-10T09:23:55.978+0100] {processor.py:161} INFO - Started process (PID=142037) to work on /home/philip/de_engineering/airflow_projects/airflow1/venv/lib/python3.10/site-packages/airflow/example_dags/example_short_circuit_operator.py
[2025-03-10T09:23:55.979+0100] {processor.py:830} INFO - Processing file /home/philip/de_engineering/airflow_projects/airflow1/venv/lib/python3.10/site-packages/airflow/example_dags/example_short_circuit_operator.py for tasks to queue
[2025-03-10T09:23:55.980+0100] {logging_mixin.py:188} INFO - [2025-03-10T09:23:55.980+0100] {dagbag.py:538} INFO - Filling up the DagBag from /home/philip/de_engineering/airflow_projects/airflow1/venv/lib/python3.10/site-packages/airflow/example_dags/example_short_circuit_operator.py
[2025-03-10T09:23:55.987+0100] {processor.py:840} INFO - DAG(s) 'example_short_circuit_operator' retrieved from /home/philip/de_engineering/airflow_projects/airflow1/venv/lib/python3.10/site-packages/airflow/example_dags/example_short_circuit_operator.py
[2025-03-10T09:23:56.010+0100] {logging_mixin.py:188} INFO - [2025-03-10T09:23:56.010+0100] {dag.py:3036} INFO - Sync 1 DAGs
[2025-03-10T09:23:56.028+0100] {logging_mixin.py:188} INFO - [2025-03-10T09:23:56.028+0100] {dag.py:3823} INFO - Setting next_dagrun for example_short_circuit_operator to 2025-03-09 00:00:00+00:00, run_after=2025-03-10 00:00:00+00:00
[2025-03-10T09:23:56.042+0100] {processor.py:183} INFO - Processing /home/philip/de_engineering/airflow_projects/airflow1/venv/lib/python3.10/site-packages/airflow/example_dags/example_short_circuit_operator.py took 0.067 seconds
[2025-03-10T09:24:26.258+0100] {processor.py:161} INFO - Started process (PID=142411) to work on /home/philip/de_engineering/airflow_projects/airflow1/venv/lib/python3.10/site-packages/airflow/example_dags/example_short_circuit_operator.py
[2025-03-10T09:24:26.259+0100] {processor.py:830} INFO - Processing file /home/philip/de_engineering/airflow_projects/airflow1/venv/lib/python3.10/site-packages/airflow/example_dags/example_short_circuit_operator.py for tasks to queue
[2025-03-10T09:24:26.260+0100] {logging_mixin.py:188} INFO - [2025-03-10T09:24:26.260+0100] {dagbag.py:538} INFO - Filling up the DagBag from /home/philip/de_engineering/airflow_projects/airflow1/venv/lib/python3.10/site-packages/airflow/example_dags/example_short_circuit_operator.py
[2025-03-10T09:24:26.266+0100] {processor.py:840} INFO - DAG(s) 'example_short_circuit_operator' retrieved from /home/philip/de_engineering/airflow_projects/airflow1/venv/lib/python3.10/site-packages/airflow/example_dags/example_short_circuit_operator.py
[2025-03-10T09:24:26.289+0100] {logging_mixin.py:188} INFO - [2025-03-10T09:24:26.289+0100] {dag.py:3036} INFO - Sync 1 DAGs
[2025-03-10T09:24:26.309+0100] {logging_mixin.py:188} INFO - [2025-03-10T09:24:26.308+0100] {dag.py:3823} INFO - Setting next_dagrun for example_short_circuit_operator to 2025-03-09 00:00:00+00:00, run_after=2025-03-10 00:00:00+00:00
[2025-03-10T09:24:26.324+0100] {processor.py:183} INFO - Processing /home/philip/de_engineering/airflow_projects/airflow1/venv/lib/python3.10/site-packages/airflow/example_dags/example_short_circuit_operator.py took 0.069 seconds
[2025-03-10T09:24:56.590+0100] {processor.py:161} INFO - Started process (PID=142790) to work on /home/philip/de_engineering/airflow_projects/airflow1/venv/lib/python3.10/site-packages/airflow/example_dags/example_short_circuit_operator.py
[2025-03-10T09:24:56.592+0100] {processor.py:830} INFO - Processing file /home/philip/de_engineering/airflow_projects/airflow1/venv/lib/python3.10/site-packages/airflow/example_dags/example_short_circuit_operator.py for tasks to queue
[2025-03-10T09:24:56.592+0100] {logging_mixin.py:188} INFO - [2025-03-10T09:24:56.592+0100] {dagbag.py:538} INFO - Filling up the DagBag from /home/philip/de_engineering/airflow_projects/airflow1/venv/lib/python3.10/site-packages/airflow/example_dags/example_short_circuit_operator.py
[2025-03-10T09:24:56.599+0100] {processor.py:840} INFO - DAG(s) 'example_short_circuit_operator' retrieved from /home/philip/de_engineering/airflow_projects/airflow1/venv/lib/python3.10/site-packages/airflow/example_dags/example_short_circuit_operator.py
[2025-03-10T09:24:56.623+0100] {logging_mixin.py:188} INFO - [2025-03-10T09:24:56.623+0100] {dag.py:3036} INFO - Sync 1 DAGs
[2025-03-10T09:24:56.645+0100] {logging_mixin.py:188} INFO - [2025-03-10T09:24:56.645+0100] {dag.py:3823} INFO - Setting next_dagrun for example_short_circuit_operator to 2025-03-09 00:00:00+00:00, run_after=2025-03-10 00:00:00+00:00
[2025-03-10T09:24:56.664+0100] {processor.py:183} INFO - Processing /home/philip/de_engineering/airflow_projects/airflow1/venv/lib/python3.10/site-packages/airflow/example_dags/example_short_circuit_operator.py took 0.076 seconds
[2025-03-10T09:25:26.750+0100] {processor.py:161} INFO - Started process (PID=143169) to work on /home/philip/de_engineering/airflow_projects/airflow1/venv/lib/python3.10/site-packages/airflow/example_dags/example_short_circuit_operator.py
[2025-03-10T09:25:26.751+0100] {processor.py:830} INFO - Processing file /home/philip/de_engineering/airflow_projects/airflow1/venv/lib/python3.10/site-packages/airflow/example_dags/example_short_circuit_operator.py for tasks to queue
[2025-03-10T09:25:26.752+0100] {logging_mixin.py:188} INFO - [2025-03-10T09:25:26.751+0100] {dagbag.py:538} INFO - Filling up the DagBag from /home/philip/de_engineering/airflow_projects/airflow1/venv/lib/python3.10/site-packages/airflow/example_dags/example_short_circuit_operator.py
[2025-03-10T09:25:26.758+0100] {processor.py:840} INFO - DAG(s) 'example_short_circuit_operator' retrieved from /home/philip/de_engineering/airflow_projects/airflow1/venv/lib/python3.10/site-packages/airflow/example_dags/example_short_circuit_operator.py
[2025-03-10T09:25:26.780+0100] {logging_mixin.py:188} INFO - [2025-03-10T09:25:26.780+0100] {dag.py:3036} INFO - Sync 1 DAGs
[2025-03-10T09:25:26.799+0100] {logging_mixin.py:188} INFO - [2025-03-10T09:25:26.799+0100] {dag.py:3823} INFO - Setting next_dagrun for example_short_circuit_operator to 2025-03-09 00:00:00+00:00, run_after=2025-03-10 00:00:00+00:00
[2025-03-10T09:25:26.815+0100] {processor.py:183} INFO - Processing /home/philip/de_engineering/airflow_projects/airflow1/venv/lib/python3.10/site-packages/airflow/example_dags/example_short_circuit_operator.py took 0.068 seconds
[2025-03-10T09:25:57.117+0100] {processor.py:161} INFO - Started process (PID=143552) to work on /home/philip/de_engineering/airflow_projects/airflow1/venv/lib/python3.10/site-packages/airflow/example_dags/example_short_circuit_operator.py
[2025-03-10T09:25:57.118+0100] {processor.py:830} INFO - Processing file /home/philip/de_engineering/airflow_projects/airflow1/venv/lib/python3.10/site-packages/airflow/example_dags/example_short_circuit_operator.py for tasks to queue
[2025-03-10T09:25:57.118+0100] {logging_mixin.py:188} INFO - [2025-03-10T09:25:57.118+0100] {dagbag.py:538} INFO - Filling up the DagBag from /home/philip/de_engineering/airflow_projects/airflow1/venv/lib/python3.10/site-packages/airflow/example_dags/example_short_circuit_operator.py
[2025-03-10T09:25:57.124+0100] {processor.py:840} INFO - DAG(s) 'example_short_circuit_operator' retrieved from /home/philip/de_engineering/airflow_projects/airflow1/venv/lib/python3.10/site-packages/airflow/example_dags/example_short_circuit_operator.py
[2025-03-10T09:25:57.146+0100] {logging_mixin.py:188} INFO - [2025-03-10T09:25:57.146+0100] {dag.py:3036} INFO - Sync 1 DAGs
[2025-03-10T09:25:57.162+0100] {logging_mixin.py:188} INFO - [2025-03-10T09:25:57.162+0100] {dag.py:3823} INFO - Setting next_dagrun for example_short_circuit_operator to 2025-03-09 00:00:00+00:00, run_after=2025-03-10 00:00:00+00:00
[2025-03-10T09:25:57.176+0100] {processor.py:183} INFO - Processing /home/philip/de_engineering/airflow_projects/airflow1/venv/lib/python3.10/site-packages/airflow/example_dags/example_short_circuit_operator.py took 0.062 seconds
[2025-03-10T09:26:27.532+0100] {processor.py:161} INFO - Started process (PID=143926) to work on /home/philip/de_engineering/airflow_projects/airflow1/venv/lib/python3.10/site-packages/airflow/example_dags/example_short_circuit_operator.py
[2025-03-10T09:26:27.532+0100] {processor.py:830} INFO - Processing file /home/philip/de_engineering/airflow_projects/airflow1/venv/lib/python3.10/site-packages/airflow/example_dags/example_short_circuit_operator.py for tasks to queue
[2025-03-10T09:26:27.534+0100] {logging_mixin.py:188} INFO - [2025-03-10T09:26:27.533+0100] {dagbag.py:538} INFO - Filling up the DagBag from /home/philip/de_engineering/airflow_projects/airflow1/venv/lib/python3.10/site-packages/airflow/example_dags/example_short_circuit_operator.py
[2025-03-10T09:26:27.541+0100] {processor.py:840} INFO - DAG(s) 'example_short_circuit_operator' retrieved from /home/philip/de_engineering/airflow_projects/airflow1/venv/lib/python3.10/site-packages/airflow/example_dags/example_short_circuit_operator.py
[2025-03-10T09:26:27.567+0100] {logging_mixin.py:188} INFO - [2025-03-10T09:26:27.567+0100] {dag.py:3036} INFO - Sync 1 DAGs
[2025-03-10T09:26:27.588+0100] {logging_mixin.py:188} INFO - [2025-03-10T09:26:27.588+0100] {dag.py:3823} INFO - Setting next_dagrun for example_short_circuit_operator to 2025-03-09 00:00:00+00:00, run_after=2025-03-10 00:00:00+00:00
[2025-03-10T09:26:27.605+0100] {processor.py:183} INFO - Processing /home/philip/de_engineering/airflow_projects/airflow1/venv/lib/python3.10/site-packages/airflow/example_dags/example_short_circuit_operator.py took 0.077 seconds
[2025-03-10T09:26:57.972+0100] {processor.py:161} INFO - Started process (PID=144305) to work on /home/philip/de_engineering/airflow_projects/airflow1/venv/lib/python3.10/site-packages/airflow/example_dags/example_short_circuit_operator.py
[2025-03-10T09:26:57.973+0100] {processor.py:830} INFO - Processing file /home/philip/de_engineering/airflow_projects/airflow1/venv/lib/python3.10/site-packages/airflow/example_dags/example_short_circuit_operator.py for tasks to queue
[2025-03-10T09:26:57.974+0100] {logging_mixin.py:188} INFO - [2025-03-10T09:26:57.974+0100] {dagbag.py:538} INFO - Filling up the DagBag from /home/philip/de_engineering/airflow_projects/airflow1/venv/lib/python3.10/site-packages/airflow/example_dags/example_short_circuit_operator.py
[2025-03-10T09:26:57.980+0100] {processor.py:840} INFO - DAG(s) 'example_short_circuit_operator' retrieved from /home/philip/de_engineering/airflow_projects/airflow1/venv/lib/python3.10/site-packages/airflow/example_dags/example_short_circuit_operator.py
[2025-03-10T09:26:58.002+0100] {logging_mixin.py:188} INFO - [2025-03-10T09:26:58.001+0100] {dag.py:3036} INFO - Sync 1 DAGs
[2025-03-10T09:26:58.020+0100] {logging_mixin.py:188} INFO - [2025-03-10T09:26:58.020+0100] {dag.py:3823} INFO - Setting next_dagrun for example_short_circuit_operator to 2025-03-09 00:00:00+00:00, run_after=2025-03-10 00:00:00+00:00
[2025-03-10T09:26:58.039+0100] {processor.py:183} INFO - Processing /home/philip/de_engineering/airflow_projects/airflow1/venv/lib/python3.10/site-packages/airflow/example_dags/example_short_circuit_operator.py took 0.069 seconds
[2025-03-10T09:27:28.227+0100] {processor.py:161} INFO - Started process (PID=144687) to work on /home/philip/de_engineering/airflow_projects/airflow1/venv/lib/python3.10/site-packages/airflow/example_dags/example_short_circuit_operator.py
[2025-03-10T09:27:28.228+0100] {processor.py:830} INFO - Processing file /home/philip/de_engineering/airflow_projects/airflow1/venv/lib/python3.10/site-packages/airflow/example_dags/example_short_circuit_operator.py for tasks to queue
[2025-03-10T09:27:28.229+0100] {logging_mixin.py:188} INFO - [2025-03-10T09:27:28.229+0100] {dagbag.py:538} INFO - Filling up the DagBag from /home/philip/de_engineering/airflow_projects/airflow1/venv/lib/python3.10/site-packages/airflow/example_dags/example_short_circuit_operator.py
[2025-03-10T09:27:28.235+0100] {processor.py:840} INFO - DAG(s) 'example_short_circuit_operator' retrieved from /home/philip/de_engineering/airflow_projects/airflow1/venv/lib/python3.10/site-packages/airflow/example_dags/example_short_circuit_operator.py
[2025-03-10T09:27:28.258+0100] {logging_mixin.py:188} INFO - [2025-03-10T09:27:28.258+0100] {dag.py:3036} INFO - Sync 1 DAGs
[2025-03-10T09:27:28.280+0100] {logging_mixin.py:188} INFO - [2025-03-10T09:27:28.279+0100] {dag.py:3823} INFO - Setting next_dagrun for example_short_circuit_operator to 2025-03-09 00:00:00+00:00, run_after=2025-03-10 00:00:00+00:00
[2025-03-10T09:27:28.293+0100] {processor.py:183} INFO - Processing /home/philip/de_engineering/airflow_projects/airflow1/venv/lib/python3.10/site-packages/airflow/example_dags/example_short_circuit_operator.py took 0.068 seconds
[2025-03-10T09:27:58.486+0100] {processor.py:161} INFO - Started process (PID=145062) to work on /home/philip/de_engineering/airflow_projects/airflow1/venv/lib/python3.10/site-packages/airflow/example_dags/example_short_circuit_operator.py
[2025-03-10T09:27:58.487+0100] {processor.py:830} INFO - Processing file /home/philip/de_engineering/airflow_projects/airflow1/venv/lib/python3.10/site-packages/airflow/example_dags/example_short_circuit_operator.py for tasks to queue
[2025-03-10T09:27:58.488+0100] {logging_mixin.py:188} INFO - [2025-03-10T09:27:58.487+0100] {dagbag.py:538} INFO - Filling up the DagBag from /home/philip/de_engineering/airflow_projects/airflow1/venv/lib/python3.10/site-packages/airflow/example_dags/example_short_circuit_operator.py
[2025-03-10T09:27:58.494+0100] {processor.py:840} INFO - DAG(s) 'example_short_circuit_operator' retrieved from /home/philip/de_engineering/airflow_projects/airflow1/venv/lib/python3.10/site-packages/airflow/example_dags/example_short_circuit_operator.py
[2025-03-10T09:27:58.516+0100] {logging_mixin.py:188} INFO - [2025-03-10T09:27:58.516+0100] {dag.py:3036} INFO - Sync 1 DAGs
[2025-03-10T09:27:58.533+0100] {logging_mixin.py:188} INFO - [2025-03-10T09:27:58.533+0100] {dag.py:3823} INFO - Setting next_dagrun for example_short_circuit_operator to 2025-03-09 00:00:00+00:00, run_after=2025-03-10 00:00:00+00:00
[2025-03-10T09:27:58.547+0100] {processor.py:183} INFO - Processing /home/philip/de_engineering/airflow_projects/airflow1/venv/lib/python3.10/site-packages/airflow/example_dags/example_short_circuit_operator.py took 0.064 seconds
[2025-03-10T09:28:28.741+0100] {processor.py:161} INFO - Started process (PID=145442) to work on /home/philip/de_engineering/airflow_projects/airflow1/venv/lib/python3.10/site-packages/airflow/example_dags/example_short_circuit_operator.py
[2025-03-10T09:28:28.742+0100] {processor.py:830} INFO - Processing file /home/philip/de_engineering/airflow_projects/airflow1/venv/lib/python3.10/site-packages/airflow/example_dags/example_short_circuit_operator.py for tasks to queue
[2025-03-10T09:28:28.743+0100] {logging_mixin.py:188} INFO - [2025-03-10T09:28:28.742+0100] {dagbag.py:538} INFO - Filling up the DagBag from /home/philip/de_engineering/airflow_projects/airflow1/venv/lib/python3.10/site-packages/airflow/example_dags/example_short_circuit_operator.py
[2025-03-10T09:28:28.749+0100] {processor.py:840} INFO - DAG(s) 'example_short_circuit_operator' retrieved from /home/philip/de_engineering/airflow_projects/airflow1/venv/lib/python3.10/site-packages/airflow/example_dags/example_short_circuit_operator.py
[2025-03-10T09:28:28.771+0100] {logging_mixin.py:188} INFO - [2025-03-10T09:28:28.771+0100] {dag.py:3036} INFO - Sync 1 DAGs
[2025-03-10T09:28:28.791+0100] {logging_mixin.py:188} INFO - [2025-03-10T09:28:28.791+0100] {dag.py:3823} INFO - Setting next_dagrun for example_short_circuit_operator to 2025-03-09 00:00:00+00:00, run_after=2025-03-10 00:00:00+00:00
[2025-03-10T09:28:28.809+0100] {processor.py:183} INFO - Processing /home/philip/de_engineering/airflow_projects/airflow1/venv/lib/python3.10/site-packages/airflow/example_dags/example_short_circuit_operator.py took 0.070 seconds
[2025-03-10T09:28:58.896+0100] {processor.py:161} INFO - Started process (PID=145817) to work on /home/philip/de_engineering/airflow_projects/airflow1/venv/lib/python3.10/site-packages/airflow/example_dags/example_short_circuit_operator.py
[2025-03-10T09:28:58.897+0100] {processor.py:830} INFO - Processing file /home/philip/de_engineering/airflow_projects/airflow1/venv/lib/python3.10/site-packages/airflow/example_dags/example_short_circuit_operator.py for tasks to queue
[2025-03-10T09:28:58.898+0100] {logging_mixin.py:188} INFO - [2025-03-10T09:28:58.898+0100] {dagbag.py:538} INFO - Filling up the DagBag from /home/philip/de_engineering/airflow_projects/airflow1/venv/lib/python3.10/site-packages/airflow/example_dags/example_short_circuit_operator.py
[2025-03-10T09:28:58.905+0100] {processor.py:840} INFO - DAG(s) 'example_short_circuit_operator' retrieved from /home/philip/de_engineering/airflow_projects/airflow1/venv/lib/python3.10/site-packages/airflow/example_dags/example_short_circuit_operator.py
[2025-03-10T09:28:58.927+0100] {logging_mixin.py:188} INFO - [2025-03-10T09:28:58.927+0100] {dag.py:3036} INFO - Sync 1 DAGs
[2025-03-10T09:28:58.947+0100] {logging_mixin.py:188} INFO - [2025-03-10T09:28:58.947+0100] {dag.py:3823} INFO - Setting next_dagrun for example_short_circuit_operator to 2025-03-09 00:00:00+00:00, run_after=2025-03-10 00:00:00+00:00
[2025-03-10T09:28:58.966+0100] {processor.py:183} INFO - Processing /home/philip/de_engineering/airflow_projects/airflow1/venv/lib/python3.10/site-packages/airflow/example_dags/example_short_circuit_operator.py took 0.072 seconds
[2025-03-10T09:29:29.167+0100] {processor.py:161} INFO - Started process (PID=146199) to work on /home/philip/de_engineering/airflow_projects/airflow1/venv/lib/python3.10/site-packages/airflow/example_dags/example_short_circuit_operator.py
[2025-03-10T09:29:29.168+0100] {processor.py:830} INFO - Processing file /home/philip/de_engineering/airflow_projects/airflow1/venv/lib/python3.10/site-packages/airflow/example_dags/example_short_circuit_operator.py for tasks to queue
[2025-03-10T09:29:29.169+0100] {logging_mixin.py:188} INFO - [2025-03-10T09:29:29.168+0100] {dagbag.py:538} INFO - Filling up the DagBag from /home/philip/de_engineering/airflow_projects/airflow1/venv/lib/python3.10/site-packages/airflow/example_dags/example_short_circuit_operator.py
[2025-03-10T09:29:29.175+0100] {processor.py:840} INFO - DAG(s) 'example_short_circuit_operator' retrieved from /home/philip/de_engineering/airflow_projects/airflow1/venv/lib/python3.10/site-packages/airflow/example_dags/example_short_circuit_operator.py
[2025-03-10T09:29:29.199+0100] {logging_mixin.py:188} INFO - [2025-03-10T09:29:29.198+0100] {dag.py:3036} INFO - Sync 1 DAGs
[2025-03-10T09:29:29.218+0100] {logging_mixin.py:188} INFO - [2025-03-10T09:29:29.218+0100] {dag.py:3823} INFO - Setting next_dagrun for example_short_circuit_operator to 2025-03-09 00:00:00+00:00, run_after=2025-03-10 00:00:00+00:00
[2025-03-10T09:29:29.232+0100] {processor.py:183} INFO - Processing /home/philip/de_engineering/airflow_projects/airflow1/venv/lib/python3.10/site-packages/airflow/example_dags/example_short_circuit_operator.py took 0.068 seconds
[2025-03-10T09:29:59.367+0100] {processor.py:161} INFO - Started process (PID=146572) to work on /home/philip/de_engineering/airflow_projects/airflow1/venv/lib/python3.10/site-packages/airflow/example_dags/example_short_circuit_operator.py
[2025-03-10T09:29:59.368+0100] {processor.py:830} INFO - Processing file /home/philip/de_engineering/airflow_projects/airflow1/venv/lib/python3.10/site-packages/airflow/example_dags/example_short_circuit_operator.py for tasks to queue
[2025-03-10T09:29:59.369+0100] {logging_mixin.py:188} INFO - [2025-03-10T09:29:59.369+0100] {dagbag.py:538} INFO - Filling up the DagBag from /home/philip/de_engineering/airflow_projects/airflow1/venv/lib/python3.10/site-packages/airflow/example_dags/example_short_circuit_operator.py
[2025-03-10T09:29:59.375+0100] {processor.py:840} INFO - DAG(s) 'example_short_circuit_operator' retrieved from /home/philip/de_engineering/airflow_projects/airflow1/venv/lib/python3.10/site-packages/airflow/example_dags/example_short_circuit_operator.py
[2025-03-10T09:29:59.397+0100] {logging_mixin.py:188} INFO - [2025-03-10T09:29:59.397+0100] {dag.py:3036} INFO - Sync 1 DAGs
[2025-03-10T09:29:59.415+0100] {logging_mixin.py:188} INFO - [2025-03-10T09:29:59.415+0100] {dag.py:3823} INFO - Setting next_dagrun for example_short_circuit_operator to 2025-03-09 00:00:00+00:00, run_after=2025-03-10 00:00:00+00:00
[2025-03-10T09:29:59.429+0100] {processor.py:183} INFO - Processing /home/philip/de_engineering/airflow_projects/airflow1/venv/lib/python3.10/site-packages/airflow/example_dags/example_short_circuit_operator.py took 0.064 seconds
[2025-03-10T09:30:29.507+0100] {processor.py:161} INFO - Started process (PID=146952) to work on /home/philip/de_engineering/airflow_projects/airflow1/venv/lib/python3.10/site-packages/airflow/example_dags/example_short_circuit_operator.py
[2025-03-10T09:30:29.507+0100] {processor.py:830} INFO - Processing file /home/philip/de_engineering/airflow_projects/airflow1/venv/lib/python3.10/site-packages/airflow/example_dags/example_short_circuit_operator.py for tasks to queue
[2025-03-10T09:30:29.508+0100] {logging_mixin.py:188} INFO - [2025-03-10T09:30:29.508+0100] {dagbag.py:538} INFO - Filling up the DagBag from /home/philip/de_engineering/airflow_projects/airflow1/venv/lib/python3.10/site-packages/airflow/example_dags/example_short_circuit_operator.py
[2025-03-10T09:30:29.514+0100] {processor.py:840} INFO - DAG(s) 'example_short_circuit_operator' retrieved from /home/philip/de_engineering/airflow_projects/airflow1/venv/lib/python3.10/site-packages/airflow/example_dags/example_short_circuit_operator.py
[2025-03-10T09:30:29.535+0100] {logging_mixin.py:188} INFO - [2025-03-10T09:30:29.535+0100] {dag.py:3036} INFO - Sync 1 DAGs
[2025-03-10T09:30:29.552+0100] {logging_mixin.py:188} INFO - [2025-03-10T09:30:29.552+0100] {dag.py:3823} INFO - Setting next_dagrun for example_short_circuit_operator to 2025-03-09 00:00:00+00:00, run_after=2025-03-10 00:00:00+00:00
[2025-03-10T09:30:29.566+0100] {processor.py:183} INFO - Processing /home/philip/de_engineering/airflow_projects/airflow1/venv/lib/python3.10/site-packages/airflow/example_dags/example_short_circuit_operator.py took 0.062 seconds
[2025-03-10T09:30:59.648+0100] {processor.py:161} INFO - Started process (PID=147322) to work on /home/philip/de_engineering/airflow_projects/airflow1/venv/lib/python3.10/site-packages/airflow/example_dags/example_short_circuit_operator.py
[2025-03-10T09:30:59.649+0100] {processor.py:830} INFO - Processing file /home/philip/de_engineering/airflow_projects/airflow1/venv/lib/python3.10/site-packages/airflow/example_dags/example_short_circuit_operator.py for tasks to queue
[2025-03-10T09:30:59.650+0100] {logging_mixin.py:188} INFO - [2025-03-10T09:30:59.650+0100] {dagbag.py:538} INFO - Filling up the DagBag from /home/philip/de_engineering/airflow_projects/airflow1/venv/lib/python3.10/site-packages/airflow/example_dags/example_short_circuit_operator.py
[2025-03-10T09:30:59.656+0100] {processor.py:840} INFO - DAG(s) 'example_short_circuit_operator' retrieved from /home/philip/de_engineering/airflow_projects/airflow1/venv/lib/python3.10/site-packages/airflow/example_dags/example_short_circuit_operator.py
[2025-03-10T09:30:59.677+0100] {logging_mixin.py:188} INFO - [2025-03-10T09:30:59.677+0100] {dag.py:3036} INFO - Sync 1 DAGs
[2025-03-10T09:30:59.695+0100] {logging_mixin.py:188} INFO - [2025-03-10T09:30:59.695+0100] {dag.py:3823} INFO - Setting next_dagrun for example_short_circuit_operator to 2025-03-09 00:00:00+00:00, run_after=2025-03-10 00:00:00+00:00
[2025-03-10T09:30:59.709+0100] {processor.py:183} INFO - Processing /home/philip/de_engineering/airflow_projects/airflow1/venv/lib/python3.10/site-packages/airflow/example_dags/example_short_circuit_operator.py took 0.065 seconds
[2025-03-10T09:31:29.818+0100] {processor.py:161} INFO - Started process (PID=147702) to work on /home/philip/de_engineering/airflow_projects/airflow1/venv/lib/python3.10/site-packages/airflow/example_dags/example_short_circuit_operator.py
[2025-03-10T09:31:29.819+0100] {processor.py:830} INFO - Processing file /home/philip/de_engineering/airflow_projects/airflow1/venv/lib/python3.10/site-packages/airflow/example_dags/example_short_circuit_operator.py for tasks to queue
[2025-03-10T09:31:29.820+0100] {logging_mixin.py:188} INFO - [2025-03-10T09:31:29.819+0100] {dagbag.py:538} INFO - Filling up the DagBag from /home/philip/de_engineering/airflow_projects/airflow1/venv/lib/python3.10/site-packages/airflow/example_dags/example_short_circuit_operator.py
[2025-03-10T09:31:29.826+0100] {processor.py:840} INFO - DAG(s) 'example_short_circuit_operator' retrieved from /home/philip/de_engineering/airflow_projects/airflow1/venv/lib/python3.10/site-packages/airflow/example_dags/example_short_circuit_operator.py
[2025-03-10T09:31:29.847+0100] {logging_mixin.py:188} INFO - [2025-03-10T09:31:29.847+0100] {dag.py:3036} INFO - Sync 1 DAGs
[2025-03-10T09:31:29.867+0100] {logging_mixin.py:188} INFO - [2025-03-10T09:31:29.867+0100] {dag.py:3823} INFO - Setting next_dagrun for example_short_circuit_operator to 2025-03-09 00:00:00+00:00, run_after=2025-03-10 00:00:00+00:00
[2025-03-10T09:31:29.881+0100] {processor.py:183} INFO - Processing /home/philip/de_engineering/airflow_projects/airflow1/venv/lib/python3.10/site-packages/airflow/example_dags/example_short_circuit_operator.py took 0.067 seconds
[2025-03-10T09:32:00.025+0100] {processor.py:161} INFO - Started process (PID=148077) to work on /home/philip/de_engineering/airflow_projects/airflow1/venv/lib/python3.10/site-packages/airflow/example_dags/example_short_circuit_operator.py
[2025-03-10T09:32:00.027+0100] {processor.py:830} INFO - Processing file /home/philip/de_engineering/airflow_projects/airflow1/venv/lib/python3.10/site-packages/airflow/example_dags/example_short_circuit_operator.py for tasks to queue
[2025-03-10T09:32:00.028+0100] {logging_mixin.py:188} INFO - [2025-03-10T09:32:00.028+0100] {dagbag.py:538} INFO - Filling up the DagBag from /home/philip/de_engineering/airflow_projects/airflow1/venv/lib/python3.10/site-packages/airflow/example_dags/example_short_circuit_operator.py
[2025-03-10T09:32:00.035+0100] {processor.py:840} INFO - DAG(s) 'example_short_circuit_operator' retrieved from /home/philip/de_engineering/airflow_projects/airflow1/venv/lib/python3.10/site-packages/airflow/example_dags/example_short_circuit_operator.py
[2025-03-10T09:32:00.058+0100] {logging_mixin.py:188} INFO - [2025-03-10T09:32:00.058+0100] {dag.py:3036} INFO - Sync 1 DAGs
[2025-03-10T09:32:00.079+0100] {logging_mixin.py:188} INFO - [2025-03-10T09:32:00.078+0100] {dag.py:3823} INFO - Setting next_dagrun for example_short_circuit_operator to 2025-03-09 00:00:00+00:00, run_after=2025-03-10 00:00:00+00:00
[2025-03-10T09:32:00.094+0100] {processor.py:183} INFO - Processing /home/philip/de_engineering/airflow_projects/airflow1/venv/lib/python3.10/site-packages/airflow/example_dags/example_short_circuit_operator.py took 0.072 seconds
[2025-03-10T09:32:30.236+0100] {processor.py:161} INFO - Started process (PID=148457) to work on /home/philip/de_engineering/airflow_projects/airflow1/venv/lib/python3.10/site-packages/airflow/example_dags/example_short_circuit_operator.py
[2025-03-10T09:32:30.237+0100] {processor.py:830} INFO - Processing file /home/philip/de_engineering/airflow_projects/airflow1/venv/lib/python3.10/site-packages/airflow/example_dags/example_short_circuit_operator.py for tasks to queue
[2025-03-10T09:32:30.237+0100] {logging_mixin.py:188} INFO - [2025-03-10T09:32:30.237+0100] {dagbag.py:538} INFO - Filling up the DagBag from /home/philip/de_engineering/airflow_projects/airflow1/venv/lib/python3.10/site-packages/airflow/example_dags/example_short_circuit_operator.py
[2025-03-10T09:32:30.244+0100] {processor.py:840} INFO - DAG(s) 'example_short_circuit_operator' retrieved from /home/philip/de_engineering/airflow_projects/airflow1/venv/lib/python3.10/site-packages/airflow/example_dags/example_short_circuit_operator.py
[2025-03-10T09:32:30.265+0100] {logging_mixin.py:188} INFO - [2025-03-10T09:32:30.265+0100] {dag.py:3036} INFO - Sync 1 DAGs
[2025-03-10T09:32:30.284+0100] {logging_mixin.py:188} INFO - [2025-03-10T09:32:30.284+0100] {dag.py:3823} INFO - Setting next_dagrun for example_short_circuit_operator to 2025-03-09 00:00:00+00:00, run_after=2025-03-10 00:00:00+00:00
[2025-03-10T09:32:30.297+0100] {processor.py:183} INFO - Processing /home/philip/de_engineering/airflow_projects/airflow1/venv/lib/python3.10/site-packages/airflow/example_dags/example_short_circuit_operator.py took 0.064 seconds
[2025-03-10T09:33:00.468+0100] {processor.py:161} INFO - Started process (PID=148835) to work on /home/philip/de_engineering/airflow_projects/airflow1/venv/lib/python3.10/site-packages/airflow/example_dags/example_short_circuit_operator.py
[2025-03-10T09:33:00.469+0100] {processor.py:830} INFO - Processing file /home/philip/de_engineering/airflow_projects/airflow1/venv/lib/python3.10/site-packages/airflow/example_dags/example_short_circuit_operator.py for tasks to queue
[2025-03-10T09:33:00.470+0100] {logging_mixin.py:188} INFO - [2025-03-10T09:33:00.470+0100] {dagbag.py:538} INFO - Filling up the DagBag from /home/philip/de_engineering/airflow_projects/airflow1/venv/lib/python3.10/site-packages/airflow/example_dags/example_short_circuit_operator.py
[2025-03-10T09:33:00.476+0100] {processor.py:840} INFO - DAG(s) 'example_short_circuit_operator' retrieved from /home/philip/de_engineering/airflow_projects/airflow1/venv/lib/python3.10/site-packages/airflow/example_dags/example_short_circuit_operator.py
[2025-03-10T09:33:00.497+0100] {logging_mixin.py:188} INFO - [2025-03-10T09:33:00.497+0100] {dag.py:3036} INFO - Sync 1 DAGs
[2025-03-10T09:33:00.513+0100] {logging_mixin.py:188} INFO - [2025-03-10T09:33:00.513+0100] {dag.py:3823} INFO - Setting next_dagrun for example_short_circuit_operator to 2025-03-09 00:00:00+00:00, run_after=2025-03-10 00:00:00+00:00
[2025-03-10T09:33:00.527+0100] {processor.py:183} INFO - Processing /home/philip/de_engineering/airflow_projects/airflow1/venv/lib/python3.10/site-packages/airflow/example_dags/example_short_circuit_operator.py took 0.062 seconds
[2025-03-10T09:33:30.633+0100] {processor.py:161} INFO - Started process (PID=149215) to work on /home/philip/de_engineering/airflow_projects/airflow1/venv/lib/python3.10/site-packages/airflow/example_dags/example_short_circuit_operator.py
[2025-03-10T09:33:30.634+0100] {processor.py:830} INFO - Processing file /home/philip/de_engineering/airflow_projects/airflow1/venv/lib/python3.10/site-packages/airflow/example_dags/example_short_circuit_operator.py for tasks to queue
[2025-03-10T09:33:30.634+0100] {logging_mixin.py:188} INFO - [2025-03-10T09:33:30.634+0100] {dagbag.py:538} INFO - Filling up the DagBag from /home/philip/de_engineering/airflow_projects/airflow1/venv/lib/python3.10/site-packages/airflow/example_dags/example_short_circuit_operator.py
[2025-03-10T09:33:30.640+0100] {processor.py:840} INFO - DAG(s) 'example_short_circuit_operator' retrieved from /home/philip/de_engineering/airflow_projects/airflow1/venv/lib/python3.10/site-packages/airflow/example_dags/example_short_circuit_operator.py
[2025-03-10T09:33:30.661+0100] {logging_mixin.py:188} INFO - [2025-03-10T09:33:30.661+0100] {dag.py:3036} INFO - Sync 1 DAGs
[2025-03-10T09:33:30.678+0100] {logging_mixin.py:188} INFO - [2025-03-10T09:33:30.678+0100] {dag.py:3823} INFO - Setting next_dagrun for example_short_circuit_operator to 2025-03-09 00:00:00+00:00, run_after=2025-03-10 00:00:00+00:00
[2025-03-10T09:33:30.691+0100] {processor.py:183} INFO - Processing /home/philip/de_engineering/airflow_projects/airflow1/venv/lib/python3.10/site-packages/airflow/example_dags/example_short_circuit_operator.py took 0.061 seconds
[2025-03-10T09:34:00.867+0100] {processor.py:161} INFO - Started process (PID=149595) to work on /home/philip/de_engineering/airflow_projects/airflow1/venv/lib/python3.10/site-packages/airflow/example_dags/example_short_circuit_operator.py
[2025-03-10T09:34:00.868+0100] {processor.py:830} INFO - Processing file /home/philip/de_engineering/airflow_projects/airflow1/venv/lib/python3.10/site-packages/airflow/example_dags/example_short_circuit_operator.py for tasks to queue
[2025-03-10T09:34:00.869+0100] {logging_mixin.py:188} INFO - [2025-03-10T09:34:00.868+0100] {dagbag.py:538} INFO - Filling up the DagBag from /home/philip/de_engineering/airflow_projects/airflow1/venv/lib/python3.10/site-packages/airflow/example_dags/example_short_circuit_operator.py
[2025-03-10T09:34:00.875+0100] {processor.py:840} INFO - DAG(s) 'example_short_circuit_operator' retrieved from /home/philip/de_engineering/airflow_projects/airflow1/venv/lib/python3.10/site-packages/airflow/example_dags/example_short_circuit_operator.py
[2025-03-10T09:34:00.897+0100] {logging_mixin.py:188} INFO - [2025-03-10T09:34:00.896+0100] {dag.py:3036} INFO - Sync 1 DAGs
[2025-03-10T09:34:00.920+0100] {logging_mixin.py:188} INFO - [2025-03-10T09:34:00.920+0100] {dag.py:3823} INFO - Setting next_dagrun for example_short_circuit_operator to 2025-03-09 00:00:00+00:00, run_after=2025-03-10 00:00:00+00:00
[2025-03-10T09:34:00.935+0100] {processor.py:183} INFO - Processing /home/philip/de_engineering/airflow_projects/airflow1/venv/lib/python3.10/site-packages/airflow/example_dags/example_short_circuit_operator.py took 0.071 seconds
[2025-03-10T09:34:31.142+0100] {processor.py:161} INFO - Started process (PID=149970) to work on /home/philip/de_engineering/airflow_projects/airflow1/venv/lib/python3.10/site-packages/airflow/example_dags/example_short_circuit_operator.py
[2025-03-10T09:34:31.143+0100] {processor.py:830} INFO - Processing file /home/philip/de_engineering/airflow_projects/airflow1/venv/lib/python3.10/site-packages/airflow/example_dags/example_short_circuit_operator.py for tasks to queue
[2025-03-10T09:34:31.144+0100] {logging_mixin.py:188} INFO - [2025-03-10T09:34:31.143+0100] {dagbag.py:538} INFO - Filling up the DagBag from /home/philip/de_engineering/airflow_projects/airflow1/venv/lib/python3.10/site-packages/airflow/example_dags/example_short_circuit_operator.py
[2025-03-10T09:34:31.150+0100] {processor.py:840} INFO - DAG(s) 'example_short_circuit_operator' retrieved from /home/philip/de_engineering/airflow_projects/airflow1/venv/lib/python3.10/site-packages/airflow/example_dags/example_short_circuit_operator.py
[2025-03-10T09:34:31.172+0100] {logging_mixin.py:188} INFO - [2025-03-10T09:34:31.172+0100] {dag.py:3036} INFO - Sync 1 DAGs
[2025-03-10T09:34:31.191+0100] {logging_mixin.py:188} INFO - [2025-03-10T09:34:31.191+0100] {dag.py:3823} INFO - Setting next_dagrun for example_short_circuit_operator to 2025-03-09 00:00:00+00:00, run_after=2025-03-10 00:00:00+00:00
[2025-03-10T09:34:31.206+0100] {processor.py:183} INFO - Processing /home/philip/de_engineering/airflow_projects/airflow1/venv/lib/python3.10/site-packages/airflow/example_dags/example_short_circuit_operator.py took 0.067 seconds
[2025-03-10T09:35:01.392+0100] {processor.py:161} INFO - Started process (PID=150352) to work on /home/philip/de_engineering/airflow_projects/airflow1/venv/lib/python3.10/site-packages/airflow/example_dags/example_short_circuit_operator.py
[2025-03-10T09:35:01.393+0100] {processor.py:830} INFO - Processing file /home/philip/de_engineering/airflow_projects/airflow1/venv/lib/python3.10/site-packages/airflow/example_dags/example_short_circuit_operator.py for tasks to queue
[2025-03-10T09:35:01.393+0100] {logging_mixin.py:188} INFO - [2025-03-10T09:35:01.393+0100] {dagbag.py:538} INFO - Filling up the DagBag from /home/philip/de_engineering/airflow_projects/airflow1/venv/lib/python3.10/site-packages/airflow/example_dags/example_short_circuit_operator.py
[2025-03-10T09:35:01.399+0100] {processor.py:840} INFO - DAG(s) 'example_short_circuit_operator' retrieved from /home/philip/de_engineering/airflow_projects/airflow1/venv/lib/python3.10/site-packages/airflow/example_dags/example_short_circuit_operator.py
[2025-03-10T09:35:01.420+0100] {logging_mixin.py:188} INFO - [2025-03-10T09:35:01.419+0100] {dag.py:3036} INFO - Sync 1 DAGs
[2025-03-10T09:35:01.437+0100] {logging_mixin.py:188} INFO - [2025-03-10T09:35:01.437+0100] {dag.py:3823} INFO - Setting next_dagrun for example_short_circuit_operator to 2025-03-09 00:00:00+00:00, run_after=2025-03-10 00:00:00+00:00
[2025-03-10T09:35:01.450+0100] {processor.py:183} INFO - Processing /home/philip/de_engineering/airflow_projects/airflow1/venv/lib/python3.10/site-packages/airflow/example_dags/example_short_circuit_operator.py took 0.061 seconds
[2025-03-10T09:35:31.708+0100] {processor.py:161} INFO - Started process (PID=150730) to work on /home/philip/de_engineering/airflow_projects/airflow1/venv/lib/python3.10/site-packages/airflow/example_dags/example_short_circuit_operator.py
[2025-03-10T09:35:31.709+0100] {processor.py:830} INFO - Processing file /home/philip/de_engineering/airflow_projects/airflow1/venv/lib/python3.10/site-packages/airflow/example_dags/example_short_circuit_operator.py for tasks to queue
[2025-03-10T09:35:31.709+0100] {logging_mixin.py:188} INFO - [2025-03-10T09:35:31.709+0100] {dagbag.py:538} INFO - Filling up the DagBag from /home/philip/de_engineering/airflow_projects/airflow1/venv/lib/python3.10/site-packages/airflow/example_dags/example_short_circuit_operator.py
[2025-03-10T09:35:31.716+0100] {processor.py:840} INFO - DAG(s) 'example_short_circuit_operator' retrieved from /home/philip/de_engineering/airflow_projects/airflow1/venv/lib/python3.10/site-packages/airflow/example_dags/example_short_circuit_operator.py
[2025-03-10T09:35:31.737+0100] {logging_mixin.py:188} INFO - [2025-03-10T09:35:31.737+0100] {dag.py:3036} INFO - Sync 1 DAGs
[2025-03-10T09:35:31.756+0100] {logging_mixin.py:188} INFO - [2025-03-10T09:35:31.755+0100] {dag.py:3823} INFO - Setting next_dagrun for example_short_circuit_operator to 2025-03-09 00:00:00+00:00, run_after=2025-03-10 00:00:00+00:00
[2025-03-10T09:35:31.769+0100] {processor.py:183} INFO - Processing /home/philip/de_engineering/airflow_projects/airflow1/venv/lib/python3.10/site-packages/airflow/example_dags/example_short_circuit_operator.py took 0.063 seconds
[2025-03-10T09:36:01.850+0100] {processor.py:161} INFO - Started process (PID=151110) to work on /home/philip/de_engineering/airflow_projects/airflow1/venv/lib/python3.10/site-packages/airflow/example_dags/example_short_circuit_operator.py
[2025-03-10T09:36:01.851+0100] {processor.py:830} INFO - Processing file /home/philip/de_engineering/airflow_projects/airflow1/venv/lib/python3.10/site-packages/airflow/example_dags/example_short_circuit_operator.py for tasks to queue
[2025-03-10T09:36:01.852+0100] {logging_mixin.py:188} INFO - [2025-03-10T09:36:01.852+0100] {dagbag.py:538} INFO - Filling up the DagBag from /home/philip/de_engineering/airflow_projects/airflow1/venv/lib/python3.10/site-packages/airflow/example_dags/example_short_circuit_operator.py
[2025-03-10T09:36:01.858+0100] {processor.py:840} INFO - DAG(s) 'example_short_circuit_operator' retrieved from /home/philip/de_engineering/airflow_projects/airflow1/venv/lib/python3.10/site-packages/airflow/example_dags/example_short_circuit_operator.py
[2025-03-10T09:36:01.879+0100] {logging_mixin.py:188} INFO - [2025-03-10T09:36:01.879+0100] {dag.py:3036} INFO - Sync 1 DAGs
[2025-03-10T09:36:01.897+0100] {logging_mixin.py:188} INFO - [2025-03-10T09:36:01.896+0100] {dag.py:3823} INFO - Setting next_dagrun for example_short_circuit_operator to 2025-03-09 00:00:00+00:00, run_after=2025-03-10 00:00:00+00:00
[2025-03-10T09:36:01.911+0100] {processor.py:183} INFO - Processing /home/philip/de_engineering/airflow_projects/airflow1/venv/lib/python3.10/site-packages/airflow/example_dags/example_short_circuit_operator.py took 0.064 seconds
