[2025-03-10T09:14:24.908+0100] {processor.py:161} INFO - Started process (PID=136885) to work on /home/philip/de_engineering/airflow_projects/airflow1/venv/lib/python3.10/site-packages/airflow/example_dags/example_complex.py
[2025-03-10T09:14:24.908+0100] {processor.py:830} INFO - Processing file /home/philip/de_engineering/airflow_projects/airflow1/venv/lib/python3.10/site-packages/airflow/example_dags/example_complex.py for tasks to queue
[2025-03-10T09:14:24.909+0100] {logging_mixin.py:188} INFO - [2025-03-10T09:14:24.909+0100] {dagbag.py:538} INFO - Filling up the DagBag from /home/philip/de_engineering/airflow_projects/airflow1/venv/lib/python3.10/site-packages/airflow/example_dags/example_complex.py
[2025-03-10T09:14:24.919+0100] {processor.py:840} INFO - DAG(s) 'example_complex' retrieved from /home/philip/de_engineering/airflow_projects/airflow1/venv/lib/python3.10/site-packages/airflow/example_dags/example_complex.py
[2025-03-10T09:14:25.004+0100] {logging_mixin.py:188} INFO - [2025-03-10T09:14:25.003+0100] {override.py:1769} INFO - Created Permission View: can read on DAG:example_complex
[2025-03-10T09:14:25.011+0100] {logging_mixin.py:188} INFO - [2025-03-10T09:14:25.011+0100] {override.py:1769} INFO - Created Permission View: can delete on DAG:example_complex
[2025-03-10T09:14:25.016+0100] {logging_mixin.py:188} INFO - [2025-03-10T09:14:25.016+0100] {override.py:1769} INFO - Created Permission View: can edit on DAG:example_complex
[2025-03-10T09:14:25.016+0100] {logging_mixin.py:188} INFO - [2025-03-10T09:14:25.016+0100] {dag.py:3036} INFO - Sync 1 DAGs
[2025-03-10T09:14:25.024+0100] {logging_mixin.py:188} INFO - [2025-03-10T09:14:25.024+0100] {dag.py:3058} INFO - Creating ORM DAG for example_complex
[2025-03-10T09:14:25.024+0100] {logging_mixin.py:188} INFO - [2025-03-10T09:14:25.024+0100] {dag.py:3823} INFO - Setting next_dagrun for example_complex to None, run_after=None
[2025-03-10T09:14:25.038+0100] {processor.py:183} INFO - Processing /home/philip/de_engineering/airflow_projects/airflow1/venv/lib/python3.10/site-packages/airflow/example_dags/example_complex.py took 0.133 seconds
[2025-03-10T09:14:55.776+0100] {processor.py:161} INFO - Started process (PID=136996) to work on /home/philip/de_engineering/airflow_projects/airflow1/venv/lib/python3.10/site-packages/airflow/example_dags/example_complex.py
[2025-03-10T09:14:55.776+0100] {processor.py:830} INFO - Processing file /home/philip/de_engineering/airflow_projects/airflow1/venv/lib/python3.10/site-packages/airflow/example_dags/example_complex.py for tasks to queue
[2025-03-10T09:14:55.777+0100] {logging_mixin.py:188} INFO - [2025-03-10T09:14:55.777+0100] {dagbag.py:538} INFO - Filling up the DagBag from /home/philip/de_engineering/airflow_projects/airflow1/venv/lib/python3.10/site-packages/airflow/example_dags/example_complex.py
[2025-03-10T09:14:55.786+0100] {processor.py:840} INFO - DAG(s) 'example_complex' retrieved from /home/philip/de_engineering/airflow_projects/airflow1/venv/lib/python3.10/site-packages/airflow/example_dags/example_complex.py
[2025-03-10T09:14:55.812+0100] {logging_mixin.py:188} INFO - [2025-03-10T09:14:55.812+0100] {dag.py:3036} INFO - Sync 1 DAGs
[2025-03-10T09:14:55.822+0100] {logging_mixin.py:188} INFO - [2025-03-10T09:14:55.822+0100] {dag.py:3823} INFO - Setting next_dagrun for example_complex to None, run_after=None
[2025-03-10T09:14:55.838+0100] {processor.py:183} INFO - Processing /home/philip/de_engineering/airflow_projects/airflow1/venv/lib/python3.10/site-packages/airflow/example_dags/example_complex.py took 0.065 seconds
[2025-03-10T09:15:25.944+0100] {processor.py:161} INFO - Started process (PID=137097) to work on /home/philip/de_engineering/airflow_projects/airflow1/venv/lib/python3.10/site-packages/airflow/example_dags/example_complex.py
[2025-03-10T09:15:25.946+0100] {processor.py:830} INFO - Processing file /home/philip/de_engineering/airflow_projects/airflow1/venv/lib/python3.10/site-packages/airflow/example_dags/example_complex.py for tasks to queue
[2025-03-10T09:15:25.947+0100] {logging_mixin.py:188} INFO - [2025-03-10T09:15:25.946+0100] {dagbag.py:538} INFO - Filling up the DagBag from /home/philip/de_engineering/airflow_projects/airflow1/venv/lib/python3.10/site-packages/airflow/example_dags/example_complex.py
[2025-03-10T09:15:25.955+0100] {processor.py:840} INFO - DAG(s) 'example_complex' retrieved from /home/philip/de_engineering/airflow_projects/airflow1/venv/lib/python3.10/site-packages/airflow/example_dags/example_complex.py
[2025-03-10T09:15:25.982+0100] {logging_mixin.py:188} INFO - [2025-03-10T09:15:25.982+0100] {dag.py:3036} INFO - Sync 1 DAGs
[2025-03-10T09:15:25.992+0100] {logging_mixin.py:188} INFO - [2025-03-10T09:15:25.991+0100] {dag.py:3823} INFO - Setting next_dagrun for example_complex to None, run_after=None
[2025-03-10T09:15:26.005+0100] {processor.py:183} INFO - Processing /home/philip/de_engineering/airflow_projects/airflow1/venv/lib/python3.10/site-packages/airflow/example_dags/example_complex.py took 0.064 seconds
[2025-03-10T09:15:56.424+0100] {processor.py:161} INFO - Started process (PID=137199) to work on /home/philip/de_engineering/airflow_projects/airflow1/venv/lib/python3.10/site-packages/airflow/example_dags/example_complex.py
[2025-03-10T09:15:56.425+0100] {processor.py:830} INFO - Processing file /home/philip/de_engineering/airflow_projects/airflow1/venv/lib/python3.10/site-packages/airflow/example_dags/example_complex.py for tasks to queue
[2025-03-10T09:15:56.425+0100] {logging_mixin.py:188} INFO - [2025-03-10T09:15:56.425+0100] {dagbag.py:538} INFO - Filling up the DagBag from /home/philip/de_engineering/airflow_projects/airflow1/venv/lib/python3.10/site-packages/airflow/example_dags/example_complex.py
[2025-03-10T09:15:56.435+0100] {processor.py:840} INFO - DAG(s) 'example_complex' retrieved from /home/philip/de_engineering/airflow_projects/airflow1/venv/lib/python3.10/site-packages/airflow/example_dags/example_complex.py
[2025-03-10T09:15:56.465+0100] {logging_mixin.py:188} INFO - [2025-03-10T09:15:56.464+0100] {dag.py:3036} INFO - Sync 1 DAGs
[2025-03-10T09:15:56.477+0100] {logging_mixin.py:188} INFO - [2025-03-10T09:15:56.477+0100] {dag.py:3823} INFO - Setting next_dagrun for example_complex to None, run_after=None
[2025-03-10T09:15:56.501+0100] {processor.py:183} INFO - Processing /home/philip/de_engineering/airflow_projects/airflow1/venv/lib/python3.10/site-packages/airflow/example_dags/example_complex.py took 0.080 seconds
[2025-03-10T09:16:26.780+0100] {processor.py:161} INFO - Started process (PID=137575) to work on /home/philip/de_engineering/airflow_projects/airflow1/venv/lib/python3.10/site-packages/airflow/example_dags/example_complex.py
[2025-03-10T09:16:26.782+0100] {processor.py:830} INFO - Processing file /home/philip/de_engineering/airflow_projects/airflow1/venv/lib/python3.10/site-packages/airflow/example_dags/example_complex.py for tasks to queue
[2025-03-10T09:16:26.782+0100] {logging_mixin.py:188} INFO - [2025-03-10T09:16:26.782+0100] {dagbag.py:538} INFO - Filling up the DagBag from /home/philip/de_engineering/airflow_projects/airflow1/venv/lib/python3.10/site-packages/airflow/example_dags/example_complex.py
[2025-03-10T09:16:26.791+0100] {processor.py:840} INFO - DAG(s) 'example_complex' retrieved from /home/philip/de_engineering/airflow_projects/airflow1/venv/lib/python3.10/site-packages/airflow/example_dags/example_complex.py
[2025-03-10T09:16:26.818+0100] {logging_mixin.py:188} INFO - [2025-03-10T09:16:26.817+0100] {dag.py:3036} INFO - Sync 1 DAGs
[2025-03-10T09:16:26.828+0100] {logging_mixin.py:188} INFO - [2025-03-10T09:16:26.827+0100] {dag.py:3823} INFO - Setting next_dagrun for example_complex to None, run_after=None
[2025-03-10T09:16:26.845+0100] {processor.py:183} INFO - Processing /home/philip/de_engineering/airflow_projects/airflow1/venv/lib/python3.10/site-packages/airflow/example_dags/example_complex.py took 0.068 seconds
[2025-03-10T09:16:56.912+0100] {processor.py:161} INFO - Started process (PID=137764) to work on /home/philip/de_engineering/airflow_projects/airflow1/venv/lib/python3.10/site-packages/airflow/example_dags/example_complex.py
[2025-03-10T09:16:56.912+0100] {processor.py:830} INFO - Processing file /home/philip/de_engineering/airflow_projects/airflow1/venv/lib/python3.10/site-packages/airflow/example_dags/example_complex.py for tasks to queue
[2025-03-10T09:16:56.913+0100] {logging_mixin.py:188} INFO - [2025-03-10T09:16:56.913+0100] {dagbag.py:538} INFO - Filling up the DagBag from /home/philip/de_engineering/airflow_projects/airflow1/venv/lib/python3.10/site-packages/airflow/example_dags/example_complex.py
[2025-03-10T09:16:56.921+0100] {processor.py:840} INFO - DAG(s) 'example_complex' retrieved from /home/philip/de_engineering/airflow_projects/airflow1/venv/lib/python3.10/site-packages/airflow/example_dags/example_complex.py
[2025-03-10T09:16:56.947+0100] {logging_mixin.py:188} INFO - [2025-03-10T09:16:56.947+0100] {dag.py:3036} INFO - Sync 1 DAGs
[2025-03-10T09:16:56.956+0100] {logging_mixin.py:188} INFO - [2025-03-10T09:16:56.956+0100] {dag.py:3823} INFO - Setting next_dagrun for example_complex to None, run_after=None
[2025-03-10T09:16:56.972+0100] {processor.py:183} INFO - Processing /home/philip/de_engineering/airflow_projects/airflow1/venv/lib/python3.10/site-packages/airflow/example_dags/example_complex.py took 0.063 seconds
[2025-03-10T09:17:27.183+0100] {processor.py:161} INFO - Started process (PID=137955) to work on /home/philip/de_engineering/airflow_projects/airflow1/venv/lib/python3.10/site-packages/airflow/example_dags/example_complex.py
[2025-03-10T09:17:27.185+0100] {processor.py:830} INFO - Processing file /home/philip/de_engineering/airflow_projects/airflow1/venv/lib/python3.10/site-packages/airflow/example_dags/example_complex.py for tasks to queue
[2025-03-10T09:17:27.185+0100] {logging_mixin.py:188} INFO - [2025-03-10T09:17:27.185+0100] {dagbag.py:538} INFO - Filling up the DagBag from /home/philip/de_engineering/airflow_projects/airflow1/venv/lib/python3.10/site-packages/airflow/example_dags/example_complex.py
[2025-03-10T09:17:27.193+0100] {processor.py:840} INFO - DAG(s) 'example_complex' retrieved from /home/philip/de_engineering/airflow_projects/airflow1/venv/lib/python3.10/site-packages/airflow/example_dags/example_complex.py
[2025-03-10T09:17:27.220+0100] {logging_mixin.py:188} INFO - [2025-03-10T09:17:27.220+0100] {dag.py:3036} INFO - Sync 1 DAGs
[2025-03-10T09:17:27.231+0100] {logging_mixin.py:188} INFO - [2025-03-10T09:17:27.231+0100] {dag.py:3823} INFO - Setting next_dagrun for example_complex to None, run_after=None
[2025-03-10T09:17:27.246+0100] {processor.py:183} INFO - Processing /home/philip/de_engineering/airflow_projects/airflow1/venv/lib/python3.10/site-packages/airflow/example_dags/example_complex.py took 0.066 seconds
[2025-03-10T09:19:21.736+0100] {processor.py:161} INFO - Started process (PID=138620) to work on /home/philip/de_engineering/airflow_projects/airflow1/venv/lib/python3.10/site-packages/airflow/example_dags/example_complex.py
[2025-03-10T09:19:21.738+0100] {processor.py:830} INFO - Processing file /home/philip/de_engineering/airflow_projects/airflow1/venv/lib/python3.10/site-packages/airflow/example_dags/example_complex.py for tasks to queue
[2025-03-10T09:19:21.739+0100] {logging_mixin.py:188} INFO - [2025-03-10T09:19:21.738+0100] {dagbag.py:538} INFO - Filling up the DagBag from /home/philip/de_engineering/airflow_projects/airflow1/venv/lib/python3.10/site-packages/airflow/example_dags/example_complex.py
[2025-03-10T09:19:21.750+0100] {processor.py:840} INFO - DAG(s) 'example_complex' retrieved from /home/philip/de_engineering/airflow_projects/airflow1/venv/lib/python3.10/site-packages/airflow/example_dags/example_complex.py
[2025-03-10T09:19:21.841+0100] {logging_mixin.py:188} INFO - [2025-03-10T09:19:21.841+0100] {dag.py:3036} INFO - Sync 1 DAGs
[2025-03-10T09:19:21.849+0100] {logging_mixin.py:188} INFO - [2025-03-10T09:19:21.849+0100] {dag.py:3823} INFO - Setting next_dagrun for example_complex to None, run_after=None
[2025-03-10T09:19:21.865+0100] {processor.py:183} INFO - Processing /home/philip/de_engineering/airflow_projects/airflow1/venv/lib/python3.10/site-packages/airflow/example_dags/example_complex.py took 0.132 seconds
[2025-03-10T09:19:51.931+0100] {processor.py:161} INFO - Started process (PID=138955) to work on /home/philip/de_engineering/airflow_projects/airflow1/venv/lib/python3.10/site-packages/airflow/example_dags/example_complex.py
[2025-03-10T09:19:51.932+0100] {processor.py:830} INFO - Processing file /home/philip/de_engineering/airflow_projects/airflow1/venv/lib/python3.10/site-packages/airflow/example_dags/example_complex.py for tasks to queue
[2025-03-10T09:19:51.932+0100] {logging_mixin.py:188} INFO - [2025-03-10T09:19:51.932+0100] {dagbag.py:538} INFO - Filling up the DagBag from /home/philip/de_engineering/airflow_projects/airflow1/venv/lib/python3.10/site-packages/airflow/example_dags/example_complex.py
[2025-03-10T09:19:51.941+0100] {processor.py:840} INFO - DAG(s) 'example_complex' retrieved from /home/philip/de_engineering/airflow_projects/airflow1/venv/lib/python3.10/site-packages/airflow/example_dags/example_complex.py
[2025-03-10T09:19:51.967+0100] {logging_mixin.py:188} INFO - [2025-03-10T09:19:51.966+0100] {dag.py:3036} INFO - Sync 1 DAGs
[2025-03-10T09:19:51.977+0100] {logging_mixin.py:188} INFO - [2025-03-10T09:19:51.976+0100] {dag.py:3823} INFO - Setting next_dagrun for example_complex to None, run_after=None
[2025-03-10T09:19:51.991+0100] {processor.py:183} INFO - Processing /home/philip/de_engineering/airflow_projects/airflow1/venv/lib/python3.10/site-packages/airflow/example_dags/example_complex.py took 0.063 seconds
[2025-03-10T09:20:22.154+0100] {processor.py:161} INFO - Started process (PID=139334) to work on /home/philip/de_engineering/airflow_projects/airflow1/venv/lib/python3.10/site-packages/airflow/example_dags/example_complex.py
[2025-03-10T09:20:22.155+0100] {processor.py:830} INFO - Processing file /home/philip/de_engineering/airflow_projects/airflow1/venv/lib/python3.10/site-packages/airflow/example_dags/example_complex.py for tasks to queue
[2025-03-10T09:20:22.156+0100] {logging_mixin.py:188} INFO - [2025-03-10T09:20:22.156+0100] {dagbag.py:538} INFO - Filling up the DagBag from /home/philip/de_engineering/airflow_projects/airflow1/venv/lib/python3.10/site-packages/airflow/example_dags/example_complex.py
[2025-03-10T09:20:22.165+0100] {processor.py:840} INFO - DAG(s) 'example_complex' retrieved from /home/philip/de_engineering/airflow_projects/airflow1/venv/lib/python3.10/site-packages/airflow/example_dags/example_complex.py
[2025-03-10T09:20:22.196+0100] {logging_mixin.py:188} INFO - [2025-03-10T09:20:22.196+0100] {dag.py:3036} INFO - Sync 1 DAGs
[2025-03-10T09:20:22.211+0100] {logging_mixin.py:188} INFO - [2025-03-10T09:20:22.210+0100] {dag.py:3823} INFO - Setting next_dagrun for example_complex to None, run_after=None
[2025-03-10T09:20:22.230+0100] {processor.py:183} INFO - Processing /home/philip/de_engineering/airflow_projects/airflow1/venv/lib/python3.10/site-packages/airflow/example_dags/example_complex.py took 0.078 seconds
[2025-03-10T09:20:52.868+0100] {processor.py:161} INFO - Started process (PID=139710) to work on /home/philip/de_engineering/airflow_projects/airflow1/venv/lib/python3.10/site-packages/airflow/example_dags/example_complex.py
[2025-03-10T09:20:52.869+0100] {processor.py:830} INFO - Processing file /home/philip/de_engineering/airflow_projects/airflow1/venv/lib/python3.10/site-packages/airflow/example_dags/example_complex.py for tasks to queue
[2025-03-10T09:20:52.869+0100] {logging_mixin.py:188} INFO - [2025-03-10T09:20:52.869+0100] {dagbag.py:538} INFO - Filling up the DagBag from /home/philip/de_engineering/airflow_projects/airflow1/venv/lib/python3.10/site-packages/airflow/example_dags/example_complex.py
[2025-03-10T09:20:52.878+0100] {processor.py:840} INFO - DAG(s) 'example_complex' retrieved from /home/philip/de_engineering/airflow_projects/airflow1/venv/lib/python3.10/site-packages/airflow/example_dags/example_complex.py
[2025-03-10T09:20:52.910+0100] {logging_mixin.py:188} INFO - [2025-03-10T09:20:52.910+0100] {dag.py:3036} INFO - Sync 1 DAGs
[2025-03-10T09:20:52.922+0100] {logging_mixin.py:188} INFO - [2025-03-10T09:20:52.922+0100] {dag.py:3823} INFO - Setting next_dagrun for example_complex to None, run_after=None
[2025-03-10T09:20:52.939+0100] {processor.py:183} INFO - Processing /home/philip/de_engineering/airflow_projects/airflow1/venv/lib/python3.10/site-packages/airflow/example_dags/example_complex.py took 0.073 seconds
[2025-03-10T09:21:23.260+0100] {processor.py:161} INFO - Started process (PID=140091) to work on /home/philip/de_engineering/airflow_projects/airflow1/venv/lib/python3.10/site-packages/airflow/example_dags/example_complex.py
[2025-03-10T09:21:23.262+0100] {processor.py:830} INFO - Processing file /home/philip/de_engineering/airflow_projects/airflow1/venv/lib/python3.10/site-packages/airflow/example_dags/example_complex.py for tasks to queue
[2025-03-10T09:21:23.263+0100] {logging_mixin.py:188} INFO - [2025-03-10T09:21:23.262+0100] {dagbag.py:538} INFO - Filling up the DagBag from /home/philip/de_engineering/airflow_projects/airflow1/venv/lib/python3.10/site-packages/airflow/example_dags/example_complex.py
[2025-03-10T09:21:23.273+0100] {processor.py:840} INFO - DAG(s) 'example_complex' retrieved from /home/philip/de_engineering/airflow_projects/airflow1/venv/lib/python3.10/site-packages/airflow/example_dags/example_complex.py
[2025-03-10T09:21:23.308+0100] {logging_mixin.py:188} INFO - [2025-03-10T09:21:23.307+0100] {dag.py:3036} INFO - Sync 1 DAGs
[2025-03-10T09:21:23.320+0100] {logging_mixin.py:188} INFO - [2025-03-10T09:21:23.320+0100] {dag.py:3823} INFO - Setting next_dagrun for example_complex to None, run_after=None
[2025-03-10T09:21:23.340+0100] {processor.py:183} INFO - Processing /home/philip/de_engineering/airflow_projects/airflow1/venv/lib/python3.10/site-packages/airflow/example_dags/example_complex.py took 0.084 seconds
[2025-03-10T09:21:53.462+0100] {processor.py:161} INFO - Started process (PID=140473) to work on /home/philip/de_engineering/airflow_projects/airflow1/venv/lib/python3.10/site-packages/airflow/example_dags/example_complex.py
[2025-03-10T09:21:53.462+0100] {processor.py:830} INFO - Processing file /home/philip/de_engineering/airflow_projects/airflow1/venv/lib/python3.10/site-packages/airflow/example_dags/example_complex.py for tasks to queue
[2025-03-10T09:21:53.463+0100] {logging_mixin.py:188} INFO - [2025-03-10T09:21:53.463+0100] {dagbag.py:538} INFO - Filling up the DagBag from /home/philip/de_engineering/airflow_projects/airflow1/venv/lib/python3.10/site-packages/airflow/example_dags/example_complex.py
[2025-03-10T09:21:53.473+0100] {processor.py:840} INFO - DAG(s) 'example_complex' retrieved from /home/philip/de_engineering/airflow_projects/airflow1/venv/lib/python3.10/site-packages/airflow/example_dags/example_complex.py
[2025-03-10T09:21:53.507+0100] {logging_mixin.py:188} INFO - [2025-03-10T09:21:53.507+0100] {dag.py:3036} INFO - Sync 1 DAGs
[2025-03-10T09:21:53.519+0100] {logging_mixin.py:188} INFO - [2025-03-10T09:21:53.518+0100] {dag.py:3823} INFO - Setting next_dagrun for example_complex to None, run_after=None
[2025-03-10T09:21:53.537+0100] {processor.py:183} INFO - Processing /home/philip/de_engineering/airflow_projects/airflow1/venv/lib/python3.10/site-packages/airflow/example_dags/example_complex.py took 0.079 seconds
[2025-03-10T09:22:23.707+0100] {processor.py:161} INFO - Started process (PID=140848) to work on /home/philip/de_engineering/airflow_projects/airflow1/venv/lib/python3.10/site-packages/airflow/example_dags/example_complex.py
[2025-03-10T09:22:23.708+0100] {processor.py:830} INFO - Processing file /home/philip/de_engineering/airflow_projects/airflow1/venv/lib/python3.10/site-packages/airflow/example_dags/example_complex.py for tasks to queue
[2025-03-10T09:22:23.708+0100] {logging_mixin.py:188} INFO - [2025-03-10T09:22:23.708+0100] {dagbag.py:538} INFO - Filling up the DagBag from /home/philip/de_engineering/airflow_projects/airflow1/venv/lib/python3.10/site-packages/airflow/example_dags/example_complex.py
[2025-03-10T09:22:23.717+0100] {processor.py:840} INFO - DAG(s) 'example_complex' retrieved from /home/philip/de_engineering/airflow_projects/airflow1/venv/lib/python3.10/site-packages/airflow/example_dags/example_complex.py
[2025-03-10T09:22:23.745+0100] {logging_mixin.py:188} INFO - [2025-03-10T09:22:23.745+0100] {dag.py:3036} INFO - Sync 1 DAGs
[2025-03-10T09:22:23.758+0100] {logging_mixin.py:188} INFO - [2025-03-10T09:22:23.758+0100] {dag.py:3823} INFO - Setting next_dagrun for example_complex to None, run_after=None
[2025-03-10T09:22:23.776+0100] {processor.py:183} INFO - Processing /home/philip/de_engineering/airflow_projects/airflow1/venv/lib/python3.10/site-packages/airflow/example_dags/example_complex.py took 0.072 seconds
[2025-03-10T09:22:53.912+0100] {processor.py:161} INFO - Started process (PID=141228) to work on /home/philip/de_engineering/airflow_projects/airflow1/venv/lib/python3.10/site-packages/airflow/example_dags/example_complex.py
[2025-03-10T09:22:53.914+0100] {processor.py:830} INFO - Processing file /home/philip/de_engineering/airflow_projects/airflow1/venv/lib/python3.10/site-packages/airflow/example_dags/example_complex.py for tasks to queue
[2025-03-10T09:22:53.914+0100] {logging_mixin.py:188} INFO - [2025-03-10T09:22:53.914+0100] {dagbag.py:538} INFO - Filling up the DagBag from /home/philip/de_engineering/airflow_projects/airflow1/venv/lib/python3.10/site-packages/airflow/example_dags/example_complex.py
[2025-03-10T09:22:53.923+0100] {processor.py:840} INFO - DAG(s) 'example_complex' retrieved from /home/philip/de_engineering/airflow_projects/airflow1/venv/lib/python3.10/site-packages/airflow/example_dags/example_complex.py
[2025-03-10T09:22:53.950+0100] {logging_mixin.py:188} INFO - [2025-03-10T09:22:53.949+0100] {dag.py:3036} INFO - Sync 1 DAGs
[2025-03-10T09:22:53.959+0100] {logging_mixin.py:188} INFO - [2025-03-10T09:22:53.959+0100] {dag.py:3823} INFO - Setting next_dagrun for example_complex to None, run_after=None
[2025-03-10T09:22:53.974+0100] {processor.py:183} INFO - Processing /home/philip/de_engineering/airflow_projects/airflow1/venv/lib/python3.10/site-packages/airflow/example_dags/example_complex.py took 0.064 seconds
[2025-03-10T09:23:24.130+0100] {processor.py:161} INFO - Started process (PID=141605) to work on /home/philip/de_engineering/airflow_projects/airflow1/venv/lib/python3.10/site-packages/airflow/example_dags/example_complex.py
[2025-03-10T09:23:24.132+0100] {processor.py:830} INFO - Processing file /home/philip/de_engineering/airflow_projects/airflow1/venv/lib/python3.10/site-packages/airflow/example_dags/example_complex.py for tasks to queue
[2025-03-10T09:23:24.132+0100] {logging_mixin.py:188} INFO - [2025-03-10T09:23:24.132+0100] {dagbag.py:538} INFO - Filling up the DagBag from /home/philip/de_engineering/airflow_projects/airflow1/venv/lib/python3.10/site-packages/airflow/example_dags/example_complex.py
[2025-03-10T09:23:24.140+0100] {processor.py:840} INFO - DAG(s) 'example_complex' retrieved from /home/philip/de_engineering/airflow_projects/airflow1/venv/lib/python3.10/site-packages/airflow/example_dags/example_complex.py
[2025-03-10T09:23:24.170+0100] {logging_mixin.py:188} INFO - [2025-03-10T09:23:24.170+0100] {dag.py:3036} INFO - Sync 1 DAGs
[2025-03-10T09:23:24.181+0100] {logging_mixin.py:188} INFO - [2025-03-10T09:23:24.180+0100] {dag.py:3823} INFO - Setting next_dagrun for example_complex to None, run_after=None
[2025-03-10T09:23:24.196+0100] {processor.py:183} INFO - Processing /home/philip/de_engineering/airflow_projects/airflow1/venv/lib/python3.10/site-packages/airflow/example_dags/example_complex.py took 0.068 seconds
[2025-03-10T09:23:54.562+0100] {processor.py:161} INFO - Started process (PID=141986) to work on /home/philip/de_engineering/airflow_projects/airflow1/venv/lib/python3.10/site-packages/airflow/example_dags/example_complex.py
[2025-03-10T09:23:54.563+0100] {processor.py:830} INFO - Processing file /home/philip/de_engineering/airflow_projects/airflow1/venv/lib/python3.10/site-packages/airflow/example_dags/example_complex.py for tasks to queue
[2025-03-10T09:23:54.564+0100] {logging_mixin.py:188} INFO - [2025-03-10T09:23:54.564+0100] {dagbag.py:538} INFO - Filling up the DagBag from /home/philip/de_engineering/airflow_projects/airflow1/venv/lib/python3.10/site-packages/airflow/example_dags/example_complex.py
[2025-03-10T09:23:54.572+0100] {processor.py:840} INFO - DAG(s) 'example_complex' retrieved from /home/philip/de_engineering/airflow_projects/airflow1/venv/lib/python3.10/site-packages/airflow/example_dags/example_complex.py
[2025-03-10T09:23:54.600+0100] {logging_mixin.py:188} INFO - [2025-03-10T09:23:54.599+0100] {dag.py:3036} INFO - Sync 1 DAGs
[2025-03-10T09:23:54.610+0100] {logging_mixin.py:188} INFO - [2025-03-10T09:23:54.609+0100] {dag.py:3823} INFO - Setting next_dagrun for example_complex to None, run_after=None
[2025-03-10T09:23:54.625+0100] {processor.py:183} INFO - Processing /home/philip/de_engineering/airflow_projects/airflow1/venv/lib/python3.10/site-packages/airflow/example_dags/example_complex.py took 0.066 seconds
[2025-03-10T09:24:24.835+0100] {processor.py:161} INFO - Started process (PID=142361) to work on /home/philip/de_engineering/airflow_projects/airflow1/venv/lib/python3.10/site-packages/airflow/example_dags/example_complex.py
[2025-03-10T09:24:24.836+0100] {processor.py:830} INFO - Processing file /home/philip/de_engineering/airflow_projects/airflow1/venv/lib/python3.10/site-packages/airflow/example_dags/example_complex.py for tasks to queue
[2025-03-10T09:24:24.837+0100] {logging_mixin.py:188} INFO - [2025-03-10T09:24:24.837+0100] {dagbag.py:538} INFO - Filling up the DagBag from /home/philip/de_engineering/airflow_projects/airflow1/venv/lib/python3.10/site-packages/airflow/example_dags/example_complex.py
[2025-03-10T09:24:24.847+0100] {processor.py:840} INFO - DAG(s) 'example_complex' retrieved from /home/philip/de_engineering/airflow_projects/airflow1/venv/lib/python3.10/site-packages/airflow/example_dags/example_complex.py
[2025-03-10T09:24:24.878+0100] {logging_mixin.py:188} INFO - [2025-03-10T09:24:24.878+0100] {dag.py:3036} INFO - Sync 1 DAGs
[2025-03-10T09:24:24.890+0100] {logging_mixin.py:188} INFO - [2025-03-10T09:24:24.889+0100] {dag.py:3823} INFO - Setting next_dagrun for example_complex to None, run_after=None
[2025-03-10T09:24:24.909+0100] {processor.py:183} INFO - Processing /home/philip/de_engineering/airflow_projects/airflow1/venv/lib/python3.10/site-packages/airflow/example_dags/example_complex.py took 0.077 seconds
[2025-03-10T09:24:55.228+0100] {processor.py:161} INFO - Started process (PID=142742) to work on /home/philip/de_engineering/airflow_projects/airflow1/venv/lib/python3.10/site-packages/airflow/example_dags/example_complex.py
[2025-03-10T09:24:55.229+0100] {processor.py:830} INFO - Processing file /home/philip/de_engineering/airflow_projects/airflow1/venv/lib/python3.10/site-packages/airflow/example_dags/example_complex.py for tasks to queue
[2025-03-10T09:24:55.230+0100] {logging_mixin.py:188} INFO - [2025-03-10T09:24:55.230+0100] {dagbag.py:538} INFO - Filling up the DagBag from /home/philip/de_engineering/airflow_projects/airflow1/venv/lib/python3.10/site-packages/airflow/example_dags/example_complex.py
[2025-03-10T09:24:55.238+0100] {processor.py:840} INFO - DAG(s) 'example_complex' retrieved from /home/philip/de_engineering/airflow_projects/airflow1/venv/lib/python3.10/site-packages/airflow/example_dags/example_complex.py
[2025-03-10T09:24:55.265+0100] {logging_mixin.py:188} INFO - [2025-03-10T09:24:55.265+0100] {dag.py:3036} INFO - Sync 1 DAGs
[2025-03-10T09:24:55.275+0100] {logging_mixin.py:188} INFO - [2025-03-10T09:24:55.275+0100] {dag.py:3823} INFO - Setting next_dagrun for example_complex to None, run_after=None
[2025-03-10T09:24:55.290+0100] {processor.py:183} INFO - Processing /home/philip/de_engineering/airflow_projects/airflow1/venv/lib/python3.10/site-packages/airflow/example_dags/example_complex.py took 0.065 seconds
[2025-03-10T09:25:25.403+0100] {processor.py:161} INFO - Started process (PID=143127) to work on /home/philip/de_engineering/airflow_projects/airflow1/venv/lib/python3.10/site-packages/airflow/example_dags/example_complex.py
[2025-03-10T09:25:25.403+0100] {processor.py:830} INFO - Processing file /home/philip/de_engineering/airflow_projects/airflow1/venv/lib/python3.10/site-packages/airflow/example_dags/example_complex.py for tasks to queue
[2025-03-10T09:25:25.404+0100] {logging_mixin.py:188} INFO - [2025-03-10T09:25:25.404+0100] {dagbag.py:538} INFO - Filling up the DagBag from /home/philip/de_engineering/airflow_projects/airflow1/venv/lib/python3.10/site-packages/airflow/example_dags/example_complex.py
[2025-03-10T09:25:25.413+0100] {processor.py:840} INFO - DAG(s) 'example_complex' retrieved from /home/philip/de_engineering/airflow_projects/airflow1/venv/lib/python3.10/site-packages/airflow/example_dags/example_complex.py
[2025-03-10T09:25:25.439+0100] {logging_mixin.py:188} INFO - [2025-03-10T09:25:25.439+0100] {dag.py:3036} INFO - Sync 1 DAGs
[2025-03-10T09:25:25.450+0100] {logging_mixin.py:188} INFO - [2025-03-10T09:25:25.449+0100] {dag.py:3823} INFO - Setting next_dagrun for example_complex to None, run_after=None
[2025-03-10T09:25:25.465+0100] {processor.py:183} INFO - Processing /home/philip/de_engineering/airflow_projects/airflow1/venv/lib/python3.10/site-packages/airflow/example_dags/example_complex.py took 0.065 seconds
[2025-03-10T09:25:55.753+0100] {processor.py:161} INFO - Started process (PID=143502) to work on /home/philip/de_engineering/airflow_projects/airflow1/venv/lib/python3.10/site-packages/airflow/example_dags/example_complex.py
[2025-03-10T09:25:55.754+0100] {processor.py:830} INFO - Processing file /home/philip/de_engineering/airflow_projects/airflow1/venv/lib/python3.10/site-packages/airflow/example_dags/example_complex.py for tasks to queue
[2025-03-10T09:25:55.755+0100] {logging_mixin.py:188} INFO - [2025-03-10T09:25:55.755+0100] {dagbag.py:538} INFO - Filling up the DagBag from /home/philip/de_engineering/airflow_projects/airflow1/venv/lib/python3.10/site-packages/airflow/example_dags/example_complex.py
[2025-03-10T09:25:55.766+0100] {processor.py:840} INFO - DAG(s) 'example_complex' retrieved from /home/philip/de_engineering/airflow_projects/airflow1/venv/lib/python3.10/site-packages/airflow/example_dags/example_complex.py
[2025-03-10T09:25:55.794+0100] {logging_mixin.py:188} INFO - [2025-03-10T09:25:55.794+0100] {dag.py:3036} INFO - Sync 1 DAGs
[2025-03-10T09:25:55.805+0100] {logging_mixin.py:188} INFO - [2025-03-10T09:25:55.805+0100] {dag.py:3823} INFO - Setting next_dagrun for example_complex to None, run_after=None
[2025-03-10T09:25:55.821+0100] {processor.py:183} INFO - Processing /home/philip/de_engineering/airflow_projects/airflow1/venv/lib/python3.10/site-packages/airflow/example_dags/example_complex.py took 0.071 seconds
[2025-03-10T09:26:26.148+0100] {processor.py:161} INFO - Started process (PID=143882) to work on /home/philip/de_engineering/airflow_projects/airflow1/venv/lib/python3.10/site-packages/airflow/example_dags/example_complex.py
[2025-03-10T09:26:26.149+0100] {processor.py:830} INFO - Processing file /home/philip/de_engineering/airflow_projects/airflow1/venv/lib/python3.10/site-packages/airflow/example_dags/example_complex.py for tasks to queue
[2025-03-10T09:26:26.150+0100] {logging_mixin.py:188} INFO - [2025-03-10T09:26:26.150+0100] {dagbag.py:538} INFO - Filling up the DagBag from /home/philip/de_engineering/airflow_projects/airflow1/venv/lib/python3.10/site-packages/airflow/example_dags/example_complex.py
[2025-03-10T09:26:26.158+0100] {processor.py:840} INFO - DAG(s) 'example_complex' retrieved from /home/philip/de_engineering/airflow_projects/airflow1/venv/lib/python3.10/site-packages/airflow/example_dags/example_complex.py
[2025-03-10T09:26:26.189+0100] {logging_mixin.py:188} INFO - [2025-03-10T09:26:26.189+0100] {dag.py:3036} INFO - Sync 1 DAGs
[2025-03-10T09:26:26.201+0100] {logging_mixin.py:188} INFO - [2025-03-10T09:26:26.201+0100] {dag.py:3823} INFO - Setting next_dagrun for example_complex to None, run_after=None
[2025-03-10T09:26:26.216+0100] {processor.py:183} INFO - Processing /home/philip/de_engineering/airflow_projects/airflow1/venv/lib/python3.10/site-packages/airflow/example_dags/example_complex.py took 0.071 seconds
[2025-03-10T09:26:56.602+0100] {processor.py:161} INFO - Started process (PID=144257) to work on /home/philip/de_engineering/airflow_projects/airflow1/venv/lib/python3.10/site-packages/airflow/example_dags/example_complex.py
[2025-03-10T09:26:56.603+0100] {processor.py:830} INFO - Processing file /home/philip/de_engineering/airflow_projects/airflow1/venv/lib/python3.10/site-packages/airflow/example_dags/example_complex.py for tasks to queue
[2025-03-10T09:26:56.604+0100] {logging_mixin.py:188} INFO - [2025-03-10T09:26:56.604+0100] {dagbag.py:538} INFO - Filling up the DagBag from /home/philip/de_engineering/airflow_projects/airflow1/venv/lib/python3.10/site-packages/airflow/example_dags/example_complex.py
[2025-03-10T09:26:56.614+0100] {processor.py:840} INFO - DAG(s) 'example_complex' retrieved from /home/philip/de_engineering/airflow_projects/airflow1/venv/lib/python3.10/site-packages/airflow/example_dags/example_complex.py
[2025-03-10T09:26:56.644+0100] {logging_mixin.py:188} INFO - [2025-03-10T09:26:56.643+0100] {dag.py:3036} INFO - Sync 1 DAGs
[2025-03-10T09:26:56.655+0100] {logging_mixin.py:188} INFO - [2025-03-10T09:26:56.654+0100] {dag.py:3823} INFO - Setting next_dagrun for example_complex to None, run_after=None
[2025-03-10T09:26:56.670+0100] {processor.py:183} INFO - Processing /home/philip/de_engineering/airflow_projects/airflow1/venv/lib/python3.10/site-packages/airflow/example_dags/example_complex.py took 0.071 seconds
[2025-03-10T09:27:26.885+0100] {processor.py:161} INFO - Started process (PID=144637) to work on /home/philip/de_engineering/airflow_projects/airflow1/venv/lib/python3.10/site-packages/airflow/example_dags/example_complex.py
[2025-03-10T09:27:26.886+0100] {processor.py:830} INFO - Processing file /home/philip/de_engineering/airflow_projects/airflow1/venv/lib/python3.10/site-packages/airflow/example_dags/example_complex.py for tasks to queue
[2025-03-10T09:27:26.886+0100] {logging_mixin.py:188} INFO - [2025-03-10T09:27:26.886+0100] {dagbag.py:538} INFO - Filling up the DagBag from /home/philip/de_engineering/airflow_projects/airflow1/venv/lib/python3.10/site-packages/airflow/example_dags/example_complex.py
[2025-03-10T09:27:26.895+0100] {processor.py:840} INFO - DAG(s) 'example_complex' retrieved from /home/philip/de_engineering/airflow_projects/airflow1/venv/lib/python3.10/site-packages/airflow/example_dags/example_complex.py
[2025-03-10T09:27:26.922+0100] {logging_mixin.py:188} INFO - [2025-03-10T09:27:26.922+0100] {dag.py:3036} INFO - Sync 1 DAGs
[2025-03-10T09:27:26.933+0100] {logging_mixin.py:188} INFO - [2025-03-10T09:27:26.932+0100] {dag.py:3823} INFO - Setting next_dagrun for example_complex to None, run_after=None
[2025-03-10T09:27:26.949+0100] {processor.py:183} INFO - Processing /home/philip/de_engineering/airflow_projects/airflow1/venv/lib/python3.10/site-packages/airflow/example_dags/example_complex.py took 0.067 seconds
[2025-03-10T09:27:57.122+0100] {processor.py:161} INFO - Started process (PID=145015) to work on /home/philip/de_engineering/airflow_projects/airflow1/venv/lib/python3.10/site-packages/airflow/example_dags/example_complex.py
[2025-03-10T09:27:57.123+0100] {processor.py:830} INFO - Processing file /home/philip/de_engineering/airflow_projects/airflow1/venv/lib/python3.10/site-packages/airflow/example_dags/example_complex.py for tasks to queue
[2025-03-10T09:27:57.124+0100] {logging_mixin.py:188} INFO - [2025-03-10T09:27:57.124+0100] {dagbag.py:538} INFO - Filling up the DagBag from /home/philip/de_engineering/airflow_projects/airflow1/venv/lib/python3.10/site-packages/airflow/example_dags/example_complex.py
[2025-03-10T09:27:57.133+0100] {processor.py:840} INFO - DAG(s) 'example_complex' retrieved from /home/philip/de_engineering/airflow_projects/airflow1/venv/lib/python3.10/site-packages/airflow/example_dags/example_complex.py
[2025-03-10T09:27:57.160+0100] {logging_mixin.py:188} INFO - [2025-03-10T09:27:57.160+0100] {dag.py:3036} INFO - Sync 1 DAGs
[2025-03-10T09:27:57.170+0100] {logging_mixin.py:188} INFO - [2025-03-10T09:27:57.170+0100] {dag.py:3823} INFO - Setting next_dagrun for example_complex to None, run_after=None
[2025-03-10T09:27:57.185+0100] {processor.py:183} INFO - Processing /home/philip/de_engineering/airflow_projects/airflow1/venv/lib/python3.10/site-packages/airflow/example_dags/example_complex.py took 0.067 seconds
[2025-03-10T09:28:27.372+0100] {processor.py:161} INFO - Started process (PID=145392) to work on /home/philip/de_engineering/airflow_projects/airflow1/venv/lib/python3.10/site-packages/airflow/example_dags/example_complex.py
[2025-03-10T09:28:27.372+0100] {processor.py:830} INFO - Processing file /home/philip/de_engineering/airflow_projects/airflow1/venv/lib/python3.10/site-packages/airflow/example_dags/example_complex.py for tasks to queue
[2025-03-10T09:28:27.373+0100] {logging_mixin.py:188} INFO - [2025-03-10T09:28:27.373+0100] {dagbag.py:538} INFO - Filling up the DagBag from /home/philip/de_engineering/airflow_projects/airflow1/venv/lib/python3.10/site-packages/airflow/example_dags/example_complex.py
[2025-03-10T09:28:27.381+0100] {processor.py:840} INFO - DAG(s) 'example_complex' retrieved from /home/philip/de_engineering/airflow_projects/airflow1/venv/lib/python3.10/site-packages/airflow/example_dags/example_complex.py
[2025-03-10T09:28:27.409+0100] {logging_mixin.py:188} INFO - [2025-03-10T09:28:27.409+0100] {dag.py:3036} INFO - Sync 1 DAGs
[2025-03-10T09:28:27.420+0100] {logging_mixin.py:188} INFO - [2025-03-10T09:28:27.420+0100] {dag.py:3823} INFO - Setting next_dagrun for example_complex to None, run_after=None
[2025-03-10T09:28:27.435+0100] {processor.py:183} INFO - Processing /home/philip/de_engineering/airflow_projects/airflow1/venv/lib/python3.10/site-packages/airflow/example_dags/example_complex.py took 0.066 seconds
[2025-03-10T09:28:57.531+0100] {processor.py:161} INFO - Started process (PID=145775) to work on /home/philip/de_engineering/airflow_projects/airflow1/venv/lib/python3.10/site-packages/airflow/example_dags/example_complex.py
[2025-03-10T09:28:57.532+0100] {processor.py:830} INFO - Processing file /home/philip/de_engineering/airflow_projects/airflow1/venv/lib/python3.10/site-packages/airflow/example_dags/example_complex.py for tasks to queue
[2025-03-10T09:28:57.533+0100] {logging_mixin.py:188} INFO - [2025-03-10T09:28:57.533+0100] {dagbag.py:538} INFO - Filling up the DagBag from /home/philip/de_engineering/airflow_projects/airflow1/venv/lib/python3.10/site-packages/airflow/example_dags/example_complex.py
[2025-03-10T09:28:57.542+0100] {processor.py:840} INFO - DAG(s) 'example_complex' retrieved from /home/philip/de_engineering/airflow_projects/airflow1/venv/lib/python3.10/site-packages/airflow/example_dags/example_complex.py
[2025-03-10T09:28:57.568+0100] {logging_mixin.py:188} INFO - [2025-03-10T09:28:57.568+0100] {dag.py:3036} INFO - Sync 1 DAGs
[2025-03-10T09:28:57.578+0100] {logging_mixin.py:188} INFO - [2025-03-10T09:28:57.578+0100] {dag.py:3823} INFO - Setting next_dagrun for example_complex to None, run_after=None
[2025-03-10T09:28:57.594+0100] {processor.py:183} INFO - Processing /home/philip/de_engineering/airflow_projects/airflow1/venv/lib/python3.10/site-packages/airflow/example_dags/example_complex.py took 0.065 seconds
[2025-03-10T09:29:27.807+0100] {processor.py:161} INFO - Started process (PID=146149) to work on /home/philip/de_engineering/airflow_projects/airflow1/venv/lib/python3.10/site-packages/airflow/example_dags/example_complex.py
[2025-03-10T09:29:27.807+0100] {processor.py:830} INFO - Processing file /home/philip/de_engineering/airflow_projects/airflow1/venv/lib/python3.10/site-packages/airflow/example_dags/example_complex.py for tasks to queue
[2025-03-10T09:29:27.808+0100] {logging_mixin.py:188} INFO - [2025-03-10T09:29:27.808+0100] {dagbag.py:538} INFO - Filling up the DagBag from /home/philip/de_engineering/airflow_projects/airflow1/venv/lib/python3.10/site-packages/airflow/example_dags/example_complex.py
[2025-03-10T09:29:27.816+0100] {processor.py:840} INFO - DAG(s) 'example_complex' retrieved from /home/philip/de_engineering/airflow_projects/airflow1/venv/lib/python3.10/site-packages/airflow/example_dags/example_complex.py
[2025-03-10T09:29:27.844+0100] {logging_mixin.py:188} INFO - [2025-03-10T09:29:27.843+0100] {dag.py:3036} INFO - Sync 1 DAGs
[2025-03-10T09:29:27.854+0100] {logging_mixin.py:188} INFO - [2025-03-10T09:29:27.853+0100] {dag.py:3823} INFO - Setting next_dagrun for example_complex to None, run_after=None
[2025-03-10T09:29:27.869+0100] {processor.py:183} INFO - Processing /home/philip/de_engineering/airflow_projects/airflow1/venv/lib/python3.10/site-packages/airflow/example_dags/example_complex.py took 0.065 seconds
[2025-03-10T09:29:57.973+0100] {processor.py:161} INFO - Started process (PID=146530) to work on /home/philip/de_engineering/airflow_projects/airflow1/venv/lib/python3.10/site-packages/airflow/example_dags/example_complex.py
[2025-03-10T09:29:57.974+0100] {processor.py:830} INFO - Processing file /home/philip/de_engineering/airflow_projects/airflow1/venv/lib/python3.10/site-packages/airflow/example_dags/example_complex.py for tasks to queue
[2025-03-10T09:29:57.975+0100] {logging_mixin.py:188} INFO - [2025-03-10T09:29:57.975+0100] {dagbag.py:538} INFO - Filling up the DagBag from /home/philip/de_engineering/airflow_projects/airflow1/venv/lib/python3.10/site-packages/airflow/example_dags/example_complex.py
[2025-03-10T09:29:57.983+0100] {processor.py:840} INFO - DAG(s) 'example_complex' retrieved from /home/philip/de_engineering/airflow_projects/airflow1/venv/lib/python3.10/site-packages/airflow/example_dags/example_complex.py
[2025-03-10T09:29:58.012+0100] {logging_mixin.py:188} INFO - [2025-03-10T09:29:58.012+0100] {dag.py:3036} INFO - Sync 1 DAGs
[2025-03-10T09:29:58.023+0100] {logging_mixin.py:188} INFO - [2025-03-10T09:29:58.023+0100] {dag.py:3823} INFO - Setting next_dagrun for example_complex to None, run_after=None
[2025-03-10T09:29:58.042+0100] {processor.py:183} INFO - Processing /home/philip/de_engineering/airflow_projects/airflow1/venv/lib/python3.10/site-packages/airflow/example_dags/example_complex.py took 0.072 seconds
[2025-03-10T09:30:28.209+0100] {processor.py:161} INFO - Started process (PID=146905) to work on /home/philip/de_engineering/airflow_projects/airflow1/venv/lib/python3.10/site-packages/airflow/example_dags/example_complex.py
[2025-03-10T09:30:28.210+0100] {processor.py:830} INFO - Processing file /home/philip/de_engineering/airflow_projects/airflow1/venv/lib/python3.10/site-packages/airflow/example_dags/example_complex.py for tasks to queue
[2025-03-10T09:30:28.211+0100] {logging_mixin.py:188} INFO - [2025-03-10T09:30:28.210+0100] {dagbag.py:538} INFO - Filling up the DagBag from /home/philip/de_engineering/airflow_projects/airflow1/venv/lib/python3.10/site-packages/airflow/example_dags/example_complex.py
[2025-03-10T09:30:28.219+0100] {processor.py:840} INFO - DAG(s) 'example_complex' retrieved from /home/philip/de_engineering/airflow_projects/airflow1/venv/lib/python3.10/site-packages/airflow/example_dags/example_complex.py
[2025-03-10T09:30:28.246+0100] {logging_mixin.py:188} INFO - [2025-03-10T09:30:28.246+0100] {dag.py:3036} INFO - Sync 1 DAGs
[2025-03-10T09:30:28.257+0100] {logging_mixin.py:188} INFO - [2025-03-10T09:30:28.257+0100] {dag.py:3823} INFO - Setting next_dagrun for example_complex to None, run_after=None
[2025-03-10T09:30:28.275+0100] {processor.py:183} INFO - Processing /home/philip/de_engineering/airflow_projects/airflow1/venv/lib/python3.10/site-packages/airflow/example_dags/example_complex.py took 0.068 seconds
[2025-03-10T09:30:58.385+0100] {processor.py:161} INFO - Started process (PID=147286) to work on /home/philip/de_engineering/airflow_projects/airflow1/venv/lib/python3.10/site-packages/airflow/example_dags/example_complex.py
[2025-03-10T09:30:58.386+0100] {processor.py:830} INFO - Processing file /home/philip/de_engineering/airflow_projects/airflow1/venv/lib/python3.10/site-packages/airflow/example_dags/example_complex.py for tasks to queue
[2025-03-10T09:30:58.386+0100] {logging_mixin.py:188} INFO - [2025-03-10T09:30:58.386+0100] {dagbag.py:538} INFO - Filling up the DagBag from /home/philip/de_engineering/airflow_projects/airflow1/venv/lib/python3.10/site-packages/airflow/example_dags/example_complex.py
[2025-03-10T09:30:58.395+0100] {processor.py:840} INFO - DAG(s) 'example_complex' retrieved from /home/philip/de_engineering/airflow_projects/airflow1/venv/lib/python3.10/site-packages/airflow/example_dags/example_complex.py
[2025-03-10T09:30:58.425+0100] {logging_mixin.py:188} INFO - [2025-03-10T09:30:58.424+0100] {dag.py:3036} INFO - Sync 1 DAGs
[2025-03-10T09:30:58.435+0100] {logging_mixin.py:188} INFO - [2025-03-10T09:30:58.434+0100] {dag.py:3823} INFO - Setting next_dagrun for example_complex to None, run_after=None
[2025-03-10T09:30:58.450+0100] {processor.py:183} INFO - Processing /home/philip/de_engineering/airflow_projects/airflow1/venv/lib/python3.10/site-packages/airflow/example_dags/example_complex.py took 0.068 seconds
[2025-03-10T09:31:28.556+0100] {processor.py:161} INFO - Started process (PID=147660) to work on /home/philip/de_engineering/airflow_projects/airflow1/venv/lib/python3.10/site-packages/airflow/example_dags/example_complex.py
[2025-03-10T09:31:28.557+0100] {processor.py:830} INFO - Processing file /home/philip/de_engineering/airflow_projects/airflow1/venv/lib/python3.10/site-packages/airflow/example_dags/example_complex.py for tasks to queue
[2025-03-10T09:31:28.558+0100] {logging_mixin.py:188} INFO - [2025-03-10T09:31:28.558+0100] {dagbag.py:538} INFO - Filling up the DagBag from /home/philip/de_engineering/airflow_projects/airflow1/venv/lib/python3.10/site-packages/airflow/example_dags/example_complex.py
[2025-03-10T09:31:28.566+0100] {processor.py:840} INFO - DAG(s) 'example_complex' retrieved from /home/philip/de_engineering/airflow_projects/airflow1/venv/lib/python3.10/site-packages/airflow/example_dags/example_complex.py
[2025-03-10T09:31:28.593+0100] {logging_mixin.py:188} INFO - [2025-03-10T09:31:28.593+0100] {dag.py:3036} INFO - Sync 1 DAGs
[2025-03-10T09:31:28.602+0100] {logging_mixin.py:188} INFO - [2025-03-10T09:31:28.602+0100] {dag.py:3823} INFO - Setting next_dagrun for example_complex to None, run_after=None
[2025-03-10T09:31:28.618+0100] {processor.py:183} INFO - Processing /home/philip/de_engineering/airflow_projects/airflow1/venv/lib/python3.10/site-packages/airflow/example_dags/example_complex.py took 0.064 seconds
[2025-03-10T09:31:58.769+0100] {processor.py:161} INFO - Started process (PID=148041) to work on /home/philip/de_engineering/airflow_projects/airflow1/venv/lib/python3.10/site-packages/airflow/example_dags/example_complex.py
[2025-03-10T09:31:58.770+0100] {processor.py:830} INFO - Processing file /home/philip/de_engineering/airflow_projects/airflow1/venv/lib/python3.10/site-packages/airflow/example_dags/example_complex.py for tasks to queue
[2025-03-10T09:31:58.771+0100] {logging_mixin.py:188} INFO - [2025-03-10T09:31:58.770+0100] {dagbag.py:538} INFO - Filling up the DagBag from /home/philip/de_engineering/airflow_projects/airflow1/venv/lib/python3.10/site-packages/airflow/example_dags/example_complex.py
[2025-03-10T09:31:58.779+0100] {processor.py:840} INFO - DAG(s) 'example_complex' retrieved from /home/philip/de_engineering/airflow_projects/airflow1/venv/lib/python3.10/site-packages/airflow/example_dags/example_complex.py
[2025-03-10T09:31:58.810+0100] {logging_mixin.py:188} INFO - [2025-03-10T09:31:58.810+0100] {dag.py:3036} INFO - Sync 1 DAGs
[2025-03-10T09:31:58.820+0100] {logging_mixin.py:188} INFO - [2025-03-10T09:31:58.820+0100] {dag.py:3823} INFO - Setting next_dagrun for example_complex to None, run_after=None
[2025-03-10T09:31:58.835+0100] {processor.py:183} INFO - Processing /home/philip/de_engineering/airflow_projects/airflow1/venv/lib/python3.10/site-packages/airflow/example_dags/example_complex.py took 0.069 seconds
[2025-03-10T09:32:28.959+0100] {processor.py:161} INFO - Started process (PID=148414) to work on /home/philip/de_engineering/airflow_projects/airflow1/venv/lib/python3.10/site-packages/airflow/example_dags/example_complex.py
[2025-03-10T09:32:28.960+0100] {processor.py:830} INFO - Processing file /home/philip/de_engineering/airflow_projects/airflow1/venv/lib/python3.10/site-packages/airflow/example_dags/example_complex.py for tasks to queue
[2025-03-10T09:32:28.961+0100] {logging_mixin.py:188} INFO - [2025-03-10T09:32:28.961+0100] {dagbag.py:538} INFO - Filling up the DagBag from /home/philip/de_engineering/airflow_projects/airflow1/venv/lib/python3.10/site-packages/airflow/example_dags/example_complex.py
[2025-03-10T09:32:28.970+0100] {processor.py:840} INFO - DAG(s) 'example_complex' retrieved from /home/philip/de_engineering/airflow_projects/airflow1/venv/lib/python3.10/site-packages/airflow/example_dags/example_complex.py
[2025-03-10T09:32:28.999+0100] {logging_mixin.py:188} INFO - [2025-03-10T09:32:28.999+0100] {dag.py:3036} INFO - Sync 1 DAGs
[2025-03-10T09:32:29.009+0100] {logging_mixin.py:188} INFO - [2025-03-10T09:32:29.008+0100] {dag.py:3823} INFO - Setting next_dagrun for example_complex to None, run_after=None
[2025-03-10T09:32:29.025+0100] {processor.py:183} INFO - Processing /home/philip/de_engineering/airflow_projects/airflow1/venv/lib/python3.10/site-packages/airflow/example_dags/example_complex.py took 0.069 seconds
[2025-03-10T09:32:59.201+0100] {processor.py:161} INFO - Started process (PID=148796) to work on /home/philip/de_engineering/airflow_projects/airflow1/venv/lib/python3.10/site-packages/airflow/example_dags/example_complex.py
[2025-03-10T09:32:59.202+0100] {processor.py:830} INFO - Processing file /home/philip/de_engineering/airflow_projects/airflow1/venv/lib/python3.10/site-packages/airflow/example_dags/example_complex.py for tasks to queue
[2025-03-10T09:32:59.203+0100] {logging_mixin.py:188} INFO - [2025-03-10T09:32:59.203+0100] {dagbag.py:538} INFO - Filling up the DagBag from /home/philip/de_engineering/airflow_projects/airflow1/venv/lib/python3.10/site-packages/airflow/example_dags/example_complex.py
[2025-03-10T09:32:59.214+0100] {processor.py:840} INFO - DAG(s) 'example_complex' retrieved from /home/philip/de_engineering/airflow_projects/airflow1/venv/lib/python3.10/site-packages/airflow/example_dags/example_complex.py
[2025-03-10T09:32:59.241+0100] {logging_mixin.py:188} INFO - [2025-03-10T09:32:59.241+0100] {dag.py:3036} INFO - Sync 1 DAGs
[2025-03-10T09:32:59.252+0100] {logging_mixin.py:188} INFO - [2025-03-10T09:32:59.252+0100] {dag.py:3823} INFO - Setting next_dagrun for example_complex to None, run_after=None
[2025-03-10T09:32:59.268+0100] {processor.py:183} INFO - Processing /home/philip/de_engineering/airflow_projects/airflow1/venv/lib/python3.10/site-packages/airflow/example_dags/example_complex.py took 0.070 seconds
[2025-03-10T09:33:29.388+0100] {processor.py:161} INFO - Started process (PID=149172) to work on /home/philip/de_engineering/airflow_projects/airflow1/venv/lib/python3.10/site-packages/airflow/example_dags/example_complex.py
[2025-03-10T09:33:29.388+0100] {processor.py:830} INFO - Processing file /home/philip/de_engineering/airflow_projects/airflow1/venv/lib/python3.10/site-packages/airflow/example_dags/example_complex.py for tasks to queue
[2025-03-10T09:33:29.389+0100] {logging_mixin.py:188} INFO - [2025-03-10T09:33:29.389+0100] {dagbag.py:538} INFO - Filling up the DagBag from /home/philip/de_engineering/airflow_projects/airflow1/venv/lib/python3.10/site-packages/airflow/example_dags/example_complex.py
[2025-03-10T09:33:29.397+0100] {processor.py:840} INFO - DAG(s) 'example_complex' retrieved from /home/philip/de_engineering/airflow_projects/airflow1/venv/lib/python3.10/site-packages/airflow/example_dags/example_complex.py
[2025-03-10T09:33:29.423+0100] {logging_mixin.py:188} INFO - [2025-03-10T09:33:29.423+0100] {dag.py:3036} INFO - Sync 1 DAGs
[2025-03-10T09:33:29.433+0100] {logging_mixin.py:188} INFO - [2025-03-10T09:33:29.433+0100] {dag.py:3823} INFO - Setting next_dagrun for example_complex to None, run_after=None
[2025-03-10T09:33:29.448+0100] {processor.py:183} INFO - Processing /home/philip/de_engineering/airflow_projects/airflow1/venv/lib/python3.10/site-packages/airflow/example_dags/example_complex.py took 0.063 seconds
[2025-03-10T09:33:59.602+0100] {processor.py:161} INFO - Started process (PID=149553) to work on /home/philip/de_engineering/airflow_projects/airflow1/venv/lib/python3.10/site-packages/airflow/example_dags/example_complex.py
[2025-03-10T09:33:59.603+0100] {processor.py:830} INFO - Processing file /home/philip/de_engineering/airflow_projects/airflow1/venv/lib/python3.10/site-packages/airflow/example_dags/example_complex.py for tasks to queue
[2025-03-10T09:33:59.604+0100] {logging_mixin.py:188} INFO - [2025-03-10T09:33:59.604+0100] {dagbag.py:538} INFO - Filling up the DagBag from /home/philip/de_engineering/airflow_projects/airflow1/venv/lib/python3.10/site-packages/airflow/example_dags/example_complex.py
[2025-03-10T09:33:59.613+0100] {processor.py:840} INFO - DAG(s) 'example_complex' retrieved from /home/philip/de_engineering/airflow_projects/airflow1/venv/lib/python3.10/site-packages/airflow/example_dags/example_complex.py
[2025-03-10T09:33:59.639+0100] {logging_mixin.py:188} INFO - [2025-03-10T09:33:59.639+0100] {dag.py:3036} INFO - Sync 1 DAGs
[2025-03-10T09:33:59.650+0100] {logging_mixin.py:188} INFO - [2025-03-10T09:33:59.649+0100] {dag.py:3823} INFO - Setting next_dagrun for example_complex to None, run_after=None
[2025-03-10T09:33:59.664+0100] {processor.py:183} INFO - Processing /home/philip/de_engineering/airflow_projects/airflow1/venv/lib/python3.10/site-packages/airflow/example_dags/example_complex.py took 0.064 seconds
[2025-03-10T09:34:29.890+0100] {processor.py:161} INFO - Started process (PID=149933) to work on /home/philip/de_engineering/airflow_projects/airflow1/venv/lib/python3.10/site-packages/airflow/example_dags/example_complex.py
[2025-03-10T09:34:29.891+0100] {processor.py:830} INFO - Processing file /home/philip/de_engineering/airflow_projects/airflow1/venv/lib/python3.10/site-packages/airflow/example_dags/example_complex.py for tasks to queue
[2025-03-10T09:34:29.892+0100] {logging_mixin.py:188} INFO - [2025-03-10T09:34:29.892+0100] {dagbag.py:538} INFO - Filling up the DagBag from /home/philip/de_engineering/airflow_projects/airflow1/venv/lib/python3.10/site-packages/airflow/example_dags/example_complex.py
[2025-03-10T09:34:29.900+0100] {processor.py:840} INFO - DAG(s) 'example_complex' retrieved from /home/philip/de_engineering/airflow_projects/airflow1/venv/lib/python3.10/site-packages/airflow/example_dags/example_complex.py
[2025-03-10T09:34:29.927+0100] {logging_mixin.py:188} INFO - [2025-03-10T09:34:29.927+0100] {dag.py:3036} INFO - Sync 1 DAGs
[2025-03-10T09:34:29.936+0100] {logging_mixin.py:188} INFO - [2025-03-10T09:34:29.936+0100] {dag.py:3823} INFO - Setting next_dagrun for example_complex to None, run_after=None
[2025-03-10T09:34:29.951+0100] {processor.py:183} INFO - Processing /home/philip/de_engineering/airflow_projects/airflow1/venv/lib/python3.10/site-packages/airflow/example_dags/example_complex.py took 0.063 seconds
[2025-03-10T09:35:00.122+0100] {processor.py:161} INFO - Started process (PID=150310) to work on /home/philip/de_engineering/airflow_projects/airflow1/venv/lib/python3.10/site-packages/airflow/example_dags/example_complex.py
[2025-03-10T09:35:00.123+0100] {processor.py:830} INFO - Processing file /home/philip/de_engineering/airflow_projects/airflow1/venv/lib/python3.10/site-packages/airflow/example_dags/example_complex.py for tasks to queue
[2025-03-10T09:35:00.124+0100] {logging_mixin.py:188} INFO - [2025-03-10T09:35:00.123+0100] {dagbag.py:538} INFO - Filling up the DagBag from /home/philip/de_engineering/airflow_projects/airflow1/venv/lib/python3.10/site-packages/airflow/example_dags/example_complex.py
[2025-03-10T09:35:00.132+0100] {processor.py:840} INFO - DAG(s) 'example_complex' retrieved from /home/philip/de_engineering/airflow_projects/airflow1/venv/lib/python3.10/site-packages/airflow/example_dags/example_complex.py
[2025-03-10T09:35:00.158+0100] {logging_mixin.py:188} INFO - [2025-03-10T09:35:00.157+0100] {dag.py:3036} INFO - Sync 1 DAGs
[2025-03-10T09:35:00.168+0100] {logging_mixin.py:188} INFO - [2025-03-10T09:35:00.167+0100] {dag.py:3823} INFO - Setting next_dagrun for example_complex to None, run_after=None
[2025-03-10T09:35:00.185+0100] {processor.py:183} INFO - Processing /home/philip/de_engineering/airflow_projects/airflow1/venv/lib/python3.10/site-packages/airflow/example_dags/example_complex.py took 0.068 seconds
[2025-03-10T09:35:30.457+0100] {processor.py:161} INFO - Started process (PID=150695) to work on /home/philip/de_engineering/airflow_projects/airflow1/venv/lib/python3.10/site-packages/airflow/example_dags/example_complex.py
[2025-03-10T09:35:30.458+0100] {processor.py:830} INFO - Processing file /home/philip/de_engineering/airflow_projects/airflow1/venv/lib/python3.10/site-packages/airflow/example_dags/example_complex.py for tasks to queue
[2025-03-10T09:35:30.459+0100] {logging_mixin.py:188} INFO - [2025-03-10T09:35:30.458+0100] {dagbag.py:538} INFO - Filling up the DagBag from /home/philip/de_engineering/airflow_projects/airflow1/venv/lib/python3.10/site-packages/airflow/example_dags/example_complex.py
[2025-03-10T09:35:30.467+0100] {processor.py:840} INFO - DAG(s) 'example_complex' retrieved from /home/philip/de_engineering/airflow_projects/airflow1/venv/lib/python3.10/site-packages/airflow/example_dags/example_complex.py
[2025-03-10T09:35:30.496+0100] {logging_mixin.py:188} INFO - [2025-03-10T09:35:30.496+0100] {dag.py:3036} INFO - Sync 1 DAGs
[2025-03-10T09:35:30.506+0100] {logging_mixin.py:188} INFO - [2025-03-10T09:35:30.506+0100] {dag.py:3823} INFO - Setting next_dagrun for example_complex to None, run_after=None
[2025-03-10T09:35:30.521+0100] {processor.py:183} INFO - Processing /home/philip/de_engineering/airflow_projects/airflow1/venv/lib/python3.10/site-packages/airflow/example_dags/example_complex.py took 0.068 seconds
[2025-03-10T09:36:00.599+0100] {processor.py:161} INFO - Started process (PID=151068) to work on /home/philip/de_engineering/airflow_projects/airflow1/venv/lib/python3.10/site-packages/airflow/example_dags/example_complex.py
[2025-03-10T09:36:00.600+0100] {processor.py:830} INFO - Processing file /home/philip/de_engineering/airflow_projects/airflow1/venv/lib/python3.10/site-packages/airflow/example_dags/example_complex.py for tasks to queue
[2025-03-10T09:36:00.601+0100] {logging_mixin.py:188} INFO - [2025-03-10T09:36:00.601+0100] {dagbag.py:538} INFO - Filling up the DagBag from /home/philip/de_engineering/airflow_projects/airflow1/venv/lib/python3.10/site-packages/airflow/example_dags/example_complex.py
[2025-03-10T09:36:00.609+0100] {processor.py:840} INFO - DAG(s) 'example_complex' retrieved from /home/philip/de_engineering/airflow_projects/airflow1/venv/lib/python3.10/site-packages/airflow/example_dags/example_complex.py
[2025-03-10T09:36:00.637+0100] {logging_mixin.py:188} INFO - [2025-03-10T09:36:00.636+0100] {dag.py:3036} INFO - Sync 1 DAGs
[2025-03-10T09:36:00.647+0100] {logging_mixin.py:188} INFO - [2025-03-10T09:36:00.647+0100] {dag.py:3823} INFO - Setting next_dagrun for example_complex to None, run_after=None
[2025-03-10T09:36:00.662+0100] {processor.py:183} INFO - Processing /home/philip/de_engineering/airflow_projects/airflow1/venv/lib/python3.10/site-packages/airflow/example_dags/example_complex.py took 0.065 seconds
