[2025-03-10T09:14:25.407+0100] {processor.py:161} INFO - Started process (PID=136897) to work on /home/philip/de_engineering/airflow_projects/airflow1/venv/lib/python3.10/site-packages/airflow/example_dags/example_branch_datetime_operator.py
[2025-03-10T09:14:25.407+0100] {processor.py:830} INFO - Processing file /home/philip/de_engineering/airflow_projects/airflow1/venv/lib/python3.10/site-packages/airflow/example_dags/example_branch_datetime_operator.py for tasks to queue
[2025-03-10T09:14:25.408+0100] {logging_mixin.py:188} INFO - [2025-03-10T09:14:25.408+0100] {dagbag.py:538} INFO - Filling up the DagBag from /home/philip/de_engineering/airflow_projects/airflow1/venv/lib/python3.10/site-packages/airflow/example_dags/example_branch_datetime_operator.py
[2025-03-10T09:14:25.417+0100] {processor.py:840} INFO - DAG(s) 'example_branch_datetime_operator_3', 'example_branch_datetime_operator_2', 'example_branch_datetime_operator' retrieved from /home/philip/de_engineering/airflow_projects/airflow1/venv/lib/python3.10/site-packages/airflow/example_dags/example_branch_datetime_operator.py
[2025-03-10T09:14:25.499+0100] {logging_mixin.py:188} INFO - [2025-03-10T09:14:25.499+0100] {override.py:1769} INFO - Created Permission View: can read on DAG:example_branch_datetime_operator_3
[2025-03-10T09:14:25.506+0100] {logging_mixin.py:188} INFO - [2025-03-10T09:14:25.506+0100] {override.py:1769} INFO - Created Permission View: can delete on DAG:example_branch_datetime_operator_3
[2025-03-10T09:14:25.511+0100] {logging_mixin.py:188} INFO - [2025-03-10T09:14:25.510+0100] {override.py:1769} INFO - Created Permission View: can edit on DAG:example_branch_datetime_operator_3
[2025-03-10T09:14:25.519+0100] {logging_mixin.py:188} INFO - [2025-03-10T09:14:25.519+0100] {override.py:1769} INFO - Created Permission View: can read on DAG:example_branch_datetime_operator_2
[2025-03-10T09:14:25.523+0100] {logging_mixin.py:188} INFO - [2025-03-10T09:14:25.523+0100] {override.py:1769} INFO - Created Permission View: can delete on DAG:example_branch_datetime_operator_2
[2025-03-10T09:14:25.527+0100] {logging_mixin.py:188} INFO - [2025-03-10T09:14:25.527+0100] {override.py:1769} INFO - Created Permission View: can edit on DAG:example_branch_datetime_operator_2
[2025-03-10T09:14:25.535+0100] {logging_mixin.py:188} INFO - [2025-03-10T09:14:25.535+0100] {override.py:1769} INFO - Created Permission View: can read on DAG:example_branch_datetime_operator
[2025-03-10T09:14:25.539+0100] {logging_mixin.py:188} INFO - [2025-03-10T09:14:25.539+0100] {override.py:1769} INFO - Created Permission View: can delete on DAG:example_branch_datetime_operator
[2025-03-10T09:14:25.544+0100] {logging_mixin.py:188} INFO - [2025-03-10T09:14:25.543+0100] {override.py:1769} INFO - Created Permission View: can edit on DAG:example_branch_datetime_operator
[2025-03-10T09:14:25.544+0100] {logging_mixin.py:188} INFO - [2025-03-10T09:14:25.544+0100] {dag.py:3036} INFO - Sync 3 DAGs
[2025-03-10T09:14:25.552+0100] {logging_mixin.py:188} INFO - [2025-03-10T09:14:25.552+0100] {dag.py:3058} INFO - Creating ORM DAG for example_branch_datetime_operator_2
[2025-03-10T09:14:25.553+0100] {logging_mixin.py:188} INFO - [2025-03-10T09:14:25.552+0100] {dag.py:3058} INFO - Creating ORM DAG for example_branch_datetime_operator
[2025-03-10T09:14:25.553+0100] {logging_mixin.py:188} INFO - [2025-03-10T09:14:25.553+0100] {dag.py:3058} INFO - Creating ORM DAG for example_branch_datetime_operator_3
[2025-03-10T09:14:25.563+0100] {logging_mixin.py:188} INFO - [2025-03-10T09:14:25.563+0100] {dag.py:3823} INFO - Setting next_dagrun for example_branch_datetime_operator to 2025-03-09 00:00:00+00:00, run_after=2025-03-10 00:00:00+00:00
[2025-03-10T09:14:25.564+0100] {logging_mixin.py:188} INFO - [2025-03-10T09:14:25.564+0100] {dag.py:3823} INFO - Setting next_dagrun for example_branch_datetime_operator_2 to 2025-03-09 00:00:00+00:00, run_after=2025-03-10 00:00:00+00:00
[2025-03-10T09:14:25.566+0100] {logging_mixin.py:188} INFO - [2025-03-10T09:14:25.565+0100] {dag.py:3823} INFO - Setting next_dagrun for example_branch_datetime_operator_3 to 2025-03-09 00:00:00+00:00, run_after=2025-03-10 00:00:00+00:00
[2025-03-10T09:14:25.579+0100] {processor.py:183} INFO - Processing /home/philip/de_engineering/airflow_projects/airflow1/venv/lib/python3.10/site-packages/airflow/example_dags/example_branch_datetime_operator.py took 0.175 seconds
[2025-03-10T09:14:56.101+0100] {processor.py:161} INFO - Started process (PID=137009) to work on /home/philip/de_engineering/airflow_projects/airflow1/venv/lib/python3.10/site-packages/airflow/example_dags/example_branch_datetime_operator.py
[2025-03-10T09:14:56.102+0100] {processor.py:830} INFO - Processing file /home/philip/de_engineering/airflow_projects/airflow1/venv/lib/python3.10/site-packages/airflow/example_dags/example_branch_datetime_operator.py for tasks to queue
[2025-03-10T09:14:56.103+0100] {logging_mixin.py:188} INFO - [2025-03-10T09:14:56.103+0100] {dagbag.py:538} INFO - Filling up the DagBag from /home/philip/de_engineering/airflow_projects/airflow1/venv/lib/python3.10/site-packages/airflow/example_dags/example_branch_datetime_operator.py
[2025-03-10T09:14:56.110+0100] {processor.py:840} INFO - DAG(s) 'example_branch_datetime_operator', 'example_branch_datetime_operator_2', 'example_branch_datetime_operator_3' retrieved from /home/philip/de_engineering/airflow_projects/airflow1/venv/lib/python3.10/site-packages/airflow/example_dags/example_branch_datetime_operator.py
[2025-03-10T09:14:56.139+0100] {logging_mixin.py:188} INFO - [2025-03-10T09:14:56.139+0100] {dag.py:3036} INFO - Sync 3 DAGs
[2025-03-10T09:14:56.166+0100] {logging_mixin.py:188} INFO - [2025-03-10T09:14:56.166+0100] {dag.py:3823} INFO - Setting next_dagrun for example_branch_datetime_operator to 2025-03-09 00:00:00+00:00, run_after=2025-03-10 00:00:00+00:00
[2025-03-10T09:14:56.170+0100] {logging_mixin.py:188} INFO - [2025-03-10T09:14:56.170+0100] {dag.py:3823} INFO - Setting next_dagrun for example_branch_datetime_operator_2 to 2025-03-09 00:00:00+00:00, run_after=2025-03-10 00:00:00+00:00
[2025-03-10T09:14:56.172+0100] {logging_mixin.py:188} INFO - [2025-03-10T09:14:56.172+0100] {dag.py:3823} INFO - Setting next_dagrun for example_branch_datetime_operator_3 to 2025-03-09 00:00:00+00:00, run_after=2025-03-10 00:00:00+00:00
[2025-03-10T09:14:56.186+0100] {processor.py:183} INFO - Processing /home/philip/de_engineering/airflow_projects/airflow1/venv/lib/python3.10/site-packages/airflow/example_dags/example_branch_datetime_operator.py took 0.087 seconds
[2025-03-10T09:15:26.248+0100] {processor.py:161} INFO - Started process (PID=137109) to work on /home/philip/de_engineering/airflow_projects/airflow1/venv/lib/python3.10/site-packages/airflow/example_dags/example_branch_datetime_operator.py
[2025-03-10T09:15:26.249+0100] {processor.py:830} INFO - Processing file /home/philip/de_engineering/airflow_projects/airflow1/venv/lib/python3.10/site-packages/airflow/example_dags/example_branch_datetime_operator.py for tasks to queue
[2025-03-10T09:15:26.250+0100] {logging_mixin.py:188} INFO - [2025-03-10T09:15:26.250+0100] {dagbag.py:538} INFO - Filling up the DagBag from /home/philip/de_engineering/airflow_projects/airflow1/venv/lib/python3.10/site-packages/airflow/example_dags/example_branch_datetime_operator.py
[2025-03-10T09:15:26.258+0100] {processor.py:840} INFO - DAG(s) 'example_branch_datetime_operator', 'example_branch_datetime_operator_2', 'example_branch_datetime_operator_3' retrieved from /home/philip/de_engineering/airflow_projects/airflow1/venv/lib/python3.10/site-packages/airflow/example_dags/example_branch_datetime_operator.py
[2025-03-10T09:15:26.284+0100] {logging_mixin.py:188} INFO - [2025-03-10T09:15:26.284+0100] {dag.py:3036} INFO - Sync 3 DAGs
[2025-03-10T09:15:26.302+0100] {logging_mixin.py:188} INFO - [2025-03-10T09:15:26.302+0100] {dag.py:3823} INFO - Setting next_dagrun for example_branch_datetime_operator to 2025-03-09 00:00:00+00:00, run_after=2025-03-10 00:00:00+00:00
[2025-03-10T09:15:26.306+0100] {logging_mixin.py:188} INFO - [2025-03-10T09:15:26.306+0100] {dag.py:3823} INFO - Setting next_dagrun for example_branch_datetime_operator_2 to 2025-03-09 00:00:00+00:00, run_after=2025-03-10 00:00:00+00:00
[2025-03-10T09:15:26.308+0100] {logging_mixin.py:188} INFO - [2025-03-10T09:15:26.307+0100] {dag.py:3823} INFO - Setting next_dagrun for example_branch_datetime_operator_3 to 2025-03-09 00:00:00+00:00, run_after=2025-03-10 00:00:00+00:00
[2025-03-10T09:15:26.321+0100] {processor.py:183} INFO - Processing /home/philip/de_engineering/airflow_projects/airflow1/venv/lib/python3.10/site-packages/airflow/example_dags/example_branch_datetime_operator.py took 0.076 seconds
[2025-03-10T09:15:56.767+0100] {processor.py:161} INFO - Started process (PID=137211) to work on /home/philip/de_engineering/airflow_projects/airflow1/venv/lib/python3.10/site-packages/airflow/example_dags/example_branch_datetime_operator.py
[2025-03-10T09:15:56.768+0100] {processor.py:830} INFO - Processing file /home/philip/de_engineering/airflow_projects/airflow1/venv/lib/python3.10/site-packages/airflow/example_dags/example_branch_datetime_operator.py for tasks to queue
[2025-03-10T09:15:56.769+0100] {logging_mixin.py:188} INFO - [2025-03-10T09:15:56.768+0100] {dagbag.py:538} INFO - Filling up the DagBag from /home/philip/de_engineering/airflow_projects/airflow1/venv/lib/python3.10/site-packages/airflow/example_dags/example_branch_datetime_operator.py
[2025-03-10T09:15:56.778+0100] {processor.py:840} INFO - DAG(s) 'example_branch_datetime_operator_2', 'example_branch_datetime_operator_3', 'example_branch_datetime_operator' retrieved from /home/philip/de_engineering/airflow_projects/airflow1/venv/lib/python3.10/site-packages/airflow/example_dags/example_branch_datetime_operator.py
[2025-03-10T09:15:56.805+0100] {logging_mixin.py:188} INFO - [2025-03-10T09:15:56.805+0100] {dag.py:3036} INFO - Sync 3 DAGs
[2025-03-10T09:15:56.826+0100] {logging_mixin.py:188} INFO - [2025-03-10T09:15:56.826+0100] {dag.py:3823} INFO - Setting next_dagrun for example_branch_datetime_operator to 2025-03-09 00:00:00+00:00, run_after=2025-03-10 00:00:00+00:00
[2025-03-10T09:15:56.831+0100] {logging_mixin.py:188} INFO - [2025-03-10T09:15:56.830+0100] {dag.py:3823} INFO - Setting next_dagrun for example_branch_datetime_operator_2 to 2025-03-09 00:00:00+00:00, run_after=2025-03-10 00:00:00+00:00
[2025-03-10T09:15:56.833+0100] {logging_mixin.py:188} INFO - [2025-03-10T09:15:56.833+0100] {dag.py:3823} INFO - Setting next_dagrun for example_branch_datetime_operator_3 to 2025-03-09 00:00:00+00:00, run_after=2025-03-10 00:00:00+00:00
[2025-03-10T09:15:56.849+0100] {processor.py:183} INFO - Processing /home/philip/de_engineering/airflow_projects/airflow1/venv/lib/python3.10/site-packages/airflow/example_dags/example_branch_datetime_operator.py took 0.085 seconds
[2025-03-10T09:16:27.056+0100] {processor.py:161} INFO - Started process (PID=137587) to work on /home/philip/de_engineering/airflow_projects/airflow1/venv/lib/python3.10/site-packages/airflow/example_dags/example_branch_datetime_operator.py
[2025-03-10T09:16:27.057+0100] {processor.py:830} INFO - Processing file /home/philip/de_engineering/airflow_projects/airflow1/venv/lib/python3.10/site-packages/airflow/example_dags/example_branch_datetime_operator.py for tasks to queue
[2025-03-10T09:16:27.057+0100] {logging_mixin.py:188} INFO - [2025-03-10T09:16:27.057+0100] {dagbag.py:538} INFO - Filling up the DagBag from /home/philip/de_engineering/airflow_projects/airflow1/venv/lib/python3.10/site-packages/airflow/example_dags/example_branch_datetime_operator.py
[2025-03-10T09:16:27.066+0100] {processor.py:840} INFO - DAG(s) 'example_branch_datetime_operator', 'example_branch_datetime_operator_2', 'example_branch_datetime_operator_3' retrieved from /home/philip/de_engineering/airflow_projects/airflow1/venv/lib/python3.10/site-packages/airflow/example_dags/example_branch_datetime_operator.py
[2025-03-10T09:16:27.092+0100] {logging_mixin.py:188} INFO - [2025-03-10T09:16:27.091+0100] {dag.py:3036} INFO - Sync 3 DAGs
[2025-03-10T09:16:27.112+0100] {logging_mixin.py:188} INFO - [2025-03-10T09:16:27.112+0100] {dag.py:3823} INFO - Setting next_dagrun for example_branch_datetime_operator to 2025-03-09 00:00:00+00:00, run_after=2025-03-10 00:00:00+00:00
[2025-03-10T09:16:27.116+0100] {logging_mixin.py:188} INFO - [2025-03-10T09:16:27.116+0100] {dag.py:3823} INFO - Setting next_dagrun for example_branch_datetime_operator_2 to 2025-03-09 00:00:00+00:00, run_after=2025-03-10 00:00:00+00:00
[2025-03-10T09:16:27.118+0100] {logging_mixin.py:188} INFO - [2025-03-10T09:16:27.118+0100] {dag.py:3823} INFO - Setting next_dagrun for example_branch_datetime_operator_3 to 2025-03-09 00:00:00+00:00, run_after=2025-03-10 00:00:00+00:00
[2025-03-10T09:16:27.131+0100] {processor.py:183} INFO - Processing /home/philip/de_engineering/airflow_projects/airflow1/venv/lib/python3.10/site-packages/airflow/example_dags/example_branch_datetime_operator.py took 0.078 seconds
[2025-03-10T09:16:57.311+0100] {processor.py:161} INFO - Started process (PID=137776) to work on /home/philip/de_engineering/airflow_projects/airflow1/venv/lib/python3.10/site-packages/airflow/example_dags/example_branch_datetime_operator.py
[2025-03-10T09:16:57.312+0100] {processor.py:830} INFO - Processing file /home/philip/de_engineering/airflow_projects/airflow1/venv/lib/python3.10/site-packages/airflow/example_dags/example_branch_datetime_operator.py for tasks to queue
[2025-03-10T09:16:57.312+0100] {logging_mixin.py:188} INFO - [2025-03-10T09:16:57.312+0100] {dagbag.py:538} INFO - Filling up the DagBag from /home/philip/de_engineering/airflow_projects/airflow1/venv/lib/python3.10/site-packages/airflow/example_dags/example_branch_datetime_operator.py
[2025-03-10T09:16:57.321+0100] {processor.py:840} INFO - DAG(s) 'example_branch_datetime_operator_3', 'example_branch_datetime_operator_2', 'example_branch_datetime_operator' retrieved from /home/philip/de_engineering/airflow_projects/airflow1/venv/lib/python3.10/site-packages/airflow/example_dags/example_branch_datetime_operator.py
[2025-03-10T09:16:57.347+0100] {logging_mixin.py:188} INFO - [2025-03-10T09:16:57.347+0100] {dag.py:3036} INFO - Sync 3 DAGs
[2025-03-10T09:16:57.365+0100] {logging_mixin.py:188} INFO - [2025-03-10T09:16:57.365+0100] {dag.py:3823} INFO - Setting next_dagrun for example_branch_datetime_operator to 2025-03-09 00:00:00+00:00, run_after=2025-03-10 00:00:00+00:00
[2025-03-10T09:16:57.369+0100] {logging_mixin.py:188} INFO - [2025-03-10T09:16:57.369+0100] {dag.py:3823} INFO - Setting next_dagrun for example_branch_datetime_operator_2 to 2025-03-09 00:00:00+00:00, run_after=2025-03-10 00:00:00+00:00
[2025-03-10T09:16:57.371+0100] {logging_mixin.py:188} INFO - [2025-03-10T09:16:57.371+0100] {dag.py:3823} INFO - Setting next_dagrun for example_branch_datetime_operator_3 to 2025-03-09 00:00:00+00:00, run_after=2025-03-10 00:00:00+00:00
[2025-03-10T09:16:57.384+0100] {processor.py:183} INFO - Processing /home/philip/de_engineering/airflow_projects/airflow1/venv/lib/python3.10/site-packages/airflow/example_dags/example_branch_datetime_operator.py took 0.076 seconds
[2025-03-10T09:17:27.695+0100] {processor.py:161} INFO - Started process (PID=137968) to work on /home/philip/de_engineering/airflow_projects/airflow1/venv/lib/python3.10/site-packages/airflow/example_dags/example_branch_datetime_operator.py
[2025-03-10T09:17:27.696+0100] {processor.py:830} INFO - Processing file /home/philip/de_engineering/airflow_projects/airflow1/venv/lib/python3.10/site-packages/airflow/example_dags/example_branch_datetime_operator.py for tasks to queue
[2025-03-10T09:17:27.697+0100] {logging_mixin.py:188} INFO - [2025-03-10T09:17:27.696+0100] {dagbag.py:538} INFO - Filling up the DagBag from /home/philip/de_engineering/airflow_projects/airflow1/venv/lib/python3.10/site-packages/airflow/example_dags/example_branch_datetime_operator.py
[2025-03-10T09:17:27.704+0100] {processor.py:840} INFO - DAG(s) 'example_branch_datetime_operator', 'example_branch_datetime_operator_3', 'example_branch_datetime_operator_2' retrieved from /home/philip/de_engineering/airflow_projects/airflow1/venv/lib/python3.10/site-packages/airflow/example_dags/example_branch_datetime_operator.py
[2025-03-10T09:17:27.730+0100] {logging_mixin.py:188} INFO - [2025-03-10T09:17:27.730+0100] {dag.py:3036} INFO - Sync 3 DAGs
[2025-03-10T09:17:27.749+0100] {logging_mixin.py:188} INFO - [2025-03-10T09:17:27.749+0100] {dag.py:3823} INFO - Setting next_dagrun for example_branch_datetime_operator to 2025-03-09 00:00:00+00:00, run_after=2025-03-10 00:00:00+00:00
[2025-03-10T09:17:27.753+0100] {logging_mixin.py:188} INFO - [2025-03-10T09:17:27.753+0100] {dag.py:3823} INFO - Setting next_dagrun for example_branch_datetime_operator_2 to 2025-03-09 00:00:00+00:00, run_after=2025-03-10 00:00:00+00:00
[2025-03-10T09:17:27.755+0100] {logging_mixin.py:188} INFO - [2025-03-10T09:17:27.755+0100] {dag.py:3823} INFO - Setting next_dagrun for example_branch_datetime_operator_3 to 2025-03-09 00:00:00+00:00, run_after=2025-03-10 00:00:00+00:00
[2025-03-10T09:17:27.770+0100] {processor.py:183} INFO - Processing /home/philip/de_engineering/airflow_projects/airflow1/venv/lib/python3.10/site-packages/airflow/example_dags/example_branch_datetime_operator.py took 0.078 seconds
[2025-03-10T09:19:22.210+0100] {processor.py:161} INFO - Started process (PID=138658) to work on /home/philip/de_engineering/airflow_projects/airflow1/venv/lib/python3.10/site-packages/airflow/example_dags/example_branch_datetime_operator.py
[2025-03-10T09:19:22.211+0100] {processor.py:830} INFO - Processing file /home/philip/de_engineering/airflow_projects/airflow1/venv/lib/python3.10/site-packages/airflow/example_dags/example_branch_datetime_operator.py for tasks to queue
[2025-03-10T09:19:22.212+0100] {logging_mixin.py:188} INFO - [2025-03-10T09:19:22.212+0100] {dagbag.py:538} INFO - Filling up the DagBag from /home/philip/de_engineering/airflow_projects/airflow1/venv/lib/python3.10/site-packages/airflow/example_dags/example_branch_datetime_operator.py
[2025-03-10T09:19:22.222+0100] {processor.py:840} INFO - DAG(s) 'example_branch_datetime_operator_2', 'example_branch_datetime_operator_3', 'example_branch_datetime_operator' retrieved from /home/philip/de_engineering/airflow_projects/airflow1/venv/lib/python3.10/site-packages/airflow/example_dags/example_branch_datetime_operator.py
[2025-03-10T09:19:22.317+0100] {logging_mixin.py:188} INFO - [2025-03-10T09:19:22.317+0100] {dag.py:3036} INFO - Sync 3 DAGs
[2025-03-10T09:19:22.334+0100] {logging_mixin.py:188} INFO - [2025-03-10T09:19:22.333+0100] {dag.py:3823} INFO - Setting next_dagrun for example_branch_datetime_operator to 2025-03-09 00:00:00+00:00, run_after=2025-03-10 00:00:00+00:00
[2025-03-10T09:19:22.337+0100] {logging_mixin.py:188} INFO - [2025-03-10T09:19:22.337+0100] {dag.py:3823} INFO - Setting next_dagrun for example_branch_datetime_operator_2 to 2025-03-09 00:00:00+00:00, run_after=2025-03-10 00:00:00+00:00
[2025-03-10T09:19:22.339+0100] {logging_mixin.py:188} INFO - [2025-03-10T09:19:22.339+0100] {dag.py:3823} INFO - Setting next_dagrun for example_branch_datetime_operator_3 to 2025-03-09 00:00:00+00:00, run_after=2025-03-10 00:00:00+00:00
[2025-03-10T09:19:22.353+0100] {processor.py:183} INFO - Processing /home/philip/de_engineering/airflow_projects/airflow1/venv/lib/python3.10/site-packages/airflow/example_dags/example_branch_datetime_operator.py took 0.146 seconds
[2025-03-10T09:19:53.188+0100] {processor.py:161} INFO - Started process (PID=138995) to work on /home/philip/de_engineering/airflow_projects/airflow1/venv/lib/python3.10/site-packages/airflow/example_dags/example_branch_datetime_operator.py
[2025-03-10T09:19:53.189+0100] {processor.py:830} INFO - Processing file /home/philip/de_engineering/airflow_projects/airflow1/venv/lib/python3.10/site-packages/airflow/example_dags/example_branch_datetime_operator.py for tasks to queue
[2025-03-10T09:19:53.190+0100] {logging_mixin.py:188} INFO - [2025-03-10T09:19:53.189+0100] {dagbag.py:538} INFO - Filling up the DagBag from /home/philip/de_engineering/airflow_projects/airflow1/venv/lib/python3.10/site-packages/airflow/example_dags/example_branch_datetime_operator.py
[2025-03-10T09:19:53.197+0100] {processor.py:840} INFO - DAG(s) 'example_branch_datetime_operator_2', 'example_branch_datetime_operator', 'example_branch_datetime_operator_3' retrieved from /home/philip/de_engineering/airflow_projects/airflow1/venv/lib/python3.10/site-packages/airflow/example_dags/example_branch_datetime_operator.py
[2025-03-10T09:19:53.226+0100] {logging_mixin.py:188} INFO - [2025-03-10T09:19:53.226+0100] {dag.py:3036} INFO - Sync 3 DAGs
[2025-03-10T09:19:53.248+0100] {logging_mixin.py:188} INFO - [2025-03-10T09:19:53.248+0100] {dag.py:3823} INFO - Setting next_dagrun for example_branch_datetime_operator to 2025-03-09 00:00:00+00:00, run_after=2025-03-10 00:00:00+00:00
[2025-03-10T09:19:53.253+0100] {logging_mixin.py:188} INFO - [2025-03-10T09:19:53.252+0100] {dag.py:3823} INFO - Setting next_dagrun for example_branch_datetime_operator_2 to 2025-03-09 00:00:00+00:00, run_after=2025-03-10 00:00:00+00:00
[2025-03-10T09:19:53.255+0100] {logging_mixin.py:188} INFO - [2025-03-10T09:19:53.254+0100] {dag.py:3823} INFO - Setting next_dagrun for example_branch_datetime_operator_3 to 2025-03-09 00:00:00+00:00, run_after=2025-03-10 00:00:00+00:00
[2025-03-10T09:19:53.268+0100] {processor.py:183} INFO - Processing /home/philip/de_engineering/airflow_projects/airflow1/venv/lib/python3.10/site-packages/airflow/example_dags/example_branch_datetime_operator.py took 0.083 seconds
[2025-03-10T09:20:23.434+0100] {processor.py:161} INFO - Started process (PID=139370) to work on /home/philip/de_engineering/airflow_projects/airflow1/venv/lib/python3.10/site-packages/airflow/example_dags/example_branch_datetime_operator.py
[2025-03-10T09:20:23.436+0100] {processor.py:830} INFO - Processing file /home/philip/de_engineering/airflow_projects/airflow1/venv/lib/python3.10/site-packages/airflow/example_dags/example_branch_datetime_operator.py for tasks to queue
[2025-03-10T09:20:23.437+0100] {logging_mixin.py:188} INFO - [2025-03-10T09:20:23.436+0100] {dagbag.py:538} INFO - Filling up the DagBag from /home/philip/de_engineering/airflow_projects/airflow1/venv/lib/python3.10/site-packages/airflow/example_dags/example_branch_datetime_operator.py
[2025-03-10T09:20:23.446+0100] {processor.py:840} INFO - DAG(s) 'example_branch_datetime_operator', 'example_branch_datetime_operator_2', 'example_branch_datetime_operator_3' retrieved from /home/philip/de_engineering/airflow_projects/airflow1/venv/lib/python3.10/site-packages/airflow/example_dags/example_branch_datetime_operator.py
[2025-03-10T09:20:23.477+0100] {logging_mixin.py:188} INFO - [2025-03-10T09:20:23.476+0100] {dag.py:3036} INFO - Sync 3 DAGs
[2025-03-10T09:20:23.500+0100] {logging_mixin.py:188} INFO - [2025-03-10T09:20:23.500+0100] {dag.py:3823} INFO - Setting next_dagrun for example_branch_datetime_operator to 2025-03-09 00:00:00+00:00, run_after=2025-03-10 00:00:00+00:00
[2025-03-10T09:20:23.505+0100] {logging_mixin.py:188} INFO - [2025-03-10T09:20:23.504+0100] {dag.py:3823} INFO - Setting next_dagrun for example_branch_datetime_operator_2 to 2025-03-09 00:00:00+00:00, run_after=2025-03-10 00:00:00+00:00
[2025-03-10T09:20:23.507+0100] {logging_mixin.py:188} INFO - [2025-03-10T09:20:23.506+0100] {dag.py:3823} INFO - Setting next_dagrun for example_branch_datetime_operator_3 to 2025-03-09 00:00:00+00:00, run_after=2025-03-10 00:00:00+00:00
[2025-03-10T09:20:23.523+0100] {processor.py:183} INFO - Processing /home/philip/de_engineering/airflow_projects/airflow1/venv/lib/python3.10/site-packages/airflow/example_dags/example_branch_datetime_operator.py took 0.092 seconds
[2025-03-10T09:20:54.135+0100] {processor.py:161} INFO - Started process (PID=139750) to work on /home/philip/de_engineering/airflow_projects/airflow1/venv/lib/python3.10/site-packages/airflow/example_dags/example_branch_datetime_operator.py
[2025-03-10T09:20:54.136+0100] {processor.py:830} INFO - Processing file /home/philip/de_engineering/airflow_projects/airflow1/venv/lib/python3.10/site-packages/airflow/example_dags/example_branch_datetime_operator.py for tasks to queue
[2025-03-10T09:20:54.136+0100] {logging_mixin.py:188} INFO - [2025-03-10T09:20:54.136+0100] {dagbag.py:538} INFO - Filling up the DagBag from /home/philip/de_engineering/airflow_projects/airflow1/venv/lib/python3.10/site-packages/airflow/example_dags/example_branch_datetime_operator.py
[2025-03-10T09:20:54.144+0100] {processor.py:840} INFO - DAG(s) 'example_branch_datetime_operator_2', 'example_branch_datetime_operator', 'example_branch_datetime_operator_3' retrieved from /home/philip/de_engineering/airflow_projects/airflow1/venv/lib/python3.10/site-packages/airflow/example_dags/example_branch_datetime_operator.py
[2025-03-10T09:20:54.176+0100] {logging_mixin.py:188} INFO - [2025-03-10T09:20:54.176+0100] {dag.py:3036} INFO - Sync 3 DAGs
[2025-03-10T09:20:54.202+0100] {logging_mixin.py:188} INFO - [2025-03-10T09:20:54.202+0100] {dag.py:3823} INFO - Setting next_dagrun for example_branch_datetime_operator to 2025-03-09 00:00:00+00:00, run_after=2025-03-10 00:00:00+00:00
[2025-03-10T09:20:54.206+0100] {logging_mixin.py:188} INFO - [2025-03-10T09:20:54.206+0100] {dag.py:3823} INFO - Setting next_dagrun for example_branch_datetime_operator_2 to 2025-03-09 00:00:00+00:00, run_after=2025-03-10 00:00:00+00:00
[2025-03-10T09:20:54.209+0100] {logging_mixin.py:188} INFO - [2025-03-10T09:20:54.209+0100] {dag.py:3823} INFO - Setting next_dagrun for example_branch_datetime_operator_3 to 2025-03-09 00:00:00+00:00, run_after=2025-03-10 00:00:00+00:00
[2025-03-10T09:20:54.226+0100] {processor.py:183} INFO - Processing /home/philip/de_engineering/airflow_projects/airflow1/venv/lib/python3.10/site-packages/airflow/example_dags/example_branch_datetime_operator.py took 0.094 seconds
[2025-03-10T09:21:24.537+0100] {processor.py:161} INFO - Started process (PID=140133) to work on /home/philip/de_engineering/airflow_projects/airflow1/venv/lib/python3.10/site-packages/airflow/example_dags/example_branch_datetime_operator.py
[2025-03-10T09:21:24.539+0100] {processor.py:830} INFO - Processing file /home/philip/de_engineering/airflow_projects/airflow1/venv/lib/python3.10/site-packages/airflow/example_dags/example_branch_datetime_operator.py for tasks to queue
[2025-03-10T09:21:24.539+0100] {logging_mixin.py:188} INFO - [2025-03-10T09:21:24.539+0100] {dagbag.py:538} INFO - Filling up the DagBag from /home/philip/de_engineering/airflow_projects/airflow1/venv/lib/python3.10/site-packages/airflow/example_dags/example_branch_datetime_operator.py
[2025-03-10T09:21:24.547+0100] {processor.py:840} INFO - DAG(s) 'example_branch_datetime_operator', 'example_branch_datetime_operator_3', 'example_branch_datetime_operator_2' retrieved from /home/philip/de_engineering/airflow_projects/airflow1/venv/lib/python3.10/site-packages/airflow/example_dags/example_branch_datetime_operator.py
[2025-03-10T09:21:24.575+0100] {logging_mixin.py:188} INFO - [2025-03-10T09:21:24.575+0100] {dag.py:3036} INFO - Sync 3 DAGs
[2025-03-10T09:21:24.595+0100] {logging_mixin.py:188} INFO - [2025-03-10T09:21:24.594+0100] {dag.py:3823} INFO - Setting next_dagrun for example_branch_datetime_operator to 2025-03-09 00:00:00+00:00, run_after=2025-03-10 00:00:00+00:00
[2025-03-10T09:21:24.599+0100] {logging_mixin.py:188} INFO - [2025-03-10T09:21:24.599+0100] {dag.py:3823} INFO - Setting next_dagrun for example_branch_datetime_operator_2 to 2025-03-09 00:00:00+00:00, run_after=2025-03-10 00:00:00+00:00
[2025-03-10T09:21:24.601+0100] {logging_mixin.py:188} INFO - [2025-03-10T09:21:24.601+0100] {dag.py:3823} INFO - Setting next_dagrun for example_branch_datetime_operator_3 to 2025-03-09 00:00:00+00:00, run_after=2025-03-10 00:00:00+00:00
[2025-03-10T09:21:24.617+0100] {processor.py:183} INFO - Processing /home/philip/de_engineering/airflow_projects/airflow1/venv/lib/python3.10/site-packages/airflow/example_dags/example_branch_datetime_operator.py took 0.082 seconds
[2025-03-10T09:21:54.729+0100] {processor.py:161} INFO - Started process (PID=140510) to work on /home/philip/de_engineering/airflow_projects/airflow1/venv/lib/python3.10/site-packages/airflow/example_dags/example_branch_datetime_operator.py
[2025-03-10T09:21:54.729+0100] {processor.py:830} INFO - Processing file /home/philip/de_engineering/airflow_projects/airflow1/venv/lib/python3.10/site-packages/airflow/example_dags/example_branch_datetime_operator.py for tasks to queue
[2025-03-10T09:21:54.730+0100] {logging_mixin.py:188} INFO - [2025-03-10T09:21:54.730+0100] {dagbag.py:538} INFO - Filling up the DagBag from /home/philip/de_engineering/airflow_projects/airflow1/venv/lib/python3.10/site-packages/airflow/example_dags/example_branch_datetime_operator.py
[2025-03-10T09:21:54.738+0100] {processor.py:840} INFO - DAG(s) 'example_branch_datetime_operator_2', 'example_branch_datetime_operator', 'example_branch_datetime_operator_3' retrieved from /home/philip/de_engineering/airflow_projects/airflow1/venv/lib/python3.10/site-packages/airflow/example_dags/example_branch_datetime_operator.py
[2025-03-10T09:21:54.767+0100] {logging_mixin.py:188} INFO - [2025-03-10T09:21:54.767+0100] {dag.py:3036} INFO - Sync 3 DAGs
[2025-03-10T09:21:54.790+0100] {logging_mixin.py:188} INFO - [2025-03-10T09:21:54.790+0100] {dag.py:3823} INFO - Setting next_dagrun for example_branch_datetime_operator to 2025-03-09 00:00:00+00:00, run_after=2025-03-10 00:00:00+00:00
[2025-03-10T09:21:54.795+0100] {logging_mixin.py:188} INFO - [2025-03-10T09:21:54.794+0100] {dag.py:3823} INFO - Setting next_dagrun for example_branch_datetime_operator_2 to 2025-03-09 00:00:00+00:00, run_after=2025-03-10 00:00:00+00:00
[2025-03-10T09:21:54.797+0100] {logging_mixin.py:188} INFO - [2025-03-10T09:21:54.797+0100] {dag.py:3823} INFO - Setting next_dagrun for example_branch_datetime_operator_3 to 2025-03-09 00:00:00+00:00, run_after=2025-03-10 00:00:00+00:00
[2025-03-10T09:21:54.813+0100] {processor.py:183} INFO - Processing /home/philip/de_engineering/airflow_projects/airflow1/venv/lib/python3.10/site-packages/airflow/example_dags/example_branch_datetime_operator.py took 0.088 seconds
[2025-03-10T09:22:24.978+0100] {processor.py:161} INFO - Started process (PID=140890) to work on /home/philip/de_engineering/airflow_projects/airflow1/venv/lib/python3.10/site-packages/airflow/example_dags/example_branch_datetime_operator.py
[2025-03-10T09:22:24.980+0100] {processor.py:830} INFO - Processing file /home/philip/de_engineering/airflow_projects/airflow1/venv/lib/python3.10/site-packages/airflow/example_dags/example_branch_datetime_operator.py for tasks to queue
[2025-03-10T09:22:24.980+0100] {logging_mixin.py:188} INFO - [2025-03-10T09:22:24.980+0100] {dagbag.py:538} INFO - Filling up the DagBag from /home/philip/de_engineering/airflow_projects/airflow1/venv/lib/python3.10/site-packages/airflow/example_dags/example_branch_datetime_operator.py
[2025-03-10T09:22:24.988+0100] {processor.py:840} INFO - DAG(s) 'example_branch_datetime_operator_2', 'example_branch_datetime_operator_3', 'example_branch_datetime_operator' retrieved from /home/philip/de_engineering/airflow_projects/airflow1/venv/lib/python3.10/site-packages/airflow/example_dags/example_branch_datetime_operator.py
[2025-03-10T09:22:25.015+0100] {logging_mixin.py:188} INFO - [2025-03-10T09:22:25.015+0100] {dag.py:3036} INFO - Sync 3 DAGs
[2025-03-10T09:22:25.035+0100] {logging_mixin.py:188} INFO - [2025-03-10T09:22:25.034+0100] {dag.py:3823} INFO - Setting next_dagrun for example_branch_datetime_operator to 2025-03-09 00:00:00+00:00, run_after=2025-03-10 00:00:00+00:00
[2025-03-10T09:22:25.038+0100] {logging_mixin.py:188} INFO - [2025-03-10T09:22:25.038+0100] {dag.py:3823} INFO - Setting next_dagrun for example_branch_datetime_operator_2 to 2025-03-09 00:00:00+00:00, run_after=2025-03-10 00:00:00+00:00
[2025-03-10T09:22:25.040+0100] {logging_mixin.py:188} INFO - [2025-03-10T09:22:25.040+0100] {dag.py:3823} INFO - Setting next_dagrun for example_branch_datetime_operator_3 to 2025-03-09 00:00:00+00:00, run_after=2025-03-10 00:00:00+00:00
[2025-03-10T09:22:25.053+0100] {processor.py:183} INFO - Processing /home/philip/de_engineering/airflow_projects/airflow1/venv/lib/python3.10/site-packages/airflow/example_dags/example_branch_datetime_operator.py took 0.077 seconds
[2025-03-10T09:22:55.168+0100] {processor.py:161} INFO - Started process (PID=141265) to work on /home/philip/de_engineering/airflow_projects/airflow1/venv/lib/python3.10/site-packages/airflow/example_dags/example_branch_datetime_operator.py
[2025-03-10T09:22:55.169+0100] {processor.py:830} INFO - Processing file /home/philip/de_engineering/airflow_projects/airflow1/venv/lib/python3.10/site-packages/airflow/example_dags/example_branch_datetime_operator.py for tasks to queue
[2025-03-10T09:22:55.170+0100] {logging_mixin.py:188} INFO - [2025-03-10T09:22:55.170+0100] {dagbag.py:538} INFO - Filling up the DagBag from /home/philip/de_engineering/airflow_projects/airflow1/venv/lib/python3.10/site-packages/airflow/example_dags/example_branch_datetime_operator.py
[2025-03-10T09:22:55.179+0100] {processor.py:840} INFO - DAG(s) 'example_branch_datetime_operator', 'example_branch_datetime_operator_3', 'example_branch_datetime_operator_2' retrieved from /home/philip/de_engineering/airflow_projects/airflow1/venv/lib/python3.10/site-packages/airflow/example_dags/example_branch_datetime_operator.py
[2025-03-10T09:22:55.216+0100] {logging_mixin.py:188} INFO - [2025-03-10T09:22:55.215+0100] {dag.py:3036} INFO - Sync 3 DAGs
[2025-03-10T09:22:55.241+0100] {logging_mixin.py:188} INFO - [2025-03-10T09:22:55.240+0100] {dag.py:3823} INFO - Setting next_dagrun for example_branch_datetime_operator to 2025-03-09 00:00:00+00:00, run_after=2025-03-10 00:00:00+00:00
[2025-03-10T09:22:55.245+0100] {logging_mixin.py:188} INFO - [2025-03-10T09:22:55.245+0100] {dag.py:3823} INFO - Setting next_dagrun for example_branch_datetime_operator_2 to 2025-03-09 00:00:00+00:00, run_after=2025-03-10 00:00:00+00:00
[2025-03-10T09:22:55.248+0100] {logging_mixin.py:188} INFO - [2025-03-10T09:22:55.248+0100] {dag.py:3823} INFO - Setting next_dagrun for example_branch_datetime_operator_3 to 2025-03-09 00:00:00+00:00, run_after=2025-03-10 00:00:00+00:00
[2025-03-10T09:22:55.270+0100] {processor.py:183} INFO - Processing /home/philip/de_engineering/airflow_projects/airflow1/venv/lib/python3.10/site-packages/airflow/example_dags/example_branch_datetime_operator.py took 0.105 seconds
[2025-03-10T09:23:25.395+0100] {processor.py:161} INFO - Started process (PID=141647) to work on /home/philip/de_engineering/airflow_projects/airflow1/venv/lib/python3.10/site-packages/airflow/example_dags/example_branch_datetime_operator.py
[2025-03-10T09:23:25.396+0100] {processor.py:830} INFO - Processing file /home/philip/de_engineering/airflow_projects/airflow1/venv/lib/python3.10/site-packages/airflow/example_dags/example_branch_datetime_operator.py for tasks to queue
[2025-03-10T09:23:25.397+0100] {logging_mixin.py:188} INFO - [2025-03-10T09:23:25.397+0100] {dagbag.py:538} INFO - Filling up the DagBag from /home/philip/de_engineering/airflow_projects/airflow1/venv/lib/python3.10/site-packages/airflow/example_dags/example_branch_datetime_operator.py
[2025-03-10T09:23:25.408+0100] {processor.py:840} INFO - DAG(s) 'example_branch_datetime_operator_3', 'example_branch_datetime_operator', 'example_branch_datetime_operator_2' retrieved from /home/philip/de_engineering/airflow_projects/airflow1/venv/lib/python3.10/site-packages/airflow/example_dags/example_branch_datetime_operator.py
[2025-03-10T09:23:25.433+0100] {logging_mixin.py:188} INFO - [2025-03-10T09:23:25.433+0100] {dag.py:3036} INFO - Sync 3 DAGs
[2025-03-10T09:23:25.452+0100] {logging_mixin.py:188} INFO - [2025-03-10T09:23:25.452+0100] {dag.py:3823} INFO - Setting next_dagrun for example_branch_datetime_operator to 2025-03-09 00:00:00+00:00, run_after=2025-03-10 00:00:00+00:00
[2025-03-10T09:23:25.456+0100] {logging_mixin.py:188} INFO - [2025-03-10T09:23:25.456+0100] {dag.py:3823} INFO - Setting next_dagrun for example_branch_datetime_operator_2 to 2025-03-09 00:00:00+00:00, run_after=2025-03-10 00:00:00+00:00
[2025-03-10T09:23:25.458+0100] {logging_mixin.py:188} INFO - [2025-03-10T09:23:25.458+0100] {dag.py:3823} INFO - Setting next_dagrun for example_branch_datetime_operator_3 to 2025-03-09 00:00:00+00:00, run_after=2025-03-10 00:00:00+00:00
[2025-03-10T09:23:25.472+0100] {processor.py:183} INFO - Processing /home/philip/de_engineering/airflow_projects/airflow1/venv/lib/python3.10/site-packages/airflow/example_dags/example_branch_datetime_operator.py took 0.080 seconds
[2025-03-10T09:23:55.867+0100] {processor.py:161} INFO - Started process (PID=142026) to work on /home/philip/de_engineering/airflow_projects/airflow1/venv/lib/python3.10/site-packages/airflow/example_dags/example_branch_datetime_operator.py
[2025-03-10T09:23:55.869+0100] {processor.py:830} INFO - Processing file /home/philip/de_engineering/airflow_projects/airflow1/venv/lib/python3.10/site-packages/airflow/example_dags/example_branch_datetime_operator.py for tasks to queue
[2025-03-10T09:23:55.870+0100] {logging_mixin.py:188} INFO - [2025-03-10T09:23:55.870+0100] {dagbag.py:538} INFO - Filling up the DagBag from /home/philip/de_engineering/airflow_projects/airflow1/venv/lib/python3.10/site-packages/airflow/example_dags/example_branch_datetime_operator.py
[2025-03-10T09:23:55.883+0100] {processor.py:840} INFO - DAG(s) 'example_branch_datetime_operator', 'example_branch_datetime_operator_2', 'example_branch_datetime_operator_3' retrieved from /home/philip/de_engineering/airflow_projects/airflow1/venv/lib/python3.10/site-packages/airflow/example_dags/example_branch_datetime_operator.py
[2025-03-10T09:23:55.915+0100] {logging_mixin.py:188} INFO - [2025-03-10T09:23:55.915+0100] {dag.py:3036} INFO - Sync 3 DAGs
[2025-03-10T09:23:55.940+0100] {logging_mixin.py:188} INFO - [2025-03-10T09:23:55.940+0100] {dag.py:3823} INFO - Setting next_dagrun for example_branch_datetime_operator to 2025-03-09 00:00:00+00:00, run_after=2025-03-10 00:00:00+00:00
[2025-03-10T09:23:55.944+0100] {logging_mixin.py:188} INFO - [2025-03-10T09:23:55.944+0100] {dag.py:3823} INFO - Setting next_dagrun for example_branch_datetime_operator_2 to 2025-03-09 00:00:00+00:00, run_after=2025-03-10 00:00:00+00:00
[2025-03-10T09:23:55.946+0100] {logging_mixin.py:188} INFO - [2025-03-10T09:23:55.946+0100] {dag.py:3823} INFO - Setting next_dagrun for example_branch_datetime_operator_3 to 2025-03-09 00:00:00+00:00, run_after=2025-03-10 00:00:00+00:00
[2025-03-10T09:23:55.959+0100] {processor.py:183} INFO - Processing /home/philip/de_engineering/airflow_projects/airflow1/venv/lib/python3.10/site-packages/airflow/example_dags/example_branch_datetime_operator.py took 0.096 seconds
[2025-03-10T09:24:26.134+0100] {processor.py:161} INFO - Started process (PID=142403) to work on /home/philip/de_engineering/airflow_projects/airflow1/venv/lib/python3.10/site-packages/airflow/example_dags/example_branch_datetime_operator.py
[2025-03-10T09:24:26.136+0100] {processor.py:830} INFO - Processing file /home/philip/de_engineering/airflow_projects/airflow1/venv/lib/python3.10/site-packages/airflow/example_dags/example_branch_datetime_operator.py for tasks to queue
[2025-03-10T09:24:26.137+0100] {logging_mixin.py:188} INFO - [2025-03-10T09:24:26.136+0100] {dagbag.py:538} INFO - Filling up the DagBag from /home/philip/de_engineering/airflow_projects/airflow1/venv/lib/python3.10/site-packages/airflow/example_dags/example_branch_datetime_operator.py
[2025-03-10T09:24:26.146+0100] {processor.py:840} INFO - DAG(s) 'example_branch_datetime_operator', 'example_branch_datetime_operator_2', 'example_branch_datetime_operator_3' retrieved from /home/philip/de_engineering/airflow_projects/airflow1/venv/lib/python3.10/site-packages/airflow/example_dags/example_branch_datetime_operator.py
[2025-03-10T09:24:26.181+0100] {logging_mixin.py:188} INFO - [2025-03-10T09:24:26.181+0100] {dag.py:3036} INFO - Sync 3 DAGs
[2025-03-10T09:24:26.209+0100] {logging_mixin.py:188} INFO - [2025-03-10T09:24:26.209+0100] {dag.py:3823} INFO - Setting next_dagrun for example_branch_datetime_operator to 2025-03-09 00:00:00+00:00, run_after=2025-03-10 00:00:00+00:00
[2025-03-10T09:24:26.215+0100] {logging_mixin.py:188} INFO - [2025-03-10T09:24:26.215+0100] {dag.py:3823} INFO - Setting next_dagrun for example_branch_datetime_operator_2 to 2025-03-09 00:00:00+00:00, run_after=2025-03-10 00:00:00+00:00
[2025-03-10T09:24:26.219+0100] {logging_mixin.py:188} INFO - [2025-03-10T09:24:26.219+0100] {dag.py:3823} INFO - Setting next_dagrun for example_branch_datetime_operator_3 to 2025-03-09 00:00:00+00:00, run_after=2025-03-10 00:00:00+00:00
[2025-03-10T09:24:26.238+0100] {processor.py:183} INFO - Processing /home/philip/de_engineering/airflow_projects/airflow1/venv/lib/python3.10/site-packages/airflow/example_dags/example_branch_datetime_operator.py took 0.107 seconds
[2025-03-10T09:24:56.492+0100] {processor.py:161} INFO - Started process (PID=142784) to work on /home/philip/de_engineering/airflow_projects/airflow1/venv/lib/python3.10/site-packages/airflow/example_dags/example_branch_datetime_operator.py
[2025-03-10T09:24:56.493+0100] {processor.py:830} INFO - Processing file /home/philip/de_engineering/airflow_projects/airflow1/venv/lib/python3.10/site-packages/airflow/example_dags/example_branch_datetime_operator.py for tasks to queue
[2025-03-10T09:24:56.494+0100] {logging_mixin.py:188} INFO - [2025-03-10T09:24:56.494+0100] {dagbag.py:538} INFO - Filling up the DagBag from /home/philip/de_engineering/airflow_projects/airflow1/venv/lib/python3.10/site-packages/airflow/example_dags/example_branch_datetime_operator.py
[2025-03-10T09:24:56.502+0100] {processor.py:840} INFO - DAG(s) 'example_branch_datetime_operator_2', 'example_branch_datetime_operator', 'example_branch_datetime_operator_3' retrieved from /home/philip/de_engineering/airflow_projects/airflow1/venv/lib/python3.10/site-packages/airflow/example_dags/example_branch_datetime_operator.py
[2025-03-10T09:24:56.528+0100] {logging_mixin.py:188} INFO - [2025-03-10T09:24:56.528+0100] {dag.py:3036} INFO - Sync 3 DAGs
[2025-03-10T09:24:56.549+0100] {logging_mixin.py:188} INFO - [2025-03-10T09:24:56.548+0100] {dag.py:3823} INFO - Setting next_dagrun for example_branch_datetime_operator to 2025-03-09 00:00:00+00:00, run_after=2025-03-10 00:00:00+00:00
[2025-03-10T09:24:56.553+0100] {logging_mixin.py:188} INFO - [2025-03-10T09:24:56.552+0100] {dag.py:3823} INFO - Setting next_dagrun for example_branch_datetime_operator_2 to 2025-03-09 00:00:00+00:00, run_after=2025-03-10 00:00:00+00:00
[2025-03-10T09:24:56.554+0100] {logging_mixin.py:188} INFO - [2025-03-10T09:24:56.554+0100] {dag.py:3823} INFO - Setting next_dagrun for example_branch_datetime_operator_3 to 2025-03-09 00:00:00+00:00, run_after=2025-03-10 00:00:00+00:00
[2025-03-10T09:24:56.570+0100] {processor.py:183} INFO - Processing /home/philip/de_engineering/airflow_projects/airflow1/venv/lib/python3.10/site-packages/airflow/example_dags/example_branch_datetime_operator.py took 0.081 seconds
[2025-03-10T09:25:26.660+0100] {processor.py:161} INFO - Started process (PID=143162) to work on /home/philip/de_engineering/airflow_projects/airflow1/venv/lib/python3.10/site-packages/airflow/example_dags/example_branch_datetime_operator.py
[2025-03-10T09:25:26.661+0100] {processor.py:830} INFO - Processing file /home/philip/de_engineering/airflow_projects/airflow1/venv/lib/python3.10/site-packages/airflow/example_dags/example_branch_datetime_operator.py for tasks to queue
[2025-03-10T09:25:26.661+0100] {logging_mixin.py:188} INFO - [2025-03-10T09:25:26.661+0100] {dagbag.py:538} INFO - Filling up the DagBag from /home/philip/de_engineering/airflow_projects/airflow1/venv/lib/python3.10/site-packages/airflow/example_dags/example_branch_datetime_operator.py
[2025-03-10T09:25:26.669+0100] {processor.py:840} INFO - DAG(s) 'example_branch_datetime_operator_2', 'example_branch_datetime_operator_3', 'example_branch_datetime_operator' retrieved from /home/philip/de_engineering/airflow_projects/airflow1/venv/lib/python3.10/site-packages/airflow/example_dags/example_branch_datetime_operator.py
[2025-03-10T09:25:26.695+0100] {logging_mixin.py:188} INFO - [2025-03-10T09:25:26.695+0100] {dag.py:3036} INFO - Sync 3 DAGs
[2025-03-10T09:25:26.713+0100] {logging_mixin.py:188} INFO - [2025-03-10T09:25:26.713+0100] {dag.py:3823} INFO - Setting next_dagrun for example_branch_datetime_operator to 2025-03-09 00:00:00+00:00, run_after=2025-03-10 00:00:00+00:00
[2025-03-10T09:25:26.716+0100] {logging_mixin.py:188} INFO - [2025-03-10T09:25:26.716+0100] {dag.py:3823} INFO - Setting next_dagrun for example_branch_datetime_operator_2 to 2025-03-09 00:00:00+00:00, run_after=2025-03-10 00:00:00+00:00
[2025-03-10T09:25:26.718+0100] {logging_mixin.py:188} INFO - [2025-03-10T09:25:26.718+0100] {dag.py:3823} INFO - Setting next_dagrun for example_branch_datetime_operator_3 to 2025-03-09 00:00:00+00:00, run_after=2025-03-10 00:00:00+00:00
[2025-03-10T09:25:26.732+0100] {processor.py:183} INFO - Processing /home/philip/de_engineering/airflow_projects/airflow1/venv/lib/python3.10/site-packages/airflow/example_dags/example_branch_datetime_operator.py took 0.075 seconds
[2025-03-10T09:25:57.013+0100] {processor.py:161} INFO - Started process (PID=143544) to work on /home/philip/de_engineering/airflow_projects/airflow1/venv/lib/python3.10/site-packages/airflow/example_dags/example_branch_datetime_operator.py
[2025-03-10T09:25:57.014+0100] {processor.py:830} INFO - Processing file /home/philip/de_engineering/airflow_projects/airflow1/venv/lib/python3.10/site-packages/airflow/example_dags/example_branch_datetime_operator.py for tasks to queue
[2025-03-10T09:25:57.015+0100] {logging_mixin.py:188} INFO - [2025-03-10T09:25:57.014+0100] {dagbag.py:538} INFO - Filling up the DagBag from /home/philip/de_engineering/airflow_projects/airflow1/venv/lib/python3.10/site-packages/airflow/example_dags/example_branch_datetime_operator.py
[2025-03-10T09:25:57.023+0100] {processor.py:840} INFO - DAG(s) 'example_branch_datetime_operator', 'example_branch_datetime_operator_2', 'example_branch_datetime_operator_3' retrieved from /home/philip/de_engineering/airflow_projects/airflow1/venv/lib/python3.10/site-packages/airflow/example_dags/example_branch_datetime_operator.py
[2025-03-10T09:25:57.051+0100] {logging_mixin.py:188} INFO - [2025-03-10T09:25:57.051+0100] {dag.py:3036} INFO - Sync 3 DAGs
[2025-03-10T09:25:57.074+0100] {logging_mixin.py:188} INFO - [2025-03-10T09:25:57.074+0100] {dag.py:3823} INFO - Setting next_dagrun for example_branch_datetime_operator to 2025-03-09 00:00:00+00:00, run_after=2025-03-10 00:00:00+00:00
[2025-03-10T09:25:57.079+0100] {logging_mixin.py:188} INFO - [2025-03-10T09:25:57.079+0100] {dag.py:3823} INFO - Setting next_dagrun for example_branch_datetime_operator_2 to 2025-03-09 00:00:00+00:00, run_after=2025-03-10 00:00:00+00:00
[2025-03-10T09:25:57.082+0100] {logging_mixin.py:188} INFO - [2025-03-10T09:25:57.081+0100] {dag.py:3823} INFO - Setting next_dagrun for example_branch_datetime_operator_3 to 2025-03-09 00:00:00+00:00, run_after=2025-03-10 00:00:00+00:00
[2025-03-10T09:25:57.098+0100] {processor.py:183} INFO - Processing /home/philip/de_engineering/airflow_projects/airflow1/venv/lib/python3.10/site-packages/airflow/example_dags/example_branch_datetime_operator.py took 0.089 seconds
[2025-03-10T09:26:27.423+0100] {processor.py:161} INFO - Started process (PID=143918) to work on /home/philip/de_engineering/airflow_projects/airflow1/venv/lib/python3.10/site-packages/airflow/example_dags/example_branch_datetime_operator.py
[2025-03-10T09:26:27.424+0100] {processor.py:830} INFO - Processing file /home/philip/de_engineering/airflow_projects/airflow1/venv/lib/python3.10/site-packages/airflow/example_dags/example_branch_datetime_operator.py for tasks to queue
[2025-03-10T09:26:27.424+0100] {logging_mixin.py:188} INFO - [2025-03-10T09:26:27.424+0100] {dagbag.py:538} INFO - Filling up the DagBag from /home/philip/de_engineering/airflow_projects/airflow1/venv/lib/python3.10/site-packages/airflow/example_dags/example_branch_datetime_operator.py
[2025-03-10T09:26:27.433+0100] {processor.py:840} INFO - DAG(s) 'example_branch_datetime_operator_3', 'example_branch_datetime_operator', 'example_branch_datetime_operator_2' retrieved from /home/philip/de_engineering/airflow_projects/airflow1/venv/lib/python3.10/site-packages/airflow/example_dags/example_branch_datetime_operator.py
[2025-03-10T09:26:27.459+0100] {logging_mixin.py:188} INFO - [2025-03-10T09:26:27.459+0100] {dag.py:3036} INFO - Sync 3 DAGs
[2025-03-10T09:26:27.484+0100] {logging_mixin.py:188} INFO - [2025-03-10T09:26:27.483+0100] {dag.py:3823} INFO - Setting next_dagrun for example_branch_datetime_operator to 2025-03-09 00:00:00+00:00, run_after=2025-03-10 00:00:00+00:00
[2025-03-10T09:26:27.489+0100] {logging_mixin.py:188} INFO - [2025-03-10T09:26:27.488+0100] {dag.py:3823} INFO - Setting next_dagrun for example_branch_datetime_operator_2 to 2025-03-09 00:00:00+00:00, run_after=2025-03-10 00:00:00+00:00
[2025-03-10T09:26:27.491+0100] {logging_mixin.py:188} INFO - [2025-03-10T09:26:27.491+0100] {dag.py:3823} INFO - Setting next_dagrun for example_branch_datetime_operator_3 to 2025-03-09 00:00:00+00:00, run_after=2025-03-10 00:00:00+00:00
[2025-03-10T09:26:27.510+0100] {processor.py:183} INFO - Processing /home/philip/de_engineering/airflow_projects/airflow1/venv/lib/python3.10/site-packages/airflow/example_dags/example_branch_datetime_operator.py took 0.091 seconds
[2025-03-10T09:26:57.875+0100] {processor.py:161} INFO - Started process (PID=144299) to work on /home/philip/de_engineering/airflow_projects/airflow1/venv/lib/python3.10/site-packages/airflow/example_dags/example_branch_datetime_operator.py
[2025-03-10T09:26:57.876+0100] {processor.py:830} INFO - Processing file /home/philip/de_engineering/airflow_projects/airflow1/venv/lib/python3.10/site-packages/airflow/example_dags/example_branch_datetime_operator.py for tasks to queue
[2025-03-10T09:26:57.876+0100] {logging_mixin.py:188} INFO - [2025-03-10T09:26:57.876+0100] {dagbag.py:538} INFO - Filling up the DagBag from /home/philip/de_engineering/airflow_projects/airflow1/venv/lib/python3.10/site-packages/airflow/example_dags/example_branch_datetime_operator.py
[2025-03-10T09:26:57.886+0100] {processor.py:840} INFO - DAG(s) 'example_branch_datetime_operator', 'example_branch_datetime_operator_2', 'example_branch_datetime_operator_3' retrieved from /home/philip/de_engineering/airflow_projects/airflow1/venv/lib/python3.10/site-packages/airflow/example_dags/example_branch_datetime_operator.py
[2025-03-10T09:26:57.912+0100] {logging_mixin.py:188} INFO - [2025-03-10T09:26:57.912+0100] {dag.py:3036} INFO - Sync 3 DAGs
[2025-03-10T09:26:57.932+0100] {logging_mixin.py:188} INFO - [2025-03-10T09:26:57.932+0100] {dag.py:3823} INFO - Setting next_dagrun for example_branch_datetime_operator to 2025-03-09 00:00:00+00:00, run_after=2025-03-10 00:00:00+00:00
[2025-03-10T09:26:57.936+0100] {logging_mixin.py:188} INFO - [2025-03-10T09:26:57.936+0100] {dag.py:3823} INFO - Setting next_dagrun for example_branch_datetime_operator_2 to 2025-03-09 00:00:00+00:00, run_after=2025-03-10 00:00:00+00:00
[2025-03-10T09:26:57.938+0100] {logging_mixin.py:188} INFO - [2025-03-10T09:26:57.938+0100] {dag.py:3823} INFO - Setting next_dagrun for example_branch_datetime_operator_3 to 2025-03-09 00:00:00+00:00, run_after=2025-03-10 00:00:00+00:00
[2025-03-10T09:26:57.955+0100] {processor.py:183} INFO - Processing /home/philip/de_engineering/airflow_projects/airflow1/venv/lib/python3.10/site-packages/airflow/example_dags/example_branch_datetime_operator.py took 0.083 seconds
[2025-03-10T09:27:28.135+0100] {processor.py:161} INFO - Started process (PID=144679) to work on /home/philip/de_engineering/airflow_projects/airflow1/venv/lib/python3.10/site-packages/airflow/example_dags/example_branch_datetime_operator.py
[2025-03-10T09:27:28.135+0100] {processor.py:830} INFO - Processing file /home/philip/de_engineering/airflow_projects/airflow1/venv/lib/python3.10/site-packages/airflow/example_dags/example_branch_datetime_operator.py for tasks to queue
[2025-03-10T09:27:28.136+0100] {logging_mixin.py:188} INFO - [2025-03-10T09:27:28.136+0100] {dagbag.py:538} INFO - Filling up the DagBag from /home/philip/de_engineering/airflow_projects/airflow1/venv/lib/python3.10/site-packages/airflow/example_dags/example_branch_datetime_operator.py
[2025-03-10T09:27:28.144+0100] {processor.py:840} INFO - DAG(s) 'example_branch_datetime_operator_3', 'example_branch_datetime_operator', 'example_branch_datetime_operator_2' retrieved from /home/philip/de_engineering/airflow_projects/airflow1/venv/lib/python3.10/site-packages/airflow/example_dags/example_branch_datetime_operator.py
[2025-03-10T09:27:28.171+0100] {logging_mixin.py:188} INFO - [2025-03-10T09:27:28.170+0100] {dag.py:3036} INFO - Sync 3 DAGs
[2025-03-10T09:27:28.190+0100] {logging_mixin.py:188} INFO - [2025-03-10T09:27:28.190+0100] {dag.py:3823} INFO - Setting next_dagrun for example_branch_datetime_operator to 2025-03-09 00:00:00+00:00, run_after=2025-03-10 00:00:00+00:00
[2025-03-10T09:27:28.194+0100] {logging_mixin.py:188} INFO - [2025-03-10T09:27:28.193+0100] {dag.py:3823} INFO - Setting next_dagrun for example_branch_datetime_operator_2 to 2025-03-09 00:00:00+00:00, run_after=2025-03-10 00:00:00+00:00
[2025-03-10T09:27:28.195+0100] {logging_mixin.py:188} INFO - [2025-03-10T09:27:28.195+0100] {dag.py:3823} INFO - Setting next_dagrun for example_branch_datetime_operator_3 to 2025-03-09 00:00:00+00:00, run_after=2025-03-10 00:00:00+00:00
[2025-03-10T09:27:28.209+0100] {processor.py:183} INFO - Processing /home/philip/de_engineering/airflow_projects/airflow1/venv/lib/python3.10/site-packages/airflow/example_dags/example_branch_datetime_operator.py took 0.077 seconds
[2025-03-10T09:27:58.385+0100] {processor.py:161} INFO - Started process (PID=145054) to work on /home/philip/de_engineering/airflow_projects/airflow1/venv/lib/python3.10/site-packages/airflow/example_dags/example_branch_datetime_operator.py
[2025-03-10T09:27:58.387+0100] {processor.py:830} INFO - Processing file /home/philip/de_engineering/airflow_projects/airflow1/venv/lib/python3.10/site-packages/airflow/example_dags/example_branch_datetime_operator.py for tasks to queue
[2025-03-10T09:27:58.387+0100] {logging_mixin.py:188} INFO - [2025-03-10T09:27:58.387+0100] {dagbag.py:538} INFO - Filling up the DagBag from /home/philip/de_engineering/airflow_projects/airflow1/venv/lib/python3.10/site-packages/airflow/example_dags/example_branch_datetime_operator.py
[2025-03-10T09:27:58.395+0100] {processor.py:840} INFO - DAG(s) 'example_branch_datetime_operator_3', 'example_branch_datetime_operator', 'example_branch_datetime_operator_2' retrieved from /home/philip/de_engineering/airflow_projects/airflow1/venv/lib/python3.10/site-packages/airflow/example_dags/example_branch_datetime_operator.py
[2025-03-10T09:27:58.424+0100] {logging_mixin.py:188} INFO - [2025-03-10T09:27:58.423+0100] {dag.py:3036} INFO - Sync 3 DAGs
[2025-03-10T09:27:58.444+0100] {logging_mixin.py:188} INFO - [2025-03-10T09:27:58.444+0100] {dag.py:3823} INFO - Setting next_dagrun for example_branch_datetime_operator to 2025-03-09 00:00:00+00:00, run_after=2025-03-10 00:00:00+00:00
[2025-03-10T09:27:58.449+0100] {logging_mixin.py:188} INFO - [2025-03-10T09:27:58.449+0100] {dag.py:3823} INFO - Setting next_dagrun for example_branch_datetime_operator_2 to 2025-03-09 00:00:00+00:00, run_after=2025-03-10 00:00:00+00:00
[2025-03-10T09:27:58.451+0100] {logging_mixin.py:188} INFO - [2025-03-10T09:27:58.451+0100] {dag.py:3823} INFO - Setting next_dagrun for example_branch_datetime_operator_3 to 2025-03-09 00:00:00+00:00, run_after=2025-03-10 00:00:00+00:00
[2025-03-10T09:27:58.466+0100] {processor.py:183} INFO - Processing /home/philip/de_engineering/airflow_projects/airflow1/venv/lib/python3.10/site-packages/airflow/example_dags/example_branch_datetime_operator.py took 0.084 seconds
[2025-03-10T09:28:28.644+0100] {processor.py:161} INFO - Started process (PID=145434) to work on /home/philip/de_engineering/airflow_projects/airflow1/venv/lib/python3.10/site-packages/airflow/example_dags/example_branch_datetime_operator.py
[2025-03-10T09:28:28.645+0100] {processor.py:830} INFO - Processing file /home/philip/de_engineering/airflow_projects/airflow1/venv/lib/python3.10/site-packages/airflow/example_dags/example_branch_datetime_operator.py for tasks to queue
[2025-03-10T09:28:28.645+0100] {logging_mixin.py:188} INFO - [2025-03-10T09:28:28.645+0100] {dagbag.py:538} INFO - Filling up the DagBag from /home/philip/de_engineering/airflow_projects/airflow1/venv/lib/python3.10/site-packages/airflow/example_dags/example_branch_datetime_operator.py
[2025-03-10T09:28:28.654+0100] {processor.py:840} INFO - DAG(s) 'example_branch_datetime_operator_3', 'example_branch_datetime_operator_2', 'example_branch_datetime_operator' retrieved from /home/philip/de_engineering/airflow_projects/airflow1/venv/lib/python3.10/site-packages/airflow/example_dags/example_branch_datetime_operator.py
[2025-03-10T09:28:28.681+0100] {logging_mixin.py:188} INFO - [2025-03-10T09:28:28.681+0100] {dag.py:3036} INFO - Sync 3 DAGs
[2025-03-10T09:28:28.704+0100] {logging_mixin.py:188} INFO - [2025-03-10T09:28:28.704+0100] {dag.py:3823} INFO - Setting next_dagrun for example_branch_datetime_operator to 2025-03-09 00:00:00+00:00, run_after=2025-03-10 00:00:00+00:00
[2025-03-10T09:28:28.708+0100] {logging_mixin.py:188} INFO - [2025-03-10T09:28:28.708+0100] {dag.py:3823} INFO - Setting next_dagrun for example_branch_datetime_operator_2 to 2025-03-09 00:00:00+00:00, run_after=2025-03-10 00:00:00+00:00
[2025-03-10T09:28:28.710+0100] {logging_mixin.py:188} INFO - [2025-03-10T09:28:28.709+0100] {dag.py:3823} INFO - Setting next_dagrun for example_branch_datetime_operator_3 to 2025-03-09 00:00:00+00:00, run_after=2025-03-10 00:00:00+00:00
[2025-03-10T09:28:28.724+0100] {processor.py:183} INFO - Processing /home/philip/de_engineering/airflow_projects/airflow1/venv/lib/python3.10/site-packages/airflow/example_dags/example_branch_datetime_operator.py took 0.083 seconds
[2025-03-10T09:28:58.788+0100] {processor.py:161} INFO - Started process (PID=145810) to work on /home/philip/de_engineering/airflow_projects/airflow1/venv/lib/python3.10/site-packages/airflow/example_dags/example_branch_datetime_operator.py
[2025-03-10T09:28:58.790+0100] {processor.py:830} INFO - Processing file /home/philip/de_engineering/airflow_projects/airflow1/venv/lib/python3.10/site-packages/airflow/example_dags/example_branch_datetime_operator.py for tasks to queue
[2025-03-10T09:28:58.791+0100] {logging_mixin.py:188} INFO - [2025-03-10T09:28:58.791+0100] {dagbag.py:538} INFO - Filling up the DagBag from /home/philip/de_engineering/airflow_projects/airflow1/venv/lib/python3.10/site-packages/airflow/example_dags/example_branch_datetime_operator.py
[2025-03-10T09:28:58.798+0100] {processor.py:840} INFO - DAG(s) 'example_branch_datetime_operator_3', 'example_branch_datetime_operator', 'example_branch_datetime_operator_2' retrieved from /home/philip/de_engineering/airflow_projects/airflow1/venv/lib/python3.10/site-packages/airflow/example_dags/example_branch_datetime_operator.py
[2025-03-10T09:28:58.827+0100] {logging_mixin.py:188} INFO - [2025-03-10T09:28:58.827+0100] {dag.py:3036} INFO - Sync 3 DAGs
[2025-03-10T09:28:58.851+0100] {logging_mixin.py:188} INFO - [2025-03-10T09:28:58.850+0100] {dag.py:3823} INFO - Setting next_dagrun for example_branch_datetime_operator to 2025-03-09 00:00:00+00:00, run_after=2025-03-10 00:00:00+00:00
[2025-03-10T09:28:58.856+0100] {logging_mixin.py:188} INFO - [2025-03-10T09:28:58.856+0100] {dag.py:3823} INFO - Setting next_dagrun for example_branch_datetime_operator_2 to 2025-03-09 00:00:00+00:00, run_after=2025-03-10 00:00:00+00:00
[2025-03-10T09:28:58.858+0100] {logging_mixin.py:188} INFO - [2025-03-10T09:28:58.858+0100] {dag.py:3823} INFO - Setting next_dagrun for example_branch_datetime_operator_3 to 2025-03-09 00:00:00+00:00, run_after=2025-03-10 00:00:00+00:00
[2025-03-10T09:28:58.877+0100] {processor.py:183} INFO - Processing /home/philip/de_engineering/airflow_projects/airflow1/venv/lib/python3.10/site-packages/airflow/example_dags/example_branch_datetime_operator.py took 0.091 seconds
[2025-03-10T09:29:29.074+0100] {processor.py:161} INFO - Started process (PID=146191) to work on /home/philip/de_engineering/airflow_projects/airflow1/venv/lib/python3.10/site-packages/airflow/example_dags/example_branch_datetime_operator.py
[2025-03-10T09:29:29.075+0100] {processor.py:830} INFO - Processing file /home/philip/de_engineering/airflow_projects/airflow1/venv/lib/python3.10/site-packages/airflow/example_dags/example_branch_datetime_operator.py for tasks to queue
[2025-03-10T09:29:29.075+0100] {logging_mixin.py:188} INFO - [2025-03-10T09:29:29.075+0100] {dagbag.py:538} INFO - Filling up the DagBag from /home/philip/de_engineering/airflow_projects/airflow1/venv/lib/python3.10/site-packages/airflow/example_dags/example_branch_datetime_operator.py
[2025-03-10T09:29:29.083+0100] {processor.py:840} INFO - DAG(s) 'example_branch_datetime_operator_2', 'example_branch_datetime_operator_3', 'example_branch_datetime_operator' retrieved from /home/philip/de_engineering/airflow_projects/airflow1/venv/lib/python3.10/site-packages/airflow/example_dags/example_branch_datetime_operator.py
[2025-03-10T09:29:29.108+0100] {logging_mixin.py:188} INFO - [2025-03-10T09:29:29.108+0100] {dag.py:3036} INFO - Sync 3 DAGs
[2025-03-10T09:29:29.126+0100] {logging_mixin.py:188} INFO - [2025-03-10T09:29:29.126+0100] {dag.py:3823} INFO - Setting next_dagrun for example_branch_datetime_operator to 2025-03-09 00:00:00+00:00, run_after=2025-03-10 00:00:00+00:00
[2025-03-10T09:29:29.130+0100] {logging_mixin.py:188} INFO - [2025-03-10T09:29:29.130+0100] {dag.py:3823} INFO - Setting next_dagrun for example_branch_datetime_operator_2 to 2025-03-09 00:00:00+00:00, run_after=2025-03-10 00:00:00+00:00
[2025-03-10T09:29:29.132+0100] {logging_mixin.py:188} INFO - [2025-03-10T09:29:29.132+0100] {dag.py:3823} INFO - Setting next_dagrun for example_branch_datetime_operator_3 to 2025-03-09 00:00:00+00:00, run_after=2025-03-10 00:00:00+00:00
[2025-03-10T09:29:29.146+0100] {processor.py:183} INFO - Processing /home/philip/de_engineering/airflow_projects/airflow1/venv/lib/python3.10/site-packages/airflow/example_dags/example_branch_datetime_operator.py took 0.074 seconds
[2025-03-10T09:29:59.269+0100] {processor.py:161} INFO - Started process (PID=146565) to work on /home/philip/de_engineering/airflow_projects/airflow1/venv/lib/python3.10/site-packages/airflow/example_dags/example_branch_datetime_operator.py
[2025-03-10T09:29:59.270+0100] {processor.py:830} INFO - Processing file /home/philip/de_engineering/airflow_projects/airflow1/venv/lib/python3.10/site-packages/airflow/example_dags/example_branch_datetime_operator.py for tasks to queue
[2025-03-10T09:29:59.271+0100] {logging_mixin.py:188} INFO - [2025-03-10T09:29:59.270+0100] {dagbag.py:538} INFO - Filling up the DagBag from /home/philip/de_engineering/airflow_projects/airflow1/venv/lib/python3.10/site-packages/airflow/example_dags/example_branch_datetime_operator.py
[2025-03-10T09:29:59.278+0100] {processor.py:840} INFO - DAG(s) 'example_branch_datetime_operator', 'example_branch_datetime_operator_2', 'example_branch_datetime_operator_3' retrieved from /home/philip/de_engineering/airflow_projects/airflow1/venv/lib/python3.10/site-packages/airflow/example_dags/example_branch_datetime_operator.py
[2025-03-10T09:29:59.304+0100] {logging_mixin.py:188} INFO - [2025-03-10T09:29:59.304+0100] {dag.py:3036} INFO - Sync 3 DAGs
[2025-03-10T09:29:59.326+0100] {logging_mixin.py:188} INFO - [2025-03-10T09:29:59.325+0100] {dag.py:3823} INFO - Setting next_dagrun for example_branch_datetime_operator to 2025-03-09 00:00:00+00:00, run_after=2025-03-10 00:00:00+00:00
[2025-03-10T09:29:59.330+0100] {logging_mixin.py:188} INFO - [2025-03-10T09:29:59.330+0100] {dag.py:3823} INFO - Setting next_dagrun for example_branch_datetime_operator_2 to 2025-03-09 00:00:00+00:00, run_after=2025-03-10 00:00:00+00:00
[2025-03-10T09:29:59.332+0100] {logging_mixin.py:188} INFO - [2025-03-10T09:29:59.332+0100] {dag.py:3823} INFO - Setting next_dagrun for example_branch_datetime_operator_3 to 2025-03-09 00:00:00+00:00, run_after=2025-03-10 00:00:00+00:00
[2025-03-10T09:29:59.348+0100] {processor.py:183} INFO - Processing /home/philip/de_engineering/airflow_projects/airflow1/venv/lib/python3.10/site-packages/airflow/example_dags/example_branch_datetime_operator.py took 0.082 seconds
[2025-03-10T09:30:29.407+0100] {processor.py:161} INFO - Started process (PID=146940) to work on /home/philip/de_engineering/airflow_projects/airflow1/venv/lib/python3.10/site-packages/airflow/example_dags/example_branch_datetime_operator.py
[2025-03-10T09:30:29.408+0100] {processor.py:830} INFO - Processing file /home/philip/de_engineering/airflow_projects/airflow1/venv/lib/python3.10/site-packages/airflow/example_dags/example_branch_datetime_operator.py for tasks to queue
[2025-03-10T09:30:29.409+0100] {logging_mixin.py:188} INFO - [2025-03-10T09:30:29.409+0100] {dagbag.py:538} INFO - Filling up the DagBag from /home/philip/de_engineering/airflow_projects/airflow1/venv/lib/python3.10/site-packages/airflow/example_dags/example_branch_datetime_operator.py
[2025-03-10T09:30:29.421+0100] {processor.py:840} INFO - DAG(s) 'example_branch_datetime_operator', 'example_branch_datetime_operator_3', 'example_branch_datetime_operator_2' retrieved from /home/philip/de_engineering/airflow_projects/airflow1/venv/lib/python3.10/site-packages/airflow/example_dags/example_branch_datetime_operator.py
[2025-03-10T09:30:29.449+0100] {logging_mixin.py:188} INFO - [2025-03-10T09:30:29.449+0100] {dag.py:3036} INFO - Sync 3 DAGs
[2025-03-10T09:30:29.468+0100] {logging_mixin.py:188} INFO - [2025-03-10T09:30:29.468+0100] {dag.py:3823} INFO - Setting next_dagrun for example_branch_datetime_operator to 2025-03-09 00:00:00+00:00, run_after=2025-03-10 00:00:00+00:00
[2025-03-10T09:30:29.472+0100] {logging_mixin.py:188} INFO - [2025-03-10T09:30:29.472+0100] {dag.py:3823} INFO - Setting next_dagrun for example_branch_datetime_operator_2 to 2025-03-09 00:00:00+00:00, run_after=2025-03-10 00:00:00+00:00
[2025-03-10T09:30:29.474+0100] {logging_mixin.py:188} INFO - [2025-03-10T09:30:29.474+0100] {dag.py:3823} INFO - Setting next_dagrun for example_branch_datetime_operator_3 to 2025-03-09 00:00:00+00:00, run_after=2025-03-10 00:00:00+00:00
[2025-03-10T09:30:29.488+0100] {processor.py:183} INFO - Processing /home/philip/de_engineering/airflow_projects/airflow1/venv/lib/python3.10/site-packages/airflow/example_dags/example_branch_datetime_operator.py took 0.086 seconds
[2025-03-10T09:30:59.570+0100] {processor.py:161} INFO - Started process (PID=147315) to work on /home/philip/de_engineering/airflow_projects/airflow1/venv/lib/python3.10/site-packages/airflow/example_dags/example_branch_datetime_operator.py
[2025-03-10T09:30:59.572+0100] {processor.py:830} INFO - Processing file /home/philip/de_engineering/airflow_projects/airflow1/venv/lib/python3.10/site-packages/airflow/example_dags/example_branch_datetime_operator.py for tasks to queue
[2025-03-10T09:30:59.572+0100] {logging_mixin.py:188} INFO - [2025-03-10T09:30:59.572+0100] {dagbag.py:538} INFO - Filling up the DagBag from /home/philip/de_engineering/airflow_projects/airflow1/venv/lib/python3.10/site-packages/airflow/example_dags/example_branch_datetime_operator.py
[2025-03-10T09:30:59.581+0100] {processor.py:840} INFO - DAG(s) 'example_branch_datetime_operator_3', 'example_branch_datetime_operator', 'example_branch_datetime_operator_2' retrieved from /home/philip/de_engineering/airflow_projects/airflow1/venv/lib/python3.10/site-packages/airflow/example_dags/example_branch_datetime_operator.py
[2025-03-10T09:30:59.606+0100] {logging_mixin.py:188} INFO - [2025-03-10T09:30:59.606+0100] {dag.py:3036} INFO - Sync 3 DAGs
[2025-03-10T09:30:59.624+0100] {logging_mixin.py:188} INFO - [2025-03-10T09:30:59.623+0100] {dag.py:3823} INFO - Setting next_dagrun for example_branch_datetime_operator to 2025-03-09 00:00:00+00:00, run_after=2025-03-10 00:00:00+00:00
[2025-03-10T09:30:59.628+0100] {logging_mixin.py:188} INFO - [2025-03-10T09:30:59.628+0100] {dag.py:3823} INFO - Setting next_dagrun for example_branch_datetime_operator_2 to 2025-03-09 00:00:00+00:00, run_after=2025-03-10 00:00:00+00:00
[2025-03-10T09:30:59.630+0100] {logging_mixin.py:188} INFO - [2025-03-10T09:30:59.629+0100] {dag.py:3823} INFO - Setting next_dagrun for example_branch_datetime_operator_3 to 2025-03-09 00:00:00+00:00, run_after=2025-03-10 00:00:00+00:00
[2025-03-10T09:30:59.643+0100] {processor.py:183} INFO - Processing /home/philip/de_engineering/airflow_projects/airflow1/venv/lib/python3.10/site-packages/airflow/example_dags/example_branch_datetime_operator.py took 0.076 seconds
[2025-03-10T09:31:29.735+0100] {processor.py:161} INFO - Started process (PID=147695) to work on /home/philip/de_engineering/airflow_projects/airflow1/venv/lib/python3.10/site-packages/airflow/example_dags/example_branch_datetime_operator.py
[2025-03-10T09:31:29.736+0100] {processor.py:830} INFO - Processing file /home/philip/de_engineering/airflow_projects/airflow1/venv/lib/python3.10/site-packages/airflow/example_dags/example_branch_datetime_operator.py for tasks to queue
[2025-03-10T09:31:29.737+0100] {logging_mixin.py:188} INFO - [2025-03-10T09:31:29.736+0100] {dagbag.py:538} INFO - Filling up the DagBag from /home/philip/de_engineering/airflow_projects/airflow1/venv/lib/python3.10/site-packages/airflow/example_dags/example_branch_datetime_operator.py
[2025-03-10T09:31:29.748+0100] {processor.py:840} INFO - DAG(s) 'example_branch_datetime_operator_3', 'example_branch_datetime_operator_2', 'example_branch_datetime_operator' retrieved from /home/philip/de_engineering/airflow_projects/airflow1/venv/lib/python3.10/site-packages/airflow/example_dags/example_branch_datetime_operator.py
[2025-03-10T09:31:29.776+0100] {logging_mixin.py:188} INFO - [2025-03-10T09:31:29.776+0100] {dag.py:3036} INFO - Sync 3 DAGs
[2025-03-10T09:31:29.793+0100] {logging_mixin.py:188} INFO - [2025-03-10T09:31:29.793+0100] {dag.py:3823} INFO - Setting next_dagrun for example_branch_datetime_operator to 2025-03-09 00:00:00+00:00, run_after=2025-03-10 00:00:00+00:00
[2025-03-10T09:31:29.797+0100] {logging_mixin.py:188} INFO - [2025-03-10T09:31:29.797+0100] {dag.py:3823} INFO - Setting next_dagrun for example_branch_datetime_operator_2 to 2025-03-09 00:00:00+00:00, run_after=2025-03-10 00:00:00+00:00
[2025-03-10T09:31:29.799+0100] {logging_mixin.py:188} INFO - [2025-03-10T09:31:29.799+0100] {dag.py:3823} INFO - Setting next_dagrun for example_branch_datetime_operator_3 to 2025-03-09 00:00:00+00:00, run_after=2025-03-10 00:00:00+00:00
[2025-03-10T09:31:29.814+0100] {processor.py:183} INFO - Processing /home/philip/de_engineering/airflow_projects/airflow1/venv/lib/python3.10/site-packages/airflow/example_dags/example_branch_datetime_operator.py took 0.082 seconds
[2025-03-10T09:31:59.942+0100] {processor.py:161} INFO - Started process (PID=148070) to work on /home/philip/de_engineering/airflow_projects/airflow1/venv/lib/python3.10/site-packages/airflow/example_dags/example_branch_datetime_operator.py
[2025-03-10T09:31:59.943+0100] {processor.py:830} INFO - Processing file /home/philip/de_engineering/airflow_projects/airflow1/venv/lib/python3.10/site-packages/airflow/example_dags/example_branch_datetime_operator.py for tasks to queue
[2025-03-10T09:31:59.944+0100] {logging_mixin.py:188} INFO - [2025-03-10T09:31:59.944+0100] {dagbag.py:538} INFO - Filling up the DagBag from /home/philip/de_engineering/airflow_projects/airflow1/venv/lib/python3.10/site-packages/airflow/example_dags/example_branch_datetime_operator.py
[2025-03-10T09:31:59.952+0100] {processor.py:840} INFO - DAG(s) 'example_branch_datetime_operator', 'example_branch_datetime_operator_3', 'example_branch_datetime_operator_2' retrieved from /home/philip/de_engineering/airflow_projects/airflow1/venv/lib/python3.10/site-packages/airflow/example_dags/example_branch_datetime_operator.py
[2025-03-10T09:31:59.977+0100] {logging_mixin.py:188} INFO - [2025-03-10T09:31:59.977+0100] {dag.py:3036} INFO - Sync 3 DAGs
[2025-03-10T09:31:59.996+0100] {logging_mixin.py:188} INFO - [2025-03-10T09:31:59.996+0100] {dag.py:3823} INFO - Setting next_dagrun for example_branch_datetime_operator to 2025-03-09 00:00:00+00:00, run_after=2025-03-10 00:00:00+00:00
[2025-03-10T09:32:00.001+0100] {logging_mixin.py:188} INFO - [2025-03-10T09:32:00.001+0100] {dag.py:3823} INFO - Setting next_dagrun for example_branch_datetime_operator_2 to 2025-03-09 00:00:00+00:00, run_after=2025-03-10 00:00:00+00:00
[2025-03-10T09:32:00.004+0100] {logging_mixin.py:188} INFO - [2025-03-10T09:32:00.004+0100] {dag.py:3823} INFO - Setting next_dagrun for example_branch_datetime_operator_3 to 2025-03-09 00:00:00+00:00, run_after=2025-03-10 00:00:00+00:00
[2025-03-10T09:32:00.020+0100] {processor.py:183} INFO - Processing /home/philip/de_engineering/airflow_projects/airflow1/venv/lib/python3.10/site-packages/airflow/example_dags/example_branch_datetime_operator.py took 0.080 seconds
[2025-03-10T09:32:30.155+0100] {processor.py:161} INFO - Started process (PID=148450) to work on /home/philip/de_engineering/airflow_projects/airflow1/venv/lib/python3.10/site-packages/airflow/example_dags/example_branch_datetime_operator.py
[2025-03-10T09:32:30.156+0100] {processor.py:830} INFO - Processing file /home/philip/de_engineering/airflow_projects/airflow1/venv/lib/python3.10/site-packages/airflow/example_dags/example_branch_datetime_operator.py for tasks to queue
[2025-03-10T09:32:30.156+0100] {logging_mixin.py:188} INFO - [2025-03-10T09:32:30.156+0100] {dagbag.py:538} INFO - Filling up the DagBag from /home/philip/de_engineering/airflow_projects/airflow1/venv/lib/python3.10/site-packages/airflow/example_dags/example_branch_datetime_operator.py
[2025-03-10T09:32:30.165+0100] {processor.py:840} INFO - DAG(s) 'example_branch_datetime_operator_3', 'example_branch_datetime_operator_2', 'example_branch_datetime_operator' retrieved from /home/philip/de_engineering/airflow_projects/airflow1/venv/lib/python3.10/site-packages/airflow/example_dags/example_branch_datetime_operator.py
[2025-03-10T09:32:30.192+0100] {logging_mixin.py:188} INFO - [2025-03-10T09:32:30.192+0100] {dag.py:3036} INFO - Sync 3 DAGs
[2025-03-10T09:32:30.211+0100] {logging_mixin.py:188} INFO - [2025-03-10T09:32:30.211+0100] {dag.py:3823} INFO - Setting next_dagrun for example_branch_datetime_operator to 2025-03-09 00:00:00+00:00, run_after=2025-03-10 00:00:00+00:00
[2025-03-10T09:32:30.216+0100] {logging_mixin.py:188} INFO - [2025-03-10T09:32:30.215+0100] {dag.py:3823} INFO - Setting next_dagrun for example_branch_datetime_operator_2 to 2025-03-09 00:00:00+00:00, run_after=2025-03-10 00:00:00+00:00
[2025-03-10T09:32:30.218+0100] {logging_mixin.py:188} INFO - [2025-03-10T09:32:30.217+0100] {dag.py:3823} INFO - Setting next_dagrun for example_branch_datetime_operator_3 to 2025-03-09 00:00:00+00:00, run_after=2025-03-10 00:00:00+00:00
[2025-03-10T09:32:30.233+0100] {processor.py:183} INFO - Processing /home/philip/de_engineering/airflow_projects/airflow1/venv/lib/python3.10/site-packages/airflow/example_dags/example_branch_datetime_operator.py took 0.081 seconds
[2025-03-10T09:33:00.387+0100] {processor.py:161} INFO - Started process (PID=148825) to work on /home/philip/de_engineering/airflow_projects/airflow1/venv/lib/python3.10/site-packages/airflow/example_dags/example_branch_datetime_operator.py
[2025-03-10T09:33:00.388+0100] {processor.py:830} INFO - Processing file /home/philip/de_engineering/airflow_projects/airflow1/venv/lib/python3.10/site-packages/airflow/example_dags/example_branch_datetime_operator.py for tasks to queue
[2025-03-10T09:33:00.389+0100] {logging_mixin.py:188} INFO - [2025-03-10T09:33:00.389+0100] {dagbag.py:538} INFO - Filling up the DagBag from /home/philip/de_engineering/airflow_projects/airflow1/venv/lib/python3.10/site-packages/airflow/example_dags/example_branch_datetime_operator.py
[2025-03-10T09:33:00.398+0100] {processor.py:840} INFO - DAG(s) 'example_branch_datetime_operator_2', 'example_branch_datetime_operator_3', 'example_branch_datetime_operator' retrieved from /home/philip/de_engineering/airflow_projects/airflow1/venv/lib/python3.10/site-packages/airflow/example_dags/example_branch_datetime_operator.py
[2025-03-10T09:33:00.426+0100] {logging_mixin.py:188} INFO - [2025-03-10T09:33:00.425+0100] {dag.py:3036} INFO - Sync 3 DAGs
[2025-03-10T09:33:00.443+0100] {logging_mixin.py:188} INFO - [2025-03-10T09:33:00.443+0100] {dag.py:3823} INFO - Setting next_dagrun for example_branch_datetime_operator to 2025-03-09 00:00:00+00:00, run_after=2025-03-10 00:00:00+00:00
[2025-03-10T09:33:00.448+0100] {logging_mixin.py:188} INFO - [2025-03-10T09:33:00.448+0100] {dag.py:3823} INFO - Setting next_dagrun for example_branch_datetime_operator_2 to 2025-03-09 00:00:00+00:00, run_after=2025-03-10 00:00:00+00:00
[2025-03-10T09:33:00.450+0100] {logging_mixin.py:188} INFO - [2025-03-10T09:33:00.449+0100] {dag.py:3823} INFO - Setting next_dagrun for example_branch_datetime_operator_3 to 2025-03-09 00:00:00+00:00, run_after=2025-03-10 00:00:00+00:00
[2025-03-10T09:33:00.465+0100] {processor.py:183} INFO - Processing /home/philip/de_engineering/airflow_projects/airflow1/venv/lib/python3.10/site-packages/airflow/example_dags/example_branch_datetime_operator.py took 0.081 seconds
[2025-03-10T09:33:30.556+0100] {processor.py:161} INFO - Started process (PID=149208) to work on /home/philip/de_engineering/airflow_projects/airflow1/venv/lib/python3.10/site-packages/airflow/example_dags/example_branch_datetime_operator.py
[2025-03-10T09:33:30.557+0100] {processor.py:830} INFO - Processing file /home/philip/de_engineering/airflow_projects/airflow1/venv/lib/python3.10/site-packages/airflow/example_dags/example_branch_datetime_operator.py for tasks to queue
[2025-03-10T09:33:30.558+0100] {logging_mixin.py:188} INFO - [2025-03-10T09:33:30.557+0100] {dagbag.py:538} INFO - Filling up the DagBag from /home/philip/de_engineering/airflow_projects/airflow1/venv/lib/python3.10/site-packages/airflow/example_dags/example_branch_datetime_operator.py
[2025-03-10T09:33:30.565+0100] {processor.py:840} INFO - DAG(s) 'example_branch_datetime_operator_3', 'example_branch_datetime_operator_2', 'example_branch_datetime_operator' retrieved from /home/philip/de_engineering/airflow_projects/airflow1/venv/lib/python3.10/site-packages/airflow/example_dags/example_branch_datetime_operator.py
[2025-03-10T09:33:30.592+0100] {logging_mixin.py:188} INFO - [2025-03-10T09:33:30.592+0100] {dag.py:3036} INFO - Sync 3 DAGs
[2025-03-10T09:33:30.610+0100] {logging_mixin.py:188} INFO - [2025-03-10T09:33:30.609+0100] {dag.py:3823} INFO - Setting next_dagrun for example_branch_datetime_operator to 2025-03-09 00:00:00+00:00, run_after=2025-03-10 00:00:00+00:00
[2025-03-10T09:33:30.613+0100] {logging_mixin.py:188} INFO - [2025-03-10T09:33:30.613+0100] {dag.py:3823} INFO - Setting next_dagrun for example_branch_datetime_operator_2 to 2025-03-09 00:00:00+00:00, run_after=2025-03-10 00:00:00+00:00
[2025-03-10T09:33:30.615+0100] {logging_mixin.py:188} INFO - [2025-03-10T09:33:30.615+0100] {dag.py:3823} INFO - Setting next_dagrun for example_branch_datetime_operator_3 to 2025-03-09 00:00:00+00:00, run_after=2025-03-10 00:00:00+00:00
[2025-03-10T09:33:30.628+0100] {processor.py:183} INFO - Processing /home/philip/de_engineering/airflow_projects/airflow1/venv/lib/python3.10/site-packages/airflow/example_dags/example_branch_datetime_operator.py took 0.074 seconds
[2025-03-10T09:34:00.785+0100] {processor.py:161} INFO - Started process (PID=149588) to work on /home/philip/de_engineering/airflow_projects/airflow1/venv/lib/python3.10/site-packages/airflow/example_dags/example_branch_datetime_operator.py
[2025-03-10T09:34:00.787+0100] {processor.py:830} INFO - Processing file /home/philip/de_engineering/airflow_projects/airflow1/venv/lib/python3.10/site-packages/airflow/example_dags/example_branch_datetime_operator.py for tasks to queue
[2025-03-10T09:34:00.788+0100] {logging_mixin.py:188} INFO - [2025-03-10T09:34:00.788+0100] {dagbag.py:538} INFO - Filling up the DagBag from /home/philip/de_engineering/airflow_projects/airflow1/venv/lib/python3.10/site-packages/airflow/example_dags/example_branch_datetime_operator.py
[2025-03-10T09:34:00.798+0100] {processor.py:840} INFO - DAG(s) 'example_branch_datetime_operator', 'example_branch_datetime_operator_2', 'example_branch_datetime_operator_3' retrieved from /home/philip/de_engineering/airflow_projects/airflow1/venv/lib/python3.10/site-packages/airflow/example_dags/example_branch_datetime_operator.py
[2025-03-10T09:34:00.822+0100] {logging_mixin.py:188} INFO - [2025-03-10T09:34:00.822+0100] {dag.py:3036} INFO - Sync 3 DAGs
[2025-03-10T09:34:00.842+0100] {logging_mixin.py:188} INFO - [2025-03-10T09:34:00.842+0100] {dag.py:3823} INFO - Setting next_dagrun for example_branch_datetime_operator to 2025-03-09 00:00:00+00:00, run_after=2025-03-10 00:00:00+00:00
[2025-03-10T09:34:00.846+0100] {logging_mixin.py:188} INFO - [2025-03-10T09:34:00.846+0100] {dag.py:3823} INFO - Setting next_dagrun for example_branch_datetime_operator_2 to 2025-03-09 00:00:00+00:00, run_after=2025-03-10 00:00:00+00:00
[2025-03-10T09:34:00.848+0100] {logging_mixin.py:188} INFO - [2025-03-10T09:34:00.848+0100] {dag.py:3823} INFO - Setting next_dagrun for example_branch_datetime_operator_3 to 2025-03-09 00:00:00+00:00, run_after=2025-03-10 00:00:00+00:00
[2025-03-10T09:34:00.864+0100] {processor.py:183} INFO - Processing /home/philip/de_engineering/airflow_projects/airflow1/venv/lib/python3.10/site-packages/airflow/example_dags/example_branch_datetime_operator.py took 0.083 seconds
[2025-03-10T09:34:31.058+0100] {processor.py:161} INFO - Started process (PID=149963) to work on /home/philip/de_engineering/airflow_projects/airflow1/venv/lib/python3.10/site-packages/airflow/example_dags/example_branch_datetime_operator.py
[2025-03-10T09:34:31.059+0100] {processor.py:830} INFO - Processing file /home/philip/de_engineering/airflow_projects/airflow1/venv/lib/python3.10/site-packages/airflow/example_dags/example_branch_datetime_operator.py for tasks to queue
[2025-03-10T09:34:31.059+0100] {logging_mixin.py:188} INFO - [2025-03-10T09:34:31.059+0100] {dagbag.py:538} INFO - Filling up the DagBag from /home/philip/de_engineering/airflow_projects/airflow1/venv/lib/python3.10/site-packages/airflow/example_dags/example_branch_datetime_operator.py
[2025-03-10T09:34:31.068+0100] {processor.py:840} INFO - DAG(s) 'example_branch_datetime_operator_2', 'example_branch_datetime_operator', 'example_branch_datetime_operator_3' retrieved from /home/philip/de_engineering/airflow_projects/airflow1/venv/lib/python3.10/site-packages/airflow/example_dags/example_branch_datetime_operator.py
[2025-03-10T09:34:31.098+0100] {logging_mixin.py:188} INFO - [2025-03-10T09:34:31.098+0100] {dag.py:3036} INFO - Sync 3 DAGs
[2025-03-10T09:34:31.118+0100] {logging_mixin.py:188} INFO - [2025-03-10T09:34:31.117+0100] {dag.py:3823} INFO - Setting next_dagrun for example_branch_datetime_operator to 2025-03-09 00:00:00+00:00, run_after=2025-03-10 00:00:00+00:00
[2025-03-10T09:34:31.122+0100] {logging_mixin.py:188} INFO - [2025-03-10T09:34:31.121+0100] {dag.py:3823} INFO - Setting next_dagrun for example_branch_datetime_operator_2 to 2025-03-09 00:00:00+00:00, run_after=2025-03-10 00:00:00+00:00
[2025-03-10T09:34:31.123+0100] {logging_mixin.py:188} INFO - [2025-03-10T09:34:31.123+0100] {dag.py:3823} INFO - Setting next_dagrun for example_branch_datetime_operator_3 to 2025-03-09 00:00:00+00:00, run_after=2025-03-10 00:00:00+00:00
[2025-03-10T09:34:31.138+0100] {processor.py:183} INFO - Processing /home/philip/de_engineering/airflow_projects/airflow1/venv/lib/python3.10/site-packages/airflow/example_dags/example_branch_datetime_operator.py took 0.084 seconds
[2025-03-10T09:35:01.306+0100] {processor.py:161} INFO - Started process (PID=150345) to work on /home/philip/de_engineering/airflow_projects/airflow1/venv/lib/python3.10/site-packages/airflow/example_dags/example_branch_datetime_operator.py
[2025-03-10T09:35:01.308+0100] {processor.py:830} INFO - Processing file /home/philip/de_engineering/airflow_projects/airflow1/venv/lib/python3.10/site-packages/airflow/example_dags/example_branch_datetime_operator.py for tasks to queue
[2025-03-10T09:35:01.309+0100] {logging_mixin.py:188} INFO - [2025-03-10T09:35:01.309+0100] {dagbag.py:538} INFO - Filling up the DagBag from /home/philip/de_engineering/airflow_projects/airflow1/venv/lib/python3.10/site-packages/airflow/example_dags/example_branch_datetime_operator.py
[2025-03-10T09:35:01.318+0100] {processor.py:840} INFO - DAG(s) 'example_branch_datetime_operator_3', 'example_branch_datetime_operator_2', 'example_branch_datetime_operator' retrieved from /home/philip/de_engineering/airflow_projects/airflow1/venv/lib/python3.10/site-packages/airflow/example_dags/example_branch_datetime_operator.py
[2025-03-10T09:35:01.348+0100] {logging_mixin.py:188} INFO - [2025-03-10T09:35:01.348+0100] {dag.py:3036} INFO - Sync 3 DAGs
[2025-03-10T09:35:01.368+0100] {logging_mixin.py:188} INFO - [2025-03-10T09:35:01.367+0100] {dag.py:3823} INFO - Setting next_dagrun for example_branch_datetime_operator to 2025-03-09 00:00:00+00:00, run_after=2025-03-10 00:00:00+00:00
[2025-03-10T09:35:01.371+0100] {logging_mixin.py:188} INFO - [2025-03-10T09:35:01.371+0100] {dag.py:3823} INFO - Setting next_dagrun for example_branch_datetime_operator_2 to 2025-03-09 00:00:00+00:00, run_after=2025-03-10 00:00:00+00:00
[2025-03-10T09:35:01.373+0100] {logging_mixin.py:188} INFO - [2025-03-10T09:35:01.373+0100] {dag.py:3823} INFO - Setting next_dagrun for example_branch_datetime_operator_3 to 2025-03-09 00:00:00+00:00, run_after=2025-03-10 00:00:00+00:00
[2025-03-10T09:35:01.386+0100] {processor.py:183} INFO - Processing /home/philip/de_engineering/airflow_projects/airflow1/venv/lib/python3.10/site-packages/airflow/example_dags/example_branch_datetime_operator.py took 0.082 seconds
[2025-03-10T09:35:31.629+0100] {processor.py:161} INFO - Started process (PID=150723) to work on /home/philip/de_engineering/airflow_projects/airflow1/venv/lib/python3.10/site-packages/airflow/example_dags/example_branch_datetime_operator.py
[2025-03-10T09:35:31.630+0100] {processor.py:830} INFO - Processing file /home/philip/de_engineering/airflow_projects/airflow1/venv/lib/python3.10/site-packages/airflow/example_dags/example_branch_datetime_operator.py for tasks to queue
[2025-03-10T09:35:31.631+0100] {logging_mixin.py:188} INFO - [2025-03-10T09:35:31.630+0100] {dagbag.py:538} INFO - Filling up the DagBag from /home/philip/de_engineering/airflow_projects/airflow1/venv/lib/python3.10/site-packages/airflow/example_dags/example_branch_datetime_operator.py
[2025-03-10T09:35:31.641+0100] {processor.py:840} INFO - DAG(s) 'example_branch_datetime_operator_2', 'example_branch_datetime_operator', 'example_branch_datetime_operator_3' retrieved from /home/philip/de_engineering/airflow_projects/airflow1/venv/lib/python3.10/site-packages/airflow/example_dags/example_branch_datetime_operator.py
[2025-03-10T09:35:31.667+0100] {logging_mixin.py:188} INFO - [2025-03-10T09:35:31.667+0100] {dag.py:3036} INFO - Sync 3 DAGs
[2025-03-10T09:35:31.685+0100] {logging_mixin.py:188} INFO - [2025-03-10T09:35:31.685+0100] {dag.py:3823} INFO - Setting next_dagrun for example_branch_datetime_operator to 2025-03-09 00:00:00+00:00, run_after=2025-03-10 00:00:00+00:00
[2025-03-10T09:35:31.689+0100] {logging_mixin.py:188} INFO - [2025-03-10T09:35:31.688+0100] {dag.py:3823} INFO - Setting next_dagrun for example_branch_datetime_operator_2 to 2025-03-09 00:00:00+00:00, run_after=2025-03-10 00:00:00+00:00
[2025-03-10T09:35:31.690+0100] {logging_mixin.py:188} INFO - [2025-03-10T09:35:31.690+0100] {dag.py:3823} INFO - Setting next_dagrun for example_branch_datetime_operator_3 to 2025-03-09 00:00:00+00:00, run_after=2025-03-10 00:00:00+00:00
[2025-03-10T09:35:31.704+0100] {processor.py:183} INFO - Processing /home/philip/de_engineering/airflow_projects/airflow1/venv/lib/python3.10/site-packages/airflow/example_dags/example_branch_datetime_operator.py took 0.077 seconds
[2025-03-10T09:36:01.775+0100] {processor.py:161} INFO - Started process (PID=151103) to work on /home/philip/de_engineering/airflow_projects/airflow1/venv/lib/python3.10/site-packages/airflow/example_dags/example_branch_datetime_operator.py
[2025-03-10T09:36:01.776+0100] {processor.py:830} INFO - Processing file /home/philip/de_engineering/airflow_projects/airflow1/venv/lib/python3.10/site-packages/airflow/example_dags/example_branch_datetime_operator.py for tasks to queue
[2025-03-10T09:36:01.777+0100] {logging_mixin.py:188} INFO - [2025-03-10T09:36:01.777+0100] {dagbag.py:538} INFO - Filling up the DagBag from /home/philip/de_engineering/airflow_projects/airflow1/venv/lib/python3.10/site-packages/airflow/example_dags/example_branch_datetime_operator.py
[2025-03-10T09:36:01.785+0100] {processor.py:840} INFO - DAG(s) 'example_branch_datetime_operator_3', 'example_branch_datetime_operator_2', 'example_branch_datetime_operator' retrieved from /home/philip/de_engineering/airflow_projects/airflow1/venv/lib/python3.10/site-packages/airflow/example_dags/example_branch_datetime_operator.py
[2025-03-10T09:36:01.810+0100] {logging_mixin.py:188} INFO - [2025-03-10T09:36:01.810+0100] {dag.py:3036} INFO - Sync 3 DAGs
[2025-03-10T09:36:01.829+0100] {logging_mixin.py:188} INFO - [2025-03-10T09:36:01.829+0100] {dag.py:3823} INFO - Setting next_dagrun for example_branch_datetime_operator to 2025-03-09 00:00:00+00:00, run_after=2025-03-10 00:00:00+00:00
[2025-03-10T09:36:01.832+0100] {logging_mixin.py:188} INFO - [2025-03-10T09:36:01.832+0100] {dag.py:3823} INFO - Setting next_dagrun for example_branch_datetime_operator_2 to 2025-03-09 00:00:00+00:00, run_after=2025-03-10 00:00:00+00:00
[2025-03-10T09:36:01.834+0100] {logging_mixin.py:188} INFO - [2025-03-10T09:36:01.834+0100] {dag.py:3823} INFO - Setting next_dagrun for example_branch_datetime_operator_3 to 2025-03-09 00:00:00+00:00, run_after=2025-03-10 00:00:00+00:00
[2025-03-10T09:36:01.847+0100] {processor.py:183} INFO - Processing /home/philip/de_engineering/airflow_projects/airflow1/venv/lib/python3.10/site-packages/airflow/example_dags/example_branch_datetime_operator.py took 0.075 seconds
