[2025-03-10T09:14:25.259+0100] {processor.py:161} INFO - Started process (PID=136894) to work on /home/philip/de_engineering/airflow_projects/airflow1/venv/lib/python3.10/site-packages/airflow/example_dags/example_setup_teardown_taskflow.py
[2025-03-10T09:14:25.260+0100] {processor.py:830} INFO - Processing file /home/philip/de_engineering/airflow_projects/airflow1/venv/lib/python3.10/site-packages/airflow/example_dags/example_setup_teardown_taskflow.py for tasks to queue
[2025-03-10T09:14:25.260+0100] {logging_mixin.py:188} INFO - [2025-03-10T09:14:25.260+0100] {dagbag.py:538} INFO - Filling up the DagBag from /home/philip/de_engineering/airflow_projects/airflow1/venv/lib/python3.10/site-packages/airflow/example_dags/example_setup_teardown_taskflow.py
[2025-03-10T09:14:25.269+0100] {processor.py:840} INFO - DAG(s) 'example_setup_teardown_taskflow' retrieved from /home/philip/de_engineering/airflow_projects/airflow1/venv/lib/python3.10/site-packages/airflow/example_dags/example_setup_teardown_taskflow.py
[2025-03-10T09:14:25.346+0100] {logging_mixin.py:188} INFO - [2025-03-10T09:14:25.346+0100] {override.py:1769} INFO - Created Permission View: can read on DAG:example_setup_teardown_taskflow
[2025-03-10T09:14:25.354+0100] {logging_mixin.py:188} INFO - [2025-03-10T09:14:25.354+0100] {override.py:1769} INFO - Created Permission View: can delete on DAG:example_setup_teardown_taskflow
[2025-03-10T09:14:25.359+0100] {logging_mixin.py:188} INFO - [2025-03-10T09:14:25.359+0100] {override.py:1769} INFO - Created Permission View: can edit on DAG:example_setup_teardown_taskflow
[2025-03-10T09:14:25.359+0100] {logging_mixin.py:188} INFO - [2025-03-10T09:14:25.359+0100] {dag.py:3036} INFO - Sync 1 DAGs
[2025-03-10T09:14:25.369+0100] {logging_mixin.py:188} INFO - [2025-03-10T09:14:25.369+0100] {dag.py:3058} INFO - Creating ORM DAG for example_setup_teardown_taskflow
[2025-03-10T09:14:25.377+0100] {logging_mixin.py:188} INFO - [2025-03-10T09:14:25.377+0100] {dag.py:3823} INFO - Setting next_dagrun for example_setup_teardown_taskflow to 2025-03-09 00:00:00+00:00, run_after=2025-03-10 00:00:00+00:00
[2025-03-10T09:14:25.392+0100] {processor.py:183} INFO - Processing /home/philip/de_engineering/airflow_projects/airflow1/venv/lib/python3.10/site-packages/airflow/example_dags/example_setup_teardown_taskflow.py took 0.136 seconds
[2025-03-10T09:14:56.023+0100] {processor.py:161} INFO - Started process (PID=137006) to work on /home/philip/de_engineering/airflow_projects/airflow1/venv/lib/python3.10/site-packages/airflow/example_dags/example_setup_teardown_taskflow.py
[2025-03-10T09:14:56.023+0100] {processor.py:830} INFO - Processing file /home/philip/de_engineering/airflow_projects/airflow1/venv/lib/python3.10/site-packages/airflow/example_dags/example_setup_teardown_taskflow.py for tasks to queue
[2025-03-10T09:14:56.024+0100] {logging_mixin.py:188} INFO - [2025-03-10T09:14:56.024+0100] {dagbag.py:538} INFO - Filling up the DagBag from /home/philip/de_engineering/airflow_projects/airflow1/venv/lib/python3.10/site-packages/airflow/example_dags/example_setup_teardown_taskflow.py
[2025-03-10T09:14:56.032+0100] {processor.py:840} INFO - DAG(s) 'example_setup_teardown_taskflow' retrieved from /home/philip/de_engineering/airflow_projects/airflow1/venv/lib/python3.10/site-packages/airflow/example_dags/example_setup_teardown_taskflow.py
[2025-03-10T09:14:56.053+0100] {logging_mixin.py:188} INFO - [2025-03-10T09:14:56.053+0100] {dag.py:3036} INFO - Sync 1 DAGs
[2025-03-10T09:14:56.071+0100] {logging_mixin.py:188} INFO - [2025-03-10T09:14:56.071+0100] {dag.py:3823} INFO - Setting next_dagrun for example_setup_teardown_taskflow to 2025-03-09 00:00:00+00:00, run_after=2025-03-10 00:00:00+00:00
[2025-03-10T09:14:56.087+0100] {processor.py:183} INFO - Processing /home/philip/de_engineering/airflow_projects/airflow1/venv/lib/python3.10/site-packages/airflow/example_dags/example_setup_teardown_taskflow.py took 0.067 seconds
[2025-03-10T09:15:26.166+0100] {processor.py:161} INFO - Started process (PID=137106) to work on /home/philip/de_engineering/airflow_projects/airflow1/venv/lib/python3.10/site-packages/airflow/example_dags/example_setup_teardown_taskflow.py
[2025-03-10T09:15:26.167+0100] {processor.py:830} INFO - Processing file /home/philip/de_engineering/airflow_projects/airflow1/venv/lib/python3.10/site-packages/airflow/example_dags/example_setup_teardown_taskflow.py for tasks to queue
[2025-03-10T09:15:26.168+0100] {logging_mixin.py:188} INFO - [2025-03-10T09:15:26.168+0100] {dagbag.py:538} INFO - Filling up the DagBag from /home/philip/de_engineering/airflow_projects/airflow1/venv/lib/python3.10/site-packages/airflow/example_dags/example_setup_teardown_taskflow.py
[2025-03-10T09:15:26.176+0100] {processor.py:840} INFO - DAG(s) 'example_setup_teardown_taskflow' retrieved from /home/philip/de_engineering/airflow_projects/airflow1/venv/lib/python3.10/site-packages/airflow/example_dags/example_setup_teardown_taskflow.py
[2025-03-10T09:15:26.197+0100] {logging_mixin.py:188} INFO - [2025-03-10T09:15:26.196+0100] {dag.py:3036} INFO - Sync 1 DAGs
[2025-03-10T09:15:26.214+0100] {logging_mixin.py:188} INFO - [2025-03-10T09:15:26.214+0100] {dag.py:3823} INFO - Setting next_dagrun for example_setup_teardown_taskflow to 2025-03-09 00:00:00+00:00, run_after=2025-03-10 00:00:00+00:00
[2025-03-10T09:15:26.229+0100] {processor.py:183} INFO - Processing /home/philip/de_engineering/airflow_projects/airflow1/venv/lib/python3.10/site-packages/airflow/example_dags/example_setup_teardown_taskflow.py took 0.066 seconds
[2025-03-10T09:15:56.671+0100] {processor.py:161} INFO - Started process (PID=137208) to work on /home/philip/de_engineering/airflow_projects/airflow1/venv/lib/python3.10/site-packages/airflow/example_dags/example_setup_teardown_taskflow.py
[2025-03-10T09:15:56.672+0100] {processor.py:830} INFO - Processing file /home/philip/de_engineering/airflow_projects/airflow1/venv/lib/python3.10/site-packages/airflow/example_dags/example_setup_teardown_taskflow.py for tasks to queue
[2025-03-10T09:15:56.673+0100] {logging_mixin.py:188} INFO - [2025-03-10T09:15:56.672+0100] {dagbag.py:538} INFO - Filling up the DagBag from /home/philip/de_engineering/airflow_projects/airflow1/venv/lib/python3.10/site-packages/airflow/example_dags/example_setup_teardown_taskflow.py
[2025-03-10T09:15:56.682+0100] {processor.py:840} INFO - DAG(s) 'example_setup_teardown_taskflow' retrieved from /home/philip/de_engineering/airflow_projects/airflow1/venv/lib/python3.10/site-packages/airflow/example_dags/example_setup_teardown_taskflow.py
[2025-03-10T09:15:56.707+0100] {logging_mixin.py:188} INFO - [2025-03-10T09:15:56.707+0100] {dag.py:3036} INFO - Sync 1 DAGs
[2025-03-10T09:15:56.730+0100] {logging_mixin.py:188} INFO - [2025-03-10T09:15:56.729+0100] {dag.py:3823} INFO - Setting next_dagrun for example_setup_teardown_taskflow to 2025-03-09 00:00:00+00:00, run_after=2025-03-10 00:00:00+00:00
[2025-03-10T09:15:56.750+0100] {processor.py:183} INFO - Processing /home/philip/de_engineering/airflow_projects/airflow1/venv/lib/python3.10/site-packages/airflow/example_dags/example_setup_teardown_taskflow.py took 0.082 seconds
[2025-03-10T09:16:26.971+0100] {processor.py:161} INFO - Started process (PID=137584) to work on /home/philip/de_engineering/airflow_projects/airflow1/venv/lib/python3.10/site-packages/airflow/example_dags/example_setup_teardown_taskflow.py
[2025-03-10T09:16:26.973+0100] {processor.py:830} INFO - Processing file /home/philip/de_engineering/airflow_projects/airflow1/venv/lib/python3.10/site-packages/airflow/example_dags/example_setup_teardown_taskflow.py for tasks to queue
[2025-03-10T09:16:26.973+0100] {logging_mixin.py:188} INFO - [2025-03-10T09:16:26.973+0100] {dagbag.py:538} INFO - Filling up the DagBag from /home/philip/de_engineering/airflow_projects/airflow1/venv/lib/python3.10/site-packages/airflow/example_dags/example_setup_teardown_taskflow.py
[2025-03-10T09:16:26.981+0100] {processor.py:840} INFO - DAG(s) 'example_setup_teardown_taskflow' retrieved from /home/philip/de_engineering/airflow_projects/airflow1/venv/lib/python3.10/site-packages/airflow/example_dags/example_setup_teardown_taskflow.py
[2025-03-10T09:16:27.005+0100] {logging_mixin.py:188} INFO - [2025-03-10T09:16:27.004+0100] {dag.py:3036} INFO - Sync 1 DAGs
[2025-03-10T09:16:27.024+0100] {logging_mixin.py:188} INFO - [2025-03-10T09:16:27.024+0100] {dag.py:3823} INFO - Setting next_dagrun for example_setup_teardown_taskflow to 2025-03-09 00:00:00+00:00, run_after=2025-03-10 00:00:00+00:00
[2025-03-10T09:16:27.039+0100] {processor.py:183} INFO - Processing /home/philip/de_engineering/airflow_projects/airflow1/venv/lib/python3.10/site-packages/airflow/example_dags/example_setup_teardown_taskflow.py took 0.071 seconds
[2025-03-10T09:16:57.063+0100] {processor.py:161} INFO - Started process (PID=137772) to work on /home/philip/de_engineering/airflow_projects/airflow1/venv/lib/python3.10/site-packages/airflow/example_dags/example_setup_teardown_taskflow.py
[2025-03-10T09:16:57.064+0100] {processor.py:830} INFO - Processing file /home/philip/de_engineering/airflow_projects/airflow1/venv/lib/python3.10/site-packages/airflow/example_dags/example_setup_teardown_taskflow.py for tasks to queue
[2025-03-10T09:16:57.065+0100] {logging_mixin.py:188} INFO - [2025-03-10T09:16:57.065+0100] {dagbag.py:538} INFO - Filling up the DagBag from /home/philip/de_engineering/airflow_projects/airflow1/venv/lib/python3.10/site-packages/airflow/example_dags/example_setup_teardown_taskflow.py
[2025-03-10T09:16:57.073+0100] {processor.py:840} INFO - DAG(s) 'example_setup_teardown_taskflow' retrieved from /home/philip/de_engineering/airflow_projects/airflow1/venv/lib/python3.10/site-packages/airflow/example_dags/example_setup_teardown_taskflow.py
[2025-03-10T09:16:57.093+0100] {logging_mixin.py:188} INFO - [2025-03-10T09:16:57.093+0100] {dag.py:3036} INFO - Sync 1 DAGs
[2025-03-10T09:16:57.110+0100] {logging_mixin.py:188} INFO - [2025-03-10T09:16:57.110+0100] {dag.py:3823} INFO - Setting next_dagrun for example_setup_teardown_taskflow to 2025-03-09 00:00:00+00:00, run_after=2025-03-10 00:00:00+00:00
[2025-03-10T09:16:57.123+0100] {processor.py:183} INFO - Processing /home/philip/de_engineering/airflow_projects/airflow1/venv/lib/python3.10/site-packages/airflow/example_dags/example_setup_teardown_taskflow.py took 0.063 seconds
[2025-03-10T09:17:27.616+0100] {processor.py:161} INFO - Started process (PID=137966) to work on /home/philip/de_engineering/airflow_projects/airflow1/venv/lib/python3.10/site-packages/airflow/example_dags/example_setup_teardown_taskflow.py
[2025-03-10T09:17:27.617+0100] {processor.py:830} INFO - Processing file /home/philip/de_engineering/airflow_projects/airflow1/venv/lib/python3.10/site-packages/airflow/example_dags/example_setup_teardown_taskflow.py for tasks to queue
[2025-03-10T09:17:27.618+0100] {logging_mixin.py:188} INFO - [2025-03-10T09:17:27.618+0100] {dagbag.py:538} INFO - Filling up the DagBag from /home/philip/de_engineering/airflow_projects/airflow1/venv/lib/python3.10/site-packages/airflow/example_dags/example_setup_teardown_taskflow.py
[2025-03-10T09:17:27.626+0100] {processor.py:840} INFO - DAG(s) 'example_setup_teardown_taskflow' retrieved from /home/philip/de_engineering/airflow_projects/airflow1/venv/lib/python3.10/site-packages/airflow/example_dags/example_setup_teardown_taskflow.py
[2025-03-10T09:17:27.651+0100] {logging_mixin.py:188} INFO - [2025-03-10T09:17:27.651+0100] {dag.py:3036} INFO - Sync 1 DAGs
[2025-03-10T09:17:27.670+0100] {logging_mixin.py:188} INFO - [2025-03-10T09:17:27.669+0100] {dag.py:3823} INFO - Setting next_dagrun for example_setup_teardown_taskflow to 2025-03-09 00:00:00+00:00, run_after=2025-03-10 00:00:00+00:00
[2025-03-10T09:17:27.681+0100] {processor.py:183} INFO - Processing /home/philip/de_engineering/airflow_projects/airflow1/venv/lib/python3.10/site-packages/airflow/example_dags/example_setup_teardown_taskflow.py took 0.069 seconds
[2025-03-10T09:19:22.074+0100] {processor.py:161} INFO - Started process (PID=138649) to work on /home/philip/de_engineering/airflow_projects/airflow1/venv/lib/python3.10/site-packages/airflow/example_dags/example_setup_teardown_taskflow.py
[2025-03-10T09:19:22.075+0100] {processor.py:830} INFO - Processing file /home/philip/de_engineering/airflow_projects/airflow1/venv/lib/python3.10/site-packages/airflow/example_dags/example_setup_teardown_taskflow.py for tasks to queue
[2025-03-10T09:19:22.076+0100] {logging_mixin.py:188} INFO - [2025-03-10T09:19:22.076+0100] {dagbag.py:538} INFO - Filling up the DagBag from /home/philip/de_engineering/airflow_projects/airflow1/venv/lib/python3.10/site-packages/airflow/example_dags/example_setup_teardown_taskflow.py
[2025-03-10T09:19:22.087+0100] {processor.py:840} INFO - DAG(s) 'example_setup_teardown_taskflow' retrieved from /home/philip/de_engineering/airflow_projects/airflow1/venv/lib/python3.10/site-packages/airflow/example_dags/example_setup_teardown_taskflow.py
[2025-03-10T09:19:22.168+0100] {logging_mixin.py:188} INFO - [2025-03-10T09:19:22.168+0100] {dag.py:3036} INFO - Sync 1 DAGs
[2025-03-10T09:19:22.184+0100] {logging_mixin.py:188} INFO - [2025-03-10T09:19:22.184+0100] {dag.py:3823} INFO - Setting next_dagrun for example_setup_teardown_taskflow to 2025-03-09 00:00:00+00:00, run_after=2025-03-10 00:00:00+00:00
[2025-03-10T09:19:22.200+0100] {processor.py:183} INFO - Processing /home/philip/de_engineering/airflow_projects/airflow1/venv/lib/python3.10/site-packages/airflow/example_dags/example_setup_teardown_taskflow.py took 0.129 seconds
[2025-03-10T09:19:53.108+0100] {processor.py:161} INFO - Started process (PID=138988) to work on /home/philip/de_engineering/airflow_projects/airflow1/venv/lib/python3.10/site-packages/airflow/example_dags/example_setup_teardown_taskflow.py
[2025-03-10T09:19:53.108+0100] {processor.py:830} INFO - Processing file /home/philip/de_engineering/airflow_projects/airflow1/venv/lib/python3.10/site-packages/airflow/example_dags/example_setup_teardown_taskflow.py for tasks to queue
[2025-03-10T09:19:53.109+0100] {logging_mixin.py:188} INFO - [2025-03-10T09:19:53.109+0100] {dagbag.py:538} INFO - Filling up the DagBag from /home/philip/de_engineering/airflow_projects/airflow1/venv/lib/python3.10/site-packages/airflow/example_dags/example_setup_teardown_taskflow.py
[2025-03-10T09:19:53.117+0100] {processor.py:840} INFO - DAG(s) 'example_setup_teardown_taskflow' retrieved from /home/philip/de_engineering/airflow_projects/airflow1/venv/lib/python3.10/site-packages/airflow/example_dags/example_setup_teardown_taskflow.py
[2025-03-10T09:19:53.137+0100] {logging_mixin.py:188} INFO - [2025-03-10T09:19:53.137+0100] {dag.py:3036} INFO - Sync 1 DAGs
[2025-03-10T09:19:53.154+0100] {logging_mixin.py:188} INFO - [2025-03-10T09:19:53.154+0100] {dag.py:3823} INFO - Setting next_dagrun for example_setup_teardown_taskflow to 2025-03-09 00:00:00+00:00, run_after=2025-03-10 00:00:00+00:00
[2025-03-10T09:19:53.169+0100] {processor.py:183} INFO - Processing /home/philip/de_engineering/airflow_projects/airflow1/venv/lib/python3.10/site-packages/airflow/example_dags/example_setup_teardown_taskflow.py took 0.064 seconds
[2025-03-10T09:20:23.345+0100] {processor.py:161} INFO - Started process (PID=139363) to work on /home/philip/de_engineering/airflow_projects/airflow1/venv/lib/python3.10/site-packages/airflow/example_dags/example_setup_teardown_taskflow.py
[2025-03-10T09:20:23.347+0100] {processor.py:830} INFO - Processing file /home/philip/de_engineering/airflow_projects/airflow1/venv/lib/python3.10/site-packages/airflow/example_dags/example_setup_teardown_taskflow.py for tasks to queue
[2025-03-10T09:20:23.348+0100] {logging_mixin.py:188} INFO - [2025-03-10T09:20:23.347+0100] {dagbag.py:538} INFO - Filling up the DagBag from /home/philip/de_engineering/airflow_projects/airflow1/venv/lib/python3.10/site-packages/airflow/example_dags/example_setup_teardown_taskflow.py
[2025-03-10T09:20:23.357+0100] {processor.py:840} INFO - DAG(s) 'example_setup_teardown_taskflow' retrieved from /home/philip/de_engineering/airflow_projects/airflow1/venv/lib/python3.10/site-packages/airflow/example_dags/example_setup_teardown_taskflow.py
[2025-03-10T09:20:23.379+0100] {logging_mixin.py:188} INFO - [2025-03-10T09:20:23.378+0100] {dag.py:3036} INFO - Sync 1 DAGs
[2025-03-10T09:20:23.397+0100] {logging_mixin.py:188} INFO - [2025-03-10T09:20:23.397+0100] {dag.py:3823} INFO - Setting next_dagrun for example_setup_teardown_taskflow to 2025-03-09 00:00:00+00:00, run_after=2025-03-10 00:00:00+00:00
[2025-03-10T09:20:23.414+0100] {processor.py:183} INFO - Processing /home/philip/de_engineering/airflow_projects/airflow1/venv/lib/python3.10/site-packages/airflow/example_dags/example_setup_teardown_taskflow.py took 0.071 seconds
[2025-03-10T09:20:54.047+0100] {processor.py:161} INFO - Started process (PID=139743) to work on /home/philip/de_engineering/airflow_projects/airflow1/venv/lib/python3.10/site-packages/airflow/example_dags/example_setup_teardown_taskflow.py
[2025-03-10T09:20:54.048+0100] {processor.py:830} INFO - Processing file /home/philip/de_engineering/airflow_projects/airflow1/venv/lib/python3.10/site-packages/airflow/example_dags/example_setup_teardown_taskflow.py for tasks to queue
[2025-03-10T09:20:54.049+0100] {logging_mixin.py:188} INFO - [2025-03-10T09:20:54.049+0100] {dagbag.py:538} INFO - Filling up the DagBag from /home/philip/de_engineering/airflow_projects/airflow1/venv/lib/python3.10/site-packages/airflow/example_dags/example_setup_teardown_taskflow.py
[2025-03-10T09:20:54.059+0100] {processor.py:840} INFO - DAG(s) 'example_setup_teardown_taskflow' retrieved from /home/philip/de_engineering/airflow_projects/airflow1/venv/lib/python3.10/site-packages/airflow/example_dags/example_setup_teardown_taskflow.py
[2025-03-10T09:20:54.081+0100] {logging_mixin.py:188} INFO - [2025-03-10T09:20:54.081+0100] {dag.py:3036} INFO - Sync 1 DAGs
[2025-03-10T09:20:54.100+0100] {logging_mixin.py:188} INFO - [2025-03-10T09:20:54.099+0100] {dag.py:3823} INFO - Setting next_dagrun for example_setup_teardown_taskflow to 2025-03-09 00:00:00+00:00, run_after=2025-03-10 00:00:00+00:00
[2025-03-10T09:20:54.116+0100] {processor.py:183} INFO - Processing /home/philip/de_engineering/airflow_projects/airflow1/venv/lib/python3.10/site-packages/airflow/example_dags/example_setup_teardown_taskflow.py took 0.072 seconds
[2025-03-10T09:21:24.459+0100] {processor.py:161} INFO - Started process (PID=140126) to work on /home/philip/de_engineering/airflow_projects/airflow1/venv/lib/python3.10/site-packages/airflow/example_dags/example_setup_teardown_taskflow.py
[2025-03-10T09:21:24.460+0100] {processor.py:830} INFO - Processing file /home/philip/de_engineering/airflow_projects/airflow1/venv/lib/python3.10/site-packages/airflow/example_dags/example_setup_teardown_taskflow.py for tasks to queue
[2025-03-10T09:21:24.461+0100] {logging_mixin.py:188} INFO - [2025-03-10T09:21:24.460+0100] {dagbag.py:538} INFO - Filling up the DagBag from /home/philip/de_engineering/airflow_projects/airflow1/venv/lib/python3.10/site-packages/airflow/example_dags/example_setup_teardown_taskflow.py
[2025-03-10T09:21:24.469+0100] {processor.py:840} INFO - DAG(s) 'example_setup_teardown_taskflow' retrieved from /home/philip/de_engineering/airflow_projects/airflow1/venv/lib/python3.10/site-packages/airflow/example_dags/example_setup_teardown_taskflow.py
[2025-03-10T09:21:24.490+0100] {logging_mixin.py:188} INFO - [2025-03-10T09:21:24.490+0100] {dag.py:3036} INFO - Sync 1 DAGs
[2025-03-10T09:21:24.506+0100] {logging_mixin.py:188} INFO - [2025-03-10T09:21:24.506+0100] {dag.py:3823} INFO - Setting next_dagrun for example_setup_teardown_taskflow to 2025-03-09 00:00:00+00:00, run_after=2025-03-10 00:00:00+00:00
[2025-03-10T09:21:24.520+0100] {processor.py:183} INFO - Processing /home/philip/de_engineering/airflow_projects/airflow1/venv/lib/python3.10/site-packages/airflow/example_dags/example_setup_teardown_taskflow.py took 0.065 seconds
[2025-03-10T09:21:54.650+0100] {processor.py:161} INFO - Started process (PID=140503) to work on /home/philip/de_engineering/airflow_projects/airflow1/venv/lib/python3.10/site-packages/airflow/example_dags/example_setup_teardown_taskflow.py
[2025-03-10T09:21:54.651+0100] {processor.py:830} INFO - Processing file /home/philip/de_engineering/airflow_projects/airflow1/venv/lib/python3.10/site-packages/airflow/example_dags/example_setup_teardown_taskflow.py for tasks to queue
[2025-03-10T09:21:54.652+0100] {logging_mixin.py:188} INFO - [2025-03-10T09:21:54.651+0100] {dagbag.py:538} INFO - Filling up the DagBag from /home/philip/de_engineering/airflow_projects/airflow1/venv/lib/python3.10/site-packages/airflow/example_dags/example_setup_teardown_taskflow.py
[2025-03-10T09:21:54.659+0100] {processor.py:840} INFO - DAG(s) 'example_setup_teardown_taskflow' retrieved from /home/philip/de_engineering/airflow_projects/airflow1/venv/lib/python3.10/site-packages/airflow/example_dags/example_setup_teardown_taskflow.py
[2025-03-10T09:21:54.681+0100] {logging_mixin.py:188} INFO - [2025-03-10T09:21:54.680+0100] {dag.py:3036} INFO - Sync 1 DAGs
[2025-03-10T09:21:54.697+0100] {logging_mixin.py:188} INFO - [2025-03-10T09:21:54.697+0100] {dag.py:3823} INFO - Setting next_dagrun for example_setup_teardown_taskflow to 2025-03-09 00:00:00+00:00, run_after=2025-03-10 00:00:00+00:00
[2025-03-10T09:21:54.712+0100] {processor.py:183} INFO - Processing /home/philip/de_engineering/airflow_projects/airflow1/venv/lib/python3.10/site-packages/airflow/example_dags/example_setup_teardown_taskflow.py took 0.064 seconds
[2025-03-10T09:22:24.896+0100] {processor.py:161} INFO - Started process (PID=140883) to work on /home/philip/de_engineering/airflow_projects/airflow1/venv/lib/python3.10/site-packages/airflow/example_dags/example_setup_teardown_taskflow.py
[2025-03-10T09:22:24.898+0100] {processor.py:830} INFO - Processing file /home/philip/de_engineering/airflow_projects/airflow1/venv/lib/python3.10/site-packages/airflow/example_dags/example_setup_teardown_taskflow.py for tasks to queue
[2025-03-10T09:22:24.898+0100] {logging_mixin.py:188} INFO - [2025-03-10T09:22:24.898+0100] {dagbag.py:538} INFO - Filling up the DagBag from /home/philip/de_engineering/airflow_projects/airflow1/venv/lib/python3.10/site-packages/airflow/example_dags/example_setup_teardown_taskflow.py
[2025-03-10T09:22:24.906+0100] {processor.py:840} INFO - DAG(s) 'example_setup_teardown_taskflow' retrieved from /home/philip/de_engineering/airflow_projects/airflow1/venv/lib/python3.10/site-packages/airflow/example_dags/example_setup_teardown_taskflow.py
[2025-03-10T09:22:24.928+0100] {logging_mixin.py:188} INFO - [2025-03-10T09:22:24.928+0100] {dag.py:3036} INFO - Sync 1 DAGs
[2025-03-10T09:22:24.947+0100] {logging_mixin.py:188} INFO - [2025-03-10T09:22:24.947+0100] {dag.py:3823} INFO - Setting next_dagrun for example_setup_teardown_taskflow to 2025-03-09 00:00:00+00:00, run_after=2025-03-10 00:00:00+00:00
[2025-03-10T09:22:24.961+0100] {processor.py:183} INFO - Processing /home/philip/de_engineering/airflow_projects/airflow1/venv/lib/python3.10/site-packages/airflow/example_dags/example_setup_teardown_taskflow.py took 0.068 seconds
[2025-03-10T09:22:55.087+0100] {processor.py:161} INFO - Started process (PID=141258) to work on /home/philip/de_engineering/airflow_projects/airflow1/venv/lib/python3.10/site-packages/airflow/example_dags/example_setup_teardown_taskflow.py
[2025-03-10T09:22:55.088+0100] {processor.py:830} INFO - Processing file /home/philip/de_engineering/airflow_projects/airflow1/venv/lib/python3.10/site-packages/airflow/example_dags/example_setup_teardown_taskflow.py for tasks to queue
[2025-03-10T09:22:55.088+0100] {logging_mixin.py:188} INFO - [2025-03-10T09:22:55.088+0100] {dagbag.py:538} INFO - Filling up the DagBag from /home/philip/de_engineering/airflow_projects/airflow1/venv/lib/python3.10/site-packages/airflow/example_dags/example_setup_teardown_taskflow.py
[2025-03-10T09:22:55.096+0100] {processor.py:840} INFO - DAG(s) 'example_setup_teardown_taskflow' retrieved from /home/philip/de_engineering/airflow_projects/airflow1/venv/lib/python3.10/site-packages/airflow/example_dags/example_setup_teardown_taskflow.py
[2025-03-10T09:22:55.116+0100] {logging_mixin.py:188} INFO - [2025-03-10T09:22:55.116+0100] {dag.py:3036} INFO - Sync 1 DAGs
[2025-03-10T09:22:55.133+0100] {logging_mixin.py:188} INFO - [2025-03-10T09:22:55.133+0100] {dag.py:3823} INFO - Setting next_dagrun for example_setup_teardown_taskflow to 2025-03-09 00:00:00+00:00, run_after=2025-03-10 00:00:00+00:00
[2025-03-10T09:22:55.148+0100] {processor.py:183} INFO - Processing /home/philip/de_engineering/airflow_projects/airflow1/venv/lib/python3.10/site-packages/airflow/example_dags/example_setup_teardown_taskflow.py took 0.064 seconds
[2025-03-10T09:23:25.310+0100] {processor.py:161} INFO - Started process (PID=141640) to work on /home/philip/de_engineering/airflow_projects/airflow1/venv/lib/python3.10/site-packages/airflow/example_dags/example_setup_teardown_taskflow.py
[2025-03-10T09:23:25.311+0100] {processor.py:830} INFO - Processing file /home/philip/de_engineering/airflow_projects/airflow1/venv/lib/python3.10/site-packages/airflow/example_dags/example_setup_teardown_taskflow.py for tasks to queue
[2025-03-10T09:23:25.312+0100] {logging_mixin.py:188} INFO - [2025-03-10T09:23:25.312+0100] {dagbag.py:538} INFO - Filling up the DagBag from /home/philip/de_engineering/airflow_projects/airflow1/venv/lib/python3.10/site-packages/airflow/example_dags/example_setup_teardown_taskflow.py
[2025-03-10T09:23:25.320+0100] {processor.py:840} INFO - DAG(s) 'example_setup_teardown_taskflow' retrieved from /home/philip/de_engineering/airflow_projects/airflow1/venv/lib/python3.10/site-packages/airflow/example_dags/example_setup_teardown_taskflow.py
[2025-03-10T09:23:25.340+0100] {logging_mixin.py:188} INFO - [2025-03-10T09:23:25.340+0100] {dag.py:3036} INFO - Sync 1 DAGs
[2025-03-10T09:23:25.359+0100] {logging_mixin.py:188} INFO - [2025-03-10T09:23:25.359+0100] {dag.py:3823} INFO - Setting next_dagrun for example_setup_teardown_taskflow to 2025-03-09 00:00:00+00:00, run_after=2025-03-10 00:00:00+00:00
[2025-03-10T09:23:25.375+0100] {processor.py:183} INFO - Processing /home/philip/de_engineering/airflow_projects/airflow1/venv/lib/python3.10/site-packages/airflow/example_dags/example_setup_teardown_taskflow.py took 0.068 seconds
[2025-03-10T09:23:55.735+0100] {processor.py:161} INFO - Started process (PID=142016) to work on /home/philip/de_engineering/airflow_projects/airflow1/venv/lib/python3.10/site-packages/airflow/example_dags/example_setup_teardown_taskflow.py
[2025-03-10T09:23:55.775+0100] {processor.py:830} INFO - Processing file /home/philip/de_engineering/airflow_projects/airflow1/venv/lib/python3.10/site-packages/airflow/example_dags/example_setup_teardown_taskflow.py for tasks to queue
[2025-03-10T09:23:55.775+0100] {logging_mixin.py:188} INFO - [2025-03-10T09:23:55.775+0100] {dagbag.py:538} INFO - Filling up the DagBag from /home/philip/de_engineering/airflow_projects/airflow1/venv/lib/python3.10/site-packages/airflow/example_dags/example_setup_teardown_taskflow.py
[2025-03-10T09:23:55.784+0100] {processor.py:840} INFO - DAG(s) 'example_setup_teardown_taskflow' retrieved from /home/philip/de_engineering/airflow_projects/airflow1/venv/lib/python3.10/site-packages/airflow/example_dags/example_setup_teardown_taskflow.py
[2025-03-10T09:23:55.805+0100] {logging_mixin.py:188} INFO - [2025-03-10T09:23:55.805+0100] {dag.py:3036} INFO - Sync 1 DAGs
[2025-03-10T09:23:55.826+0100] {logging_mixin.py:188} INFO - [2025-03-10T09:23:55.825+0100] {dag.py:3823} INFO - Setting next_dagrun for example_setup_teardown_taskflow to 2025-03-09 00:00:00+00:00, run_after=2025-03-10 00:00:00+00:00
[2025-03-10T09:23:55.844+0100] {processor.py:183} INFO - Processing /home/philip/de_engineering/airflow_projects/airflow1/venv/lib/python3.10/site-packages/airflow/example_dags/example_setup_teardown_taskflow.py took 0.111 seconds
[2025-03-10T09:24:26.039+0100] {processor.py:161} INFO - Started process (PID=142396) to work on /home/philip/de_engineering/airflow_projects/airflow1/venv/lib/python3.10/site-packages/airflow/example_dags/example_setup_teardown_taskflow.py
[2025-03-10T09:24:26.040+0100] {processor.py:830} INFO - Processing file /home/philip/de_engineering/airflow_projects/airflow1/venv/lib/python3.10/site-packages/airflow/example_dags/example_setup_teardown_taskflow.py for tasks to queue
[2025-03-10T09:24:26.041+0100] {logging_mixin.py:188} INFO - [2025-03-10T09:24:26.041+0100] {dagbag.py:538} INFO - Filling up the DagBag from /home/philip/de_engineering/airflow_projects/airflow1/venv/lib/python3.10/site-packages/airflow/example_dags/example_setup_teardown_taskflow.py
[2025-03-10T09:24:26.049+0100] {processor.py:840} INFO - DAG(s) 'example_setup_teardown_taskflow' retrieved from /home/philip/de_engineering/airflow_projects/airflow1/venv/lib/python3.10/site-packages/airflow/example_dags/example_setup_teardown_taskflow.py
[2025-03-10T09:24:26.074+0100] {logging_mixin.py:188} INFO - [2025-03-10T09:24:26.073+0100] {dag.py:3036} INFO - Sync 1 DAGs
[2025-03-10T09:24:26.095+0100] {logging_mixin.py:188} INFO - [2025-03-10T09:24:26.094+0100] {dag.py:3823} INFO - Setting next_dagrun for example_setup_teardown_taskflow to 2025-03-09 00:00:00+00:00, run_after=2025-03-10 00:00:00+00:00
[2025-03-10T09:24:26.111+0100] {processor.py:183} INFO - Processing /home/philip/de_engineering/airflow_projects/airflow1/venv/lib/python3.10/site-packages/airflow/example_dags/example_setup_teardown_taskflow.py took 0.075 seconds
[2025-03-10T09:24:56.408+0100] {processor.py:161} INFO - Started process (PID=142777) to work on /home/philip/de_engineering/airflow_projects/airflow1/venv/lib/python3.10/site-packages/airflow/example_dags/example_setup_teardown_taskflow.py
[2025-03-10T09:24:56.409+0100] {processor.py:830} INFO - Processing file /home/philip/de_engineering/airflow_projects/airflow1/venv/lib/python3.10/site-packages/airflow/example_dags/example_setup_teardown_taskflow.py for tasks to queue
[2025-03-10T09:24:56.410+0100] {logging_mixin.py:188} INFO - [2025-03-10T09:24:56.410+0100] {dagbag.py:538} INFO - Filling up the DagBag from /home/philip/de_engineering/airflow_projects/airflow1/venv/lib/python3.10/site-packages/airflow/example_dags/example_setup_teardown_taskflow.py
[2025-03-10T09:24:56.417+0100] {processor.py:840} INFO - DAG(s) 'example_setup_teardown_taskflow' retrieved from /home/philip/de_engineering/airflow_projects/airflow1/venv/lib/python3.10/site-packages/airflow/example_dags/example_setup_teardown_taskflow.py
[2025-03-10T09:24:56.441+0100] {logging_mixin.py:188} INFO - [2025-03-10T09:24:56.441+0100] {dag.py:3036} INFO - Sync 1 DAGs
[2025-03-10T09:24:56.458+0100] {logging_mixin.py:188} INFO - [2025-03-10T09:24:56.458+0100] {dag.py:3823} INFO - Setting next_dagrun for example_setup_teardown_taskflow to 2025-03-09 00:00:00+00:00, run_after=2025-03-10 00:00:00+00:00
[2025-03-10T09:24:56.473+0100] {processor.py:183} INFO - Processing /home/philip/de_engineering/airflow_projects/airflow1/venv/lib/python3.10/site-packages/airflow/example_dags/example_setup_teardown_taskflow.py took 0.068 seconds
[2025-03-10T09:25:26.568+0100] {processor.py:161} INFO - Started process (PID=143153) to work on /home/philip/de_engineering/airflow_projects/airflow1/venv/lib/python3.10/site-packages/airflow/example_dags/example_setup_teardown_taskflow.py
[2025-03-10T09:25:26.569+0100] {processor.py:830} INFO - Processing file /home/philip/de_engineering/airflow_projects/airflow1/venv/lib/python3.10/site-packages/airflow/example_dags/example_setup_teardown_taskflow.py for tasks to queue
[2025-03-10T09:25:26.570+0100] {logging_mixin.py:188} INFO - [2025-03-10T09:25:26.570+0100] {dagbag.py:538} INFO - Filling up the DagBag from /home/philip/de_engineering/airflow_projects/airflow1/venv/lib/python3.10/site-packages/airflow/example_dags/example_setup_teardown_taskflow.py
[2025-03-10T09:25:26.577+0100] {processor.py:840} INFO - DAG(s) 'example_setup_teardown_taskflow' retrieved from /home/philip/de_engineering/airflow_projects/airflow1/venv/lib/python3.10/site-packages/airflow/example_dags/example_setup_teardown_taskflow.py
[2025-03-10T09:25:26.600+0100] {logging_mixin.py:188} INFO - [2025-03-10T09:25:26.600+0100] {dag.py:3036} INFO - Sync 1 DAGs
[2025-03-10T09:25:26.620+0100] {logging_mixin.py:188} INFO - [2025-03-10T09:25:26.620+0100] {dag.py:3823} INFO - Setting next_dagrun for example_setup_teardown_taskflow to 2025-03-09 00:00:00+00:00, run_after=2025-03-10 00:00:00+00:00
[2025-03-10T09:25:26.638+0100] {processor.py:183} INFO - Processing /home/philip/de_engineering/airflow_projects/airflow1/venv/lib/python3.10/site-packages/airflow/example_dags/example_setup_teardown_taskflow.py took 0.072 seconds
[2025-03-10T09:25:56.935+0100] {processor.py:161} INFO - Started process (PID=143537) to work on /home/philip/de_engineering/airflow_projects/airflow1/venv/lib/python3.10/site-packages/airflow/example_dags/example_setup_teardown_taskflow.py
[2025-03-10T09:25:56.936+0100] {processor.py:830} INFO - Processing file /home/philip/de_engineering/airflow_projects/airflow1/venv/lib/python3.10/site-packages/airflow/example_dags/example_setup_teardown_taskflow.py for tasks to queue
[2025-03-10T09:25:56.936+0100] {logging_mixin.py:188} INFO - [2025-03-10T09:25:56.936+0100] {dagbag.py:538} INFO - Filling up the DagBag from /home/philip/de_engineering/airflow_projects/airflow1/venv/lib/python3.10/site-packages/airflow/example_dags/example_setup_teardown_taskflow.py
[2025-03-10T09:25:56.944+0100] {processor.py:840} INFO - DAG(s) 'example_setup_teardown_taskflow' retrieved from /home/philip/de_engineering/airflow_projects/airflow1/venv/lib/python3.10/site-packages/airflow/example_dags/example_setup_teardown_taskflow.py
[2025-03-10T09:25:56.965+0100] {logging_mixin.py:188} INFO - [2025-03-10T09:25:56.965+0100] {dag.py:3036} INFO - Sync 1 DAGs
[2025-03-10T09:25:56.981+0100] {logging_mixin.py:188} INFO - [2025-03-10T09:25:56.981+0100] {dag.py:3823} INFO - Setting next_dagrun for example_setup_teardown_taskflow to 2025-03-09 00:00:00+00:00, run_after=2025-03-10 00:00:00+00:00
[2025-03-10T09:25:56.996+0100] {processor.py:183} INFO - Processing /home/philip/de_engineering/airflow_projects/airflow1/venv/lib/python3.10/site-packages/airflow/example_dags/example_setup_teardown_taskflow.py took 0.064 seconds
[2025-03-10T09:26:27.327+0100] {processor.py:161} INFO - Started process (PID=143911) to work on /home/philip/de_engineering/airflow_projects/airflow1/venv/lib/python3.10/site-packages/airflow/example_dags/example_setup_teardown_taskflow.py
[2025-03-10T09:26:27.328+0100] {processor.py:830} INFO - Processing file /home/philip/de_engineering/airflow_projects/airflow1/venv/lib/python3.10/site-packages/airflow/example_dags/example_setup_teardown_taskflow.py for tasks to queue
[2025-03-10T09:26:27.328+0100] {logging_mixin.py:188} INFO - [2025-03-10T09:26:27.328+0100] {dagbag.py:538} INFO - Filling up the DagBag from /home/philip/de_engineering/airflow_projects/airflow1/venv/lib/python3.10/site-packages/airflow/example_dags/example_setup_teardown_taskflow.py
[2025-03-10T09:26:27.337+0100] {processor.py:840} INFO - DAG(s) 'example_setup_teardown_taskflow' retrieved from /home/philip/de_engineering/airflow_projects/airflow1/venv/lib/python3.10/site-packages/airflow/example_dags/example_setup_teardown_taskflow.py
[2025-03-10T09:26:27.359+0100] {logging_mixin.py:188} INFO - [2025-03-10T09:26:27.359+0100] {dag.py:3036} INFO - Sync 1 DAGs
[2025-03-10T09:26:27.379+0100] {logging_mixin.py:188} INFO - [2025-03-10T09:26:27.379+0100] {dag.py:3823} INFO - Setting next_dagrun for example_setup_teardown_taskflow to 2025-03-09 00:00:00+00:00, run_after=2025-03-10 00:00:00+00:00
[2025-03-10T09:26:27.401+0100] {processor.py:183} INFO - Processing /home/philip/de_engineering/airflow_projects/airflow1/venv/lib/python3.10/site-packages/airflow/example_dags/example_setup_teardown_taskflow.py took 0.076 seconds
[2025-03-10T09:26:57.785+0100] {processor.py:161} INFO - Started process (PID=144292) to work on /home/philip/de_engineering/airflow_projects/airflow1/venv/lib/python3.10/site-packages/airflow/example_dags/example_setup_teardown_taskflow.py
[2025-03-10T09:26:57.786+0100] {processor.py:830} INFO - Processing file /home/philip/de_engineering/airflow_projects/airflow1/venv/lib/python3.10/site-packages/airflow/example_dags/example_setup_teardown_taskflow.py for tasks to queue
[2025-03-10T09:26:57.787+0100] {logging_mixin.py:188} INFO - [2025-03-10T09:26:57.787+0100] {dagbag.py:538} INFO - Filling up the DagBag from /home/philip/de_engineering/airflow_projects/airflow1/venv/lib/python3.10/site-packages/airflow/example_dags/example_setup_teardown_taskflow.py
[2025-03-10T09:26:57.795+0100] {processor.py:840} INFO - DAG(s) 'example_setup_teardown_taskflow' retrieved from /home/philip/de_engineering/airflow_projects/airflow1/venv/lib/python3.10/site-packages/airflow/example_dags/example_setup_teardown_taskflow.py
[2025-03-10T09:26:57.817+0100] {logging_mixin.py:188} INFO - [2025-03-10T09:26:57.817+0100] {dag.py:3036} INFO - Sync 1 DAGs
[2025-03-10T09:26:57.837+0100] {logging_mixin.py:188} INFO - [2025-03-10T09:26:57.837+0100] {dag.py:3823} INFO - Setting next_dagrun for example_setup_teardown_taskflow to 2025-03-09 00:00:00+00:00, run_after=2025-03-10 00:00:00+00:00
[2025-03-10T09:26:57.856+0100] {processor.py:183} INFO - Processing /home/philip/de_engineering/airflow_projects/airflow1/venv/lib/python3.10/site-packages/airflow/example_dags/example_setup_teardown_taskflow.py took 0.073 seconds
[2025-03-10T09:27:28.059+0100] {processor.py:161} INFO - Started process (PID=144669) to work on /home/philip/de_engineering/airflow_projects/airflow1/venv/lib/python3.10/site-packages/airflow/example_dags/example_setup_teardown_taskflow.py
[2025-03-10T09:27:28.060+0100] {processor.py:830} INFO - Processing file /home/philip/de_engineering/airflow_projects/airflow1/venv/lib/python3.10/site-packages/airflow/example_dags/example_setup_teardown_taskflow.py for tasks to queue
[2025-03-10T09:27:28.061+0100] {logging_mixin.py:188} INFO - [2025-03-10T09:27:28.061+0100] {dagbag.py:538} INFO - Filling up the DagBag from /home/philip/de_engineering/airflow_projects/airflow1/venv/lib/python3.10/site-packages/airflow/example_dags/example_setup_teardown_taskflow.py
[2025-03-10T09:27:28.069+0100] {processor.py:840} INFO - DAG(s) 'example_setup_teardown_taskflow' retrieved from /home/philip/de_engineering/airflow_projects/airflow1/venv/lib/python3.10/site-packages/airflow/example_dags/example_setup_teardown_taskflow.py
[2025-03-10T09:27:28.088+0100] {logging_mixin.py:188} INFO - [2025-03-10T09:27:28.087+0100] {dag.py:3036} INFO - Sync 1 DAGs
[2025-03-10T09:27:28.104+0100] {logging_mixin.py:188} INFO - [2025-03-10T09:27:28.104+0100] {dag.py:3823} INFO - Setting next_dagrun for example_setup_teardown_taskflow to 2025-03-09 00:00:00+00:00, run_after=2025-03-10 00:00:00+00:00
[2025-03-10T09:27:28.118+0100] {processor.py:183} INFO - Processing /home/philip/de_engineering/airflow_projects/airflow1/venv/lib/python3.10/site-packages/airflow/example_dags/example_setup_teardown_taskflow.py took 0.061 seconds
[2025-03-10T09:27:58.297+0100] {processor.py:161} INFO - Started process (PID=145047) to work on /home/philip/de_engineering/airflow_projects/airflow1/venv/lib/python3.10/site-packages/airflow/example_dags/example_setup_teardown_taskflow.py
[2025-03-10T09:27:58.298+0100] {processor.py:830} INFO - Processing file /home/philip/de_engineering/airflow_projects/airflow1/venv/lib/python3.10/site-packages/airflow/example_dags/example_setup_teardown_taskflow.py for tasks to queue
[2025-03-10T09:27:58.299+0100] {logging_mixin.py:188} INFO - [2025-03-10T09:27:58.299+0100] {dagbag.py:538} INFO - Filling up the DagBag from /home/philip/de_engineering/airflow_projects/airflow1/venv/lib/python3.10/site-packages/airflow/example_dags/example_setup_teardown_taskflow.py
[2025-03-10T09:27:58.310+0100] {processor.py:840} INFO - DAG(s) 'example_setup_teardown_taskflow' retrieved from /home/philip/de_engineering/airflow_projects/airflow1/venv/lib/python3.10/site-packages/airflow/example_dags/example_setup_teardown_taskflow.py
[2025-03-10T09:27:58.333+0100] {logging_mixin.py:188} INFO - [2025-03-10T09:27:58.333+0100] {dag.py:3036} INFO - Sync 1 DAGs
[2025-03-10T09:27:58.350+0100] {logging_mixin.py:188} INFO - [2025-03-10T09:27:58.350+0100] {dag.py:3823} INFO - Setting next_dagrun for example_setup_teardown_taskflow to 2025-03-09 00:00:00+00:00, run_after=2025-03-10 00:00:00+00:00
[2025-03-10T09:27:58.366+0100] {processor.py:183} INFO - Processing /home/philip/de_engineering/airflow_projects/airflow1/venv/lib/python3.10/site-packages/airflow/example_dags/example_setup_teardown_taskflow.py took 0.072 seconds
[2025-03-10T09:28:28.550+0100] {processor.py:161} INFO - Started process (PID=145427) to work on /home/philip/de_engineering/airflow_projects/airflow1/venv/lib/python3.10/site-packages/airflow/example_dags/example_setup_teardown_taskflow.py
[2025-03-10T09:28:28.551+0100] {processor.py:830} INFO - Processing file /home/philip/de_engineering/airflow_projects/airflow1/venv/lib/python3.10/site-packages/airflow/example_dags/example_setup_teardown_taskflow.py for tasks to queue
[2025-03-10T09:28:28.552+0100] {logging_mixin.py:188} INFO - [2025-03-10T09:28:28.551+0100] {dagbag.py:538} INFO - Filling up the DagBag from /home/philip/de_engineering/airflow_projects/airflow1/venv/lib/python3.10/site-packages/airflow/example_dags/example_setup_teardown_taskflow.py
[2025-03-10T09:28:28.560+0100] {processor.py:840} INFO - DAG(s) 'example_setup_teardown_taskflow' retrieved from /home/philip/de_engineering/airflow_projects/airflow1/venv/lib/python3.10/site-packages/airflow/example_dags/example_setup_teardown_taskflow.py
[2025-03-10T09:28:28.583+0100] {logging_mixin.py:188} INFO - [2025-03-10T09:28:28.583+0100] {dag.py:3036} INFO - Sync 1 DAGs
[2025-03-10T09:28:28.606+0100] {logging_mixin.py:188} INFO - [2025-03-10T09:28:28.606+0100] {dag.py:3823} INFO - Setting next_dagrun for example_setup_teardown_taskflow to 2025-03-09 00:00:00+00:00, run_after=2025-03-10 00:00:00+00:00
[2025-03-10T09:28:28.626+0100] {processor.py:183} INFO - Processing /home/philip/de_engineering/airflow_projects/airflow1/venv/lib/python3.10/site-packages/airflow/example_dags/example_setup_teardown_taskflow.py took 0.079 seconds
[2025-03-10T09:28:58.700+0100] {processor.py:161} INFO - Started process (PID=145801) to work on /home/philip/de_engineering/airflow_projects/airflow1/venv/lib/python3.10/site-packages/airflow/example_dags/example_setup_teardown_taskflow.py
[2025-03-10T09:28:58.702+0100] {processor.py:830} INFO - Processing file /home/philip/de_engineering/airflow_projects/airflow1/venv/lib/python3.10/site-packages/airflow/example_dags/example_setup_teardown_taskflow.py for tasks to queue
[2025-03-10T09:28:58.702+0100] {logging_mixin.py:188} INFO - [2025-03-10T09:28:58.702+0100] {dagbag.py:538} INFO - Filling up the DagBag from /home/philip/de_engineering/airflow_projects/airflow1/venv/lib/python3.10/site-packages/airflow/example_dags/example_setup_teardown_taskflow.py
[2025-03-10T09:28:58.710+0100] {processor.py:840} INFO - DAG(s) 'example_setup_teardown_taskflow' retrieved from /home/philip/de_engineering/airflow_projects/airflow1/venv/lib/python3.10/site-packages/airflow/example_dags/example_setup_teardown_taskflow.py
[2025-03-10T09:28:58.731+0100] {logging_mixin.py:188} INFO - [2025-03-10T09:28:58.731+0100] {dag.py:3036} INFO - Sync 1 DAGs
[2025-03-10T09:28:58.749+0100] {logging_mixin.py:188} INFO - [2025-03-10T09:28:58.749+0100] {dag.py:3823} INFO - Setting next_dagrun for example_setup_teardown_taskflow to 2025-03-09 00:00:00+00:00, run_after=2025-03-10 00:00:00+00:00
[2025-03-10T09:28:58.766+0100] {processor.py:183} INFO - Processing /home/philip/de_engineering/airflow_projects/airflow1/venv/lib/python3.10/site-packages/airflow/example_dags/example_setup_teardown_taskflow.py took 0.069 seconds
[2025-03-10T09:29:28.998+0100] {processor.py:161} INFO - Started process (PID=146184) to work on /home/philip/de_engineering/airflow_projects/airflow1/venv/lib/python3.10/site-packages/airflow/example_dags/example_setup_teardown_taskflow.py
[2025-03-10T09:29:28.998+0100] {processor.py:830} INFO - Processing file /home/philip/de_engineering/airflow_projects/airflow1/venv/lib/python3.10/site-packages/airflow/example_dags/example_setup_teardown_taskflow.py for tasks to queue
[2025-03-10T09:29:28.999+0100] {logging_mixin.py:188} INFO - [2025-03-10T09:29:28.999+0100] {dagbag.py:538} INFO - Filling up the DagBag from /home/philip/de_engineering/airflow_projects/airflow1/venv/lib/python3.10/site-packages/airflow/example_dags/example_setup_teardown_taskflow.py
[2025-03-10T09:29:29.006+0100] {processor.py:840} INFO - DAG(s) 'example_setup_teardown_taskflow' retrieved from /home/philip/de_engineering/airflow_projects/airflow1/venv/lib/python3.10/site-packages/airflow/example_dags/example_setup_teardown_taskflow.py
[2025-03-10T09:29:29.027+0100] {logging_mixin.py:188} INFO - [2025-03-10T09:29:29.027+0100] {dag.py:3036} INFO - Sync 1 DAGs
[2025-03-10T09:29:29.044+0100] {logging_mixin.py:188} INFO - [2025-03-10T09:29:29.043+0100] {dag.py:3823} INFO - Setting next_dagrun for example_setup_teardown_taskflow to 2025-03-09 00:00:00+00:00, run_after=2025-03-10 00:00:00+00:00
[2025-03-10T09:29:29.057+0100] {processor.py:183} INFO - Processing /home/philip/de_engineering/airflow_projects/airflow1/venv/lib/python3.10/site-packages/airflow/example_dags/example_setup_teardown_taskflow.py took 0.063 seconds
[2025-03-10T09:29:59.183+0100] {processor.py:161} INFO - Started process (PID=146556) to work on /home/philip/de_engineering/airflow_projects/airflow1/venv/lib/python3.10/site-packages/airflow/example_dags/example_setup_teardown_taskflow.py
[2025-03-10T09:29:59.185+0100] {processor.py:830} INFO - Processing file /home/philip/de_engineering/airflow_projects/airflow1/venv/lib/python3.10/site-packages/airflow/example_dags/example_setup_teardown_taskflow.py for tasks to queue
[2025-03-10T09:29:59.187+0100] {logging_mixin.py:188} INFO - [2025-03-10T09:29:59.186+0100] {dagbag.py:538} INFO - Filling up the DagBag from /home/philip/de_engineering/airflow_projects/airflow1/venv/lib/python3.10/site-packages/airflow/example_dags/example_setup_teardown_taskflow.py
[2025-03-10T09:29:59.196+0100] {processor.py:840} INFO - DAG(s) 'example_setup_teardown_taskflow' retrieved from /home/philip/de_engineering/airflow_projects/airflow1/venv/lib/python3.10/site-packages/airflow/example_dags/example_setup_teardown_taskflow.py
[2025-03-10T09:29:59.217+0100] {logging_mixin.py:188} INFO - [2025-03-10T09:29:59.217+0100] {dag.py:3036} INFO - Sync 1 DAGs
[2025-03-10T09:29:59.234+0100] {logging_mixin.py:188} INFO - [2025-03-10T09:29:59.234+0100] {dag.py:3823} INFO - Setting next_dagrun for example_setup_teardown_taskflow to 2025-03-09 00:00:00+00:00, run_after=2025-03-10 00:00:00+00:00
[2025-03-10T09:29:59.248+0100] {processor.py:183} INFO - Processing /home/philip/de_engineering/airflow_projects/airflow1/venv/lib/python3.10/site-packages/airflow/example_dags/example_setup_teardown_taskflow.py took 0.072 seconds
[2025-03-10T09:30:29.400+0100] {processor.py:161} INFO - Started process (PID=146937) to work on /home/philip/de_engineering/airflow_projects/airflow1/venv/lib/python3.10/site-packages/airflow/example_dags/example_setup_teardown_taskflow.py
[2025-03-10T09:30:29.401+0100] {processor.py:830} INFO - Processing file /home/philip/de_engineering/airflow_projects/airflow1/venv/lib/python3.10/site-packages/airflow/example_dags/example_setup_teardown_taskflow.py for tasks to queue
[2025-03-10T09:30:29.402+0100] {logging_mixin.py:188} INFO - [2025-03-10T09:30:29.402+0100] {dagbag.py:538} INFO - Filling up the DagBag from /home/philip/de_engineering/airflow_projects/airflow1/venv/lib/python3.10/site-packages/airflow/example_dags/example_setup_teardown_taskflow.py
[2025-03-10T09:30:29.415+0100] {processor.py:840} INFO - DAG(s) 'example_setup_teardown_taskflow' retrieved from /home/philip/de_engineering/airflow_projects/airflow1/venv/lib/python3.10/site-packages/airflow/example_dags/example_setup_teardown_taskflow.py
[2025-03-10T09:30:29.437+0100] {logging_mixin.py:188} INFO - [2025-03-10T09:30:29.437+0100] {dag.py:3036} INFO - Sync 1 DAGs
[2025-03-10T09:30:29.455+0100] {logging_mixin.py:188} INFO - [2025-03-10T09:30:29.455+0100] {dag.py:3823} INFO - Setting next_dagrun for example_setup_teardown_taskflow to 2025-03-09 00:00:00+00:00, run_after=2025-03-10 00:00:00+00:00
[2025-03-10T09:30:29.469+0100] {processor.py:183} INFO - Processing /home/philip/de_engineering/airflow_projects/airflow1/venv/lib/python3.10/site-packages/airflow/example_dags/example_setup_teardown_taskflow.py took 0.075 seconds
[2025-03-10T09:30:59.566+0100] {processor.py:161} INFO - Started process (PID=147312) to work on /home/philip/de_engineering/airflow_projects/airflow1/venv/lib/python3.10/site-packages/airflow/example_dags/example_setup_teardown_taskflow.py
[2025-03-10T09:30:59.567+0100] {processor.py:830} INFO - Processing file /home/philip/de_engineering/airflow_projects/airflow1/venv/lib/python3.10/site-packages/airflow/example_dags/example_setup_teardown_taskflow.py for tasks to queue
[2025-03-10T09:30:59.568+0100] {logging_mixin.py:188} INFO - [2025-03-10T09:30:59.568+0100] {dagbag.py:538} INFO - Filling up the DagBag from /home/philip/de_engineering/airflow_projects/airflow1/venv/lib/python3.10/site-packages/airflow/example_dags/example_setup_teardown_taskflow.py
[2025-03-10T09:30:59.577+0100] {processor.py:840} INFO - DAG(s) 'example_setup_teardown_taskflow' retrieved from /home/philip/de_engineering/airflow_projects/airflow1/venv/lib/python3.10/site-packages/airflow/example_dags/example_setup_teardown_taskflow.py
[2025-03-10T09:30:59.598+0100] {logging_mixin.py:188} INFO - [2025-03-10T09:30:59.598+0100] {dag.py:3036} INFO - Sync 1 DAGs
[2025-03-10T09:30:59.616+0100] {logging_mixin.py:188} INFO - [2025-03-10T09:30:59.616+0100] {dag.py:3823} INFO - Setting next_dagrun for example_setup_teardown_taskflow to 2025-03-09 00:00:00+00:00, run_after=2025-03-10 00:00:00+00:00
[2025-03-10T09:30:59.630+0100] {processor.py:183} INFO - Processing /home/philip/de_engineering/airflow_projects/airflow1/venv/lib/python3.10/site-packages/airflow/example_dags/example_setup_teardown_taskflow.py took 0.067 seconds
[2025-03-10T09:31:29.730+0100] {processor.py:161} INFO - Started process (PID=147692) to work on /home/philip/de_engineering/airflow_projects/airflow1/venv/lib/python3.10/site-packages/airflow/example_dags/example_setup_teardown_taskflow.py
[2025-03-10T09:31:29.731+0100] {processor.py:830} INFO - Processing file /home/philip/de_engineering/airflow_projects/airflow1/venv/lib/python3.10/site-packages/airflow/example_dags/example_setup_teardown_taskflow.py for tasks to queue
[2025-03-10T09:31:29.732+0100] {logging_mixin.py:188} INFO - [2025-03-10T09:31:29.732+0100] {dagbag.py:538} INFO - Filling up the DagBag from /home/philip/de_engineering/airflow_projects/airflow1/venv/lib/python3.10/site-packages/airflow/example_dags/example_setup_teardown_taskflow.py
[2025-03-10T09:31:29.742+0100] {processor.py:840} INFO - DAG(s) 'example_setup_teardown_taskflow' retrieved from /home/philip/de_engineering/airflow_projects/airflow1/venv/lib/python3.10/site-packages/airflow/example_dags/example_setup_teardown_taskflow.py
[2025-03-10T09:31:29.766+0100] {logging_mixin.py:188} INFO - [2025-03-10T09:31:29.766+0100] {dag.py:3036} INFO - Sync 1 DAGs
[2025-03-10T09:31:29.783+0100] {logging_mixin.py:188} INFO - [2025-03-10T09:31:29.783+0100] {dag.py:3823} INFO - Setting next_dagrun for example_setup_teardown_taskflow to 2025-03-09 00:00:00+00:00, run_after=2025-03-10 00:00:00+00:00
[2025-03-10T09:31:29.798+0100] {processor.py:183} INFO - Processing /home/philip/de_engineering/airflow_projects/airflow1/venv/lib/python3.10/site-packages/airflow/example_dags/example_setup_teardown_taskflow.py took 0.071 seconds
[2025-03-10T09:31:59.937+0100] {processor.py:161} INFO - Started process (PID=148067) to work on /home/philip/de_engineering/airflow_projects/airflow1/venv/lib/python3.10/site-packages/airflow/example_dags/example_setup_teardown_taskflow.py
[2025-03-10T09:31:59.939+0100] {processor.py:830} INFO - Processing file /home/philip/de_engineering/airflow_projects/airflow1/venv/lib/python3.10/site-packages/airflow/example_dags/example_setup_teardown_taskflow.py for tasks to queue
[2025-03-10T09:31:59.940+0100] {logging_mixin.py:188} INFO - [2025-03-10T09:31:59.939+0100] {dagbag.py:538} INFO - Filling up the DagBag from /home/philip/de_engineering/airflow_projects/airflow1/venv/lib/python3.10/site-packages/airflow/example_dags/example_setup_teardown_taskflow.py
[2025-03-10T09:31:59.949+0100] {processor.py:840} INFO - DAG(s) 'example_setup_teardown_taskflow' retrieved from /home/philip/de_engineering/airflow_projects/airflow1/venv/lib/python3.10/site-packages/airflow/example_dags/example_setup_teardown_taskflow.py
[2025-03-10T09:31:59.971+0100] {logging_mixin.py:188} INFO - [2025-03-10T09:31:59.971+0100] {dag.py:3036} INFO - Sync 1 DAGs
[2025-03-10T09:31:59.989+0100] {logging_mixin.py:188} INFO - [2025-03-10T09:31:59.989+0100] {dag.py:3823} INFO - Setting next_dagrun for example_setup_teardown_taskflow to 2025-03-09 00:00:00+00:00, run_after=2025-03-10 00:00:00+00:00
[2025-03-10T09:32:00.006+0100] {processor.py:183} INFO - Processing /home/philip/de_engineering/airflow_projects/airflow1/venv/lib/python3.10/site-packages/airflow/example_dags/example_setup_teardown_taskflow.py took 0.072 seconds
[2025-03-10T09:32:30.150+0100] {processor.py:161} INFO - Started process (PID=148447) to work on /home/philip/de_engineering/airflow_projects/airflow1/venv/lib/python3.10/site-packages/airflow/example_dags/example_setup_teardown_taskflow.py
[2025-03-10T09:32:30.151+0100] {processor.py:830} INFO - Processing file /home/philip/de_engineering/airflow_projects/airflow1/venv/lib/python3.10/site-packages/airflow/example_dags/example_setup_teardown_taskflow.py for tasks to queue
[2025-03-10T09:32:30.152+0100] {logging_mixin.py:188} INFO - [2025-03-10T09:32:30.151+0100] {dagbag.py:538} INFO - Filling up the DagBag from /home/philip/de_engineering/airflow_projects/airflow1/venv/lib/python3.10/site-packages/airflow/example_dags/example_setup_teardown_taskflow.py
[2025-03-10T09:32:30.160+0100] {processor.py:840} INFO - DAG(s) 'example_setup_teardown_taskflow' retrieved from /home/philip/de_engineering/airflow_projects/airflow1/venv/lib/python3.10/site-packages/airflow/example_dags/example_setup_teardown_taskflow.py
[2025-03-10T09:32:30.183+0100] {logging_mixin.py:188} INFO - [2025-03-10T09:32:30.183+0100] {dag.py:3036} INFO - Sync 1 DAGs
[2025-03-10T09:32:30.202+0100] {logging_mixin.py:188} INFO - [2025-03-10T09:32:30.202+0100] {dag.py:3823} INFO - Setting next_dagrun for example_setup_teardown_taskflow to 2025-03-09 00:00:00+00:00, run_after=2025-03-10 00:00:00+00:00
[2025-03-10T09:32:30.217+0100] {processor.py:183} INFO - Processing /home/philip/de_engineering/airflow_projects/airflow1/venv/lib/python3.10/site-packages/airflow/example_dags/example_setup_teardown_taskflow.py took 0.070 seconds
[2025-03-10T09:33:00.382+0100] {processor.py:161} INFO - Started process (PID=148822) to work on /home/philip/de_engineering/airflow_projects/airflow1/venv/lib/python3.10/site-packages/airflow/example_dags/example_setup_teardown_taskflow.py
[2025-03-10T09:33:00.383+0100] {processor.py:830} INFO - Processing file /home/philip/de_engineering/airflow_projects/airflow1/venv/lib/python3.10/site-packages/airflow/example_dags/example_setup_teardown_taskflow.py for tasks to queue
[2025-03-10T09:33:00.384+0100] {logging_mixin.py:188} INFO - [2025-03-10T09:33:00.384+0100] {dagbag.py:538} INFO - Filling up the DagBag from /home/philip/de_engineering/airflow_projects/airflow1/venv/lib/python3.10/site-packages/airflow/example_dags/example_setup_teardown_taskflow.py
[2025-03-10T09:33:00.393+0100] {processor.py:840} INFO - DAG(s) 'example_setup_teardown_taskflow' retrieved from /home/philip/de_engineering/airflow_projects/airflow1/venv/lib/python3.10/site-packages/airflow/example_dags/example_setup_teardown_taskflow.py
[2025-03-10T09:33:00.418+0100] {logging_mixin.py:188} INFO - [2025-03-10T09:33:00.418+0100] {dag.py:3036} INFO - Sync 1 DAGs
[2025-03-10T09:33:00.436+0100] {logging_mixin.py:188} INFO - [2025-03-10T09:33:00.436+0100] {dag.py:3823} INFO - Setting next_dagrun for example_setup_teardown_taskflow to 2025-03-09 00:00:00+00:00, run_after=2025-03-10 00:00:00+00:00
[2025-03-10T09:33:00.450+0100] {processor.py:183} INFO - Processing /home/philip/de_engineering/airflow_projects/airflow1/venv/lib/python3.10/site-packages/airflow/example_dags/example_setup_teardown_taskflow.py took 0.071 seconds
[2025-03-10T09:33:30.552+0100] {processor.py:161} INFO - Started process (PID=149205) to work on /home/philip/de_engineering/airflow_projects/airflow1/venv/lib/python3.10/site-packages/airflow/example_dags/example_setup_teardown_taskflow.py
[2025-03-10T09:33:30.553+0100] {processor.py:830} INFO - Processing file /home/philip/de_engineering/airflow_projects/airflow1/venv/lib/python3.10/site-packages/airflow/example_dags/example_setup_teardown_taskflow.py for tasks to queue
[2025-03-10T09:33:30.553+0100] {logging_mixin.py:188} INFO - [2025-03-10T09:33:30.553+0100] {dagbag.py:538} INFO - Filling up the DagBag from /home/philip/de_engineering/airflow_projects/airflow1/venv/lib/python3.10/site-packages/airflow/example_dags/example_setup_teardown_taskflow.py
[2025-03-10T09:33:30.561+0100] {processor.py:840} INFO - DAG(s) 'example_setup_teardown_taskflow' retrieved from /home/philip/de_engineering/airflow_projects/airflow1/venv/lib/python3.10/site-packages/airflow/example_dags/example_setup_teardown_taskflow.py
[2025-03-10T09:33:30.583+0100] {logging_mixin.py:188} INFO - [2025-03-10T09:33:30.582+0100] {dag.py:3036} INFO - Sync 1 DAGs
[2025-03-10T09:33:30.601+0100] {logging_mixin.py:188} INFO - [2025-03-10T09:33:30.601+0100] {dag.py:3823} INFO - Setting next_dagrun for example_setup_teardown_taskflow to 2025-03-09 00:00:00+00:00, run_after=2025-03-10 00:00:00+00:00
[2025-03-10T09:33:30.615+0100] {processor.py:183} INFO - Processing /home/philip/de_engineering/airflow_projects/airflow1/venv/lib/python3.10/site-packages/airflow/example_dags/example_setup_teardown_taskflow.py took 0.066 seconds
[2025-03-10T09:34:00.778+0100] {processor.py:161} INFO - Started process (PID=149585) to work on /home/philip/de_engineering/airflow_projects/airflow1/venv/lib/python3.10/site-packages/airflow/example_dags/example_setup_teardown_taskflow.py
[2025-03-10T09:34:00.780+0100] {processor.py:830} INFO - Processing file /home/philip/de_engineering/airflow_projects/airflow1/venv/lib/python3.10/site-packages/airflow/example_dags/example_setup_teardown_taskflow.py for tasks to queue
[2025-03-10T09:34:00.781+0100] {logging_mixin.py:188} INFO - [2025-03-10T09:34:00.781+0100] {dagbag.py:538} INFO - Filling up the DagBag from /home/philip/de_engineering/airflow_projects/airflow1/venv/lib/python3.10/site-packages/airflow/example_dags/example_setup_teardown_taskflow.py
[2025-03-10T09:34:00.794+0100] {processor.py:840} INFO - DAG(s) 'example_setup_teardown_taskflow' retrieved from /home/philip/de_engineering/airflow_projects/airflow1/venv/lib/python3.10/site-packages/airflow/example_dags/example_setup_teardown_taskflow.py
[2025-03-10T09:34:00.814+0100] {logging_mixin.py:188} INFO - [2025-03-10T09:34:00.814+0100] {dag.py:3036} INFO - Sync 1 DAGs
[2025-03-10T09:34:00.833+0100] {logging_mixin.py:188} INFO - [2025-03-10T09:34:00.833+0100] {dag.py:3823} INFO - Setting next_dagrun for example_setup_teardown_taskflow to 2025-03-09 00:00:00+00:00, run_after=2025-03-10 00:00:00+00:00
[2025-03-10T09:34:00.848+0100] {processor.py:183} INFO - Processing /home/philip/de_engineering/airflow_projects/airflow1/venv/lib/python3.10/site-packages/airflow/example_dags/example_setup_teardown_taskflow.py took 0.075 seconds
[2025-03-10T09:34:31.053+0100] {processor.py:161} INFO - Started process (PID=149960) to work on /home/philip/de_engineering/airflow_projects/airflow1/venv/lib/python3.10/site-packages/airflow/example_dags/example_setup_teardown_taskflow.py
[2025-03-10T09:34:31.054+0100] {processor.py:830} INFO - Processing file /home/philip/de_engineering/airflow_projects/airflow1/venv/lib/python3.10/site-packages/airflow/example_dags/example_setup_teardown_taskflow.py for tasks to queue
[2025-03-10T09:34:31.055+0100] {logging_mixin.py:188} INFO - [2025-03-10T09:34:31.055+0100] {dagbag.py:538} INFO - Filling up the DagBag from /home/philip/de_engineering/airflow_projects/airflow1/venv/lib/python3.10/site-packages/airflow/example_dags/example_setup_teardown_taskflow.py
[2025-03-10T09:34:31.064+0100] {processor.py:840} INFO - DAG(s) 'example_setup_teardown_taskflow' retrieved from /home/philip/de_engineering/airflow_projects/airflow1/venv/lib/python3.10/site-packages/airflow/example_dags/example_setup_teardown_taskflow.py
[2025-03-10T09:34:31.089+0100] {logging_mixin.py:188} INFO - [2025-03-10T09:34:31.088+0100] {dag.py:3036} INFO - Sync 1 DAGs
[2025-03-10T09:34:31.107+0100] {logging_mixin.py:188} INFO - [2025-03-10T09:34:31.107+0100] {dag.py:3823} INFO - Setting next_dagrun for example_setup_teardown_taskflow to 2025-03-09 00:00:00+00:00, run_after=2025-03-10 00:00:00+00:00
[2025-03-10T09:34:31.123+0100] {processor.py:183} INFO - Processing /home/philip/de_engineering/airflow_projects/airflow1/venv/lib/python3.10/site-packages/airflow/example_dags/example_setup_teardown_taskflow.py took 0.073 seconds
[2025-03-10T09:35:01.302+0100] {processor.py:161} INFO - Started process (PID=150342) to work on /home/philip/de_engineering/airflow_projects/airflow1/venv/lib/python3.10/site-packages/airflow/example_dags/example_setup_teardown_taskflow.py
[2025-03-10T09:35:01.303+0100] {processor.py:830} INFO - Processing file /home/philip/de_engineering/airflow_projects/airflow1/venv/lib/python3.10/site-packages/airflow/example_dags/example_setup_teardown_taskflow.py for tasks to queue
[2025-03-10T09:35:01.304+0100] {logging_mixin.py:188} INFO - [2025-03-10T09:35:01.303+0100] {dagbag.py:538} INFO - Filling up the DagBag from /home/philip/de_engineering/airflow_projects/airflow1/venv/lib/python3.10/site-packages/airflow/example_dags/example_setup_teardown_taskflow.py
[2025-03-10T09:35:01.312+0100] {processor.py:840} INFO - DAG(s) 'example_setup_teardown_taskflow' retrieved from /home/philip/de_engineering/airflow_projects/airflow1/venv/lib/python3.10/site-packages/airflow/example_dags/example_setup_teardown_taskflow.py
[2025-03-10T09:35:01.337+0100] {logging_mixin.py:188} INFO - [2025-03-10T09:35:01.336+0100] {dag.py:3036} INFO - Sync 1 DAGs
[2025-03-10T09:35:01.359+0100] {logging_mixin.py:188} INFO - [2025-03-10T09:35:01.358+0100] {dag.py:3823} INFO - Setting next_dagrun for example_setup_teardown_taskflow to 2025-03-09 00:00:00+00:00, run_after=2025-03-10 00:00:00+00:00
[2025-03-10T09:35:01.374+0100] {processor.py:183} INFO - Processing /home/philip/de_engineering/airflow_projects/airflow1/venv/lib/python3.10/site-packages/airflow/example_dags/example_setup_teardown_taskflow.py took 0.076 seconds
[2025-03-10T09:35:31.624+0100] {processor.py:161} INFO - Started process (PID=150720) to work on /home/philip/de_engineering/airflow_projects/airflow1/venv/lib/python3.10/site-packages/airflow/example_dags/example_setup_teardown_taskflow.py
[2025-03-10T09:35:31.625+0100] {processor.py:830} INFO - Processing file /home/philip/de_engineering/airflow_projects/airflow1/venv/lib/python3.10/site-packages/airflow/example_dags/example_setup_teardown_taskflow.py for tasks to queue
[2025-03-10T09:35:31.626+0100] {logging_mixin.py:188} INFO - [2025-03-10T09:35:31.626+0100] {dagbag.py:538} INFO - Filling up the DagBag from /home/philip/de_engineering/airflow_projects/airflow1/venv/lib/python3.10/site-packages/airflow/example_dags/example_setup_teardown_taskflow.py
[2025-03-10T09:35:31.636+0100] {processor.py:840} INFO - DAG(s) 'example_setup_teardown_taskflow' retrieved from /home/philip/de_engineering/airflow_projects/airflow1/venv/lib/python3.10/site-packages/airflow/example_dags/example_setup_teardown_taskflow.py
[2025-03-10T09:35:31.659+0100] {logging_mixin.py:188} INFO - [2025-03-10T09:35:31.659+0100] {dag.py:3036} INFO - Sync 1 DAGs
[2025-03-10T09:35:31.676+0100] {logging_mixin.py:188} INFO - [2025-03-10T09:35:31.676+0100] {dag.py:3823} INFO - Setting next_dagrun for example_setup_teardown_taskflow to 2025-03-09 00:00:00+00:00, run_after=2025-03-10 00:00:00+00:00
[2025-03-10T09:35:31.691+0100] {processor.py:183} INFO - Processing /home/philip/de_engineering/airflow_projects/airflow1/venv/lib/python3.10/site-packages/airflow/example_dags/example_setup_teardown_taskflow.py took 0.069 seconds
[2025-03-10T09:36:01.770+0100] {processor.py:161} INFO - Started process (PID=151100) to work on /home/philip/de_engineering/airflow_projects/airflow1/venv/lib/python3.10/site-packages/airflow/example_dags/example_setup_teardown_taskflow.py
[2025-03-10T09:36:01.771+0100] {processor.py:830} INFO - Processing file /home/philip/de_engineering/airflow_projects/airflow1/venv/lib/python3.10/site-packages/airflow/example_dags/example_setup_teardown_taskflow.py for tasks to queue
[2025-03-10T09:36:01.772+0100] {logging_mixin.py:188} INFO - [2025-03-10T09:36:01.772+0100] {dagbag.py:538} INFO - Filling up the DagBag from /home/philip/de_engineering/airflow_projects/airflow1/venv/lib/python3.10/site-packages/airflow/example_dags/example_setup_teardown_taskflow.py
[2025-03-10T09:36:01.780+0100] {processor.py:840} INFO - DAG(s) 'example_setup_teardown_taskflow' retrieved from /home/philip/de_engineering/airflow_projects/airflow1/venv/lib/python3.10/site-packages/airflow/example_dags/example_setup_teardown_taskflow.py
[2025-03-10T09:36:01.801+0100] {logging_mixin.py:188} INFO - [2025-03-10T09:36:01.801+0100] {dag.py:3036} INFO - Sync 1 DAGs
[2025-03-10T09:36:01.819+0100] {logging_mixin.py:188} INFO - [2025-03-10T09:36:01.819+0100] {dag.py:3823} INFO - Setting next_dagrun for example_setup_teardown_taskflow to 2025-03-09 00:00:00+00:00, run_after=2025-03-10 00:00:00+00:00
[2025-03-10T09:36:01.833+0100] {processor.py:183} INFO - Processing /home/philip/de_engineering/airflow_projects/airflow1/venv/lib/python3.10/site-packages/airflow/example_dags/example_setup_teardown_taskflow.py took 0.065 seconds
