[2025-03-10T09:14:24.815+0100] {processor.py:161} INFO - Started process (PID=136883) to work on /home/philip/de_engineering/airflow_projects/airflow1/venv/lib/python3.10/site-packages/airflow/example_dags/example_branch_python_dop_operator_3.py
[2025-03-10T09:14:24.816+0100] {processor.py:830} INFO - Processing file /home/philip/de_engineering/airflow_projects/airflow1/venv/lib/python3.10/site-packages/airflow/example_dags/example_branch_python_dop_operator_3.py for tasks to queue
[2025-03-10T09:14:24.817+0100] {logging_mixin.py:188} INFO - [2025-03-10T09:14:24.817+0100] {dagbag.py:538} INFO - Filling up the DagBag from /home/philip/de_engineering/airflow_projects/airflow1/venv/lib/python3.10/site-packages/airflow/example_dags/example_branch_python_dop_operator_3.py
[2025-03-10T09:14:24.827+0100] {processor.py:840} INFO - DAG(s) 'example_branch_dop_operator_v3' retrieved from /home/philip/de_engineering/airflow_projects/airflow1/venv/lib/python3.10/site-packages/airflow/example_dags/example_branch_python_dop_operator_3.py
[2025-03-10T09:14:24.909+0100] {logging_mixin.py:188} INFO - [2025-03-10T09:14:24.909+0100] {override.py:1769} INFO - Created Permission View: can read on DAG:example_branch_dop_operator_v3
[2025-03-10T09:14:24.917+0100] {logging_mixin.py:188} INFO - [2025-03-10T09:14:24.917+0100] {override.py:1769} INFO - Created Permission View: can delete on DAG:example_branch_dop_operator_v3
[2025-03-10T09:14:24.922+0100] {logging_mixin.py:188} INFO - [2025-03-10T09:14:24.922+0100] {override.py:1769} INFO - Created Permission View: can edit on DAG:example_branch_dop_operator_v3
[2025-03-10T09:14:24.923+0100] {logging_mixin.py:188} INFO - [2025-03-10T09:14:24.923+0100] {dag.py:3036} INFO - Sync 1 DAGs
[2025-03-10T09:14:24.930+0100] {logging_mixin.py:188} INFO - [2025-03-10T09:14:24.930+0100] {dag.py:3058} INFO - Creating ORM DAG for example_branch_dop_operator_v3
[2025-03-10T09:14:24.941+0100] {logging_mixin.py:188} INFO - [2025-03-10T09:14:24.941+0100] {dag.py:3823} INFO - Setting next_dagrun for example_branch_dop_operator_v3 to 2025-03-10 08:13:00+00:00, run_after=2025-03-10 08:14:00+00:00
[2025-03-10T09:14:24.953+0100] {processor.py:183} INFO - Processing /home/philip/de_engineering/airflow_projects/airflow1/venv/lib/python3.10/site-packages/airflow/example_dags/example_branch_python_dop_operator_3.py took 0.141 seconds
[2025-03-10T09:14:55.771+0100] {processor.py:161} INFO - Started process (PID=136995) to work on /home/philip/de_engineering/airflow_projects/airflow1/venv/lib/python3.10/site-packages/airflow/example_dags/example_branch_python_dop_operator_3.py
[2025-03-10T09:14:55.771+0100] {processor.py:830} INFO - Processing file /home/philip/de_engineering/airflow_projects/airflow1/venv/lib/python3.10/site-packages/airflow/example_dags/example_branch_python_dop_operator_3.py for tasks to queue
[2025-03-10T09:14:55.772+0100] {logging_mixin.py:188} INFO - [2025-03-10T09:14:55.772+0100] {dagbag.py:538} INFO - Filling up the DagBag from /home/philip/de_engineering/airflow_projects/airflow1/venv/lib/python3.10/site-packages/airflow/example_dags/example_branch_python_dop_operator_3.py
[2025-03-10T09:14:55.779+0100] {processor.py:840} INFO - DAG(s) 'example_branch_dop_operator_v3' retrieved from /home/philip/de_engineering/airflow_projects/airflow1/venv/lib/python3.10/site-packages/airflow/example_dags/example_branch_python_dop_operator_3.py
[2025-03-10T09:14:55.800+0100] {logging_mixin.py:188} INFO - [2025-03-10T09:14:55.799+0100] {dag.py:3036} INFO - Sync 1 DAGs
[2025-03-10T09:14:55.819+0100] {logging_mixin.py:188} INFO - [2025-03-10T09:14:55.819+0100] {dag.py:3823} INFO - Setting next_dagrun for example_branch_dop_operator_v3 to 2025-03-10 08:13:00+00:00, run_after=2025-03-10 08:14:00+00:00
[2025-03-10T09:14:55.835+0100] {processor.py:183} INFO - Processing /home/philip/de_engineering/airflow_projects/airflow1/venv/lib/python3.10/site-packages/airflow/example_dags/example_branch_python_dop_operator_3.py took 0.067 seconds
[2025-03-10T09:15:25.939+0100] {processor.py:161} INFO - Started process (PID=137096) to work on /home/philip/de_engineering/airflow_projects/airflow1/venv/lib/python3.10/site-packages/airflow/example_dags/example_branch_python_dop_operator_3.py
[2025-03-10T09:15:25.940+0100] {processor.py:830} INFO - Processing file /home/philip/de_engineering/airflow_projects/airflow1/venv/lib/python3.10/site-packages/airflow/example_dags/example_branch_python_dop_operator_3.py for tasks to queue
[2025-03-10T09:15:25.941+0100] {logging_mixin.py:188} INFO - [2025-03-10T09:15:25.940+0100] {dagbag.py:538} INFO - Filling up the DagBag from /home/philip/de_engineering/airflow_projects/airflow1/venv/lib/python3.10/site-packages/airflow/example_dags/example_branch_python_dop_operator_3.py
[2025-03-10T09:15:25.947+0100] {processor.py:840} INFO - DAG(s) 'example_branch_dop_operator_v3' retrieved from /home/philip/de_engineering/airflow_projects/airflow1/venv/lib/python3.10/site-packages/airflow/example_dags/example_branch_python_dop_operator_3.py
[2025-03-10T09:15:25.968+0100] {logging_mixin.py:188} INFO - [2025-03-10T09:15:25.968+0100] {dag.py:3036} INFO - Sync 1 DAGs
[2025-03-10T09:15:25.987+0100] {logging_mixin.py:188} INFO - [2025-03-10T09:15:25.987+0100] {dag.py:3823} INFO - Setting next_dagrun for example_branch_dop_operator_v3 to 2025-03-10 08:14:00+00:00, run_after=2025-03-10 08:15:00+00:00
[2025-03-10T09:15:26.001+0100] {processor.py:183} INFO - Processing /home/philip/de_engineering/airflow_projects/airflow1/venv/lib/python3.10/site-packages/airflow/example_dags/example_branch_python_dop_operator_3.py took 0.065 seconds
[2025-03-10T09:15:56.386+0100] {processor.py:161} INFO - Started process (PID=137197) to work on /home/philip/de_engineering/airflow_projects/airflow1/venv/lib/python3.10/site-packages/airflow/example_dags/example_branch_python_dop_operator_3.py
[2025-03-10T09:15:56.387+0100] {processor.py:830} INFO - Processing file /home/philip/de_engineering/airflow_projects/airflow1/venv/lib/python3.10/site-packages/airflow/example_dags/example_branch_python_dop_operator_3.py for tasks to queue
[2025-03-10T09:15:56.388+0100] {logging_mixin.py:188} INFO - [2025-03-10T09:15:56.387+0100] {dagbag.py:538} INFO - Filling up the DagBag from /home/philip/de_engineering/airflow_projects/airflow1/venv/lib/python3.10/site-packages/airflow/example_dags/example_branch_python_dop_operator_3.py
[2025-03-10T09:15:56.398+0100] {processor.py:840} INFO - DAG(s) 'example_branch_dop_operator_v3' retrieved from /home/philip/de_engineering/airflow_projects/airflow1/venv/lib/python3.10/site-packages/airflow/example_dags/example_branch_python_dop_operator_3.py
[2025-03-10T09:15:56.423+0100] {logging_mixin.py:188} INFO - [2025-03-10T09:15:56.422+0100] {dag.py:3036} INFO - Sync 1 DAGs
[2025-03-10T09:15:56.445+0100] {logging_mixin.py:188} INFO - [2025-03-10T09:15:56.445+0100] {dag.py:3823} INFO - Setting next_dagrun for example_branch_dop_operator_v3 to 2025-03-10 08:14:00+00:00, run_after=2025-03-10 08:15:00+00:00
[2025-03-10T09:15:56.460+0100] {processor.py:183} INFO - Processing /home/philip/de_engineering/airflow_projects/airflow1/venv/lib/python3.10/site-packages/airflow/example_dags/example_branch_python_dop_operator_3.py took 0.078 seconds
[2025-03-10T09:16:26.720+0100] {processor.py:161} INFO - Started process (PID=137573) to work on /home/philip/de_engineering/airflow_projects/airflow1/venv/lib/python3.10/site-packages/airflow/example_dags/example_branch_python_dop_operator_3.py
[2025-03-10T09:16:26.721+0100] {processor.py:830} INFO - Processing file /home/philip/de_engineering/airflow_projects/airflow1/venv/lib/python3.10/site-packages/airflow/example_dags/example_branch_python_dop_operator_3.py for tasks to queue
[2025-03-10T09:16:26.722+0100] {logging_mixin.py:188} INFO - [2025-03-10T09:16:26.722+0100] {dagbag.py:538} INFO - Filling up the DagBag from /home/philip/de_engineering/airflow_projects/airflow1/venv/lib/python3.10/site-packages/airflow/example_dags/example_branch_python_dop_operator_3.py
[2025-03-10T09:16:26.729+0100] {processor.py:840} INFO - DAG(s) 'example_branch_dop_operator_v3' retrieved from /home/philip/de_engineering/airflow_projects/airflow1/venv/lib/python3.10/site-packages/airflow/example_dags/example_branch_python_dop_operator_3.py
[2025-03-10T09:16:26.751+0100] {logging_mixin.py:188} INFO - [2025-03-10T09:16:26.751+0100] {dag.py:3036} INFO - Sync 1 DAGs
[2025-03-10T09:16:26.772+0100] {logging_mixin.py:188} INFO - [2025-03-10T09:16:26.772+0100] {dag.py:3823} INFO - Setting next_dagrun for example_branch_dop_operator_v3 to 2025-03-10 08:15:00+00:00, run_after=2025-03-10 08:16:00+00:00
[2025-03-10T09:16:26.787+0100] {processor.py:183} INFO - Processing /home/philip/de_engineering/airflow_projects/airflow1/venv/lib/python3.10/site-packages/airflow/example_dags/example_branch_python_dop_operator_3.py took 0.071 seconds
[2025-03-10T09:16:56.845+0100] {processor.py:161} INFO - Started process (PID=137761) to work on /home/philip/de_engineering/airflow_projects/airflow1/venv/lib/python3.10/site-packages/airflow/example_dags/example_branch_python_dop_operator_3.py
[2025-03-10T09:16:56.846+0100] {processor.py:830} INFO - Processing file /home/philip/de_engineering/airflow_projects/airflow1/venv/lib/python3.10/site-packages/airflow/example_dags/example_branch_python_dop_operator_3.py for tasks to queue
[2025-03-10T09:16:56.847+0100] {logging_mixin.py:188} INFO - [2025-03-10T09:16:56.847+0100] {dagbag.py:538} INFO - Filling up the DagBag from /home/philip/de_engineering/airflow_projects/airflow1/venv/lib/python3.10/site-packages/airflow/example_dags/example_branch_python_dop_operator_3.py
[2025-03-10T09:16:56.854+0100] {processor.py:840} INFO - DAG(s) 'example_branch_dop_operator_v3' retrieved from /home/philip/de_engineering/airflow_projects/airflow1/venv/lib/python3.10/site-packages/airflow/example_dags/example_branch_python_dop_operator_3.py
[2025-03-10T09:16:56.877+0100] {logging_mixin.py:188} INFO - [2025-03-10T09:16:56.877+0100] {dag.py:3036} INFO - Sync 1 DAGs
[2025-03-10T09:16:56.897+0100] {logging_mixin.py:188} INFO - [2025-03-10T09:16:56.897+0100] {dag.py:3823} INFO - Setting next_dagrun for example_branch_dop_operator_v3 to 2025-03-10 08:15:00+00:00, run_after=2025-03-10 08:16:00+00:00
[2025-03-10T09:16:56.913+0100] {processor.py:183} INFO - Processing /home/philip/de_engineering/airflow_projects/airflow1/venv/lib/python3.10/site-packages/airflow/example_dags/example_branch_python_dop_operator_3.py took 0.070 seconds
[2025-03-10T09:17:27.178+0100] {processor.py:161} INFO - Started process (PID=137954) to work on /home/philip/de_engineering/airflow_projects/airflow1/venv/lib/python3.10/site-packages/airflow/example_dags/example_branch_python_dop_operator_3.py
[2025-03-10T09:17:27.180+0100] {processor.py:830} INFO - Processing file /home/philip/de_engineering/airflow_projects/airflow1/venv/lib/python3.10/site-packages/airflow/example_dags/example_branch_python_dop_operator_3.py for tasks to queue
[2025-03-10T09:17:27.180+0100] {logging_mixin.py:188} INFO - [2025-03-10T09:17:27.180+0100] {dagbag.py:538} INFO - Filling up the DagBag from /home/philip/de_engineering/airflow_projects/airflow1/venv/lib/python3.10/site-packages/airflow/example_dags/example_branch_python_dop_operator_3.py
[2025-03-10T09:17:27.187+0100] {processor.py:840} INFO - DAG(s) 'example_branch_dop_operator_v3' retrieved from /home/philip/de_engineering/airflow_projects/airflow1/venv/lib/python3.10/site-packages/airflow/example_dags/example_branch_python_dop_operator_3.py
[2025-03-10T09:17:27.207+0100] {logging_mixin.py:188} INFO - [2025-03-10T09:17:27.207+0100] {dag.py:3036} INFO - Sync 1 DAGs
[2025-03-10T09:17:27.228+0100] {logging_mixin.py:188} INFO - [2025-03-10T09:17:27.228+0100] {dag.py:3823} INFO - Setting next_dagrun for example_branch_dop_operator_v3 to 2025-03-10 08:16:00+00:00, run_after=2025-03-10 08:17:00+00:00
[2025-03-10T09:17:27.244+0100] {processor.py:183} INFO - Processing /home/philip/de_engineering/airflow_projects/airflow1/venv/lib/python3.10/site-packages/airflow/example_dags/example_branch_python_dop_operator_3.py took 0.069 seconds
[2025-03-10T09:19:21.640+0100] {processor.py:161} INFO - Started process (PID=138614) to work on /home/philip/de_engineering/airflow_projects/airflow1/venv/lib/python3.10/site-packages/airflow/example_dags/example_branch_python_dop_operator_3.py
[2025-03-10T09:19:21.642+0100] {processor.py:830} INFO - Processing file /home/philip/de_engineering/airflow_projects/airflow1/venv/lib/python3.10/site-packages/airflow/example_dags/example_branch_python_dop_operator_3.py for tasks to queue
[2025-03-10T09:19:21.642+0100] {logging_mixin.py:188} INFO - [2025-03-10T09:19:21.642+0100] {dagbag.py:538} INFO - Filling up the DagBag from /home/philip/de_engineering/airflow_projects/airflow1/venv/lib/python3.10/site-packages/airflow/example_dags/example_branch_python_dop_operator_3.py
[2025-03-10T09:19:21.651+0100] {processor.py:840} INFO - DAG(s) 'example_branch_dop_operator_v3' retrieved from /home/philip/de_engineering/airflow_projects/airflow1/venv/lib/python3.10/site-packages/airflow/example_dags/example_branch_python_dop_operator_3.py
[2025-03-10T09:19:21.731+0100] {logging_mixin.py:188} INFO - [2025-03-10T09:19:21.731+0100] {dag.py:3036} INFO - Sync 1 DAGs
[2025-03-10T09:19:21.751+0100] {logging_mixin.py:188} INFO - [2025-03-10T09:19:21.750+0100] {dag.py:3823} INFO - Setting next_dagrun for example_branch_dop_operator_v3 to 2025-03-10 08:18:00+00:00, run_after=2025-03-10 08:19:00+00:00
[2025-03-10T09:19:21.767+0100] {processor.py:183} INFO - Processing /home/philip/de_engineering/airflow_projects/airflow1/venv/lib/python3.10/site-packages/airflow/example_dags/example_branch_python_dop_operator_3.py took 0.130 seconds
[2025-03-10T09:19:51.852+0100] {processor.py:161} INFO - Started process (PID=138949) to work on /home/philip/de_engineering/airflow_projects/airflow1/venv/lib/python3.10/site-packages/airflow/example_dags/example_branch_python_dop_operator_3.py
[2025-03-10T09:19:51.853+0100] {processor.py:830} INFO - Processing file /home/philip/de_engineering/airflow_projects/airflow1/venv/lib/python3.10/site-packages/airflow/example_dags/example_branch_python_dop_operator_3.py for tasks to queue
[2025-03-10T09:19:51.853+0100] {logging_mixin.py:188} INFO - [2025-03-10T09:19:51.853+0100] {dagbag.py:538} INFO - Filling up the DagBag from /home/philip/de_engineering/airflow_projects/airflow1/venv/lib/python3.10/site-packages/airflow/example_dags/example_branch_python_dop_operator_3.py
[2025-03-10T09:19:51.860+0100] {processor.py:840} INFO - DAG(s) 'example_branch_dop_operator_v3' retrieved from /home/philip/de_engineering/airflow_projects/airflow1/venv/lib/python3.10/site-packages/airflow/example_dags/example_branch_python_dop_operator_3.py
[2025-03-10T09:19:51.879+0100] {logging_mixin.py:188} INFO - [2025-03-10T09:19:51.879+0100] {dag.py:3036} INFO - Sync 1 DAGs
[2025-03-10T09:19:51.900+0100] {logging_mixin.py:188} INFO - [2025-03-10T09:19:51.899+0100] {dag.py:3823} INFO - Setting next_dagrun for example_branch_dop_operator_v3 to 2025-03-10 08:18:00+00:00, run_after=2025-03-10 08:19:00+00:00
[2025-03-10T09:19:51.913+0100] {processor.py:183} INFO - Processing /home/philip/de_engineering/airflow_projects/airflow1/venv/lib/python3.10/site-packages/airflow/example_dags/example_branch_python_dop_operator_3.py took 0.064 seconds
[2025-03-10T09:20:22.113+0100] {processor.py:161} INFO - Started process (PID=139328) to work on /home/philip/de_engineering/airflow_projects/airflow1/venv/lib/python3.10/site-packages/airflow/example_dags/example_branch_python_dop_operator_3.py
[2025-03-10T09:20:22.114+0100] {processor.py:830} INFO - Processing file /home/philip/de_engineering/airflow_projects/airflow1/venv/lib/python3.10/site-packages/airflow/example_dags/example_branch_python_dop_operator_3.py for tasks to queue
[2025-03-10T09:20:22.115+0100] {logging_mixin.py:188} INFO - [2025-03-10T09:20:22.115+0100] {dagbag.py:538} INFO - Filling up the DagBag from /home/philip/de_engineering/airflow_projects/airflow1/venv/lib/python3.10/site-packages/airflow/example_dags/example_branch_python_dop_operator_3.py
[2025-03-10T09:20:22.123+0100] {processor.py:840} INFO - DAG(s) 'example_branch_dop_operator_v3' retrieved from /home/philip/de_engineering/airflow_projects/airflow1/venv/lib/python3.10/site-packages/airflow/example_dags/example_branch_python_dop_operator_3.py
[2025-03-10T09:20:22.144+0100] {logging_mixin.py:188} INFO - [2025-03-10T09:20:22.143+0100] {dag.py:3036} INFO - Sync 1 DAGs
[2025-03-10T09:20:22.165+0100] {logging_mixin.py:188} INFO - [2025-03-10T09:20:22.165+0100] {dag.py:3823} INFO - Setting next_dagrun for example_branch_dop_operator_v3 to 2025-03-10 08:19:00+00:00, run_after=2025-03-10 08:20:00+00:00
[2025-03-10T09:20:22.181+0100] {processor.py:183} INFO - Processing /home/philip/de_engineering/airflow_projects/airflow1/venv/lib/python3.10/site-packages/airflow/example_dags/example_branch_python_dop_operator_3.py took 0.071 seconds
[2025-03-10T09:20:52.796+0100] {processor.py:161} INFO - Started process (PID=139701) to work on /home/philip/de_engineering/airflow_projects/airflow1/venv/lib/python3.10/site-packages/airflow/example_dags/example_branch_python_dop_operator_3.py
[2025-03-10T09:20:52.797+0100] {processor.py:830} INFO - Processing file /home/philip/de_engineering/airflow_projects/airflow1/venv/lib/python3.10/site-packages/airflow/example_dags/example_branch_python_dop_operator_3.py for tasks to queue
[2025-03-10T09:20:52.797+0100] {logging_mixin.py:188} INFO - [2025-03-10T09:20:52.797+0100] {dagbag.py:538} INFO - Filling up the DagBag from /home/philip/de_engineering/airflow_projects/airflow1/venv/lib/python3.10/site-packages/airflow/example_dags/example_branch_python_dop_operator_3.py
[2025-03-10T09:20:52.805+0100] {processor.py:840} INFO - DAG(s) 'example_branch_dop_operator_v3' retrieved from /home/philip/de_engineering/airflow_projects/airflow1/venv/lib/python3.10/site-packages/airflow/example_dags/example_branch_python_dop_operator_3.py
[2025-03-10T09:20:52.824+0100] {logging_mixin.py:188} INFO - [2025-03-10T09:20:52.824+0100] {dag.py:3036} INFO - Sync 1 DAGs
[2025-03-10T09:20:52.844+0100] {logging_mixin.py:188} INFO - [2025-03-10T09:20:52.844+0100] {dag.py:3823} INFO - Setting next_dagrun for example_branch_dop_operator_v3 to 2025-03-10 08:19:00+00:00, run_after=2025-03-10 08:20:00+00:00
[2025-03-10T09:20:52.858+0100] {processor.py:183} INFO - Processing /home/philip/de_engineering/airflow_projects/airflow1/venv/lib/python3.10/site-packages/airflow/example_dags/example_branch_python_dop_operator_3.py took 0.065 seconds
[2025-03-10T09:21:23.187+0100] {processor.py:161} INFO - Started process (PID=140084) to work on /home/philip/de_engineering/airflow_projects/airflow1/venv/lib/python3.10/site-packages/airflow/example_dags/example_branch_python_dop_operator_3.py
[2025-03-10T09:21:23.188+0100] {processor.py:830} INFO - Processing file /home/philip/de_engineering/airflow_projects/airflow1/venv/lib/python3.10/site-packages/airflow/example_dags/example_branch_python_dop_operator_3.py for tasks to queue
[2025-03-10T09:21:23.189+0100] {logging_mixin.py:188} INFO - [2025-03-10T09:21:23.189+0100] {dagbag.py:538} INFO - Filling up the DagBag from /home/philip/de_engineering/airflow_projects/airflow1/venv/lib/python3.10/site-packages/airflow/example_dags/example_branch_python_dop_operator_3.py
[2025-03-10T09:21:23.197+0100] {processor.py:840} INFO - DAG(s) 'example_branch_dop_operator_v3' retrieved from /home/philip/de_engineering/airflow_projects/airflow1/venv/lib/python3.10/site-packages/airflow/example_dags/example_branch_python_dop_operator_3.py
[2025-03-10T09:21:23.219+0100] {logging_mixin.py:188} INFO - [2025-03-10T09:21:23.219+0100] {dag.py:3036} INFO - Sync 1 DAGs
[2025-03-10T09:21:23.242+0100] {logging_mixin.py:188} INFO - [2025-03-10T09:21:23.242+0100] {dag.py:3823} INFO - Setting next_dagrun for example_branch_dop_operator_v3 to 2025-03-10 08:20:00+00:00, run_after=2025-03-10 08:21:00+00:00
[2025-03-10T09:21:23.258+0100] {processor.py:183} INFO - Processing /home/philip/de_engineering/airflow_projects/airflow1/venv/lib/python3.10/site-packages/airflow/example_dags/example_branch_python_dop_operator_3.py took 0.074 seconds
[2025-03-10T09:21:53.435+0100] {processor.py:161} INFO - Started process (PID=140467) to work on /home/philip/de_engineering/airflow_projects/airflow1/venv/lib/python3.10/site-packages/airflow/example_dags/example_branch_python_dop_operator_3.py
[2025-03-10T09:21:53.435+0100] {processor.py:830} INFO - Processing file /home/philip/de_engineering/airflow_projects/airflow1/venv/lib/python3.10/site-packages/airflow/example_dags/example_branch_python_dop_operator_3.py for tasks to queue
[2025-03-10T09:21:53.436+0100] {logging_mixin.py:188} INFO - [2025-03-10T09:21:53.436+0100] {dagbag.py:538} INFO - Filling up the DagBag from /home/philip/de_engineering/airflow_projects/airflow1/venv/lib/python3.10/site-packages/airflow/example_dags/example_branch_python_dop_operator_3.py
[2025-03-10T09:21:53.444+0100] {processor.py:840} INFO - DAG(s) 'example_branch_dop_operator_v3' retrieved from /home/philip/de_engineering/airflow_projects/airflow1/venv/lib/python3.10/site-packages/airflow/example_dags/example_branch_python_dop_operator_3.py
[2025-03-10T09:21:53.465+0100] {logging_mixin.py:188} INFO - [2025-03-10T09:21:53.465+0100] {dag.py:3036} INFO - Sync 1 DAGs
[2025-03-10T09:21:53.490+0100] {logging_mixin.py:188} INFO - [2025-03-10T09:21:53.490+0100] {dag.py:3823} INFO - Setting next_dagrun for example_branch_dop_operator_v3 to 2025-03-10 08:20:00+00:00, run_after=2025-03-10 08:21:00+00:00
[2025-03-10T09:21:53.508+0100] {processor.py:183} INFO - Processing /home/philip/de_engineering/airflow_projects/airflow1/venv/lib/python3.10/site-packages/airflow/example_dags/example_branch_python_dop_operator_3.py took 0.077 seconds
[2025-03-10T09:22:23.681+0100] {processor.py:161} INFO - Started process (PID=140842) to work on /home/philip/de_engineering/airflow_projects/airflow1/venv/lib/python3.10/site-packages/airflow/example_dags/example_branch_python_dop_operator_3.py
[2025-03-10T09:22:23.682+0100] {processor.py:830} INFO - Processing file /home/philip/de_engineering/airflow_projects/airflow1/venv/lib/python3.10/site-packages/airflow/example_dags/example_branch_python_dop_operator_3.py for tasks to queue
[2025-03-10T09:22:23.683+0100] {logging_mixin.py:188} INFO - [2025-03-10T09:22:23.682+0100] {dagbag.py:538} INFO - Filling up the DagBag from /home/philip/de_engineering/airflow_projects/airflow1/venv/lib/python3.10/site-packages/airflow/example_dags/example_branch_python_dop_operator_3.py
[2025-03-10T09:22:23.691+0100] {processor.py:840} INFO - DAG(s) 'example_branch_dop_operator_v3' retrieved from /home/philip/de_engineering/airflow_projects/airflow1/venv/lib/python3.10/site-packages/airflow/example_dags/example_branch_python_dop_operator_3.py
[2025-03-10T09:22:23.712+0100] {logging_mixin.py:188} INFO - [2025-03-10T09:22:23.712+0100] {dag.py:3036} INFO - Sync 1 DAGs
[2025-03-10T09:22:23.732+0100] {logging_mixin.py:188} INFO - [2025-03-10T09:22:23.732+0100] {dag.py:3823} INFO - Setting next_dagrun for example_branch_dop_operator_v3 to 2025-03-10 08:21:00+00:00, run_after=2025-03-10 08:22:00+00:00
[2025-03-10T09:22:23.752+0100] {processor.py:183} INFO - Processing /home/philip/de_engineering/airflow_projects/airflow1/venv/lib/python3.10/site-packages/airflow/example_dags/example_branch_python_dop_operator_3.py took 0.074 seconds
[2025-03-10T09:22:53.882+0100] {processor.py:161} INFO - Started process (PID=141222) to work on /home/philip/de_engineering/airflow_projects/airflow1/venv/lib/python3.10/site-packages/airflow/example_dags/example_branch_python_dop_operator_3.py
[2025-03-10T09:22:53.883+0100] {processor.py:830} INFO - Processing file /home/philip/de_engineering/airflow_projects/airflow1/venv/lib/python3.10/site-packages/airflow/example_dags/example_branch_python_dop_operator_3.py for tasks to queue
[2025-03-10T09:22:53.884+0100] {logging_mixin.py:188} INFO - [2025-03-10T09:22:53.884+0100] {dagbag.py:538} INFO - Filling up the DagBag from /home/philip/de_engineering/airflow_projects/airflow1/venv/lib/python3.10/site-packages/airflow/example_dags/example_branch_python_dop_operator_3.py
[2025-03-10T09:22:53.891+0100] {processor.py:840} INFO - DAG(s) 'example_branch_dop_operator_v3' retrieved from /home/philip/de_engineering/airflow_projects/airflow1/venv/lib/python3.10/site-packages/airflow/example_dags/example_branch_python_dop_operator_3.py
[2025-03-10T09:22:53.912+0100] {logging_mixin.py:188} INFO - [2025-03-10T09:22:53.912+0100] {dag.py:3036} INFO - Sync 1 DAGs
[2025-03-10T09:22:53.932+0100] {logging_mixin.py:188} INFO - [2025-03-10T09:22:53.932+0100] {dag.py:3823} INFO - Setting next_dagrun for example_branch_dop_operator_v3 to 2025-03-10 08:21:00+00:00, run_after=2025-03-10 08:22:00+00:00
[2025-03-10T09:22:53.947+0100] {processor.py:183} INFO - Processing /home/philip/de_engineering/airflow_projects/airflow1/venv/lib/python3.10/site-packages/airflow/example_dags/example_branch_python_dop_operator_3.py took 0.068 seconds
[2025-03-10T09:23:24.104+0100] {processor.py:161} INFO - Started process (PID=141599) to work on /home/philip/de_engineering/airflow_projects/airflow1/venv/lib/python3.10/site-packages/airflow/example_dags/example_branch_python_dop_operator_3.py
[2025-03-10T09:23:24.105+0100] {processor.py:830} INFO - Processing file /home/philip/de_engineering/airflow_projects/airflow1/venv/lib/python3.10/site-packages/airflow/example_dags/example_branch_python_dop_operator_3.py for tasks to queue
[2025-03-10T09:23:24.106+0100] {logging_mixin.py:188} INFO - [2025-03-10T09:23:24.106+0100] {dagbag.py:538} INFO - Filling up the DagBag from /home/philip/de_engineering/airflow_projects/airflow1/venv/lib/python3.10/site-packages/airflow/example_dags/example_branch_python_dop_operator_3.py
[2025-03-10T09:23:24.114+0100] {processor.py:840} INFO - DAG(s) 'example_branch_dop_operator_v3' retrieved from /home/philip/de_engineering/airflow_projects/airflow1/venv/lib/python3.10/site-packages/airflow/example_dags/example_branch_python_dop_operator_3.py
[2025-03-10T09:23:24.133+0100] {logging_mixin.py:188} INFO - [2025-03-10T09:23:24.133+0100] {dag.py:3036} INFO - Sync 1 DAGs
[2025-03-10T09:23:24.156+0100] {logging_mixin.py:188} INFO - [2025-03-10T09:23:24.155+0100] {dag.py:3823} INFO - Setting next_dagrun for example_branch_dop_operator_v3 to 2025-03-10 08:22:00+00:00, run_after=2025-03-10 08:23:00+00:00
[2025-03-10T09:23:24.170+0100] {processor.py:183} INFO - Processing /home/philip/de_engineering/airflow_projects/airflow1/venv/lib/python3.10/site-packages/airflow/example_dags/example_branch_python_dop_operator_3.py took 0.068 seconds
[2025-03-10T09:23:54.550+0100] {processor.py:161} INFO - Started process (PID=141983) to work on /home/philip/de_engineering/airflow_projects/airflow1/venv/lib/python3.10/site-packages/airflow/example_dags/example_branch_python_dop_operator_3.py
[2025-03-10T09:23:54.551+0100] {processor.py:830} INFO - Processing file /home/philip/de_engineering/airflow_projects/airflow1/venv/lib/python3.10/site-packages/airflow/example_dags/example_branch_python_dop_operator_3.py for tasks to queue
[2025-03-10T09:23:54.551+0100] {logging_mixin.py:188} INFO - [2025-03-10T09:23:54.551+0100] {dagbag.py:538} INFO - Filling up the DagBag from /home/philip/de_engineering/airflow_projects/airflow1/venv/lib/python3.10/site-packages/airflow/example_dags/example_branch_python_dop_operator_3.py
[2025-03-10T09:23:54.559+0100] {processor.py:840} INFO - DAG(s) 'example_branch_dop_operator_v3' retrieved from /home/philip/de_engineering/airflow_projects/airflow1/venv/lib/python3.10/site-packages/airflow/example_dags/example_branch_python_dop_operator_3.py
[2025-03-10T09:23:54.579+0100] {logging_mixin.py:188} INFO - [2025-03-10T09:23:54.579+0100] {dag.py:3036} INFO - Sync 1 DAGs
[2025-03-10T09:23:54.599+0100] {logging_mixin.py:188} INFO - [2025-03-10T09:23:54.599+0100] {dag.py:3823} INFO - Setting next_dagrun for example_branch_dop_operator_v3 to 2025-03-10 08:22:00+00:00, run_after=2025-03-10 08:23:00+00:00
[2025-03-10T09:23:54.614+0100] {processor.py:183} INFO - Processing /home/philip/de_engineering/airflow_projects/airflow1/venv/lib/python3.10/site-packages/airflow/example_dags/example_branch_python_dop_operator_3.py took 0.067 seconds
[2025-03-10T09:24:24.808+0100] {processor.py:161} INFO - Started process (PID=142355) to work on /home/philip/de_engineering/airflow_projects/airflow1/venv/lib/python3.10/site-packages/airflow/example_dags/example_branch_python_dop_operator_3.py
[2025-03-10T09:24:24.809+0100] {processor.py:830} INFO - Processing file /home/philip/de_engineering/airflow_projects/airflow1/venv/lib/python3.10/site-packages/airflow/example_dags/example_branch_python_dop_operator_3.py for tasks to queue
[2025-03-10T09:24:24.810+0100] {logging_mixin.py:188} INFO - [2025-03-10T09:24:24.810+0100] {dagbag.py:538} INFO - Filling up the DagBag from /home/philip/de_engineering/airflow_projects/airflow1/venv/lib/python3.10/site-packages/airflow/example_dags/example_branch_python_dop_operator_3.py
[2025-03-10T09:24:24.818+0100] {processor.py:840} INFO - DAG(s) 'example_branch_dop_operator_v3' retrieved from /home/philip/de_engineering/airflow_projects/airflow1/venv/lib/python3.10/site-packages/airflow/example_dags/example_branch_python_dop_operator_3.py
[2025-03-10T09:24:24.840+0100] {logging_mixin.py:188} INFO - [2025-03-10T09:24:24.840+0100] {dag.py:3036} INFO - Sync 1 DAGs
[2025-03-10T09:24:24.865+0100] {logging_mixin.py:188} INFO - [2025-03-10T09:24:24.865+0100] {dag.py:3823} INFO - Setting next_dagrun for example_branch_dop_operator_v3 to 2025-03-10 08:23:00+00:00, run_after=2025-03-10 08:24:00+00:00
[2025-03-10T09:24:24.883+0100] {processor.py:183} INFO - Processing /home/philip/de_engineering/airflow_projects/airflow1/venv/lib/python3.10/site-packages/airflow/example_dags/example_branch_python_dop_operator_3.py took 0.078 seconds
[2025-03-10T09:24:55.202+0100] {processor.py:161} INFO - Started process (PID=142736) to work on /home/philip/de_engineering/airflow_projects/airflow1/venv/lib/python3.10/site-packages/airflow/example_dags/example_branch_python_dop_operator_3.py
[2025-03-10T09:24:55.203+0100] {processor.py:830} INFO - Processing file /home/philip/de_engineering/airflow_projects/airflow1/venv/lib/python3.10/site-packages/airflow/example_dags/example_branch_python_dop_operator_3.py for tasks to queue
[2025-03-10T09:24:55.204+0100] {logging_mixin.py:188} INFO - [2025-03-10T09:24:55.204+0100] {dagbag.py:538} INFO - Filling up the DagBag from /home/philip/de_engineering/airflow_projects/airflow1/venv/lib/python3.10/site-packages/airflow/example_dags/example_branch_python_dop_operator_3.py
[2025-03-10T09:24:55.211+0100] {processor.py:840} INFO - DAG(s) 'example_branch_dop_operator_v3' retrieved from /home/philip/de_engineering/airflow_projects/airflow1/venv/lib/python3.10/site-packages/airflow/example_dags/example_branch_python_dop_operator_3.py
[2025-03-10T09:24:55.232+0100] {logging_mixin.py:188} INFO - [2025-03-10T09:24:55.232+0100] {dag.py:3036} INFO - Sync 1 DAGs
[2025-03-10T09:24:55.252+0100] {logging_mixin.py:188} INFO - [2025-03-10T09:24:55.252+0100] {dag.py:3823} INFO - Setting next_dagrun for example_branch_dop_operator_v3 to 2025-03-10 08:23:00+00:00, run_after=2025-03-10 08:24:00+00:00
[2025-03-10T09:24:55.266+0100] {processor.py:183} INFO - Processing /home/philip/de_engineering/airflow_projects/airflow1/venv/lib/python3.10/site-packages/airflow/example_dags/example_branch_python_dop_operator_3.py took 0.067 seconds
[2025-03-10T09:25:25.377+0100] {processor.py:161} INFO - Started process (PID=143121) to work on /home/philip/de_engineering/airflow_projects/airflow1/venv/lib/python3.10/site-packages/airflow/example_dags/example_branch_python_dop_operator_3.py
[2025-03-10T09:25:25.378+0100] {processor.py:830} INFO - Processing file /home/philip/de_engineering/airflow_projects/airflow1/venv/lib/python3.10/site-packages/airflow/example_dags/example_branch_python_dop_operator_3.py for tasks to queue
[2025-03-10T09:25:25.379+0100] {logging_mixin.py:188} INFO - [2025-03-10T09:25:25.379+0100] {dagbag.py:538} INFO - Filling up the DagBag from /home/philip/de_engineering/airflow_projects/airflow1/venv/lib/python3.10/site-packages/airflow/example_dags/example_branch_python_dop_operator_3.py
[2025-03-10T09:25:25.388+0100] {processor.py:840} INFO - DAG(s) 'example_branch_dop_operator_v3' retrieved from /home/philip/de_engineering/airflow_projects/airflow1/venv/lib/python3.10/site-packages/airflow/example_dags/example_branch_python_dop_operator_3.py
[2025-03-10T09:25:25.408+0100] {logging_mixin.py:188} INFO - [2025-03-10T09:25:25.408+0100] {dag.py:3036} INFO - Sync 1 DAGs
[2025-03-10T09:25:25.429+0100] {logging_mixin.py:188} INFO - [2025-03-10T09:25:25.429+0100] {dag.py:3823} INFO - Setting next_dagrun for example_branch_dop_operator_v3 to 2025-03-10 08:24:00+00:00, run_after=2025-03-10 08:25:00+00:00
[2025-03-10T09:25:25.444+0100] {processor.py:183} INFO - Processing /home/philip/de_engineering/airflow_projects/airflow1/venv/lib/python3.10/site-packages/airflow/example_dags/example_branch_python_dop_operator_3.py took 0.070 seconds
[2025-03-10T09:25:55.687+0100] {processor.py:161} INFO - Started process (PID=143495) to work on /home/philip/de_engineering/airflow_projects/airflow1/venv/lib/python3.10/site-packages/airflow/example_dags/example_branch_python_dop_operator_3.py
[2025-03-10T09:25:55.688+0100] {processor.py:830} INFO - Processing file /home/philip/de_engineering/airflow_projects/airflow1/venv/lib/python3.10/site-packages/airflow/example_dags/example_branch_python_dop_operator_3.py for tasks to queue
[2025-03-10T09:25:55.689+0100] {logging_mixin.py:188} INFO - [2025-03-10T09:25:55.689+0100] {dagbag.py:538} INFO - Filling up the DagBag from /home/philip/de_engineering/airflow_projects/airflow1/venv/lib/python3.10/site-packages/airflow/example_dags/example_branch_python_dop_operator_3.py
[2025-03-10T09:25:55.696+0100] {processor.py:840} INFO - DAG(s) 'example_branch_dop_operator_v3' retrieved from /home/philip/de_engineering/airflow_projects/airflow1/venv/lib/python3.10/site-packages/airflow/example_dags/example_branch_python_dop_operator_3.py
[2025-03-10T09:25:55.716+0100] {logging_mixin.py:188} INFO - [2025-03-10T09:25:55.716+0100] {dag.py:3036} INFO - Sync 1 DAGs
[2025-03-10T09:25:55.739+0100] {logging_mixin.py:188} INFO - [2025-03-10T09:25:55.738+0100] {dag.py:3823} INFO - Setting next_dagrun for example_branch_dop_operator_v3 to 2025-03-10 08:24:00+00:00, run_after=2025-03-10 08:25:00+00:00
[2025-03-10T09:25:55.756+0100] {processor.py:183} INFO - Processing /home/philip/de_engineering/airflow_projects/airflow1/venv/lib/python3.10/site-packages/airflow/example_dags/example_branch_python_dop_operator_3.py took 0.072 seconds
[2025-03-10T09:26:26.122+0100] {processor.py:161} INFO - Started process (PID=143876) to work on /home/philip/de_engineering/airflow_projects/airflow1/venv/lib/python3.10/site-packages/airflow/example_dags/example_branch_python_dop_operator_3.py
[2025-03-10T09:26:26.123+0100] {processor.py:830} INFO - Processing file /home/philip/de_engineering/airflow_projects/airflow1/venv/lib/python3.10/site-packages/airflow/example_dags/example_branch_python_dop_operator_3.py for tasks to queue
[2025-03-10T09:26:26.123+0100] {logging_mixin.py:188} INFO - [2025-03-10T09:26:26.123+0100] {dagbag.py:538} INFO - Filling up the DagBag from /home/philip/de_engineering/airflow_projects/airflow1/venv/lib/python3.10/site-packages/airflow/example_dags/example_branch_python_dop_operator_3.py
[2025-03-10T09:26:26.130+0100] {processor.py:840} INFO - DAG(s) 'example_branch_dop_operator_v3' retrieved from /home/philip/de_engineering/airflow_projects/airflow1/venv/lib/python3.10/site-packages/airflow/example_dags/example_branch_python_dop_operator_3.py
[2025-03-10T09:26:26.151+0100] {logging_mixin.py:188} INFO - [2025-03-10T09:26:26.151+0100] {dag.py:3036} INFO - Sync 1 DAGs
[2025-03-10T09:26:26.173+0100] {logging_mixin.py:188} INFO - [2025-03-10T09:26:26.173+0100] {dag.py:3823} INFO - Setting next_dagrun for example_branch_dop_operator_v3 to 2025-03-10 08:25:00+00:00, run_after=2025-03-10 08:26:00+00:00
[2025-03-10T09:26:26.190+0100] {processor.py:183} INFO - Processing /home/philip/de_engineering/airflow_projects/airflow1/venv/lib/python3.10/site-packages/airflow/example_dags/example_branch_python_dop_operator_3.py took 0.071 seconds
[2025-03-10T09:26:56.569+0100] {processor.py:161} INFO - Started process (PID=144251) to work on /home/philip/de_engineering/airflow_projects/airflow1/venv/lib/python3.10/site-packages/airflow/example_dags/example_branch_python_dop_operator_3.py
[2025-03-10T09:26:56.571+0100] {processor.py:830} INFO - Processing file /home/philip/de_engineering/airflow_projects/airflow1/venv/lib/python3.10/site-packages/airflow/example_dags/example_branch_python_dop_operator_3.py for tasks to queue
[2025-03-10T09:26:56.571+0100] {logging_mixin.py:188} INFO - [2025-03-10T09:26:56.571+0100] {dagbag.py:538} INFO - Filling up the DagBag from /home/philip/de_engineering/airflow_projects/airflow1/venv/lib/python3.10/site-packages/airflow/example_dags/example_branch_python_dop_operator_3.py
[2025-03-10T09:26:56.579+0100] {processor.py:840} INFO - DAG(s) 'example_branch_dop_operator_v3' retrieved from /home/philip/de_engineering/airflow_projects/airflow1/venv/lib/python3.10/site-packages/airflow/example_dags/example_branch_python_dop_operator_3.py
[2025-03-10T09:26:56.602+0100] {logging_mixin.py:188} INFO - [2025-03-10T09:26:56.601+0100] {dag.py:3036} INFO - Sync 1 DAGs
[2025-03-10T09:26:56.626+0100] {logging_mixin.py:188} INFO - [2025-03-10T09:26:56.626+0100] {dag.py:3823} INFO - Setting next_dagrun for example_branch_dop_operator_v3 to 2025-03-10 08:25:00+00:00, run_after=2025-03-10 08:26:00+00:00
[2025-03-10T09:26:56.644+0100] {processor.py:183} INFO - Processing /home/philip/de_engineering/airflow_projects/airflow1/venv/lib/python3.10/site-packages/airflow/example_dags/example_branch_python_dop_operator_3.py took 0.077 seconds
[2025-03-10T09:27:26.823+0100] {processor.py:161} INFO - Started process (PID=144631) to work on /home/philip/de_engineering/airflow_projects/airflow1/venv/lib/python3.10/site-packages/airflow/example_dags/example_branch_python_dop_operator_3.py
[2025-03-10T09:27:26.823+0100] {processor.py:830} INFO - Processing file /home/philip/de_engineering/airflow_projects/airflow1/venv/lib/python3.10/site-packages/airflow/example_dags/example_branch_python_dop_operator_3.py for tasks to queue
[2025-03-10T09:27:26.824+0100] {logging_mixin.py:188} INFO - [2025-03-10T09:27:26.824+0100] {dagbag.py:538} INFO - Filling up the DagBag from /home/philip/de_engineering/airflow_projects/airflow1/venv/lib/python3.10/site-packages/airflow/example_dags/example_branch_python_dop_operator_3.py
[2025-03-10T09:27:26.831+0100] {processor.py:840} INFO - DAG(s) 'example_branch_dop_operator_v3' retrieved from /home/philip/de_engineering/airflow_projects/airflow1/venv/lib/python3.10/site-packages/airflow/example_dags/example_branch_python_dop_operator_3.py
[2025-03-10T09:27:26.852+0100] {logging_mixin.py:188} INFO - [2025-03-10T09:27:26.852+0100] {dag.py:3036} INFO - Sync 1 DAGs
[2025-03-10T09:27:26.873+0100] {logging_mixin.py:188} INFO - [2025-03-10T09:27:26.873+0100] {dag.py:3823} INFO - Setting next_dagrun for example_branch_dop_operator_v3 to 2025-03-10 08:26:00+00:00, run_after=2025-03-10 08:27:00+00:00
[2025-03-10T09:27:26.888+0100] {processor.py:183} INFO - Processing /home/philip/de_engineering/airflow_projects/airflow1/venv/lib/python3.10/site-packages/airflow/example_dags/example_branch_python_dop_operator_3.py took 0.068 seconds
[2025-03-10T09:27:57.050+0100] {processor.py:161} INFO - Started process (PID=145005) to work on /home/philip/de_engineering/airflow_projects/airflow1/venv/lib/python3.10/site-packages/airflow/example_dags/example_branch_python_dop_operator_3.py
[2025-03-10T09:27:57.052+0100] {processor.py:830} INFO - Processing file /home/philip/de_engineering/airflow_projects/airflow1/venv/lib/python3.10/site-packages/airflow/example_dags/example_branch_python_dop_operator_3.py for tasks to queue
[2025-03-10T09:27:57.053+0100] {logging_mixin.py:188} INFO - [2025-03-10T09:27:57.053+0100] {dagbag.py:538} INFO - Filling up the DagBag from /home/philip/de_engineering/airflow_projects/airflow1/venv/lib/python3.10/site-packages/airflow/example_dags/example_branch_python_dop_operator_3.py
[2025-03-10T09:27:57.060+0100] {processor.py:840} INFO - DAG(s) 'example_branch_dop_operator_v3' retrieved from /home/philip/de_engineering/airflow_projects/airflow1/venv/lib/python3.10/site-packages/airflow/example_dags/example_branch_python_dop_operator_3.py
[2025-03-10T09:27:57.080+0100] {logging_mixin.py:188} INFO - [2025-03-10T09:27:57.080+0100] {dag.py:3036} INFO - Sync 1 DAGs
[2025-03-10T09:27:57.102+0100] {logging_mixin.py:188} INFO - [2025-03-10T09:27:57.102+0100] {dag.py:3823} INFO - Setting next_dagrun for example_branch_dop_operator_v3 to 2025-03-10 08:26:00+00:00, run_after=2025-03-10 08:27:00+00:00
[2025-03-10T09:27:57.120+0100] {processor.py:183} INFO - Processing /home/philip/de_engineering/airflow_projects/airflow1/venv/lib/python3.10/site-packages/airflow/example_dags/example_branch_python_dop_operator_3.py took 0.072 seconds
[2025-03-10T09:28:27.342+0100] {processor.py:161} INFO - Started process (PID=145386) to work on /home/philip/de_engineering/airflow_projects/airflow1/venv/lib/python3.10/site-packages/airflow/example_dags/example_branch_python_dop_operator_3.py
[2025-03-10T09:28:27.343+0100] {processor.py:830} INFO - Processing file /home/philip/de_engineering/airflow_projects/airflow1/venv/lib/python3.10/site-packages/airflow/example_dags/example_branch_python_dop_operator_3.py for tasks to queue
[2025-03-10T09:28:27.344+0100] {logging_mixin.py:188} INFO - [2025-03-10T09:28:27.344+0100] {dagbag.py:538} INFO - Filling up the DagBag from /home/philip/de_engineering/airflow_projects/airflow1/venv/lib/python3.10/site-packages/airflow/example_dags/example_branch_python_dop_operator_3.py
[2025-03-10T09:28:27.351+0100] {processor.py:840} INFO - DAG(s) 'example_branch_dop_operator_v3' retrieved from /home/philip/de_engineering/airflow_projects/airflow1/venv/lib/python3.10/site-packages/airflow/example_dags/example_branch_python_dop_operator_3.py
[2025-03-10T09:28:27.371+0100] {logging_mixin.py:188} INFO - [2025-03-10T09:28:27.371+0100] {dag.py:3036} INFO - Sync 1 DAGs
[2025-03-10T09:28:27.394+0100] {logging_mixin.py:188} INFO - [2025-03-10T09:28:27.393+0100] {dag.py:3823} INFO - Setting next_dagrun for example_branch_dop_operator_v3 to 2025-03-10 08:27:00+00:00, run_after=2025-03-10 08:28:00+00:00
[2025-03-10T09:28:27.408+0100] {processor.py:183} INFO - Processing /home/philip/de_engineering/airflow_projects/airflow1/venv/lib/python3.10/site-packages/airflow/example_dags/example_branch_python_dop_operator_3.py took 0.068 seconds
[2025-03-10T09:28:57.509+0100] {processor.py:161} INFO - Started process (PID=145769) to work on /home/philip/de_engineering/airflow_projects/airflow1/venv/lib/python3.10/site-packages/airflow/example_dags/example_branch_python_dop_operator_3.py
[2025-03-10T09:28:57.510+0100] {processor.py:830} INFO - Processing file /home/philip/de_engineering/airflow_projects/airflow1/venv/lib/python3.10/site-packages/airflow/example_dags/example_branch_python_dop_operator_3.py for tasks to queue
[2025-03-10T09:28:57.511+0100] {logging_mixin.py:188} INFO - [2025-03-10T09:28:57.511+0100] {dagbag.py:538} INFO - Filling up the DagBag from /home/philip/de_engineering/airflow_projects/airflow1/venv/lib/python3.10/site-packages/airflow/example_dags/example_branch_python_dop_operator_3.py
[2025-03-10T09:28:57.518+0100] {processor.py:840} INFO - DAG(s) 'example_branch_dop_operator_v3' retrieved from /home/philip/de_engineering/airflow_projects/airflow1/venv/lib/python3.10/site-packages/airflow/example_dags/example_branch_python_dop_operator_3.py
[2025-03-10T09:28:57.538+0100] {logging_mixin.py:188} INFO - [2025-03-10T09:28:57.538+0100] {dag.py:3036} INFO - Sync 1 DAGs
[2025-03-10T09:28:57.557+0100] {logging_mixin.py:188} INFO - [2025-03-10T09:28:57.557+0100] {dag.py:3823} INFO - Setting next_dagrun for example_branch_dop_operator_v3 to 2025-03-10 08:27:00+00:00, run_after=2025-03-10 08:28:00+00:00
[2025-03-10T09:28:57.572+0100] {processor.py:183} INFO - Processing /home/philip/de_engineering/airflow_projects/airflow1/venv/lib/python3.10/site-packages/airflow/example_dags/example_branch_python_dop_operator_3.py took 0.066 seconds
[2025-03-10T09:29:27.773+0100] {processor.py:161} INFO - Started process (PID=146143) to work on /home/philip/de_engineering/airflow_projects/airflow1/venv/lib/python3.10/site-packages/airflow/example_dags/example_branch_python_dop_operator_3.py
[2025-03-10T09:29:27.774+0100] {processor.py:830} INFO - Processing file /home/philip/de_engineering/airflow_projects/airflow1/venv/lib/python3.10/site-packages/airflow/example_dags/example_branch_python_dop_operator_3.py for tasks to queue
[2025-03-10T09:29:27.774+0100] {logging_mixin.py:188} INFO - [2025-03-10T09:29:27.774+0100] {dagbag.py:538} INFO - Filling up the DagBag from /home/philip/de_engineering/airflow_projects/airflow1/venv/lib/python3.10/site-packages/airflow/example_dags/example_branch_python_dop_operator_3.py
[2025-03-10T09:29:27.782+0100] {processor.py:840} INFO - DAG(s) 'example_branch_dop_operator_v3' retrieved from /home/philip/de_engineering/airflow_projects/airflow1/venv/lib/python3.10/site-packages/airflow/example_dags/example_branch_python_dop_operator_3.py
[2025-03-10T09:29:27.803+0100] {logging_mixin.py:188} INFO - [2025-03-10T09:29:27.803+0100] {dag.py:3036} INFO - Sync 1 DAGs
[2025-03-10T09:29:27.824+0100] {logging_mixin.py:188} INFO - [2025-03-10T09:29:27.823+0100] {dag.py:3823} INFO - Setting next_dagrun for example_branch_dop_operator_v3 to 2025-03-10 08:28:00+00:00, run_after=2025-03-10 08:29:00+00:00
[2025-03-10T09:29:27.838+0100] {processor.py:183} INFO - Processing /home/philip/de_engineering/airflow_projects/airflow1/venv/lib/python3.10/site-packages/airflow/example_dags/example_branch_python_dop_operator_3.py took 0.068 seconds
[2025-03-10T09:29:57.943+0100] {processor.py:161} INFO - Started process (PID=146524) to work on /home/philip/de_engineering/airflow_projects/airflow1/venv/lib/python3.10/site-packages/airflow/example_dags/example_branch_python_dop_operator_3.py
[2025-03-10T09:29:57.944+0100] {processor.py:830} INFO - Processing file /home/philip/de_engineering/airflow_projects/airflow1/venv/lib/python3.10/site-packages/airflow/example_dags/example_branch_python_dop_operator_3.py for tasks to queue
[2025-03-10T09:29:57.945+0100] {logging_mixin.py:188} INFO - [2025-03-10T09:29:57.944+0100] {dagbag.py:538} INFO - Filling up the DagBag from /home/philip/de_engineering/airflow_projects/airflow1/venv/lib/python3.10/site-packages/airflow/example_dags/example_branch_python_dop_operator_3.py
[2025-03-10T09:29:57.952+0100] {processor.py:840} INFO - DAG(s) 'example_branch_dop_operator_v3' retrieved from /home/philip/de_engineering/airflow_projects/airflow1/venv/lib/python3.10/site-packages/airflow/example_dags/example_branch_python_dop_operator_3.py
[2025-03-10T09:29:57.972+0100] {logging_mixin.py:188} INFO - [2025-03-10T09:29:57.972+0100] {dag.py:3036} INFO - Sync 1 DAGs
[2025-03-10T09:29:57.994+0100] {logging_mixin.py:188} INFO - [2025-03-10T09:29:57.993+0100] {dag.py:3823} INFO - Setting next_dagrun for example_branch_dop_operator_v3 to 2025-03-10 08:28:00+00:00, run_after=2025-03-10 08:29:00+00:00
[2025-03-10T09:29:58.009+0100] {processor.py:183} INFO - Processing /home/philip/de_engineering/airflow_projects/airflow1/venv/lib/python3.10/site-packages/airflow/example_dags/example_branch_python_dop_operator_3.py took 0.069 seconds
[2025-03-10T09:30:28.185+0100] {processor.py:161} INFO - Started process (PID=146899) to work on /home/philip/de_engineering/airflow_projects/airflow1/venv/lib/python3.10/site-packages/airflow/example_dags/example_branch_python_dop_operator_3.py
[2025-03-10T09:30:28.186+0100] {processor.py:830} INFO - Processing file /home/philip/de_engineering/airflow_projects/airflow1/venv/lib/python3.10/site-packages/airflow/example_dags/example_branch_python_dop_operator_3.py for tasks to queue
[2025-03-10T09:30:28.186+0100] {logging_mixin.py:188} INFO - [2025-03-10T09:30:28.186+0100] {dagbag.py:538} INFO - Filling up the DagBag from /home/philip/de_engineering/airflow_projects/airflow1/venv/lib/python3.10/site-packages/airflow/example_dags/example_branch_python_dop_operator_3.py
[2025-03-10T09:30:28.194+0100] {processor.py:840} INFO - DAG(s) 'example_branch_dop_operator_v3' retrieved from /home/philip/de_engineering/airflow_projects/airflow1/venv/lib/python3.10/site-packages/airflow/example_dags/example_branch_python_dop_operator_3.py
[2025-03-10T09:30:28.214+0100] {logging_mixin.py:188} INFO - [2025-03-10T09:30:28.213+0100] {dag.py:3036} INFO - Sync 1 DAGs
[2025-03-10T09:30:28.234+0100] {logging_mixin.py:188} INFO - [2025-03-10T09:30:28.234+0100] {dag.py:3823} INFO - Setting next_dagrun for example_branch_dop_operator_v3 to 2025-03-10 08:29:00+00:00, run_after=2025-03-10 08:30:00+00:00
[2025-03-10T09:30:28.250+0100] {processor.py:183} INFO - Processing /home/philip/de_engineering/airflow_projects/airflow1/venv/lib/python3.10/site-packages/airflow/example_dags/example_branch_python_dop_operator_3.py took 0.068 seconds
[2025-03-10T09:30:58.362+0100] {processor.py:161} INFO - Started process (PID=147280) to work on /home/philip/de_engineering/airflow_projects/airflow1/venv/lib/python3.10/site-packages/airflow/example_dags/example_branch_python_dop_operator_3.py
[2025-03-10T09:30:58.363+0100] {processor.py:830} INFO - Processing file /home/philip/de_engineering/airflow_projects/airflow1/venv/lib/python3.10/site-packages/airflow/example_dags/example_branch_python_dop_operator_3.py for tasks to queue
[2025-03-10T09:30:58.363+0100] {logging_mixin.py:188} INFO - [2025-03-10T09:30:58.363+0100] {dagbag.py:538} INFO - Filling up the DagBag from /home/philip/de_engineering/airflow_projects/airflow1/venv/lib/python3.10/site-packages/airflow/example_dags/example_branch_python_dop_operator_3.py
[2025-03-10T09:30:58.371+0100] {processor.py:840} INFO - DAG(s) 'example_branch_dop_operator_v3' retrieved from /home/philip/de_engineering/airflow_projects/airflow1/venv/lib/python3.10/site-packages/airflow/example_dags/example_branch_python_dop_operator_3.py
[2025-03-10T09:30:58.392+0100] {logging_mixin.py:188} INFO - [2025-03-10T09:30:58.392+0100] {dag.py:3036} INFO - Sync 1 DAGs
[2025-03-10T09:30:58.415+0100] {logging_mixin.py:188} INFO - [2025-03-10T09:30:58.414+0100] {dag.py:3823} INFO - Setting next_dagrun for example_branch_dop_operator_v3 to 2025-03-10 08:29:00+00:00, run_after=2025-03-10 08:30:00+00:00
[2025-03-10T09:30:58.431+0100] {processor.py:183} INFO - Processing /home/philip/de_engineering/airflow_projects/airflow1/venv/lib/python3.10/site-packages/airflow/example_dags/example_branch_python_dop_operator_3.py took 0.072 seconds
[2025-03-10T09:31:28.528+0100] {processor.py:161} INFO - Started process (PID=147654) to work on /home/philip/de_engineering/airflow_projects/airflow1/venv/lib/python3.10/site-packages/airflow/example_dags/example_branch_python_dop_operator_3.py
[2025-03-10T09:31:28.529+0100] {processor.py:830} INFO - Processing file /home/philip/de_engineering/airflow_projects/airflow1/venv/lib/python3.10/site-packages/airflow/example_dags/example_branch_python_dop_operator_3.py for tasks to queue
[2025-03-10T09:31:28.530+0100] {logging_mixin.py:188} INFO - [2025-03-10T09:31:28.530+0100] {dagbag.py:538} INFO - Filling up the DagBag from /home/philip/de_engineering/airflow_projects/airflow1/venv/lib/python3.10/site-packages/airflow/example_dags/example_branch_python_dop_operator_3.py
[2025-03-10T09:31:28.537+0100] {processor.py:840} INFO - DAG(s) 'example_branch_dop_operator_v3' retrieved from /home/philip/de_engineering/airflow_projects/airflow1/venv/lib/python3.10/site-packages/airflow/example_dags/example_branch_python_dop_operator_3.py
[2025-03-10T09:31:28.557+0100] {logging_mixin.py:188} INFO - [2025-03-10T09:31:28.557+0100] {dag.py:3036} INFO - Sync 1 DAGs
[2025-03-10T09:31:28.577+0100] {logging_mixin.py:188} INFO - [2025-03-10T09:31:28.576+0100] {dag.py:3823} INFO - Setting next_dagrun for example_branch_dop_operator_v3 to 2025-03-10 08:30:00+00:00, run_after=2025-03-10 08:31:00+00:00
[2025-03-10T09:31:28.590+0100] {processor.py:183} INFO - Processing /home/philip/de_engineering/airflow_projects/airflow1/venv/lib/python3.10/site-packages/airflow/example_dags/example_branch_python_dop_operator_3.py took 0.065 seconds
[2025-03-10T09:31:58.700+0100] {processor.py:161} INFO - Started process (PID=148034) to work on /home/philip/de_engineering/airflow_projects/airflow1/venv/lib/python3.10/site-packages/airflow/example_dags/example_branch_python_dop_operator_3.py
[2025-03-10T09:31:58.701+0100] {processor.py:830} INFO - Processing file /home/philip/de_engineering/airflow_projects/airflow1/venv/lib/python3.10/site-packages/airflow/example_dags/example_branch_python_dop_operator_3.py for tasks to queue
[2025-03-10T09:31:58.702+0100] {logging_mixin.py:188} INFO - [2025-03-10T09:31:58.702+0100] {dagbag.py:538} INFO - Filling up the DagBag from /home/philip/de_engineering/airflow_projects/airflow1/venv/lib/python3.10/site-packages/airflow/example_dags/example_branch_python_dop_operator_3.py
[2025-03-10T09:31:58.709+0100] {processor.py:840} INFO - DAG(s) 'example_branch_dop_operator_v3' retrieved from /home/philip/de_engineering/airflow_projects/airflow1/venv/lib/python3.10/site-packages/airflow/example_dags/example_branch_python_dop_operator_3.py
[2025-03-10T09:31:58.728+0100] {logging_mixin.py:188} INFO - [2025-03-10T09:31:58.728+0100] {dag.py:3036} INFO - Sync 1 DAGs
[2025-03-10T09:31:58.749+0100] {logging_mixin.py:188} INFO - [2025-03-10T09:31:58.748+0100] {dag.py:3823} INFO - Setting next_dagrun for example_branch_dop_operator_v3 to 2025-03-10 08:30:00+00:00, run_after=2025-03-10 08:31:00+00:00
[2025-03-10T09:31:58.764+0100] {processor.py:183} INFO - Processing /home/philip/de_engineering/airflow_projects/airflow1/venv/lib/python3.10/site-packages/airflow/example_dags/example_branch_python_dop_operator_3.py took 0.067 seconds
[2025-03-10T09:32:28.953+0100] {processor.py:161} INFO - Started process (PID=148411) to work on /home/philip/de_engineering/airflow_projects/airflow1/venv/lib/python3.10/site-packages/airflow/example_dags/example_branch_python_dop_operator_3.py
[2025-03-10T09:32:28.954+0100] {processor.py:830} INFO - Processing file /home/philip/de_engineering/airflow_projects/airflow1/venv/lib/python3.10/site-packages/airflow/example_dags/example_branch_python_dop_operator_3.py for tasks to queue
[2025-03-10T09:32:28.955+0100] {logging_mixin.py:188} INFO - [2025-03-10T09:32:28.955+0100] {dagbag.py:538} INFO - Filling up the DagBag from /home/philip/de_engineering/airflow_projects/airflow1/venv/lib/python3.10/site-packages/airflow/example_dags/example_branch_python_dop_operator_3.py
[2025-03-10T09:32:28.963+0100] {processor.py:840} INFO - DAG(s) 'example_branch_dop_operator_v3' retrieved from /home/philip/de_engineering/airflow_projects/airflow1/venv/lib/python3.10/site-packages/airflow/example_dags/example_branch_python_dop_operator_3.py
[2025-03-10T09:32:28.986+0100] {logging_mixin.py:188} INFO - [2025-03-10T09:32:28.986+0100] {dag.py:3036} INFO - Sync 1 DAGs
[2025-03-10T09:32:29.006+0100] {logging_mixin.py:188} INFO - [2025-03-10T09:32:29.006+0100] {dag.py:3823} INFO - Setting next_dagrun for example_branch_dop_operator_v3 to 2025-03-10 08:31:00+00:00, run_after=2025-03-10 08:32:00+00:00
[2025-03-10T09:32:29.021+0100] {processor.py:183} INFO - Processing /home/philip/de_engineering/airflow_projects/airflow1/venv/lib/python3.10/site-packages/airflow/example_dags/example_branch_python_dop_operator_3.py took 0.071 seconds
[2025-03-10T09:32:59.141+0100] {processor.py:161} INFO - Started process (PID=148790) to work on /home/philip/de_engineering/airflow_projects/airflow1/venv/lib/python3.10/site-packages/airflow/example_dags/example_branch_python_dop_operator_3.py
[2025-03-10T09:32:59.143+0100] {processor.py:830} INFO - Processing file /home/philip/de_engineering/airflow_projects/airflow1/venv/lib/python3.10/site-packages/airflow/example_dags/example_branch_python_dop_operator_3.py for tasks to queue
[2025-03-10T09:32:59.144+0100] {logging_mixin.py:188} INFO - [2025-03-10T09:32:59.143+0100] {dagbag.py:538} INFO - Filling up the DagBag from /home/philip/de_engineering/airflow_projects/airflow1/venv/lib/python3.10/site-packages/airflow/example_dags/example_branch_python_dop_operator_3.py
[2025-03-10T09:32:59.151+0100] {processor.py:840} INFO - DAG(s) 'example_branch_dop_operator_v3' retrieved from /home/philip/de_engineering/airflow_projects/airflow1/venv/lib/python3.10/site-packages/airflow/example_dags/example_branch_python_dop_operator_3.py
[2025-03-10T09:32:59.173+0100] {logging_mixin.py:188} INFO - [2025-03-10T09:32:59.173+0100] {dag.py:3036} INFO - Sync 1 DAGs
[2025-03-10T09:32:59.196+0100] {logging_mixin.py:188} INFO - [2025-03-10T09:32:59.196+0100] {dag.py:3823} INFO - Setting next_dagrun for example_branch_dop_operator_v3 to 2025-03-10 08:31:00+00:00, run_after=2025-03-10 08:32:00+00:00
[2025-03-10T09:32:59.215+0100] {processor.py:183} INFO - Processing /home/philip/de_engineering/airflow_projects/airflow1/venv/lib/python3.10/site-packages/airflow/example_dags/example_branch_python_dop_operator_3.py took 0.077 seconds
[2025-03-10T09:33:29.362+0100] {processor.py:161} INFO - Started process (PID=149166) to work on /home/philip/de_engineering/airflow_projects/airflow1/venv/lib/python3.10/site-packages/airflow/example_dags/example_branch_python_dop_operator_3.py
[2025-03-10T09:33:29.362+0100] {processor.py:830} INFO - Processing file /home/philip/de_engineering/airflow_projects/airflow1/venv/lib/python3.10/site-packages/airflow/example_dags/example_branch_python_dop_operator_3.py for tasks to queue
[2025-03-10T09:33:29.363+0100] {logging_mixin.py:188} INFO - [2025-03-10T09:33:29.363+0100] {dagbag.py:538} INFO - Filling up the DagBag from /home/philip/de_engineering/airflow_projects/airflow1/venv/lib/python3.10/site-packages/airflow/example_dags/example_branch_python_dop_operator_3.py
[2025-03-10T09:33:29.370+0100] {processor.py:840} INFO - DAG(s) 'example_branch_dop_operator_v3' retrieved from /home/philip/de_engineering/airflow_projects/airflow1/venv/lib/python3.10/site-packages/airflow/example_dags/example_branch_python_dop_operator_3.py
[2025-03-10T09:33:29.393+0100] {logging_mixin.py:188} INFO - [2025-03-10T09:33:29.393+0100] {dag.py:3036} INFO - Sync 1 DAGs
[2025-03-10T09:33:29.413+0100] {logging_mixin.py:188} INFO - [2025-03-10T09:33:29.413+0100] {dag.py:3823} INFO - Setting next_dagrun for example_branch_dop_operator_v3 to 2025-03-10 08:32:00+00:00, run_after=2025-03-10 08:33:00+00:00
[2025-03-10T09:33:29.428+0100] {processor.py:183} INFO - Processing /home/philip/de_engineering/airflow_projects/airflow1/venv/lib/python3.10/site-packages/airflow/example_dags/example_branch_python_dop_operator_3.py took 0.069 seconds
[2025-03-10T09:33:59.577+0100] {processor.py:161} INFO - Started process (PID=149547) to work on /home/philip/de_engineering/airflow_projects/airflow1/venv/lib/python3.10/site-packages/airflow/example_dags/example_branch_python_dop_operator_3.py
[2025-03-10T09:33:59.579+0100] {processor.py:830} INFO - Processing file /home/philip/de_engineering/airflow_projects/airflow1/venv/lib/python3.10/site-packages/airflow/example_dags/example_branch_python_dop_operator_3.py for tasks to queue
[2025-03-10T09:33:59.579+0100] {logging_mixin.py:188} INFO - [2025-03-10T09:33:59.579+0100] {dagbag.py:538} INFO - Filling up the DagBag from /home/philip/de_engineering/airflow_projects/airflow1/venv/lib/python3.10/site-packages/airflow/example_dags/example_branch_python_dop_operator_3.py
[2025-03-10T09:33:59.587+0100] {processor.py:840} INFO - DAG(s) 'example_branch_dop_operator_v3' retrieved from /home/philip/de_engineering/airflow_projects/airflow1/venv/lib/python3.10/site-packages/airflow/example_dags/example_branch_python_dop_operator_3.py
[2025-03-10T09:33:59.607+0100] {logging_mixin.py:188} INFO - [2025-03-10T09:33:59.607+0100] {dag.py:3036} INFO - Sync 1 DAGs
[2025-03-10T09:33:59.628+0100] {logging_mixin.py:188} INFO - [2025-03-10T09:33:59.628+0100] {dag.py:3823} INFO - Setting next_dagrun for example_branch_dop_operator_v3 to 2025-03-10 08:32:00+00:00, run_after=2025-03-10 08:33:00+00:00
[2025-03-10T09:33:59.642+0100] {processor.py:183} INFO - Processing /home/philip/de_engineering/airflow_projects/airflow1/venv/lib/python3.10/site-packages/airflow/example_dags/example_branch_python_dop_operator_3.py took 0.067 seconds
[2025-03-10T09:34:29.827+0100] {processor.py:161} INFO - Started process (PID=149926) to work on /home/philip/de_engineering/airflow_projects/airflow1/venv/lib/python3.10/site-packages/airflow/example_dags/example_branch_python_dop_operator_3.py
[2025-03-10T09:34:29.828+0100] {processor.py:830} INFO - Processing file /home/philip/de_engineering/airflow_projects/airflow1/venv/lib/python3.10/site-packages/airflow/example_dags/example_branch_python_dop_operator_3.py for tasks to queue
[2025-03-10T09:34:29.829+0100] {logging_mixin.py:188} INFO - [2025-03-10T09:34:29.828+0100] {dagbag.py:538} INFO - Filling up the DagBag from /home/philip/de_engineering/airflow_projects/airflow1/venv/lib/python3.10/site-packages/airflow/example_dags/example_branch_python_dop_operator_3.py
[2025-03-10T09:34:29.836+0100] {processor.py:840} INFO - DAG(s) 'example_branch_dop_operator_v3' retrieved from /home/philip/de_engineering/airflow_projects/airflow1/venv/lib/python3.10/site-packages/airflow/example_dags/example_branch_python_dop_operator_3.py
[2025-03-10T09:34:29.856+0100] {logging_mixin.py:188} INFO - [2025-03-10T09:34:29.856+0100] {dag.py:3036} INFO - Sync 1 DAGs
[2025-03-10T09:34:29.876+0100] {logging_mixin.py:188} INFO - [2025-03-10T09:34:29.875+0100] {dag.py:3823} INFO - Setting next_dagrun for example_branch_dop_operator_v3 to 2025-03-10 08:33:00+00:00, run_after=2025-03-10 08:34:00+00:00
[2025-03-10T09:34:29.890+0100] {processor.py:183} INFO - Processing /home/philip/de_engineering/airflow_projects/airflow1/venv/lib/python3.10/site-packages/airflow/example_dags/example_branch_python_dop_operator_3.py took 0.066 seconds
[2025-03-10T09:35:00.044+0100] {processor.py:161} INFO - Started process (PID=150303) to work on /home/philip/de_engineering/airflow_projects/airflow1/venv/lib/python3.10/site-packages/airflow/example_dags/example_branch_python_dop_operator_3.py
[2025-03-10T09:35:00.046+0100] {processor.py:830} INFO - Processing file /home/philip/de_engineering/airflow_projects/airflow1/venv/lib/python3.10/site-packages/airflow/example_dags/example_branch_python_dop_operator_3.py for tasks to queue
[2025-03-10T09:35:00.046+0100] {logging_mixin.py:188} INFO - [2025-03-10T09:35:00.046+0100] {dagbag.py:538} INFO - Filling up the DagBag from /home/philip/de_engineering/airflow_projects/airflow1/venv/lib/python3.10/site-packages/airflow/example_dags/example_branch_python_dop_operator_3.py
[2025-03-10T09:35:00.056+0100] {processor.py:840} INFO - DAG(s) 'example_branch_dop_operator_v3' retrieved from /home/philip/de_engineering/airflow_projects/airflow1/venv/lib/python3.10/site-packages/airflow/example_dags/example_branch_python_dop_operator_3.py
[2025-03-10T09:35:00.079+0100] {logging_mixin.py:188} INFO - [2025-03-10T09:35:00.079+0100] {dag.py:3036} INFO - Sync 1 DAGs
[2025-03-10T09:35:00.100+0100] {logging_mixin.py:188} INFO - [2025-03-10T09:35:00.100+0100] {dag.py:3823} INFO - Setting next_dagrun for example_branch_dop_operator_v3 to 2025-03-10 08:34:00+00:00, run_after=2025-03-10 08:35:00+00:00
[2025-03-10T09:35:00.115+0100] {processor.py:183} INFO - Processing /home/philip/de_engineering/airflow_projects/airflow1/venv/lib/python3.10/site-packages/airflow/example_dags/example_branch_python_dop_operator_3.py took 0.074 seconds
[2025-03-10T09:35:30.376+0100] {processor.py:161} INFO - Started process (PID=150689) to work on /home/philip/de_engineering/airflow_projects/airflow1/venv/lib/python3.10/site-packages/airflow/example_dags/example_branch_python_dop_operator_3.py
[2025-03-10T09:35:30.377+0100] {processor.py:830} INFO - Processing file /home/philip/de_engineering/airflow_projects/airflow1/venv/lib/python3.10/site-packages/airflow/example_dags/example_branch_python_dop_operator_3.py for tasks to queue
[2025-03-10T09:35:30.377+0100] {logging_mixin.py:188} INFO - [2025-03-10T09:35:30.377+0100] {dagbag.py:538} INFO - Filling up the DagBag from /home/philip/de_engineering/airflow_projects/airflow1/venv/lib/python3.10/site-packages/airflow/example_dags/example_branch_python_dop_operator_3.py
[2025-03-10T09:35:30.384+0100] {processor.py:840} INFO - DAG(s) 'example_branch_dop_operator_v3' retrieved from /home/philip/de_engineering/airflow_projects/airflow1/venv/lib/python3.10/site-packages/airflow/example_dags/example_branch_python_dop_operator_3.py
[2025-03-10T09:35:30.405+0100] {logging_mixin.py:188} INFO - [2025-03-10T09:35:30.404+0100] {dag.py:3036} INFO - Sync 1 DAGs
[2025-03-10T09:35:30.424+0100] {logging_mixin.py:188} INFO - [2025-03-10T09:35:30.424+0100] {dag.py:3823} INFO - Setting next_dagrun for example_branch_dop_operator_v3 to 2025-03-10 08:34:00+00:00, run_after=2025-03-10 08:35:00+00:00
[2025-03-10T09:35:30.438+0100] {processor.py:183} INFO - Processing /home/philip/de_engineering/airflow_projects/airflow1/venv/lib/python3.10/site-packages/airflow/example_dags/example_branch_python_dop_operator_3.py took 0.066 seconds
[2025-03-10T09:36:00.577+0100] {processor.py:161} INFO - Started process (PID=151062) to work on /home/philip/de_engineering/airflow_projects/airflow1/venv/lib/python3.10/site-packages/airflow/example_dags/example_branch_python_dop_operator_3.py
[2025-03-10T09:36:00.579+0100] {processor.py:830} INFO - Processing file /home/philip/de_engineering/airflow_projects/airflow1/venv/lib/python3.10/site-packages/airflow/example_dags/example_branch_python_dop_operator_3.py for tasks to queue
[2025-03-10T09:36:00.580+0100] {logging_mixin.py:188} INFO - [2025-03-10T09:36:00.579+0100] {dagbag.py:538} INFO - Filling up the DagBag from /home/philip/de_engineering/airflow_projects/airflow1/venv/lib/python3.10/site-packages/airflow/example_dags/example_branch_python_dop_operator_3.py
[2025-03-10T09:36:00.587+0100] {processor.py:840} INFO - DAG(s) 'example_branch_dop_operator_v3' retrieved from /home/philip/de_engineering/airflow_projects/airflow1/venv/lib/python3.10/site-packages/airflow/example_dags/example_branch_python_dop_operator_3.py
[2025-03-10T09:36:00.607+0100] {logging_mixin.py:188} INFO - [2025-03-10T09:36:00.607+0100] {dag.py:3036} INFO - Sync 1 DAGs
[2025-03-10T09:36:00.627+0100] {logging_mixin.py:188} INFO - [2025-03-10T09:36:00.627+0100] {dag.py:3823} INFO - Setting next_dagrun for example_branch_dop_operator_v3 to 2025-03-10 08:35:00+00:00, run_after=2025-03-10 08:36:00+00:00
[2025-03-10T09:36:00.642+0100] {processor.py:183} INFO - Processing /home/philip/de_engineering/airflow_projects/airflow1/venv/lib/python3.10/site-packages/airflow/example_dags/example_branch_python_dop_operator_3.py took 0.067 seconds
