[2025-03-10T09:14:26.409+0100] {processor.py:161} INFO - Started process (PID=136923) to work on /home/philip/de_engineering/airflow_projects/airflow1/venv/lib/python3.10/site-packages/airflow/example_dags/example_params_trigger_ui.py
[2025-03-10T09:14:26.410+0100] {processor.py:830} INFO - Processing file /home/philip/de_engineering/airflow_projects/airflow1/venv/lib/python3.10/site-packages/airflow/example_dags/example_params_trigger_ui.py for tasks to queue
[2025-03-10T09:14:26.410+0100] {logging_mixin.py:188} INFO - [2025-03-10T09:14:26.410+0100] {dagbag.py:538} INFO - Filling up the DagBag from /home/philip/de_engineering/airflow_projects/airflow1/venv/lib/python3.10/site-packages/airflow/example_dags/example_params_trigger_ui.py
[2025-03-10T09:14:26.423+0100] {processor.py:840} INFO - DAG(s) 'example_params_trigger_ui' retrieved from /home/philip/de_engineering/airflow_projects/airflow1/venv/lib/python3.10/site-packages/airflow/example_dags/example_params_trigger_ui.py
[2025-03-10T09:14:26.520+0100] {logging_mixin.py:188} INFO - [2025-03-10T09:14:26.519+0100] {override.py:1769} INFO - Created Permission View: can read on DAG:example_params_trigger_ui
[2025-03-10T09:14:26.527+0100] {logging_mixin.py:188} INFO - [2025-03-10T09:14:26.526+0100] {override.py:1769} INFO - Created Permission View: can delete on DAG:example_params_trigger_ui
[2025-03-10T09:14:26.532+0100] {logging_mixin.py:188} INFO - [2025-03-10T09:14:26.531+0100] {override.py:1769} INFO - Created Permission View: can edit on DAG:example_params_trigger_ui
[2025-03-10T09:14:26.532+0100] {logging_mixin.py:188} INFO - [2025-03-10T09:14:26.532+0100] {dag.py:3036} INFO - Sync 1 DAGs
[2025-03-10T09:14:26.540+0100] {logging_mixin.py:188} INFO - [2025-03-10T09:14:26.540+0100] {dag.py:3058} INFO - Creating ORM DAG for example_params_trigger_ui
[2025-03-10T09:14:26.540+0100] {logging_mixin.py:188} INFO - [2025-03-10T09:14:26.540+0100] {dag.py:3823} INFO - Setting next_dagrun for example_params_trigger_ui to None, run_after=None
[2025-03-10T09:14:26.553+0100] {processor.py:183} INFO - Processing /home/philip/de_engineering/airflow_projects/airflow1/venv/lib/python3.10/site-packages/airflow/example_dags/example_params_trigger_ui.py took 0.147 seconds
[2025-03-10T09:14:56.707+0100] {processor.py:161} INFO - Started process (PID=137035) to work on /home/philip/de_engineering/airflow_projects/airflow1/venv/lib/python3.10/site-packages/airflow/example_dags/example_params_trigger_ui.py
[2025-03-10T09:14:56.708+0100] {processor.py:830} INFO - Processing file /home/philip/de_engineering/airflow_projects/airflow1/venv/lib/python3.10/site-packages/airflow/example_dags/example_params_trigger_ui.py for tasks to queue
[2025-03-10T09:14:56.708+0100] {logging_mixin.py:188} INFO - [2025-03-10T09:14:56.708+0100] {dagbag.py:538} INFO - Filling up the DagBag from /home/philip/de_engineering/airflow_projects/airflow1/venv/lib/python3.10/site-packages/airflow/example_dags/example_params_trigger_ui.py
[2025-03-10T09:14:56.720+0100] {processor.py:840} INFO - DAG(s) 'example_params_trigger_ui' retrieved from /home/philip/de_engineering/airflow_projects/airflow1/venv/lib/python3.10/site-packages/airflow/example_dags/example_params_trigger_ui.py
[2025-03-10T09:14:56.759+0100] {logging_mixin.py:188} INFO - [2025-03-10T09:14:56.758+0100] {dag.py:3036} INFO - Sync 1 DAGs
[2025-03-10T09:14:56.769+0100] {logging_mixin.py:188} INFO - [2025-03-10T09:14:56.768+0100] {dag.py:3823} INFO - Setting next_dagrun for example_params_trigger_ui to None, run_after=None
[2025-03-10T09:14:56.784+0100] {processor.py:183} INFO - Processing /home/philip/de_engineering/airflow_projects/airflow1/venv/lib/python3.10/site-packages/airflow/example_dags/example_params_trigger_ui.py took 0.080 seconds
[2025-03-10T09:15:26.877+0100] {processor.py:161} INFO - Started process (PID=137136) to work on /home/philip/de_engineering/airflow_projects/airflow1/venv/lib/python3.10/site-packages/airflow/example_dags/example_params_trigger_ui.py
[2025-03-10T09:15:26.878+0100] {processor.py:830} INFO - Processing file /home/philip/de_engineering/airflow_projects/airflow1/venv/lib/python3.10/site-packages/airflow/example_dags/example_params_trigger_ui.py for tasks to queue
[2025-03-10T09:15:26.879+0100] {logging_mixin.py:188} INFO - [2025-03-10T09:15:26.879+0100] {dagbag.py:538} INFO - Filling up the DagBag from /home/philip/de_engineering/airflow_projects/airflow1/venv/lib/python3.10/site-packages/airflow/example_dags/example_params_trigger_ui.py
[2025-03-10T09:15:26.891+0100] {processor.py:840} INFO - DAG(s) 'example_params_trigger_ui' retrieved from /home/philip/de_engineering/airflow_projects/airflow1/venv/lib/python3.10/site-packages/airflow/example_dags/example_params_trigger_ui.py
[2025-03-10T09:15:26.931+0100] {logging_mixin.py:188} INFO - [2025-03-10T09:15:26.930+0100] {dag.py:3036} INFO - Sync 1 DAGs
[2025-03-10T09:15:26.941+0100] {logging_mixin.py:188} INFO - [2025-03-10T09:15:26.941+0100] {dag.py:3823} INFO - Setting next_dagrun for example_params_trigger_ui to None, run_after=None
[2025-03-10T09:15:26.957+0100] {processor.py:183} INFO - Processing /home/philip/de_engineering/airflow_projects/airflow1/venv/lib/python3.10/site-packages/airflow/example_dags/example_params_trigger_ui.py took 0.083 seconds
[2025-03-10T09:15:57.453+0100] {processor.py:161} INFO - Started process (PID=137237) to work on /home/philip/de_engineering/airflow_projects/airflow1/venv/lib/python3.10/site-packages/airflow/example_dags/example_params_trigger_ui.py
[2025-03-10T09:15:57.455+0100] {processor.py:830} INFO - Processing file /home/philip/de_engineering/airflow_projects/airflow1/venv/lib/python3.10/site-packages/airflow/example_dags/example_params_trigger_ui.py for tasks to queue
[2025-03-10T09:15:57.456+0100] {logging_mixin.py:188} INFO - [2025-03-10T09:15:57.456+0100] {dagbag.py:538} INFO - Filling up the DagBag from /home/philip/de_engineering/airflow_projects/airflow1/venv/lib/python3.10/site-packages/airflow/example_dags/example_params_trigger_ui.py
[2025-03-10T09:15:57.469+0100] {processor.py:840} INFO - DAG(s) 'example_params_trigger_ui' retrieved from /home/philip/de_engineering/airflow_projects/airflow1/venv/lib/python3.10/site-packages/airflow/example_dags/example_params_trigger_ui.py
[2025-03-10T09:15:57.535+0100] {logging_mixin.py:188} INFO - [2025-03-10T09:15:57.535+0100] {dag.py:3036} INFO - Sync 1 DAGs
[2025-03-10T09:15:57.547+0100] {logging_mixin.py:188} INFO - [2025-03-10T09:15:57.546+0100] {dag.py:3823} INFO - Setting next_dagrun for example_params_trigger_ui to None, run_after=None
[2025-03-10T09:15:57.566+0100] {processor.py:183} INFO - Processing /home/philip/de_engineering/airflow_projects/airflow1/venv/lib/python3.10/site-packages/airflow/example_dags/example_params_trigger_ui.py took 0.118 seconds
[2025-03-10T09:16:27.653+0100] {processor.py:161} INFO - Started process (PID=137619) to work on /home/philip/de_engineering/airflow_projects/airflow1/venv/lib/python3.10/site-packages/airflow/example_dags/example_params_trigger_ui.py
[2025-03-10T09:16:27.654+0100] {processor.py:830} INFO - Processing file /home/philip/de_engineering/airflow_projects/airflow1/venv/lib/python3.10/site-packages/airflow/example_dags/example_params_trigger_ui.py for tasks to queue
[2025-03-10T09:16:27.654+0100] {logging_mixin.py:188} INFO - [2025-03-10T09:16:27.654+0100] {dagbag.py:538} INFO - Filling up the DagBag from /home/philip/de_engineering/airflow_projects/airflow1/venv/lib/python3.10/site-packages/airflow/example_dags/example_params_trigger_ui.py
[2025-03-10T09:16:27.666+0100] {processor.py:840} INFO - DAG(s) 'example_params_trigger_ui' retrieved from /home/philip/de_engineering/airflow_projects/airflow1/venv/lib/python3.10/site-packages/airflow/example_dags/example_params_trigger_ui.py
[2025-03-10T09:16:27.708+0100] {logging_mixin.py:188} INFO - [2025-03-10T09:16:27.708+0100] {dag.py:3036} INFO - Sync 1 DAGs
[2025-03-10T09:16:27.717+0100] {logging_mixin.py:188} INFO - [2025-03-10T09:16:27.717+0100] {dag.py:3823} INFO - Setting next_dagrun for example_params_trigger_ui to None, run_after=None
[2025-03-10T09:16:27.732+0100] {processor.py:183} INFO - Processing /home/philip/de_engineering/airflow_projects/airflow1/venv/lib/python3.10/site-packages/airflow/example_dags/example_params_trigger_ui.py took 0.083 seconds
[2025-03-10T09:16:57.895+0100] {processor.py:161} INFO - Started process (PID=137801) to work on /home/philip/de_engineering/airflow_projects/airflow1/venv/lib/python3.10/site-packages/airflow/example_dags/example_params_trigger_ui.py
[2025-03-10T09:16:57.896+0100] {processor.py:830} INFO - Processing file /home/philip/de_engineering/airflow_projects/airflow1/venv/lib/python3.10/site-packages/airflow/example_dags/example_params_trigger_ui.py for tasks to queue
[2025-03-10T09:16:57.897+0100] {logging_mixin.py:188} INFO - [2025-03-10T09:16:57.896+0100] {dagbag.py:538} INFO - Filling up the DagBag from /home/philip/de_engineering/airflow_projects/airflow1/venv/lib/python3.10/site-packages/airflow/example_dags/example_params_trigger_ui.py
[2025-03-10T09:16:57.910+0100] {processor.py:840} INFO - DAG(s) 'example_params_trigger_ui' retrieved from /home/philip/de_engineering/airflow_projects/airflow1/venv/lib/python3.10/site-packages/airflow/example_dags/example_params_trigger_ui.py
[2025-03-10T09:16:57.948+0100] {logging_mixin.py:188} INFO - [2025-03-10T09:16:57.948+0100] {dag.py:3036} INFO - Sync 1 DAGs
[2025-03-10T09:16:57.958+0100] {logging_mixin.py:188} INFO - [2025-03-10T09:16:57.958+0100] {dag.py:3823} INFO - Setting next_dagrun for example_params_trigger_ui to None, run_after=None
[2025-03-10T09:16:57.974+0100] {processor.py:183} INFO - Processing /home/philip/de_engineering/airflow_projects/airflow1/venv/lib/python3.10/site-packages/airflow/example_dags/example_params_trigger_ui.py took 0.082 seconds
[2025-03-10T09:17:28.359+0100] {processor.py:161} INFO - Started process (PID=137994) to work on /home/philip/de_engineering/airflow_projects/airflow1/venv/lib/python3.10/site-packages/airflow/example_dags/example_params_trigger_ui.py
[2025-03-10T09:17:28.361+0100] {processor.py:830} INFO - Processing file /home/philip/de_engineering/airflow_projects/airflow1/venv/lib/python3.10/site-packages/airflow/example_dags/example_params_trigger_ui.py for tasks to queue
[2025-03-10T09:17:28.361+0100] {logging_mixin.py:188} INFO - [2025-03-10T09:17:28.361+0100] {dagbag.py:538} INFO - Filling up the DagBag from /home/philip/de_engineering/airflow_projects/airflow1/venv/lib/python3.10/site-packages/airflow/example_dags/example_params_trigger_ui.py
[2025-03-10T09:17:28.374+0100] {processor.py:840} INFO - DAG(s) 'example_params_trigger_ui' retrieved from /home/philip/de_engineering/airflow_projects/airflow1/venv/lib/python3.10/site-packages/airflow/example_dags/example_params_trigger_ui.py
[2025-03-10T09:17:28.431+0100] {logging_mixin.py:188} INFO - [2025-03-10T09:17:28.431+0100] {dag.py:3036} INFO - Sync 1 DAGs
[2025-03-10T09:17:28.446+0100] {logging_mixin.py:188} INFO - [2025-03-10T09:17:28.446+0100] {dag.py:3823} INFO - Setting next_dagrun for example_params_trigger_ui to None, run_after=None
[2025-03-10T09:17:28.467+0100] {processor.py:183} INFO - Processing /home/philip/de_engineering/airflow_projects/airflow1/venv/lib/python3.10/site-packages/airflow/example_dags/example_params_trigger_ui.py took 0.112 seconds
[2025-03-10T09:19:23.244+0100] {processor.py:161} INFO - Started process (PID=138734) to work on /home/philip/de_engineering/airflow_projects/airflow1/venv/lib/python3.10/site-packages/airflow/example_dags/example_params_trigger_ui.py
[2025-03-10T09:19:23.245+0100] {processor.py:830} INFO - Processing file /home/philip/de_engineering/airflow_projects/airflow1/venv/lib/python3.10/site-packages/airflow/example_dags/example_params_trigger_ui.py for tasks to queue
[2025-03-10T09:19:23.246+0100] {logging_mixin.py:188} INFO - [2025-03-10T09:19:23.246+0100] {dagbag.py:538} INFO - Filling up the DagBag from /home/philip/de_engineering/airflow_projects/airflow1/venv/lib/python3.10/site-packages/airflow/example_dags/example_params_trigger_ui.py
[2025-03-10T09:19:23.259+0100] {processor.py:840} INFO - DAG(s) 'example_params_trigger_ui' retrieved from /home/philip/de_engineering/airflow_projects/airflow1/venv/lib/python3.10/site-packages/airflow/example_dags/example_params_trigger_ui.py
[2025-03-10T09:19:23.375+0100] {logging_mixin.py:188} INFO - [2025-03-10T09:19:23.375+0100] {dag.py:3036} INFO - Sync 1 DAGs
[2025-03-10T09:19:23.387+0100] {logging_mixin.py:188} INFO - [2025-03-10T09:19:23.386+0100] {dag.py:3823} INFO - Setting next_dagrun for example_params_trigger_ui to None, run_after=None
[2025-03-10T09:19:23.407+0100] {processor.py:183} INFO - Processing /home/philip/de_engineering/airflow_projects/airflow1/venv/lib/python3.10/site-packages/airflow/example_dags/example_params_trigger_ui.py took 0.165 seconds
[2025-03-10T09:19:53.902+0100] {processor.py:161} INFO - Started process (PID=139073) to work on /home/philip/de_engineering/airflow_projects/airflow1/venv/lib/python3.10/site-packages/airflow/example_dags/example_params_trigger_ui.py
[2025-03-10T09:19:53.903+0100] {processor.py:830} INFO - Processing file /home/philip/de_engineering/airflow_projects/airflow1/venv/lib/python3.10/site-packages/airflow/example_dags/example_params_trigger_ui.py for tasks to queue
[2025-03-10T09:19:53.904+0100] {logging_mixin.py:188} INFO - [2025-03-10T09:19:53.904+0100] {dagbag.py:538} INFO - Filling up the DagBag from /home/philip/de_engineering/airflow_projects/airflow1/venv/lib/python3.10/site-packages/airflow/example_dags/example_params_trigger_ui.py
[2025-03-10T09:19:53.915+0100] {processor.py:840} INFO - DAG(s) 'example_params_trigger_ui' retrieved from /home/philip/de_engineering/airflow_projects/airflow1/venv/lib/python3.10/site-packages/airflow/example_dags/example_params_trigger_ui.py
[2025-03-10T09:19:53.956+0100] {logging_mixin.py:188} INFO - [2025-03-10T09:19:53.956+0100] {dag.py:3036} INFO - Sync 1 DAGs
[2025-03-10T09:19:53.967+0100] {logging_mixin.py:188} INFO - [2025-03-10T09:19:53.966+0100] {dag.py:3823} INFO - Setting next_dagrun for example_params_trigger_ui to None, run_after=None
[2025-03-10T09:19:53.983+0100] {processor.py:183} INFO - Processing /home/philip/de_engineering/airflow_projects/airflow1/venv/lib/python3.10/site-packages/airflow/example_dags/example_params_trigger_ui.py took 0.083 seconds
[2025-03-10T09:20:24.388+0100] {processor.py:161} INFO - Started process (PID=139454) to work on /home/philip/de_engineering/airflow_projects/airflow1/venv/lib/python3.10/site-packages/airflow/example_dags/example_params_trigger_ui.py
[2025-03-10T09:20:24.389+0100] {processor.py:830} INFO - Processing file /home/philip/de_engineering/airflow_projects/airflow1/venv/lib/python3.10/site-packages/airflow/example_dags/example_params_trigger_ui.py for tasks to queue
[2025-03-10T09:20:24.390+0100] {logging_mixin.py:188} INFO - [2025-03-10T09:20:24.390+0100] {dagbag.py:538} INFO - Filling up the DagBag from /home/philip/de_engineering/airflow_projects/airflow1/venv/lib/python3.10/site-packages/airflow/example_dags/example_params_trigger_ui.py
[2025-03-10T09:20:24.404+0100] {processor.py:840} INFO - DAG(s) 'example_params_trigger_ui' retrieved from /home/philip/de_engineering/airflow_projects/airflow1/venv/lib/python3.10/site-packages/airflow/example_dags/example_params_trigger_ui.py
[2025-03-10T09:20:24.450+0100] {logging_mixin.py:188} INFO - [2025-03-10T09:20:24.449+0100] {dag.py:3036} INFO - Sync 1 DAGs
[2025-03-10T09:20:24.460+0100] {logging_mixin.py:188} INFO - [2025-03-10T09:20:24.460+0100] {dag.py:3823} INFO - Setting next_dagrun for example_params_trigger_ui to None, run_after=None
[2025-03-10T09:20:24.476+0100] {processor.py:183} INFO - Processing /home/philip/de_engineering/airflow_projects/airflow1/venv/lib/python3.10/site-packages/airflow/example_dags/example_params_trigger_ui.py took 0.091 seconds
[2025-03-10T09:20:54.831+0100] {processor.py:161} INFO - Started process (PID=139829) to work on /home/philip/de_engineering/airflow_projects/airflow1/venv/lib/python3.10/site-packages/airflow/example_dags/example_params_trigger_ui.py
[2025-03-10T09:20:54.833+0100] {processor.py:830} INFO - Processing file /home/philip/de_engineering/airflow_projects/airflow1/venv/lib/python3.10/site-packages/airflow/example_dags/example_params_trigger_ui.py for tasks to queue
[2025-03-10T09:20:54.834+0100] {logging_mixin.py:188} INFO - [2025-03-10T09:20:54.833+0100] {dagbag.py:538} INFO - Filling up the DagBag from /home/philip/de_engineering/airflow_projects/airflow1/venv/lib/python3.10/site-packages/airflow/example_dags/example_params_trigger_ui.py
[2025-03-10T09:20:54.846+0100] {processor.py:840} INFO - DAG(s) 'example_params_trigger_ui' retrieved from /home/philip/de_engineering/airflow_projects/airflow1/venv/lib/python3.10/site-packages/airflow/example_dags/example_params_trigger_ui.py
[2025-03-10T09:20:54.892+0100] {logging_mixin.py:188} INFO - [2025-03-10T09:20:54.892+0100] {dag.py:3036} INFO - Sync 1 DAGs
[2025-03-10T09:20:54.903+0100] {logging_mixin.py:188} INFO - [2025-03-10T09:20:54.903+0100] {dag.py:3823} INFO - Setting next_dagrun for example_params_trigger_ui to None, run_after=None
[2025-03-10T09:20:54.918+0100] {processor.py:183} INFO - Processing /home/philip/de_engineering/airflow_projects/airflow1/venv/lib/python3.10/site-packages/airflow/example_dags/example_params_trigger_ui.py took 0.090 seconds
[2025-03-10T09:21:25.183+0100] {processor.py:161} INFO - Started process (PID=140211) to work on /home/philip/de_engineering/airflow_projects/airflow1/venv/lib/python3.10/site-packages/airflow/example_dags/example_params_trigger_ui.py
[2025-03-10T09:21:25.184+0100] {processor.py:830} INFO - Processing file /home/philip/de_engineering/airflow_projects/airflow1/venv/lib/python3.10/site-packages/airflow/example_dags/example_params_trigger_ui.py for tasks to queue
[2025-03-10T09:21:25.184+0100] {logging_mixin.py:188} INFO - [2025-03-10T09:21:25.184+0100] {dagbag.py:538} INFO - Filling up the DagBag from /home/philip/de_engineering/airflow_projects/airflow1/venv/lib/python3.10/site-packages/airflow/example_dags/example_params_trigger_ui.py
[2025-03-10T09:21:25.196+0100] {processor.py:840} INFO - DAG(s) 'example_params_trigger_ui' retrieved from /home/philip/de_engineering/airflow_projects/airflow1/venv/lib/python3.10/site-packages/airflow/example_dags/example_params_trigger_ui.py
[2025-03-10T09:21:25.234+0100] {logging_mixin.py:188} INFO - [2025-03-10T09:21:25.234+0100] {dag.py:3036} INFO - Sync 1 DAGs
[2025-03-10T09:21:25.245+0100] {logging_mixin.py:188} INFO - [2025-03-10T09:21:25.244+0100] {dag.py:3823} INFO - Setting next_dagrun for example_params_trigger_ui to None, run_after=None
[2025-03-10T09:21:25.261+0100] {processor.py:183} INFO - Processing /home/philip/de_engineering/airflow_projects/airflow1/venv/lib/python3.10/site-packages/airflow/example_dags/example_params_trigger_ui.py took 0.082 seconds
[2025-03-10T09:21:55.378+0100] {processor.py:161} INFO - Started process (PID=140593) to work on /home/philip/de_engineering/airflow_projects/airflow1/venv/lib/python3.10/site-packages/airflow/example_dags/example_params_trigger_ui.py
[2025-03-10T09:21:55.380+0100] {processor.py:830} INFO - Processing file /home/philip/de_engineering/airflow_projects/airflow1/venv/lib/python3.10/site-packages/airflow/example_dags/example_params_trigger_ui.py for tasks to queue
[2025-03-10T09:21:55.381+0100] {logging_mixin.py:188} INFO - [2025-03-10T09:21:55.380+0100] {dagbag.py:538} INFO - Filling up the DagBag from /home/philip/de_engineering/airflow_projects/airflow1/venv/lib/python3.10/site-packages/airflow/example_dags/example_params_trigger_ui.py
[2025-03-10T09:21:55.396+0100] {processor.py:840} INFO - DAG(s) 'example_params_trigger_ui' retrieved from /home/philip/de_engineering/airflow_projects/airflow1/venv/lib/python3.10/site-packages/airflow/example_dags/example_params_trigger_ui.py
[2025-03-10T09:21:55.438+0100] {logging_mixin.py:188} INFO - [2025-03-10T09:21:55.437+0100] {dag.py:3036} INFO - Sync 1 DAGs
[2025-03-10T09:21:55.449+0100] {logging_mixin.py:188} INFO - [2025-03-10T09:21:55.449+0100] {dag.py:3823} INFO - Setting next_dagrun for example_params_trigger_ui to None, run_after=None
[2025-03-10T09:21:55.466+0100] {processor.py:183} INFO - Processing /home/philip/de_engineering/airflow_projects/airflow1/venv/lib/python3.10/site-packages/airflow/example_dags/example_params_trigger_ui.py took 0.092 seconds
[2025-03-10T09:22:25.588+0100] {processor.py:161} INFO - Started process (PID=140968) to work on /home/philip/de_engineering/airflow_projects/airflow1/venv/lib/python3.10/site-packages/airflow/example_dags/example_params_trigger_ui.py
[2025-03-10T09:22:25.589+0100] {processor.py:830} INFO - Processing file /home/philip/de_engineering/airflow_projects/airflow1/venv/lib/python3.10/site-packages/airflow/example_dags/example_params_trigger_ui.py for tasks to queue
[2025-03-10T09:22:25.590+0100] {logging_mixin.py:188} INFO - [2025-03-10T09:22:25.590+0100] {dagbag.py:538} INFO - Filling up the DagBag from /home/philip/de_engineering/airflow_projects/airflow1/venv/lib/python3.10/site-packages/airflow/example_dags/example_params_trigger_ui.py
[2025-03-10T09:22:25.602+0100] {processor.py:840} INFO - DAG(s) 'example_params_trigger_ui' retrieved from /home/philip/de_engineering/airflow_projects/airflow1/venv/lib/python3.10/site-packages/airflow/example_dags/example_params_trigger_ui.py
[2025-03-10T09:22:25.640+0100] {logging_mixin.py:188} INFO - [2025-03-10T09:22:25.639+0100] {dag.py:3036} INFO - Sync 1 DAGs
[2025-03-10T09:22:25.651+0100] {logging_mixin.py:188} INFO - [2025-03-10T09:22:25.651+0100] {dag.py:3823} INFO - Setting next_dagrun for example_params_trigger_ui to None, run_after=None
[2025-03-10T09:22:25.673+0100] {processor.py:183} INFO - Processing /home/philip/de_engineering/airflow_projects/airflow1/venv/lib/python3.10/site-packages/airflow/example_dags/example_params_trigger_ui.py took 0.088 seconds
[2025-03-10T09:22:55.823+0100] {processor.py:161} INFO - Started process (PID=141350) to work on /home/philip/de_engineering/airflow_projects/airflow1/venv/lib/python3.10/site-packages/airflow/example_dags/example_params_trigger_ui.py
[2025-03-10T09:22:55.824+0100] {processor.py:830} INFO - Processing file /home/philip/de_engineering/airflow_projects/airflow1/venv/lib/python3.10/site-packages/airflow/example_dags/example_params_trigger_ui.py for tasks to queue
[2025-03-10T09:22:55.825+0100] {logging_mixin.py:188} INFO - [2025-03-10T09:22:55.825+0100] {dagbag.py:538} INFO - Filling up the DagBag from /home/philip/de_engineering/airflow_projects/airflow1/venv/lib/python3.10/site-packages/airflow/example_dags/example_params_trigger_ui.py
[2025-03-10T09:22:55.838+0100] {processor.py:840} INFO - DAG(s) 'example_params_trigger_ui' retrieved from /home/philip/de_engineering/airflow_projects/airflow1/venv/lib/python3.10/site-packages/airflow/example_dags/example_params_trigger_ui.py
[2025-03-10T09:22:55.884+0100] {logging_mixin.py:188} INFO - [2025-03-10T09:22:55.883+0100] {dag.py:3036} INFO - Sync 1 DAGs
[2025-03-10T09:22:55.897+0100] {logging_mixin.py:188} INFO - [2025-03-10T09:22:55.896+0100] {dag.py:3823} INFO - Setting next_dagrun for example_params_trigger_ui to None, run_after=None
[2025-03-10T09:22:55.912+0100] {processor.py:183} INFO - Processing /home/philip/de_engineering/airflow_projects/airflow1/venv/lib/python3.10/site-packages/airflow/example_dags/example_params_trigger_ui.py took 0.092 seconds
[2025-03-10T09:23:26.191+0100] {processor.py:161} INFO - Started process (PID=141727) to work on /home/philip/de_engineering/airflow_projects/airflow1/venv/lib/python3.10/site-packages/airflow/example_dags/example_params_trigger_ui.py
[2025-03-10T09:23:26.193+0100] {processor.py:830} INFO - Processing file /home/philip/de_engineering/airflow_projects/airflow1/venv/lib/python3.10/site-packages/airflow/example_dags/example_params_trigger_ui.py for tasks to queue
[2025-03-10T09:23:26.193+0100] {logging_mixin.py:188} INFO - [2025-03-10T09:23:26.193+0100] {dagbag.py:538} INFO - Filling up the DagBag from /home/philip/de_engineering/airflow_projects/airflow1/venv/lib/python3.10/site-packages/airflow/example_dags/example_params_trigger_ui.py
[2025-03-10T09:23:26.206+0100] {processor.py:840} INFO - DAG(s) 'example_params_trigger_ui' retrieved from /home/philip/de_engineering/airflow_projects/airflow1/venv/lib/python3.10/site-packages/airflow/example_dags/example_params_trigger_ui.py
[2025-03-10T09:23:26.247+0100] {logging_mixin.py:188} INFO - [2025-03-10T09:23:26.247+0100] {dag.py:3036} INFO - Sync 1 DAGs
[2025-03-10T09:23:26.258+0100] {logging_mixin.py:188} INFO - [2025-03-10T09:23:26.258+0100] {dag.py:3823} INFO - Setting next_dagrun for example_params_trigger_ui to None, run_after=None
[2025-03-10T09:23:26.275+0100] {processor.py:183} INFO - Processing /home/philip/de_engineering/airflow_projects/airflow1/venv/lib/python3.10/site-packages/airflow/example_dags/example_params_trigger_ui.py took 0.087 seconds
[2025-03-10T09:23:56.528+0100] {processor.py:161} INFO - Started process (PID=142107) to work on /home/philip/de_engineering/airflow_projects/airflow1/venv/lib/python3.10/site-packages/airflow/example_dags/example_params_trigger_ui.py
[2025-03-10T09:23:56.529+0100] {processor.py:830} INFO - Processing file /home/philip/de_engineering/airflow_projects/airflow1/venv/lib/python3.10/site-packages/airflow/example_dags/example_params_trigger_ui.py for tasks to queue
[2025-03-10T09:23:56.530+0100] {logging_mixin.py:188} INFO - [2025-03-10T09:23:56.530+0100] {dagbag.py:538} INFO - Filling up the DagBag from /home/philip/de_engineering/airflow_projects/airflow1/venv/lib/python3.10/site-packages/airflow/example_dags/example_params_trigger_ui.py
[2025-03-10T09:23:56.544+0100] {processor.py:840} INFO - DAG(s) 'example_params_trigger_ui' retrieved from /home/philip/de_engineering/airflow_projects/airflow1/venv/lib/python3.10/site-packages/airflow/example_dags/example_params_trigger_ui.py
[2025-03-10T09:23:56.584+0100] {logging_mixin.py:188} INFO - [2025-03-10T09:23:56.584+0100] {dag.py:3036} INFO - Sync 1 DAGs
[2025-03-10T09:23:56.594+0100] {logging_mixin.py:188} INFO - [2025-03-10T09:23:56.594+0100] {dag.py:3823} INFO - Setting next_dagrun for example_params_trigger_ui to None, run_after=None
[2025-03-10T09:23:56.609+0100] {processor.py:183} INFO - Processing /home/philip/de_engineering/airflow_projects/airflow1/venv/lib/python3.10/site-packages/airflow/example_dags/example_params_trigger_ui.py took 0.085 seconds
[2025-03-10T09:24:26.926+0100] {processor.py:161} INFO - Started process (PID=142481) to work on /home/philip/de_engineering/airflow_projects/airflow1/venv/lib/python3.10/site-packages/airflow/example_dags/example_params_trigger_ui.py
[2025-03-10T09:24:26.928+0100] {processor.py:830} INFO - Processing file /home/philip/de_engineering/airflow_projects/airflow1/venv/lib/python3.10/site-packages/airflow/example_dags/example_params_trigger_ui.py for tasks to queue
[2025-03-10T09:24:26.928+0100] {logging_mixin.py:188} INFO - [2025-03-10T09:24:26.928+0100] {dagbag.py:538} INFO - Filling up the DagBag from /home/philip/de_engineering/airflow_projects/airflow1/venv/lib/python3.10/site-packages/airflow/example_dags/example_params_trigger_ui.py
[2025-03-10T09:24:26.940+0100] {processor.py:840} INFO - DAG(s) 'example_params_trigger_ui' retrieved from /home/philip/de_engineering/airflow_projects/airflow1/venv/lib/python3.10/site-packages/airflow/example_dags/example_params_trigger_ui.py
[2025-03-10T09:24:26.983+0100] {logging_mixin.py:188} INFO - [2025-03-10T09:24:26.983+0100] {dag.py:3036} INFO - Sync 1 DAGs
[2025-03-10T09:24:26.994+0100] {logging_mixin.py:188} INFO - [2025-03-10T09:24:26.994+0100] {dag.py:3823} INFO - Setting next_dagrun for example_params_trigger_ui to None, run_after=None
[2025-03-10T09:24:27.010+0100] {processor.py:183} INFO - Processing /home/philip/de_engineering/airflow_projects/airflow1/venv/lib/python3.10/site-packages/airflow/example_dags/example_params_trigger_ui.py took 0.086 seconds
[2025-03-10T09:24:57.151+0100] {processor.py:161} INFO - Started process (PID=142862) to work on /home/philip/de_engineering/airflow_projects/airflow1/venv/lib/python3.10/site-packages/airflow/example_dags/example_params_trigger_ui.py
[2025-03-10T09:24:57.152+0100] {processor.py:830} INFO - Processing file /home/philip/de_engineering/airflow_projects/airflow1/venv/lib/python3.10/site-packages/airflow/example_dags/example_params_trigger_ui.py for tasks to queue
[2025-03-10T09:24:57.153+0100] {logging_mixin.py:188} INFO - [2025-03-10T09:24:57.152+0100] {dagbag.py:538} INFO - Filling up the DagBag from /home/philip/de_engineering/airflow_projects/airflow1/venv/lib/python3.10/site-packages/airflow/example_dags/example_params_trigger_ui.py
[2025-03-10T09:24:57.164+0100] {processor.py:840} INFO - DAG(s) 'example_params_trigger_ui' retrieved from /home/philip/de_engineering/airflow_projects/airflow1/venv/lib/python3.10/site-packages/airflow/example_dags/example_params_trigger_ui.py
[2025-03-10T09:24:57.202+0100] {logging_mixin.py:188} INFO - [2025-03-10T09:24:57.202+0100] {dag.py:3036} INFO - Sync 1 DAGs
[2025-03-10T09:24:57.211+0100] {logging_mixin.py:188} INFO - [2025-03-10T09:24:57.211+0100] {dag.py:3823} INFO - Setting next_dagrun for example_params_trigger_ui to None, run_after=None
[2025-03-10T09:24:57.225+0100] {processor.py:183} INFO - Processing /home/philip/de_engineering/airflow_projects/airflow1/venv/lib/python3.10/site-packages/airflow/example_dags/example_params_trigger_ui.py took 0.077 seconds
[2025-03-10T09:25:27.436+0100] {processor.py:161} INFO - Started process (PID=143249) to work on /home/philip/de_engineering/airflow_projects/airflow1/venv/lib/python3.10/site-packages/airflow/example_dags/example_params_trigger_ui.py
[2025-03-10T09:25:27.437+0100] {processor.py:830} INFO - Processing file /home/philip/de_engineering/airflow_projects/airflow1/venv/lib/python3.10/site-packages/airflow/example_dags/example_params_trigger_ui.py for tasks to queue
[2025-03-10T09:25:27.438+0100] {logging_mixin.py:188} INFO - [2025-03-10T09:25:27.437+0100] {dagbag.py:538} INFO - Filling up the DagBag from /home/philip/de_engineering/airflow_projects/airflow1/venv/lib/python3.10/site-packages/airflow/example_dags/example_params_trigger_ui.py
[2025-03-10T09:25:27.449+0100] {processor.py:840} INFO - DAG(s) 'example_params_trigger_ui' retrieved from /home/philip/de_engineering/airflow_projects/airflow1/venv/lib/python3.10/site-packages/airflow/example_dags/example_params_trigger_ui.py
[2025-03-10T09:25:27.486+0100] {logging_mixin.py:188} INFO - [2025-03-10T09:25:27.486+0100] {dag.py:3036} INFO - Sync 1 DAGs
[2025-03-10T09:25:27.495+0100] {logging_mixin.py:188} INFO - [2025-03-10T09:25:27.495+0100] {dag.py:3823} INFO - Setting next_dagrun for example_params_trigger_ui to None, run_after=None
[2025-03-10T09:25:27.511+0100] {processor.py:183} INFO - Processing /home/philip/de_engineering/airflow_projects/airflow1/venv/lib/python3.10/site-packages/airflow/example_dags/example_params_trigger_ui.py took 0.078 seconds
[2025-03-10T09:25:57.876+0100] {processor.py:161} INFO - Started process (PID=143622) to work on /home/philip/de_engineering/airflow_projects/airflow1/venv/lib/python3.10/site-packages/airflow/example_dags/example_params_trigger_ui.py
[2025-03-10T09:25:57.877+0100] {processor.py:830} INFO - Processing file /home/philip/de_engineering/airflow_projects/airflow1/venv/lib/python3.10/site-packages/airflow/example_dags/example_params_trigger_ui.py for tasks to queue
[2025-03-10T09:25:57.878+0100] {logging_mixin.py:188} INFO - [2025-03-10T09:25:57.878+0100] {dagbag.py:538} INFO - Filling up the DagBag from /home/philip/de_engineering/airflow_projects/airflow1/venv/lib/python3.10/site-packages/airflow/example_dags/example_params_trigger_ui.py
[2025-03-10T09:25:57.890+0100] {processor.py:840} INFO - DAG(s) 'example_params_trigger_ui' retrieved from /home/philip/de_engineering/airflow_projects/airflow1/venv/lib/python3.10/site-packages/airflow/example_dags/example_params_trigger_ui.py
[2025-03-10T09:25:57.929+0100] {logging_mixin.py:188} INFO - [2025-03-10T09:25:57.928+0100] {dag.py:3036} INFO - Sync 1 DAGs
[2025-03-10T09:25:57.939+0100] {logging_mixin.py:188} INFO - [2025-03-10T09:25:57.939+0100] {dag.py:3823} INFO - Setting next_dagrun for example_params_trigger_ui to None, run_after=None
[2025-03-10T09:25:57.958+0100] {processor.py:183} INFO - Processing /home/philip/de_engineering/airflow_projects/airflow1/venv/lib/python3.10/site-packages/airflow/example_dags/example_params_trigger_ui.py took 0.085 seconds
[2025-03-10T09:26:28.276+0100] {processor.py:161} INFO - Started process (PID=144002) to work on /home/philip/de_engineering/airflow_projects/airflow1/venv/lib/python3.10/site-packages/airflow/example_dags/example_params_trigger_ui.py
[2025-03-10T09:26:28.278+0100] {processor.py:830} INFO - Processing file /home/philip/de_engineering/airflow_projects/airflow1/venv/lib/python3.10/site-packages/airflow/example_dags/example_params_trigger_ui.py for tasks to queue
[2025-03-10T09:26:28.278+0100] {logging_mixin.py:188} INFO - [2025-03-10T09:26:28.278+0100] {dagbag.py:538} INFO - Filling up the DagBag from /home/philip/de_engineering/airflow_projects/airflow1/venv/lib/python3.10/site-packages/airflow/example_dags/example_params_trigger_ui.py
[2025-03-10T09:26:28.292+0100] {processor.py:840} INFO - DAG(s) 'example_params_trigger_ui' retrieved from /home/philip/de_engineering/airflow_projects/airflow1/venv/lib/python3.10/site-packages/airflow/example_dags/example_params_trigger_ui.py
[2025-03-10T09:26:28.338+0100] {logging_mixin.py:188} INFO - [2025-03-10T09:26:28.337+0100] {dag.py:3036} INFO - Sync 1 DAGs
[2025-03-10T09:26:28.347+0100] {logging_mixin.py:188} INFO - [2025-03-10T09:26:28.347+0100] {dag.py:3823} INFO - Setting next_dagrun for example_params_trigger_ui to None, run_after=None
[2025-03-10T09:26:28.369+0100] {processor.py:183} INFO - Processing /home/philip/de_engineering/airflow_projects/airflow1/venv/lib/python3.10/site-packages/airflow/example_dags/example_params_trigger_ui.py took 0.096 seconds
[2025-03-10T09:26:58.497+0100] {processor.py:161} INFO - Started process (PID=144377) to work on /home/philip/de_engineering/airflow_projects/airflow1/venv/lib/python3.10/site-packages/airflow/example_dags/example_params_trigger_ui.py
[2025-03-10T09:26:58.498+0100] {processor.py:830} INFO - Processing file /home/philip/de_engineering/airflow_projects/airflow1/venv/lib/python3.10/site-packages/airflow/example_dags/example_params_trigger_ui.py for tasks to queue
[2025-03-10T09:26:58.499+0100] {logging_mixin.py:188} INFO - [2025-03-10T09:26:58.499+0100] {dagbag.py:538} INFO - Filling up the DagBag from /home/philip/de_engineering/airflow_projects/airflow1/venv/lib/python3.10/site-packages/airflow/example_dags/example_params_trigger_ui.py
[2025-03-10T09:26:58.511+0100] {processor.py:840} INFO - DAG(s) 'example_params_trigger_ui' retrieved from /home/philip/de_engineering/airflow_projects/airflow1/venv/lib/python3.10/site-packages/airflow/example_dags/example_params_trigger_ui.py
[2025-03-10T09:26:58.556+0100] {logging_mixin.py:188} INFO - [2025-03-10T09:26:58.556+0100] {dag.py:3036} INFO - Sync 1 DAGs
[2025-03-10T09:26:58.567+0100] {logging_mixin.py:188} INFO - [2025-03-10T09:26:58.566+0100] {dag.py:3823} INFO - Setting next_dagrun for example_params_trigger_ui to None, run_after=None
[2025-03-10T09:26:58.582+0100] {processor.py:183} INFO - Processing /home/philip/de_engineering/airflow_projects/airflow1/venv/lib/python3.10/site-packages/airflow/example_dags/example_params_trigger_ui.py took 0.088 seconds
[2025-03-10T09:27:28.755+0100] {processor.py:161} INFO - Started process (PID=144757) to work on /home/philip/de_engineering/airflow_projects/airflow1/venv/lib/python3.10/site-packages/airflow/example_dags/example_params_trigger_ui.py
[2025-03-10T09:27:28.756+0100] {processor.py:830} INFO - Processing file /home/philip/de_engineering/airflow_projects/airflow1/venv/lib/python3.10/site-packages/airflow/example_dags/example_params_trigger_ui.py for tasks to queue
[2025-03-10T09:27:28.756+0100] {logging_mixin.py:188} INFO - [2025-03-10T09:27:28.756+0100] {dagbag.py:538} INFO - Filling up the DagBag from /home/philip/de_engineering/airflow_projects/airflow1/venv/lib/python3.10/site-packages/airflow/example_dags/example_params_trigger_ui.py
[2025-03-10T09:27:28.767+0100] {processor.py:840} INFO - DAG(s) 'example_params_trigger_ui' retrieved from /home/philip/de_engineering/airflow_projects/airflow1/venv/lib/python3.10/site-packages/airflow/example_dags/example_params_trigger_ui.py
[2025-03-10T09:27:28.805+0100] {logging_mixin.py:188} INFO - [2025-03-10T09:27:28.805+0100] {dag.py:3036} INFO - Sync 1 DAGs
[2025-03-10T09:27:28.815+0100] {logging_mixin.py:188} INFO - [2025-03-10T09:27:28.815+0100] {dag.py:3823} INFO - Setting next_dagrun for example_params_trigger_ui to None, run_after=None
[2025-03-10T09:27:28.831+0100] {processor.py:183} INFO - Processing /home/philip/de_engineering/airflow_projects/airflow1/venv/lib/python3.10/site-packages/airflow/example_dags/example_params_trigger_ui.py took 0.079 seconds
[2025-03-10T09:27:59.102+0100] {processor.py:161} INFO - Started process (PID=145132) to work on /home/philip/de_engineering/airflow_projects/airflow1/venv/lib/python3.10/site-packages/airflow/example_dags/example_params_trigger_ui.py
[2025-03-10T09:27:59.103+0100] {processor.py:830} INFO - Processing file /home/philip/de_engineering/airflow_projects/airflow1/venv/lib/python3.10/site-packages/airflow/example_dags/example_params_trigger_ui.py for tasks to queue
[2025-03-10T09:27:59.103+0100] {logging_mixin.py:188} INFO - [2025-03-10T09:27:59.103+0100] {dagbag.py:538} INFO - Filling up the DagBag from /home/philip/de_engineering/airflow_projects/airflow1/venv/lib/python3.10/site-packages/airflow/example_dags/example_params_trigger_ui.py
[2025-03-10T09:27:59.115+0100] {processor.py:840} INFO - DAG(s) 'example_params_trigger_ui' retrieved from /home/philip/de_engineering/airflow_projects/airflow1/venv/lib/python3.10/site-packages/airflow/example_dags/example_params_trigger_ui.py
[2025-03-10T09:27:59.155+0100] {logging_mixin.py:188} INFO - [2025-03-10T09:27:59.155+0100] {dag.py:3036} INFO - Sync 1 DAGs
[2025-03-10T09:27:59.164+0100] {logging_mixin.py:188} INFO - [2025-03-10T09:27:59.164+0100] {dag.py:3823} INFO - Setting next_dagrun for example_params_trigger_ui to None, run_after=None
[2025-03-10T09:27:59.182+0100] {processor.py:183} INFO - Processing /home/philip/de_engineering/airflow_projects/airflow1/venv/lib/python3.10/site-packages/airflow/example_dags/example_params_trigger_ui.py took 0.083 seconds
[2025-03-10T09:28:29.313+0100] {processor.py:161} INFO - Started process (PID=145512) to work on /home/philip/de_engineering/airflow_projects/airflow1/venv/lib/python3.10/site-packages/airflow/example_dags/example_params_trigger_ui.py
[2025-03-10T09:28:29.314+0100] {processor.py:830} INFO - Processing file /home/philip/de_engineering/airflow_projects/airflow1/venv/lib/python3.10/site-packages/airflow/example_dags/example_params_trigger_ui.py for tasks to queue
[2025-03-10T09:28:29.315+0100] {logging_mixin.py:188} INFO - [2025-03-10T09:28:29.315+0100] {dagbag.py:538} INFO - Filling up the DagBag from /home/philip/de_engineering/airflow_projects/airflow1/venv/lib/python3.10/site-packages/airflow/example_dags/example_params_trigger_ui.py
[2025-03-10T09:28:29.327+0100] {processor.py:840} INFO - DAG(s) 'example_params_trigger_ui' retrieved from /home/philip/de_engineering/airflow_projects/airflow1/venv/lib/python3.10/site-packages/airflow/example_dags/example_params_trigger_ui.py
[2025-03-10T09:28:29.366+0100] {logging_mixin.py:188} INFO - [2025-03-10T09:28:29.366+0100] {dag.py:3036} INFO - Sync 1 DAGs
[2025-03-10T09:28:29.376+0100] {logging_mixin.py:188} INFO - [2025-03-10T09:28:29.376+0100] {dag.py:3823} INFO - Setting next_dagrun for example_params_trigger_ui to None, run_after=None
[2025-03-10T09:28:29.389+0100] {processor.py:183} INFO - Processing /home/philip/de_engineering/airflow_projects/airflow1/venv/lib/python3.10/site-packages/airflow/example_dags/example_params_trigger_ui.py took 0.079 seconds
[2025-03-10T09:28:59.501+0100] {processor.py:161} INFO - Started process (PID=145895) to work on /home/philip/de_engineering/airflow_projects/airflow1/venv/lib/python3.10/site-packages/airflow/example_dags/example_params_trigger_ui.py
[2025-03-10T09:28:59.502+0100] {processor.py:830} INFO - Processing file /home/philip/de_engineering/airflow_projects/airflow1/venv/lib/python3.10/site-packages/airflow/example_dags/example_params_trigger_ui.py for tasks to queue
[2025-03-10T09:28:59.502+0100] {logging_mixin.py:188} INFO - [2025-03-10T09:28:59.502+0100] {dagbag.py:538} INFO - Filling up the DagBag from /home/philip/de_engineering/airflow_projects/airflow1/venv/lib/python3.10/site-packages/airflow/example_dags/example_params_trigger_ui.py
[2025-03-10T09:28:59.514+0100] {processor.py:840} INFO - DAG(s) 'example_params_trigger_ui' retrieved from /home/philip/de_engineering/airflow_projects/airflow1/venv/lib/python3.10/site-packages/airflow/example_dags/example_params_trigger_ui.py
[2025-03-10T09:28:59.552+0100] {logging_mixin.py:188} INFO - [2025-03-10T09:28:59.552+0100] {dag.py:3036} INFO - Sync 1 DAGs
[2025-03-10T09:28:59.562+0100] {logging_mixin.py:188} INFO - [2025-03-10T09:28:59.562+0100] {dag.py:3823} INFO - Setting next_dagrun for example_params_trigger_ui to None, run_after=None
[2025-03-10T09:28:59.576+0100] {processor.py:183} INFO - Processing /home/philip/de_engineering/airflow_projects/airflow1/venv/lib/python3.10/site-packages/airflow/example_dags/example_params_trigger_ui.py took 0.078 seconds
[2025-03-10T09:29:29.689+0100] {processor.py:161} INFO - Started process (PID=146268) to work on /home/philip/de_engineering/airflow_projects/airflow1/venv/lib/python3.10/site-packages/airflow/example_dags/example_params_trigger_ui.py
[2025-03-10T09:29:29.690+0100] {processor.py:830} INFO - Processing file /home/philip/de_engineering/airflow_projects/airflow1/venv/lib/python3.10/site-packages/airflow/example_dags/example_params_trigger_ui.py for tasks to queue
[2025-03-10T09:29:29.691+0100] {logging_mixin.py:188} INFO - [2025-03-10T09:29:29.690+0100] {dagbag.py:538} INFO - Filling up the DagBag from /home/philip/de_engineering/airflow_projects/airflow1/venv/lib/python3.10/site-packages/airflow/example_dags/example_params_trigger_ui.py
[2025-03-10T09:29:29.702+0100] {processor.py:840} INFO - DAG(s) 'example_params_trigger_ui' retrieved from /home/philip/de_engineering/airflow_projects/airflow1/venv/lib/python3.10/site-packages/airflow/example_dags/example_params_trigger_ui.py
[2025-03-10T09:29:29.740+0100] {logging_mixin.py:188} INFO - [2025-03-10T09:29:29.740+0100] {dag.py:3036} INFO - Sync 1 DAGs
[2025-03-10T09:29:29.749+0100] {logging_mixin.py:188} INFO - [2025-03-10T09:29:29.749+0100] {dag.py:3823} INFO - Setting next_dagrun for example_params_trigger_ui to None, run_after=None
[2025-03-10T09:29:29.763+0100] {processor.py:183} INFO - Processing /home/philip/de_engineering/airflow_projects/airflow1/venv/lib/python3.10/site-packages/airflow/example_dags/example_params_trigger_ui.py took 0.077 seconds
[2025-03-10T09:29:59.898+0100] {processor.py:161} INFO - Started process (PID=146650) to work on /home/philip/de_engineering/airflow_projects/airflow1/venv/lib/python3.10/site-packages/airflow/example_dags/example_params_trigger_ui.py
[2025-03-10T09:29:59.898+0100] {processor.py:830} INFO - Processing file /home/philip/de_engineering/airflow_projects/airflow1/venv/lib/python3.10/site-packages/airflow/example_dags/example_params_trigger_ui.py for tasks to queue
[2025-03-10T09:29:59.899+0100] {logging_mixin.py:188} INFO - [2025-03-10T09:29:59.899+0100] {dagbag.py:538} INFO - Filling up the DagBag from /home/philip/de_engineering/airflow_projects/airflow1/venv/lib/python3.10/site-packages/airflow/example_dags/example_params_trigger_ui.py
[2025-03-10T09:29:59.910+0100] {processor.py:840} INFO - DAG(s) 'example_params_trigger_ui' retrieved from /home/philip/de_engineering/airflow_projects/airflow1/venv/lib/python3.10/site-packages/airflow/example_dags/example_params_trigger_ui.py
[2025-03-10T09:29:59.949+0100] {logging_mixin.py:188} INFO - [2025-03-10T09:29:59.948+0100] {dag.py:3036} INFO - Sync 1 DAGs
[2025-03-10T09:29:59.959+0100] {logging_mixin.py:188} INFO - [2025-03-10T09:29:59.959+0100] {dag.py:3823} INFO - Setting next_dagrun for example_params_trigger_ui to None, run_after=None
[2025-03-10T09:29:59.975+0100] {processor.py:183} INFO - Processing /home/philip/de_engineering/airflow_projects/airflow1/venv/lib/python3.10/site-packages/airflow/example_dags/example_params_trigger_ui.py took 0.081 seconds
[2025-03-10T09:30:30.082+0100] {processor.py:161} INFO - Started process (PID=147025) to work on /home/philip/de_engineering/airflow_projects/airflow1/venv/lib/python3.10/site-packages/airflow/example_dags/example_params_trigger_ui.py
[2025-03-10T09:30:30.083+0100] {processor.py:830} INFO - Processing file /home/philip/de_engineering/airflow_projects/airflow1/venv/lib/python3.10/site-packages/airflow/example_dags/example_params_trigger_ui.py for tasks to queue
[2025-03-10T09:30:30.084+0100] {logging_mixin.py:188} INFO - [2025-03-10T09:30:30.084+0100] {dagbag.py:538} INFO - Filling up the DagBag from /home/philip/de_engineering/airflow_projects/airflow1/venv/lib/python3.10/site-packages/airflow/example_dags/example_params_trigger_ui.py
[2025-03-10T09:30:30.095+0100] {processor.py:840} INFO - DAG(s) 'example_params_trigger_ui' retrieved from /home/philip/de_engineering/airflow_projects/airflow1/venv/lib/python3.10/site-packages/airflow/example_dags/example_params_trigger_ui.py
[2025-03-10T09:30:30.135+0100] {logging_mixin.py:188} INFO - [2025-03-10T09:30:30.134+0100] {dag.py:3036} INFO - Sync 1 DAGs
[2025-03-10T09:30:30.144+0100] {logging_mixin.py:188} INFO - [2025-03-10T09:30:30.144+0100] {dag.py:3823} INFO - Setting next_dagrun for example_params_trigger_ui to None, run_after=None
[2025-03-10T09:30:30.159+0100] {processor.py:183} INFO - Processing /home/philip/de_engineering/airflow_projects/airflow1/venv/lib/python3.10/site-packages/airflow/example_dags/example_params_trigger_ui.py took 0.080 seconds
[2025-03-10T09:31:00.318+0100] {processor.py:161} INFO - Started process (PID=147406) to work on /home/philip/de_engineering/airflow_projects/airflow1/venv/lib/python3.10/site-packages/airflow/example_dags/example_params_trigger_ui.py
[2025-03-10T09:31:00.319+0100] {processor.py:830} INFO - Processing file /home/philip/de_engineering/airflow_projects/airflow1/venv/lib/python3.10/site-packages/airflow/example_dags/example_params_trigger_ui.py for tasks to queue
[2025-03-10T09:31:00.320+0100] {logging_mixin.py:188} INFO - [2025-03-10T09:31:00.319+0100] {dagbag.py:538} INFO - Filling up the DagBag from /home/philip/de_engineering/airflow_projects/airflow1/venv/lib/python3.10/site-packages/airflow/example_dags/example_params_trigger_ui.py
[2025-03-10T09:31:00.332+0100] {processor.py:840} INFO - DAG(s) 'example_params_trigger_ui' retrieved from /home/philip/de_engineering/airflow_projects/airflow1/venv/lib/python3.10/site-packages/airflow/example_dags/example_params_trigger_ui.py
[2025-03-10T09:31:00.379+0100] {logging_mixin.py:188} INFO - [2025-03-10T09:31:00.379+0100] {dag.py:3036} INFO - Sync 1 DAGs
[2025-03-10T09:31:00.389+0100] {logging_mixin.py:188} INFO - [2025-03-10T09:31:00.389+0100] {dag.py:3823} INFO - Setting next_dagrun for example_params_trigger_ui to None, run_after=None
[2025-03-10T09:31:00.405+0100] {processor.py:183} INFO - Processing /home/philip/de_engineering/airflow_projects/airflow1/venv/lib/python3.10/site-packages/airflow/example_dags/example_params_trigger_ui.py took 0.090 seconds
[2025-03-10T09:31:30.495+0100] {processor.py:161} INFO - Started process (PID=147781) to work on /home/philip/de_engineering/airflow_projects/airflow1/venv/lib/python3.10/site-packages/airflow/example_dags/example_params_trigger_ui.py
[2025-03-10T09:31:30.496+0100] {processor.py:830} INFO - Processing file /home/philip/de_engineering/airflow_projects/airflow1/venv/lib/python3.10/site-packages/airflow/example_dags/example_params_trigger_ui.py for tasks to queue
[2025-03-10T09:31:30.497+0100] {logging_mixin.py:188} INFO - [2025-03-10T09:31:30.497+0100] {dagbag.py:538} INFO - Filling up the DagBag from /home/philip/de_engineering/airflow_projects/airflow1/venv/lib/python3.10/site-packages/airflow/example_dags/example_params_trigger_ui.py
[2025-03-10T09:31:30.508+0100] {processor.py:840} INFO - DAG(s) 'example_params_trigger_ui' retrieved from /home/philip/de_engineering/airflow_projects/airflow1/venv/lib/python3.10/site-packages/airflow/example_dags/example_params_trigger_ui.py
[2025-03-10T09:31:30.549+0100] {logging_mixin.py:188} INFO - [2025-03-10T09:31:30.548+0100] {dag.py:3036} INFO - Sync 1 DAGs
[2025-03-10T09:31:30.560+0100] {logging_mixin.py:188} INFO - [2025-03-10T09:31:30.560+0100] {dag.py:3823} INFO - Setting next_dagrun for example_params_trigger_ui to None, run_after=None
[2025-03-10T09:31:30.576+0100] {processor.py:183} INFO - Processing /home/philip/de_engineering/airflow_projects/airflow1/venv/lib/python3.10/site-packages/airflow/example_dags/example_params_trigger_ui.py took 0.083 seconds
[2025-03-10T09:32:00.623+0100] {processor.py:161} INFO - Started process (PID=148161) to work on /home/philip/de_engineering/airflow_projects/airflow1/venv/lib/python3.10/site-packages/airflow/example_dags/example_params_trigger_ui.py
[2025-03-10T09:32:00.624+0100] {processor.py:830} INFO - Processing file /home/philip/de_engineering/airflow_projects/airflow1/venv/lib/python3.10/site-packages/airflow/example_dags/example_params_trigger_ui.py for tasks to queue
[2025-03-10T09:32:00.625+0100] {logging_mixin.py:188} INFO - [2025-03-10T09:32:00.625+0100] {dagbag.py:538} INFO - Filling up the DagBag from /home/philip/de_engineering/airflow_projects/airflow1/venv/lib/python3.10/site-packages/airflow/example_dags/example_params_trigger_ui.py
[2025-03-10T09:32:00.636+0100] {processor.py:840} INFO - DAG(s) 'example_params_trigger_ui' retrieved from /home/philip/de_engineering/airflow_projects/airflow1/venv/lib/python3.10/site-packages/airflow/example_dags/example_params_trigger_ui.py
[2025-03-10T09:32:00.673+0100] {logging_mixin.py:188} INFO - [2025-03-10T09:32:00.673+0100] {dag.py:3036} INFO - Sync 1 DAGs
[2025-03-10T09:32:00.684+0100] {logging_mixin.py:188} INFO - [2025-03-10T09:32:00.684+0100] {dag.py:3823} INFO - Setting next_dagrun for example_params_trigger_ui to None, run_after=None
[2025-03-10T09:32:00.702+0100] {processor.py:183} INFO - Processing /home/philip/de_engineering/airflow_projects/airflow1/venv/lib/python3.10/site-packages/airflow/example_dags/example_params_trigger_ui.py took 0.081 seconds
[2025-03-10T09:32:30.914+0100] {processor.py:161} INFO - Started process (PID=148536) to work on /home/philip/de_engineering/airflow_projects/airflow1/venv/lib/python3.10/site-packages/airflow/example_dags/example_params_trigger_ui.py
[2025-03-10T09:32:30.915+0100] {processor.py:830} INFO - Processing file /home/philip/de_engineering/airflow_projects/airflow1/venv/lib/python3.10/site-packages/airflow/example_dags/example_params_trigger_ui.py for tasks to queue
[2025-03-10T09:32:30.916+0100] {logging_mixin.py:188} INFO - [2025-03-10T09:32:30.916+0100] {dagbag.py:538} INFO - Filling up the DagBag from /home/philip/de_engineering/airflow_projects/airflow1/venv/lib/python3.10/site-packages/airflow/example_dags/example_params_trigger_ui.py
[2025-03-10T09:32:30.928+0100] {processor.py:840} INFO - DAG(s) 'example_params_trigger_ui' retrieved from /home/philip/de_engineering/airflow_projects/airflow1/venv/lib/python3.10/site-packages/airflow/example_dags/example_params_trigger_ui.py
[2025-03-10T09:32:30.968+0100] {logging_mixin.py:188} INFO - [2025-03-10T09:32:30.968+0100] {dag.py:3036} INFO - Sync 1 DAGs
[2025-03-10T09:32:30.978+0100] {logging_mixin.py:188} INFO - [2025-03-10T09:32:30.978+0100] {dag.py:3823} INFO - Setting next_dagrun for example_params_trigger_ui to None, run_after=None
[2025-03-10T09:32:30.992+0100] {processor.py:183} INFO - Processing /home/philip/de_engineering/airflow_projects/airflow1/venv/lib/python3.10/site-packages/airflow/example_dags/example_params_trigger_ui.py took 0.081 seconds
[2025-03-10T09:33:01.144+0100] {processor.py:161} INFO - Started process (PID=148918) to work on /home/philip/de_engineering/airflow_projects/airflow1/venv/lib/python3.10/site-packages/airflow/example_dags/example_params_trigger_ui.py
[2025-03-10T09:33:01.145+0100] {processor.py:830} INFO - Processing file /home/philip/de_engineering/airflow_projects/airflow1/venv/lib/python3.10/site-packages/airflow/example_dags/example_params_trigger_ui.py for tasks to queue
[2025-03-10T09:33:01.145+0100] {logging_mixin.py:188} INFO - [2025-03-10T09:33:01.145+0100] {dagbag.py:538} INFO - Filling up the DagBag from /home/philip/de_engineering/airflow_projects/airflow1/venv/lib/python3.10/site-packages/airflow/example_dags/example_params_trigger_ui.py
[2025-03-10T09:33:01.156+0100] {processor.py:840} INFO - DAG(s) 'example_params_trigger_ui' retrieved from /home/philip/de_engineering/airflow_projects/airflow1/venv/lib/python3.10/site-packages/airflow/example_dags/example_params_trigger_ui.py
[2025-03-10T09:33:01.193+0100] {logging_mixin.py:188} INFO - [2025-03-10T09:33:01.193+0100] {dag.py:3036} INFO - Sync 1 DAGs
[2025-03-10T09:33:01.202+0100] {logging_mixin.py:188} INFO - [2025-03-10T09:33:01.202+0100] {dag.py:3823} INFO - Setting next_dagrun for example_params_trigger_ui to None, run_after=None
[2025-03-10T09:33:01.215+0100] {processor.py:183} INFO - Processing /home/philip/de_engineering/airflow_projects/airflow1/venv/lib/python3.10/site-packages/airflow/example_dags/example_params_trigger_ui.py took 0.074 seconds
[2025-03-10T09:33:31.312+0100] {processor.py:161} INFO - Started process (PID=149292) to work on /home/philip/de_engineering/airflow_projects/airflow1/venv/lib/python3.10/site-packages/airflow/example_dags/example_params_trigger_ui.py
[2025-03-10T09:33:31.313+0100] {processor.py:830} INFO - Processing file /home/philip/de_engineering/airflow_projects/airflow1/venv/lib/python3.10/site-packages/airflow/example_dags/example_params_trigger_ui.py for tasks to queue
[2025-03-10T09:33:31.314+0100] {logging_mixin.py:188} INFO - [2025-03-10T09:33:31.314+0100] {dagbag.py:538} INFO - Filling up the DagBag from /home/philip/de_engineering/airflow_projects/airflow1/venv/lib/python3.10/site-packages/airflow/example_dags/example_params_trigger_ui.py
[2025-03-10T09:33:31.325+0100] {processor.py:840} INFO - DAG(s) 'example_params_trigger_ui' retrieved from /home/philip/de_engineering/airflow_projects/airflow1/venv/lib/python3.10/site-packages/airflow/example_dags/example_params_trigger_ui.py
[2025-03-10T09:33:31.365+0100] {logging_mixin.py:188} INFO - [2025-03-10T09:33:31.365+0100] {dag.py:3036} INFO - Sync 1 DAGs
[2025-03-10T09:33:31.375+0100] {logging_mixin.py:188} INFO - [2025-03-10T09:33:31.375+0100] {dag.py:3823} INFO - Setting next_dagrun for example_params_trigger_ui to None, run_after=None
[2025-03-10T09:33:31.390+0100] {processor.py:183} INFO - Processing /home/philip/de_engineering/airflow_projects/airflow1/venv/lib/python3.10/site-packages/airflow/example_dags/example_params_trigger_ui.py took 0.080 seconds
[2025-03-10T09:34:01.541+0100] {processor.py:161} INFO - Started process (PID=149673) to work on /home/philip/de_engineering/airflow_projects/airflow1/venv/lib/python3.10/site-packages/airflow/example_dags/example_params_trigger_ui.py
[2025-03-10T09:34:01.542+0100] {processor.py:830} INFO - Processing file /home/philip/de_engineering/airflow_projects/airflow1/venv/lib/python3.10/site-packages/airflow/example_dags/example_params_trigger_ui.py for tasks to queue
[2025-03-10T09:34:01.543+0100] {logging_mixin.py:188} INFO - [2025-03-10T09:34:01.543+0100] {dagbag.py:538} INFO - Filling up the DagBag from /home/philip/de_engineering/airflow_projects/airflow1/venv/lib/python3.10/site-packages/airflow/example_dags/example_params_trigger_ui.py
[2025-03-10T09:34:01.556+0100] {processor.py:840} INFO - DAG(s) 'example_params_trigger_ui' retrieved from /home/philip/de_engineering/airflow_projects/airflow1/venv/lib/python3.10/site-packages/airflow/example_dags/example_params_trigger_ui.py
[2025-03-10T09:34:01.603+0100] {logging_mixin.py:188} INFO - [2025-03-10T09:34:01.602+0100] {dag.py:3036} INFO - Sync 1 DAGs
[2025-03-10T09:34:01.615+0100] {logging_mixin.py:188} INFO - [2025-03-10T09:34:01.615+0100] {dag.py:3823} INFO - Setting next_dagrun for example_params_trigger_ui to None, run_after=None
[2025-03-10T09:34:01.636+0100] {processor.py:183} INFO - Processing /home/philip/de_engineering/airflow_projects/airflow1/venv/lib/python3.10/site-packages/airflow/example_dags/example_params_trigger_ui.py took 0.097 seconds
[2025-03-10T09:34:31.833+0100] {processor.py:161} INFO - Started process (PID=150051) to work on /home/philip/de_engineering/airflow_projects/airflow1/venv/lib/python3.10/site-packages/airflow/example_dags/example_params_trigger_ui.py
[2025-03-10T09:34:31.834+0100] {processor.py:830} INFO - Processing file /home/philip/de_engineering/airflow_projects/airflow1/venv/lib/python3.10/site-packages/airflow/example_dags/example_params_trigger_ui.py for tasks to queue
[2025-03-10T09:34:31.835+0100] {logging_mixin.py:188} INFO - [2025-03-10T09:34:31.835+0100] {dagbag.py:538} INFO - Filling up the DagBag from /home/philip/de_engineering/airflow_projects/airflow1/venv/lib/python3.10/site-packages/airflow/example_dags/example_params_trigger_ui.py
[2025-03-10T09:34:31.846+0100] {processor.py:840} INFO - DAG(s) 'example_params_trigger_ui' retrieved from /home/philip/de_engineering/airflow_projects/airflow1/venv/lib/python3.10/site-packages/airflow/example_dags/example_params_trigger_ui.py
[2025-03-10T09:34:31.886+0100] {logging_mixin.py:188} INFO - [2025-03-10T09:34:31.886+0100] {dag.py:3036} INFO - Sync 1 DAGs
[2025-03-10T09:34:31.896+0100] {logging_mixin.py:188} INFO - [2025-03-10T09:34:31.896+0100] {dag.py:3823} INFO - Setting next_dagrun for example_params_trigger_ui to None, run_after=None
[2025-03-10T09:34:31.910+0100] {processor.py:183} INFO - Processing /home/philip/de_engineering/airflow_projects/airflow1/venv/lib/python3.10/site-packages/airflow/example_dags/example_params_trigger_ui.py took 0.080 seconds
[2025-03-10T09:35:02.065+0100] {processor.py:161} INFO - Started process (PID=150433) to work on /home/philip/de_engineering/airflow_projects/airflow1/venv/lib/python3.10/site-packages/airflow/example_dags/example_params_trigger_ui.py
[2025-03-10T09:35:02.066+0100] {processor.py:830} INFO - Processing file /home/philip/de_engineering/airflow_projects/airflow1/venv/lib/python3.10/site-packages/airflow/example_dags/example_params_trigger_ui.py for tasks to queue
[2025-03-10T09:35:02.066+0100] {logging_mixin.py:188} INFO - [2025-03-10T09:35:02.066+0100] {dagbag.py:538} INFO - Filling up the DagBag from /home/philip/de_engineering/airflow_projects/airflow1/venv/lib/python3.10/site-packages/airflow/example_dags/example_params_trigger_ui.py
[2025-03-10T09:35:02.077+0100] {processor.py:840} INFO - DAG(s) 'example_params_trigger_ui' retrieved from /home/philip/de_engineering/airflow_projects/airflow1/venv/lib/python3.10/site-packages/airflow/example_dags/example_params_trigger_ui.py
[2025-03-10T09:35:02.116+0100] {logging_mixin.py:188} INFO - [2025-03-10T09:35:02.116+0100] {dag.py:3036} INFO - Sync 1 DAGs
[2025-03-10T09:35:02.126+0100] {logging_mixin.py:188} INFO - [2025-03-10T09:35:02.126+0100] {dag.py:3823} INFO - Setting next_dagrun for example_params_trigger_ui to None, run_after=None
[2025-03-10T09:35:02.141+0100] {processor.py:183} INFO - Processing /home/philip/de_engineering/airflow_projects/airflow1/venv/lib/python3.10/site-packages/airflow/example_dags/example_params_trigger_ui.py took 0.079 seconds
[2025-03-10T09:35:32.306+0100] {processor.py:161} INFO - Started process (PID=150814) to work on /home/philip/de_engineering/airflow_projects/airflow1/venv/lib/python3.10/site-packages/airflow/example_dags/example_params_trigger_ui.py
[2025-03-10T09:35:32.307+0100] {processor.py:830} INFO - Processing file /home/philip/de_engineering/airflow_projects/airflow1/venv/lib/python3.10/site-packages/airflow/example_dags/example_params_trigger_ui.py for tasks to queue
[2025-03-10T09:35:32.308+0100] {logging_mixin.py:188} INFO - [2025-03-10T09:35:32.308+0100] {dagbag.py:538} INFO - Filling up the DagBag from /home/philip/de_engineering/airflow_projects/airflow1/venv/lib/python3.10/site-packages/airflow/example_dags/example_params_trigger_ui.py
[2025-03-10T09:35:32.320+0100] {processor.py:840} INFO - DAG(s) 'example_params_trigger_ui' retrieved from /home/philip/de_engineering/airflow_projects/airflow1/venv/lib/python3.10/site-packages/airflow/example_dags/example_params_trigger_ui.py
[2025-03-10T09:35:32.358+0100] {logging_mixin.py:188} INFO - [2025-03-10T09:35:32.358+0100] {dag.py:3036} INFO - Sync 1 DAGs
[2025-03-10T09:35:32.368+0100] {logging_mixin.py:188} INFO - [2025-03-10T09:35:32.368+0100] {dag.py:3823} INFO - Setting next_dagrun for example_params_trigger_ui to None, run_after=None
[2025-03-10T09:35:32.383+0100] {processor.py:183} INFO - Processing /home/philip/de_engineering/airflow_projects/airflow1/venv/lib/python3.10/site-packages/airflow/example_dags/example_params_trigger_ui.py took 0.079 seconds
[2025-03-10T09:36:02.502+0100] {processor.py:161} INFO - Started process (PID=151188) to work on /home/philip/de_engineering/airflow_projects/airflow1/venv/lib/python3.10/site-packages/airflow/example_dags/example_params_trigger_ui.py
[2025-03-10T09:36:02.503+0100] {processor.py:830} INFO - Processing file /home/philip/de_engineering/airflow_projects/airflow1/venv/lib/python3.10/site-packages/airflow/example_dags/example_params_trigger_ui.py for tasks to queue
[2025-03-10T09:36:02.504+0100] {logging_mixin.py:188} INFO - [2025-03-10T09:36:02.504+0100] {dagbag.py:538} INFO - Filling up the DagBag from /home/philip/de_engineering/airflow_projects/airflow1/venv/lib/python3.10/site-packages/airflow/example_dags/example_params_trigger_ui.py
[2025-03-10T09:36:02.516+0100] {processor.py:840} INFO - DAG(s) 'example_params_trigger_ui' retrieved from /home/philip/de_engineering/airflow_projects/airflow1/venv/lib/python3.10/site-packages/airflow/example_dags/example_params_trigger_ui.py
[2025-03-10T09:36:02.555+0100] {logging_mixin.py:188} INFO - [2025-03-10T09:36:02.555+0100] {dag.py:3036} INFO - Sync 1 DAGs
[2025-03-10T09:36:02.566+0100] {logging_mixin.py:188} INFO - [2025-03-10T09:36:02.565+0100] {dag.py:3823} INFO - Setting next_dagrun for example_params_trigger_ui to None, run_after=None
[2025-03-10T09:36:02.582+0100] {processor.py:183} INFO - Processing /home/philip/de_engineering/airflow_projects/airflow1/venv/lib/python3.10/site-packages/airflow/example_dags/example_params_trigger_ui.py took 0.083 seconds
