[2025-03-10T09:14:23.725+0100] {processor.py:161} INFO - Started process (PID=136847) to work on /home/philip/de_engineering/airflow_projects/airflow1/venv/lib/python3.10/site-packages/airflow/example_dags/example_xcom.py
[2025-03-10T09:14:23.726+0100] {processor.py:830} INFO - Processing file /home/philip/de_engineering/airflow_projects/airflow1/venv/lib/python3.10/site-packages/airflow/example_dags/example_xcom.py for tasks to queue
[2025-03-10T09:14:23.726+0100] {logging_mixin.py:188} INFO - [2025-03-10T09:14:23.726+0100] {dagbag.py:538} INFO - Filling up the DagBag from /home/philip/de_engineering/airflow_projects/airflow1/venv/lib/python3.10/site-packages/airflow/example_dags/example_xcom.py
[2025-03-10T09:14:23.733+0100] {processor.py:840} INFO - DAG(s) 'example_xcom' retrieved from /home/philip/de_engineering/airflow_projects/airflow1/venv/lib/python3.10/site-packages/airflow/example_dags/example_xcom.py
[2025-03-10T09:14:23.813+0100] {logging_mixin.py:188} INFO - [2025-03-10T09:14:23.813+0100] {override.py:1769} INFO - Created Permission View: can read on DAG:example_xcom
[2025-03-10T09:14:23.820+0100] {logging_mixin.py:188} INFO - [2025-03-10T09:14:23.820+0100] {override.py:1769} INFO - Created Permission View: can delete on DAG:example_xcom
[2025-03-10T09:14:23.824+0100] {logging_mixin.py:188} INFO - [2025-03-10T09:14:23.824+0100] {override.py:1769} INFO - Created Permission View: can edit on DAG:example_xcom
[2025-03-10T09:14:23.825+0100] {logging_mixin.py:188} INFO - [2025-03-10T09:14:23.824+0100] {dag.py:3036} INFO - Sync 1 DAGs
[2025-03-10T09:14:23.834+0100] {logging_mixin.py:188} INFO - [2025-03-10T09:14:23.833+0100] {dag.py:3058} INFO - Creating ORM DAG for example_xcom
[2025-03-10T09:14:23.840+0100] {logging_mixin.py:188} INFO - [2025-03-10T09:14:23.840+0100] {dag.py:3823} INFO - Setting next_dagrun for example_xcom to 2021-01-01 00:00:00+00:00, run_after=2021-01-01 00:00:00+00:00
[2025-03-10T09:14:23.853+0100] {processor.py:183} INFO - Processing /home/philip/de_engineering/airflow_projects/airflow1/venv/lib/python3.10/site-packages/airflow/example_dags/example_xcom.py took 0.131 seconds
[2025-03-10T09:14:55.061+0100] {processor.py:161} INFO - Started process (PID=136959) to work on /home/philip/de_engineering/airflow_projects/airflow1/venv/lib/python3.10/site-packages/airflow/example_dags/example_xcom.py
[2025-03-10T09:14:55.062+0100] {processor.py:830} INFO - Processing file /home/philip/de_engineering/airflow_projects/airflow1/venv/lib/python3.10/site-packages/airflow/example_dags/example_xcom.py for tasks to queue
[2025-03-10T09:14:55.063+0100] {logging_mixin.py:188} INFO - [2025-03-10T09:14:55.062+0100] {dagbag.py:538} INFO - Filling up the DagBag from /home/philip/de_engineering/airflow_projects/airflow1/venv/lib/python3.10/site-packages/airflow/example_dags/example_xcom.py
[2025-03-10T09:14:55.069+0100] {processor.py:840} INFO - DAG(s) 'example_xcom' retrieved from /home/philip/de_engineering/airflow_projects/airflow1/venv/lib/python3.10/site-packages/airflow/example_dags/example_xcom.py
[2025-03-10T09:14:55.090+0100] {logging_mixin.py:188} INFO - [2025-03-10T09:14:55.090+0100] {dag.py:3036} INFO - Sync 1 DAGs
[2025-03-10T09:14:55.107+0100] {logging_mixin.py:188} INFO - [2025-03-10T09:14:55.106+0100] {dag.py:3823} INFO - Setting next_dagrun for example_xcom to 2021-01-01 00:00:00+00:00, run_after=2021-01-01 00:00:00+00:00
[2025-03-10T09:14:55.121+0100] {processor.py:183} INFO - Processing /home/philip/de_engineering/airflow_projects/airflow1/venv/lib/python3.10/site-packages/airflow/example_dags/example_xcom.py took 0.063 seconds
[2025-03-10T09:15:25.242+0100] {processor.py:161} INFO - Started process (PID=137060) to work on /home/philip/de_engineering/airflow_projects/airflow1/venv/lib/python3.10/site-packages/airflow/example_dags/example_xcom.py
[2025-03-10T09:15:25.243+0100] {processor.py:830} INFO - Processing file /home/philip/de_engineering/airflow_projects/airflow1/venv/lib/python3.10/site-packages/airflow/example_dags/example_xcom.py for tasks to queue
[2025-03-10T09:15:25.244+0100] {logging_mixin.py:188} INFO - [2025-03-10T09:15:25.244+0100] {dagbag.py:538} INFO - Filling up the DagBag from /home/philip/de_engineering/airflow_projects/airflow1/venv/lib/python3.10/site-packages/airflow/example_dags/example_xcom.py
[2025-03-10T09:15:25.251+0100] {processor.py:840} INFO - DAG(s) 'example_xcom' retrieved from /home/philip/de_engineering/airflow_projects/airflow1/venv/lib/python3.10/site-packages/airflow/example_dags/example_xcom.py
[2025-03-10T09:15:25.272+0100] {logging_mixin.py:188} INFO - [2025-03-10T09:15:25.272+0100] {dag.py:3036} INFO - Sync 1 DAGs
[2025-03-10T09:15:25.291+0100] {logging_mixin.py:188} INFO - [2025-03-10T09:15:25.291+0100] {dag.py:3823} INFO - Setting next_dagrun for example_xcom to 2021-01-01 00:00:00+00:00, run_after=2021-01-01 00:00:00+00:00
[2025-03-10T09:15:25.308+0100] {processor.py:183} INFO - Processing /home/philip/de_engineering/airflow_projects/airflow1/venv/lib/python3.10/site-packages/airflow/example_dags/example_xcom.py took 0.068 seconds
[2025-03-10T09:15:55.456+0100] {processor.py:161} INFO - Started process (PID=137161) to work on /home/philip/de_engineering/airflow_projects/airflow1/venv/lib/python3.10/site-packages/airflow/example_dags/example_xcom.py
[2025-03-10T09:15:55.457+0100] {processor.py:830} INFO - Processing file /home/philip/de_engineering/airflow_projects/airflow1/venv/lib/python3.10/site-packages/airflow/example_dags/example_xcom.py for tasks to queue
[2025-03-10T09:15:55.457+0100] {logging_mixin.py:188} INFO - [2025-03-10T09:15:55.457+0100] {dagbag.py:538} INFO - Filling up the DagBag from /home/philip/de_engineering/airflow_projects/airflow1/venv/lib/python3.10/site-packages/airflow/example_dags/example_xcom.py
[2025-03-10T09:15:55.465+0100] {processor.py:840} INFO - DAG(s) 'example_xcom' retrieved from /home/philip/de_engineering/airflow_projects/airflow1/venv/lib/python3.10/site-packages/airflow/example_dags/example_xcom.py
[2025-03-10T09:15:55.494+0100] {logging_mixin.py:188} INFO - [2025-03-10T09:15:55.494+0100] {dag.py:3036} INFO - Sync 1 DAGs
[2025-03-10T09:15:55.516+0100] {logging_mixin.py:188} INFO - [2025-03-10T09:15:55.515+0100] {dag.py:3823} INFO - Setting next_dagrun for example_xcom to 2021-01-01 00:00:00+00:00, run_after=2021-01-01 00:00:00+00:00
[2025-03-10T09:15:55.542+0100] {processor.py:183} INFO - Processing /home/philip/de_engineering/airflow_projects/airflow1/venv/lib/python3.10/site-packages/airflow/example_dags/example_xcom.py took 0.090 seconds
[2025-03-10T09:16:26.062+0100] {processor.py:161} INFO - Started process (PID=137537) to work on /home/philip/de_engineering/airflow_projects/airflow1/venv/lib/python3.10/site-packages/airflow/example_dags/example_xcom.py
[2025-03-10T09:16:26.064+0100] {processor.py:830} INFO - Processing file /home/philip/de_engineering/airflow_projects/airflow1/venv/lib/python3.10/site-packages/airflow/example_dags/example_xcom.py for tasks to queue
[2025-03-10T09:16:26.065+0100] {logging_mixin.py:188} INFO - [2025-03-10T09:16:26.065+0100] {dagbag.py:538} INFO - Filling up the DagBag from /home/philip/de_engineering/airflow_projects/airflow1/venv/lib/python3.10/site-packages/airflow/example_dags/example_xcom.py
[2025-03-10T09:16:26.073+0100] {processor.py:840} INFO - DAG(s) 'example_xcom' retrieved from /home/philip/de_engineering/airflow_projects/airflow1/venv/lib/python3.10/site-packages/airflow/example_dags/example_xcom.py
[2025-03-10T09:16:26.098+0100] {logging_mixin.py:188} INFO - [2025-03-10T09:16:26.098+0100] {dag.py:3036} INFO - Sync 1 DAGs
[2025-03-10T09:16:26.117+0100] {logging_mixin.py:188} INFO - [2025-03-10T09:16:26.117+0100] {dag.py:3823} INFO - Setting next_dagrun for example_xcom to 2021-01-01 00:00:00+00:00, run_after=2021-01-01 00:00:00+00:00
[2025-03-10T09:16:26.130+0100] {processor.py:183} INFO - Processing /home/philip/de_engineering/airflow_projects/airflow1/venv/lib/python3.10/site-packages/airflow/example_dags/example_xcom.py took 0.072 seconds
[2025-03-10T09:16:56.191+0100] {processor.py:161} INFO - Started process (PID=137723) to work on /home/philip/de_engineering/airflow_projects/airflow1/venv/lib/python3.10/site-packages/airflow/example_dags/example_xcom.py
[2025-03-10T09:16:56.192+0100] {processor.py:830} INFO - Processing file /home/philip/de_engineering/airflow_projects/airflow1/venv/lib/python3.10/site-packages/airflow/example_dags/example_xcom.py for tasks to queue
[2025-03-10T09:16:56.193+0100] {logging_mixin.py:188} INFO - [2025-03-10T09:16:56.193+0100] {dagbag.py:538} INFO - Filling up the DagBag from /home/philip/de_engineering/airflow_projects/airflow1/venv/lib/python3.10/site-packages/airflow/example_dags/example_xcom.py
[2025-03-10T09:16:56.200+0100] {processor.py:840} INFO - DAG(s) 'example_xcom' retrieved from /home/philip/de_engineering/airflow_projects/airflow1/venv/lib/python3.10/site-packages/airflow/example_dags/example_xcom.py
[2025-03-10T09:16:56.223+0100] {logging_mixin.py:188} INFO - [2025-03-10T09:16:56.223+0100] {dag.py:3036} INFO - Sync 1 DAGs
[2025-03-10T09:16:56.244+0100] {logging_mixin.py:188} INFO - [2025-03-10T09:16:56.244+0100] {dag.py:3823} INFO - Setting next_dagrun for example_xcom to 2021-01-01 00:00:00+00:00, run_after=2021-01-01 00:00:00+00:00
[2025-03-10T09:16:56.259+0100] {processor.py:183} INFO - Processing /home/philip/de_engineering/airflow_projects/airflow1/venv/lib/python3.10/site-packages/airflow/example_dags/example_xcom.py took 0.071 seconds
[2025-03-10T09:17:26.474+0100] {processor.py:161} INFO - Started process (PID=137912) to work on /home/philip/de_engineering/airflow_projects/airflow1/venv/lib/python3.10/site-packages/airflow/example_dags/example_xcom.py
[2025-03-10T09:17:26.476+0100] {processor.py:830} INFO - Processing file /home/philip/de_engineering/airflow_projects/airflow1/venv/lib/python3.10/site-packages/airflow/example_dags/example_xcom.py for tasks to queue
[2025-03-10T09:17:26.477+0100] {logging_mixin.py:188} INFO - [2025-03-10T09:17:26.476+0100] {dagbag.py:538} INFO - Filling up the DagBag from /home/philip/de_engineering/airflow_projects/airflow1/venv/lib/python3.10/site-packages/airflow/example_dags/example_xcom.py
[2025-03-10T09:17:26.483+0100] {processor.py:840} INFO - DAG(s) 'example_xcom' retrieved from /home/philip/de_engineering/airflow_projects/airflow1/venv/lib/python3.10/site-packages/airflow/example_dags/example_xcom.py
[2025-03-10T09:17:26.503+0100] {logging_mixin.py:188} INFO - [2025-03-10T09:17:26.503+0100] {dag.py:3036} INFO - Sync 1 DAGs
[2025-03-10T09:17:26.521+0100] {logging_mixin.py:188} INFO - [2025-03-10T09:17:26.521+0100] {dag.py:3823} INFO - Setting next_dagrun for example_xcom to 2021-01-01 00:00:00+00:00, run_after=2021-01-01 00:00:00+00:00
[2025-03-10T09:17:26.535+0100] {processor.py:183} INFO - Processing /home/philip/de_engineering/airflow_projects/airflow1/venv/lib/python3.10/site-packages/airflow/example_dags/example_xcom.py took 0.064 seconds
[2025-03-10T09:19:20.492+0100] {processor.py:161} INFO - Started process (PID=138499) to work on /home/philip/de_engineering/airflow_projects/airflow1/venv/lib/python3.10/site-packages/airflow/example_dags/example_xcom.py
[2025-03-10T09:19:20.494+0100] {processor.py:830} INFO - Processing file /home/philip/de_engineering/airflow_projects/airflow1/venv/lib/python3.10/site-packages/airflow/example_dags/example_xcom.py for tasks to queue
[2025-03-10T09:19:20.495+0100] {logging_mixin.py:188} INFO - [2025-03-10T09:19:20.494+0100] {dagbag.py:538} INFO - Filling up the DagBag from /home/philip/de_engineering/airflow_projects/airflow1/venv/lib/python3.10/site-packages/airflow/example_dags/example_xcom.py
[2025-03-10T09:19:20.506+0100] {processor.py:840} INFO - DAG(s) 'example_xcom' retrieved from /home/philip/de_engineering/airflow_projects/airflow1/venv/lib/python3.10/site-packages/airflow/example_dags/example_xcom.py
[2025-03-10T09:19:20.600+0100] {logging_mixin.py:188} INFO - [2025-03-10T09:19:20.600+0100] {dag.py:3036} INFO - Sync 1 DAGs
[2025-03-10T09:19:20.619+0100] {logging_mixin.py:188} INFO - [2025-03-10T09:19:20.618+0100] {dag.py:3823} INFO - Setting next_dagrun for example_xcom to 2021-01-01 00:00:00+00:00, run_after=2021-01-01 00:00:00+00:00
[2025-03-10T09:19:20.635+0100] {processor.py:183} INFO - Processing /home/philip/de_engineering/airflow_projects/airflow1/venv/lib/python3.10/site-packages/airflow/example_dags/example_xcom.py took 0.146 seconds
[2025-03-10T09:19:50.984+0100] {processor.py:161} INFO - Started process (PID=138839) to work on /home/philip/de_engineering/airflow_projects/airflow1/venv/lib/python3.10/site-packages/airflow/example_dags/example_xcom.py
[2025-03-10T09:19:50.984+0100] {processor.py:830} INFO - Processing file /home/philip/de_engineering/airflow_projects/airflow1/venv/lib/python3.10/site-packages/airflow/example_dags/example_xcom.py for tasks to queue
[2025-03-10T09:19:50.985+0100] {logging_mixin.py:188} INFO - [2025-03-10T09:19:50.985+0100] {dagbag.py:538} INFO - Filling up the DagBag from /home/philip/de_engineering/airflow_projects/airflow1/venv/lib/python3.10/site-packages/airflow/example_dags/example_xcom.py
[2025-03-10T09:19:50.991+0100] {processor.py:840} INFO - DAG(s) 'example_xcom' retrieved from /home/philip/de_engineering/airflow_projects/airflow1/venv/lib/python3.10/site-packages/airflow/example_dags/example_xcom.py
[2025-03-10T09:19:51.012+0100] {logging_mixin.py:188} INFO - [2025-03-10T09:19:51.012+0100] {dag.py:3036} INFO - Sync 1 DAGs
[2025-03-10T09:19:51.030+0100] {logging_mixin.py:188} INFO - [2025-03-10T09:19:51.029+0100] {dag.py:3823} INFO - Setting next_dagrun for example_xcom to 2021-01-01 00:00:00+00:00, run_after=2021-01-01 00:00:00+00:00
[2025-03-10T09:19:51.044+0100] {processor.py:183} INFO - Processing /home/philip/de_engineering/airflow_projects/airflow1/venv/lib/python3.10/site-packages/airflow/example_dags/example_xcom.py took 0.063 seconds
[2025-03-10T09:20:21.467+0100] {processor.py:161} INFO - Started process (PID=139214) to work on /home/philip/de_engineering/airflow_projects/airflow1/venv/lib/python3.10/site-packages/airflow/example_dags/example_xcom.py
[2025-03-10T09:20:21.469+0100] {processor.py:830} INFO - Processing file /home/philip/de_engineering/airflow_projects/airflow1/venv/lib/python3.10/site-packages/airflow/example_dags/example_xcom.py for tasks to queue
[2025-03-10T09:20:21.469+0100] {logging_mixin.py:188} INFO - [2025-03-10T09:20:21.469+0100] {dagbag.py:538} INFO - Filling up the DagBag from /home/philip/de_engineering/airflow_projects/airflow1/venv/lib/python3.10/site-packages/airflow/example_dags/example_xcom.py
[2025-03-10T09:20:21.476+0100] {processor.py:840} INFO - DAG(s) 'example_xcom' retrieved from /home/philip/de_engineering/airflow_projects/airflow1/venv/lib/python3.10/site-packages/airflow/example_dags/example_xcom.py
[2025-03-10T09:20:21.497+0100] {logging_mixin.py:188} INFO - [2025-03-10T09:20:21.497+0100] {dag.py:3036} INFO - Sync 1 DAGs
[2025-03-10T09:20:21.514+0100] {logging_mixin.py:188} INFO - [2025-03-10T09:20:21.514+0100] {dag.py:3823} INFO - Setting next_dagrun for example_xcom to 2021-01-01 00:00:00+00:00, run_after=2021-01-01 00:00:00+00:00
[2025-03-10T09:20:21.528+0100] {processor.py:183} INFO - Processing /home/philip/de_engineering/airflow_projects/airflow1/venv/lib/python3.10/site-packages/airflow/example_dags/example_xcom.py took 0.064 seconds
[2025-03-10T09:20:51.991+0100] {processor.py:161} INFO - Started process (PID=139594) to work on /home/philip/de_engineering/airflow_projects/airflow1/venv/lib/python3.10/site-packages/airflow/example_dags/example_xcom.py
[2025-03-10T09:20:51.992+0100] {processor.py:830} INFO - Processing file /home/philip/de_engineering/airflow_projects/airflow1/venv/lib/python3.10/site-packages/airflow/example_dags/example_xcom.py for tasks to queue
[2025-03-10T09:20:51.993+0100] {logging_mixin.py:188} INFO - [2025-03-10T09:20:51.992+0100] {dagbag.py:538} INFO - Filling up the DagBag from /home/philip/de_engineering/airflow_projects/airflow1/venv/lib/python3.10/site-packages/airflow/example_dags/example_xcom.py
[2025-03-10T09:20:51.999+0100] {processor.py:840} INFO - DAG(s) 'example_xcom' retrieved from /home/philip/de_engineering/airflow_projects/airflow1/venv/lib/python3.10/site-packages/airflow/example_dags/example_xcom.py
[2025-03-10T09:20:52.021+0100] {logging_mixin.py:188} INFO - [2025-03-10T09:20:52.021+0100] {dag.py:3036} INFO - Sync 1 DAGs
[2025-03-10T09:20:52.039+0100] {logging_mixin.py:188} INFO - [2025-03-10T09:20:52.038+0100] {dag.py:3823} INFO - Setting next_dagrun for example_xcom to 2021-01-01 00:00:00+00:00, run_after=2021-01-01 00:00:00+00:00
[2025-03-10T09:20:52.054+0100] {processor.py:183} INFO - Processing /home/philip/de_engineering/airflow_projects/airflow1/venv/lib/python3.10/site-packages/airflow/example_dags/example_xcom.py took 0.066 seconds
[2025-03-10T09:21:22.443+0100] {processor.py:161} INFO - Started process (PID=139977) to work on /home/philip/de_engineering/airflow_projects/airflow1/venv/lib/python3.10/site-packages/airflow/example_dags/example_xcom.py
[2025-03-10T09:21:22.444+0100] {processor.py:830} INFO - Processing file /home/philip/de_engineering/airflow_projects/airflow1/venv/lib/python3.10/site-packages/airflow/example_dags/example_xcom.py for tasks to queue
[2025-03-10T09:21:22.445+0100] {logging_mixin.py:188} INFO - [2025-03-10T09:21:22.445+0100] {dagbag.py:538} INFO - Filling up the DagBag from /home/philip/de_engineering/airflow_projects/airflow1/venv/lib/python3.10/site-packages/airflow/example_dags/example_xcom.py
[2025-03-10T09:21:22.452+0100] {processor.py:840} INFO - DAG(s) 'example_xcom' retrieved from /home/philip/de_engineering/airflow_projects/airflow1/venv/lib/python3.10/site-packages/airflow/example_dags/example_xcom.py
[2025-03-10T09:21:22.471+0100] {logging_mixin.py:188} INFO - [2025-03-10T09:21:22.471+0100] {dag.py:3036} INFO - Sync 1 DAGs
[2025-03-10T09:21:22.489+0100] {logging_mixin.py:188} INFO - [2025-03-10T09:21:22.489+0100] {dag.py:3823} INFO - Setting next_dagrun for example_xcom to 2021-01-01 00:00:00+00:00, run_after=2021-01-01 00:00:00+00:00
[2025-03-10T09:21:22.503+0100] {processor.py:183} INFO - Processing /home/philip/de_engineering/airflow_projects/airflow1/venv/lib/python3.10/site-packages/airflow/example_dags/example_xcom.py took 0.063 seconds
[2025-03-10T09:21:52.725+0100] {processor.py:161} INFO - Started process (PID=140353) to work on /home/philip/de_engineering/airflow_projects/airflow1/venv/lib/python3.10/site-packages/airflow/example_dags/example_xcom.py
[2025-03-10T09:21:52.726+0100] {processor.py:830} INFO - Processing file /home/philip/de_engineering/airflow_projects/airflow1/venv/lib/python3.10/site-packages/airflow/example_dags/example_xcom.py for tasks to queue
[2025-03-10T09:21:52.727+0100] {logging_mixin.py:188} INFO - [2025-03-10T09:21:52.727+0100] {dagbag.py:538} INFO - Filling up the DagBag from /home/philip/de_engineering/airflow_projects/airflow1/venv/lib/python3.10/site-packages/airflow/example_dags/example_xcom.py
[2025-03-10T09:21:52.733+0100] {processor.py:840} INFO - DAG(s) 'example_xcom' retrieved from /home/philip/de_engineering/airflow_projects/airflow1/venv/lib/python3.10/site-packages/airflow/example_dags/example_xcom.py
[2025-03-10T09:21:52.755+0100] {logging_mixin.py:188} INFO - [2025-03-10T09:21:52.755+0100] {dag.py:3036} INFO - Sync 1 DAGs
[2025-03-10T09:21:52.773+0100] {logging_mixin.py:188} INFO - [2025-03-10T09:21:52.773+0100] {dag.py:3823} INFO - Setting next_dagrun for example_xcom to 2021-01-01 00:00:00+00:00, run_after=2021-01-01 00:00:00+00:00
[2025-03-10T09:21:52.787+0100] {processor.py:183} INFO - Processing /home/philip/de_engineering/airflow_projects/airflow1/venv/lib/python3.10/site-packages/airflow/example_dags/example_xcom.py took 0.065 seconds
[2025-03-10T09:22:22.993+0100] {processor.py:161} INFO - Started process (PID=140734) to work on /home/philip/de_engineering/airflow_projects/airflow1/venv/lib/python3.10/site-packages/airflow/example_dags/example_xcom.py
[2025-03-10T09:22:22.994+0100] {processor.py:830} INFO - Processing file /home/philip/de_engineering/airflow_projects/airflow1/venv/lib/python3.10/site-packages/airflow/example_dags/example_xcom.py for tasks to queue
[2025-03-10T09:22:22.995+0100] {logging_mixin.py:188} INFO - [2025-03-10T09:22:22.995+0100] {dagbag.py:538} INFO - Filling up the DagBag from /home/philip/de_engineering/airflow_projects/airflow1/venv/lib/python3.10/site-packages/airflow/example_dags/example_xcom.py
[2025-03-10T09:22:23.002+0100] {processor.py:840} INFO - DAG(s) 'example_xcom' retrieved from /home/philip/de_engineering/airflow_projects/airflow1/venv/lib/python3.10/site-packages/airflow/example_dags/example_xcom.py
[2025-03-10T09:22:23.023+0100] {logging_mixin.py:188} INFO - [2025-03-10T09:22:23.022+0100] {dag.py:3036} INFO - Sync 1 DAGs
[2025-03-10T09:22:23.041+0100] {logging_mixin.py:188} INFO - [2025-03-10T09:22:23.040+0100] {dag.py:3823} INFO - Setting next_dagrun for example_xcom to 2021-01-01 00:00:00+00:00, run_after=2021-01-01 00:00:00+00:00
[2025-03-10T09:22:23.055+0100] {processor.py:183} INFO - Processing /home/philip/de_engineering/airflow_projects/airflow1/venv/lib/python3.10/site-packages/airflow/example_dags/example_xcom.py took 0.065 seconds
[2025-03-10T09:22:53.174+0100] {processor.py:161} INFO - Started process (PID=141108) to work on /home/philip/de_engineering/airflow_projects/airflow1/venv/lib/python3.10/site-packages/airflow/example_dags/example_xcom.py
[2025-03-10T09:22:53.175+0100] {processor.py:830} INFO - Processing file /home/philip/de_engineering/airflow_projects/airflow1/venv/lib/python3.10/site-packages/airflow/example_dags/example_xcom.py for tasks to queue
[2025-03-10T09:22:53.176+0100] {logging_mixin.py:188} INFO - [2025-03-10T09:22:53.175+0100] {dagbag.py:538} INFO - Filling up the DagBag from /home/philip/de_engineering/airflow_projects/airflow1/venv/lib/python3.10/site-packages/airflow/example_dags/example_xcom.py
[2025-03-10T09:22:53.182+0100] {processor.py:840} INFO - DAG(s) 'example_xcom' retrieved from /home/philip/de_engineering/airflow_projects/airflow1/venv/lib/python3.10/site-packages/airflow/example_dags/example_xcom.py
[2025-03-10T09:22:53.203+0100] {logging_mixin.py:188} INFO - [2025-03-10T09:22:53.203+0100] {dag.py:3036} INFO - Sync 1 DAGs
[2025-03-10T09:22:53.221+0100] {logging_mixin.py:188} INFO - [2025-03-10T09:22:53.221+0100] {dag.py:3823} INFO - Setting next_dagrun for example_xcom to 2021-01-01 00:00:00+00:00, run_after=2021-01-01 00:00:00+00:00
[2025-03-10T09:22:53.236+0100] {processor.py:183} INFO - Processing /home/philip/de_engineering/airflow_projects/airflow1/venv/lib/python3.10/site-packages/airflow/example_dags/example_xcom.py took 0.065 seconds
[2025-03-10T09:23:23.431+0100] {processor.py:161} INFO - Started process (PID=141491) to work on /home/philip/de_engineering/airflow_projects/airflow1/venv/lib/python3.10/site-packages/airflow/example_dags/example_xcom.py
[2025-03-10T09:23:23.432+0100] {processor.py:830} INFO - Processing file /home/philip/de_engineering/airflow_projects/airflow1/venv/lib/python3.10/site-packages/airflow/example_dags/example_xcom.py for tasks to queue
[2025-03-10T09:23:23.433+0100] {logging_mixin.py:188} INFO - [2025-03-10T09:23:23.433+0100] {dagbag.py:538} INFO - Filling up the DagBag from /home/philip/de_engineering/airflow_projects/airflow1/venv/lib/python3.10/site-packages/airflow/example_dags/example_xcom.py
[2025-03-10T09:23:23.442+0100] {processor.py:840} INFO - DAG(s) 'example_xcom' retrieved from /home/philip/de_engineering/airflow_projects/airflow1/venv/lib/python3.10/site-packages/airflow/example_dags/example_xcom.py
[2025-03-10T09:23:23.465+0100] {logging_mixin.py:188} INFO - [2025-03-10T09:23:23.465+0100] {dag.py:3036} INFO - Sync 1 DAGs
[2025-03-10T09:23:23.483+0100] {logging_mixin.py:188} INFO - [2025-03-10T09:23:23.483+0100] {dag.py:3823} INFO - Setting next_dagrun for example_xcom to 2021-01-01 00:00:00+00:00, run_after=2021-01-01 00:00:00+00:00
[2025-03-10T09:23:23.498+0100] {processor.py:183} INFO - Processing /home/philip/de_engineering/airflow_projects/airflow1/venv/lib/python3.10/site-packages/airflow/example_dags/example_xcom.py took 0.070 seconds
[2025-03-10T09:23:53.786+0100] {processor.py:161} INFO - Started process (PID=141869) to work on /home/philip/de_engineering/airflow_projects/airflow1/venv/lib/python3.10/site-packages/airflow/example_dags/example_xcom.py
[2025-03-10T09:23:53.788+0100] {processor.py:830} INFO - Processing file /home/philip/de_engineering/airflow_projects/airflow1/venv/lib/python3.10/site-packages/airflow/example_dags/example_xcom.py for tasks to queue
[2025-03-10T09:23:53.789+0100] {logging_mixin.py:188} INFO - [2025-03-10T09:23:53.788+0100] {dagbag.py:538} INFO - Filling up the DagBag from /home/philip/de_engineering/airflow_projects/airflow1/venv/lib/python3.10/site-packages/airflow/example_dags/example_xcom.py
[2025-03-10T09:23:53.796+0100] {processor.py:840} INFO - DAG(s) 'example_xcom' retrieved from /home/philip/de_engineering/airflow_projects/airflow1/venv/lib/python3.10/site-packages/airflow/example_dags/example_xcom.py
[2025-03-10T09:23:53.816+0100] {logging_mixin.py:188} INFO - [2025-03-10T09:23:53.816+0100] {dag.py:3036} INFO - Sync 1 DAGs
[2025-03-10T09:23:53.834+0100] {logging_mixin.py:188} INFO - [2025-03-10T09:23:53.833+0100] {dag.py:3823} INFO - Setting next_dagrun for example_xcom to 2021-01-01 00:00:00+00:00, run_after=2021-01-01 00:00:00+00:00
[2025-03-10T09:23:53.847+0100] {processor.py:183} INFO - Processing /home/philip/de_engineering/airflow_projects/airflow1/venv/lib/python3.10/site-packages/airflow/example_dags/example_xcom.py took 0.063 seconds
[2025-03-10T09:24:24.085+0100] {processor.py:161} INFO - Started process (PID=142247) to work on /home/philip/de_engineering/airflow_projects/airflow1/venv/lib/python3.10/site-packages/airflow/example_dags/example_xcom.py
[2025-03-10T09:24:24.086+0100] {processor.py:830} INFO - Processing file /home/philip/de_engineering/airflow_projects/airflow1/venv/lib/python3.10/site-packages/airflow/example_dags/example_xcom.py for tasks to queue
[2025-03-10T09:24:24.087+0100] {logging_mixin.py:188} INFO - [2025-03-10T09:24:24.086+0100] {dagbag.py:538} INFO - Filling up the DagBag from /home/philip/de_engineering/airflow_projects/airflow1/venv/lib/python3.10/site-packages/airflow/example_dags/example_xcom.py
[2025-03-10T09:24:24.094+0100] {processor.py:840} INFO - DAG(s) 'example_xcom' retrieved from /home/philip/de_engineering/airflow_projects/airflow1/venv/lib/python3.10/site-packages/airflow/example_dags/example_xcom.py
[2025-03-10T09:24:24.118+0100] {logging_mixin.py:188} INFO - [2025-03-10T09:24:24.118+0100] {dag.py:3036} INFO - Sync 1 DAGs
[2025-03-10T09:24:24.137+0100] {logging_mixin.py:188} INFO - [2025-03-10T09:24:24.136+0100] {dag.py:3823} INFO - Setting next_dagrun for example_xcom to 2021-01-01 00:00:00+00:00, run_after=2021-01-01 00:00:00+00:00
[2025-03-10T09:24:24.153+0100] {processor.py:183} INFO - Processing /home/philip/de_engineering/airflow_projects/airflow1/venv/lib/python3.10/site-packages/airflow/example_dags/example_xcom.py took 0.071 seconds
[2025-03-10T09:24:54.541+0100] {processor.py:161} INFO - Started process (PID=142628) to work on /home/philip/de_engineering/airflow_projects/airflow1/venv/lib/python3.10/site-packages/airflow/example_dags/example_xcom.py
[2025-03-10T09:24:54.543+0100] {processor.py:830} INFO - Processing file /home/philip/de_engineering/airflow_projects/airflow1/venv/lib/python3.10/site-packages/airflow/example_dags/example_xcom.py for tasks to queue
[2025-03-10T09:24:54.543+0100] {logging_mixin.py:188} INFO - [2025-03-10T09:24:54.543+0100] {dagbag.py:538} INFO - Filling up the DagBag from /home/philip/de_engineering/airflow_projects/airflow1/venv/lib/python3.10/site-packages/airflow/example_dags/example_xcom.py
[2025-03-10T09:24:54.550+0100] {processor.py:840} INFO - DAG(s) 'example_xcom' retrieved from /home/philip/de_engineering/airflow_projects/airflow1/venv/lib/python3.10/site-packages/airflow/example_dags/example_xcom.py
[2025-03-10T09:24:54.570+0100] {logging_mixin.py:188} INFO - [2025-03-10T09:24:54.570+0100] {dag.py:3036} INFO - Sync 1 DAGs
[2025-03-10T09:24:54.587+0100] {logging_mixin.py:188} INFO - [2025-03-10T09:24:54.586+0100] {dag.py:3823} INFO - Setting next_dagrun for example_xcom to 2021-01-01 00:00:00+00:00, run_after=2021-01-01 00:00:00+00:00
[2025-03-10T09:24:54.600+0100] {processor.py:183} INFO - Processing /home/philip/de_engineering/airflow_projects/airflow1/venv/lib/python3.10/site-packages/airflow/example_dags/example_xcom.py took 0.062 seconds
[2025-03-10T09:25:24.692+0100] {processor.py:161} INFO - Started process (PID=143007) to work on /home/philip/de_engineering/airflow_projects/airflow1/venv/lib/python3.10/site-packages/airflow/example_dags/example_xcom.py
[2025-03-10T09:25:24.693+0100] {processor.py:830} INFO - Processing file /home/philip/de_engineering/airflow_projects/airflow1/venv/lib/python3.10/site-packages/airflow/example_dags/example_xcom.py for tasks to queue
[2025-03-10T09:25:24.694+0100] {logging_mixin.py:188} INFO - [2025-03-10T09:25:24.694+0100] {dagbag.py:538} INFO - Filling up the DagBag from /home/philip/de_engineering/airflow_projects/airflow1/venv/lib/python3.10/site-packages/airflow/example_dags/example_xcom.py
[2025-03-10T09:25:24.700+0100] {processor.py:840} INFO - DAG(s) 'example_xcom' retrieved from /home/philip/de_engineering/airflow_projects/airflow1/venv/lib/python3.10/site-packages/airflow/example_dags/example_xcom.py
[2025-03-10T09:25:24.724+0100] {logging_mixin.py:188} INFO - [2025-03-10T09:25:24.723+0100] {dag.py:3036} INFO - Sync 1 DAGs
[2025-03-10T09:25:24.741+0100] {logging_mixin.py:188} INFO - [2025-03-10T09:25:24.741+0100] {dag.py:3823} INFO - Setting next_dagrun for example_xcom to 2021-01-01 00:00:00+00:00, run_after=2021-01-01 00:00:00+00:00
[2025-03-10T09:25:24.755+0100] {processor.py:183} INFO - Processing /home/philip/de_engineering/airflow_projects/airflow1/venv/lib/python3.10/site-packages/airflow/example_dags/example_xcom.py took 0.066 seconds
[2025-03-10T09:25:54.973+0100] {processor.py:161} INFO - Started process (PID=143388) to work on /home/philip/de_engineering/airflow_projects/airflow1/venv/lib/python3.10/site-packages/airflow/example_dags/example_xcom.py
[2025-03-10T09:25:54.974+0100] {processor.py:830} INFO - Processing file /home/philip/de_engineering/airflow_projects/airflow1/venv/lib/python3.10/site-packages/airflow/example_dags/example_xcom.py for tasks to queue
[2025-03-10T09:25:54.975+0100] {logging_mixin.py:188} INFO - [2025-03-10T09:25:54.974+0100] {dagbag.py:538} INFO - Filling up the DagBag from /home/philip/de_engineering/airflow_projects/airflow1/venv/lib/python3.10/site-packages/airflow/example_dags/example_xcom.py
[2025-03-10T09:25:54.981+0100] {processor.py:840} INFO - DAG(s) 'example_xcom' retrieved from /home/philip/de_engineering/airflow_projects/airflow1/venv/lib/python3.10/site-packages/airflow/example_dags/example_xcom.py
[2025-03-10T09:25:55.002+0100] {logging_mixin.py:188} INFO - [2025-03-10T09:25:55.002+0100] {dag.py:3036} INFO - Sync 1 DAGs
[2025-03-10T09:25:55.019+0100] {logging_mixin.py:188} INFO - [2025-03-10T09:25:55.019+0100] {dag.py:3823} INFO - Setting next_dagrun for example_xcom to 2021-01-01 00:00:00+00:00, run_after=2021-01-01 00:00:00+00:00
[2025-03-10T09:25:55.035+0100] {processor.py:183} INFO - Processing /home/philip/de_engineering/airflow_projects/airflow1/venv/lib/python3.10/site-packages/airflow/example_dags/example_xcom.py took 0.065 seconds
[2025-03-10T09:26:25.427+0100] {processor.py:161} INFO - Started process (PID=143762) to work on /home/philip/de_engineering/airflow_projects/airflow1/venv/lib/python3.10/site-packages/airflow/example_dags/example_xcom.py
[2025-03-10T09:26:25.427+0100] {processor.py:830} INFO - Processing file /home/philip/de_engineering/airflow_projects/airflow1/venv/lib/python3.10/site-packages/airflow/example_dags/example_xcom.py for tasks to queue
[2025-03-10T09:26:25.428+0100] {logging_mixin.py:188} INFO - [2025-03-10T09:26:25.428+0100] {dagbag.py:538} INFO - Filling up the DagBag from /home/philip/de_engineering/airflow_projects/airflow1/venv/lib/python3.10/site-packages/airflow/example_dags/example_xcom.py
[2025-03-10T09:26:25.434+0100] {processor.py:840} INFO - DAG(s) 'example_xcom' retrieved from /home/philip/de_engineering/airflow_projects/airflow1/venv/lib/python3.10/site-packages/airflow/example_dags/example_xcom.py
[2025-03-10T09:26:25.455+0100] {logging_mixin.py:188} INFO - [2025-03-10T09:26:25.455+0100] {dag.py:3036} INFO - Sync 1 DAGs
[2025-03-10T09:26:25.473+0100] {logging_mixin.py:188} INFO - [2025-03-10T09:26:25.473+0100] {dag.py:3823} INFO - Setting next_dagrun for example_xcom to 2021-01-01 00:00:00+00:00, run_after=2021-01-01 00:00:00+00:00
[2025-03-10T09:26:25.490+0100] {processor.py:183} INFO - Processing /home/philip/de_engineering/airflow_projects/airflow1/venv/lib/python3.10/site-packages/airflow/example_dags/example_xcom.py took 0.067 seconds
[2025-03-10T09:26:55.873+0100] {processor.py:161} INFO - Started process (PID=144143) to work on /home/philip/de_engineering/airflow_projects/airflow1/venv/lib/python3.10/site-packages/airflow/example_dags/example_xcom.py
[2025-03-10T09:26:55.875+0100] {processor.py:830} INFO - Processing file /home/philip/de_engineering/airflow_projects/airflow1/venv/lib/python3.10/site-packages/airflow/example_dags/example_xcom.py for tasks to queue
[2025-03-10T09:26:55.875+0100] {logging_mixin.py:188} INFO - [2025-03-10T09:26:55.875+0100] {dagbag.py:538} INFO - Filling up the DagBag from /home/philip/de_engineering/airflow_projects/airflow1/venv/lib/python3.10/site-packages/airflow/example_dags/example_xcom.py
[2025-03-10T09:26:55.882+0100] {processor.py:840} INFO - DAG(s) 'example_xcom' retrieved from /home/philip/de_engineering/airflow_projects/airflow1/venv/lib/python3.10/site-packages/airflow/example_dags/example_xcom.py
[2025-03-10T09:26:55.904+0100] {logging_mixin.py:188} INFO - [2025-03-10T09:26:55.903+0100] {dag.py:3036} INFO - Sync 1 DAGs
[2025-03-10T09:26:55.926+0100] {logging_mixin.py:188} INFO - [2025-03-10T09:26:55.926+0100] {dag.py:3823} INFO - Setting next_dagrun for example_xcom to 2021-01-01 00:00:00+00:00, run_after=2021-01-01 00:00:00+00:00
[2025-03-10T09:26:55.944+0100] {processor.py:183} INFO - Processing /home/philip/de_engineering/airflow_projects/airflow1/venv/lib/python3.10/site-packages/airflow/example_dags/example_xcom.py took 0.074 seconds
[2025-03-10T09:27:26.078+0100] {processor.py:161} INFO - Started process (PID=144523) to work on /home/philip/de_engineering/airflow_projects/airflow1/venv/lib/python3.10/site-packages/airflow/example_dags/example_xcom.py
[2025-03-10T09:27:26.079+0100] {processor.py:830} INFO - Processing file /home/philip/de_engineering/airflow_projects/airflow1/venv/lib/python3.10/site-packages/airflow/example_dags/example_xcom.py for tasks to queue
[2025-03-10T09:27:26.079+0100] {logging_mixin.py:188} INFO - [2025-03-10T09:27:26.079+0100] {dagbag.py:538} INFO - Filling up the DagBag from /home/philip/de_engineering/airflow_projects/airflow1/venv/lib/python3.10/site-packages/airflow/example_dags/example_xcom.py
[2025-03-10T09:27:26.086+0100] {processor.py:840} INFO - DAG(s) 'example_xcom' retrieved from /home/philip/de_engineering/airflow_projects/airflow1/venv/lib/python3.10/site-packages/airflow/example_dags/example_xcom.py
[2025-03-10T09:27:26.106+0100] {logging_mixin.py:188} INFO - [2025-03-10T09:27:26.106+0100] {dag.py:3036} INFO - Sync 1 DAGs
[2025-03-10T09:27:26.123+0100] {logging_mixin.py:188} INFO - [2025-03-10T09:27:26.123+0100] {dag.py:3823} INFO - Setting next_dagrun for example_xcom to 2021-01-01 00:00:00+00:00, run_after=2021-01-01 00:00:00+00:00
[2025-03-10T09:27:26.138+0100] {processor.py:183} INFO - Processing /home/philip/de_engineering/airflow_projects/airflow1/venv/lib/python3.10/site-packages/airflow/example_dags/example_xcom.py took 0.063 seconds
[2025-03-10T09:27:56.334+0100] {processor.py:161} INFO - Started process (PID=144898) to work on /home/philip/de_engineering/airflow_projects/airflow1/venv/lib/python3.10/site-packages/airflow/example_dags/example_xcom.py
[2025-03-10T09:27:56.335+0100] {processor.py:830} INFO - Processing file /home/philip/de_engineering/airflow_projects/airflow1/venv/lib/python3.10/site-packages/airflow/example_dags/example_xcom.py for tasks to queue
[2025-03-10T09:27:56.336+0100] {logging_mixin.py:188} INFO - [2025-03-10T09:27:56.336+0100] {dagbag.py:538} INFO - Filling up the DagBag from /home/philip/de_engineering/airflow_projects/airflow1/venv/lib/python3.10/site-packages/airflow/example_dags/example_xcom.py
[2025-03-10T09:27:56.343+0100] {processor.py:840} INFO - DAG(s) 'example_xcom' retrieved from /home/philip/de_engineering/airflow_projects/airflow1/venv/lib/python3.10/site-packages/airflow/example_dags/example_xcom.py
[2025-03-10T09:27:56.363+0100] {logging_mixin.py:188} INFO - [2025-03-10T09:27:56.363+0100] {dag.py:3036} INFO - Sync 1 DAGs
[2025-03-10T09:27:56.380+0100] {logging_mixin.py:188} INFO - [2025-03-10T09:27:56.380+0100] {dag.py:3823} INFO - Setting next_dagrun for example_xcom to 2021-01-01 00:00:00+00:00, run_after=2021-01-01 00:00:00+00:00
[2025-03-10T09:27:56.394+0100] {processor.py:183} INFO - Processing /home/philip/de_engineering/airflow_projects/airflow1/venv/lib/python3.10/site-packages/airflow/example_dags/example_xcom.py took 0.064 seconds
[2025-03-10T09:28:26.687+0100] {processor.py:161} INFO - Started process (PID=145278) to work on /home/philip/de_engineering/airflow_projects/airflow1/venv/lib/python3.10/site-packages/airflow/example_dags/example_xcom.py
[2025-03-10T09:28:26.688+0100] {processor.py:830} INFO - Processing file /home/philip/de_engineering/airflow_projects/airflow1/venv/lib/python3.10/site-packages/airflow/example_dags/example_xcom.py for tasks to queue
[2025-03-10T09:28:26.688+0100] {logging_mixin.py:188} INFO - [2025-03-10T09:28:26.688+0100] {dagbag.py:538} INFO - Filling up the DagBag from /home/philip/de_engineering/airflow_projects/airflow1/venv/lib/python3.10/site-packages/airflow/example_dags/example_xcom.py
[2025-03-10T09:28:26.695+0100] {processor.py:840} INFO - DAG(s) 'example_xcom' retrieved from /home/philip/de_engineering/airflow_projects/airflow1/venv/lib/python3.10/site-packages/airflow/example_dags/example_xcom.py
[2025-03-10T09:28:26.716+0100] {logging_mixin.py:188} INFO - [2025-03-10T09:28:26.715+0100] {dag.py:3036} INFO - Sync 1 DAGs
[2025-03-10T09:28:26.732+0100] {logging_mixin.py:188} INFO - [2025-03-10T09:28:26.732+0100] {dag.py:3823} INFO - Setting next_dagrun for example_xcom to 2021-01-01 00:00:00+00:00, run_after=2021-01-01 00:00:00+00:00
[2025-03-10T09:28:26.747+0100] {processor.py:183} INFO - Processing /home/philip/de_engineering/airflow_projects/airflow1/venv/lib/python3.10/site-packages/airflow/example_dags/example_xcom.py took 0.063 seconds
[2025-03-10T09:28:56.852+0100] {processor.py:161} INFO - Started process (PID=145655) to work on /home/philip/de_engineering/airflow_projects/airflow1/venv/lib/python3.10/site-packages/airflow/example_dags/example_xcom.py
[2025-03-10T09:28:56.853+0100] {processor.py:830} INFO - Processing file /home/philip/de_engineering/airflow_projects/airflow1/venv/lib/python3.10/site-packages/airflow/example_dags/example_xcom.py for tasks to queue
[2025-03-10T09:28:56.854+0100] {logging_mixin.py:188} INFO - [2025-03-10T09:28:56.854+0100] {dagbag.py:538} INFO - Filling up the DagBag from /home/philip/de_engineering/airflow_projects/airflow1/venv/lib/python3.10/site-packages/airflow/example_dags/example_xcom.py
[2025-03-10T09:28:56.860+0100] {processor.py:840} INFO - DAG(s) 'example_xcom' retrieved from /home/philip/de_engineering/airflow_projects/airflow1/venv/lib/python3.10/site-packages/airflow/example_dags/example_xcom.py
[2025-03-10T09:28:56.879+0100] {logging_mixin.py:188} INFO - [2025-03-10T09:28:56.879+0100] {dag.py:3036} INFO - Sync 1 DAGs
[2025-03-10T09:28:56.896+0100] {logging_mixin.py:188} INFO - [2025-03-10T09:28:56.895+0100] {dag.py:3823} INFO - Setting next_dagrun for example_xcom to 2021-01-01 00:00:00+00:00, run_after=2021-01-01 00:00:00+00:00
[2025-03-10T09:28:56.909+0100] {processor.py:183} INFO - Processing /home/philip/de_engineering/airflow_projects/airflow1/venv/lib/python3.10/site-packages/airflow/example_dags/example_xcom.py took 0.060 seconds
[2025-03-10T09:29:27.079+0100] {processor.py:161} INFO - Started process (PID=146035) to work on /home/philip/de_engineering/airflow_projects/airflow1/venv/lib/python3.10/site-packages/airflow/example_dags/example_xcom.py
[2025-03-10T09:29:27.080+0100] {processor.py:830} INFO - Processing file /home/philip/de_engineering/airflow_projects/airflow1/venv/lib/python3.10/site-packages/airflow/example_dags/example_xcom.py for tasks to queue
[2025-03-10T09:29:27.080+0100] {logging_mixin.py:188} INFO - [2025-03-10T09:29:27.080+0100] {dagbag.py:538} INFO - Filling up the DagBag from /home/philip/de_engineering/airflow_projects/airflow1/venv/lib/python3.10/site-packages/airflow/example_dags/example_xcom.py
[2025-03-10T09:29:27.086+0100] {processor.py:840} INFO - DAG(s) 'example_xcom' retrieved from /home/philip/de_engineering/airflow_projects/airflow1/venv/lib/python3.10/site-packages/airflow/example_dags/example_xcom.py
[2025-03-10T09:29:27.106+0100] {logging_mixin.py:188} INFO - [2025-03-10T09:29:27.106+0100] {dag.py:3036} INFO - Sync 1 DAGs
[2025-03-10T09:29:27.123+0100] {logging_mixin.py:188} INFO - [2025-03-10T09:29:27.123+0100] {dag.py:3823} INFO - Setting next_dagrun for example_xcom to 2021-01-01 00:00:00+00:00, run_after=2021-01-01 00:00:00+00:00
[2025-03-10T09:29:27.137+0100] {processor.py:183} INFO - Processing /home/philip/de_engineering/airflow_projects/airflow1/venv/lib/python3.10/site-packages/airflow/example_dags/example_xcom.py took 0.061 seconds
[2025-03-10T09:29:57.235+0100] {processor.py:161} INFO - Started process (PID=146410) to work on /home/philip/de_engineering/airflow_projects/airflow1/venv/lib/python3.10/site-packages/airflow/example_dags/example_xcom.py
[2025-03-10T09:29:57.236+0100] {processor.py:830} INFO - Processing file /home/philip/de_engineering/airflow_projects/airflow1/venv/lib/python3.10/site-packages/airflow/example_dags/example_xcom.py for tasks to queue
[2025-03-10T09:29:57.237+0100] {logging_mixin.py:188} INFO - [2025-03-10T09:29:57.237+0100] {dagbag.py:538} INFO - Filling up the DagBag from /home/philip/de_engineering/airflow_projects/airflow1/venv/lib/python3.10/site-packages/airflow/example_dags/example_xcom.py
[2025-03-10T09:29:57.244+0100] {processor.py:840} INFO - DAG(s) 'example_xcom' retrieved from /home/philip/de_engineering/airflow_projects/airflow1/venv/lib/python3.10/site-packages/airflow/example_dags/example_xcom.py
[2025-03-10T09:29:57.265+0100] {logging_mixin.py:188} INFO - [2025-03-10T09:29:57.265+0100] {dag.py:3036} INFO - Sync 1 DAGs
[2025-03-10T09:29:57.282+0100] {logging_mixin.py:188} INFO - [2025-03-10T09:29:57.281+0100] {dag.py:3823} INFO - Setting next_dagrun for example_xcom to 2021-01-01 00:00:00+00:00, run_after=2021-01-01 00:00:00+00:00
[2025-03-10T09:29:57.297+0100] {processor.py:183} INFO - Processing /home/philip/de_engineering/airflow_projects/airflow1/venv/lib/python3.10/site-packages/airflow/example_dags/example_xcom.py took 0.064 seconds
[2025-03-10T09:30:27.480+0100] {processor.py:161} INFO - Started process (PID=146791) to work on /home/philip/de_engineering/airflow_projects/airflow1/venv/lib/python3.10/site-packages/airflow/example_dags/example_xcom.py
[2025-03-10T09:30:27.481+0100] {processor.py:830} INFO - Processing file /home/philip/de_engineering/airflow_projects/airflow1/venv/lib/python3.10/site-packages/airflow/example_dags/example_xcom.py for tasks to queue
[2025-03-10T09:30:27.481+0100] {logging_mixin.py:188} INFO - [2025-03-10T09:30:27.481+0100] {dagbag.py:538} INFO - Filling up the DagBag from /home/philip/de_engineering/airflow_projects/airflow1/venv/lib/python3.10/site-packages/airflow/example_dags/example_xcom.py
[2025-03-10T09:30:27.488+0100] {processor.py:840} INFO - DAG(s) 'example_xcom' retrieved from /home/philip/de_engineering/airflow_projects/airflow1/venv/lib/python3.10/site-packages/airflow/example_dags/example_xcom.py
[2025-03-10T09:30:27.510+0100] {logging_mixin.py:188} INFO - [2025-03-10T09:30:27.510+0100] {dag.py:3036} INFO - Sync 1 DAGs
[2025-03-10T09:30:27.529+0100] {logging_mixin.py:188} INFO - [2025-03-10T09:30:27.528+0100] {dag.py:3823} INFO - Setting next_dagrun for example_xcom to 2021-01-01 00:00:00+00:00, run_after=2021-01-01 00:00:00+00:00
[2025-03-10T09:30:27.545+0100] {processor.py:183} INFO - Processing /home/philip/de_engineering/airflow_projects/airflow1/venv/lib/python3.10/site-packages/airflow/example_dags/example_xcom.py took 0.067 seconds
[2025-03-10T09:30:57.616+0100] {processor.py:161} INFO - Started process (PID=147166) to work on /home/philip/de_engineering/airflow_projects/airflow1/venv/lib/python3.10/site-packages/airflow/example_dags/example_xcom.py
[2025-03-10T09:30:57.618+0100] {processor.py:830} INFO - Processing file /home/philip/de_engineering/airflow_projects/airflow1/venv/lib/python3.10/site-packages/airflow/example_dags/example_xcom.py for tasks to queue
[2025-03-10T09:30:57.618+0100] {logging_mixin.py:188} INFO - [2025-03-10T09:30:57.618+0100] {dagbag.py:538} INFO - Filling up the DagBag from /home/philip/de_engineering/airflow_projects/airflow1/venv/lib/python3.10/site-packages/airflow/example_dags/example_xcom.py
[2025-03-10T09:30:57.625+0100] {processor.py:840} INFO - DAG(s) 'example_xcom' retrieved from /home/philip/de_engineering/airflow_projects/airflow1/venv/lib/python3.10/site-packages/airflow/example_dags/example_xcom.py
[2025-03-10T09:30:57.645+0100] {logging_mixin.py:188} INFO - [2025-03-10T09:30:57.645+0100] {dag.py:3036} INFO - Sync 1 DAGs
[2025-03-10T09:30:57.662+0100] {logging_mixin.py:188} INFO - [2025-03-10T09:30:57.662+0100] {dag.py:3823} INFO - Setting next_dagrun for example_xcom to 2021-01-01 00:00:00+00:00, run_after=2021-01-01 00:00:00+00:00
[2025-03-10T09:30:57.676+0100] {processor.py:183} INFO - Processing /home/philip/de_engineering/airflow_projects/airflow1/venv/lib/python3.10/site-packages/airflow/example_dags/example_xcom.py took 0.062 seconds
[2025-03-10T09:31:27.894+0100] {processor.py:161} INFO - Started process (PID=147546) to work on /home/philip/de_engineering/airflow_projects/airflow1/venv/lib/python3.10/site-packages/airflow/example_dags/example_xcom.py
[2025-03-10T09:31:27.895+0100] {processor.py:830} INFO - Processing file /home/philip/de_engineering/airflow_projects/airflow1/venv/lib/python3.10/site-packages/airflow/example_dags/example_xcom.py for tasks to queue
[2025-03-10T09:31:27.896+0100] {logging_mixin.py:188} INFO - [2025-03-10T09:31:27.895+0100] {dagbag.py:538} INFO - Filling up the DagBag from /home/philip/de_engineering/airflow_projects/airflow1/venv/lib/python3.10/site-packages/airflow/example_dags/example_xcom.py
[2025-03-10T09:31:27.902+0100] {processor.py:840} INFO - DAG(s) 'example_xcom' retrieved from /home/philip/de_engineering/airflow_projects/airflow1/venv/lib/python3.10/site-packages/airflow/example_dags/example_xcom.py
[2025-03-10T09:31:27.923+0100] {logging_mixin.py:188} INFO - [2025-03-10T09:31:27.923+0100] {dag.py:3036} INFO - Sync 1 DAGs
[2025-03-10T09:31:27.940+0100] {logging_mixin.py:188} INFO - [2025-03-10T09:31:27.940+0100] {dag.py:3823} INFO - Setting next_dagrun for example_xcom to 2021-01-01 00:00:00+00:00, run_after=2021-01-01 00:00:00+00:00
[2025-03-10T09:31:27.954+0100] {processor.py:183} INFO - Processing /home/philip/de_engineering/airflow_projects/airflow1/venv/lib/python3.10/site-packages/airflow/example_dags/example_xcom.py took 0.063 seconds
[2025-03-10T09:31:58.024+0100] {processor.py:161} INFO - Started process (PID=147921) to work on /home/philip/de_engineering/airflow_projects/airflow1/venv/lib/python3.10/site-packages/airflow/example_dags/example_xcom.py
[2025-03-10T09:31:58.025+0100] {processor.py:830} INFO - Processing file /home/philip/de_engineering/airflow_projects/airflow1/venv/lib/python3.10/site-packages/airflow/example_dags/example_xcom.py for tasks to queue
[2025-03-10T09:31:58.026+0100] {logging_mixin.py:188} INFO - [2025-03-10T09:31:58.026+0100] {dagbag.py:538} INFO - Filling up the DagBag from /home/philip/de_engineering/airflow_projects/airflow1/venv/lib/python3.10/site-packages/airflow/example_dags/example_xcom.py
[2025-03-10T09:31:58.032+0100] {processor.py:840} INFO - DAG(s) 'example_xcom' retrieved from /home/philip/de_engineering/airflow_projects/airflow1/venv/lib/python3.10/site-packages/airflow/example_dags/example_xcom.py
[2025-03-10T09:31:58.052+0100] {logging_mixin.py:188} INFO - [2025-03-10T09:31:58.052+0100] {dag.py:3036} INFO - Sync 1 DAGs
[2025-03-10T09:31:58.069+0100] {logging_mixin.py:188} INFO - [2025-03-10T09:31:58.069+0100] {dag.py:3823} INFO - Setting next_dagrun for example_xcom to 2021-01-01 00:00:00+00:00, run_after=2021-01-01 00:00:00+00:00
[2025-03-10T09:31:58.083+0100] {processor.py:183} INFO - Processing /home/philip/de_engineering/airflow_projects/airflow1/venv/lib/python3.10/site-packages/airflow/example_dags/example_xcom.py took 0.062 seconds
[2025-03-10T09:32:28.202+0100] {processor.py:161} INFO - Started process (PID=148301) to work on /home/philip/de_engineering/airflow_projects/airflow1/venv/lib/python3.10/site-packages/airflow/example_dags/example_xcom.py
[2025-03-10T09:32:28.202+0100] {processor.py:830} INFO - Processing file /home/philip/de_engineering/airflow_projects/airflow1/venv/lib/python3.10/site-packages/airflow/example_dags/example_xcom.py for tasks to queue
[2025-03-10T09:32:28.203+0100] {logging_mixin.py:188} INFO - [2025-03-10T09:32:28.203+0100] {dagbag.py:538} INFO - Filling up the DagBag from /home/philip/de_engineering/airflow_projects/airflow1/venv/lib/python3.10/site-packages/airflow/example_dags/example_xcom.py
[2025-03-10T09:32:28.209+0100] {processor.py:840} INFO - DAG(s) 'example_xcom' retrieved from /home/philip/de_engineering/airflow_projects/airflow1/venv/lib/python3.10/site-packages/airflow/example_dags/example_xcom.py
[2025-03-10T09:32:28.229+0100] {logging_mixin.py:188} INFO - [2025-03-10T09:32:28.229+0100] {dag.py:3036} INFO - Sync 1 DAGs
[2025-03-10T09:32:28.247+0100] {logging_mixin.py:188} INFO - [2025-03-10T09:32:28.246+0100] {dag.py:3823} INFO - Setting next_dagrun for example_xcom to 2021-01-01 00:00:00+00:00, run_after=2021-01-01 00:00:00+00:00
[2025-03-10T09:32:28.260+0100] {processor.py:183} INFO - Processing /home/philip/de_engineering/airflow_projects/airflow1/venv/lib/python3.10/site-packages/airflow/example_dags/example_xcom.py took 0.061 seconds
[2025-03-10T09:32:58.415+0100] {processor.py:161} INFO - Started process (PID=148682) to work on /home/philip/de_engineering/airflow_projects/airflow1/venv/lib/python3.10/site-packages/airflow/example_dags/example_xcom.py
[2025-03-10T09:32:58.416+0100] {processor.py:830} INFO - Processing file /home/philip/de_engineering/airflow_projects/airflow1/venv/lib/python3.10/site-packages/airflow/example_dags/example_xcom.py for tasks to queue
[2025-03-10T09:32:58.417+0100] {logging_mixin.py:188} INFO - [2025-03-10T09:32:58.417+0100] {dagbag.py:538} INFO - Filling up the DagBag from /home/philip/de_engineering/airflow_projects/airflow1/venv/lib/python3.10/site-packages/airflow/example_dags/example_xcom.py
[2025-03-10T09:32:58.424+0100] {processor.py:840} INFO - DAG(s) 'example_xcom' retrieved from /home/philip/de_engineering/airflow_projects/airflow1/venv/lib/python3.10/site-packages/airflow/example_dags/example_xcom.py
[2025-03-10T09:32:58.449+0100] {logging_mixin.py:188} INFO - [2025-03-10T09:32:58.448+0100] {dag.py:3036} INFO - Sync 1 DAGs
[2025-03-10T09:32:58.470+0100] {logging_mixin.py:188} INFO - [2025-03-10T09:32:58.470+0100] {dag.py:3823} INFO - Setting next_dagrun for example_xcom to 2021-01-01 00:00:00+00:00, run_after=2021-01-01 00:00:00+00:00
[2025-03-10T09:32:58.484+0100] {processor.py:183} INFO - Processing /home/philip/de_engineering/airflow_projects/airflow1/venv/lib/python3.10/site-packages/airflow/example_dags/example_xcom.py took 0.072 seconds
[2025-03-10T09:33:28.710+0100] {processor.py:161} INFO - Started process (PID=149058) to work on /home/philip/de_engineering/airflow_projects/airflow1/venv/lib/python3.10/site-packages/airflow/example_dags/example_xcom.py
[2025-03-10T09:33:28.710+0100] {processor.py:830} INFO - Processing file /home/philip/de_engineering/airflow_projects/airflow1/venv/lib/python3.10/site-packages/airflow/example_dags/example_xcom.py for tasks to queue
[2025-03-10T09:33:28.711+0100] {logging_mixin.py:188} INFO - [2025-03-10T09:33:28.711+0100] {dagbag.py:538} INFO - Filling up the DagBag from /home/philip/de_engineering/airflow_projects/airflow1/venv/lib/python3.10/site-packages/airflow/example_dags/example_xcom.py
[2025-03-10T09:33:28.717+0100] {processor.py:840} INFO - DAG(s) 'example_xcom' retrieved from /home/philip/de_engineering/airflow_projects/airflow1/venv/lib/python3.10/site-packages/airflow/example_dags/example_xcom.py
[2025-03-10T09:33:28.738+0100] {logging_mixin.py:188} INFO - [2025-03-10T09:33:28.738+0100] {dag.py:3036} INFO - Sync 1 DAGs
[2025-03-10T09:33:28.755+0100] {logging_mixin.py:188} INFO - [2025-03-10T09:33:28.755+0100] {dag.py:3823} INFO - Setting next_dagrun for example_xcom to 2021-01-01 00:00:00+00:00, run_after=2021-01-01 00:00:00+00:00
[2025-03-10T09:33:28.769+0100] {processor.py:183} INFO - Processing /home/philip/de_engineering/airflow_projects/airflow1/venv/lib/python3.10/site-packages/airflow/example_dags/example_xcom.py took 0.062 seconds
[2025-03-10T09:33:58.911+0100] {processor.py:161} INFO - Started process (PID=149439) to work on /home/philip/de_engineering/airflow_projects/airflow1/venv/lib/python3.10/site-packages/airflow/example_dags/example_xcom.py
[2025-03-10T09:33:58.912+0100] {processor.py:830} INFO - Processing file /home/philip/de_engineering/airflow_projects/airflow1/venv/lib/python3.10/site-packages/airflow/example_dags/example_xcom.py for tasks to queue
[2025-03-10T09:33:58.912+0100] {logging_mixin.py:188} INFO - [2025-03-10T09:33:58.912+0100] {dagbag.py:538} INFO - Filling up the DagBag from /home/philip/de_engineering/airflow_projects/airflow1/venv/lib/python3.10/site-packages/airflow/example_dags/example_xcom.py
[2025-03-10T09:33:58.919+0100] {processor.py:840} INFO - DAG(s) 'example_xcom' retrieved from /home/philip/de_engineering/airflow_projects/airflow1/venv/lib/python3.10/site-packages/airflow/example_dags/example_xcom.py
[2025-03-10T09:33:58.938+0100] {logging_mixin.py:188} INFO - [2025-03-10T09:33:58.938+0100] {dag.py:3036} INFO - Sync 1 DAGs
[2025-03-10T09:33:58.955+0100] {logging_mixin.py:188} INFO - [2025-03-10T09:33:58.955+0100] {dag.py:3823} INFO - Setting next_dagrun for example_xcom to 2021-01-01 00:00:00+00:00, run_after=2021-01-01 00:00:00+00:00
[2025-03-10T09:33:58.968+0100] {processor.py:183} INFO - Processing /home/philip/de_engineering/airflow_projects/airflow1/venv/lib/python3.10/site-packages/airflow/example_dags/example_xcom.py took 0.060 seconds
[2025-03-10T09:34:29.153+0100] {processor.py:161} INFO - Started process (PID=149813) to work on /home/philip/de_engineering/airflow_projects/airflow1/venv/lib/python3.10/site-packages/airflow/example_dags/example_xcom.py
[2025-03-10T09:34:29.153+0100] {processor.py:830} INFO - Processing file /home/philip/de_engineering/airflow_projects/airflow1/venv/lib/python3.10/site-packages/airflow/example_dags/example_xcom.py for tasks to queue
[2025-03-10T09:34:29.155+0100] {logging_mixin.py:188} INFO - [2025-03-10T09:34:29.154+0100] {dagbag.py:538} INFO - Filling up the DagBag from /home/philip/de_engineering/airflow_projects/airflow1/venv/lib/python3.10/site-packages/airflow/example_dags/example_xcom.py
[2025-03-10T09:34:29.162+0100] {processor.py:840} INFO - DAG(s) 'example_xcom' retrieved from /home/philip/de_engineering/airflow_projects/airflow1/venv/lib/python3.10/site-packages/airflow/example_dags/example_xcom.py
[2025-03-10T09:34:29.183+0100] {logging_mixin.py:188} INFO - [2025-03-10T09:34:29.183+0100] {dag.py:3036} INFO - Sync 1 DAGs
[2025-03-10T09:34:29.201+0100] {logging_mixin.py:188} INFO - [2025-03-10T09:34:29.200+0100] {dag.py:3823} INFO - Setting next_dagrun for example_xcom to 2021-01-01 00:00:00+00:00, run_after=2021-01-01 00:00:00+00:00
[2025-03-10T09:34:29.215+0100] {processor.py:183} INFO - Processing /home/philip/de_engineering/airflow_projects/airflow1/venv/lib/python3.10/site-packages/airflow/example_dags/example_xcom.py took 0.065 seconds
[2025-03-10T09:34:59.366+0100] {processor.py:161} INFO - Started process (PID=150196) to work on /home/philip/de_engineering/airflow_projects/airflow1/venv/lib/python3.10/site-packages/airflow/example_dags/example_xcom.py
[2025-03-10T09:34:59.367+0100] {processor.py:830} INFO - Processing file /home/philip/de_engineering/airflow_projects/airflow1/venv/lib/python3.10/site-packages/airflow/example_dags/example_xcom.py for tasks to queue
[2025-03-10T09:34:59.368+0100] {logging_mixin.py:188} INFO - [2025-03-10T09:34:59.368+0100] {dagbag.py:538} INFO - Filling up the DagBag from /home/philip/de_engineering/airflow_projects/airflow1/venv/lib/python3.10/site-packages/airflow/example_dags/example_xcom.py
[2025-03-10T09:34:59.375+0100] {processor.py:840} INFO - DAG(s) 'example_xcom' retrieved from /home/philip/de_engineering/airflow_projects/airflow1/venv/lib/python3.10/site-packages/airflow/example_dags/example_xcom.py
[2025-03-10T09:34:59.396+0100] {logging_mixin.py:188} INFO - [2025-03-10T09:34:59.396+0100] {dag.py:3036} INFO - Sync 1 DAGs
[2025-03-10T09:34:59.415+0100] {logging_mixin.py:188} INFO - [2025-03-10T09:34:59.415+0100] {dag.py:3823} INFO - Setting next_dagrun for example_xcom to 2021-01-01 00:00:00+00:00, run_after=2021-01-01 00:00:00+00:00
[2025-03-10T09:34:59.430+0100] {processor.py:183} INFO - Processing /home/philip/de_engineering/airflow_projects/airflow1/venv/lib/python3.10/site-packages/airflow/example_dags/example_xcom.py took 0.067 seconds
[2025-03-10T09:35:29.584+0100] {processor.py:161} INFO - Started process (PID=150573) to work on /home/philip/de_engineering/airflow_projects/airflow1/venv/lib/python3.10/site-packages/airflow/example_dags/example_xcom.py
[2025-03-10T09:35:29.585+0100] {processor.py:830} INFO - Processing file /home/philip/de_engineering/airflow_projects/airflow1/venv/lib/python3.10/site-packages/airflow/example_dags/example_xcom.py for tasks to queue
[2025-03-10T09:35:29.585+0100] {logging_mixin.py:188} INFO - [2025-03-10T09:35:29.585+0100] {dagbag.py:538} INFO - Filling up the DagBag from /home/philip/de_engineering/airflow_projects/airflow1/venv/lib/python3.10/site-packages/airflow/example_dags/example_xcom.py
[2025-03-10T09:35:29.592+0100] {processor.py:840} INFO - DAG(s) 'example_xcom' retrieved from /home/philip/de_engineering/airflow_projects/airflow1/venv/lib/python3.10/site-packages/airflow/example_dags/example_xcom.py
[2025-03-10T09:35:29.612+0100] {logging_mixin.py:188} INFO - [2025-03-10T09:35:29.612+0100] {dag.py:3036} INFO - Sync 1 DAGs
[2025-03-10T09:35:29.629+0100] {logging_mixin.py:188} INFO - [2025-03-10T09:35:29.629+0100] {dag.py:3823} INFO - Setting next_dagrun for example_xcom to 2021-01-01 00:00:00+00:00, run_after=2021-01-01 00:00:00+00:00
[2025-03-10T09:35:29.645+0100] {processor.py:183} INFO - Processing /home/philip/de_engineering/airflow_projects/airflow1/venv/lib/python3.10/site-packages/airflow/example_dags/example_xcom.py took 0.063 seconds
[2025-03-10T09:35:59.859+0100] {processor.py:161} INFO - Started process (PID=150954) to work on /home/philip/de_engineering/airflow_projects/airflow1/venv/lib/python3.10/site-packages/airflow/example_dags/example_xcom.py
[2025-03-10T09:35:59.860+0100] {processor.py:830} INFO - Processing file /home/philip/de_engineering/airflow_projects/airflow1/venv/lib/python3.10/site-packages/airflow/example_dags/example_xcom.py for tasks to queue
[2025-03-10T09:35:59.861+0100] {logging_mixin.py:188} INFO - [2025-03-10T09:35:59.861+0100] {dagbag.py:538} INFO - Filling up the DagBag from /home/philip/de_engineering/airflow_projects/airflow1/venv/lib/python3.10/site-packages/airflow/example_dags/example_xcom.py
[2025-03-10T09:35:59.868+0100] {processor.py:840} INFO - DAG(s) 'example_xcom' retrieved from /home/philip/de_engineering/airflow_projects/airflow1/venv/lib/python3.10/site-packages/airflow/example_dags/example_xcom.py
[2025-03-10T09:35:59.889+0100] {logging_mixin.py:188} INFO - [2025-03-10T09:35:59.889+0100] {dag.py:3036} INFO - Sync 1 DAGs
[2025-03-10T09:35:59.907+0100] {logging_mixin.py:188} INFO - [2025-03-10T09:35:59.907+0100] {dag.py:3823} INFO - Setting next_dagrun for example_xcom to 2021-01-01 00:00:00+00:00, run_after=2021-01-01 00:00:00+00:00
[2025-03-10T09:35:59.923+0100] {processor.py:183} INFO - Processing /home/philip/de_engineering/airflow_projects/airflow1/venv/lib/python3.10/site-packages/airflow/example_dags/example_xcom.py took 0.067 seconds
