[2025-03-10T09:14:24.756+0100] {processor.py:161} INFO - Started process (PID=136881) to work on /home/philip/de_engineering/airflow_projects/airflow1/venv/lib/python3.10/site-packages/airflow/example_dags/example_branch_day_of_week_operator.py
[2025-03-10T09:14:24.757+0100] {processor.py:830} INFO - Processing file /home/philip/de_engineering/airflow_projects/airflow1/venv/lib/python3.10/site-packages/airflow/example_dags/example_branch_day_of_week_operator.py for tasks to queue
[2025-03-10T09:14:24.758+0100] {logging_mixin.py:188} INFO - [2025-03-10T09:14:24.757+0100] {dagbag.py:538} INFO - Filling up the DagBag from /home/philip/de_engineering/airflow_projects/airflow1/venv/lib/python3.10/site-packages/airflow/example_dags/example_branch_day_of_week_operator.py
[2025-03-10T09:14:24.766+0100] {processor.py:840} INFO - DAG(s) 'example_weekday_branch_operator' retrieved from /home/philip/de_engineering/airflow_projects/airflow1/venv/lib/python3.10/site-packages/airflow/example_dags/example_branch_day_of_week_operator.py
[2025-03-10T09:14:24.846+0100] {logging_mixin.py:188} INFO - [2025-03-10T09:14:24.845+0100] {override.py:1769} INFO - Created Permission View: can read on DAG:example_weekday_branch_operator
[2025-03-10T09:14:24.856+0100] {logging_mixin.py:188} INFO - [2025-03-10T09:14:24.856+0100] {override.py:1769} INFO - Created Permission View: can delete on DAG:example_weekday_branch_operator
[2025-03-10T09:14:24.861+0100] {logging_mixin.py:188} INFO - [2025-03-10T09:14:24.861+0100] {override.py:1769} INFO - Created Permission View: can edit on DAG:example_weekday_branch_operator
[2025-03-10T09:14:24.862+0100] {logging_mixin.py:188} INFO - [2025-03-10T09:14:24.862+0100] {dag.py:3036} INFO - Sync 1 DAGs
[2025-03-10T09:14:24.871+0100] {logging_mixin.py:188} INFO - [2025-03-10T09:14:24.871+0100] {dag.py:3058} INFO - Creating ORM DAG for example_weekday_branch_operator
[2025-03-10T09:14:24.880+0100] {logging_mixin.py:188} INFO - [2025-03-10T09:14:24.880+0100] {dag.py:3823} INFO - Setting next_dagrun for example_weekday_branch_operator to 2025-03-09 00:00:00+00:00, run_after=2025-03-10 00:00:00+00:00
[2025-03-10T09:14:24.893+0100] {processor.py:183} INFO - Processing /home/philip/de_engineering/airflow_projects/airflow1/venv/lib/python3.10/site-packages/airflow/example_dags/example_branch_day_of_week_operator.py took 0.139 seconds
[2025-03-10T09:14:55.697+0100] {processor.py:161} INFO - Started process (PID=136993) to work on /home/philip/de_engineering/airflow_projects/airflow1/venv/lib/python3.10/site-packages/airflow/example_dags/example_branch_day_of_week_operator.py
[2025-03-10T09:14:55.698+0100] {processor.py:830} INFO - Processing file /home/philip/de_engineering/airflow_projects/airflow1/venv/lib/python3.10/site-packages/airflow/example_dags/example_branch_day_of_week_operator.py for tasks to queue
[2025-03-10T09:14:55.699+0100] {logging_mixin.py:188} INFO - [2025-03-10T09:14:55.698+0100] {dagbag.py:538} INFO - Filling up the DagBag from /home/philip/de_engineering/airflow_projects/airflow1/venv/lib/python3.10/site-packages/airflow/example_dags/example_branch_day_of_week_operator.py
[2025-03-10T09:14:55.705+0100] {processor.py:840} INFO - DAG(s) 'example_weekday_branch_operator' retrieved from /home/philip/de_engineering/airflow_projects/airflow1/venv/lib/python3.10/site-packages/airflow/example_dags/example_branch_day_of_week_operator.py
[2025-03-10T09:14:55.726+0100] {logging_mixin.py:188} INFO - [2025-03-10T09:14:55.725+0100] {dag.py:3036} INFO - Sync 1 DAGs
[2025-03-10T09:14:55.743+0100] {logging_mixin.py:188} INFO - [2025-03-10T09:14:55.743+0100] {dag.py:3823} INFO - Setting next_dagrun for example_weekday_branch_operator to 2025-03-09 00:00:00+00:00, run_after=2025-03-10 00:00:00+00:00
[2025-03-10T09:14:55.757+0100] {processor.py:183} INFO - Processing /home/philip/de_engineering/airflow_projects/airflow1/venv/lib/python3.10/site-packages/airflow/example_dags/example_branch_day_of_week_operator.py took 0.063 seconds
[2025-03-10T09:15:25.861+0100] {processor.py:161} INFO - Started process (PID=137094) to work on /home/philip/de_engineering/airflow_projects/airflow1/venv/lib/python3.10/site-packages/airflow/example_dags/example_branch_day_of_week_operator.py
[2025-03-10T09:15:25.863+0100] {processor.py:830} INFO - Processing file /home/philip/de_engineering/airflow_projects/airflow1/venv/lib/python3.10/site-packages/airflow/example_dags/example_branch_day_of_week_operator.py for tasks to queue
[2025-03-10T09:15:25.863+0100] {logging_mixin.py:188} INFO - [2025-03-10T09:15:25.863+0100] {dagbag.py:538} INFO - Filling up the DagBag from /home/philip/de_engineering/airflow_projects/airflow1/venv/lib/python3.10/site-packages/airflow/example_dags/example_branch_day_of_week_operator.py
[2025-03-10T09:15:25.869+0100] {processor.py:840} INFO - DAG(s) 'example_weekday_branch_operator' retrieved from /home/philip/de_engineering/airflow_projects/airflow1/venv/lib/python3.10/site-packages/airflow/example_dags/example_branch_day_of_week_operator.py
[2025-03-10T09:15:25.890+0100] {logging_mixin.py:188} INFO - [2025-03-10T09:15:25.890+0100] {dag.py:3036} INFO - Sync 1 DAGs
[2025-03-10T09:15:25.909+0100] {logging_mixin.py:188} INFO - [2025-03-10T09:15:25.908+0100] {dag.py:3823} INFO - Setting next_dagrun for example_weekday_branch_operator to 2025-03-09 00:00:00+00:00, run_after=2025-03-10 00:00:00+00:00
[2025-03-10T09:15:25.925+0100] {processor.py:183} INFO - Processing /home/philip/de_engineering/airflow_projects/airflow1/venv/lib/python3.10/site-packages/airflow/example_dags/example_branch_day_of_week_operator.py took 0.067 seconds
[2025-03-10T09:15:56.332+0100] {processor.py:161} INFO - Started process (PID=137195) to work on /home/philip/de_engineering/airflow_projects/airflow1/venv/lib/python3.10/site-packages/airflow/example_dags/example_branch_day_of_week_operator.py
[2025-03-10T09:15:56.333+0100] {processor.py:830} INFO - Processing file /home/philip/de_engineering/airflow_projects/airflow1/venv/lib/python3.10/site-packages/airflow/example_dags/example_branch_day_of_week_operator.py for tasks to queue
[2025-03-10T09:15:56.334+0100] {logging_mixin.py:188} INFO - [2025-03-10T09:15:56.333+0100] {dagbag.py:538} INFO - Filling up the DagBag from /home/philip/de_engineering/airflow_projects/airflow1/venv/lib/python3.10/site-packages/airflow/example_dags/example_branch_day_of_week_operator.py
[2025-03-10T09:15:56.340+0100] {processor.py:840} INFO - DAG(s) 'example_weekday_branch_operator' retrieved from /home/philip/de_engineering/airflow_projects/airflow1/venv/lib/python3.10/site-packages/airflow/example_dags/example_branch_day_of_week_operator.py
[2025-03-10T09:15:56.364+0100] {logging_mixin.py:188} INFO - [2025-03-10T09:15:56.364+0100] {dag.py:3036} INFO - Sync 1 DAGs
[2025-03-10T09:15:56.386+0100] {logging_mixin.py:188} INFO - [2025-03-10T09:15:56.385+0100] {dag.py:3823} INFO - Setting next_dagrun for example_weekday_branch_operator to 2025-03-09 00:00:00+00:00, run_after=2025-03-10 00:00:00+00:00
[2025-03-10T09:15:56.405+0100] {processor.py:183} INFO - Processing /home/philip/de_engineering/airflow_projects/airflow1/venv/lib/python3.10/site-packages/airflow/example_dags/example_branch_day_of_week_operator.py took 0.076 seconds
[2025-03-10T09:16:26.697+0100] {processor.py:161} INFO - Started process (PID=137571) to work on /home/philip/de_engineering/airflow_projects/airflow1/venv/lib/python3.10/site-packages/airflow/example_dags/example_branch_day_of_week_operator.py
[2025-03-10T09:16:26.698+0100] {processor.py:830} INFO - Processing file /home/philip/de_engineering/airflow_projects/airflow1/venv/lib/python3.10/site-packages/airflow/example_dags/example_branch_day_of_week_operator.py for tasks to queue
[2025-03-10T09:16:26.699+0100] {logging_mixin.py:188} INFO - [2025-03-10T09:16:26.698+0100] {dagbag.py:538} INFO - Filling up the DagBag from /home/philip/de_engineering/airflow_projects/airflow1/venv/lib/python3.10/site-packages/airflow/example_dags/example_branch_day_of_week_operator.py
[2025-03-10T09:16:26.706+0100] {processor.py:840} INFO - DAG(s) 'example_weekday_branch_operator' retrieved from /home/philip/de_engineering/airflow_projects/airflow1/venv/lib/python3.10/site-packages/airflow/example_dags/example_branch_day_of_week_operator.py
[2025-03-10T09:16:26.731+0100] {logging_mixin.py:188} INFO - [2025-03-10T09:16:26.731+0100] {dag.py:3036} INFO - Sync 1 DAGs
[2025-03-10T09:16:26.750+0100] {logging_mixin.py:188} INFO - [2025-03-10T09:16:26.750+0100] {dag.py:3823} INFO - Setting next_dagrun for example_weekday_branch_operator to 2025-03-09 00:00:00+00:00, run_after=2025-03-10 00:00:00+00:00
[2025-03-10T09:16:26.764+0100] {processor.py:183} INFO - Processing /home/philip/de_engineering/airflow_projects/airflow1/venv/lib/python3.10/site-packages/airflow/example_dags/example_branch_day_of_week_operator.py took 0.071 seconds
[2025-03-10T09:16:56.829+0100] {processor.py:161} INFO - Started process (PID=137760) to work on /home/philip/de_engineering/airflow_projects/airflow1/venv/lib/python3.10/site-packages/airflow/example_dags/example_branch_day_of_week_operator.py
[2025-03-10T09:16:56.830+0100] {processor.py:830} INFO - Processing file /home/philip/de_engineering/airflow_projects/airflow1/venv/lib/python3.10/site-packages/airflow/example_dags/example_branch_day_of_week_operator.py for tasks to queue
[2025-03-10T09:16:56.831+0100] {logging_mixin.py:188} INFO - [2025-03-10T09:16:56.831+0100] {dagbag.py:538} INFO - Filling up the DagBag from /home/philip/de_engineering/airflow_projects/airflow1/venv/lib/python3.10/site-packages/airflow/example_dags/example_branch_day_of_week_operator.py
[2025-03-10T09:16:56.837+0100] {processor.py:840} INFO - DAG(s) 'example_weekday_branch_operator' retrieved from /home/philip/de_engineering/airflow_projects/airflow1/venv/lib/python3.10/site-packages/airflow/example_dags/example_branch_day_of_week_operator.py
[2025-03-10T09:16:56.859+0100] {logging_mixin.py:188} INFO - [2025-03-10T09:16:56.859+0100] {dag.py:3036} INFO - Sync 1 DAGs
[2025-03-10T09:16:56.881+0100] {logging_mixin.py:188} INFO - [2025-03-10T09:16:56.881+0100] {dag.py:3823} INFO - Setting next_dagrun for example_weekday_branch_operator to 2025-03-09 00:00:00+00:00, run_after=2025-03-10 00:00:00+00:00
[2025-03-10T09:16:56.896+0100] {processor.py:183} INFO - Processing /home/philip/de_engineering/airflow_projects/airflow1/venv/lib/python3.10/site-packages/airflow/example_dags/example_branch_day_of_week_operator.py took 0.070 seconds
[2025-03-10T09:17:27.105+0100] {processor.py:161} INFO - Started process (PID=137952) to work on /home/philip/de_engineering/airflow_projects/airflow1/venv/lib/python3.10/site-packages/airflow/example_dags/example_branch_day_of_week_operator.py
[2025-03-10T09:17:27.107+0100] {processor.py:830} INFO - Processing file /home/philip/de_engineering/airflow_projects/airflow1/venv/lib/python3.10/site-packages/airflow/example_dags/example_branch_day_of_week_operator.py for tasks to queue
[2025-03-10T09:17:27.108+0100] {logging_mixin.py:188} INFO - [2025-03-10T09:17:27.107+0100] {dagbag.py:538} INFO - Filling up the DagBag from /home/philip/de_engineering/airflow_projects/airflow1/venv/lib/python3.10/site-packages/airflow/example_dags/example_branch_day_of_week_operator.py
[2025-03-10T09:17:27.114+0100] {processor.py:840} INFO - DAG(s) 'example_weekday_branch_operator' retrieved from /home/philip/de_engineering/airflow_projects/airflow1/venv/lib/python3.10/site-packages/airflow/example_dags/example_branch_day_of_week_operator.py
[2025-03-10T09:17:27.135+0100] {logging_mixin.py:188} INFO - [2025-03-10T09:17:27.134+0100] {dag.py:3036} INFO - Sync 1 DAGs
[2025-03-10T09:17:27.151+0100] {logging_mixin.py:188} INFO - [2025-03-10T09:17:27.151+0100] {dag.py:3823} INFO - Setting next_dagrun for example_weekday_branch_operator to 2025-03-09 00:00:00+00:00, run_after=2025-03-10 00:00:00+00:00
[2025-03-10T09:17:27.165+0100] {processor.py:183} INFO - Processing /home/philip/de_engineering/airflow_projects/airflow1/venv/lib/python3.10/site-packages/airflow/example_dags/example_branch_day_of_week_operator.py took 0.063 seconds
[2025-03-10T09:19:21.595+0100] {processor.py:161} INFO - Started process (PID=138608) to work on /home/philip/de_engineering/airflow_projects/airflow1/venv/lib/python3.10/site-packages/airflow/example_dags/example_branch_day_of_week_operator.py
[2025-03-10T09:19:21.596+0100] {processor.py:830} INFO - Processing file /home/philip/de_engineering/airflow_projects/airflow1/venv/lib/python3.10/site-packages/airflow/example_dags/example_branch_day_of_week_operator.py for tasks to queue
[2025-03-10T09:19:21.597+0100] {logging_mixin.py:188} INFO - [2025-03-10T09:19:21.597+0100] {dagbag.py:538} INFO - Filling up the DagBag from /home/philip/de_engineering/airflow_projects/airflow1/venv/lib/python3.10/site-packages/airflow/example_dags/example_branch_day_of_week_operator.py
[2025-03-10T09:19:21.604+0100] {processor.py:840} INFO - DAG(s) 'example_weekday_branch_operator' retrieved from /home/philip/de_engineering/airflow_projects/airflow1/venv/lib/python3.10/site-packages/airflow/example_dags/example_branch_day_of_week_operator.py
[2025-03-10T09:19:21.686+0100] {logging_mixin.py:188} INFO - [2025-03-10T09:19:21.686+0100] {dag.py:3036} INFO - Sync 1 DAGs
[2025-03-10T09:19:21.703+0100] {logging_mixin.py:188} INFO - [2025-03-10T09:19:21.702+0100] {dag.py:3823} INFO - Setting next_dagrun for example_weekday_branch_operator to 2025-03-09 00:00:00+00:00, run_after=2025-03-10 00:00:00+00:00
[2025-03-10T09:19:21.718+0100] {processor.py:183} INFO - Processing /home/philip/de_engineering/airflow_projects/airflow1/venv/lib/python3.10/site-packages/airflow/example_dags/example_branch_day_of_week_operator.py took 0.125 seconds
[2025-03-10T09:19:51.776+0100] {processor.py:161} INFO - Started process (PID=138943) to work on /home/philip/de_engineering/airflow_projects/airflow1/venv/lib/python3.10/site-packages/airflow/example_dags/example_branch_day_of_week_operator.py
[2025-03-10T09:19:51.777+0100] {processor.py:830} INFO - Processing file /home/philip/de_engineering/airflow_projects/airflow1/venv/lib/python3.10/site-packages/airflow/example_dags/example_branch_day_of_week_operator.py for tasks to queue
[2025-03-10T09:19:51.777+0100] {logging_mixin.py:188} INFO - [2025-03-10T09:19:51.777+0100] {dagbag.py:538} INFO - Filling up the DagBag from /home/philip/de_engineering/airflow_projects/airflow1/venv/lib/python3.10/site-packages/airflow/example_dags/example_branch_day_of_week_operator.py
[2025-03-10T09:19:51.783+0100] {processor.py:840} INFO - DAG(s) 'example_weekday_branch_operator' retrieved from /home/philip/de_engineering/airflow_projects/airflow1/venv/lib/python3.10/site-packages/airflow/example_dags/example_branch_day_of_week_operator.py
[2025-03-10T09:19:51.804+0100] {logging_mixin.py:188} INFO - [2025-03-10T09:19:51.804+0100] {dag.py:3036} INFO - Sync 1 DAGs
[2025-03-10T09:19:51.820+0100] {logging_mixin.py:188} INFO - [2025-03-10T09:19:51.820+0100] {dag.py:3823} INFO - Setting next_dagrun for example_weekday_branch_operator to 2025-03-09 00:00:00+00:00, run_after=2025-03-10 00:00:00+00:00
[2025-03-10T09:19:51.834+0100] {processor.py:183} INFO - Processing /home/philip/de_engineering/airflow_projects/airflow1/venv/lib/python3.10/site-packages/airflow/example_dags/example_branch_day_of_week_operator.py took 0.061 seconds
[2025-03-10T09:20:22.066+0100] {processor.py:161} INFO - Started process (PID=139322) to work on /home/philip/de_engineering/airflow_projects/airflow1/venv/lib/python3.10/site-packages/airflow/example_dags/example_branch_day_of_week_operator.py
[2025-03-10T09:20:22.068+0100] {processor.py:830} INFO - Processing file /home/philip/de_engineering/airflow_projects/airflow1/venv/lib/python3.10/site-packages/airflow/example_dags/example_branch_day_of_week_operator.py for tasks to queue
[2025-03-10T09:20:22.069+0100] {logging_mixin.py:188} INFO - [2025-03-10T09:20:22.068+0100] {dagbag.py:538} INFO - Filling up the DagBag from /home/philip/de_engineering/airflow_projects/airflow1/venv/lib/python3.10/site-packages/airflow/example_dags/example_branch_day_of_week_operator.py
[2025-03-10T09:20:22.076+0100] {processor.py:840} INFO - DAG(s) 'example_weekday_branch_operator' retrieved from /home/philip/de_engineering/airflow_projects/airflow1/venv/lib/python3.10/site-packages/airflow/example_dags/example_branch_day_of_week_operator.py
[2025-03-10T09:20:22.098+0100] {logging_mixin.py:188} INFO - [2025-03-10T09:20:22.098+0100] {dag.py:3036} INFO - Sync 1 DAGs
[2025-03-10T09:20:22.119+0100] {logging_mixin.py:188} INFO - [2025-03-10T09:20:22.118+0100] {dag.py:3823} INFO - Setting next_dagrun for example_weekday_branch_operator to 2025-03-09 00:00:00+00:00, run_after=2025-03-10 00:00:00+00:00
[2025-03-10T09:20:22.134+0100] {processor.py:183} INFO - Processing /home/philip/de_engineering/airflow_projects/airflow1/venv/lib/python3.10/site-packages/airflow/example_dags/example_branch_day_of_week_operator.py took 0.071 seconds
[2025-03-10T09:20:52.784+0100] {processor.py:161} INFO - Started process (PID=139696) to work on /home/philip/de_engineering/airflow_projects/airflow1/venv/lib/python3.10/site-packages/airflow/example_dags/example_branch_day_of_week_operator.py
[2025-03-10T09:20:52.785+0100] {processor.py:830} INFO - Processing file /home/philip/de_engineering/airflow_projects/airflow1/venv/lib/python3.10/site-packages/airflow/example_dags/example_branch_day_of_week_operator.py for tasks to queue
[2025-03-10T09:20:52.785+0100] {logging_mixin.py:188} INFO - [2025-03-10T09:20:52.785+0100] {dagbag.py:538} INFO - Filling up the DagBag from /home/philip/de_engineering/airflow_projects/airflow1/venv/lib/python3.10/site-packages/airflow/example_dags/example_branch_day_of_week_operator.py
[2025-03-10T09:20:52.791+0100] {processor.py:840} INFO - DAG(s) 'example_weekday_branch_operator' retrieved from /home/philip/de_engineering/airflow_projects/airflow1/venv/lib/python3.10/site-packages/airflow/example_dags/example_branch_day_of_week_operator.py
[2025-03-10T09:20:52.815+0100] {logging_mixin.py:188} INFO - [2025-03-10T09:20:52.815+0100] {dag.py:3036} INFO - Sync 1 DAGs
[2025-03-10T09:20:52.835+0100] {logging_mixin.py:188} INFO - [2025-03-10T09:20:52.835+0100] {dag.py:3823} INFO - Setting next_dagrun for example_weekday_branch_operator to 2025-03-09 00:00:00+00:00, run_after=2025-03-10 00:00:00+00:00
[2025-03-10T09:20:52.849+0100] {processor.py:183} INFO - Processing /home/philip/de_engineering/airflow_projects/airflow1/venv/lib/python3.10/site-packages/airflow/example_dags/example_branch_day_of_week_operator.py took 0.067 seconds
[2025-03-10T09:21:23.172+0100] {processor.py:161} INFO - Started process (PID=140079) to work on /home/philip/de_engineering/airflow_projects/airflow1/venv/lib/python3.10/site-packages/airflow/example_dags/example_branch_day_of_week_operator.py
[2025-03-10T09:21:23.173+0100] {processor.py:830} INFO - Processing file /home/philip/de_engineering/airflow_projects/airflow1/venv/lib/python3.10/site-packages/airflow/example_dags/example_branch_day_of_week_operator.py for tasks to queue
[2025-03-10T09:21:23.174+0100] {logging_mixin.py:188} INFO - [2025-03-10T09:21:23.174+0100] {dagbag.py:538} INFO - Filling up the DagBag from /home/philip/de_engineering/airflow_projects/airflow1/venv/lib/python3.10/site-packages/airflow/example_dags/example_branch_day_of_week_operator.py
[2025-03-10T09:21:23.180+0100] {processor.py:840} INFO - DAG(s) 'example_weekday_branch_operator' retrieved from /home/philip/de_engineering/airflow_projects/airflow1/venv/lib/python3.10/site-packages/airflow/example_dags/example_branch_day_of_week_operator.py
[2025-03-10T09:21:23.203+0100] {logging_mixin.py:188} INFO - [2025-03-10T09:21:23.202+0100] {dag.py:3036} INFO - Sync 1 DAGs
[2025-03-10T09:21:23.223+0100] {logging_mixin.py:188} INFO - [2025-03-10T09:21:23.223+0100] {dag.py:3823} INFO - Setting next_dagrun for example_weekday_branch_operator to 2025-03-09 00:00:00+00:00, run_after=2025-03-10 00:00:00+00:00
[2025-03-10T09:21:23.239+0100] {processor.py:183} INFO - Processing /home/philip/de_engineering/airflow_projects/airflow1/venv/lib/python3.10/site-packages/airflow/example_dags/example_branch_day_of_week_operator.py took 0.070 seconds
[2025-03-10T09:21:53.375+0100] {processor.py:161} INFO - Started process (PID=140461) to work on /home/philip/de_engineering/airflow_projects/airflow1/venv/lib/python3.10/site-packages/airflow/example_dags/example_branch_day_of_week_operator.py
[2025-03-10T09:21:53.376+0100] {processor.py:830} INFO - Processing file /home/philip/de_engineering/airflow_projects/airflow1/venv/lib/python3.10/site-packages/airflow/example_dags/example_branch_day_of_week_operator.py for tasks to queue
[2025-03-10T09:21:53.377+0100] {logging_mixin.py:188} INFO - [2025-03-10T09:21:53.376+0100] {dagbag.py:538} INFO - Filling up the DagBag from /home/philip/de_engineering/airflow_projects/airflow1/venv/lib/python3.10/site-packages/airflow/example_dags/example_branch_day_of_week_operator.py
[2025-03-10T09:21:53.383+0100] {processor.py:840} INFO - DAG(s) 'example_weekday_branch_operator' retrieved from /home/philip/de_engineering/airflow_projects/airflow1/venv/lib/python3.10/site-packages/airflow/example_dags/example_branch_day_of_week_operator.py
[2025-03-10T09:21:53.405+0100] {logging_mixin.py:188} INFO - [2025-03-10T09:21:53.405+0100] {dag.py:3036} INFO - Sync 1 DAGs
[2025-03-10T09:21:53.425+0100] {logging_mixin.py:188} INFO - [2025-03-10T09:21:53.425+0100] {dag.py:3823} INFO - Setting next_dagrun for example_weekday_branch_operator to 2025-03-09 00:00:00+00:00, run_after=2025-03-10 00:00:00+00:00
[2025-03-10T09:21:53.441+0100] {processor.py:183} INFO - Processing /home/philip/de_engineering/airflow_projects/airflow1/venv/lib/python3.10/site-packages/airflow/example_dags/example_branch_day_of_week_operator.py took 0.068 seconds
[2025-03-10T09:22:23.622+0100] {processor.py:161} INFO - Started process (PID=140836) to work on /home/philip/de_engineering/airflow_projects/airflow1/venv/lib/python3.10/site-packages/airflow/example_dags/example_branch_day_of_week_operator.py
[2025-03-10T09:22:23.623+0100] {processor.py:830} INFO - Processing file /home/philip/de_engineering/airflow_projects/airflow1/venv/lib/python3.10/site-packages/airflow/example_dags/example_branch_day_of_week_operator.py for tasks to queue
[2025-03-10T09:22:23.624+0100] {logging_mixin.py:188} INFO - [2025-03-10T09:22:23.624+0100] {dagbag.py:538} INFO - Filling up the DagBag from /home/philip/de_engineering/airflow_projects/airflow1/venv/lib/python3.10/site-packages/airflow/example_dags/example_branch_day_of_week_operator.py
[2025-03-10T09:22:23.630+0100] {processor.py:840} INFO - DAG(s) 'example_weekday_branch_operator' retrieved from /home/philip/de_engineering/airflow_projects/airflow1/venv/lib/python3.10/site-packages/airflow/example_dags/example_branch_day_of_week_operator.py
[2025-03-10T09:22:23.652+0100] {logging_mixin.py:188} INFO - [2025-03-10T09:22:23.652+0100] {dag.py:3036} INFO - Sync 1 DAGs
[2025-03-10T09:22:23.670+0100] {logging_mixin.py:188} INFO - [2025-03-10T09:22:23.670+0100] {dag.py:3823} INFO - Setting next_dagrun for example_weekday_branch_operator to 2025-03-09 00:00:00+00:00, run_after=2025-03-10 00:00:00+00:00
[2025-03-10T09:22:23.686+0100] {processor.py:183} INFO - Processing /home/philip/de_engineering/airflow_projects/airflow1/venv/lib/python3.10/site-packages/airflow/example_dags/example_branch_day_of_week_operator.py took 0.067 seconds
[2025-03-10T09:22:53.830+0100] {processor.py:161} INFO - Started process (PID=141216) to work on /home/philip/de_engineering/airflow_projects/airflow1/venv/lib/python3.10/site-packages/airflow/example_dags/example_branch_day_of_week_operator.py
[2025-03-10T09:22:53.831+0100] {processor.py:830} INFO - Processing file /home/philip/de_engineering/airflow_projects/airflow1/venv/lib/python3.10/site-packages/airflow/example_dags/example_branch_day_of_week_operator.py for tasks to queue
[2025-03-10T09:22:53.832+0100] {logging_mixin.py:188} INFO - [2025-03-10T09:22:53.832+0100] {dagbag.py:538} INFO - Filling up the DagBag from /home/philip/de_engineering/airflow_projects/airflow1/venv/lib/python3.10/site-packages/airflow/example_dags/example_branch_day_of_week_operator.py
[2025-03-10T09:22:53.838+0100] {processor.py:840} INFO - DAG(s) 'example_weekday_branch_operator' retrieved from /home/philip/de_engineering/airflow_projects/airflow1/venv/lib/python3.10/site-packages/airflow/example_dags/example_branch_day_of_week_operator.py
[2025-03-10T09:22:53.860+0100] {logging_mixin.py:188} INFO - [2025-03-10T09:22:53.859+0100] {dag.py:3036} INFO - Sync 1 DAGs
[2025-03-10T09:22:53.878+0100] {logging_mixin.py:188} INFO - [2025-03-10T09:22:53.878+0100] {dag.py:3823} INFO - Setting next_dagrun for example_weekday_branch_operator to 2025-03-09 00:00:00+00:00, run_after=2025-03-10 00:00:00+00:00
[2025-03-10T09:22:53.893+0100] {processor.py:183} INFO - Processing /home/philip/de_engineering/airflow_projects/airflow1/venv/lib/python3.10/site-packages/airflow/example_dags/example_branch_day_of_week_operator.py took 0.066 seconds
[2025-03-10T09:23:24.042+0100] {processor.py:161} INFO - Started process (PID=141593) to work on /home/philip/de_engineering/airflow_projects/airflow1/venv/lib/python3.10/site-packages/airflow/example_dags/example_branch_day_of_week_operator.py
[2025-03-10T09:23:24.043+0100] {processor.py:830} INFO - Processing file /home/philip/de_engineering/airflow_projects/airflow1/venv/lib/python3.10/site-packages/airflow/example_dags/example_branch_day_of_week_operator.py for tasks to queue
[2025-03-10T09:23:24.044+0100] {logging_mixin.py:188} INFO - [2025-03-10T09:23:24.043+0100] {dagbag.py:538} INFO - Filling up the DagBag from /home/philip/de_engineering/airflow_projects/airflow1/venv/lib/python3.10/site-packages/airflow/example_dags/example_branch_day_of_week_operator.py
[2025-03-10T09:23:24.050+0100] {processor.py:840} INFO - DAG(s) 'example_weekday_branch_operator' retrieved from /home/philip/de_engineering/airflow_projects/airflow1/venv/lib/python3.10/site-packages/airflow/example_dags/example_branch_day_of_week_operator.py
[2025-03-10T09:23:24.074+0100] {logging_mixin.py:188} INFO - [2025-03-10T09:23:24.074+0100] {dag.py:3036} INFO - Sync 1 DAGs
[2025-03-10T09:23:24.095+0100] {logging_mixin.py:188} INFO - [2025-03-10T09:23:24.095+0100] {dag.py:3823} INFO - Setting next_dagrun for example_weekday_branch_operator to 2025-03-09 00:00:00+00:00, run_after=2025-03-10 00:00:00+00:00
[2025-03-10T09:23:24.111+0100] {processor.py:183} INFO - Processing /home/philip/de_engineering/airflow_projects/airflow1/venv/lib/python3.10/site-packages/airflow/example_dags/example_branch_day_of_week_operator.py took 0.072 seconds
[2025-03-10T09:23:54.473+0100] {processor.py:161} INFO - Started process (PID=141974) to work on /home/philip/de_engineering/airflow_projects/airflow1/venv/lib/python3.10/site-packages/airflow/example_dags/example_branch_day_of_week_operator.py
[2025-03-10T09:23:54.474+0100] {processor.py:830} INFO - Processing file /home/philip/de_engineering/airflow_projects/airflow1/venv/lib/python3.10/site-packages/airflow/example_dags/example_branch_day_of_week_operator.py for tasks to queue
[2025-03-10T09:23:54.475+0100] {logging_mixin.py:188} INFO - [2025-03-10T09:23:54.475+0100] {dagbag.py:538} INFO - Filling up the DagBag from /home/philip/de_engineering/airflow_projects/airflow1/venv/lib/python3.10/site-packages/airflow/example_dags/example_branch_day_of_week_operator.py
[2025-03-10T09:23:54.481+0100] {processor.py:840} INFO - DAG(s) 'example_weekday_branch_operator' retrieved from /home/philip/de_engineering/airflow_projects/airflow1/venv/lib/python3.10/site-packages/airflow/example_dags/example_branch_day_of_week_operator.py
[2025-03-10T09:23:54.503+0100] {logging_mixin.py:188} INFO - [2025-03-10T09:23:54.502+0100] {dag.py:3036} INFO - Sync 1 DAGs
[2025-03-10T09:23:54.522+0100] {logging_mixin.py:188} INFO - [2025-03-10T09:23:54.522+0100] {dag.py:3823} INFO - Setting next_dagrun for example_weekday_branch_operator to 2025-03-09 00:00:00+00:00, run_after=2025-03-10 00:00:00+00:00
[2025-03-10T09:23:54.538+0100] {processor.py:183} INFO - Processing /home/philip/de_engineering/airflow_projects/airflow1/venv/lib/python3.10/site-packages/airflow/example_dags/example_branch_day_of_week_operator.py took 0.067 seconds
[2025-03-10T09:24:24.744+0100] {processor.py:161} INFO - Started process (PID=142349) to work on /home/philip/de_engineering/airflow_projects/airflow1/venv/lib/python3.10/site-packages/airflow/example_dags/example_branch_day_of_week_operator.py
[2025-03-10T09:24:24.745+0100] {processor.py:830} INFO - Processing file /home/philip/de_engineering/airflow_projects/airflow1/venv/lib/python3.10/site-packages/airflow/example_dags/example_branch_day_of_week_operator.py for tasks to queue
[2025-03-10T09:24:24.746+0100] {logging_mixin.py:188} INFO - [2025-03-10T09:24:24.746+0100] {dagbag.py:538} INFO - Filling up the DagBag from /home/philip/de_engineering/airflow_projects/airflow1/venv/lib/python3.10/site-packages/airflow/example_dags/example_branch_day_of_week_operator.py
[2025-03-10T09:24:24.753+0100] {processor.py:840} INFO - DAG(s) 'example_weekday_branch_operator' retrieved from /home/philip/de_engineering/airflow_projects/airflow1/venv/lib/python3.10/site-packages/airflow/example_dags/example_branch_day_of_week_operator.py
[2025-03-10T09:24:24.776+0100] {logging_mixin.py:188} INFO - [2025-03-10T09:24:24.776+0100] {dag.py:3036} INFO - Sync 1 DAGs
[2025-03-10T09:24:24.798+0100] {logging_mixin.py:188} INFO - [2025-03-10T09:24:24.798+0100] {dag.py:3823} INFO - Setting next_dagrun for example_weekday_branch_operator to 2025-03-09 00:00:00+00:00, run_after=2025-03-10 00:00:00+00:00
[2025-03-10T09:24:24.814+0100] {processor.py:183} INFO - Processing /home/philip/de_engineering/airflow_projects/airflow1/venv/lib/python3.10/site-packages/airflow/example_dags/example_branch_day_of_week_operator.py took 0.073 seconds
[2025-03-10T09:24:55.144+0100] {processor.py:161} INFO - Started process (PID=142730) to work on /home/philip/de_engineering/airflow_projects/airflow1/venv/lib/python3.10/site-packages/airflow/example_dags/example_branch_day_of_week_operator.py
[2025-03-10T09:24:55.148+0100] {processor.py:830} INFO - Processing file /home/philip/de_engineering/airflow_projects/airflow1/venv/lib/python3.10/site-packages/airflow/example_dags/example_branch_day_of_week_operator.py for tasks to queue
[2025-03-10T09:24:55.149+0100] {logging_mixin.py:188} INFO - [2025-03-10T09:24:55.148+0100] {dagbag.py:538} INFO - Filling up the DagBag from /home/philip/de_engineering/airflow_projects/airflow1/venv/lib/python3.10/site-packages/airflow/example_dags/example_branch_day_of_week_operator.py
[2025-03-10T09:24:55.155+0100] {processor.py:840} INFO - DAG(s) 'example_weekday_branch_operator' retrieved from /home/philip/de_engineering/airflow_projects/airflow1/venv/lib/python3.10/site-packages/airflow/example_dags/example_branch_day_of_week_operator.py
[2025-03-10T09:24:55.176+0100] {logging_mixin.py:188} INFO - [2025-03-10T09:24:55.176+0100] {dag.py:3036} INFO - Sync 1 DAGs
[2025-03-10T09:24:55.194+0100] {logging_mixin.py:188} INFO - [2025-03-10T09:24:55.194+0100] {dag.py:3823} INFO - Setting next_dagrun for example_weekday_branch_operator to 2025-03-09 00:00:00+00:00, run_after=2025-03-10 00:00:00+00:00
[2025-03-10T09:24:55.209+0100] {processor.py:183} INFO - Processing /home/philip/de_engineering/airflow_projects/airflow1/venv/lib/python3.10/site-packages/airflow/example_dags/example_branch_day_of_week_operator.py took 0.067 seconds
[2025-03-10T09:25:25.310+0100] {processor.py:161} INFO - Started process (PID=143115) to work on /home/philip/de_engineering/airflow_projects/airflow1/venv/lib/python3.10/site-packages/airflow/example_dags/example_branch_day_of_week_operator.py
[2025-03-10T09:25:25.311+0100] {processor.py:830} INFO - Processing file /home/philip/de_engineering/airflow_projects/airflow1/venv/lib/python3.10/site-packages/airflow/example_dags/example_branch_day_of_week_operator.py for tasks to queue
[2025-03-10T09:25:25.312+0100] {logging_mixin.py:188} INFO - [2025-03-10T09:25:25.311+0100] {dagbag.py:538} INFO - Filling up the DagBag from /home/philip/de_engineering/airflow_projects/airflow1/venv/lib/python3.10/site-packages/airflow/example_dags/example_branch_day_of_week_operator.py
[2025-03-10T09:25:25.317+0100] {processor.py:840} INFO - DAG(s) 'example_weekday_branch_operator' retrieved from /home/philip/de_engineering/airflow_projects/airflow1/venv/lib/python3.10/site-packages/airflow/example_dags/example_branch_day_of_week_operator.py
[2025-03-10T09:25:25.340+0100] {logging_mixin.py:188} INFO - [2025-03-10T09:25:25.340+0100] {dag.py:3036} INFO - Sync 1 DAGs
[2025-03-10T09:25:25.362+0100] {logging_mixin.py:188} INFO - [2025-03-10T09:25:25.362+0100] {dag.py:3823} INFO - Setting next_dagrun for example_weekday_branch_operator to 2025-03-09 00:00:00+00:00, run_after=2025-03-10 00:00:00+00:00
[2025-03-10T09:25:25.381+0100] {processor.py:183} INFO - Processing /home/philip/de_engineering/airflow_projects/airflow1/venv/lib/python3.10/site-packages/airflow/example_dags/example_branch_day_of_week_operator.py took 0.074 seconds
[2025-03-10T09:25:55.669+0100] {processor.py:161} INFO - Started process (PID=143490) to work on /home/philip/de_engineering/airflow_projects/airflow1/venv/lib/python3.10/site-packages/airflow/example_dags/example_branch_day_of_week_operator.py
[2025-03-10T09:25:55.670+0100] {processor.py:830} INFO - Processing file /home/philip/de_engineering/airflow_projects/airflow1/venv/lib/python3.10/site-packages/airflow/example_dags/example_branch_day_of_week_operator.py for tasks to queue
[2025-03-10T09:25:55.671+0100] {logging_mixin.py:188} INFO - [2025-03-10T09:25:55.671+0100] {dagbag.py:538} INFO - Filling up the DagBag from /home/philip/de_engineering/airflow_projects/airflow1/venv/lib/python3.10/site-packages/airflow/example_dags/example_branch_day_of_week_operator.py
[2025-03-10T09:25:55.677+0100] {processor.py:840} INFO - DAG(s) 'example_weekday_branch_operator' retrieved from /home/philip/de_engineering/airflow_projects/airflow1/venv/lib/python3.10/site-packages/airflow/example_dags/example_branch_day_of_week_operator.py
[2025-03-10T09:25:55.697+0100] {logging_mixin.py:188} INFO - [2025-03-10T09:25:55.697+0100] {dag.py:3036} INFO - Sync 1 DAGs
[2025-03-10T09:25:55.715+0100] {logging_mixin.py:188} INFO - [2025-03-10T09:25:55.715+0100] {dag.py:3823} INFO - Setting next_dagrun for example_weekday_branch_operator to 2025-03-09 00:00:00+00:00, run_after=2025-03-10 00:00:00+00:00
[2025-03-10T09:25:55.732+0100] {processor.py:183} INFO - Processing /home/philip/de_engineering/airflow_projects/airflow1/venv/lib/python3.10/site-packages/airflow/example_dags/example_branch_day_of_week_operator.py took 0.066 seconds
[2025-03-10T09:26:26.066+0100] {processor.py:161} INFO - Started process (PID=143870) to work on /home/philip/de_engineering/airflow_projects/airflow1/venv/lib/python3.10/site-packages/airflow/example_dags/example_branch_day_of_week_operator.py
[2025-03-10T09:26:26.067+0100] {processor.py:830} INFO - Processing file /home/philip/de_engineering/airflow_projects/airflow1/venv/lib/python3.10/site-packages/airflow/example_dags/example_branch_day_of_week_operator.py for tasks to queue
[2025-03-10T09:26:26.068+0100] {logging_mixin.py:188} INFO - [2025-03-10T09:26:26.067+0100] {dagbag.py:538} INFO - Filling up the DagBag from /home/philip/de_engineering/airflow_projects/airflow1/venv/lib/python3.10/site-packages/airflow/example_dags/example_branch_day_of_week_operator.py
[2025-03-10T09:26:26.073+0100] {processor.py:840} INFO - DAG(s) 'example_weekday_branch_operator' retrieved from /home/philip/de_engineering/airflow_projects/airflow1/venv/lib/python3.10/site-packages/airflow/example_dags/example_branch_day_of_week_operator.py
[2025-03-10T09:26:26.094+0100] {logging_mixin.py:188} INFO - [2025-03-10T09:26:26.094+0100] {dag.py:3036} INFO - Sync 1 DAGs
[2025-03-10T09:26:26.114+0100] {logging_mixin.py:188} INFO - [2025-03-10T09:26:26.114+0100] {dag.py:3823} INFO - Setting next_dagrun for example_weekday_branch_operator to 2025-03-09 00:00:00+00:00, run_after=2025-03-10 00:00:00+00:00
[2025-03-10T09:26:26.129+0100] {processor.py:183} INFO - Processing /home/philip/de_engineering/airflow_projects/airflow1/venv/lib/python3.10/site-packages/airflow/example_dags/example_branch_day_of_week_operator.py took 0.065 seconds
[2025-03-10T09:26:56.517+0100] {processor.py:161} INFO - Started process (PID=144245) to work on /home/philip/de_engineering/airflow_projects/airflow1/venv/lib/python3.10/site-packages/airflow/example_dags/example_branch_day_of_week_operator.py
[2025-03-10T09:26:56.518+0100] {processor.py:830} INFO - Processing file /home/philip/de_engineering/airflow_projects/airflow1/venv/lib/python3.10/site-packages/airflow/example_dags/example_branch_day_of_week_operator.py for tasks to queue
[2025-03-10T09:26:56.518+0100] {logging_mixin.py:188} INFO - [2025-03-10T09:26:56.518+0100] {dagbag.py:538} INFO - Filling up the DagBag from /home/philip/de_engineering/airflow_projects/airflow1/venv/lib/python3.10/site-packages/airflow/example_dags/example_branch_day_of_week_operator.py
[2025-03-10T09:26:56.524+0100] {processor.py:840} INFO - DAG(s) 'example_weekday_branch_operator' retrieved from /home/philip/de_engineering/airflow_projects/airflow1/venv/lib/python3.10/site-packages/airflow/example_dags/example_branch_day_of_week_operator.py
[2025-03-10T09:26:56.544+0100] {logging_mixin.py:188} INFO - [2025-03-10T09:26:56.544+0100] {dag.py:3036} INFO - Sync 1 DAGs
[2025-03-10T09:26:56.563+0100] {logging_mixin.py:188} INFO - [2025-03-10T09:26:56.563+0100] {dag.py:3823} INFO - Setting next_dagrun for example_weekday_branch_operator to 2025-03-09 00:00:00+00:00, run_after=2025-03-10 00:00:00+00:00
[2025-03-10T09:26:56.580+0100] {processor.py:183} INFO - Processing /home/philip/de_engineering/airflow_projects/airflow1/venv/lib/python3.10/site-packages/airflow/example_dags/example_branch_day_of_week_operator.py took 0.066 seconds
[2025-03-10T09:27:26.804+0100] {processor.py:161} INFO - Started process (PID=144625) to work on /home/philip/de_engineering/airflow_projects/airflow1/venv/lib/python3.10/site-packages/airflow/example_dags/example_branch_day_of_week_operator.py
[2025-03-10T09:27:26.805+0100] {processor.py:830} INFO - Processing file /home/philip/de_engineering/airflow_projects/airflow1/venv/lib/python3.10/site-packages/airflow/example_dags/example_branch_day_of_week_operator.py for tasks to queue
[2025-03-10T09:27:26.805+0100] {logging_mixin.py:188} INFO - [2025-03-10T09:27:26.805+0100] {dagbag.py:538} INFO - Filling up the DagBag from /home/philip/de_engineering/airflow_projects/airflow1/venv/lib/python3.10/site-packages/airflow/example_dags/example_branch_day_of_week_operator.py
[2025-03-10T09:27:26.811+0100] {processor.py:840} INFO - DAG(s) 'example_weekday_branch_operator' retrieved from /home/philip/de_engineering/airflow_projects/airflow1/venv/lib/python3.10/site-packages/airflow/example_dags/example_branch_day_of_week_operator.py
[2025-03-10T09:27:26.832+0100] {logging_mixin.py:188} INFO - [2025-03-10T09:27:26.832+0100] {dag.py:3036} INFO - Sync 1 DAGs
[2025-03-10T09:27:26.849+0100] {logging_mixin.py:188} INFO - [2025-03-10T09:27:26.849+0100] {dag.py:3823} INFO - Setting next_dagrun for example_weekday_branch_operator to 2025-03-09 00:00:00+00:00, run_after=2025-03-10 00:00:00+00:00
[2025-03-10T09:27:26.864+0100] {processor.py:183} INFO - Processing /home/philip/de_engineering/airflow_projects/airflow1/venv/lib/python3.10/site-packages/airflow/example_dags/example_branch_day_of_week_operator.py took 0.063 seconds
[2025-03-10T09:27:57.035+0100] {processor.py:161} INFO - Started process (PID=145000) to work on /home/philip/de_engineering/airflow_projects/airflow1/venv/lib/python3.10/site-packages/airflow/example_dags/example_branch_day_of_week_operator.py
[2025-03-10T09:27:57.037+0100] {processor.py:830} INFO - Processing file /home/philip/de_engineering/airflow_projects/airflow1/venv/lib/python3.10/site-packages/airflow/example_dags/example_branch_day_of_week_operator.py for tasks to queue
[2025-03-10T09:27:57.038+0100] {logging_mixin.py:188} INFO - [2025-03-10T09:27:57.037+0100] {dagbag.py:538} INFO - Filling up the DagBag from /home/philip/de_engineering/airflow_projects/airflow1/venv/lib/python3.10/site-packages/airflow/example_dags/example_branch_day_of_week_operator.py
[2025-03-10T09:27:57.044+0100] {processor.py:840} INFO - DAG(s) 'example_weekday_branch_operator' retrieved from /home/philip/de_engineering/airflow_projects/airflow1/venv/lib/python3.10/site-packages/airflow/example_dags/example_branch_day_of_week_operator.py
[2025-03-10T09:27:57.065+0100] {logging_mixin.py:188} INFO - [2025-03-10T09:27:57.065+0100] {dag.py:3036} INFO - Sync 1 DAGs
[2025-03-10T09:27:57.084+0100] {logging_mixin.py:188} INFO - [2025-03-10T09:27:57.084+0100] {dag.py:3823} INFO - Setting next_dagrun for example_weekday_branch_operator to 2025-03-09 00:00:00+00:00, run_after=2025-03-10 00:00:00+00:00
[2025-03-10T09:27:57.098+0100] {processor.py:183} INFO - Processing /home/philip/de_engineering/airflow_projects/airflow1/venv/lib/python3.10/site-packages/airflow/example_dags/example_branch_day_of_week_operator.py took 0.066 seconds
[2025-03-10T09:28:27.284+0100] {processor.py:161} INFO - Started process (PID=145380) to work on /home/philip/de_engineering/airflow_projects/airflow1/venv/lib/python3.10/site-packages/airflow/example_dags/example_branch_day_of_week_operator.py
[2025-03-10T09:28:27.285+0100] {processor.py:830} INFO - Processing file /home/philip/de_engineering/airflow_projects/airflow1/venv/lib/python3.10/site-packages/airflow/example_dags/example_branch_day_of_week_operator.py for tasks to queue
[2025-03-10T09:28:27.287+0100] {logging_mixin.py:188} INFO - [2025-03-10T09:28:27.286+0100] {dagbag.py:538} INFO - Filling up the DagBag from /home/philip/de_engineering/airflow_projects/airflow1/venv/lib/python3.10/site-packages/airflow/example_dags/example_branch_day_of_week_operator.py
[2025-03-10T09:28:27.293+0100] {processor.py:840} INFO - DAG(s) 'example_weekday_branch_operator' retrieved from /home/philip/de_engineering/airflow_projects/airflow1/venv/lib/python3.10/site-packages/airflow/example_dags/example_branch_day_of_week_operator.py
[2025-03-10T09:28:27.315+0100] {logging_mixin.py:188} INFO - [2025-03-10T09:28:27.315+0100] {dag.py:3036} INFO - Sync 1 DAGs
[2025-03-10T09:28:27.336+0100] {logging_mixin.py:188} INFO - [2025-03-10T09:28:27.335+0100] {dag.py:3823} INFO - Setting next_dagrun for example_weekday_branch_operator to 2025-03-09 00:00:00+00:00, run_after=2025-03-10 00:00:00+00:00
[2025-03-10T09:28:27.352+0100] {processor.py:183} INFO - Processing /home/philip/de_engineering/airflow_projects/airflow1/venv/lib/python3.10/site-packages/airflow/example_dags/example_branch_day_of_week_operator.py took 0.070 seconds
[2025-03-10T09:28:57.450+0100] {processor.py:161} INFO - Started process (PID=145763) to work on /home/philip/de_engineering/airflow_projects/airflow1/venv/lib/python3.10/site-packages/airflow/example_dags/example_branch_day_of_week_operator.py
[2025-03-10T09:28:57.452+0100] {processor.py:830} INFO - Processing file /home/philip/de_engineering/airflow_projects/airflow1/venv/lib/python3.10/site-packages/airflow/example_dags/example_branch_day_of_week_operator.py for tasks to queue
[2025-03-10T09:28:57.452+0100] {logging_mixin.py:188} INFO - [2025-03-10T09:28:57.452+0100] {dagbag.py:538} INFO - Filling up the DagBag from /home/philip/de_engineering/airflow_projects/airflow1/venv/lib/python3.10/site-packages/airflow/example_dags/example_branch_day_of_week_operator.py
[2025-03-10T09:28:57.458+0100] {processor.py:840} INFO - DAG(s) 'example_weekday_branch_operator' retrieved from /home/philip/de_engineering/airflow_projects/airflow1/venv/lib/python3.10/site-packages/airflow/example_dags/example_branch_day_of_week_operator.py
[2025-03-10T09:28:57.479+0100] {logging_mixin.py:188} INFO - [2025-03-10T09:28:57.479+0100] {dag.py:3036} INFO - Sync 1 DAGs
[2025-03-10T09:28:57.497+0100] {logging_mixin.py:188} INFO - [2025-03-10T09:28:57.497+0100] {dag.py:3823} INFO - Setting next_dagrun for example_weekday_branch_operator to 2025-03-09 00:00:00+00:00, run_after=2025-03-10 00:00:00+00:00
[2025-03-10T09:28:57.512+0100] {processor.py:183} INFO - Processing /home/philip/de_engineering/airflow_projects/airflow1/venv/lib/python3.10/site-packages/airflow/example_dags/example_branch_day_of_week_operator.py took 0.064 seconds
[2025-03-10T09:29:27.723+0100] {processor.py:161} INFO - Started process (PID=146137) to work on /home/philip/de_engineering/airflow_projects/airflow1/venv/lib/python3.10/site-packages/airflow/example_dags/example_branch_day_of_week_operator.py
[2025-03-10T09:29:27.723+0100] {processor.py:830} INFO - Processing file /home/philip/de_engineering/airflow_projects/airflow1/venv/lib/python3.10/site-packages/airflow/example_dags/example_branch_day_of_week_operator.py for tasks to queue
[2025-03-10T09:29:27.724+0100] {logging_mixin.py:188} INFO - [2025-03-10T09:29:27.724+0100] {dagbag.py:538} INFO - Filling up the DagBag from /home/philip/de_engineering/airflow_projects/airflow1/venv/lib/python3.10/site-packages/airflow/example_dags/example_branch_day_of_week_operator.py
[2025-03-10T09:29:27.731+0100] {processor.py:840} INFO - DAG(s) 'example_weekday_branch_operator' retrieved from /home/philip/de_engineering/airflow_projects/airflow1/venv/lib/python3.10/site-packages/airflow/example_dags/example_branch_day_of_week_operator.py
[2025-03-10T09:29:27.753+0100] {logging_mixin.py:188} INFO - [2025-03-10T09:29:27.752+0100] {dag.py:3036} INFO - Sync 1 DAGs
[2025-03-10T09:29:27.772+0100] {logging_mixin.py:188} INFO - [2025-03-10T09:29:27.772+0100] {dag.py:3823} INFO - Setting next_dagrun for example_weekday_branch_operator to 2025-03-09 00:00:00+00:00, run_after=2025-03-10 00:00:00+00:00
[2025-03-10T09:29:27.787+0100] {processor.py:183} INFO - Processing /home/philip/de_engineering/airflow_projects/airflow1/venv/lib/python3.10/site-packages/airflow/example_dags/example_branch_day_of_week_operator.py took 0.067 seconds
[2025-03-10T09:29:57.891+0100] {processor.py:161} INFO - Started process (PID=146518) to work on /home/philip/de_engineering/airflow_projects/airflow1/venv/lib/python3.10/site-packages/airflow/example_dags/example_branch_day_of_week_operator.py
[2025-03-10T09:29:57.892+0100] {processor.py:830} INFO - Processing file /home/philip/de_engineering/airflow_projects/airflow1/venv/lib/python3.10/site-packages/airflow/example_dags/example_branch_day_of_week_operator.py for tasks to queue
[2025-03-10T09:29:57.893+0100] {logging_mixin.py:188} INFO - [2025-03-10T09:29:57.892+0100] {dagbag.py:538} INFO - Filling up the DagBag from /home/philip/de_engineering/airflow_projects/airflow1/venv/lib/python3.10/site-packages/airflow/example_dags/example_branch_day_of_week_operator.py
[2025-03-10T09:29:57.899+0100] {processor.py:840} INFO - DAG(s) 'example_weekday_branch_operator' retrieved from /home/philip/de_engineering/airflow_projects/airflow1/venv/lib/python3.10/site-packages/airflow/example_dags/example_branch_day_of_week_operator.py
[2025-03-10T09:29:57.921+0100] {logging_mixin.py:188} INFO - [2025-03-10T09:29:57.921+0100] {dag.py:3036} INFO - Sync 1 DAGs
[2025-03-10T09:29:57.939+0100] {logging_mixin.py:188} INFO - [2025-03-10T09:29:57.939+0100] {dag.py:3823} INFO - Setting next_dagrun for example_weekday_branch_operator to 2025-03-09 00:00:00+00:00, run_after=2025-03-10 00:00:00+00:00
[2025-03-10T09:29:57.954+0100] {processor.py:183} INFO - Processing /home/philip/de_engineering/airflow_projects/airflow1/venv/lib/python3.10/site-packages/airflow/example_dags/example_branch_day_of_week_operator.py took 0.066 seconds
[2025-03-10T09:30:28.129+0100] {processor.py:161} INFO - Started process (PID=146893) to work on /home/philip/de_engineering/airflow_projects/airflow1/venv/lib/python3.10/site-packages/airflow/example_dags/example_branch_day_of_week_operator.py
[2025-03-10T09:30:28.130+0100] {processor.py:830} INFO - Processing file /home/philip/de_engineering/airflow_projects/airflow1/venv/lib/python3.10/site-packages/airflow/example_dags/example_branch_day_of_week_operator.py for tasks to queue
[2025-03-10T09:30:28.131+0100] {logging_mixin.py:188} INFO - [2025-03-10T09:30:28.131+0100] {dagbag.py:538} INFO - Filling up the DagBag from /home/philip/de_engineering/airflow_projects/airflow1/venv/lib/python3.10/site-packages/airflow/example_dags/example_branch_day_of_week_operator.py
[2025-03-10T09:30:28.137+0100] {processor.py:840} INFO - DAG(s) 'example_weekday_branch_operator' retrieved from /home/philip/de_engineering/airflow_projects/airflow1/venv/lib/python3.10/site-packages/airflow/example_dags/example_branch_day_of_week_operator.py
[2025-03-10T09:30:28.158+0100] {logging_mixin.py:188} INFO - [2025-03-10T09:30:28.158+0100] {dag.py:3036} INFO - Sync 1 DAGs
[2025-03-10T09:30:28.176+0100] {logging_mixin.py:188} INFO - [2025-03-10T09:30:28.175+0100] {dag.py:3823} INFO - Setting next_dagrun for example_weekday_branch_operator to 2025-03-09 00:00:00+00:00, run_after=2025-03-10 00:00:00+00:00
[2025-03-10T09:30:28.190+0100] {processor.py:183} INFO - Processing /home/philip/de_engineering/airflow_projects/airflow1/venv/lib/python3.10/site-packages/airflow/example_dags/example_branch_day_of_week_operator.py took 0.064 seconds
[2025-03-10T09:30:58.300+0100] {processor.py:161} INFO - Started process (PID=147273) to work on /home/philip/de_engineering/airflow_projects/airflow1/venv/lib/python3.10/site-packages/airflow/example_dags/example_branch_day_of_week_operator.py
[2025-03-10T09:30:58.302+0100] {processor.py:830} INFO - Processing file /home/philip/de_engineering/airflow_projects/airflow1/venv/lib/python3.10/site-packages/airflow/example_dags/example_branch_day_of_week_operator.py for tasks to queue
[2025-03-10T09:30:58.302+0100] {logging_mixin.py:188} INFO - [2025-03-10T09:30:58.302+0100] {dagbag.py:538} INFO - Filling up the DagBag from /home/philip/de_engineering/airflow_projects/airflow1/venv/lib/python3.10/site-packages/airflow/example_dags/example_branch_day_of_week_operator.py
[2025-03-10T09:30:58.308+0100] {processor.py:840} INFO - DAG(s) 'example_weekday_branch_operator' retrieved from /home/philip/de_engineering/airflow_projects/airflow1/venv/lib/python3.10/site-packages/airflow/example_dags/example_branch_day_of_week_operator.py
[2025-03-10T09:30:58.330+0100] {logging_mixin.py:188} INFO - [2025-03-10T09:30:58.330+0100] {dag.py:3036} INFO - Sync 1 DAGs
[2025-03-10T09:30:58.348+0100] {logging_mixin.py:188} INFO - [2025-03-10T09:30:58.348+0100] {dag.py:3823} INFO - Setting next_dagrun for example_weekday_branch_operator to 2025-03-09 00:00:00+00:00, run_after=2025-03-10 00:00:00+00:00
[2025-03-10T09:30:58.363+0100] {processor.py:183} INFO - Processing /home/philip/de_engineering/airflow_projects/airflow1/venv/lib/python3.10/site-packages/airflow/example_dags/example_branch_day_of_week_operator.py took 0.065 seconds
[2025-03-10T09:31:28.476+0100] {processor.py:161} INFO - Started process (PID=147648) to work on /home/philip/de_engineering/airflow_projects/airflow1/venv/lib/python3.10/site-packages/airflow/example_dags/example_branch_day_of_week_operator.py
[2025-03-10T09:31:28.477+0100] {processor.py:830} INFO - Processing file /home/philip/de_engineering/airflow_projects/airflow1/venv/lib/python3.10/site-packages/airflow/example_dags/example_branch_day_of_week_operator.py for tasks to queue
[2025-03-10T09:31:28.477+0100] {logging_mixin.py:188} INFO - [2025-03-10T09:31:28.477+0100] {dagbag.py:538} INFO - Filling up the DagBag from /home/philip/de_engineering/airflow_projects/airflow1/venv/lib/python3.10/site-packages/airflow/example_dags/example_branch_day_of_week_operator.py
[2025-03-10T09:31:28.483+0100] {processor.py:840} INFO - DAG(s) 'example_weekday_branch_operator' retrieved from /home/philip/de_engineering/airflow_projects/airflow1/venv/lib/python3.10/site-packages/airflow/example_dags/example_branch_day_of_week_operator.py
[2025-03-10T09:31:28.504+0100] {logging_mixin.py:188} INFO - [2025-03-10T09:31:28.504+0100] {dag.py:3036} INFO - Sync 1 DAGs
[2025-03-10T09:31:28.522+0100] {logging_mixin.py:188} INFO - [2025-03-10T09:31:28.522+0100] {dag.py:3823} INFO - Setting next_dagrun for example_weekday_branch_operator to 2025-03-09 00:00:00+00:00, run_after=2025-03-10 00:00:00+00:00
[2025-03-10T09:31:28.536+0100] {processor.py:183} INFO - Processing /home/philip/de_engineering/airflow_projects/airflow1/venv/lib/python3.10/site-packages/airflow/example_dags/example_branch_day_of_week_operator.py took 0.063 seconds
[2025-03-10T09:31:58.688+0100] {processor.py:161} INFO - Started process (PID=148029) to work on /home/philip/de_engineering/airflow_projects/airflow1/venv/lib/python3.10/site-packages/airflow/example_dags/example_branch_day_of_week_operator.py
[2025-03-10T09:31:58.689+0100] {processor.py:830} INFO - Processing file /home/philip/de_engineering/airflow_projects/airflow1/venv/lib/python3.10/site-packages/airflow/example_dags/example_branch_day_of_week_operator.py for tasks to queue
[2025-03-10T09:31:58.690+0100] {logging_mixin.py:188} INFO - [2025-03-10T09:31:58.690+0100] {dagbag.py:538} INFO - Filling up the DagBag from /home/philip/de_engineering/airflow_projects/airflow1/venv/lib/python3.10/site-packages/airflow/example_dags/example_branch_day_of_week_operator.py
[2025-03-10T09:31:58.696+0100] {processor.py:840} INFO - DAG(s) 'example_weekday_branch_operator' retrieved from /home/philip/de_engineering/airflow_projects/airflow1/venv/lib/python3.10/site-packages/airflow/example_dags/example_branch_day_of_week_operator.py
[2025-03-10T09:31:58.716+0100] {logging_mixin.py:188} INFO - [2025-03-10T09:31:58.716+0100] {dag.py:3036} INFO - Sync 1 DAGs
[2025-03-10T09:31:58.733+0100] {logging_mixin.py:188} INFO - [2025-03-10T09:31:58.733+0100] {dag.py:3823} INFO - Setting next_dagrun for example_weekday_branch_operator to 2025-03-09 00:00:00+00:00, run_after=2025-03-10 00:00:00+00:00
[2025-03-10T09:31:58.748+0100] {processor.py:183} INFO - Processing /home/philip/de_engineering/airflow_projects/airflow1/venv/lib/python3.10/site-packages/airflow/example_dags/example_branch_day_of_week_operator.py took 0.063 seconds
[2025-03-10T09:32:28.874+0100] {processor.py:161} INFO - Started process (PID=148405) to work on /home/philip/de_engineering/airflow_projects/airflow1/venv/lib/python3.10/site-packages/airflow/example_dags/example_branch_day_of_week_operator.py
[2025-03-10T09:32:28.875+0100] {processor.py:830} INFO - Processing file /home/philip/de_engineering/airflow_projects/airflow1/venv/lib/python3.10/site-packages/airflow/example_dags/example_branch_day_of_week_operator.py for tasks to queue
[2025-03-10T09:32:28.876+0100] {logging_mixin.py:188} INFO - [2025-03-10T09:32:28.875+0100] {dagbag.py:538} INFO - Filling up the DagBag from /home/philip/de_engineering/airflow_projects/airflow1/venv/lib/python3.10/site-packages/airflow/example_dags/example_branch_day_of_week_operator.py
[2025-03-10T09:32:28.881+0100] {processor.py:840} INFO - DAG(s) 'example_weekday_branch_operator' retrieved from /home/philip/de_engineering/airflow_projects/airflow1/venv/lib/python3.10/site-packages/airflow/example_dags/example_branch_day_of_week_operator.py
[2025-03-10T09:32:28.902+0100] {logging_mixin.py:188} INFO - [2025-03-10T09:32:28.901+0100] {dag.py:3036} INFO - Sync 1 DAGs
[2025-03-10T09:32:28.920+0100] {logging_mixin.py:188} INFO - [2025-03-10T09:32:28.919+0100] {dag.py:3823} INFO - Setting next_dagrun for example_weekday_branch_operator to 2025-03-09 00:00:00+00:00, run_after=2025-03-10 00:00:00+00:00
[2025-03-10T09:32:28.936+0100] {processor.py:183} INFO - Processing /home/philip/de_engineering/airflow_projects/airflow1/venv/lib/python3.10/site-packages/airflow/example_dags/example_branch_day_of_week_operator.py took 0.064 seconds
[2025-03-10T09:32:59.110+0100] {processor.py:161} INFO - Started process (PID=148784) to work on /home/philip/de_engineering/airflow_projects/airflow1/venv/lib/python3.10/site-packages/airflow/example_dags/example_branch_day_of_week_operator.py
[2025-03-10T09:32:59.111+0100] {processor.py:830} INFO - Processing file /home/philip/de_engineering/airflow_projects/airflow1/venv/lib/python3.10/site-packages/airflow/example_dags/example_branch_day_of_week_operator.py for tasks to queue
[2025-03-10T09:32:59.112+0100] {logging_mixin.py:188} INFO - [2025-03-10T09:32:59.112+0100] {dagbag.py:538} INFO - Filling up the DagBag from /home/philip/de_engineering/airflow_projects/airflow1/venv/lib/python3.10/site-packages/airflow/example_dags/example_branch_day_of_week_operator.py
[2025-03-10T09:32:59.119+0100] {processor.py:840} INFO - DAG(s) 'example_weekday_branch_operator' retrieved from /home/philip/de_engineering/airflow_projects/airflow1/venv/lib/python3.10/site-packages/airflow/example_dags/example_branch_day_of_week_operator.py
[2025-03-10T09:32:59.143+0100] {logging_mixin.py:188} INFO - [2025-03-10T09:32:59.143+0100] {dag.py:3036} INFO - Sync 1 DAGs
[2025-03-10T09:32:59.164+0100] {logging_mixin.py:188} INFO - [2025-03-10T09:32:59.164+0100] {dag.py:3823} INFO - Setting next_dagrun for example_weekday_branch_operator to 2025-03-09 00:00:00+00:00, run_after=2025-03-10 00:00:00+00:00
[2025-03-10T09:32:59.180+0100] {processor.py:183} INFO - Processing /home/philip/de_engineering/airflow_projects/airflow1/venv/lib/python3.10/site-packages/airflow/example_dags/example_branch_day_of_week_operator.py took 0.073 seconds
[2025-03-10T09:33:29.304+0100] {processor.py:161} INFO - Started process (PID=149160) to work on /home/philip/de_engineering/airflow_projects/airflow1/venv/lib/python3.10/site-packages/airflow/example_dags/example_branch_day_of_week_operator.py
[2025-03-10T09:33:29.305+0100] {processor.py:830} INFO - Processing file /home/philip/de_engineering/airflow_projects/airflow1/venv/lib/python3.10/site-packages/airflow/example_dags/example_branch_day_of_week_operator.py for tasks to queue
[2025-03-10T09:33:29.306+0100] {logging_mixin.py:188} INFO - [2025-03-10T09:33:29.306+0100] {dagbag.py:538} INFO - Filling up the DagBag from /home/philip/de_engineering/airflow_projects/airflow1/venv/lib/python3.10/site-packages/airflow/example_dags/example_branch_day_of_week_operator.py
[2025-03-10T09:33:29.312+0100] {processor.py:840} INFO - DAG(s) 'example_weekday_branch_operator' retrieved from /home/philip/de_engineering/airflow_projects/airflow1/venv/lib/python3.10/site-packages/airflow/example_dags/example_branch_day_of_week_operator.py
[2025-03-10T09:33:29.334+0100] {logging_mixin.py:188} INFO - [2025-03-10T09:33:29.334+0100] {dag.py:3036} INFO - Sync 1 DAGs
[2025-03-10T09:33:29.352+0100] {logging_mixin.py:188} INFO - [2025-03-10T09:33:29.352+0100] {dag.py:3823} INFO - Setting next_dagrun for example_weekday_branch_operator to 2025-03-09 00:00:00+00:00, run_after=2025-03-10 00:00:00+00:00
[2025-03-10T09:33:29.368+0100] {processor.py:183} INFO - Processing /home/philip/de_engineering/airflow_projects/airflow1/venv/lib/python3.10/site-packages/airflow/example_dags/example_branch_day_of_week_operator.py took 0.066 seconds
[2025-03-10T09:33:59.519+0100] {processor.py:161} INFO - Started process (PID=149541) to work on /home/philip/de_engineering/airflow_projects/airflow1/venv/lib/python3.10/site-packages/airflow/example_dags/example_branch_day_of_week_operator.py
[2025-03-10T09:33:59.520+0100] {processor.py:830} INFO - Processing file /home/philip/de_engineering/airflow_projects/airflow1/venv/lib/python3.10/site-packages/airflow/example_dags/example_branch_day_of_week_operator.py for tasks to queue
[2025-03-10T09:33:59.521+0100] {logging_mixin.py:188} INFO - [2025-03-10T09:33:59.520+0100] {dagbag.py:538} INFO - Filling up the DagBag from /home/philip/de_engineering/airflow_projects/airflow1/venv/lib/python3.10/site-packages/airflow/example_dags/example_branch_day_of_week_operator.py
[2025-03-10T09:33:59.526+0100] {processor.py:840} INFO - DAG(s) 'example_weekday_branch_operator' retrieved from /home/philip/de_engineering/airflow_projects/airflow1/venv/lib/python3.10/site-packages/airflow/example_dags/example_branch_day_of_week_operator.py
[2025-03-10T09:33:59.548+0100] {logging_mixin.py:188} INFO - [2025-03-10T09:33:59.548+0100] {dag.py:3036} INFO - Sync 1 DAGs
[2025-03-10T09:33:59.567+0100] {logging_mixin.py:188} INFO - [2025-03-10T09:33:59.567+0100] {dag.py:3823} INFO - Setting next_dagrun for example_weekday_branch_operator to 2025-03-09 00:00:00+00:00, run_after=2025-03-10 00:00:00+00:00
[2025-03-10T09:33:59.582+0100] {processor.py:183} INFO - Processing /home/philip/de_engineering/airflow_projects/airflow1/venv/lib/python3.10/site-packages/airflow/example_dags/example_branch_day_of_week_operator.py took 0.066 seconds
[2025-03-10T09:34:29.811+0100] {processor.py:161} INFO - Started process (PID=149921) to work on /home/philip/de_engineering/airflow_projects/airflow1/venv/lib/python3.10/site-packages/airflow/example_dags/example_branch_day_of_week_operator.py
[2025-03-10T09:34:29.812+0100] {processor.py:830} INFO - Processing file /home/philip/de_engineering/airflow_projects/airflow1/venv/lib/python3.10/site-packages/airflow/example_dags/example_branch_day_of_week_operator.py for tasks to queue
[2025-03-10T09:34:29.813+0100] {logging_mixin.py:188} INFO - [2025-03-10T09:34:29.812+0100] {dagbag.py:538} INFO - Filling up the DagBag from /home/philip/de_engineering/airflow_projects/airflow1/venv/lib/python3.10/site-packages/airflow/example_dags/example_branch_day_of_week_operator.py
[2025-03-10T09:34:29.818+0100] {processor.py:840} INFO - DAG(s) 'example_weekday_branch_operator' retrieved from /home/philip/de_engineering/airflow_projects/airflow1/venv/lib/python3.10/site-packages/airflow/example_dags/example_branch_day_of_week_operator.py
[2025-03-10T09:34:29.839+0100] {logging_mixin.py:188} INFO - [2025-03-10T09:34:29.838+0100] {dag.py:3036} INFO - Sync 1 DAGs
[2025-03-10T09:34:29.856+0100] {logging_mixin.py:188} INFO - [2025-03-10T09:34:29.856+0100] {dag.py:3823} INFO - Setting next_dagrun for example_weekday_branch_operator to 2025-03-09 00:00:00+00:00, run_after=2025-03-10 00:00:00+00:00
[2025-03-10T09:34:29.871+0100] {processor.py:183} INFO - Processing /home/philip/de_engineering/airflow_projects/airflow1/venv/lib/python3.10/site-packages/airflow/example_dags/example_branch_day_of_week_operator.py took 0.064 seconds
[2025-03-10T09:35:00.031+0100] {processor.py:161} INFO - Started process (PID=150298) to work on /home/philip/de_engineering/airflow_projects/airflow1/venv/lib/python3.10/site-packages/airflow/example_dags/example_branch_day_of_week_operator.py
[2025-03-10T09:35:00.032+0100] {processor.py:830} INFO - Processing file /home/philip/de_engineering/airflow_projects/airflow1/venv/lib/python3.10/site-packages/airflow/example_dags/example_branch_day_of_week_operator.py for tasks to queue
[2025-03-10T09:35:00.033+0100] {logging_mixin.py:188} INFO - [2025-03-10T09:35:00.033+0100] {dagbag.py:538} INFO - Filling up the DagBag from /home/philip/de_engineering/airflow_projects/airflow1/venv/lib/python3.10/site-packages/airflow/example_dags/example_branch_day_of_week_operator.py
[2025-03-10T09:35:00.039+0100] {processor.py:840} INFO - DAG(s) 'example_weekday_branch_operator' retrieved from /home/philip/de_engineering/airflow_projects/airflow1/venv/lib/python3.10/site-packages/airflow/example_dags/example_branch_day_of_week_operator.py
[2025-03-10T09:35:00.064+0100] {logging_mixin.py:188} INFO - [2025-03-10T09:35:00.064+0100] {dag.py:3036} INFO - Sync 1 DAGs
[2025-03-10T09:35:00.086+0100] {logging_mixin.py:188} INFO - [2025-03-10T09:35:00.086+0100] {dag.py:3823} INFO - Setting next_dagrun for example_weekday_branch_operator to 2025-03-09 00:00:00+00:00, run_after=2025-03-10 00:00:00+00:00
[2025-03-10T09:35:00.101+0100] {processor.py:183} INFO - Processing /home/philip/de_engineering/airflow_projects/airflow1/venv/lib/python3.10/site-packages/airflow/example_dags/example_branch_day_of_week_operator.py took 0.074 seconds
[2025-03-10T09:35:30.285+0100] {processor.py:161} INFO - Started process (PID=150680) to work on /home/philip/de_engineering/airflow_projects/airflow1/venv/lib/python3.10/site-packages/airflow/example_dags/example_branch_day_of_week_operator.py
[2025-03-10T09:35:30.286+0100] {processor.py:830} INFO - Processing file /home/philip/de_engineering/airflow_projects/airflow1/venv/lib/python3.10/site-packages/airflow/example_dags/example_branch_day_of_week_operator.py for tasks to queue
[2025-03-10T09:35:30.286+0100] {logging_mixin.py:188} INFO - [2025-03-10T09:35:30.286+0100] {dagbag.py:538} INFO - Filling up the DagBag from /home/philip/de_engineering/airflow_projects/airflow1/venv/lib/python3.10/site-packages/airflow/example_dags/example_branch_day_of_week_operator.py
[2025-03-10T09:35:30.292+0100] {processor.py:840} INFO - DAG(s) 'example_weekday_branch_operator' retrieved from /home/philip/de_engineering/airflow_projects/airflow1/venv/lib/python3.10/site-packages/airflow/example_dags/example_branch_day_of_week_operator.py
[2025-03-10T09:35:30.317+0100] {logging_mixin.py:188} INFO - [2025-03-10T09:35:30.317+0100] {dag.py:3036} INFO - Sync 1 DAGs
[2025-03-10T09:35:30.339+0100] {logging_mixin.py:188} INFO - [2025-03-10T09:35:30.339+0100] {dag.py:3823} INFO - Setting next_dagrun for example_weekday_branch_operator to 2025-03-09 00:00:00+00:00, run_after=2025-03-10 00:00:00+00:00
[2025-03-10T09:35:30.359+0100] {processor.py:183} INFO - Processing /home/philip/de_engineering/airflow_projects/airflow1/venv/lib/python3.10/site-packages/airflow/example_dags/example_branch_day_of_week_operator.py took 0.077 seconds
[2025-03-10T09:36:00.515+0100] {processor.py:161} INFO - Started process (PID=151056) to work on /home/philip/de_engineering/airflow_projects/airflow1/venv/lib/python3.10/site-packages/airflow/example_dags/example_branch_day_of_week_operator.py
[2025-03-10T09:36:00.517+0100] {processor.py:830} INFO - Processing file /home/philip/de_engineering/airflow_projects/airflow1/venv/lib/python3.10/site-packages/airflow/example_dags/example_branch_day_of_week_operator.py for tasks to queue
[2025-03-10T09:36:00.517+0100] {logging_mixin.py:188} INFO - [2025-03-10T09:36:00.517+0100] {dagbag.py:538} INFO - Filling up the DagBag from /home/philip/de_engineering/airflow_projects/airflow1/venv/lib/python3.10/site-packages/airflow/example_dags/example_branch_day_of_week_operator.py
[2025-03-10T09:36:00.524+0100] {processor.py:840} INFO - DAG(s) 'example_weekday_branch_operator' retrieved from /home/philip/de_engineering/airflow_projects/airflow1/venv/lib/python3.10/site-packages/airflow/example_dags/example_branch_day_of_week_operator.py
[2025-03-10T09:36:00.545+0100] {logging_mixin.py:188} INFO - [2025-03-10T09:36:00.545+0100] {dag.py:3036} INFO - Sync 1 DAGs
[2025-03-10T09:36:00.564+0100] {logging_mixin.py:188} INFO - [2025-03-10T09:36:00.564+0100] {dag.py:3823} INFO - Setting next_dagrun for example_weekday_branch_operator to 2025-03-09 00:00:00+00:00, run_after=2025-03-10 00:00:00+00:00
[2025-03-10T09:36:00.579+0100] {processor.py:183} INFO - Processing /home/philip/de_engineering/airflow_projects/airflow1/venv/lib/python3.10/site-packages/airflow/example_dags/example_branch_day_of_week_operator.py took 0.066 seconds
