[2025-03-10T09:14:25.977+0100] {processor.py:161} INFO - Started process (PID=136912) to work on /home/philip/de_engineering/airflow_projects/airflow1/venv/lib/python3.10/site-packages/airflow/example_dags/example_params_ui_tutorial.py
[2025-03-10T09:14:25.978+0100] {processor.py:830} INFO - Processing file /home/philip/de_engineering/airflow_projects/airflow1/venv/lib/python3.10/site-packages/airflow/example_dags/example_params_ui_tutorial.py for tasks to queue
[2025-03-10T09:14:25.979+0100] {logging_mixin.py:188} INFO - [2025-03-10T09:14:25.978+0100] {dagbag.py:538} INFO - Filling up the DagBag from /home/philip/de_engineering/airflow_projects/airflow1/venv/lib/python3.10/site-packages/airflow/example_dags/example_params_ui_tutorial.py
[2025-03-10T09:14:25.988+0100] {processor.py:840} INFO - DAG(s) 'example_params_ui_tutorial' retrieved from /home/philip/de_engineering/airflow_projects/airflow1/venv/lib/python3.10/site-packages/airflow/example_dags/example_params_ui_tutorial.py
[2025-03-10T09:14:26.087+0100] {logging_mixin.py:188} INFO - [2025-03-10T09:14:26.087+0100] {override.py:1769} INFO - Created Permission View: can read on DAG:example_params_ui_tutorial
[2025-03-10T09:14:26.095+0100] {logging_mixin.py:188} INFO - [2025-03-10T09:14:26.095+0100] {override.py:1769} INFO - Created Permission View: can delete on DAG:example_params_ui_tutorial
[2025-03-10T09:14:26.100+0100] {logging_mixin.py:188} INFO - [2025-03-10T09:14:26.100+0100] {override.py:1769} INFO - Created Permission View: can edit on DAG:example_params_ui_tutorial
[2025-03-10T09:14:26.100+0100] {logging_mixin.py:188} INFO - [2025-03-10T09:14:26.100+0100] {dag.py:3036} INFO - Sync 1 DAGs
[2025-03-10T09:14:26.109+0100] {logging_mixin.py:188} INFO - [2025-03-10T09:14:26.109+0100] {dag.py:3058} INFO - Creating ORM DAG for example_params_ui_tutorial
[2025-03-10T09:14:26.110+0100] {logging_mixin.py:188} INFO - [2025-03-10T09:14:26.109+0100] {dag.py:3823} INFO - Setting next_dagrun for example_params_ui_tutorial to None, run_after=None
[2025-03-10T09:14:26.126+0100] {processor.py:183} INFO - Processing /home/philip/de_engineering/airflow_projects/airflow1/venv/lib/python3.10/site-packages/airflow/example_dags/example_params_ui_tutorial.py took 0.151 seconds
[2025-03-10T09:14:56.504+0100] {processor.py:161} INFO - Started process (PID=137025) to work on /home/philip/de_engineering/airflow_projects/airflow1/venv/lib/python3.10/site-packages/airflow/example_dags/example_params_ui_tutorial.py
[2025-03-10T09:14:56.504+0100] {processor.py:830} INFO - Processing file /home/philip/de_engineering/airflow_projects/airflow1/venv/lib/python3.10/site-packages/airflow/example_dags/example_params_ui_tutorial.py for tasks to queue
[2025-03-10T09:14:56.505+0100] {logging_mixin.py:188} INFO - [2025-03-10T09:14:56.504+0100] {dagbag.py:538} INFO - Filling up the DagBag from /home/philip/de_engineering/airflow_projects/airflow1/venv/lib/python3.10/site-packages/airflow/example_dags/example_params_ui_tutorial.py
[2025-03-10T09:14:56.514+0100] {processor.py:840} INFO - DAG(s) 'example_params_ui_tutorial' retrieved from /home/philip/de_engineering/airflow_projects/airflow1/venv/lib/python3.10/site-packages/airflow/example_dags/example_params_ui_tutorial.py
[2025-03-10T09:14:56.555+0100] {logging_mixin.py:188} INFO - [2025-03-10T09:14:56.555+0100] {dag.py:3036} INFO - Sync 1 DAGs
[2025-03-10T09:14:56.565+0100] {logging_mixin.py:188} INFO - [2025-03-10T09:14:56.564+0100] {dag.py:3823} INFO - Setting next_dagrun for example_params_ui_tutorial to None, run_after=None
[2025-03-10T09:14:56.580+0100] {processor.py:183} INFO - Processing /home/philip/de_engineering/airflow_projects/airflow1/venv/lib/python3.10/site-packages/airflow/example_dags/example_params_ui_tutorial.py took 0.079 seconds
[2025-03-10T09:15:26.674+0100] {processor.py:161} INFO - Started process (PID=137126) to work on /home/philip/de_engineering/airflow_projects/airflow1/venv/lib/python3.10/site-packages/airflow/example_dags/example_params_ui_tutorial.py
[2025-03-10T09:15:26.675+0100] {processor.py:830} INFO - Processing file /home/philip/de_engineering/airflow_projects/airflow1/venv/lib/python3.10/site-packages/airflow/example_dags/example_params_ui_tutorial.py for tasks to queue
[2025-03-10T09:15:26.676+0100] {logging_mixin.py:188} INFO - [2025-03-10T09:15:26.676+0100] {dagbag.py:538} INFO - Filling up the DagBag from /home/philip/de_engineering/airflow_projects/airflow1/venv/lib/python3.10/site-packages/airflow/example_dags/example_params_ui_tutorial.py
[2025-03-10T09:15:26.685+0100] {processor.py:840} INFO - DAG(s) 'example_params_ui_tutorial' retrieved from /home/philip/de_engineering/airflow_projects/airflow1/venv/lib/python3.10/site-packages/airflow/example_dags/example_params_ui_tutorial.py
[2025-03-10T09:15:26.732+0100] {logging_mixin.py:188} INFO - [2025-03-10T09:15:26.732+0100] {dag.py:3036} INFO - Sync 1 DAGs
[2025-03-10T09:15:26.742+0100] {logging_mixin.py:188} INFO - [2025-03-10T09:15:26.741+0100] {dag.py:3823} INFO - Setting next_dagrun for example_params_ui_tutorial to None, run_after=None
[2025-03-10T09:15:26.756+0100] {processor.py:183} INFO - Processing /home/philip/de_engineering/airflow_projects/airflow1/venv/lib/python3.10/site-packages/airflow/example_dags/example_params_ui_tutorial.py took 0.085 seconds
[2025-03-10T09:15:57.174+0100] {processor.py:161} INFO - Started process (PID=137227) to work on /home/philip/de_engineering/airflow_projects/airflow1/venv/lib/python3.10/site-packages/airflow/example_dags/example_params_ui_tutorial.py
[2025-03-10T09:15:57.175+0100] {processor.py:830} INFO - Processing file /home/philip/de_engineering/airflow_projects/airflow1/venv/lib/python3.10/site-packages/airflow/example_dags/example_params_ui_tutorial.py for tasks to queue
[2025-03-10T09:15:57.176+0100] {logging_mixin.py:188} INFO - [2025-03-10T09:15:57.176+0100] {dagbag.py:538} INFO - Filling up the DagBag from /home/philip/de_engineering/airflow_projects/airflow1/venv/lib/python3.10/site-packages/airflow/example_dags/example_params_ui_tutorial.py
[2025-03-10T09:15:57.189+0100] {processor.py:840} INFO - DAG(s) 'example_params_ui_tutorial' retrieved from /home/philip/de_engineering/airflow_projects/airflow1/venv/lib/python3.10/site-packages/airflow/example_dags/example_params_ui_tutorial.py
[2025-03-10T09:15:57.250+0100] {logging_mixin.py:188} INFO - [2025-03-10T09:15:57.250+0100] {dag.py:3036} INFO - Sync 1 DAGs
[2025-03-10T09:15:57.264+0100] {logging_mixin.py:188} INFO - [2025-03-10T09:15:57.263+0100] {dag.py:3823} INFO - Setting next_dagrun for example_params_ui_tutorial to None, run_after=None
[2025-03-10T09:15:57.286+0100] {processor.py:183} INFO - Processing /home/philip/de_engineering/airflow_projects/airflow1/venv/lib/python3.10/site-packages/airflow/example_dags/example_params_ui_tutorial.py took 0.115 seconds
[2025-03-10T09:16:27.418+0100] {processor.py:161} INFO - Started process (PID=137606) to work on /home/philip/de_engineering/airflow_projects/airflow1/venv/lib/python3.10/site-packages/airflow/example_dags/example_params_ui_tutorial.py
[2025-03-10T09:16:27.419+0100] {processor.py:830} INFO - Processing file /home/philip/de_engineering/airflow_projects/airflow1/venv/lib/python3.10/site-packages/airflow/example_dags/example_params_ui_tutorial.py for tasks to queue
[2025-03-10T09:16:27.419+0100] {logging_mixin.py:188} INFO - [2025-03-10T09:16:27.419+0100] {dagbag.py:538} INFO - Filling up the DagBag from /home/philip/de_engineering/airflow_projects/airflow1/venv/lib/python3.10/site-packages/airflow/example_dags/example_params_ui_tutorial.py
[2025-03-10T09:16:27.429+0100] {processor.py:840} INFO - DAG(s) 'example_params_ui_tutorial' retrieved from /home/philip/de_engineering/airflow_projects/airflow1/venv/lib/python3.10/site-packages/airflow/example_dags/example_params_ui_tutorial.py
[2025-03-10T09:16:27.470+0100] {logging_mixin.py:188} INFO - [2025-03-10T09:16:27.469+0100] {dag.py:3036} INFO - Sync 1 DAGs
[2025-03-10T09:16:27.480+0100] {logging_mixin.py:188} INFO - [2025-03-10T09:16:27.479+0100] {dag.py:3823} INFO - Setting next_dagrun for example_params_ui_tutorial to None, run_after=None
[2025-03-10T09:16:27.495+0100] {processor.py:183} INFO - Processing /home/philip/de_engineering/airflow_projects/airflow1/venv/lib/python3.10/site-packages/airflow/example_dags/example_params_ui_tutorial.py took 0.080 seconds
[2025-03-10T09:16:57.635+0100] {processor.py:161} INFO - Started process (PID=137792) to work on /home/philip/de_engineering/airflow_projects/airflow1/venv/lib/python3.10/site-packages/airflow/example_dags/example_params_ui_tutorial.py
[2025-03-10T09:16:57.636+0100] {processor.py:830} INFO - Processing file /home/philip/de_engineering/airflow_projects/airflow1/venv/lib/python3.10/site-packages/airflow/example_dags/example_params_ui_tutorial.py for tasks to queue
[2025-03-10T09:16:57.636+0100] {logging_mixin.py:188} INFO - [2025-03-10T09:16:57.636+0100] {dagbag.py:538} INFO - Filling up the DagBag from /home/philip/de_engineering/airflow_projects/airflow1/venv/lib/python3.10/site-packages/airflow/example_dags/example_params_ui_tutorial.py
[2025-03-10T09:16:57.647+0100] {processor.py:840} INFO - DAG(s) 'example_params_ui_tutorial' retrieved from /home/philip/de_engineering/airflow_projects/airflow1/venv/lib/python3.10/site-packages/airflow/example_dags/example_params_ui_tutorial.py
[2025-03-10T09:16:57.698+0100] {logging_mixin.py:188} INFO - [2025-03-10T09:16:57.698+0100] {dag.py:3036} INFO - Sync 1 DAGs
[2025-03-10T09:16:57.709+0100] {logging_mixin.py:188} INFO - [2025-03-10T09:16:57.709+0100] {dag.py:3823} INFO - Setting next_dagrun for example_params_ui_tutorial to None, run_after=None
[2025-03-10T09:16:57.726+0100] {processor.py:183} INFO - Processing /home/philip/de_engineering/airflow_projects/airflow1/venv/lib/python3.10/site-packages/airflow/example_dags/example_params_ui_tutorial.py took 0.094 seconds
[2025-03-10T09:17:28.118+0100] {processor.py:161} INFO - Started process (PID=137984) to work on /home/philip/de_engineering/airflow_projects/airflow1/venv/lib/python3.10/site-packages/airflow/example_dags/example_params_ui_tutorial.py
[2025-03-10T09:17:28.120+0100] {processor.py:830} INFO - Processing file /home/philip/de_engineering/airflow_projects/airflow1/venv/lib/python3.10/site-packages/airflow/example_dags/example_params_ui_tutorial.py for tasks to queue
[2025-03-10T09:17:28.121+0100] {logging_mixin.py:188} INFO - [2025-03-10T09:17:28.120+0100] {dagbag.py:538} INFO - Filling up the DagBag from /home/philip/de_engineering/airflow_projects/airflow1/venv/lib/python3.10/site-packages/airflow/example_dags/example_params_ui_tutorial.py
[2025-03-10T09:17:28.133+0100] {processor.py:840} INFO - DAG(s) 'example_params_ui_tutorial' retrieved from /home/philip/de_engineering/airflow_projects/airflow1/venv/lib/python3.10/site-packages/airflow/example_dags/example_params_ui_tutorial.py
[2025-03-10T09:17:28.194+0100] {logging_mixin.py:188} INFO - [2025-03-10T09:17:28.194+0100] {dag.py:3036} INFO - Sync 1 DAGs
[2025-03-10T09:17:28.207+0100] {logging_mixin.py:188} INFO - [2025-03-10T09:17:28.206+0100] {dag.py:3823} INFO - Setting next_dagrun for example_params_ui_tutorial to None, run_after=None
[2025-03-10T09:17:28.223+0100] {processor.py:183} INFO - Processing /home/philip/de_engineering/airflow_projects/airflow1/venv/lib/python3.10/site-packages/airflow/example_dags/example_params_ui_tutorial.py took 0.108 seconds
[2025-03-10T09:19:22.742+0100] {processor.py:161} INFO - Started process (PID=138706) to work on /home/philip/de_engineering/airflow_projects/airflow1/venv/lib/python3.10/site-packages/airflow/example_dags/example_params_ui_tutorial.py
[2025-03-10T09:19:22.743+0100] {processor.py:830} INFO - Processing file /home/philip/de_engineering/airflow_projects/airflow1/venv/lib/python3.10/site-packages/airflow/example_dags/example_params_ui_tutorial.py for tasks to queue
[2025-03-10T09:19:22.744+0100] {logging_mixin.py:188} INFO - [2025-03-10T09:19:22.744+0100] {dagbag.py:538} INFO - Filling up the DagBag from /home/philip/de_engineering/airflow_projects/airflow1/venv/lib/python3.10/site-packages/airflow/example_dags/example_params_ui_tutorial.py
[2025-03-10T09:19:22.753+0100] {processor.py:840} INFO - DAG(s) 'example_params_ui_tutorial' retrieved from /home/philip/de_engineering/airflow_projects/airflow1/venv/lib/python3.10/site-packages/airflow/example_dags/example_params_ui_tutorial.py
[2025-03-10T09:19:22.852+0100] {logging_mixin.py:188} INFO - [2025-03-10T09:19:22.851+0100] {dag.py:3036} INFO - Sync 1 DAGs
[2025-03-10T09:19:22.860+0100] {logging_mixin.py:188} INFO - [2025-03-10T09:19:22.859+0100] {dag.py:3823} INFO - Setting next_dagrun for example_params_ui_tutorial to None, run_after=None
[2025-03-10T09:19:22.895+0100] {processor.py:183} INFO - Processing /home/philip/de_engineering/airflow_projects/airflow1/venv/lib/python3.10/site-packages/airflow/example_dags/example_params_ui_tutorial.py took 0.156 seconds
[2025-03-10T09:19:53.608+0100] {processor.py:161} INFO - Started process (PID=139045) to work on /home/philip/de_engineering/airflow_projects/airflow1/venv/lib/python3.10/site-packages/airflow/example_dags/example_params_ui_tutorial.py
[2025-03-10T09:19:53.609+0100] {processor.py:830} INFO - Processing file /home/philip/de_engineering/airflow_projects/airflow1/venv/lib/python3.10/site-packages/airflow/example_dags/example_params_ui_tutorial.py for tasks to queue
[2025-03-10T09:19:53.609+0100] {logging_mixin.py:188} INFO - [2025-03-10T09:19:53.609+0100] {dagbag.py:538} INFO - Filling up the DagBag from /home/philip/de_engineering/airflow_projects/airflow1/venv/lib/python3.10/site-packages/airflow/example_dags/example_params_ui_tutorial.py
[2025-03-10T09:19:53.619+0100] {processor.py:840} INFO - DAG(s) 'example_params_ui_tutorial' retrieved from /home/philip/de_engineering/airflow_projects/airflow1/venv/lib/python3.10/site-packages/airflow/example_dags/example_params_ui_tutorial.py
[2025-03-10T09:19:53.663+0100] {logging_mixin.py:188} INFO - [2025-03-10T09:19:53.663+0100] {dag.py:3036} INFO - Sync 1 DAGs
[2025-03-10T09:19:53.674+0100] {logging_mixin.py:188} INFO - [2025-03-10T09:19:53.674+0100] {dag.py:3823} INFO - Setting next_dagrun for example_params_ui_tutorial to None, run_after=None
[2025-03-10T09:19:53.693+0100] {processor.py:183} INFO - Processing /home/philip/de_engineering/airflow_projects/airflow1/venv/lib/python3.10/site-packages/airflow/example_dags/example_params_ui_tutorial.py took 0.088 seconds
[2025-03-10T09:20:24.089+0100] {processor.py:161} INFO - Started process (PID=139426) to work on /home/philip/de_engineering/airflow_projects/airflow1/venv/lib/python3.10/site-packages/airflow/example_dags/example_params_ui_tutorial.py
[2025-03-10T09:20:24.092+0100] {processor.py:830} INFO - Processing file /home/philip/de_engineering/airflow_projects/airflow1/venv/lib/python3.10/site-packages/airflow/example_dags/example_params_ui_tutorial.py for tasks to queue
[2025-03-10T09:20:24.093+0100] {logging_mixin.py:188} INFO - [2025-03-10T09:20:24.093+0100] {dagbag.py:538} INFO - Filling up the DagBag from /home/philip/de_engineering/airflow_projects/airflow1/venv/lib/python3.10/site-packages/airflow/example_dags/example_params_ui_tutorial.py
[2025-03-10T09:20:24.107+0100] {processor.py:840} INFO - DAG(s) 'example_params_ui_tutorial' retrieved from /home/philip/de_engineering/airflow_projects/airflow1/venv/lib/python3.10/site-packages/airflow/example_dags/example_params_ui_tutorial.py
[2025-03-10T09:20:24.164+0100] {logging_mixin.py:188} INFO - [2025-03-10T09:20:24.163+0100] {dag.py:3036} INFO - Sync 1 DAGs
[2025-03-10T09:20:24.174+0100] {logging_mixin.py:188} INFO - [2025-03-10T09:20:24.173+0100] {dag.py:3823} INFO - Setting next_dagrun for example_params_ui_tutorial to None, run_after=None
[2025-03-10T09:20:24.188+0100] {processor.py:183} INFO - Processing /home/philip/de_engineering/airflow_projects/airflow1/venv/lib/python3.10/site-packages/airflow/example_dags/example_params_ui_tutorial.py took 0.102 seconds
[2025-03-10T09:20:54.567+0100] {processor.py:161} INFO - Started process (PID=139801) to work on /home/philip/de_engineering/airflow_projects/airflow1/venv/lib/python3.10/site-packages/airflow/example_dags/example_params_ui_tutorial.py
[2025-03-10T09:20:54.568+0100] {processor.py:830} INFO - Processing file /home/philip/de_engineering/airflow_projects/airflow1/venv/lib/python3.10/site-packages/airflow/example_dags/example_params_ui_tutorial.py for tasks to queue
[2025-03-10T09:20:54.569+0100] {logging_mixin.py:188} INFO - [2025-03-10T09:20:54.569+0100] {dagbag.py:538} INFO - Filling up the DagBag from /home/philip/de_engineering/airflow_projects/airflow1/venv/lib/python3.10/site-packages/airflow/example_dags/example_params_ui_tutorial.py
[2025-03-10T09:20:54.579+0100] {processor.py:840} INFO - DAG(s) 'example_params_ui_tutorial' retrieved from /home/philip/de_engineering/airflow_projects/airflow1/venv/lib/python3.10/site-packages/airflow/example_dags/example_params_ui_tutorial.py
[2025-03-10T09:20:54.623+0100] {logging_mixin.py:188} INFO - [2025-03-10T09:20:54.623+0100] {dag.py:3036} INFO - Sync 1 DAGs
[2025-03-10T09:20:54.634+0100] {logging_mixin.py:188} INFO - [2025-03-10T09:20:54.633+0100] {dag.py:3823} INFO - Setting next_dagrun for example_params_ui_tutorial to None, run_after=None
[2025-03-10T09:20:54.649+0100] {processor.py:183} INFO - Processing /home/philip/de_engineering/airflow_projects/airflow1/venv/lib/python3.10/site-packages/airflow/example_dags/example_params_ui_tutorial.py took 0.085 seconds
[2025-03-10T09:21:24.942+0100] {processor.py:161} INFO - Started process (PID=140183) to work on /home/philip/de_engineering/airflow_projects/airflow1/venv/lib/python3.10/site-packages/airflow/example_dags/example_params_ui_tutorial.py
[2025-03-10T09:21:24.943+0100] {processor.py:830} INFO - Processing file /home/philip/de_engineering/airflow_projects/airflow1/venv/lib/python3.10/site-packages/airflow/example_dags/example_params_ui_tutorial.py for tasks to queue
[2025-03-10T09:21:24.944+0100] {logging_mixin.py:188} INFO - [2025-03-10T09:21:24.944+0100] {dagbag.py:538} INFO - Filling up the DagBag from /home/philip/de_engineering/airflow_projects/airflow1/venv/lib/python3.10/site-packages/airflow/example_dags/example_params_ui_tutorial.py
[2025-03-10T09:21:24.954+0100] {processor.py:840} INFO - DAG(s) 'example_params_ui_tutorial' retrieved from /home/philip/de_engineering/airflow_projects/airflow1/venv/lib/python3.10/site-packages/airflow/example_dags/example_params_ui_tutorial.py
[2025-03-10T09:21:24.995+0100] {logging_mixin.py:188} INFO - [2025-03-10T09:21:24.994+0100] {dag.py:3036} INFO - Sync 1 DAGs
[2025-03-10T09:21:25.004+0100] {logging_mixin.py:188} INFO - [2025-03-10T09:21:25.004+0100] {dag.py:3823} INFO - Setting next_dagrun for example_params_ui_tutorial to None, run_after=None
[2025-03-10T09:21:25.018+0100] {processor.py:183} INFO - Processing /home/philip/de_engineering/airflow_projects/airflow1/venv/lib/python3.10/site-packages/airflow/example_dags/example_params_ui_tutorial.py took 0.080 seconds
[2025-03-10T09:21:55.111+0100] {processor.py:161} INFO - Started process (PID=140558) to work on /home/philip/de_engineering/airflow_projects/airflow1/venv/lib/python3.10/site-packages/airflow/example_dags/example_params_ui_tutorial.py
[2025-03-10T09:21:55.112+0100] {processor.py:830} INFO - Processing file /home/philip/de_engineering/airflow_projects/airflow1/venv/lib/python3.10/site-packages/airflow/example_dags/example_params_ui_tutorial.py for tasks to queue
[2025-03-10T09:21:55.113+0100] {logging_mixin.py:188} INFO - [2025-03-10T09:21:55.113+0100] {dagbag.py:538} INFO - Filling up the DagBag from /home/philip/de_engineering/airflow_projects/airflow1/venv/lib/python3.10/site-packages/airflow/example_dags/example_params_ui_tutorial.py
[2025-03-10T09:21:55.124+0100] {processor.py:840} INFO - DAG(s) 'example_params_ui_tutorial' retrieved from /home/philip/de_engineering/airflow_projects/airflow1/venv/lib/python3.10/site-packages/airflow/example_dags/example_params_ui_tutorial.py
[2025-03-10T09:21:55.172+0100] {logging_mixin.py:188} INFO - [2025-03-10T09:21:55.172+0100] {dag.py:3036} INFO - Sync 1 DAGs
[2025-03-10T09:21:55.182+0100] {logging_mixin.py:188} INFO - [2025-03-10T09:21:55.182+0100] {dag.py:3823} INFO - Setting next_dagrun for example_params_ui_tutorial to None, run_after=None
[2025-03-10T09:21:55.197+0100] {processor.py:183} INFO - Processing /home/philip/de_engineering/airflow_projects/airflow1/venv/lib/python3.10/site-packages/airflow/example_dags/example_params_ui_tutorial.py took 0.089 seconds
[2025-03-10T09:22:25.382+0100] {processor.py:161} INFO - Started process (PID=140939) to work on /home/philip/de_engineering/airflow_projects/airflow1/venv/lib/python3.10/site-packages/airflow/example_dags/example_params_ui_tutorial.py
[2025-03-10T09:22:25.382+0100] {processor.py:830} INFO - Processing file /home/philip/de_engineering/airflow_projects/airflow1/venv/lib/python3.10/site-packages/airflow/example_dags/example_params_ui_tutorial.py for tasks to queue
[2025-03-10T09:22:25.383+0100] {logging_mixin.py:188} INFO - [2025-03-10T09:22:25.383+0100] {dagbag.py:538} INFO - Filling up the DagBag from /home/philip/de_engineering/airflow_projects/airflow1/venv/lib/python3.10/site-packages/airflow/example_dags/example_params_ui_tutorial.py
[2025-03-10T09:22:25.395+0100] {processor.py:840} INFO - DAG(s) 'example_params_ui_tutorial' retrieved from /home/philip/de_engineering/airflow_projects/airflow1/venv/lib/python3.10/site-packages/airflow/example_dags/example_params_ui_tutorial.py
[2025-03-10T09:22:25.436+0100] {logging_mixin.py:188} INFO - [2025-03-10T09:22:25.436+0100] {dag.py:3036} INFO - Sync 1 DAGs
[2025-03-10T09:22:25.445+0100] {logging_mixin.py:188} INFO - [2025-03-10T09:22:25.445+0100] {dag.py:3823} INFO - Setting next_dagrun for example_params_ui_tutorial to None, run_after=None
[2025-03-10T09:22:25.460+0100] {processor.py:183} INFO - Processing /home/philip/de_engineering/airflow_projects/airflow1/venv/lib/python3.10/site-packages/airflow/example_dags/example_params_ui_tutorial.py took 0.081 seconds
[2025-03-10T09:22:55.614+0100] {processor.py:161} INFO - Started process (PID=141318) to work on /home/philip/de_engineering/airflow_projects/airflow1/venv/lib/python3.10/site-packages/airflow/example_dags/example_params_ui_tutorial.py
[2025-03-10T09:22:55.615+0100] {processor.py:830} INFO - Processing file /home/philip/de_engineering/airflow_projects/airflow1/venv/lib/python3.10/site-packages/airflow/example_dags/example_params_ui_tutorial.py for tasks to queue
[2025-03-10T09:22:55.616+0100] {logging_mixin.py:188} INFO - [2025-03-10T09:22:55.616+0100] {dagbag.py:538} INFO - Filling up the DagBag from /home/philip/de_engineering/airflow_projects/airflow1/venv/lib/python3.10/site-packages/airflow/example_dags/example_params_ui_tutorial.py
[2025-03-10T09:22:55.628+0100] {processor.py:840} INFO - DAG(s) 'example_params_ui_tutorial' retrieved from /home/philip/de_engineering/airflow_projects/airflow1/venv/lib/python3.10/site-packages/airflow/example_dags/example_params_ui_tutorial.py
[2025-03-10T09:22:55.682+0100] {logging_mixin.py:188} INFO - [2025-03-10T09:22:55.682+0100] {dag.py:3036} INFO - Sync 1 DAGs
[2025-03-10T09:22:55.692+0100] {logging_mixin.py:188} INFO - [2025-03-10T09:22:55.692+0100] {dag.py:3823} INFO - Setting next_dagrun for example_params_ui_tutorial to None, run_after=None
[2025-03-10T09:22:55.707+0100] {processor.py:183} INFO - Processing /home/philip/de_engineering/airflow_projects/airflow1/venv/lib/python3.10/site-packages/airflow/example_dags/example_params_ui_tutorial.py took 0.096 seconds
[2025-03-10T09:23:25.786+0100] {processor.py:161} INFO - Started process (PID=141697) to work on /home/philip/de_engineering/airflow_projects/airflow1/venv/lib/python3.10/site-packages/airflow/example_dags/example_params_ui_tutorial.py
[2025-03-10T09:23:25.787+0100] {processor.py:830} INFO - Processing file /home/philip/de_engineering/airflow_projects/airflow1/venv/lib/python3.10/site-packages/airflow/example_dags/example_params_ui_tutorial.py for tasks to queue
[2025-03-10T09:23:25.788+0100] {logging_mixin.py:188} INFO - [2025-03-10T09:23:25.787+0100] {dagbag.py:538} INFO - Filling up the DagBag from /home/philip/de_engineering/airflow_projects/airflow1/venv/lib/python3.10/site-packages/airflow/example_dags/example_params_ui_tutorial.py
[2025-03-10T09:23:25.797+0100] {processor.py:840} INFO - DAG(s) 'example_params_ui_tutorial' retrieved from /home/philip/de_engineering/airflow_projects/airflow1/venv/lib/python3.10/site-packages/airflow/example_dags/example_params_ui_tutorial.py
[2025-03-10T09:23:25.837+0100] {logging_mixin.py:188} INFO - [2025-03-10T09:23:25.837+0100] {dag.py:3036} INFO - Sync 1 DAGs
[2025-03-10T09:23:25.846+0100] {logging_mixin.py:188} INFO - [2025-03-10T09:23:25.846+0100] {dag.py:3823} INFO - Setting next_dagrun for example_params_ui_tutorial to None, run_after=None
[2025-03-10T09:23:25.861+0100] {processor.py:183} INFO - Processing /home/philip/de_engineering/airflow_projects/airflow1/venv/lib/python3.10/site-packages/airflow/example_dags/example_params_ui_tutorial.py took 0.078 seconds
[2025-03-10T09:23:56.307+0100] {processor.py:161} INFO - Started process (PID=142079) to work on /home/philip/de_engineering/airflow_projects/airflow1/venv/lib/python3.10/site-packages/airflow/example_dags/example_params_ui_tutorial.py
[2025-03-10T09:23:56.309+0100] {processor.py:830} INFO - Processing file /home/philip/de_engineering/airflow_projects/airflow1/venv/lib/python3.10/site-packages/airflow/example_dags/example_params_ui_tutorial.py for tasks to queue
[2025-03-10T09:23:56.309+0100] {logging_mixin.py:188} INFO - [2025-03-10T09:23:56.309+0100] {dagbag.py:538} INFO - Filling up the DagBag from /home/philip/de_engineering/airflow_projects/airflow1/venv/lib/python3.10/site-packages/airflow/example_dags/example_params_ui_tutorial.py
[2025-03-10T09:23:56.319+0100] {processor.py:840} INFO - DAG(s) 'example_params_ui_tutorial' retrieved from /home/philip/de_engineering/airflow_projects/airflow1/venv/lib/python3.10/site-packages/airflow/example_dags/example_params_ui_tutorial.py
[2025-03-10T09:23:56.371+0100] {logging_mixin.py:188} INFO - [2025-03-10T09:23:56.371+0100] {dag.py:3036} INFO - Sync 1 DAGs
[2025-03-10T09:23:56.383+0100] {logging_mixin.py:188} INFO - [2025-03-10T09:23:56.383+0100] {dag.py:3823} INFO - Setting next_dagrun for example_params_ui_tutorial to None, run_after=None
[2025-03-10T09:23:56.397+0100] {processor.py:183} INFO - Processing /home/philip/de_engineering/airflow_projects/airflow1/venv/lib/python3.10/site-packages/airflow/example_dags/example_params_ui_tutorial.py took 0.093 seconds
[2025-03-10T09:24:26.628+0100] {processor.py:161} INFO - Started process (PID=142453) to work on /home/philip/de_engineering/airflow_projects/airflow1/venv/lib/python3.10/site-packages/airflow/example_dags/example_params_ui_tutorial.py
[2025-03-10T09:24:26.629+0100] {processor.py:830} INFO - Processing file /home/philip/de_engineering/airflow_projects/airflow1/venv/lib/python3.10/site-packages/airflow/example_dags/example_params_ui_tutorial.py for tasks to queue
[2025-03-10T09:24:26.629+0100] {logging_mixin.py:188} INFO - [2025-03-10T09:24:26.629+0100] {dagbag.py:538} INFO - Filling up the DagBag from /home/philip/de_engineering/airflow_projects/airflow1/venv/lib/python3.10/site-packages/airflow/example_dags/example_params_ui_tutorial.py
[2025-03-10T09:24:26.639+0100] {processor.py:840} INFO - DAG(s) 'example_params_ui_tutorial' retrieved from /home/philip/de_engineering/airflow_projects/airflow1/venv/lib/python3.10/site-packages/airflow/example_dags/example_params_ui_tutorial.py
[2025-03-10T09:24:26.693+0100] {logging_mixin.py:188} INFO - [2025-03-10T09:24:26.693+0100] {dag.py:3036} INFO - Sync 1 DAGs
[2025-03-10T09:24:26.704+0100] {logging_mixin.py:188} INFO - [2025-03-10T09:24:26.704+0100] {dag.py:3823} INFO - Setting next_dagrun for example_params_ui_tutorial to None, run_after=None
[2025-03-10T09:24:26.720+0100] {processor.py:183} INFO - Processing /home/philip/de_engineering/airflow_projects/airflow1/venv/lib/python3.10/site-packages/airflow/example_dags/example_params_ui_tutorial.py took 0.096 seconds
[2025-03-10T09:24:56.903+0100] {processor.py:161} INFO - Started process (PID=142834) to work on /home/philip/de_engineering/airflow_projects/airflow1/venv/lib/python3.10/site-packages/airflow/example_dags/example_params_ui_tutorial.py
[2025-03-10T09:24:56.904+0100] {processor.py:830} INFO - Processing file /home/philip/de_engineering/airflow_projects/airflow1/venv/lib/python3.10/site-packages/airflow/example_dags/example_params_ui_tutorial.py for tasks to queue
[2025-03-10T09:24:56.905+0100] {logging_mixin.py:188} INFO - [2025-03-10T09:24:56.905+0100] {dagbag.py:538} INFO - Filling up the DagBag from /home/philip/de_engineering/airflow_projects/airflow1/venv/lib/python3.10/site-packages/airflow/example_dags/example_params_ui_tutorial.py
[2025-03-10T09:24:56.914+0100] {processor.py:840} INFO - DAG(s) 'example_params_ui_tutorial' retrieved from /home/philip/de_engineering/airflow_projects/airflow1/venv/lib/python3.10/site-packages/airflow/example_dags/example_params_ui_tutorial.py
[2025-03-10T09:24:56.956+0100] {logging_mixin.py:188} INFO - [2025-03-10T09:24:56.956+0100] {dag.py:3036} INFO - Sync 1 DAGs
[2025-03-10T09:24:56.966+0100] {logging_mixin.py:188} INFO - [2025-03-10T09:24:56.966+0100] {dag.py:3823} INFO - Setting next_dagrun for example_params_ui_tutorial to None, run_after=None
[2025-03-10T09:24:56.981+0100] {processor.py:183} INFO - Processing /home/philip/de_engineering/airflow_projects/airflow1/venv/lib/python3.10/site-packages/airflow/example_dags/example_params_ui_tutorial.py took 0.081 seconds
[2025-03-10T09:25:27.152+0100] {processor.py:161} INFO - Started process (PID=143213) to work on /home/philip/de_engineering/airflow_projects/airflow1/venv/lib/python3.10/site-packages/airflow/example_dags/example_params_ui_tutorial.py
[2025-03-10T09:25:27.152+0100] {processor.py:830} INFO - Processing file /home/philip/de_engineering/airflow_projects/airflow1/venv/lib/python3.10/site-packages/airflow/example_dags/example_params_ui_tutorial.py for tasks to queue
[2025-03-10T09:25:27.153+0100] {logging_mixin.py:188} INFO - [2025-03-10T09:25:27.153+0100] {dagbag.py:538} INFO - Filling up the DagBag from /home/philip/de_engineering/airflow_projects/airflow1/venv/lib/python3.10/site-packages/airflow/example_dags/example_params_ui_tutorial.py
[2025-03-10T09:25:27.162+0100] {processor.py:840} INFO - DAG(s) 'example_params_ui_tutorial' retrieved from /home/philip/de_engineering/airflow_projects/airflow1/venv/lib/python3.10/site-packages/airflow/example_dags/example_params_ui_tutorial.py
[2025-03-10T09:25:27.202+0100] {logging_mixin.py:188} INFO - [2025-03-10T09:25:27.202+0100] {dag.py:3036} INFO - Sync 1 DAGs
[2025-03-10T09:25:27.212+0100] {logging_mixin.py:188} INFO - [2025-03-10T09:25:27.211+0100] {dag.py:3823} INFO - Setting next_dagrun for example_params_ui_tutorial to None, run_after=None
[2025-03-10T09:25:27.226+0100] {processor.py:183} INFO - Processing /home/philip/de_engineering/airflow_projects/airflow1/venv/lib/python3.10/site-packages/airflow/example_dags/example_params_ui_tutorial.py took 0.077 seconds
[2025-03-10T09:25:57.590+0100] {processor.py:161} INFO - Started process (PID=143591) to work on /home/philip/de_engineering/airflow_projects/airflow1/venv/lib/python3.10/site-packages/airflow/example_dags/example_params_ui_tutorial.py
[2025-03-10T09:25:57.591+0100] {processor.py:830} INFO - Processing file /home/philip/de_engineering/airflow_projects/airflow1/venv/lib/python3.10/site-packages/airflow/example_dags/example_params_ui_tutorial.py for tasks to queue
[2025-03-10T09:25:57.592+0100] {logging_mixin.py:188} INFO - [2025-03-10T09:25:57.592+0100] {dagbag.py:538} INFO - Filling up the DagBag from /home/philip/de_engineering/airflow_projects/airflow1/venv/lib/python3.10/site-packages/airflow/example_dags/example_params_ui_tutorial.py
[2025-03-10T09:25:57.601+0100] {processor.py:840} INFO - DAG(s) 'example_params_ui_tutorial' retrieved from /home/philip/de_engineering/airflow_projects/airflow1/venv/lib/python3.10/site-packages/airflow/example_dags/example_params_ui_tutorial.py
[2025-03-10T09:25:57.644+0100] {logging_mixin.py:188} INFO - [2025-03-10T09:25:57.644+0100] {dag.py:3036} INFO - Sync 1 DAGs
[2025-03-10T09:25:57.654+0100] {logging_mixin.py:188} INFO - [2025-03-10T09:25:57.654+0100] {dag.py:3823} INFO - Setting next_dagrun for example_params_ui_tutorial to None, run_after=None
[2025-03-10T09:25:57.670+0100] {processor.py:183} INFO - Processing /home/philip/de_engineering/airflow_projects/airflow1/venv/lib/python3.10/site-packages/airflow/example_dags/example_params_ui_tutorial.py took 0.083 seconds
[2025-03-10T09:26:27.939+0100] {processor.py:161} INFO - Started process (PID=143974) to work on /home/philip/de_engineering/airflow_projects/airflow1/venv/lib/python3.10/site-packages/airflow/example_dags/example_params_ui_tutorial.py
[2025-03-10T09:26:27.940+0100] {processor.py:830} INFO - Processing file /home/philip/de_engineering/airflow_projects/airflow1/venv/lib/python3.10/site-packages/airflow/example_dags/example_params_ui_tutorial.py for tasks to queue
[2025-03-10T09:26:27.941+0100] {logging_mixin.py:188} INFO - [2025-03-10T09:26:27.941+0100] {dagbag.py:538} INFO - Filling up the DagBag from /home/philip/de_engineering/airflow_projects/airflow1/venv/lib/python3.10/site-packages/airflow/example_dags/example_params_ui_tutorial.py
[2025-03-10T09:26:27.957+0100] {processor.py:840} INFO - DAG(s) 'example_params_ui_tutorial' retrieved from /home/philip/de_engineering/airflow_projects/airflow1/venv/lib/python3.10/site-packages/airflow/example_dags/example_params_ui_tutorial.py
[2025-03-10T09:26:28.030+0100] {logging_mixin.py:188} INFO - [2025-03-10T09:26:28.029+0100] {dag.py:3036} INFO - Sync 1 DAGs
[2025-03-10T09:26:28.044+0100] {logging_mixin.py:188} INFO - [2025-03-10T09:26:28.043+0100] {dag.py:3823} INFO - Setting next_dagrun for example_params_ui_tutorial to None, run_after=None
[2025-03-10T09:26:28.060+0100] {processor.py:183} INFO - Processing /home/philip/de_engineering/airflow_projects/airflow1/venv/lib/python3.10/site-packages/airflow/example_dags/example_params_ui_tutorial.py took 0.125 seconds
[2025-03-10T09:26:58.282+0100] {processor.py:161} INFO - Started process (PID=144347) to work on /home/philip/de_engineering/airflow_projects/airflow1/venv/lib/python3.10/site-packages/airflow/example_dags/example_params_ui_tutorial.py
[2025-03-10T09:26:58.283+0100] {processor.py:830} INFO - Processing file /home/philip/de_engineering/airflow_projects/airflow1/venv/lib/python3.10/site-packages/airflow/example_dags/example_params_ui_tutorial.py for tasks to queue
[2025-03-10T09:26:58.284+0100] {logging_mixin.py:188} INFO - [2025-03-10T09:26:58.283+0100] {dagbag.py:538} INFO - Filling up the DagBag from /home/philip/de_engineering/airflow_projects/airflow1/venv/lib/python3.10/site-packages/airflow/example_dags/example_params_ui_tutorial.py
[2025-03-10T09:26:58.293+0100] {processor.py:840} INFO - DAG(s) 'example_params_ui_tutorial' retrieved from /home/philip/de_engineering/airflow_projects/airflow1/venv/lib/python3.10/site-packages/airflow/example_dags/example_params_ui_tutorial.py
[2025-03-10T09:26:58.335+0100] {logging_mixin.py:188} INFO - [2025-03-10T09:26:58.335+0100] {dag.py:3036} INFO - Sync 1 DAGs
[2025-03-10T09:26:58.345+0100] {logging_mixin.py:188} INFO - [2025-03-10T09:26:58.345+0100] {dag.py:3823} INFO - Setting next_dagrun for example_params_ui_tutorial to None, run_after=None
[2025-03-10T09:26:58.359+0100] {processor.py:183} INFO - Processing /home/philip/de_engineering/airflow_projects/airflow1/venv/lib/python3.10/site-packages/airflow/example_dags/example_params_ui_tutorial.py took 0.080 seconds
[2025-03-10T09:27:28.552+0100] {processor.py:161} INFO - Started process (PID=144729) to work on /home/philip/de_engineering/airflow_projects/airflow1/venv/lib/python3.10/site-packages/airflow/example_dags/example_params_ui_tutorial.py
[2025-03-10T09:27:28.553+0100] {processor.py:830} INFO - Processing file /home/philip/de_engineering/airflow_projects/airflow1/venv/lib/python3.10/site-packages/airflow/example_dags/example_params_ui_tutorial.py for tasks to queue
[2025-03-10T09:27:28.554+0100] {logging_mixin.py:188} INFO - [2025-03-10T09:27:28.553+0100] {dagbag.py:538} INFO - Filling up the DagBag from /home/philip/de_engineering/airflow_projects/airflow1/venv/lib/python3.10/site-packages/airflow/example_dags/example_params_ui_tutorial.py
[2025-03-10T09:27:28.564+0100] {processor.py:840} INFO - DAG(s) 'example_params_ui_tutorial' retrieved from /home/philip/de_engineering/airflow_projects/airflow1/venv/lib/python3.10/site-packages/airflow/example_dags/example_params_ui_tutorial.py
[2025-03-10T09:27:28.607+0100] {logging_mixin.py:188} INFO - [2025-03-10T09:27:28.607+0100] {dag.py:3036} INFO - Sync 1 DAGs
[2025-03-10T09:27:28.616+0100] {logging_mixin.py:188} INFO - [2025-03-10T09:27:28.616+0100] {dag.py:3823} INFO - Setting next_dagrun for example_params_ui_tutorial to None, run_after=None
[2025-03-10T09:27:28.630+0100] {processor.py:183} INFO - Processing /home/philip/de_engineering/airflow_projects/airflow1/venv/lib/python3.10/site-packages/airflow/example_dags/example_params_ui_tutorial.py took 0.081 seconds
[2025-03-10T09:27:58.833+0100] {processor.py:161} INFO - Started process (PID=145104) to work on /home/philip/de_engineering/airflow_projects/airflow1/venv/lib/python3.10/site-packages/airflow/example_dags/example_params_ui_tutorial.py
[2025-03-10T09:27:58.834+0100] {processor.py:830} INFO - Processing file /home/philip/de_engineering/airflow_projects/airflow1/venv/lib/python3.10/site-packages/airflow/example_dags/example_params_ui_tutorial.py for tasks to queue
[2025-03-10T09:27:58.835+0100] {logging_mixin.py:188} INFO - [2025-03-10T09:27:58.835+0100] {dagbag.py:538} INFO - Filling up the DagBag from /home/philip/de_engineering/airflow_projects/airflow1/venv/lib/python3.10/site-packages/airflow/example_dags/example_params_ui_tutorial.py
[2025-03-10T09:27:58.846+0100] {processor.py:840} INFO - DAG(s) 'example_params_ui_tutorial' retrieved from /home/philip/de_engineering/airflow_projects/airflow1/venv/lib/python3.10/site-packages/airflow/example_dags/example_params_ui_tutorial.py
[2025-03-10T09:27:58.893+0100] {logging_mixin.py:188} INFO - [2025-03-10T09:27:58.892+0100] {dag.py:3036} INFO - Sync 1 DAGs
[2025-03-10T09:27:58.904+0100] {logging_mixin.py:188} INFO - [2025-03-10T09:27:58.903+0100] {dag.py:3823} INFO - Setting next_dagrun for example_params_ui_tutorial to None, run_after=None
[2025-03-10T09:27:58.922+0100] {processor.py:183} INFO - Processing /home/philip/de_engineering/airflow_projects/airflow1/venv/lib/python3.10/site-packages/airflow/example_dags/example_params_ui_tutorial.py took 0.092 seconds
[2025-03-10T09:28:29.057+0100] {processor.py:161} INFO - Started process (PID=145484) to work on /home/philip/de_engineering/airflow_projects/airflow1/venv/lib/python3.10/site-packages/airflow/example_dags/example_params_ui_tutorial.py
[2025-03-10T09:28:29.058+0100] {processor.py:830} INFO - Processing file /home/philip/de_engineering/airflow_projects/airflow1/venv/lib/python3.10/site-packages/airflow/example_dags/example_params_ui_tutorial.py for tasks to queue
[2025-03-10T09:28:29.059+0100] {logging_mixin.py:188} INFO - [2025-03-10T09:28:29.058+0100] {dagbag.py:538} INFO - Filling up the DagBag from /home/philip/de_engineering/airflow_projects/airflow1/venv/lib/python3.10/site-packages/airflow/example_dags/example_params_ui_tutorial.py
[2025-03-10T09:28:29.068+0100] {processor.py:840} INFO - DAG(s) 'example_params_ui_tutorial' retrieved from /home/philip/de_engineering/airflow_projects/airflow1/venv/lib/python3.10/site-packages/airflow/example_dags/example_params_ui_tutorial.py
[2025-03-10T09:28:29.110+0100] {logging_mixin.py:188} INFO - [2025-03-10T09:28:29.110+0100] {dag.py:3036} INFO - Sync 1 DAGs
[2025-03-10T09:28:29.120+0100] {logging_mixin.py:188} INFO - [2025-03-10T09:28:29.120+0100] {dag.py:3823} INFO - Setting next_dagrun for example_params_ui_tutorial to None, run_after=None
[2025-03-10T09:28:29.137+0100] {processor.py:183} INFO - Processing /home/philip/de_engineering/airflow_projects/airflow1/venv/lib/python3.10/site-packages/airflow/example_dags/example_params_ui_tutorial.py took 0.083 seconds
[2025-03-10T09:28:59.305+0100] {processor.py:161} INFO - Started process (PID=145861) to work on /home/philip/de_engineering/airflow_projects/airflow1/venv/lib/python3.10/site-packages/airflow/example_dags/example_params_ui_tutorial.py
[2025-03-10T09:28:59.306+0100] {processor.py:830} INFO - Processing file /home/philip/de_engineering/airflow_projects/airflow1/venv/lib/python3.10/site-packages/airflow/example_dags/example_params_ui_tutorial.py for tasks to queue
[2025-03-10T09:28:59.307+0100] {logging_mixin.py:188} INFO - [2025-03-10T09:28:59.307+0100] {dagbag.py:538} INFO - Filling up the DagBag from /home/philip/de_engineering/airflow_projects/airflow1/venv/lib/python3.10/site-packages/airflow/example_dags/example_params_ui_tutorial.py
[2025-03-10T09:28:59.316+0100] {processor.py:840} INFO - DAG(s) 'example_params_ui_tutorial' retrieved from /home/philip/de_engineering/airflow_projects/airflow1/venv/lib/python3.10/site-packages/airflow/example_dags/example_params_ui_tutorial.py
[2025-03-10T09:28:59.356+0100] {logging_mixin.py:188} INFO - [2025-03-10T09:28:59.356+0100] {dag.py:3036} INFO - Sync 1 DAGs
[2025-03-10T09:28:59.368+0100] {logging_mixin.py:188} INFO - [2025-03-10T09:28:59.367+0100] {dag.py:3823} INFO - Setting next_dagrun for example_params_ui_tutorial to None, run_after=None
[2025-03-10T09:28:59.382+0100] {processor.py:183} INFO - Processing /home/philip/de_engineering/airflow_projects/airflow1/venv/lib/python3.10/site-packages/airflow/example_dags/example_params_ui_tutorial.py took 0.080 seconds
[2025-03-10T09:29:29.489+0100] {processor.py:161} INFO - Started process (PID=146241) to work on /home/philip/de_engineering/airflow_projects/airflow1/venv/lib/python3.10/site-packages/airflow/example_dags/example_params_ui_tutorial.py
[2025-03-10T09:29:29.491+0100] {processor.py:830} INFO - Processing file /home/philip/de_engineering/airflow_projects/airflow1/venv/lib/python3.10/site-packages/airflow/example_dags/example_params_ui_tutorial.py for tasks to queue
[2025-03-10T09:29:29.491+0100] {logging_mixin.py:188} INFO - [2025-03-10T09:29:29.491+0100] {dagbag.py:538} INFO - Filling up the DagBag from /home/philip/de_engineering/airflow_projects/airflow1/venv/lib/python3.10/site-packages/airflow/example_dags/example_params_ui_tutorial.py
[2025-03-10T09:29:29.502+0100] {processor.py:840} INFO - DAG(s) 'example_params_ui_tutorial' retrieved from /home/philip/de_engineering/airflow_projects/airflow1/venv/lib/python3.10/site-packages/airflow/example_dags/example_params_ui_tutorial.py
[2025-03-10T09:29:29.548+0100] {logging_mixin.py:188} INFO - [2025-03-10T09:29:29.547+0100] {dag.py:3036} INFO - Sync 1 DAGs
[2025-03-10T09:29:29.558+0100] {logging_mixin.py:188} INFO - [2025-03-10T09:29:29.558+0100] {dag.py:3823} INFO - Setting next_dagrun for example_params_ui_tutorial to None, run_after=None
[2025-03-10T09:29:29.574+0100] {processor.py:183} INFO - Processing /home/philip/de_engineering/airflow_projects/airflow1/venv/lib/python3.10/site-packages/airflow/example_dags/example_params_ui_tutorial.py took 0.087 seconds
[2025-03-10T09:29:59.689+0100] {processor.py:161} INFO - Started process (PID=146617) to work on /home/philip/de_engineering/airflow_projects/airflow1/venv/lib/python3.10/site-packages/airflow/example_dags/example_params_ui_tutorial.py
[2025-03-10T09:29:59.690+0100] {processor.py:830} INFO - Processing file /home/philip/de_engineering/airflow_projects/airflow1/venv/lib/python3.10/site-packages/airflow/example_dags/example_params_ui_tutorial.py for tasks to queue
[2025-03-10T09:29:59.691+0100] {logging_mixin.py:188} INFO - [2025-03-10T09:29:59.690+0100] {dagbag.py:538} INFO - Filling up the DagBag from /home/philip/de_engineering/airflow_projects/airflow1/venv/lib/python3.10/site-packages/airflow/example_dags/example_params_ui_tutorial.py
[2025-03-10T09:29:59.701+0100] {processor.py:840} INFO - DAG(s) 'example_params_ui_tutorial' retrieved from /home/philip/de_engineering/airflow_projects/airflow1/venv/lib/python3.10/site-packages/airflow/example_dags/example_params_ui_tutorial.py
[2025-03-10T09:29:59.743+0100] {logging_mixin.py:188} INFO - [2025-03-10T09:29:59.742+0100] {dag.py:3036} INFO - Sync 1 DAGs
[2025-03-10T09:29:59.753+0100] {logging_mixin.py:188} INFO - [2025-03-10T09:29:59.753+0100] {dag.py:3823} INFO - Setting next_dagrun for example_params_ui_tutorial to None, run_after=None
[2025-03-10T09:29:59.766+0100] {processor.py:183} INFO - Processing /home/philip/de_engineering/airflow_projects/airflow1/venv/lib/python3.10/site-packages/airflow/example_dags/example_params_ui_tutorial.py took 0.080 seconds
[2025-03-10T09:30:29.870+0100] {processor.py:161} INFO - Started process (PID=146996) to work on /home/philip/de_engineering/airflow_projects/airflow1/venv/lib/python3.10/site-packages/airflow/example_dags/example_params_ui_tutorial.py
[2025-03-10T09:30:29.871+0100] {processor.py:830} INFO - Processing file /home/philip/de_engineering/airflow_projects/airflow1/venv/lib/python3.10/site-packages/airflow/example_dags/example_params_ui_tutorial.py for tasks to queue
[2025-03-10T09:30:29.871+0100] {logging_mixin.py:188} INFO - [2025-03-10T09:30:29.871+0100] {dagbag.py:538} INFO - Filling up the DagBag from /home/philip/de_engineering/airflow_projects/airflow1/venv/lib/python3.10/site-packages/airflow/example_dags/example_params_ui_tutorial.py
[2025-03-10T09:30:29.880+0100] {processor.py:840} INFO - DAG(s) 'example_params_ui_tutorial' retrieved from /home/philip/de_engineering/airflow_projects/airflow1/venv/lib/python3.10/site-packages/airflow/example_dags/example_params_ui_tutorial.py
[2025-03-10T09:30:29.924+0100] {logging_mixin.py:188} INFO - [2025-03-10T09:30:29.924+0100] {dag.py:3036} INFO - Sync 1 DAGs
[2025-03-10T09:30:29.935+0100] {logging_mixin.py:188} INFO - [2025-03-10T09:30:29.935+0100] {dag.py:3823} INFO - Setting next_dagrun for example_params_ui_tutorial to None, run_after=None
[2025-03-10T09:30:29.950+0100] {processor.py:183} INFO - Processing /home/philip/de_engineering/airflow_projects/airflow1/venv/lib/python3.10/site-packages/airflow/example_dags/example_params_ui_tutorial.py took 0.083 seconds
[2025-03-10T09:31:00.066+0100] {processor.py:161} INFO - Started process (PID=147378) to work on /home/philip/de_engineering/airflow_projects/airflow1/venv/lib/python3.10/site-packages/airflow/example_dags/example_params_ui_tutorial.py
[2025-03-10T09:31:00.067+0100] {processor.py:830} INFO - Processing file /home/philip/de_engineering/airflow_projects/airflow1/venv/lib/python3.10/site-packages/airflow/example_dags/example_params_ui_tutorial.py for tasks to queue
[2025-03-10T09:31:00.068+0100] {logging_mixin.py:188} INFO - [2025-03-10T09:31:00.068+0100] {dagbag.py:538} INFO - Filling up the DagBag from /home/philip/de_engineering/airflow_projects/airflow1/venv/lib/python3.10/site-packages/airflow/example_dags/example_params_ui_tutorial.py
[2025-03-10T09:31:00.077+0100] {processor.py:840} INFO - DAG(s) 'example_params_ui_tutorial' retrieved from /home/philip/de_engineering/airflow_projects/airflow1/venv/lib/python3.10/site-packages/airflow/example_dags/example_params_ui_tutorial.py
[2025-03-10T09:31:00.117+0100] {logging_mixin.py:188} INFO - [2025-03-10T09:31:00.117+0100] {dag.py:3036} INFO - Sync 1 DAGs
[2025-03-10T09:31:00.128+0100] {logging_mixin.py:188} INFO - [2025-03-10T09:31:00.128+0100] {dag.py:3823} INFO - Setting next_dagrun for example_params_ui_tutorial to None, run_after=None
[2025-03-10T09:31:00.142+0100] {processor.py:183} INFO - Processing /home/philip/de_engineering/airflow_projects/airflow1/venv/lib/python3.10/site-packages/airflow/example_dags/example_params_ui_tutorial.py took 0.079 seconds
[2025-03-10T09:31:30.258+0100] {processor.py:161} INFO - Started process (PID=147752) to work on /home/philip/de_engineering/airflow_projects/airflow1/venv/lib/python3.10/site-packages/airflow/example_dags/example_params_ui_tutorial.py
[2025-03-10T09:31:30.259+0100] {processor.py:830} INFO - Processing file /home/philip/de_engineering/airflow_projects/airflow1/venv/lib/python3.10/site-packages/airflow/example_dags/example_params_ui_tutorial.py for tasks to queue
[2025-03-10T09:31:30.260+0100] {logging_mixin.py:188} INFO - [2025-03-10T09:31:30.260+0100] {dagbag.py:538} INFO - Filling up the DagBag from /home/philip/de_engineering/airflow_projects/airflow1/venv/lib/python3.10/site-packages/airflow/example_dags/example_params_ui_tutorial.py
[2025-03-10T09:31:30.271+0100] {processor.py:840} INFO - DAG(s) 'example_params_ui_tutorial' retrieved from /home/philip/de_engineering/airflow_projects/airflow1/venv/lib/python3.10/site-packages/airflow/example_dags/example_params_ui_tutorial.py
[2025-03-10T09:31:30.320+0100] {logging_mixin.py:188} INFO - [2025-03-10T09:31:30.320+0100] {dag.py:3036} INFO - Sync 1 DAGs
[2025-03-10T09:31:30.331+0100] {logging_mixin.py:188} INFO - [2025-03-10T09:31:30.331+0100] {dag.py:3823} INFO - Setting next_dagrun for example_params_ui_tutorial to None, run_after=None
[2025-03-10T09:31:30.349+0100] {processor.py:183} INFO - Processing /home/philip/de_engineering/airflow_projects/airflow1/venv/lib/python3.10/site-packages/airflow/example_dags/example_params_ui_tutorial.py took 0.093 seconds
[2025-03-10T09:32:00.409+0100] {processor.py:161} INFO - Started process (PID=148131) to work on /home/philip/de_engineering/airflow_projects/airflow1/venv/lib/python3.10/site-packages/airflow/example_dags/example_params_ui_tutorial.py
[2025-03-10T09:32:00.410+0100] {processor.py:830} INFO - Processing file /home/philip/de_engineering/airflow_projects/airflow1/venv/lib/python3.10/site-packages/airflow/example_dags/example_params_ui_tutorial.py for tasks to queue
[2025-03-10T09:32:00.411+0100] {logging_mixin.py:188} INFO - [2025-03-10T09:32:00.411+0100] {dagbag.py:538} INFO - Filling up the DagBag from /home/philip/de_engineering/airflow_projects/airflow1/venv/lib/python3.10/site-packages/airflow/example_dags/example_params_ui_tutorial.py
[2025-03-10T09:32:00.421+0100] {processor.py:840} INFO - DAG(s) 'example_params_ui_tutorial' retrieved from /home/philip/de_engineering/airflow_projects/airflow1/venv/lib/python3.10/site-packages/airflow/example_dags/example_params_ui_tutorial.py
[2025-03-10T09:32:00.464+0100] {logging_mixin.py:188} INFO - [2025-03-10T09:32:00.464+0100] {dag.py:3036} INFO - Sync 1 DAGs
[2025-03-10T09:32:00.474+0100] {logging_mixin.py:188} INFO - [2025-03-10T09:32:00.474+0100] {dag.py:3823} INFO - Setting next_dagrun for example_params_ui_tutorial to None, run_after=None
[2025-03-10T09:32:00.488+0100] {processor.py:183} INFO - Processing /home/philip/de_engineering/airflow_projects/airflow1/venv/lib/python3.10/site-packages/airflow/example_dags/example_params_ui_tutorial.py took 0.082 seconds
[2025-03-10T09:32:30.627+0100] {processor.py:161} INFO - Started process (PID=148508) to work on /home/philip/de_engineering/airflow_projects/airflow1/venv/lib/python3.10/site-packages/airflow/example_dags/example_params_ui_tutorial.py
[2025-03-10T09:32:30.628+0100] {processor.py:830} INFO - Processing file /home/philip/de_engineering/airflow_projects/airflow1/venv/lib/python3.10/site-packages/airflow/example_dags/example_params_ui_tutorial.py for tasks to queue
[2025-03-10T09:32:30.629+0100] {logging_mixin.py:188} INFO - [2025-03-10T09:32:30.629+0100] {dagbag.py:538} INFO - Filling up the DagBag from /home/philip/de_engineering/airflow_projects/airflow1/venv/lib/python3.10/site-packages/airflow/example_dags/example_params_ui_tutorial.py
[2025-03-10T09:32:30.638+0100] {processor.py:840} INFO - DAG(s) 'example_params_ui_tutorial' retrieved from /home/philip/de_engineering/airflow_projects/airflow1/venv/lib/python3.10/site-packages/airflow/example_dags/example_params_ui_tutorial.py
[2025-03-10T09:32:30.679+0100] {logging_mixin.py:188} INFO - [2025-03-10T09:32:30.678+0100] {dag.py:3036} INFO - Sync 1 DAGs
[2025-03-10T09:32:30.688+0100] {logging_mixin.py:188} INFO - [2025-03-10T09:32:30.687+0100] {dag.py:3823} INFO - Setting next_dagrun for example_params_ui_tutorial to None, run_after=None
[2025-03-10T09:32:30.701+0100] {processor.py:183} INFO - Processing /home/philip/de_engineering/airflow_projects/airflow1/venv/lib/python3.10/site-packages/airflow/example_dags/example_params_ui_tutorial.py took 0.077 seconds
[2025-03-10T09:33:00.832+0100] {processor.py:161} INFO - Started process (PID=148885) to work on /home/philip/de_engineering/airflow_projects/airflow1/venv/lib/python3.10/site-packages/airflow/example_dags/example_params_ui_tutorial.py
[2025-03-10T09:33:00.833+0100] {processor.py:830} INFO - Processing file /home/philip/de_engineering/airflow_projects/airflow1/venv/lib/python3.10/site-packages/airflow/example_dags/example_params_ui_tutorial.py for tasks to queue
[2025-03-10T09:33:00.834+0100] {logging_mixin.py:188} INFO - [2025-03-10T09:33:00.834+0100] {dagbag.py:538} INFO - Filling up the DagBag from /home/philip/de_engineering/airflow_projects/airflow1/venv/lib/python3.10/site-packages/airflow/example_dags/example_params_ui_tutorial.py
[2025-03-10T09:33:00.844+0100] {processor.py:840} INFO - DAG(s) 'example_params_ui_tutorial' retrieved from /home/philip/de_engineering/airflow_projects/airflow1/venv/lib/python3.10/site-packages/airflow/example_dags/example_params_ui_tutorial.py
[2025-03-10T09:33:00.887+0100] {logging_mixin.py:188} INFO - [2025-03-10T09:33:00.887+0100] {dag.py:3036} INFO - Sync 1 DAGs
[2025-03-10T09:33:00.896+0100] {logging_mixin.py:188} INFO - [2025-03-10T09:33:00.896+0100] {dag.py:3823} INFO - Setting next_dagrun for example_params_ui_tutorial to None, run_after=None
[2025-03-10T09:33:00.912+0100] {processor.py:183} INFO - Processing /home/philip/de_engineering/airflow_projects/airflow1/venv/lib/python3.10/site-packages/airflow/example_dags/example_params_ui_tutorial.py took 0.083 seconds
[2025-03-10T09:33:31.065+0100] {processor.py:161} INFO - Started process (PID=149263) to work on /home/philip/de_engineering/airflow_projects/airflow1/venv/lib/python3.10/site-packages/airflow/example_dags/example_params_ui_tutorial.py
[2025-03-10T09:33:31.067+0100] {processor.py:830} INFO - Processing file /home/philip/de_engineering/airflow_projects/airflow1/venv/lib/python3.10/site-packages/airflow/example_dags/example_params_ui_tutorial.py for tasks to queue
[2025-03-10T09:33:31.067+0100] {logging_mixin.py:188} INFO - [2025-03-10T09:33:31.067+0100] {dagbag.py:538} INFO - Filling up the DagBag from /home/philip/de_engineering/airflow_projects/airflow1/venv/lib/python3.10/site-packages/airflow/example_dags/example_params_ui_tutorial.py
[2025-03-10T09:33:31.076+0100] {processor.py:840} INFO - DAG(s) 'example_params_ui_tutorial' retrieved from /home/philip/de_engineering/airflow_projects/airflow1/venv/lib/python3.10/site-packages/airflow/example_dags/example_params_ui_tutorial.py
[2025-03-10T09:33:31.117+0100] {logging_mixin.py:188} INFO - [2025-03-10T09:33:31.117+0100] {dag.py:3036} INFO - Sync 1 DAGs
[2025-03-10T09:33:31.126+0100] {logging_mixin.py:188} INFO - [2025-03-10T09:33:31.126+0100] {dag.py:3823} INFO - Setting next_dagrun for example_params_ui_tutorial to None, run_after=None
[2025-03-10T09:33:31.140+0100] {processor.py:183} INFO - Processing /home/philip/de_engineering/airflow_projects/airflow1/venv/lib/python3.10/site-packages/airflow/example_dags/example_params_ui_tutorial.py took 0.078 seconds
[2025-03-10T09:34:01.284+0100] {processor.py:161} INFO - Started process (PID=149645) to work on /home/philip/de_engineering/airflow_projects/airflow1/venv/lib/python3.10/site-packages/airflow/example_dags/example_params_ui_tutorial.py
[2025-03-10T09:34:01.284+0100] {processor.py:830} INFO - Processing file /home/philip/de_engineering/airflow_projects/airflow1/venv/lib/python3.10/site-packages/airflow/example_dags/example_params_ui_tutorial.py for tasks to queue
[2025-03-10T09:34:01.285+0100] {logging_mixin.py:188} INFO - [2025-03-10T09:34:01.285+0100] {dagbag.py:538} INFO - Filling up the DagBag from /home/philip/de_engineering/airflow_projects/airflow1/venv/lib/python3.10/site-packages/airflow/example_dags/example_params_ui_tutorial.py
[2025-03-10T09:34:01.296+0100] {processor.py:840} INFO - DAG(s) 'example_params_ui_tutorial' retrieved from /home/philip/de_engineering/airflow_projects/airflow1/venv/lib/python3.10/site-packages/airflow/example_dags/example_params_ui_tutorial.py
[2025-03-10T09:34:01.337+0100] {logging_mixin.py:188} INFO - [2025-03-10T09:34:01.337+0100] {dag.py:3036} INFO - Sync 1 DAGs
[2025-03-10T09:34:01.346+0100] {logging_mixin.py:188} INFO - [2025-03-10T09:34:01.346+0100] {dag.py:3823} INFO - Setting next_dagrun for example_params_ui_tutorial to None, run_after=None
[2025-03-10T09:34:01.360+0100] {processor.py:183} INFO - Processing /home/philip/de_engineering/airflow_projects/airflow1/venv/lib/python3.10/site-packages/airflow/example_dags/example_params_ui_tutorial.py took 0.079 seconds
[2025-03-10T09:34:31.569+0100] {processor.py:161} INFO - Started process (PID=150017) to work on /home/philip/de_engineering/airflow_projects/airflow1/venv/lib/python3.10/site-packages/airflow/example_dags/example_params_ui_tutorial.py
[2025-03-10T09:34:31.570+0100] {processor.py:830} INFO - Processing file /home/philip/de_engineering/airflow_projects/airflow1/venv/lib/python3.10/site-packages/airflow/example_dags/example_params_ui_tutorial.py for tasks to queue
[2025-03-10T09:34:31.571+0100] {logging_mixin.py:188} INFO - [2025-03-10T09:34:31.571+0100] {dagbag.py:538} INFO - Filling up the DagBag from /home/philip/de_engineering/airflow_projects/airflow1/venv/lib/python3.10/site-packages/airflow/example_dags/example_params_ui_tutorial.py
[2025-03-10T09:34:31.581+0100] {processor.py:840} INFO - DAG(s) 'example_params_ui_tutorial' retrieved from /home/philip/de_engineering/airflow_projects/airflow1/venv/lib/python3.10/site-packages/airflow/example_dags/example_params_ui_tutorial.py
[2025-03-10T09:34:31.625+0100] {logging_mixin.py:188} INFO - [2025-03-10T09:34:31.624+0100] {dag.py:3036} INFO - Sync 1 DAGs
[2025-03-10T09:34:31.634+0100] {logging_mixin.py:188} INFO - [2025-03-10T09:34:31.634+0100] {dag.py:3823} INFO - Setting next_dagrun for example_params_ui_tutorial to None, run_after=None
[2025-03-10T09:34:31.652+0100] {processor.py:183} INFO - Processing /home/philip/de_engineering/airflow_projects/airflow1/venv/lib/python3.10/site-packages/airflow/example_dags/example_params_ui_tutorial.py took 0.086 seconds
[2025-03-10T09:35:01.854+0100] {processor.py:161} INFO - Started process (PID=150405) to work on /home/philip/de_engineering/airflow_projects/airflow1/venv/lib/python3.10/site-packages/airflow/example_dags/example_params_ui_tutorial.py
[2025-03-10T09:35:01.855+0100] {processor.py:830} INFO - Processing file /home/philip/de_engineering/airflow_projects/airflow1/venv/lib/python3.10/site-packages/airflow/example_dags/example_params_ui_tutorial.py for tasks to queue
[2025-03-10T09:35:01.856+0100] {logging_mixin.py:188} INFO - [2025-03-10T09:35:01.856+0100] {dagbag.py:538} INFO - Filling up the DagBag from /home/philip/de_engineering/airflow_projects/airflow1/venv/lib/python3.10/site-packages/airflow/example_dags/example_params_ui_tutorial.py
[2025-03-10T09:35:01.865+0100] {processor.py:840} INFO - DAG(s) 'example_params_ui_tutorial' retrieved from /home/philip/de_engineering/airflow_projects/airflow1/venv/lib/python3.10/site-packages/airflow/example_dags/example_params_ui_tutorial.py
[2025-03-10T09:35:01.911+0100] {logging_mixin.py:188} INFO - [2025-03-10T09:35:01.910+0100] {dag.py:3036} INFO - Sync 1 DAGs
[2025-03-10T09:35:01.921+0100] {logging_mixin.py:188} INFO - [2025-03-10T09:35:01.921+0100] {dag.py:3823} INFO - Setting next_dagrun for example_params_ui_tutorial to None, run_after=None
[2025-03-10T09:35:01.938+0100] {processor.py:183} INFO - Processing /home/philip/de_engineering/airflow_projects/airflow1/venv/lib/python3.10/site-packages/airflow/example_dags/example_params_ui_tutorial.py took 0.086 seconds
[2025-03-10T09:35:32.096+0100] {processor.py:161} INFO - Started process (PID=150780) to work on /home/philip/de_engineering/airflow_projects/airflow1/venv/lib/python3.10/site-packages/airflow/example_dags/example_params_ui_tutorial.py
[2025-03-10T09:35:32.099+0100] {processor.py:830} INFO - Processing file /home/philip/de_engineering/airflow_projects/airflow1/venv/lib/python3.10/site-packages/airflow/example_dags/example_params_ui_tutorial.py for tasks to queue
[2025-03-10T09:35:32.100+0100] {logging_mixin.py:188} INFO - [2025-03-10T09:35:32.099+0100] {dagbag.py:538} INFO - Filling up the DagBag from /home/philip/de_engineering/airflow_projects/airflow1/venv/lib/python3.10/site-packages/airflow/example_dags/example_params_ui_tutorial.py
[2025-03-10T09:35:32.110+0100] {processor.py:840} INFO - DAG(s) 'example_params_ui_tutorial' retrieved from /home/philip/de_engineering/airflow_projects/airflow1/venv/lib/python3.10/site-packages/airflow/example_dags/example_params_ui_tutorial.py
[2025-03-10T09:35:32.153+0100] {logging_mixin.py:188} INFO - [2025-03-10T09:35:32.153+0100] {dag.py:3036} INFO - Sync 1 DAGs
[2025-03-10T09:35:32.163+0100] {logging_mixin.py:188} INFO - [2025-03-10T09:35:32.163+0100] {dag.py:3823} INFO - Setting next_dagrun for example_params_ui_tutorial to None, run_after=None
[2025-03-10T09:35:32.178+0100] {processor.py:183} INFO - Processing /home/philip/de_engineering/airflow_projects/airflow1/venv/lib/python3.10/site-packages/airflow/example_dags/example_params_ui_tutorial.py took 0.084 seconds
[2025-03-10T09:36:02.269+0100] {processor.py:161} INFO - Started process (PID=151158) to work on /home/philip/de_engineering/airflow_projects/airflow1/venv/lib/python3.10/site-packages/airflow/example_dags/example_params_ui_tutorial.py
[2025-03-10T09:36:02.271+0100] {processor.py:830} INFO - Processing file /home/philip/de_engineering/airflow_projects/airflow1/venv/lib/python3.10/site-packages/airflow/example_dags/example_params_ui_tutorial.py for tasks to queue
[2025-03-10T09:36:02.271+0100] {logging_mixin.py:188} INFO - [2025-03-10T09:36:02.271+0100] {dagbag.py:538} INFO - Filling up the DagBag from /home/philip/de_engineering/airflow_projects/airflow1/venv/lib/python3.10/site-packages/airflow/example_dags/example_params_ui_tutorial.py
[2025-03-10T09:36:02.281+0100] {processor.py:840} INFO - DAG(s) 'example_params_ui_tutorial' retrieved from /home/philip/de_engineering/airflow_projects/airflow1/venv/lib/python3.10/site-packages/airflow/example_dags/example_params_ui_tutorial.py
[2025-03-10T09:36:02.326+0100] {logging_mixin.py:188} INFO - [2025-03-10T09:36:02.325+0100] {dag.py:3036} INFO - Sync 1 DAGs
[2025-03-10T09:36:02.335+0100] {logging_mixin.py:188} INFO - [2025-03-10T09:36:02.335+0100] {dag.py:3823} INFO - Setting next_dagrun for example_params_ui_tutorial to None, run_after=None
[2025-03-10T09:36:02.348+0100] {processor.py:183} INFO - Processing /home/philip/de_engineering/airflow_projects/airflow1/venv/lib/python3.10/site-packages/airflow/example_dags/example_params_ui_tutorial.py took 0.082 seconds
