[2025-03-10T09:14:23.998+0100] {processor.py:161} INFO - Started process (PID=136853) to work on /home/philip/de_engineering/airflow_projects/airflow1/venv/lib/python3.10/site-packages/airflow/example_dags/example_task_group_decorator.py
[2025-03-10T09:14:23.999+0100] {processor.py:830} INFO - Processing file /home/philip/de_engineering/airflow_projects/airflow1/venv/lib/python3.10/site-packages/airflow/example_dags/example_task_group_decorator.py for tasks to queue
[2025-03-10T09:14:24.000+0100] {logging_mixin.py:188} INFO - [2025-03-10T09:14:23.999+0100] {dagbag.py:538} INFO - Filling up the DagBag from /home/philip/de_engineering/airflow_projects/airflow1/venv/lib/python3.10/site-packages/airflow/example_dags/example_task_group_decorator.py
[2025-03-10T09:14:24.012+0100] {processor.py:840} INFO - DAG(s) 'example_task_group_decorator' retrieved from /home/philip/de_engineering/airflow_projects/airflow1/venv/lib/python3.10/site-packages/airflow/example_dags/example_task_group_decorator.py
[2025-03-10T09:14:24.095+0100] {logging_mixin.py:188} INFO - [2025-03-10T09:14:24.094+0100] {override.py:1769} INFO - Created Permission View: can read on DAG:example_task_group_decorator
[2025-03-10T09:14:24.103+0100] {logging_mixin.py:188} INFO - [2025-03-10T09:14:24.102+0100] {override.py:1769} INFO - Created Permission View: can delete on DAG:example_task_group_decorator
[2025-03-10T09:14:24.107+0100] {logging_mixin.py:188} INFO - [2025-03-10T09:14:24.107+0100] {override.py:1769} INFO - Created Permission View: can edit on DAG:example_task_group_decorator
[2025-03-10T09:14:24.107+0100] {logging_mixin.py:188} INFO - [2025-03-10T09:14:24.107+0100] {dag.py:3036} INFO - Sync 1 DAGs
[2025-03-10T09:14:24.117+0100] {logging_mixin.py:188} INFO - [2025-03-10T09:14:24.117+0100] {dag.py:3058} INFO - Creating ORM DAG for example_task_group_decorator
[2025-03-10T09:14:24.124+0100] {logging_mixin.py:188} INFO - [2025-03-10T09:14:24.124+0100] {dag.py:3823} INFO - Setting next_dagrun for example_task_group_decorator to 2025-03-09 00:00:00+00:00, run_after=2025-03-10 00:00:00+00:00
[2025-03-10T09:14:24.136+0100] {processor.py:183} INFO - Processing /home/philip/de_engineering/airflow_projects/airflow1/venv/lib/python3.10/site-packages/airflow/example_dags/example_task_group_decorator.py took 0.141 seconds
[2025-03-10T09:14:55.149+0100] {processor.py:161} INFO - Started process (PID=136964) to work on /home/philip/de_engineering/airflow_projects/airflow1/venv/lib/python3.10/site-packages/airflow/example_dags/example_task_group_decorator.py
[2025-03-10T09:14:55.149+0100] {processor.py:830} INFO - Processing file /home/philip/de_engineering/airflow_projects/airflow1/venv/lib/python3.10/site-packages/airflow/example_dags/example_task_group_decorator.py for tasks to queue
[2025-03-10T09:14:55.150+0100] {logging_mixin.py:188} INFO - [2025-03-10T09:14:55.150+0100] {dagbag.py:538} INFO - Filling up the DagBag from /home/philip/de_engineering/airflow_projects/airflow1/venv/lib/python3.10/site-packages/airflow/example_dags/example_task_group_decorator.py
[2025-03-10T09:14:55.162+0100] {processor.py:840} INFO - DAG(s) 'example_task_group_decorator' retrieved from /home/philip/de_engineering/airflow_projects/airflow1/venv/lib/python3.10/site-packages/airflow/example_dags/example_task_group_decorator.py
[2025-03-10T09:14:55.185+0100] {logging_mixin.py:188} INFO - [2025-03-10T09:14:55.185+0100] {dag.py:3036} INFO - Sync 1 DAGs
[2025-03-10T09:14:55.203+0100] {logging_mixin.py:188} INFO - [2025-03-10T09:14:55.203+0100] {dag.py:3823} INFO - Setting next_dagrun for example_task_group_decorator to 2025-03-09 00:00:00+00:00, run_after=2025-03-10 00:00:00+00:00
[2025-03-10T09:14:55.217+0100] {processor.py:183} INFO - Processing /home/philip/de_engineering/airflow_projects/airflow1/venv/lib/python3.10/site-packages/airflow/example_dags/example_task_group_decorator.py took 0.071 seconds
[2025-03-10T09:15:25.330+0100] {processor.py:161} INFO - Started process (PID=137065) to work on /home/philip/de_engineering/airflow_projects/airflow1/venv/lib/python3.10/site-packages/airflow/example_dags/example_task_group_decorator.py
[2025-03-10T09:15:25.331+0100] {processor.py:830} INFO - Processing file /home/philip/de_engineering/airflow_projects/airflow1/venv/lib/python3.10/site-packages/airflow/example_dags/example_task_group_decorator.py for tasks to queue
[2025-03-10T09:15:25.331+0100] {logging_mixin.py:188} INFO - [2025-03-10T09:15:25.331+0100] {dagbag.py:538} INFO - Filling up the DagBag from /home/philip/de_engineering/airflow_projects/airflow1/venv/lib/python3.10/site-packages/airflow/example_dags/example_task_group_decorator.py
[2025-03-10T09:15:25.343+0100] {processor.py:840} INFO - DAG(s) 'example_task_group_decorator' retrieved from /home/philip/de_engineering/airflow_projects/airflow1/venv/lib/python3.10/site-packages/airflow/example_dags/example_task_group_decorator.py
[2025-03-10T09:15:25.366+0100] {logging_mixin.py:188} INFO - [2025-03-10T09:15:25.366+0100] {dag.py:3036} INFO - Sync 1 DAGs
[2025-03-10T09:15:25.384+0100] {logging_mixin.py:188} INFO - [2025-03-10T09:15:25.384+0100] {dag.py:3823} INFO - Setting next_dagrun for example_task_group_decorator to 2025-03-09 00:00:00+00:00, run_after=2025-03-10 00:00:00+00:00
[2025-03-10T09:15:25.400+0100] {processor.py:183} INFO - Processing /home/philip/de_engineering/airflow_projects/airflow1/venv/lib/python3.10/site-packages/airflow/example_dags/example_task_group_decorator.py took 0.073 seconds
[2025-03-10T09:15:55.573+0100] {processor.py:161} INFO - Started process (PID=137166) to work on /home/philip/de_engineering/airflow_projects/airflow1/venv/lib/python3.10/site-packages/airflow/example_dags/example_task_group_decorator.py
[2025-03-10T09:15:55.574+0100] {processor.py:830} INFO - Processing file /home/philip/de_engineering/airflow_projects/airflow1/venv/lib/python3.10/site-packages/airflow/example_dags/example_task_group_decorator.py for tasks to queue
[2025-03-10T09:15:55.575+0100] {logging_mixin.py:188} INFO - [2025-03-10T09:15:55.575+0100] {dagbag.py:538} INFO - Filling up the DagBag from /home/philip/de_engineering/airflow_projects/airflow1/venv/lib/python3.10/site-packages/airflow/example_dags/example_task_group_decorator.py
[2025-03-10T09:15:55.591+0100] {processor.py:840} INFO - DAG(s) 'example_task_group_decorator' retrieved from /home/philip/de_engineering/airflow_projects/airflow1/venv/lib/python3.10/site-packages/airflow/example_dags/example_task_group_decorator.py
[2025-03-10T09:15:55.620+0100] {logging_mixin.py:188} INFO - [2025-03-10T09:15:55.620+0100] {dag.py:3036} INFO - Sync 1 DAGs
[2025-03-10T09:15:55.644+0100] {logging_mixin.py:188} INFO - [2025-03-10T09:15:55.644+0100] {dag.py:3823} INFO - Setting next_dagrun for example_task_group_decorator to 2025-03-09 00:00:00+00:00, run_after=2025-03-10 00:00:00+00:00
[2025-03-10T09:15:55.663+0100] {processor.py:183} INFO - Processing /home/philip/de_engineering/airflow_projects/airflow1/venv/lib/python3.10/site-packages/airflow/example_dags/example_task_group_decorator.py took 0.094 seconds
[2025-03-10T09:16:26.156+0100] {processor.py:161} INFO - Started process (PID=137542) to work on /home/philip/de_engineering/airflow_projects/airflow1/venv/lib/python3.10/site-packages/airflow/example_dags/example_task_group_decorator.py
[2025-03-10T09:16:26.158+0100] {processor.py:830} INFO - Processing file /home/philip/de_engineering/airflow_projects/airflow1/venv/lib/python3.10/site-packages/airflow/example_dags/example_task_group_decorator.py for tasks to queue
[2025-03-10T09:16:26.158+0100] {logging_mixin.py:188} INFO - [2025-03-10T09:16:26.158+0100] {dagbag.py:538} INFO - Filling up the DagBag from /home/philip/de_engineering/airflow_projects/airflow1/venv/lib/python3.10/site-packages/airflow/example_dags/example_task_group_decorator.py
[2025-03-10T09:16:26.170+0100] {processor.py:840} INFO - DAG(s) 'example_task_group_decorator' retrieved from /home/philip/de_engineering/airflow_projects/airflow1/venv/lib/python3.10/site-packages/airflow/example_dags/example_task_group_decorator.py
[2025-03-10T09:16:26.191+0100] {logging_mixin.py:188} INFO - [2025-03-10T09:16:26.191+0100] {dag.py:3036} INFO - Sync 1 DAGs
[2025-03-10T09:16:26.209+0100] {logging_mixin.py:188} INFO - [2025-03-10T09:16:26.209+0100] {dag.py:3823} INFO - Setting next_dagrun for example_task_group_decorator to 2025-03-09 00:00:00+00:00, run_after=2025-03-10 00:00:00+00:00
[2025-03-10T09:16:26.224+0100] {processor.py:183} INFO - Processing /home/philip/de_engineering/airflow_projects/airflow1/venv/lib/python3.10/site-packages/airflow/example_dags/example_task_group_decorator.py took 0.071 seconds
[2025-03-10T09:16:56.281+0100] {processor.py:161} INFO - Started process (PID=137731) to work on /home/philip/de_engineering/airflow_projects/airflow1/venv/lib/python3.10/site-packages/airflow/example_dags/example_task_group_decorator.py
[2025-03-10T09:16:56.282+0100] {processor.py:830} INFO - Processing file /home/philip/de_engineering/airflow_projects/airflow1/venv/lib/python3.10/site-packages/airflow/example_dags/example_task_group_decorator.py for tasks to queue
[2025-03-10T09:16:56.283+0100] {logging_mixin.py:188} INFO - [2025-03-10T09:16:56.283+0100] {dagbag.py:538} INFO - Filling up the DagBag from /home/philip/de_engineering/airflow_projects/airflow1/venv/lib/python3.10/site-packages/airflow/example_dags/example_task_group_decorator.py
[2025-03-10T09:16:56.294+0100] {processor.py:840} INFO - DAG(s) 'example_task_group_decorator' retrieved from /home/philip/de_engineering/airflow_projects/airflow1/venv/lib/python3.10/site-packages/airflow/example_dags/example_task_group_decorator.py
[2025-03-10T09:16:56.318+0100] {logging_mixin.py:188} INFO - [2025-03-10T09:16:56.318+0100] {dag.py:3036} INFO - Sync 1 DAGs
[2025-03-10T09:16:56.337+0100] {logging_mixin.py:188} INFO - [2025-03-10T09:16:56.337+0100] {dag.py:3823} INFO - Setting next_dagrun for example_task_group_decorator to 2025-03-09 00:00:00+00:00, run_after=2025-03-10 00:00:00+00:00
[2025-03-10T09:16:56.353+0100] {processor.py:183} INFO - Processing /home/philip/de_engineering/airflow_projects/airflow1/venv/lib/python3.10/site-packages/airflow/example_dags/example_task_group_decorator.py took 0.075 seconds
[2025-03-10T09:17:26.562+0100] {processor.py:161} INFO - Started process (PID=137917) to work on /home/philip/de_engineering/airflow_projects/airflow1/venv/lib/python3.10/site-packages/airflow/example_dags/example_task_group_decorator.py
[2025-03-10T09:17:26.563+0100] {processor.py:830} INFO - Processing file /home/philip/de_engineering/airflow_projects/airflow1/venv/lib/python3.10/site-packages/airflow/example_dags/example_task_group_decorator.py for tasks to queue
[2025-03-10T09:17:26.564+0100] {logging_mixin.py:188} INFO - [2025-03-10T09:17:26.563+0100] {dagbag.py:538} INFO - Filling up the DagBag from /home/philip/de_engineering/airflow_projects/airflow1/venv/lib/python3.10/site-packages/airflow/example_dags/example_task_group_decorator.py
[2025-03-10T09:17:26.576+0100] {processor.py:840} INFO - DAG(s) 'example_task_group_decorator' retrieved from /home/philip/de_engineering/airflow_projects/airflow1/venv/lib/python3.10/site-packages/airflow/example_dags/example_task_group_decorator.py
[2025-03-10T09:17:26.598+0100] {logging_mixin.py:188} INFO - [2025-03-10T09:17:26.598+0100] {dag.py:3036} INFO - Sync 1 DAGs
[2025-03-10T09:17:26.616+0100] {logging_mixin.py:188} INFO - [2025-03-10T09:17:26.616+0100] {dag.py:3823} INFO - Setting next_dagrun for example_task_group_decorator to 2025-03-09 00:00:00+00:00, run_after=2025-03-10 00:00:00+00:00
[2025-03-10T09:17:26.631+0100] {processor.py:183} INFO - Processing /home/philip/de_engineering/airflow_projects/airflow1/venv/lib/python3.10/site-packages/airflow/example_dags/example_task_group_decorator.py took 0.072 seconds
[2025-03-10T09:19:20.790+0100] {processor.py:161} INFO - Started process (PID=138521) to work on /home/philip/de_engineering/airflow_projects/airflow1/venv/lib/python3.10/site-packages/airflow/example_dags/example_task_group_decorator.py
[2025-03-10T09:19:20.813+0100] {processor.py:830} INFO - Processing file /home/philip/de_engineering/airflow_projects/airflow1/venv/lib/python3.10/site-packages/airflow/example_dags/example_task_group_decorator.py for tasks to queue
[2025-03-10T09:19:20.814+0100] {logging_mixin.py:188} INFO - [2025-03-10T09:19:20.813+0100] {dagbag.py:538} INFO - Filling up the DagBag from /home/philip/de_engineering/airflow_projects/airflow1/venv/lib/python3.10/site-packages/airflow/example_dags/example_task_group_decorator.py
[2025-03-10T09:19:20.834+0100] {processor.py:840} INFO - DAG(s) 'example_task_group_decorator' retrieved from /home/philip/de_engineering/airflow_projects/airflow1/venv/lib/python3.10/site-packages/airflow/example_dags/example_task_group_decorator.py
[2025-03-10T09:19:20.928+0100] {logging_mixin.py:188} INFO - [2025-03-10T09:19:20.928+0100] {dag.py:3036} INFO - Sync 1 DAGs
[2025-03-10T09:19:20.945+0100] {logging_mixin.py:188} INFO - [2025-03-10T09:19:20.945+0100] {dag.py:3823} INFO - Setting next_dagrun for example_task_group_decorator to 2025-03-09 00:00:00+00:00, run_after=2025-03-10 00:00:00+00:00
[2025-03-10T09:19:20.960+0100] {processor.py:183} INFO - Processing /home/philip/de_engineering/airflow_projects/airflow1/venv/lib/python3.10/site-packages/airflow/example_dags/example_task_group_decorator.py took 0.174 seconds
[2025-03-10T09:19:51.085+0100] {processor.py:161} INFO - Started process (PID=138857) to work on /home/philip/de_engineering/airflow_projects/airflow1/venv/lib/python3.10/site-packages/airflow/example_dags/example_task_group_decorator.py
[2025-03-10T09:19:51.086+0100] {processor.py:830} INFO - Processing file /home/philip/de_engineering/airflow_projects/airflow1/venv/lib/python3.10/site-packages/airflow/example_dags/example_task_group_decorator.py for tasks to queue
[2025-03-10T09:19:51.087+0100] {logging_mixin.py:188} INFO - [2025-03-10T09:19:51.086+0100] {dagbag.py:538} INFO - Filling up the DagBag from /home/philip/de_engineering/airflow_projects/airflow1/venv/lib/python3.10/site-packages/airflow/example_dags/example_task_group_decorator.py
[2025-03-10T09:19:51.100+0100] {processor.py:840} INFO - DAG(s) 'example_task_group_decorator' retrieved from /home/philip/de_engineering/airflow_projects/airflow1/venv/lib/python3.10/site-packages/airflow/example_dags/example_task_group_decorator.py
[2025-03-10T09:19:51.126+0100] {logging_mixin.py:188} INFO - [2025-03-10T09:19:51.126+0100] {dag.py:3036} INFO - Sync 1 DAGs
[2025-03-10T09:19:51.147+0100] {logging_mixin.py:188} INFO - [2025-03-10T09:19:51.146+0100] {dag.py:3823} INFO - Setting next_dagrun for example_task_group_decorator to 2025-03-09 00:00:00+00:00, run_after=2025-03-10 00:00:00+00:00
[2025-03-10T09:19:51.161+0100] {processor.py:183} INFO - Processing /home/philip/de_engineering/airflow_projects/airflow1/venv/lib/python3.10/site-packages/airflow/example_dags/example_task_group_decorator.py took 0.079 seconds
[2025-03-10T09:20:21.560+0100] {processor.py:161} INFO - Started process (PID=139231) to work on /home/philip/de_engineering/airflow_projects/airflow1/venv/lib/python3.10/site-packages/airflow/example_dags/example_task_group_decorator.py
[2025-03-10T09:20:21.561+0100] {processor.py:830} INFO - Processing file /home/philip/de_engineering/airflow_projects/airflow1/venv/lib/python3.10/site-packages/airflow/example_dags/example_task_group_decorator.py for tasks to queue
[2025-03-10T09:20:21.561+0100] {logging_mixin.py:188} INFO - [2025-03-10T09:20:21.561+0100] {dagbag.py:538} INFO - Filling up the DagBag from /home/philip/de_engineering/airflow_projects/airflow1/venv/lib/python3.10/site-packages/airflow/example_dags/example_task_group_decorator.py
[2025-03-10T09:20:21.574+0100] {processor.py:840} INFO - DAG(s) 'example_task_group_decorator' retrieved from /home/philip/de_engineering/airflow_projects/airflow1/venv/lib/python3.10/site-packages/airflow/example_dags/example_task_group_decorator.py
[2025-03-10T09:20:21.596+0100] {logging_mixin.py:188} INFO - [2025-03-10T09:20:21.596+0100] {dag.py:3036} INFO - Sync 1 DAGs
[2025-03-10T09:20:21.613+0100] {logging_mixin.py:188} INFO - [2025-03-10T09:20:21.613+0100] {dag.py:3823} INFO - Setting next_dagrun for example_task_group_decorator to 2025-03-09 00:00:00+00:00, run_after=2025-03-10 00:00:00+00:00
[2025-03-10T09:20:21.629+0100] {processor.py:183} INFO - Processing /home/philip/de_engineering/airflow_projects/airflow1/venv/lib/python3.10/site-packages/airflow/example_dags/example_task_group_decorator.py took 0.072 seconds
[2025-03-10T09:20:52.107+0100] {processor.py:161} INFO - Started process (PID=139612) to work on /home/philip/de_engineering/airflow_projects/airflow1/venv/lib/python3.10/site-packages/airflow/example_dags/example_task_group_decorator.py
[2025-03-10T09:20:52.108+0100] {processor.py:830} INFO - Processing file /home/philip/de_engineering/airflow_projects/airflow1/venv/lib/python3.10/site-packages/airflow/example_dags/example_task_group_decorator.py for tasks to queue
[2025-03-10T09:20:52.109+0100] {logging_mixin.py:188} INFO - [2025-03-10T09:20:52.109+0100] {dagbag.py:538} INFO - Filling up the DagBag from /home/philip/de_engineering/airflow_projects/airflow1/venv/lib/python3.10/site-packages/airflow/example_dags/example_task_group_decorator.py
[2025-03-10T09:20:52.127+0100] {processor.py:840} INFO - DAG(s) 'example_task_group_decorator' retrieved from /home/philip/de_engineering/airflow_projects/airflow1/venv/lib/python3.10/site-packages/airflow/example_dags/example_task_group_decorator.py
[2025-03-10T09:20:52.160+0100] {logging_mixin.py:188} INFO - [2025-03-10T09:20:52.159+0100] {dag.py:3036} INFO - Sync 1 DAGs
[2025-03-10T09:20:52.185+0100] {logging_mixin.py:188} INFO - [2025-03-10T09:20:52.185+0100] {dag.py:3823} INFO - Setting next_dagrun for example_task_group_decorator to 2025-03-09 00:00:00+00:00, run_after=2025-03-10 00:00:00+00:00
[2025-03-10T09:20:52.223+0100] {processor.py:183} INFO - Processing /home/philip/de_engineering/airflow_projects/airflow1/venv/lib/python3.10/site-packages/airflow/example_dags/example_task_group_decorator.py took 0.120 seconds
[2025-03-10T09:21:22.535+0100] {processor.py:161} INFO - Started process (PID=139994) to work on /home/philip/de_engineering/airflow_projects/airflow1/venv/lib/python3.10/site-packages/airflow/example_dags/example_task_group_decorator.py
[2025-03-10T09:21:22.536+0100] {processor.py:830} INFO - Processing file /home/philip/de_engineering/airflow_projects/airflow1/venv/lib/python3.10/site-packages/airflow/example_dags/example_task_group_decorator.py for tasks to queue
[2025-03-10T09:21:22.537+0100] {logging_mixin.py:188} INFO - [2025-03-10T09:21:22.536+0100] {dagbag.py:538} INFO - Filling up the DagBag from /home/philip/de_engineering/airflow_projects/airflow1/venv/lib/python3.10/site-packages/airflow/example_dags/example_task_group_decorator.py
[2025-03-10T09:21:22.548+0100] {processor.py:840} INFO - DAG(s) 'example_task_group_decorator' retrieved from /home/philip/de_engineering/airflow_projects/airflow1/venv/lib/python3.10/site-packages/airflow/example_dags/example_task_group_decorator.py
[2025-03-10T09:21:22.571+0100] {logging_mixin.py:188} INFO - [2025-03-10T09:21:22.571+0100] {dag.py:3036} INFO - Sync 1 DAGs
[2025-03-10T09:21:22.590+0100] {logging_mixin.py:188} INFO - [2025-03-10T09:21:22.590+0100] {dag.py:3823} INFO - Setting next_dagrun for example_task_group_decorator to 2025-03-09 00:00:00+00:00, run_after=2025-03-10 00:00:00+00:00
[2025-03-10T09:21:22.607+0100] {processor.py:183} INFO - Processing /home/philip/de_engineering/airflow_projects/airflow1/venv/lib/python3.10/site-packages/airflow/example_dags/example_task_group_decorator.py took 0.075 seconds
[2025-03-10T09:21:52.830+0100] {processor.py:161} INFO - Started process (PID=140371) to work on /home/philip/de_engineering/airflow_projects/airflow1/venv/lib/python3.10/site-packages/airflow/example_dags/example_task_group_decorator.py
[2025-03-10T09:21:52.831+0100] {processor.py:830} INFO - Processing file /home/philip/de_engineering/airflow_projects/airflow1/venv/lib/python3.10/site-packages/airflow/example_dags/example_task_group_decorator.py for tasks to queue
[2025-03-10T09:21:52.832+0100] {logging_mixin.py:188} INFO - [2025-03-10T09:21:52.831+0100] {dagbag.py:538} INFO - Filling up the DagBag from /home/philip/de_engineering/airflow_projects/airflow1/venv/lib/python3.10/site-packages/airflow/example_dags/example_task_group_decorator.py
[2025-03-10T09:21:52.845+0100] {processor.py:840} INFO - DAG(s) 'example_task_group_decorator' retrieved from /home/philip/de_engineering/airflow_projects/airflow1/venv/lib/python3.10/site-packages/airflow/example_dags/example_task_group_decorator.py
[2025-03-10T09:21:52.875+0100] {logging_mixin.py:188} INFO - [2025-03-10T09:21:52.875+0100] {dag.py:3036} INFO - Sync 1 DAGs
[2025-03-10T09:21:52.896+0100] {logging_mixin.py:188} INFO - [2025-03-10T09:21:52.896+0100] {dag.py:3823} INFO - Setting next_dagrun for example_task_group_decorator to 2025-03-09 00:00:00+00:00, run_after=2025-03-10 00:00:00+00:00
[2025-03-10T09:21:52.912+0100] {processor.py:183} INFO - Processing /home/philip/de_engineering/airflow_projects/airflow1/venv/lib/python3.10/site-packages/airflow/example_dags/example_task_group_decorator.py took 0.085 seconds
[2025-03-10T09:22:23.094+0100] {processor.py:161} INFO - Started process (PID=140752) to work on /home/philip/de_engineering/airflow_projects/airflow1/venv/lib/python3.10/site-packages/airflow/example_dags/example_task_group_decorator.py
[2025-03-10T09:22:23.096+0100] {processor.py:830} INFO - Processing file /home/philip/de_engineering/airflow_projects/airflow1/venv/lib/python3.10/site-packages/airflow/example_dags/example_task_group_decorator.py for tasks to queue
[2025-03-10T09:22:23.096+0100] {logging_mixin.py:188} INFO - [2025-03-10T09:22:23.096+0100] {dagbag.py:538} INFO - Filling up the DagBag from /home/philip/de_engineering/airflow_projects/airflow1/venv/lib/python3.10/site-packages/airflow/example_dags/example_task_group_decorator.py
[2025-03-10T09:22:23.108+0100] {processor.py:840} INFO - DAG(s) 'example_task_group_decorator' retrieved from /home/philip/de_engineering/airflow_projects/airflow1/venv/lib/python3.10/site-packages/airflow/example_dags/example_task_group_decorator.py
[2025-03-10T09:22:23.131+0100] {logging_mixin.py:188} INFO - [2025-03-10T09:22:23.131+0100] {dag.py:3036} INFO - Sync 1 DAGs
[2025-03-10T09:22:23.149+0100] {logging_mixin.py:188} INFO - [2025-03-10T09:22:23.149+0100] {dag.py:3823} INFO - Setting next_dagrun for example_task_group_decorator to 2025-03-09 00:00:00+00:00, run_after=2025-03-10 00:00:00+00:00
[2025-03-10T09:22:23.168+0100] {processor.py:183} INFO - Processing /home/philip/de_engineering/airflow_projects/airflow1/venv/lib/python3.10/site-packages/airflow/example_dags/example_task_group_decorator.py took 0.076 seconds
[2025-03-10T09:22:53.271+0100] {processor.py:161} INFO - Started process (PID=141125) to work on /home/philip/de_engineering/airflow_projects/airflow1/venv/lib/python3.10/site-packages/airflow/example_dags/example_task_group_decorator.py
[2025-03-10T09:22:53.272+0100] {processor.py:830} INFO - Processing file /home/philip/de_engineering/airflow_projects/airflow1/venv/lib/python3.10/site-packages/airflow/example_dags/example_task_group_decorator.py for tasks to queue
[2025-03-10T09:22:53.273+0100] {logging_mixin.py:188} INFO - [2025-03-10T09:22:53.273+0100] {dagbag.py:538} INFO - Filling up the DagBag from /home/philip/de_engineering/airflow_projects/airflow1/venv/lib/python3.10/site-packages/airflow/example_dags/example_task_group_decorator.py
[2025-03-10T09:22:53.287+0100] {processor.py:840} INFO - DAG(s) 'example_task_group_decorator' retrieved from /home/philip/de_engineering/airflow_projects/airflow1/venv/lib/python3.10/site-packages/airflow/example_dags/example_task_group_decorator.py
[2025-03-10T09:22:53.312+0100] {logging_mixin.py:188} INFO - [2025-03-10T09:22:53.312+0100] {dag.py:3036} INFO - Sync 1 DAGs
[2025-03-10T09:22:53.333+0100] {logging_mixin.py:188} INFO - [2025-03-10T09:22:53.333+0100] {dag.py:3823} INFO - Setting next_dagrun for example_task_group_decorator to 2025-03-09 00:00:00+00:00, run_after=2025-03-10 00:00:00+00:00
[2025-03-10T09:22:53.349+0100] {processor.py:183} INFO - Processing /home/philip/de_engineering/airflow_projects/airflow1/venv/lib/python3.10/site-packages/airflow/example_dags/example_task_group_decorator.py took 0.080 seconds
[2025-03-10T09:23:23.538+0100] {processor.py:161} INFO - Started process (PID=141509) to work on /home/philip/de_engineering/airflow_projects/airflow1/venv/lib/python3.10/site-packages/airflow/example_dags/example_task_group_decorator.py
[2025-03-10T09:23:23.539+0100] {processor.py:830} INFO - Processing file /home/philip/de_engineering/airflow_projects/airflow1/venv/lib/python3.10/site-packages/airflow/example_dags/example_task_group_decorator.py for tasks to queue
[2025-03-10T09:23:23.540+0100] {logging_mixin.py:188} INFO - [2025-03-10T09:23:23.539+0100] {dagbag.py:538} INFO - Filling up the DagBag from /home/philip/de_engineering/airflow_projects/airflow1/venv/lib/python3.10/site-packages/airflow/example_dags/example_task_group_decorator.py
[2025-03-10T09:23:23.552+0100] {processor.py:840} INFO - DAG(s) 'example_task_group_decorator' retrieved from /home/philip/de_engineering/airflow_projects/airflow1/venv/lib/python3.10/site-packages/airflow/example_dags/example_task_group_decorator.py
[2025-03-10T09:23:23.575+0100] {logging_mixin.py:188} INFO - [2025-03-10T09:23:23.575+0100] {dag.py:3036} INFO - Sync 1 DAGs
[2025-03-10T09:23:23.594+0100] {logging_mixin.py:188} INFO - [2025-03-10T09:23:23.593+0100] {dag.py:3823} INFO - Setting next_dagrun for example_task_group_decorator to 2025-03-09 00:00:00+00:00, run_after=2025-03-10 00:00:00+00:00
[2025-03-10T09:23:23.608+0100] {processor.py:183} INFO - Processing /home/philip/de_engineering/airflow_projects/airflow1/venv/lib/python3.10/site-packages/airflow/example_dags/example_task_group_decorator.py took 0.073 seconds
[2025-03-10T09:23:53.879+0100] {processor.py:161} INFO - Started process (PID=141889) to work on /home/philip/de_engineering/airflow_projects/airflow1/venv/lib/python3.10/site-packages/airflow/example_dags/example_task_group_decorator.py
[2025-03-10T09:23:53.881+0100] {processor.py:830} INFO - Processing file /home/philip/de_engineering/airflow_projects/airflow1/venv/lib/python3.10/site-packages/airflow/example_dags/example_task_group_decorator.py for tasks to queue
[2025-03-10T09:23:53.882+0100] {logging_mixin.py:188} INFO - [2025-03-10T09:23:53.881+0100] {dagbag.py:538} INFO - Filling up the DagBag from /home/philip/de_engineering/airflow_projects/airflow1/venv/lib/python3.10/site-packages/airflow/example_dags/example_task_group_decorator.py
[2025-03-10T09:23:53.894+0100] {processor.py:840} INFO - DAG(s) 'example_task_group_decorator' retrieved from /home/philip/de_engineering/airflow_projects/airflow1/venv/lib/python3.10/site-packages/airflow/example_dags/example_task_group_decorator.py
[2025-03-10T09:23:53.919+0100] {logging_mixin.py:188} INFO - [2025-03-10T09:23:53.918+0100] {dag.py:3036} INFO - Sync 1 DAGs
[2025-03-10T09:23:53.937+0100] {logging_mixin.py:188} INFO - [2025-03-10T09:23:53.936+0100] {dag.py:3823} INFO - Setting next_dagrun for example_task_group_decorator to 2025-03-09 00:00:00+00:00, run_after=2025-03-10 00:00:00+00:00
[2025-03-10T09:23:53.951+0100] {processor.py:183} INFO - Processing /home/philip/de_engineering/airflow_projects/airflow1/venv/lib/python3.10/site-packages/airflow/example_dags/example_task_group_decorator.py took 0.075 seconds
[2025-03-10T09:24:24.196+0100] {processor.py:161} INFO - Started process (PID=142265) to work on /home/philip/de_engineering/airflow_projects/airflow1/venv/lib/python3.10/site-packages/airflow/example_dags/example_task_group_decorator.py
[2025-03-10T09:24:24.197+0100] {processor.py:830} INFO - Processing file /home/philip/de_engineering/airflow_projects/airflow1/venv/lib/python3.10/site-packages/airflow/example_dags/example_task_group_decorator.py for tasks to queue
[2025-03-10T09:24:24.198+0100] {logging_mixin.py:188} INFO - [2025-03-10T09:24:24.197+0100] {dagbag.py:538} INFO - Filling up the DagBag from /home/philip/de_engineering/airflow_projects/airflow1/venv/lib/python3.10/site-packages/airflow/example_dags/example_task_group_decorator.py
[2025-03-10T09:24:24.212+0100] {processor.py:840} INFO - DAG(s) 'example_task_group_decorator' retrieved from /home/philip/de_engineering/airflow_projects/airflow1/venv/lib/python3.10/site-packages/airflow/example_dags/example_task_group_decorator.py
[2025-03-10T09:24:24.239+0100] {logging_mixin.py:188} INFO - [2025-03-10T09:24:24.238+0100] {dag.py:3036} INFO - Sync 1 DAGs
[2025-03-10T09:24:24.263+0100] {logging_mixin.py:188} INFO - [2025-03-10T09:24:24.263+0100] {dag.py:3823} INFO - Setting next_dagrun for example_task_group_decorator to 2025-03-09 00:00:00+00:00, run_after=2025-03-10 00:00:00+00:00
[2025-03-10T09:24:24.280+0100] {processor.py:183} INFO - Processing /home/philip/de_engineering/airflow_projects/airflow1/venv/lib/python3.10/site-packages/airflow/example_dags/example_task_group_decorator.py took 0.088 seconds
[2025-03-10T09:24:54.635+0100] {processor.py:161} INFO - Started process (PID=142645) to work on /home/philip/de_engineering/airflow_projects/airflow1/venv/lib/python3.10/site-packages/airflow/example_dags/example_task_group_decorator.py
[2025-03-10T09:24:54.637+0100] {processor.py:830} INFO - Processing file /home/philip/de_engineering/airflow_projects/airflow1/venv/lib/python3.10/site-packages/airflow/example_dags/example_task_group_decorator.py for tasks to queue
[2025-03-10T09:24:54.637+0100] {logging_mixin.py:188} INFO - [2025-03-10T09:24:54.637+0100] {dagbag.py:538} INFO - Filling up the DagBag from /home/philip/de_engineering/airflow_projects/airflow1/venv/lib/python3.10/site-packages/airflow/example_dags/example_task_group_decorator.py
[2025-03-10T09:24:54.649+0100] {processor.py:840} INFO - DAG(s) 'example_task_group_decorator' retrieved from /home/philip/de_engineering/airflow_projects/airflow1/venv/lib/python3.10/site-packages/airflow/example_dags/example_task_group_decorator.py
[2025-03-10T09:24:54.673+0100] {logging_mixin.py:188} INFO - [2025-03-10T09:24:54.672+0100] {dag.py:3036} INFO - Sync 1 DAGs
[2025-03-10T09:24:54.692+0100] {logging_mixin.py:188} INFO - [2025-03-10T09:24:54.692+0100] {dag.py:3823} INFO - Setting next_dagrun for example_task_group_decorator to 2025-03-09 00:00:00+00:00, run_after=2025-03-10 00:00:00+00:00
[2025-03-10T09:24:54.709+0100] {processor.py:183} INFO - Processing /home/philip/de_engineering/airflow_projects/airflow1/venv/lib/python3.10/site-packages/airflow/example_dags/example_task_group_decorator.py took 0.077 seconds
[2025-03-10T09:25:24.793+0100] {processor.py:161} INFO - Started process (PID=143025) to work on /home/philip/de_engineering/airflow_projects/airflow1/venv/lib/python3.10/site-packages/airflow/example_dags/example_task_group_decorator.py
[2025-03-10T09:25:24.793+0100] {processor.py:830} INFO - Processing file /home/philip/de_engineering/airflow_projects/airflow1/venv/lib/python3.10/site-packages/airflow/example_dags/example_task_group_decorator.py for tasks to queue
[2025-03-10T09:25:24.794+0100] {logging_mixin.py:188} INFO - [2025-03-10T09:25:24.794+0100] {dagbag.py:538} INFO - Filling up the DagBag from /home/philip/de_engineering/airflow_projects/airflow1/venv/lib/python3.10/site-packages/airflow/example_dags/example_task_group_decorator.py
[2025-03-10T09:25:24.806+0100] {processor.py:840} INFO - DAG(s) 'example_task_group_decorator' retrieved from /home/philip/de_engineering/airflow_projects/airflow1/venv/lib/python3.10/site-packages/airflow/example_dags/example_task_group_decorator.py
[2025-03-10T09:25:24.828+0100] {logging_mixin.py:188} INFO - [2025-03-10T09:25:24.828+0100] {dag.py:3036} INFO - Sync 1 DAGs
[2025-03-10T09:25:24.847+0100] {logging_mixin.py:188} INFO - [2025-03-10T09:25:24.846+0100] {dag.py:3823} INFO - Setting next_dagrun for example_task_group_decorator to 2025-03-09 00:00:00+00:00, run_after=2025-03-10 00:00:00+00:00
[2025-03-10T09:25:24.861+0100] {processor.py:183} INFO - Processing /home/philip/de_engineering/airflow_projects/airflow1/venv/lib/python3.10/site-packages/airflow/example_dags/example_task_group_decorator.py took 0.071 seconds
[2025-03-10T09:25:55.070+0100] {processor.py:161} INFO - Started process (PID=143405) to work on /home/philip/de_engineering/airflow_projects/airflow1/venv/lib/python3.10/site-packages/airflow/example_dags/example_task_group_decorator.py
[2025-03-10T09:25:55.072+0100] {processor.py:830} INFO - Processing file /home/philip/de_engineering/airflow_projects/airflow1/venv/lib/python3.10/site-packages/airflow/example_dags/example_task_group_decorator.py for tasks to queue
[2025-03-10T09:25:55.073+0100] {logging_mixin.py:188} INFO - [2025-03-10T09:25:55.072+0100] {dagbag.py:538} INFO - Filling up the DagBag from /home/philip/de_engineering/airflow_projects/airflow1/venv/lib/python3.10/site-packages/airflow/example_dags/example_task_group_decorator.py
[2025-03-10T09:25:55.085+0100] {processor.py:840} INFO - DAG(s) 'example_task_group_decorator' retrieved from /home/philip/de_engineering/airflow_projects/airflow1/venv/lib/python3.10/site-packages/airflow/example_dags/example_task_group_decorator.py
[2025-03-10T09:25:55.109+0100] {logging_mixin.py:188} INFO - [2025-03-10T09:25:55.109+0100] {dag.py:3036} INFO - Sync 1 DAGs
[2025-03-10T09:25:55.132+0100] {logging_mixin.py:188} INFO - [2025-03-10T09:25:55.132+0100] {dag.py:3823} INFO - Setting next_dagrun for example_task_group_decorator to 2025-03-09 00:00:00+00:00, run_after=2025-03-10 00:00:00+00:00
[2025-03-10T09:25:55.146+0100] {processor.py:183} INFO - Processing /home/philip/de_engineering/airflow_projects/airflow1/venv/lib/python3.10/site-packages/airflow/example_dags/example_task_group_decorator.py took 0.079 seconds
[2025-03-10T09:26:25.531+0100] {processor.py:161} INFO - Started process (PID=143783) to work on /home/philip/de_engineering/airflow_projects/airflow1/venv/lib/python3.10/site-packages/airflow/example_dags/example_task_group_decorator.py
[2025-03-10T09:26:25.532+0100] {processor.py:830} INFO - Processing file /home/philip/de_engineering/airflow_projects/airflow1/venv/lib/python3.10/site-packages/airflow/example_dags/example_task_group_decorator.py for tasks to queue
[2025-03-10T09:26:25.533+0100] {logging_mixin.py:188} INFO - [2025-03-10T09:26:25.532+0100] {dagbag.py:538} INFO - Filling up the DagBag from /home/philip/de_engineering/airflow_projects/airflow1/venv/lib/python3.10/site-packages/airflow/example_dags/example_task_group_decorator.py
[2025-03-10T09:26:25.545+0100] {processor.py:840} INFO - DAG(s) 'example_task_group_decorator' retrieved from /home/philip/de_engineering/airflow_projects/airflow1/venv/lib/python3.10/site-packages/airflow/example_dags/example_task_group_decorator.py
[2025-03-10T09:26:25.574+0100] {logging_mixin.py:188} INFO - [2025-03-10T09:26:25.574+0100] {dag.py:3036} INFO - Sync 1 DAGs
[2025-03-10T09:26:25.596+0100] {logging_mixin.py:188} INFO - [2025-03-10T09:26:25.595+0100] {dag.py:3823} INFO - Setting next_dagrun for example_task_group_decorator to 2025-03-09 00:00:00+00:00, run_after=2025-03-10 00:00:00+00:00
[2025-03-10T09:26:25.615+0100] {processor.py:183} INFO - Processing /home/philip/de_engineering/airflow_projects/airflow1/venv/lib/python3.10/site-packages/airflow/example_dags/example_task_group_decorator.py took 0.087 seconds
[2025-03-10T09:26:55.990+0100] {processor.py:161} INFO - Started process (PID=144161) to work on /home/philip/de_engineering/airflow_projects/airflow1/venv/lib/python3.10/site-packages/airflow/example_dags/example_task_group_decorator.py
[2025-03-10T09:26:55.991+0100] {processor.py:830} INFO - Processing file /home/philip/de_engineering/airflow_projects/airflow1/venv/lib/python3.10/site-packages/airflow/example_dags/example_task_group_decorator.py for tasks to queue
[2025-03-10T09:26:55.992+0100] {logging_mixin.py:188} INFO - [2025-03-10T09:26:55.991+0100] {dagbag.py:538} INFO - Filling up the DagBag from /home/philip/de_engineering/airflow_projects/airflow1/venv/lib/python3.10/site-packages/airflow/example_dags/example_task_group_decorator.py
[2025-03-10T09:26:56.004+0100] {processor.py:840} INFO - DAG(s) 'example_task_group_decorator' retrieved from /home/philip/de_engineering/airflow_projects/airflow1/venv/lib/python3.10/site-packages/airflow/example_dags/example_task_group_decorator.py
[2025-03-10T09:26:56.027+0100] {logging_mixin.py:188} INFO - [2025-03-10T09:26:56.027+0100] {dag.py:3036} INFO - Sync 1 DAGs
[2025-03-10T09:26:56.044+0100] {logging_mixin.py:188} INFO - [2025-03-10T09:26:56.044+0100] {dag.py:3823} INFO - Setting next_dagrun for example_task_group_decorator to 2025-03-09 00:00:00+00:00, run_after=2025-03-10 00:00:00+00:00
[2025-03-10T09:26:56.059+0100] {processor.py:183} INFO - Processing /home/philip/de_engineering/airflow_projects/airflow1/venv/lib/python3.10/site-packages/airflow/example_dags/example_task_group_decorator.py took 0.072 seconds
[2025-03-10T09:27:26.181+0100] {processor.py:161} INFO - Started process (PID=144541) to work on /home/philip/de_engineering/airflow_projects/airflow1/venv/lib/python3.10/site-packages/airflow/example_dags/example_task_group_decorator.py
[2025-03-10T09:27:26.182+0100] {processor.py:830} INFO - Processing file /home/philip/de_engineering/airflow_projects/airflow1/venv/lib/python3.10/site-packages/airflow/example_dags/example_task_group_decorator.py for tasks to queue
[2025-03-10T09:27:26.183+0100] {logging_mixin.py:188} INFO - [2025-03-10T09:27:26.183+0100] {dagbag.py:538} INFO - Filling up the DagBag from /home/philip/de_engineering/airflow_projects/airflow1/venv/lib/python3.10/site-packages/airflow/example_dags/example_task_group_decorator.py
[2025-03-10T09:27:26.197+0100] {processor.py:840} INFO - DAG(s) 'example_task_group_decorator' retrieved from /home/philip/de_engineering/airflow_projects/airflow1/venv/lib/python3.10/site-packages/airflow/example_dags/example_task_group_decorator.py
[2025-03-10T09:27:26.224+0100] {logging_mixin.py:188} INFO - [2025-03-10T09:27:26.224+0100] {dag.py:3036} INFO - Sync 1 DAGs
[2025-03-10T09:27:26.245+0100] {logging_mixin.py:188} INFO - [2025-03-10T09:27:26.245+0100] {dag.py:3823} INFO - Setting next_dagrun for example_task_group_decorator to 2025-03-09 00:00:00+00:00, run_after=2025-03-10 00:00:00+00:00
[2025-03-10T09:27:26.264+0100] {processor.py:183} INFO - Processing /home/philip/de_engineering/airflow_projects/airflow1/venv/lib/python3.10/site-packages/airflow/example_dags/example_task_group_decorator.py took 0.086 seconds
[2025-03-10T09:27:56.430+0100] {processor.py:161} INFO - Started process (PID=144916) to work on /home/philip/de_engineering/airflow_projects/airflow1/venv/lib/python3.10/site-packages/airflow/example_dags/example_task_group_decorator.py
[2025-03-10T09:27:56.432+0100] {processor.py:830} INFO - Processing file /home/philip/de_engineering/airflow_projects/airflow1/venv/lib/python3.10/site-packages/airflow/example_dags/example_task_group_decorator.py for tasks to queue
[2025-03-10T09:27:56.432+0100] {logging_mixin.py:188} INFO - [2025-03-10T09:27:56.432+0100] {dagbag.py:538} INFO - Filling up the DagBag from /home/philip/de_engineering/airflow_projects/airflow1/venv/lib/python3.10/site-packages/airflow/example_dags/example_task_group_decorator.py
[2025-03-10T09:27:56.444+0100] {processor.py:840} INFO - DAG(s) 'example_task_group_decorator' retrieved from /home/philip/de_engineering/airflow_projects/airflow1/venv/lib/python3.10/site-packages/airflow/example_dags/example_task_group_decorator.py
[2025-03-10T09:27:56.467+0100] {logging_mixin.py:188} INFO - [2025-03-10T09:27:56.467+0100] {dag.py:3036} INFO - Sync 1 DAGs
[2025-03-10T09:27:56.486+0100] {logging_mixin.py:188} INFO - [2025-03-10T09:27:56.486+0100] {dag.py:3823} INFO - Setting next_dagrun for example_task_group_decorator to 2025-03-09 00:00:00+00:00, run_after=2025-03-10 00:00:00+00:00
[2025-03-10T09:27:56.502+0100] {processor.py:183} INFO - Processing /home/philip/de_engineering/airflow_projects/airflow1/venv/lib/python3.10/site-packages/airflow/example_dags/example_task_group_decorator.py took 0.075 seconds
[2025-03-10T09:28:26.784+0100] {processor.py:161} INFO - Started process (PID=145296) to work on /home/philip/de_engineering/airflow_projects/airflow1/venv/lib/python3.10/site-packages/airflow/example_dags/example_task_group_decorator.py
[2025-03-10T09:28:26.785+0100] {processor.py:830} INFO - Processing file /home/philip/de_engineering/airflow_projects/airflow1/venv/lib/python3.10/site-packages/airflow/example_dags/example_task_group_decorator.py for tasks to queue
[2025-03-10T09:28:26.786+0100] {logging_mixin.py:188} INFO - [2025-03-10T09:28:26.785+0100] {dagbag.py:538} INFO - Filling up the DagBag from /home/philip/de_engineering/airflow_projects/airflow1/venv/lib/python3.10/site-packages/airflow/example_dags/example_task_group_decorator.py
[2025-03-10T09:28:26.798+0100] {processor.py:840} INFO - DAG(s) 'example_task_group_decorator' retrieved from /home/philip/de_engineering/airflow_projects/airflow1/venv/lib/python3.10/site-packages/airflow/example_dags/example_task_group_decorator.py
[2025-03-10T09:28:26.822+0100] {logging_mixin.py:188} INFO - [2025-03-10T09:28:26.821+0100] {dag.py:3036} INFO - Sync 1 DAGs
[2025-03-10T09:28:26.842+0100] {logging_mixin.py:188} INFO - [2025-03-10T09:28:26.842+0100] {dag.py:3823} INFO - Setting next_dagrun for example_task_group_decorator to 2025-03-09 00:00:00+00:00, run_after=2025-03-10 00:00:00+00:00
[2025-03-10T09:28:26.860+0100] {processor.py:183} INFO - Processing /home/philip/de_engineering/airflow_projects/airflow1/venv/lib/python3.10/site-packages/airflow/example_dags/example_task_group_decorator.py took 0.079 seconds
[2025-03-10T09:28:56.951+0100] {processor.py:161} INFO - Started process (PID=145673) to work on /home/philip/de_engineering/airflow_projects/airflow1/venv/lib/python3.10/site-packages/airflow/example_dags/example_task_group_decorator.py
[2025-03-10T09:28:56.952+0100] {processor.py:830} INFO - Processing file /home/philip/de_engineering/airflow_projects/airflow1/venv/lib/python3.10/site-packages/airflow/example_dags/example_task_group_decorator.py for tasks to queue
[2025-03-10T09:28:56.953+0100] {logging_mixin.py:188} INFO - [2025-03-10T09:28:56.953+0100] {dagbag.py:538} INFO - Filling up the DagBag from /home/philip/de_engineering/airflow_projects/airflow1/venv/lib/python3.10/site-packages/airflow/example_dags/example_task_group_decorator.py
[2025-03-10T09:28:56.966+0100] {processor.py:840} INFO - DAG(s) 'example_task_group_decorator' retrieved from /home/philip/de_engineering/airflow_projects/airflow1/venv/lib/python3.10/site-packages/airflow/example_dags/example_task_group_decorator.py
[2025-03-10T09:28:56.989+0100] {logging_mixin.py:188} INFO - [2025-03-10T09:28:56.989+0100] {dag.py:3036} INFO - Sync 1 DAGs
[2025-03-10T09:28:57.007+0100] {logging_mixin.py:188} INFO - [2025-03-10T09:28:57.007+0100] {dag.py:3823} INFO - Setting next_dagrun for example_task_group_decorator to 2025-03-09 00:00:00+00:00, run_after=2025-03-10 00:00:00+00:00
[2025-03-10T09:28:57.022+0100] {processor.py:183} INFO - Processing /home/philip/de_engineering/airflow_projects/airflow1/venv/lib/python3.10/site-packages/airflow/example_dags/example_task_group_decorator.py took 0.074 seconds
[2025-03-10T09:29:27.173+0100] {processor.py:161} INFO - Started process (PID=146053) to work on /home/philip/de_engineering/airflow_projects/airflow1/venv/lib/python3.10/site-packages/airflow/example_dags/example_task_group_decorator.py
[2025-03-10T09:29:27.173+0100] {processor.py:830} INFO - Processing file /home/philip/de_engineering/airflow_projects/airflow1/venv/lib/python3.10/site-packages/airflow/example_dags/example_task_group_decorator.py for tasks to queue
[2025-03-10T09:29:27.174+0100] {logging_mixin.py:188} INFO - [2025-03-10T09:29:27.174+0100] {dagbag.py:538} INFO - Filling up the DagBag from /home/philip/de_engineering/airflow_projects/airflow1/venv/lib/python3.10/site-packages/airflow/example_dags/example_task_group_decorator.py
[2025-03-10T09:29:27.185+0100] {processor.py:840} INFO - DAG(s) 'example_task_group_decorator' retrieved from /home/philip/de_engineering/airflow_projects/airflow1/venv/lib/python3.10/site-packages/airflow/example_dags/example_task_group_decorator.py
[2025-03-10T09:29:27.208+0100] {logging_mixin.py:188} INFO - [2025-03-10T09:29:27.207+0100] {dag.py:3036} INFO - Sync 1 DAGs
[2025-03-10T09:29:27.224+0100] {logging_mixin.py:188} INFO - [2025-03-10T09:29:27.224+0100] {dag.py:3823} INFO - Setting next_dagrun for example_task_group_decorator to 2025-03-09 00:00:00+00:00, run_after=2025-03-10 00:00:00+00:00
[2025-03-10T09:29:27.240+0100] {processor.py:183} INFO - Processing /home/philip/de_engineering/airflow_projects/airflow1/venv/lib/python3.10/site-packages/airflow/example_dags/example_task_group_decorator.py took 0.070 seconds
[2025-03-10T09:29:57.332+0100] {processor.py:161} INFO - Started process (PID=146427) to work on /home/philip/de_engineering/airflow_projects/airflow1/venv/lib/python3.10/site-packages/airflow/example_dags/example_task_group_decorator.py
[2025-03-10T09:29:57.334+0100] {processor.py:830} INFO - Processing file /home/philip/de_engineering/airflow_projects/airflow1/venv/lib/python3.10/site-packages/airflow/example_dags/example_task_group_decorator.py for tasks to queue
[2025-03-10T09:29:57.334+0100] {logging_mixin.py:188} INFO - [2025-03-10T09:29:57.334+0100] {dagbag.py:538} INFO - Filling up the DagBag from /home/philip/de_engineering/airflow_projects/airflow1/venv/lib/python3.10/site-packages/airflow/example_dags/example_task_group_decorator.py
[2025-03-10T09:29:57.346+0100] {processor.py:840} INFO - DAG(s) 'example_task_group_decorator' retrieved from /home/philip/de_engineering/airflow_projects/airflow1/venv/lib/python3.10/site-packages/airflow/example_dags/example_task_group_decorator.py
[2025-03-10T09:29:57.373+0100] {logging_mixin.py:188} INFO - [2025-03-10T09:29:57.372+0100] {dag.py:3036} INFO - Sync 1 DAGs
[2025-03-10T09:29:57.394+0100] {logging_mixin.py:188} INFO - [2025-03-10T09:29:57.394+0100] {dag.py:3823} INFO - Setting next_dagrun for example_task_group_decorator to 2025-03-09 00:00:00+00:00, run_after=2025-03-10 00:00:00+00:00
[2025-03-10T09:29:57.413+0100] {processor.py:183} INFO - Processing /home/philip/de_engineering/airflow_projects/airflow1/venv/lib/python3.10/site-packages/airflow/example_dags/example_task_group_decorator.py took 0.083 seconds
[2025-03-10T09:30:27.585+0100] {processor.py:161} INFO - Started process (PID=146809) to work on /home/philip/de_engineering/airflow_projects/airflow1/venv/lib/python3.10/site-packages/airflow/example_dags/example_task_group_decorator.py
[2025-03-10T09:30:27.586+0100] {processor.py:830} INFO - Processing file /home/philip/de_engineering/airflow_projects/airflow1/venv/lib/python3.10/site-packages/airflow/example_dags/example_task_group_decorator.py for tasks to queue
[2025-03-10T09:30:27.587+0100] {logging_mixin.py:188} INFO - [2025-03-10T09:30:27.587+0100] {dagbag.py:538} INFO - Filling up the DagBag from /home/philip/de_engineering/airflow_projects/airflow1/venv/lib/python3.10/site-packages/airflow/example_dags/example_task_group_decorator.py
[2025-03-10T09:30:27.599+0100] {processor.py:840} INFO - DAG(s) 'example_task_group_decorator' retrieved from /home/philip/de_engineering/airflow_projects/airflow1/venv/lib/python3.10/site-packages/airflow/example_dags/example_task_group_decorator.py
[2025-03-10T09:30:27.626+0100] {logging_mixin.py:188} INFO - [2025-03-10T09:30:27.625+0100] {dag.py:3036} INFO - Sync 1 DAGs
[2025-03-10T09:30:27.646+0100] {logging_mixin.py:188} INFO - [2025-03-10T09:30:27.645+0100] {dag.py:3823} INFO - Setting next_dagrun for example_task_group_decorator to 2025-03-09 00:00:00+00:00, run_after=2025-03-10 00:00:00+00:00
[2025-03-10T09:30:27.660+0100] {processor.py:183} INFO - Processing /home/philip/de_engineering/airflow_projects/airflow1/venv/lib/python3.10/site-packages/airflow/example_dags/example_task_group_decorator.py took 0.078 seconds
[2025-03-10T09:30:57.716+0100] {processor.py:161} INFO - Started process (PID=147184) to work on /home/philip/de_engineering/airflow_projects/airflow1/venv/lib/python3.10/site-packages/airflow/example_dags/example_task_group_decorator.py
[2025-03-10T09:30:57.717+0100] {processor.py:830} INFO - Processing file /home/philip/de_engineering/airflow_projects/airflow1/venv/lib/python3.10/site-packages/airflow/example_dags/example_task_group_decorator.py for tasks to queue
[2025-03-10T09:30:57.717+0100] {logging_mixin.py:188} INFO - [2025-03-10T09:30:57.717+0100] {dagbag.py:538} INFO - Filling up the DagBag from /home/philip/de_engineering/airflow_projects/airflow1/venv/lib/python3.10/site-packages/airflow/example_dags/example_task_group_decorator.py
[2025-03-10T09:30:57.731+0100] {processor.py:840} INFO - DAG(s) 'example_task_group_decorator' retrieved from /home/philip/de_engineering/airflow_projects/airflow1/venv/lib/python3.10/site-packages/airflow/example_dags/example_task_group_decorator.py
[2025-03-10T09:30:57.757+0100] {logging_mixin.py:188} INFO - [2025-03-10T09:30:57.757+0100] {dag.py:3036} INFO - Sync 1 DAGs
[2025-03-10T09:30:57.778+0100] {logging_mixin.py:188} INFO - [2025-03-10T09:30:57.777+0100] {dag.py:3823} INFO - Setting next_dagrun for example_task_group_decorator to 2025-03-09 00:00:00+00:00, run_after=2025-03-10 00:00:00+00:00
[2025-03-10T09:30:57.795+0100] {processor.py:183} INFO - Processing /home/philip/de_engineering/airflow_projects/airflow1/venv/lib/python3.10/site-packages/airflow/example_dags/example_task_group_decorator.py took 0.082 seconds
[2025-03-10T09:31:27.987+0100] {processor.py:161} INFO - Started process (PID=147563) to work on /home/philip/de_engineering/airflow_projects/airflow1/venv/lib/python3.10/site-packages/airflow/example_dags/example_task_group_decorator.py
[2025-03-10T09:31:27.988+0100] {processor.py:830} INFO - Processing file /home/philip/de_engineering/airflow_projects/airflow1/venv/lib/python3.10/site-packages/airflow/example_dags/example_task_group_decorator.py for tasks to queue
[2025-03-10T09:31:27.988+0100] {logging_mixin.py:188} INFO - [2025-03-10T09:31:27.988+0100] {dagbag.py:538} INFO - Filling up the DagBag from /home/philip/de_engineering/airflow_projects/airflow1/venv/lib/python3.10/site-packages/airflow/example_dags/example_task_group_decorator.py
[2025-03-10T09:31:27.999+0100] {processor.py:840} INFO - DAG(s) 'example_task_group_decorator' retrieved from /home/philip/de_engineering/airflow_projects/airflow1/venv/lib/python3.10/site-packages/airflow/example_dags/example_task_group_decorator.py
[2025-03-10T09:31:28.021+0100] {logging_mixin.py:188} INFO - [2025-03-10T09:31:28.021+0100] {dag.py:3036} INFO - Sync 1 DAGs
[2025-03-10T09:31:28.040+0100] {logging_mixin.py:188} INFO - [2025-03-10T09:31:28.040+0100] {dag.py:3823} INFO - Setting next_dagrun for example_task_group_decorator to 2025-03-09 00:00:00+00:00, run_after=2025-03-10 00:00:00+00:00
[2025-03-10T09:31:28.056+0100] {processor.py:183} INFO - Processing /home/philip/de_engineering/airflow_projects/airflow1/venv/lib/python3.10/site-packages/airflow/example_dags/example_task_group_decorator.py took 0.072 seconds
[2025-03-10T09:31:58.127+0100] {processor.py:161} INFO - Started process (PID=147942) to work on /home/philip/de_engineering/airflow_projects/airflow1/venv/lib/python3.10/site-packages/airflow/example_dags/example_task_group_decorator.py
[2025-03-10T09:31:58.129+0100] {processor.py:830} INFO - Processing file /home/philip/de_engineering/airflow_projects/airflow1/venv/lib/python3.10/site-packages/airflow/example_dags/example_task_group_decorator.py for tasks to queue
[2025-03-10T09:31:58.129+0100] {logging_mixin.py:188} INFO - [2025-03-10T09:31:58.129+0100] {dagbag.py:538} INFO - Filling up the DagBag from /home/philip/de_engineering/airflow_projects/airflow1/venv/lib/python3.10/site-packages/airflow/example_dags/example_task_group_decorator.py
[2025-03-10T09:31:58.144+0100] {processor.py:840} INFO - DAG(s) 'example_task_group_decorator' retrieved from /home/philip/de_engineering/airflow_projects/airflow1/venv/lib/python3.10/site-packages/airflow/example_dags/example_task_group_decorator.py
[2025-03-10T09:31:58.169+0100] {logging_mixin.py:188} INFO - [2025-03-10T09:31:58.169+0100] {dag.py:3036} INFO - Sync 1 DAGs
[2025-03-10T09:31:58.187+0100] {logging_mixin.py:188} INFO - [2025-03-10T09:31:58.186+0100] {dag.py:3823} INFO - Setting next_dagrun for example_task_group_decorator to 2025-03-09 00:00:00+00:00, run_after=2025-03-10 00:00:00+00:00
[2025-03-10T09:31:58.201+0100] {processor.py:183} INFO - Processing /home/philip/de_engineering/airflow_projects/airflow1/venv/lib/python3.10/site-packages/airflow/example_dags/example_task_group_decorator.py took 0.077 seconds
[2025-03-10T09:32:28.297+0100] {processor.py:161} INFO - Started process (PID=148319) to work on /home/philip/de_engineering/airflow_projects/airflow1/venv/lib/python3.10/site-packages/airflow/example_dags/example_task_group_decorator.py
[2025-03-10T09:32:28.297+0100] {processor.py:830} INFO - Processing file /home/philip/de_engineering/airflow_projects/airflow1/venv/lib/python3.10/site-packages/airflow/example_dags/example_task_group_decorator.py for tasks to queue
[2025-03-10T09:32:28.298+0100] {logging_mixin.py:188} INFO - [2025-03-10T09:32:28.298+0100] {dagbag.py:538} INFO - Filling up the DagBag from /home/philip/de_engineering/airflow_projects/airflow1/venv/lib/python3.10/site-packages/airflow/example_dags/example_task_group_decorator.py
[2025-03-10T09:32:28.310+0100] {processor.py:840} INFO - DAG(s) 'example_task_group_decorator' retrieved from /home/philip/de_engineering/airflow_projects/airflow1/venv/lib/python3.10/site-packages/airflow/example_dags/example_task_group_decorator.py
[2025-03-10T09:32:28.333+0100] {logging_mixin.py:188} INFO - [2025-03-10T09:32:28.333+0100] {dag.py:3036} INFO - Sync 1 DAGs
[2025-03-10T09:32:28.351+0100] {logging_mixin.py:188} INFO - [2025-03-10T09:32:28.351+0100] {dag.py:3823} INFO - Setting next_dagrun for example_task_group_decorator to 2025-03-09 00:00:00+00:00, run_after=2025-03-10 00:00:00+00:00
[2025-03-10T09:32:28.366+0100] {processor.py:183} INFO - Processing /home/philip/de_engineering/airflow_projects/airflow1/venv/lib/python3.10/site-packages/airflow/example_dags/example_task_group_decorator.py took 0.072 seconds
[2025-03-10T09:32:58.518+0100] {processor.py:161} INFO - Started process (PID=148699) to work on /home/philip/de_engineering/airflow_projects/airflow1/venv/lib/python3.10/site-packages/airflow/example_dags/example_task_group_decorator.py
[2025-03-10T09:32:58.520+0100] {processor.py:830} INFO - Processing file /home/philip/de_engineering/airflow_projects/airflow1/venv/lib/python3.10/site-packages/airflow/example_dags/example_task_group_decorator.py for tasks to queue
[2025-03-10T09:32:58.520+0100] {logging_mixin.py:188} INFO - [2025-03-10T09:32:58.520+0100] {dagbag.py:538} INFO - Filling up the DagBag from /home/philip/de_engineering/airflow_projects/airflow1/venv/lib/python3.10/site-packages/airflow/example_dags/example_task_group_decorator.py
[2025-03-10T09:32:58.532+0100] {processor.py:840} INFO - DAG(s) 'example_task_group_decorator' retrieved from /home/philip/de_engineering/airflow_projects/airflow1/venv/lib/python3.10/site-packages/airflow/example_dags/example_task_group_decorator.py
[2025-03-10T09:32:58.554+0100] {logging_mixin.py:188} INFO - [2025-03-10T09:32:58.554+0100] {dag.py:3036} INFO - Sync 1 DAGs
[2025-03-10T09:32:58.572+0100] {logging_mixin.py:188} INFO - [2025-03-10T09:32:58.572+0100] {dag.py:3823} INFO - Setting next_dagrun for example_task_group_decorator to 2025-03-09 00:00:00+00:00, run_after=2025-03-10 00:00:00+00:00
[2025-03-10T09:32:58.587+0100] {processor.py:183} INFO - Processing /home/philip/de_engineering/airflow_projects/airflow1/venv/lib/python3.10/site-packages/airflow/example_dags/example_task_group_decorator.py took 0.071 seconds
[2025-03-10T09:33:28.809+0100] {processor.py:161} INFO - Started process (PID=149076) to work on /home/philip/de_engineering/airflow_projects/airflow1/venv/lib/python3.10/site-packages/airflow/example_dags/example_task_group_decorator.py
[2025-03-10T09:33:28.809+0100] {processor.py:830} INFO - Processing file /home/philip/de_engineering/airflow_projects/airflow1/venv/lib/python3.10/site-packages/airflow/example_dags/example_task_group_decorator.py for tasks to queue
[2025-03-10T09:33:28.810+0100] {logging_mixin.py:188} INFO - [2025-03-10T09:33:28.810+0100] {dagbag.py:538} INFO - Filling up the DagBag from /home/philip/de_engineering/airflow_projects/airflow1/venv/lib/python3.10/site-packages/airflow/example_dags/example_task_group_decorator.py
[2025-03-10T09:33:28.821+0100] {processor.py:840} INFO - DAG(s) 'example_task_group_decorator' retrieved from /home/philip/de_engineering/airflow_projects/airflow1/venv/lib/python3.10/site-packages/airflow/example_dags/example_task_group_decorator.py
[2025-03-10T09:33:28.844+0100] {logging_mixin.py:188} INFO - [2025-03-10T09:33:28.844+0100] {dag.py:3036} INFO - Sync 1 DAGs
[2025-03-10T09:33:28.861+0100] {logging_mixin.py:188} INFO - [2025-03-10T09:33:28.861+0100] {dag.py:3823} INFO - Setting next_dagrun for example_task_group_decorator to 2025-03-09 00:00:00+00:00, run_after=2025-03-10 00:00:00+00:00
[2025-03-10T09:33:28.876+0100] {processor.py:183} INFO - Processing /home/philip/de_engineering/airflow_projects/airflow1/venv/lib/python3.10/site-packages/airflow/example_dags/example_task_group_decorator.py took 0.070 seconds
[2025-03-10T09:33:59.007+0100] {processor.py:161} INFO - Started process (PID=149457) to work on /home/philip/de_engineering/airflow_projects/airflow1/venv/lib/python3.10/site-packages/airflow/example_dags/example_task_group_decorator.py
[2025-03-10T09:33:59.009+0100] {processor.py:830} INFO - Processing file /home/philip/de_engineering/airflow_projects/airflow1/venv/lib/python3.10/site-packages/airflow/example_dags/example_task_group_decorator.py for tasks to queue
[2025-03-10T09:33:59.010+0100] {logging_mixin.py:188} INFO - [2025-03-10T09:33:59.009+0100] {dagbag.py:538} INFO - Filling up the DagBag from /home/philip/de_engineering/airflow_projects/airflow1/venv/lib/python3.10/site-packages/airflow/example_dags/example_task_group_decorator.py
[2025-03-10T09:33:59.021+0100] {processor.py:840} INFO - DAG(s) 'example_task_group_decorator' retrieved from /home/philip/de_engineering/airflow_projects/airflow1/venv/lib/python3.10/site-packages/airflow/example_dags/example_task_group_decorator.py
[2025-03-10T09:33:59.045+0100] {logging_mixin.py:188} INFO - [2025-03-10T09:33:59.045+0100] {dag.py:3036} INFO - Sync 1 DAGs
[2025-03-10T09:33:59.063+0100] {logging_mixin.py:188} INFO - [2025-03-10T09:33:59.063+0100] {dag.py:3823} INFO - Setting next_dagrun for example_task_group_decorator to 2025-03-09 00:00:00+00:00, run_after=2025-03-10 00:00:00+00:00
[2025-03-10T09:33:59.080+0100] {processor.py:183} INFO - Processing /home/philip/de_engineering/airflow_projects/airflow1/venv/lib/python3.10/site-packages/airflow/example_dags/example_task_group_decorator.py took 0.075 seconds
[2025-03-10T09:34:29.249+0100] {processor.py:161} INFO - Started process (PID=149830) to work on /home/philip/de_engineering/airflow_projects/airflow1/venv/lib/python3.10/site-packages/airflow/example_dags/example_task_group_decorator.py
[2025-03-10T09:34:29.249+0100] {processor.py:830} INFO - Processing file /home/philip/de_engineering/airflow_projects/airflow1/venv/lib/python3.10/site-packages/airflow/example_dags/example_task_group_decorator.py for tasks to queue
[2025-03-10T09:34:29.250+0100] {logging_mixin.py:188} INFO - [2025-03-10T09:34:29.250+0100] {dagbag.py:538} INFO - Filling up the DagBag from /home/philip/de_engineering/airflow_projects/airflow1/venv/lib/python3.10/site-packages/airflow/example_dags/example_task_group_decorator.py
[2025-03-10T09:34:29.262+0100] {processor.py:840} INFO - DAG(s) 'example_task_group_decorator' retrieved from /home/philip/de_engineering/airflow_projects/airflow1/venv/lib/python3.10/site-packages/airflow/example_dags/example_task_group_decorator.py
[2025-03-10T09:34:29.284+0100] {logging_mixin.py:188} INFO - [2025-03-10T09:34:29.284+0100] {dag.py:3036} INFO - Sync 1 DAGs
[2025-03-10T09:34:29.301+0100] {logging_mixin.py:188} INFO - [2025-03-10T09:34:29.301+0100] {dag.py:3823} INFO - Setting next_dagrun for example_task_group_decorator to 2025-03-09 00:00:00+00:00, run_after=2025-03-10 00:00:00+00:00
[2025-03-10T09:34:29.315+0100] {processor.py:183} INFO - Processing /home/philip/de_engineering/airflow_projects/airflow1/venv/lib/python3.10/site-packages/airflow/example_dags/example_task_group_decorator.py took 0.069 seconds
[2025-03-10T09:34:59.463+0100] {processor.py:161} INFO - Started process (PID=150213) to work on /home/philip/de_engineering/airflow_projects/airflow1/venv/lib/python3.10/site-packages/airflow/example_dags/example_task_group_decorator.py
[2025-03-10T09:34:59.464+0100] {processor.py:830} INFO - Processing file /home/philip/de_engineering/airflow_projects/airflow1/venv/lib/python3.10/site-packages/airflow/example_dags/example_task_group_decorator.py for tasks to queue
[2025-03-10T09:34:59.465+0100] {logging_mixin.py:188} INFO - [2025-03-10T09:34:59.464+0100] {dagbag.py:538} INFO - Filling up the DagBag from /home/philip/de_engineering/airflow_projects/airflow1/venv/lib/python3.10/site-packages/airflow/example_dags/example_task_group_decorator.py
[2025-03-10T09:34:59.476+0100] {processor.py:840} INFO - DAG(s) 'example_task_group_decorator' retrieved from /home/philip/de_engineering/airflow_projects/airflow1/venv/lib/python3.10/site-packages/airflow/example_dags/example_task_group_decorator.py
[2025-03-10T09:34:59.498+0100] {logging_mixin.py:188} INFO - [2025-03-10T09:34:59.498+0100] {dag.py:3036} INFO - Sync 1 DAGs
[2025-03-10T09:34:59.515+0100] {logging_mixin.py:188} INFO - [2025-03-10T09:34:59.515+0100] {dag.py:3823} INFO - Setting next_dagrun for example_task_group_decorator to 2025-03-09 00:00:00+00:00, run_after=2025-03-10 00:00:00+00:00
[2025-03-10T09:34:59.530+0100] {processor.py:183} INFO - Processing /home/philip/de_engineering/airflow_projects/airflow1/venv/lib/python3.10/site-packages/airflow/example_dags/example_task_group_decorator.py took 0.070 seconds
[2025-03-10T09:35:29.686+0100] {processor.py:161} INFO - Started process (PID=150590) to work on /home/philip/de_engineering/airflow_projects/airflow1/venv/lib/python3.10/site-packages/airflow/example_dags/example_task_group_decorator.py
[2025-03-10T09:35:29.687+0100] {processor.py:830} INFO - Processing file /home/philip/de_engineering/airflow_projects/airflow1/venv/lib/python3.10/site-packages/airflow/example_dags/example_task_group_decorator.py for tasks to queue
[2025-03-10T09:35:29.687+0100] {logging_mixin.py:188} INFO - [2025-03-10T09:35:29.687+0100] {dagbag.py:538} INFO - Filling up the DagBag from /home/philip/de_engineering/airflow_projects/airflow1/venv/lib/python3.10/site-packages/airflow/example_dags/example_task_group_decorator.py
[2025-03-10T09:35:29.701+0100] {processor.py:840} INFO - DAG(s) 'example_task_group_decorator' retrieved from /home/philip/de_engineering/airflow_projects/airflow1/venv/lib/python3.10/site-packages/airflow/example_dags/example_task_group_decorator.py
[2025-03-10T09:35:29.724+0100] {logging_mixin.py:188} INFO - [2025-03-10T09:35:29.724+0100] {dag.py:3036} INFO - Sync 1 DAGs
[2025-03-10T09:35:29.742+0100] {logging_mixin.py:188} INFO - [2025-03-10T09:35:29.741+0100] {dag.py:3823} INFO - Setting next_dagrun for example_task_group_decorator to 2025-03-09 00:00:00+00:00, run_after=2025-03-10 00:00:00+00:00
[2025-03-10T09:35:29.756+0100] {processor.py:183} INFO - Processing /home/philip/de_engineering/airflow_projects/airflow1/venv/lib/python3.10/site-packages/airflow/example_dags/example_task_group_decorator.py took 0.074 seconds
[2025-03-10T09:35:59.961+0100] {processor.py:161} INFO - Started process (PID=150971) to work on /home/philip/de_engineering/airflow_projects/airflow1/venv/lib/python3.10/site-packages/airflow/example_dags/example_task_group_decorator.py
[2025-03-10T09:35:59.963+0100] {processor.py:830} INFO - Processing file /home/philip/de_engineering/airflow_projects/airflow1/venv/lib/python3.10/site-packages/airflow/example_dags/example_task_group_decorator.py for tasks to queue
[2025-03-10T09:35:59.964+0100] {logging_mixin.py:188} INFO - [2025-03-10T09:35:59.963+0100] {dagbag.py:538} INFO - Filling up the DagBag from /home/philip/de_engineering/airflow_projects/airflow1/venv/lib/python3.10/site-packages/airflow/example_dags/example_task_group_decorator.py
[2025-03-10T09:35:59.976+0100] {processor.py:840} INFO - DAG(s) 'example_task_group_decorator' retrieved from /home/philip/de_engineering/airflow_projects/airflow1/venv/lib/python3.10/site-packages/airflow/example_dags/example_task_group_decorator.py
[2025-03-10T09:36:00.007+0100] {logging_mixin.py:188} INFO - [2025-03-10T09:36:00.006+0100] {dag.py:3036} INFO - Sync 1 DAGs
[2025-03-10T09:36:00.025+0100] {logging_mixin.py:188} INFO - [2025-03-10T09:36:00.025+0100] {dag.py:3823} INFO - Setting next_dagrun for example_task_group_decorator to 2025-03-09 00:00:00+00:00, run_after=2025-03-10 00:00:00+00:00
[2025-03-10T09:36:00.040+0100] {processor.py:183} INFO - Processing /home/philip/de_engineering/airflow_projects/airflow1/venv/lib/python3.10/site-packages/airflow/example_dags/example_task_group_decorator.py took 0.082 seconds
