[2025-03-10T09:14:26.566+0100] {processor.py:161} INFO - Started process (PID=136925) to work on /home/philip/de_engineering/airflow_projects/airflow1/venv/lib/python3.10/site-packages/airflow/example_dags/example_latest_only_with_trigger.py
[2025-03-10T09:14:26.567+0100] {processor.py:830} INFO - Processing file /home/philip/de_engineering/airflow_projects/airflow1/venv/lib/python3.10/site-packages/airflow/example_dags/example_latest_only_with_trigger.py for tasks to queue
[2025-03-10T09:14:26.567+0100] {logging_mixin.py:188} INFO - [2025-03-10T09:14:26.567+0100] {dagbag.py:538} INFO - Filling up the DagBag from /home/philip/de_engineering/airflow_projects/airflow1/venv/lib/python3.10/site-packages/airflow/example_dags/example_latest_only_with_trigger.py
[2025-03-10T09:14:26.572+0100] {processor.py:840} INFO - DAG(s) 'latest_only_with_trigger' retrieved from /home/philip/de_engineering/airflow_projects/airflow1/venv/lib/python3.10/site-packages/airflow/example_dags/example_latest_only_with_trigger.py
[2025-03-10T09:14:26.645+0100] {logging_mixin.py:188} INFO - [2025-03-10T09:14:26.645+0100] {override.py:1769} INFO - Created Permission View: can read on DAG:latest_only_with_trigger
[2025-03-10T09:14:26.652+0100] {logging_mixin.py:188} INFO - [2025-03-10T09:14:26.652+0100] {override.py:1769} INFO - Created Permission View: can delete on DAG:latest_only_with_trigger
[2025-03-10T09:14:26.656+0100] {logging_mixin.py:188} INFO - [2025-03-10T09:14:26.656+0100] {override.py:1769} INFO - Created Permission View: can edit on DAG:latest_only_with_trigger
[2025-03-10T09:14:26.657+0100] {logging_mixin.py:188} INFO - [2025-03-10T09:14:26.657+0100] {dag.py:3036} INFO - Sync 1 DAGs
[2025-03-10T09:14:26.664+0100] {logging_mixin.py:188} INFO - [2025-03-10T09:14:26.664+0100] {dag.py:3058} INFO - Creating ORM DAG for latest_only_with_trigger
[2025-03-10T09:14:26.670+0100] {logging_mixin.py:188} INFO - [2025-03-10T09:14:26.670+0100] {dag.py:3823} INFO - Setting next_dagrun for latest_only_with_trigger to 2025-03-10 04:00:00+00:00, run_after=2025-03-10 08:00:00+00:00
[2025-03-10T09:14:26.682+0100] {processor.py:183} INFO - Processing /home/philip/de_engineering/airflow_projects/airflow1/venv/lib/python3.10/site-packages/airflow/example_dags/example_latest_only_with_trigger.py took 0.119 seconds
[2025-03-10T09:14:56.779+0100] {processor.py:161} INFO - Started process (PID=137037) to work on /home/philip/de_engineering/airflow_projects/airflow1/venv/lib/python3.10/site-packages/airflow/example_dags/example_latest_only_with_trigger.py
[2025-03-10T09:14:56.780+0100] {processor.py:830} INFO - Processing file /home/philip/de_engineering/airflow_projects/airflow1/venv/lib/python3.10/site-packages/airflow/example_dags/example_latest_only_with_trigger.py for tasks to queue
[2025-03-10T09:14:56.781+0100] {logging_mixin.py:188} INFO - [2025-03-10T09:14:56.780+0100] {dagbag.py:538} INFO - Filling up the DagBag from /home/philip/de_engineering/airflow_projects/airflow1/venv/lib/python3.10/site-packages/airflow/example_dags/example_latest_only_with_trigger.py
[2025-03-10T09:14:56.786+0100] {processor.py:840} INFO - DAG(s) 'latest_only_with_trigger' retrieved from /home/philip/de_engineering/airflow_projects/airflow1/venv/lib/python3.10/site-packages/airflow/example_dags/example_latest_only_with_trigger.py
[2025-03-10T09:14:56.807+0100] {logging_mixin.py:188} INFO - [2025-03-10T09:14:56.807+0100] {dag.py:3036} INFO - Sync 1 DAGs
[2025-03-10T09:14:56.825+0100] {logging_mixin.py:188} INFO - [2025-03-10T09:14:56.824+0100] {dag.py:3823} INFO - Setting next_dagrun for latest_only_with_trigger to 2025-03-10 04:00:00+00:00, run_after=2025-03-10 08:00:00+00:00
[2025-03-10T09:14:56.839+0100] {processor.py:183} INFO - Processing /home/philip/de_engineering/airflow_projects/airflow1/venv/lib/python3.10/site-packages/airflow/example_dags/example_latest_only_with_trigger.py took 0.063 seconds
[2025-03-10T09:15:26.961+0100] {processor.py:161} INFO - Started process (PID=137138) to work on /home/philip/de_engineering/airflow_projects/airflow1/venv/lib/python3.10/site-packages/airflow/example_dags/example_latest_only_with_trigger.py
[2025-03-10T09:15:26.962+0100] {processor.py:830} INFO - Processing file /home/philip/de_engineering/airflow_projects/airflow1/venv/lib/python3.10/site-packages/airflow/example_dags/example_latest_only_with_trigger.py for tasks to queue
[2025-03-10T09:15:26.963+0100] {logging_mixin.py:188} INFO - [2025-03-10T09:15:26.962+0100] {dagbag.py:538} INFO - Filling up the DagBag from /home/philip/de_engineering/airflow_projects/airflow1/venv/lib/python3.10/site-packages/airflow/example_dags/example_latest_only_with_trigger.py
[2025-03-10T09:15:26.968+0100] {processor.py:840} INFO - DAG(s) 'latest_only_with_trigger' retrieved from /home/philip/de_engineering/airflow_projects/airflow1/venv/lib/python3.10/site-packages/airflow/example_dags/example_latest_only_with_trigger.py
[2025-03-10T09:15:26.990+0100] {logging_mixin.py:188} INFO - [2025-03-10T09:15:26.989+0100] {dag.py:3036} INFO - Sync 1 DAGs
[2025-03-10T09:15:27.008+0100] {logging_mixin.py:188} INFO - [2025-03-10T09:15:27.008+0100] {dag.py:3823} INFO - Setting next_dagrun for latest_only_with_trigger to 2025-03-10 04:00:00+00:00, run_after=2025-03-10 08:00:00+00:00
[2025-03-10T09:15:27.023+0100] {processor.py:183} INFO - Processing /home/philip/de_engineering/airflow_projects/airflow1/venv/lib/python3.10/site-packages/airflow/example_dags/example_latest_only_with_trigger.py took 0.066 seconds
[2025-03-10T09:15:57.569+0100] {processor.py:161} INFO - Started process (PID=137239) to work on /home/philip/de_engineering/airflow_projects/airflow1/venv/lib/python3.10/site-packages/airflow/example_dags/example_latest_only_with_trigger.py
[2025-03-10T09:15:57.570+0100] {processor.py:830} INFO - Processing file /home/philip/de_engineering/airflow_projects/airflow1/venv/lib/python3.10/site-packages/airflow/example_dags/example_latest_only_with_trigger.py for tasks to queue
[2025-03-10T09:15:57.571+0100] {logging_mixin.py:188} INFO - [2025-03-10T09:15:57.570+0100] {dagbag.py:538} INFO - Filling up the DagBag from /home/philip/de_engineering/airflow_projects/airflow1/venv/lib/python3.10/site-packages/airflow/example_dags/example_latest_only_with_trigger.py
[2025-03-10T09:15:57.578+0100] {processor.py:840} INFO - DAG(s) 'latest_only_with_trigger' retrieved from /home/philip/de_engineering/airflow_projects/airflow1/venv/lib/python3.10/site-packages/airflow/example_dags/example_latest_only_with_trigger.py
[2025-03-10T09:15:57.603+0100] {logging_mixin.py:188} INFO - [2025-03-10T09:15:57.603+0100] {dag.py:3036} INFO - Sync 1 DAGs
[2025-03-10T09:15:57.624+0100] {logging_mixin.py:188} INFO - [2025-03-10T09:15:57.624+0100] {dag.py:3823} INFO - Setting next_dagrun for latest_only_with_trigger to 2025-03-10 04:00:00+00:00, run_after=2025-03-10 08:00:00+00:00
[2025-03-10T09:15:57.642+0100] {processor.py:183} INFO - Processing /home/philip/de_engineering/airflow_projects/airflow1/venv/lib/python3.10/site-packages/airflow/example_dags/example_latest_only_with_trigger.py took 0.077 seconds
[2025-03-10T09:16:27.731+0100] {processor.py:161} INFO - Started process (PID=137621) to work on /home/philip/de_engineering/airflow_projects/airflow1/venv/lib/python3.10/site-packages/airflow/example_dags/example_latest_only_with_trigger.py
[2025-03-10T09:16:27.732+0100] {processor.py:830} INFO - Processing file /home/philip/de_engineering/airflow_projects/airflow1/venv/lib/python3.10/site-packages/airflow/example_dags/example_latest_only_with_trigger.py for tasks to queue
[2025-03-10T09:16:27.733+0100] {logging_mixin.py:188} INFO - [2025-03-10T09:16:27.732+0100] {dagbag.py:538} INFO - Filling up the DagBag from /home/philip/de_engineering/airflow_projects/airflow1/venv/lib/python3.10/site-packages/airflow/example_dags/example_latest_only_with_trigger.py
[2025-03-10T09:16:27.738+0100] {processor.py:840} INFO - DAG(s) 'latest_only_with_trigger' retrieved from /home/philip/de_engineering/airflow_projects/airflow1/venv/lib/python3.10/site-packages/airflow/example_dags/example_latest_only_with_trigger.py
[2025-03-10T09:16:27.757+0100] {logging_mixin.py:188} INFO - [2025-03-10T09:16:27.757+0100] {dag.py:3036} INFO - Sync 1 DAGs
[2025-03-10T09:16:27.774+0100] {logging_mixin.py:188} INFO - [2025-03-10T09:16:27.774+0100] {dag.py:3823} INFO - Setting next_dagrun for latest_only_with_trigger to 2025-03-10 04:00:00+00:00, run_after=2025-03-10 08:00:00+00:00
[2025-03-10T09:16:27.788+0100] {processor.py:183} INFO - Processing /home/philip/de_engineering/airflow_projects/airflow1/venv/lib/python3.10/site-packages/airflow/example_dags/example_latest_only_with_trigger.py took 0.060 seconds
[2025-03-10T09:16:57.989+0100] {processor.py:161} INFO - Started process (PID=137804) to work on /home/philip/de_engineering/airflow_projects/airflow1/venv/lib/python3.10/site-packages/airflow/example_dags/example_latest_only_with_trigger.py
[2025-03-10T09:16:57.990+0100] {processor.py:830} INFO - Processing file /home/philip/de_engineering/airflow_projects/airflow1/venv/lib/python3.10/site-packages/airflow/example_dags/example_latest_only_with_trigger.py for tasks to queue
[2025-03-10T09:16:57.991+0100] {logging_mixin.py:188} INFO - [2025-03-10T09:16:57.991+0100] {dagbag.py:538} INFO - Filling up the DagBag from /home/philip/de_engineering/airflow_projects/airflow1/venv/lib/python3.10/site-packages/airflow/example_dags/example_latest_only_with_trigger.py
[2025-03-10T09:16:57.996+0100] {processor.py:840} INFO - DAG(s) 'latest_only_with_trigger' retrieved from /home/philip/de_engineering/airflow_projects/airflow1/venv/lib/python3.10/site-packages/airflow/example_dags/example_latest_only_with_trigger.py
[2025-03-10T09:16:58.017+0100] {logging_mixin.py:188} INFO - [2025-03-10T09:16:58.017+0100] {dag.py:3036} INFO - Sync 1 DAGs
[2025-03-10T09:16:58.035+0100] {logging_mixin.py:188} INFO - [2025-03-10T09:16:58.035+0100] {dag.py:3823} INFO - Setting next_dagrun for latest_only_with_trigger to 2025-03-10 04:00:00+00:00, run_after=2025-03-10 08:00:00+00:00
[2025-03-10T09:16:58.048+0100] {processor.py:183} INFO - Processing /home/philip/de_engineering/airflow_projects/airflow1/venv/lib/python3.10/site-packages/airflow/example_dags/example_latest_only_with_trigger.py took 0.062 seconds
[2025-03-10T09:17:28.476+0100] {processor.py:161} INFO - Started process (PID=137996) to work on /home/philip/de_engineering/airflow_projects/airflow1/venv/lib/python3.10/site-packages/airflow/example_dags/example_latest_only_with_trigger.py
[2025-03-10T09:17:28.478+0100] {processor.py:830} INFO - Processing file /home/philip/de_engineering/airflow_projects/airflow1/venv/lib/python3.10/site-packages/airflow/example_dags/example_latest_only_with_trigger.py for tasks to queue
[2025-03-10T09:17:28.479+0100] {logging_mixin.py:188} INFO - [2025-03-10T09:17:28.478+0100] {dagbag.py:538} INFO - Filling up the DagBag from /home/philip/de_engineering/airflow_projects/airflow1/venv/lib/python3.10/site-packages/airflow/example_dags/example_latest_only_with_trigger.py
[2025-03-10T09:17:28.486+0100] {processor.py:840} INFO - DAG(s) 'latest_only_with_trigger' retrieved from /home/philip/de_engineering/airflow_projects/airflow1/venv/lib/python3.10/site-packages/airflow/example_dags/example_latest_only_with_trigger.py
[2025-03-10T09:17:28.511+0100] {logging_mixin.py:188} INFO - [2025-03-10T09:17:28.510+0100] {dag.py:3036} INFO - Sync 1 DAGs
[2025-03-10T09:17:28.536+0100] {logging_mixin.py:188} INFO - [2025-03-10T09:17:28.536+0100] {dag.py:3823} INFO - Setting next_dagrun for latest_only_with_trigger to 2025-03-10 04:00:00+00:00, run_after=2025-03-10 08:00:00+00:00
[2025-03-10T09:17:28.553+0100] {processor.py:183} INFO - Processing /home/philip/de_engineering/airflow_projects/airflow1/venv/lib/python3.10/site-packages/airflow/example_dags/example_latest_only_with_trigger.py took 0.081 seconds
[2025-03-10T09:19:23.384+0100] {processor.py:161} INFO - Started process (PID=138740) to work on /home/philip/de_engineering/airflow_projects/airflow1/venv/lib/python3.10/site-packages/airflow/example_dags/example_latest_only_with_trigger.py
[2025-03-10T09:19:23.385+0100] {processor.py:830} INFO - Processing file /home/philip/de_engineering/airflow_projects/airflow1/venv/lib/python3.10/site-packages/airflow/example_dags/example_latest_only_with_trigger.py for tasks to queue
[2025-03-10T09:19:23.386+0100] {logging_mixin.py:188} INFO - [2025-03-10T09:19:23.386+0100] {dagbag.py:538} INFO - Filling up the DagBag from /home/philip/de_engineering/airflow_projects/airflow1/venv/lib/python3.10/site-packages/airflow/example_dags/example_latest_only_with_trigger.py
[2025-03-10T09:19:23.392+0100] {processor.py:840} INFO - DAG(s) 'latest_only_with_trigger' retrieved from /home/philip/de_engineering/airflow_projects/airflow1/venv/lib/python3.10/site-packages/airflow/example_dags/example_latest_only_with_trigger.py
[2025-03-10T09:19:23.492+0100] {logging_mixin.py:188} INFO - [2025-03-10T09:19:23.492+0100] {dag.py:3036} INFO - Sync 1 DAGs
[2025-03-10T09:19:23.514+0100] {logging_mixin.py:188} INFO - [2025-03-10T09:19:23.513+0100] {dag.py:3823} INFO - Setting next_dagrun for latest_only_with_trigger to 2025-03-10 04:00:00+00:00, run_after=2025-03-10 08:00:00+00:00
[2025-03-10T09:19:23.532+0100] {processor.py:183} INFO - Processing /home/philip/de_engineering/airflow_projects/airflow1/venv/lib/python3.10/site-packages/airflow/example_dags/example_latest_only_with_trigger.py took 0.151 seconds
[2025-03-10T09:19:53.948+0100] {processor.py:161} INFO - Started process (PID=139079) to work on /home/philip/de_engineering/airflow_projects/airflow1/venv/lib/python3.10/site-packages/airflow/example_dags/example_latest_only_with_trigger.py
[2025-03-10T09:19:53.949+0100] {processor.py:830} INFO - Processing file /home/philip/de_engineering/airflow_projects/airflow1/venv/lib/python3.10/site-packages/airflow/example_dags/example_latest_only_with_trigger.py for tasks to queue
[2025-03-10T09:19:53.949+0100] {logging_mixin.py:188} INFO - [2025-03-10T09:19:53.949+0100] {dagbag.py:538} INFO - Filling up the DagBag from /home/philip/de_engineering/airflow_projects/airflow1/venv/lib/python3.10/site-packages/airflow/example_dags/example_latest_only_with_trigger.py
[2025-03-10T09:19:53.954+0100] {processor.py:840} INFO - DAG(s) 'latest_only_with_trigger' retrieved from /home/philip/de_engineering/airflow_projects/airflow1/venv/lib/python3.10/site-packages/airflow/example_dags/example_latest_only_with_trigger.py
[2025-03-10T09:19:53.975+0100] {logging_mixin.py:188} INFO - [2025-03-10T09:19:53.975+0100] {dag.py:3036} INFO - Sync 1 DAGs
[2025-03-10T09:19:53.995+0100] {logging_mixin.py:188} INFO - [2025-03-10T09:19:53.995+0100] {dag.py:3823} INFO - Setting next_dagrun for latest_only_with_trigger to 2025-03-10 04:00:00+00:00, run_after=2025-03-10 08:00:00+00:00
[2025-03-10T09:19:54.013+0100] {processor.py:183} INFO - Processing /home/philip/de_engineering/airflow_projects/airflow1/venv/lib/python3.10/site-packages/airflow/example_dags/example_latest_only_with_trigger.py took 0.069 seconds
[2025-03-10T09:20:24.485+0100] {processor.py:161} INFO - Started process (PID=139460) to work on /home/philip/de_engineering/airflow_projects/airflow1/venv/lib/python3.10/site-packages/airflow/example_dags/example_latest_only_with_trigger.py
[2025-03-10T09:20:24.486+0100] {processor.py:830} INFO - Processing file /home/philip/de_engineering/airflow_projects/airflow1/venv/lib/python3.10/site-packages/airflow/example_dags/example_latest_only_with_trigger.py for tasks to queue
[2025-03-10T09:20:24.487+0100] {logging_mixin.py:188} INFO - [2025-03-10T09:20:24.486+0100] {dagbag.py:538} INFO - Filling up the DagBag from /home/philip/de_engineering/airflow_projects/airflow1/venv/lib/python3.10/site-packages/airflow/example_dags/example_latest_only_with_trigger.py
[2025-03-10T09:20:24.492+0100] {processor.py:840} INFO - DAG(s) 'latest_only_with_trigger' retrieved from /home/philip/de_engineering/airflow_projects/airflow1/venv/lib/python3.10/site-packages/airflow/example_dags/example_latest_only_with_trigger.py
[2025-03-10T09:20:24.512+0100] {logging_mixin.py:188} INFO - [2025-03-10T09:20:24.512+0100] {dag.py:3036} INFO - Sync 1 DAGs
[2025-03-10T09:20:24.530+0100] {logging_mixin.py:188} INFO - [2025-03-10T09:20:24.530+0100] {dag.py:3823} INFO - Setting next_dagrun for latest_only_with_trigger to 2025-03-10 04:00:00+00:00, run_after=2025-03-10 08:00:00+00:00
[2025-03-10T09:20:24.545+0100] {processor.py:183} INFO - Processing /home/philip/de_engineering/airflow_projects/airflow1/venv/lib/python3.10/site-packages/airflow/example_dags/example_latest_only_with_trigger.py took 0.063 seconds
[2025-03-10T09:20:54.924+0100] {processor.py:161} INFO - Started process (PID=139835) to work on /home/philip/de_engineering/airflow_projects/airflow1/venv/lib/python3.10/site-packages/airflow/example_dags/example_latest_only_with_trigger.py
[2025-03-10T09:20:54.925+0100] {processor.py:830} INFO - Processing file /home/philip/de_engineering/airflow_projects/airflow1/venv/lib/python3.10/site-packages/airflow/example_dags/example_latest_only_with_trigger.py for tasks to queue
[2025-03-10T09:20:54.926+0100] {logging_mixin.py:188} INFO - [2025-03-10T09:20:54.926+0100] {dagbag.py:538} INFO - Filling up the DagBag from /home/philip/de_engineering/airflow_projects/airflow1/venv/lib/python3.10/site-packages/airflow/example_dags/example_latest_only_with_trigger.py
[2025-03-10T09:20:54.931+0100] {processor.py:840} INFO - DAG(s) 'latest_only_with_trigger' retrieved from /home/philip/de_engineering/airflow_projects/airflow1/venv/lib/python3.10/site-packages/airflow/example_dags/example_latest_only_with_trigger.py
[2025-03-10T09:20:54.953+0100] {logging_mixin.py:188} INFO - [2025-03-10T09:20:54.952+0100] {dag.py:3036} INFO - Sync 1 DAGs
[2025-03-10T09:20:54.972+0100] {logging_mixin.py:188} INFO - [2025-03-10T09:20:54.972+0100] {dag.py:3823} INFO - Setting next_dagrun for latest_only_with_trigger to 2025-03-10 04:00:00+00:00, run_after=2025-03-10 08:00:00+00:00
[2025-03-10T09:20:54.990+0100] {processor.py:183} INFO - Processing /home/philip/de_engineering/airflow_projects/airflow1/venv/lib/python3.10/site-packages/airflow/example_dags/example_latest_only_with_trigger.py took 0.069 seconds
[2025-03-10T09:21:25.264+0100] {processor.py:161} INFO - Started process (PID=140217) to work on /home/philip/de_engineering/airflow_projects/airflow1/venv/lib/python3.10/site-packages/airflow/example_dags/example_latest_only_with_trigger.py
[2025-03-10T09:21:25.265+0100] {processor.py:830} INFO - Processing file /home/philip/de_engineering/airflow_projects/airflow1/venv/lib/python3.10/site-packages/airflow/example_dags/example_latest_only_with_trigger.py for tasks to queue
[2025-03-10T09:21:25.266+0100] {logging_mixin.py:188} INFO - [2025-03-10T09:21:25.266+0100] {dagbag.py:538} INFO - Filling up the DagBag from /home/philip/de_engineering/airflow_projects/airflow1/venv/lib/python3.10/site-packages/airflow/example_dags/example_latest_only_with_trigger.py
[2025-03-10T09:21:25.271+0100] {processor.py:840} INFO - DAG(s) 'latest_only_with_trigger' retrieved from /home/philip/de_engineering/airflow_projects/airflow1/venv/lib/python3.10/site-packages/airflow/example_dags/example_latest_only_with_trigger.py
[2025-03-10T09:21:25.293+0100] {logging_mixin.py:188} INFO - [2025-03-10T09:21:25.292+0100] {dag.py:3036} INFO - Sync 1 DAGs
[2025-03-10T09:21:25.310+0100] {logging_mixin.py:188} INFO - [2025-03-10T09:21:25.310+0100] {dag.py:3823} INFO - Setting next_dagrun for latest_only_with_trigger to 2025-03-10 04:00:00+00:00, run_after=2025-03-10 08:00:00+00:00
[2025-03-10T09:21:25.325+0100] {processor.py:183} INFO - Processing /home/philip/de_engineering/airflow_projects/airflow1/venv/lib/python3.10/site-packages/airflow/example_dags/example_latest_only_with_trigger.py took 0.065 seconds
[2025-03-10T09:21:55.485+0100] {processor.py:161} INFO - Started process (PID=140602) to work on /home/philip/de_engineering/airflow_projects/airflow1/venv/lib/python3.10/site-packages/airflow/example_dags/example_latest_only_with_trigger.py
[2025-03-10T09:21:55.486+0100] {processor.py:830} INFO - Processing file /home/philip/de_engineering/airflow_projects/airflow1/venv/lib/python3.10/site-packages/airflow/example_dags/example_latest_only_with_trigger.py for tasks to queue
[2025-03-10T09:21:55.487+0100] {logging_mixin.py:188} INFO - [2025-03-10T09:21:55.486+0100] {dagbag.py:538} INFO - Filling up the DagBag from /home/philip/de_engineering/airflow_projects/airflow1/venv/lib/python3.10/site-packages/airflow/example_dags/example_latest_only_with_trigger.py
[2025-03-10T09:21:55.491+0100] {processor.py:840} INFO - DAG(s) 'latest_only_with_trigger' retrieved from /home/philip/de_engineering/airflow_projects/airflow1/venv/lib/python3.10/site-packages/airflow/example_dags/example_latest_only_with_trigger.py
[2025-03-10T09:21:55.511+0100] {logging_mixin.py:188} INFO - [2025-03-10T09:21:55.511+0100] {dag.py:3036} INFO - Sync 1 DAGs
[2025-03-10T09:21:55.529+0100] {logging_mixin.py:188} INFO - [2025-03-10T09:21:55.529+0100] {dag.py:3823} INFO - Setting next_dagrun for latest_only_with_trigger to 2025-03-10 04:00:00+00:00, run_after=2025-03-10 08:00:00+00:00
[2025-03-10T09:21:55.544+0100] {processor.py:183} INFO - Processing /home/philip/de_engineering/airflow_projects/airflow1/venv/lib/python3.10/site-packages/airflow/example_dags/example_latest_only_with_trigger.py took 0.062 seconds
[2025-03-10T09:22:25.671+0100] {processor.py:161} INFO - Started process (PID=140974) to work on /home/philip/de_engineering/airflow_projects/airflow1/venv/lib/python3.10/site-packages/airflow/example_dags/example_latest_only_with_trigger.py
[2025-03-10T09:22:25.673+0100] {processor.py:830} INFO - Processing file /home/philip/de_engineering/airflow_projects/airflow1/venv/lib/python3.10/site-packages/airflow/example_dags/example_latest_only_with_trigger.py for tasks to queue
[2025-03-10T09:22:25.673+0100] {logging_mixin.py:188} INFO - [2025-03-10T09:22:25.673+0100] {dagbag.py:538} INFO - Filling up the DagBag from /home/philip/de_engineering/airflow_projects/airflow1/venv/lib/python3.10/site-packages/airflow/example_dags/example_latest_only_with_trigger.py
[2025-03-10T09:22:25.679+0100] {processor.py:840} INFO - DAG(s) 'latest_only_with_trigger' retrieved from /home/philip/de_engineering/airflow_projects/airflow1/venv/lib/python3.10/site-packages/airflow/example_dags/example_latest_only_with_trigger.py
[2025-03-10T09:22:25.703+0100] {logging_mixin.py:188} INFO - [2025-03-10T09:22:25.703+0100] {dag.py:3036} INFO - Sync 1 DAGs
[2025-03-10T09:22:25.724+0100] {logging_mixin.py:188} INFO - [2025-03-10T09:22:25.724+0100] {dag.py:3823} INFO - Setting next_dagrun for latest_only_with_trigger to 2025-03-10 04:00:00+00:00, run_after=2025-03-10 08:00:00+00:00
[2025-03-10T09:22:25.740+0100] {processor.py:183} INFO - Processing /home/philip/de_engineering/airflow_projects/airflow1/venv/lib/python3.10/site-packages/airflow/example_dags/example_latest_only_with_trigger.py took 0.074 seconds
[2025-03-10T09:22:55.929+0100] {processor.py:161} INFO - Started process (PID=141359) to work on /home/philip/de_engineering/airflow_projects/airflow1/venv/lib/python3.10/site-packages/airflow/example_dags/example_latest_only_with_trigger.py
[2025-03-10T09:22:55.930+0100] {processor.py:830} INFO - Processing file /home/philip/de_engineering/airflow_projects/airflow1/venv/lib/python3.10/site-packages/airflow/example_dags/example_latest_only_with_trigger.py for tasks to queue
[2025-03-10T09:22:55.931+0100] {logging_mixin.py:188} INFO - [2025-03-10T09:22:55.931+0100] {dagbag.py:538} INFO - Filling up the DagBag from /home/philip/de_engineering/airflow_projects/airflow1/venv/lib/python3.10/site-packages/airflow/example_dags/example_latest_only_with_trigger.py
[2025-03-10T09:22:55.936+0100] {processor.py:840} INFO - DAG(s) 'latest_only_with_trigger' retrieved from /home/philip/de_engineering/airflow_projects/airflow1/venv/lib/python3.10/site-packages/airflow/example_dags/example_latest_only_with_trigger.py
[2025-03-10T09:22:55.959+0100] {logging_mixin.py:188} INFO - [2025-03-10T09:22:55.959+0100] {dag.py:3036} INFO - Sync 1 DAGs
[2025-03-10T09:22:55.983+0100] {logging_mixin.py:188} INFO - [2025-03-10T09:22:55.982+0100] {dag.py:3823} INFO - Setting next_dagrun for latest_only_with_trigger to 2025-03-10 04:00:00+00:00, run_after=2025-03-10 08:00:00+00:00
[2025-03-10T09:22:56.004+0100] {processor.py:183} INFO - Processing /home/philip/de_engineering/airflow_projects/airflow1/venv/lib/python3.10/site-packages/airflow/example_dags/example_latest_only_with_trigger.py took 0.078 seconds
[2025-03-10T09:23:26.296+0100] {processor.py:161} INFO - Started process (PID=141733) to work on /home/philip/de_engineering/airflow_projects/airflow1/venv/lib/python3.10/site-packages/airflow/example_dags/example_latest_only_with_trigger.py
[2025-03-10T09:23:26.297+0100] {processor.py:830} INFO - Processing file /home/philip/de_engineering/airflow_projects/airflow1/venv/lib/python3.10/site-packages/airflow/example_dags/example_latest_only_with_trigger.py for tasks to queue
[2025-03-10T09:23:26.298+0100] {logging_mixin.py:188} INFO - [2025-03-10T09:23:26.297+0100] {dagbag.py:538} INFO - Filling up the DagBag from /home/philip/de_engineering/airflow_projects/airflow1/venv/lib/python3.10/site-packages/airflow/example_dags/example_latest_only_with_trigger.py
[2025-03-10T09:23:26.304+0100] {processor.py:840} INFO - DAG(s) 'latest_only_with_trigger' retrieved from /home/philip/de_engineering/airflow_projects/airflow1/venv/lib/python3.10/site-packages/airflow/example_dags/example_latest_only_with_trigger.py
[2025-03-10T09:23:26.331+0100] {logging_mixin.py:188} INFO - [2025-03-10T09:23:26.330+0100] {dag.py:3036} INFO - Sync 1 DAGs
[2025-03-10T09:23:26.356+0100] {logging_mixin.py:188} INFO - [2025-03-10T09:23:26.355+0100] {dag.py:3823} INFO - Setting next_dagrun for latest_only_with_trigger to 2025-03-10 04:00:00+00:00, run_after=2025-03-10 08:00:00+00:00
[2025-03-10T09:23:26.380+0100] {processor.py:183} INFO - Processing /home/philip/de_engineering/airflow_projects/airflow1/venv/lib/python3.10/site-packages/airflow/example_dags/example_latest_only_with_trigger.py took 0.088 seconds
[2025-03-10T09:23:56.619+0100] {processor.py:161} INFO - Started process (PID=142115) to work on /home/philip/de_engineering/airflow_projects/airflow1/venv/lib/python3.10/site-packages/airflow/example_dags/example_latest_only_with_trigger.py
[2025-03-10T09:23:56.620+0100] {processor.py:830} INFO - Processing file /home/philip/de_engineering/airflow_projects/airflow1/venv/lib/python3.10/site-packages/airflow/example_dags/example_latest_only_with_trigger.py for tasks to queue
[2025-03-10T09:23:56.620+0100] {logging_mixin.py:188} INFO - [2025-03-10T09:23:56.620+0100] {dagbag.py:538} INFO - Filling up the DagBag from /home/philip/de_engineering/airflow_projects/airflow1/venv/lib/python3.10/site-packages/airflow/example_dags/example_latest_only_with_trigger.py
[2025-03-10T09:23:56.625+0100] {processor.py:840} INFO - DAG(s) 'latest_only_with_trigger' retrieved from /home/philip/de_engineering/airflow_projects/airflow1/venv/lib/python3.10/site-packages/airflow/example_dags/example_latest_only_with_trigger.py
[2025-03-10T09:23:56.645+0100] {logging_mixin.py:188} INFO - [2025-03-10T09:23:56.645+0100] {dag.py:3036} INFO - Sync 1 DAGs
[2025-03-10T09:23:56.663+0100] {logging_mixin.py:188} INFO - [2025-03-10T09:23:56.662+0100] {dag.py:3823} INFO - Setting next_dagrun for latest_only_with_trigger to 2025-03-10 04:00:00+00:00, run_after=2025-03-10 08:00:00+00:00
[2025-03-10T09:23:56.677+0100] {processor.py:183} INFO - Processing /home/philip/de_engineering/airflow_projects/airflow1/venv/lib/python3.10/site-packages/airflow/example_dags/example_latest_only_with_trigger.py took 0.060 seconds
[2025-03-10T09:24:27.014+0100] {processor.py:161} INFO - Started process (PID=142487) to work on /home/philip/de_engineering/airflow_projects/airflow1/venv/lib/python3.10/site-packages/airflow/example_dags/example_latest_only_with_trigger.py
[2025-03-10T09:24:27.016+0100] {processor.py:830} INFO - Processing file /home/philip/de_engineering/airflow_projects/airflow1/venv/lib/python3.10/site-packages/airflow/example_dags/example_latest_only_with_trigger.py for tasks to queue
[2025-03-10T09:24:27.017+0100] {logging_mixin.py:188} INFO - [2025-03-10T09:24:27.017+0100] {dagbag.py:538} INFO - Filling up the DagBag from /home/philip/de_engineering/airflow_projects/airflow1/venv/lib/python3.10/site-packages/airflow/example_dags/example_latest_only_with_trigger.py
[2025-03-10T09:24:27.024+0100] {processor.py:840} INFO - DAG(s) 'latest_only_with_trigger' retrieved from /home/philip/de_engineering/airflow_projects/airflow1/venv/lib/python3.10/site-packages/airflow/example_dags/example_latest_only_with_trigger.py
[2025-03-10T09:24:27.049+0100] {logging_mixin.py:188} INFO - [2025-03-10T09:24:27.049+0100] {dag.py:3036} INFO - Sync 1 DAGs
[2025-03-10T09:24:27.070+0100] {logging_mixin.py:188} INFO - [2025-03-10T09:24:27.070+0100] {dag.py:3823} INFO - Setting next_dagrun for latest_only_with_trigger to 2025-03-10 04:00:00+00:00, run_after=2025-03-10 08:00:00+00:00
[2025-03-10T09:24:27.086+0100] {processor.py:183} INFO - Processing /home/philip/de_engineering/airflow_projects/airflow1/venv/lib/python3.10/site-packages/airflow/example_dags/example_latest_only_with_trigger.py took 0.076 seconds
[2025-03-10T09:24:57.227+0100] {processor.py:161} INFO - Started process (PID=142868) to work on /home/philip/de_engineering/airflow_projects/airflow1/venv/lib/python3.10/site-packages/airflow/example_dags/example_latest_only_with_trigger.py
[2025-03-10T09:24:57.228+0100] {processor.py:830} INFO - Processing file /home/philip/de_engineering/airflow_projects/airflow1/venv/lib/python3.10/site-packages/airflow/example_dags/example_latest_only_with_trigger.py for tasks to queue
[2025-03-10T09:24:57.229+0100] {logging_mixin.py:188} INFO - [2025-03-10T09:24:57.228+0100] {dagbag.py:538} INFO - Filling up the DagBag from /home/philip/de_engineering/airflow_projects/airflow1/venv/lib/python3.10/site-packages/airflow/example_dags/example_latest_only_with_trigger.py
[2025-03-10T09:24:57.233+0100] {processor.py:840} INFO - DAG(s) 'latest_only_with_trigger' retrieved from /home/philip/de_engineering/airflow_projects/airflow1/venv/lib/python3.10/site-packages/airflow/example_dags/example_latest_only_with_trigger.py
[2025-03-10T09:24:57.254+0100] {logging_mixin.py:188} INFO - [2025-03-10T09:24:57.254+0100] {dag.py:3036} INFO - Sync 1 DAGs
[2025-03-10T09:24:57.273+0100] {logging_mixin.py:188} INFO - [2025-03-10T09:24:57.273+0100] {dag.py:3823} INFO - Setting next_dagrun for latest_only_with_trigger to 2025-03-10 04:00:00+00:00, run_after=2025-03-10 08:00:00+00:00
[2025-03-10T09:24:57.291+0100] {processor.py:183} INFO - Processing /home/philip/de_engineering/airflow_projects/airflow1/venv/lib/python3.10/site-packages/airflow/example_dags/example_latest_only_with_trigger.py took 0.067 seconds
[2025-03-10T09:25:27.439+0100] {processor.py:161} INFO - Started process (PID=143252) to work on /home/philip/de_engineering/airflow_projects/airflow1/venv/lib/python3.10/site-packages/airflow/example_dags/example_latest_only_with_trigger.py
[2025-03-10T09:25:27.440+0100] {processor.py:830} INFO - Processing file /home/philip/de_engineering/airflow_projects/airflow1/venv/lib/python3.10/site-packages/airflow/example_dags/example_latest_only_with_trigger.py for tasks to queue
[2025-03-10T09:25:27.441+0100] {logging_mixin.py:188} INFO - [2025-03-10T09:25:27.441+0100] {dagbag.py:538} INFO - Filling up the DagBag from /home/philip/de_engineering/airflow_projects/airflow1/venv/lib/python3.10/site-packages/airflow/example_dags/example_latest_only_with_trigger.py
[2025-03-10T09:25:27.446+0100] {processor.py:840} INFO - DAG(s) 'latest_only_with_trigger' retrieved from /home/philip/de_engineering/airflow_projects/airflow1/venv/lib/python3.10/site-packages/airflow/example_dags/example_latest_only_with_trigger.py
[2025-03-10T09:25:27.466+0100] {logging_mixin.py:188} INFO - [2025-03-10T09:25:27.465+0100] {dag.py:3036} INFO - Sync 1 DAGs
[2025-03-10T09:25:27.482+0100] {logging_mixin.py:188} INFO - [2025-03-10T09:25:27.481+0100] {dag.py:3823} INFO - Setting next_dagrun for latest_only_with_trigger to 2025-03-10 04:00:00+00:00, run_after=2025-03-10 08:00:00+00:00
[2025-03-10T09:25:27.496+0100] {processor.py:183} INFO - Processing /home/philip/de_engineering/airflow_projects/airflow1/venv/lib/python3.10/site-packages/airflow/example_dags/example_latest_only_with_trigger.py took 0.060 seconds
[2025-03-10T09:25:57.931+0100] {processor.py:161} INFO - Started process (PID=143628) to work on /home/philip/de_engineering/airflow_projects/airflow1/venv/lib/python3.10/site-packages/airflow/example_dags/example_latest_only_with_trigger.py
[2025-03-10T09:25:57.933+0100] {processor.py:830} INFO - Processing file /home/philip/de_engineering/airflow_projects/airflow1/venv/lib/python3.10/site-packages/airflow/example_dags/example_latest_only_with_trigger.py for tasks to queue
[2025-03-10T09:25:57.933+0100] {logging_mixin.py:188} INFO - [2025-03-10T09:25:57.933+0100] {dagbag.py:538} INFO - Filling up the DagBag from /home/philip/de_engineering/airflow_projects/airflow1/venv/lib/python3.10/site-packages/airflow/example_dags/example_latest_only_with_trigger.py
[2025-03-10T09:25:57.938+0100] {processor.py:840} INFO - DAG(s) 'latest_only_with_trigger' retrieved from /home/philip/de_engineering/airflow_projects/airflow1/venv/lib/python3.10/site-packages/airflow/example_dags/example_latest_only_with_trigger.py
[2025-03-10T09:25:57.966+0100] {logging_mixin.py:188} INFO - [2025-03-10T09:25:57.965+0100] {dag.py:3036} INFO - Sync 1 DAGs
[2025-03-10T09:25:57.987+0100] {logging_mixin.py:188} INFO - [2025-03-10T09:25:57.987+0100] {dag.py:3823} INFO - Setting next_dagrun for latest_only_with_trigger to 2025-03-10 04:00:00+00:00, run_after=2025-03-10 08:00:00+00:00
[2025-03-10T09:25:58.005+0100] {processor.py:183} INFO - Processing /home/philip/de_engineering/airflow_projects/airflow1/venv/lib/python3.10/site-packages/airflow/example_dags/example_latest_only_with_trigger.py took 0.076 seconds
[2025-03-10T09:26:28.371+0100] {processor.py:161} INFO - Started process (PID=144008) to work on /home/philip/de_engineering/airflow_projects/airflow1/venv/lib/python3.10/site-packages/airflow/example_dags/example_latest_only_with_trigger.py
[2025-03-10T09:26:28.372+0100] {processor.py:830} INFO - Processing file /home/philip/de_engineering/airflow_projects/airflow1/venv/lib/python3.10/site-packages/airflow/example_dags/example_latest_only_with_trigger.py for tasks to queue
[2025-03-10T09:26:28.373+0100] {logging_mixin.py:188} INFO - [2025-03-10T09:26:28.372+0100] {dagbag.py:538} INFO - Filling up the DagBag from /home/philip/de_engineering/airflow_projects/airflow1/venv/lib/python3.10/site-packages/airflow/example_dags/example_latest_only_with_trigger.py
[2025-03-10T09:26:28.377+0100] {processor.py:840} INFO - DAG(s) 'latest_only_with_trigger' retrieved from /home/philip/de_engineering/airflow_projects/airflow1/venv/lib/python3.10/site-packages/airflow/example_dags/example_latest_only_with_trigger.py
[2025-03-10T09:26:28.402+0100] {logging_mixin.py:188} INFO - [2025-03-10T09:26:28.402+0100] {dag.py:3036} INFO - Sync 1 DAGs
[2025-03-10T09:26:28.424+0100] {logging_mixin.py:188} INFO - [2025-03-10T09:26:28.423+0100] {dag.py:3823} INFO - Setting next_dagrun for latest_only_with_trigger to 2025-03-10 04:00:00+00:00, run_after=2025-03-10 08:00:00+00:00
[2025-03-10T09:26:28.443+0100] {processor.py:183} INFO - Processing /home/philip/de_engineering/airflow_projects/airflow1/venv/lib/python3.10/site-packages/airflow/example_dags/example_latest_only_with_trigger.py took 0.075 seconds
[2025-03-10T09:26:58.585+0100] {processor.py:161} INFO - Started process (PID=144383) to work on /home/philip/de_engineering/airflow_projects/airflow1/venv/lib/python3.10/site-packages/airflow/example_dags/example_latest_only_with_trigger.py
[2025-03-10T09:26:58.586+0100] {processor.py:830} INFO - Processing file /home/philip/de_engineering/airflow_projects/airflow1/venv/lib/python3.10/site-packages/airflow/example_dags/example_latest_only_with_trigger.py for tasks to queue
[2025-03-10T09:26:58.587+0100] {logging_mixin.py:188} INFO - [2025-03-10T09:26:58.587+0100] {dagbag.py:538} INFO - Filling up the DagBag from /home/philip/de_engineering/airflow_projects/airflow1/venv/lib/python3.10/site-packages/airflow/example_dags/example_latest_only_with_trigger.py
[2025-03-10T09:26:58.592+0100] {processor.py:840} INFO - DAG(s) 'latest_only_with_trigger' retrieved from /home/philip/de_engineering/airflow_projects/airflow1/venv/lib/python3.10/site-packages/airflow/example_dags/example_latest_only_with_trigger.py
[2025-03-10T09:26:58.613+0100] {logging_mixin.py:188} INFO - [2025-03-10T09:26:58.613+0100] {dag.py:3036} INFO - Sync 1 DAGs
[2025-03-10T09:26:58.630+0100] {logging_mixin.py:188} INFO - [2025-03-10T09:26:58.630+0100] {dag.py:3823} INFO - Setting next_dagrun for latest_only_with_trigger to 2025-03-10 04:00:00+00:00, run_after=2025-03-10 08:00:00+00:00
[2025-03-10T09:26:58.645+0100] {processor.py:183} INFO - Processing /home/philip/de_engineering/airflow_projects/airflow1/venv/lib/python3.10/site-packages/airflow/example_dags/example_latest_only_with_trigger.py took 0.063 seconds
[2025-03-10T09:27:28.836+0100] {processor.py:161} INFO - Started process (PID=144763) to work on /home/philip/de_engineering/airflow_projects/airflow1/venv/lib/python3.10/site-packages/airflow/example_dags/example_latest_only_with_trigger.py
[2025-03-10T09:27:28.836+0100] {processor.py:830} INFO - Processing file /home/philip/de_engineering/airflow_projects/airflow1/venv/lib/python3.10/site-packages/airflow/example_dags/example_latest_only_with_trigger.py for tasks to queue
[2025-03-10T09:27:28.837+0100] {logging_mixin.py:188} INFO - [2025-03-10T09:27:28.837+0100] {dagbag.py:538} INFO - Filling up the DagBag from /home/philip/de_engineering/airflow_projects/airflow1/venv/lib/python3.10/site-packages/airflow/example_dags/example_latest_only_with_trigger.py
[2025-03-10T09:27:28.842+0100] {processor.py:840} INFO - DAG(s) 'latest_only_with_trigger' retrieved from /home/philip/de_engineering/airflow_projects/airflow1/venv/lib/python3.10/site-packages/airflow/example_dags/example_latest_only_with_trigger.py
[2025-03-10T09:27:28.862+0100] {logging_mixin.py:188} INFO - [2025-03-10T09:27:28.862+0100] {dag.py:3036} INFO - Sync 1 DAGs
[2025-03-10T09:27:28.883+0100] {logging_mixin.py:188} INFO - [2025-03-10T09:27:28.883+0100] {dag.py:3823} INFO - Setting next_dagrun for latest_only_with_trigger to 2025-03-10 04:00:00+00:00, run_after=2025-03-10 08:00:00+00:00
[2025-03-10T09:27:28.906+0100] {processor.py:183} INFO - Processing /home/philip/de_engineering/airflow_projects/airflow1/venv/lib/python3.10/site-packages/airflow/example_dags/example_latest_only_with_trigger.py took 0.074 seconds
[2025-03-10T09:27:59.180+0100] {processor.py:161} INFO - Started process (PID=145138) to work on /home/philip/de_engineering/airflow_projects/airflow1/venv/lib/python3.10/site-packages/airflow/example_dags/example_latest_only_with_trigger.py
[2025-03-10T09:27:59.182+0100] {processor.py:830} INFO - Processing file /home/philip/de_engineering/airflow_projects/airflow1/venv/lib/python3.10/site-packages/airflow/example_dags/example_latest_only_with_trigger.py for tasks to queue
[2025-03-10T09:27:59.182+0100] {logging_mixin.py:188} INFO - [2025-03-10T09:27:59.182+0100] {dagbag.py:538} INFO - Filling up the DagBag from /home/philip/de_engineering/airflow_projects/airflow1/venv/lib/python3.10/site-packages/airflow/example_dags/example_latest_only_with_trigger.py
[2025-03-10T09:27:59.188+0100] {processor.py:840} INFO - DAG(s) 'latest_only_with_trigger' retrieved from /home/philip/de_engineering/airflow_projects/airflow1/venv/lib/python3.10/site-packages/airflow/example_dags/example_latest_only_with_trigger.py
[2025-03-10T09:27:59.214+0100] {logging_mixin.py:188} INFO - [2025-03-10T09:27:59.213+0100] {dag.py:3036} INFO - Sync 1 DAGs
[2025-03-10T09:27:59.237+0100] {logging_mixin.py:188} INFO - [2025-03-10T09:27:59.236+0100] {dag.py:3823} INFO - Setting next_dagrun for latest_only_with_trigger to 2025-03-10 04:00:00+00:00, run_after=2025-03-10 08:00:00+00:00
[2025-03-10T09:27:59.255+0100] {processor.py:183} INFO - Processing /home/philip/de_engineering/airflow_projects/airflow1/venv/lib/python3.10/site-packages/airflow/example_dags/example_latest_only_with_trigger.py took 0.078 seconds
[2025-03-10T09:28:29.385+0100] {processor.py:161} INFO - Started process (PID=145518) to work on /home/philip/de_engineering/airflow_projects/airflow1/venv/lib/python3.10/site-packages/airflow/example_dags/example_latest_only_with_trigger.py
[2025-03-10T09:28:29.385+0100] {processor.py:830} INFO - Processing file /home/philip/de_engineering/airflow_projects/airflow1/venv/lib/python3.10/site-packages/airflow/example_dags/example_latest_only_with_trigger.py for tasks to queue
[2025-03-10T09:28:29.386+0100] {logging_mixin.py:188} INFO - [2025-03-10T09:28:29.386+0100] {dagbag.py:538} INFO - Filling up the DagBag from /home/philip/de_engineering/airflow_projects/airflow1/venv/lib/python3.10/site-packages/airflow/example_dags/example_latest_only_with_trigger.py
[2025-03-10T09:28:29.391+0100] {processor.py:840} INFO - DAG(s) 'latest_only_with_trigger' retrieved from /home/philip/de_engineering/airflow_projects/airflow1/venv/lib/python3.10/site-packages/airflow/example_dags/example_latest_only_with_trigger.py
[2025-03-10T09:28:29.412+0100] {logging_mixin.py:188} INFO - [2025-03-10T09:28:29.412+0100] {dag.py:3036} INFO - Sync 1 DAGs
[2025-03-10T09:28:29.430+0100] {logging_mixin.py:188} INFO - [2025-03-10T09:28:29.429+0100] {dag.py:3823} INFO - Setting next_dagrun for latest_only_with_trigger to 2025-03-10 04:00:00+00:00, run_after=2025-03-10 08:00:00+00:00
[2025-03-10T09:28:29.447+0100] {processor.py:183} INFO - Processing /home/philip/de_engineering/airflow_projects/airflow1/venv/lib/python3.10/site-packages/airflow/example_dags/example_latest_only_with_trigger.py took 0.065 seconds
[2025-03-10T09:28:59.586+0100] {processor.py:161} INFO - Started process (PID=145903) to work on /home/philip/de_engineering/airflow_projects/airflow1/venv/lib/python3.10/site-packages/airflow/example_dags/example_latest_only_with_trigger.py
[2025-03-10T09:28:59.587+0100] {processor.py:830} INFO - Processing file /home/philip/de_engineering/airflow_projects/airflow1/venv/lib/python3.10/site-packages/airflow/example_dags/example_latest_only_with_trigger.py for tasks to queue
[2025-03-10T09:28:59.588+0100] {logging_mixin.py:188} INFO - [2025-03-10T09:28:59.588+0100] {dagbag.py:538} INFO - Filling up the DagBag from /home/philip/de_engineering/airflow_projects/airflow1/venv/lib/python3.10/site-packages/airflow/example_dags/example_latest_only_with_trigger.py
[2025-03-10T09:28:59.593+0100] {processor.py:840} INFO - DAG(s) 'latest_only_with_trigger' retrieved from /home/philip/de_engineering/airflow_projects/airflow1/venv/lib/python3.10/site-packages/airflow/example_dags/example_latest_only_with_trigger.py
[2025-03-10T09:28:59.612+0100] {logging_mixin.py:188} INFO - [2025-03-10T09:28:59.612+0100] {dag.py:3036} INFO - Sync 1 DAGs
[2025-03-10T09:28:59.629+0100] {logging_mixin.py:188} INFO - [2025-03-10T09:28:59.629+0100] {dag.py:3823} INFO - Setting next_dagrun for latest_only_with_trigger to 2025-03-10 04:00:00+00:00, run_after=2025-03-10 08:00:00+00:00
[2025-03-10T09:28:59.643+0100] {processor.py:183} INFO - Processing /home/philip/de_engineering/airflow_projects/airflow1/venv/lib/python3.10/site-packages/airflow/example_dags/example_latest_only_with_trigger.py took 0.059 seconds
[2025-03-10T09:29:29.781+0100] {processor.py:161} INFO - Started process (PID=146277) to work on /home/philip/de_engineering/airflow_projects/airflow1/venv/lib/python3.10/site-packages/airflow/example_dags/example_latest_only_with_trigger.py
[2025-03-10T09:29:29.782+0100] {processor.py:830} INFO - Processing file /home/philip/de_engineering/airflow_projects/airflow1/venv/lib/python3.10/site-packages/airflow/example_dags/example_latest_only_with_trigger.py for tasks to queue
[2025-03-10T09:29:29.782+0100] {logging_mixin.py:188} INFO - [2025-03-10T09:29:29.782+0100] {dagbag.py:538} INFO - Filling up the DagBag from /home/philip/de_engineering/airflow_projects/airflow1/venv/lib/python3.10/site-packages/airflow/example_dags/example_latest_only_with_trigger.py
[2025-03-10T09:29:29.787+0100] {processor.py:840} INFO - DAG(s) 'latest_only_with_trigger' retrieved from /home/philip/de_engineering/airflow_projects/airflow1/venv/lib/python3.10/site-packages/airflow/example_dags/example_latest_only_with_trigger.py
[2025-03-10T09:29:29.808+0100] {logging_mixin.py:188} INFO - [2025-03-10T09:29:29.808+0100] {dag.py:3036} INFO - Sync 1 DAGs
[2025-03-10T09:29:29.827+0100] {logging_mixin.py:188} INFO - [2025-03-10T09:29:29.826+0100] {dag.py:3823} INFO - Setting next_dagrun for latest_only_with_trigger to 2025-03-10 04:00:00+00:00, run_after=2025-03-10 08:00:00+00:00
[2025-03-10T09:29:29.841+0100] {processor.py:183} INFO - Processing /home/philip/de_engineering/airflow_projects/airflow1/venv/lib/python3.10/site-packages/airflow/example_dags/example_latest_only_with_trigger.py took 0.063 seconds
[2025-03-10T09:29:59.973+0100] {processor.py:161} INFO - Started process (PID=146656) to work on /home/philip/de_engineering/airflow_projects/airflow1/venv/lib/python3.10/site-packages/airflow/example_dags/example_latest_only_with_trigger.py
[2025-03-10T09:29:59.974+0100] {processor.py:830} INFO - Processing file /home/philip/de_engineering/airflow_projects/airflow1/venv/lib/python3.10/site-packages/airflow/example_dags/example_latest_only_with_trigger.py for tasks to queue
[2025-03-10T09:29:59.975+0100] {logging_mixin.py:188} INFO - [2025-03-10T09:29:59.974+0100] {dagbag.py:538} INFO - Filling up the DagBag from /home/philip/de_engineering/airflow_projects/airflow1/venv/lib/python3.10/site-packages/airflow/example_dags/example_latest_only_with_trigger.py
[2025-03-10T09:29:59.980+0100] {processor.py:840} INFO - DAG(s) 'latest_only_with_trigger' retrieved from /home/philip/de_engineering/airflow_projects/airflow1/venv/lib/python3.10/site-packages/airflow/example_dags/example_latest_only_with_trigger.py
[2025-03-10T09:30:00.003+0100] {logging_mixin.py:188} INFO - [2025-03-10T09:30:00.002+0100] {dag.py:3036} INFO - Sync 1 DAGs
[2025-03-10T09:30:00.021+0100] {logging_mixin.py:188} INFO - [2025-03-10T09:30:00.021+0100] {dag.py:3823} INFO - Setting next_dagrun for latest_only_with_trigger to 2025-03-10 04:00:00+00:00, run_after=2025-03-10 08:00:00+00:00
[2025-03-10T09:30:00.035+0100] {processor.py:183} INFO - Processing /home/philip/de_engineering/airflow_projects/airflow1/venv/lib/python3.10/site-packages/airflow/example_dags/example_latest_only_with_trigger.py took 0.065 seconds
[2025-03-10T09:30:30.159+0100] {processor.py:161} INFO - Started process (PID=147031) to work on /home/philip/de_engineering/airflow_projects/airflow1/venv/lib/python3.10/site-packages/airflow/example_dags/example_latest_only_with_trigger.py
[2025-03-10T09:30:30.160+0100] {processor.py:830} INFO - Processing file /home/philip/de_engineering/airflow_projects/airflow1/venv/lib/python3.10/site-packages/airflow/example_dags/example_latest_only_with_trigger.py for tasks to queue
[2025-03-10T09:30:30.161+0100] {logging_mixin.py:188} INFO - [2025-03-10T09:30:30.161+0100] {dagbag.py:538} INFO - Filling up the DagBag from /home/philip/de_engineering/airflow_projects/airflow1/venv/lib/python3.10/site-packages/airflow/example_dags/example_latest_only_with_trigger.py
[2025-03-10T09:30:30.166+0100] {processor.py:840} INFO - DAG(s) 'latest_only_with_trigger' retrieved from /home/philip/de_engineering/airflow_projects/airflow1/venv/lib/python3.10/site-packages/airflow/example_dags/example_latest_only_with_trigger.py
[2025-03-10T09:30:30.186+0100] {logging_mixin.py:188} INFO - [2025-03-10T09:30:30.186+0100] {dag.py:3036} INFO - Sync 1 DAGs
[2025-03-10T09:30:30.203+0100] {logging_mixin.py:188} INFO - [2025-03-10T09:30:30.203+0100] {dag.py:3823} INFO - Setting next_dagrun for latest_only_with_trigger to 2025-03-10 04:00:00+00:00, run_after=2025-03-10 08:00:00+00:00
[2025-03-10T09:30:30.218+0100] {processor.py:183} INFO - Processing /home/philip/de_engineering/airflow_projects/airflow1/venv/lib/python3.10/site-packages/airflow/example_dags/example_latest_only_with_trigger.py took 0.061 seconds
[2025-03-10T09:31:00.413+0100] {processor.py:161} INFO - Started process (PID=147412) to work on /home/philip/de_engineering/airflow_projects/airflow1/venv/lib/python3.10/site-packages/airflow/example_dags/example_latest_only_with_trigger.py
[2025-03-10T09:31:00.415+0100] {processor.py:830} INFO - Processing file /home/philip/de_engineering/airflow_projects/airflow1/venv/lib/python3.10/site-packages/airflow/example_dags/example_latest_only_with_trigger.py for tasks to queue
[2025-03-10T09:31:00.415+0100] {logging_mixin.py:188} INFO - [2025-03-10T09:31:00.415+0100] {dagbag.py:538} INFO - Filling up the DagBag from /home/philip/de_engineering/airflow_projects/airflow1/venv/lib/python3.10/site-packages/airflow/example_dags/example_latest_only_with_trigger.py
[2025-03-10T09:31:00.420+0100] {processor.py:840} INFO - DAG(s) 'latest_only_with_trigger' retrieved from /home/philip/de_engineering/airflow_projects/airflow1/venv/lib/python3.10/site-packages/airflow/example_dags/example_latest_only_with_trigger.py
[2025-03-10T09:31:00.441+0100] {logging_mixin.py:188} INFO - [2025-03-10T09:31:00.441+0100] {dag.py:3036} INFO - Sync 1 DAGs
[2025-03-10T09:31:00.458+0100] {logging_mixin.py:188} INFO - [2025-03-10T09:31:00.458+0100] {dag.py:3823} INFO - Setting next_dagrun for latest_only_with_trigger to 2025-03-10 04:00:00+00:00, run_after=2025-03-10 08:00:00+00:00
[2025-03-10T09:31:00.472+0100] {processor.py:183} INFO - Processing /home/philip/de_engineering/airflow_projects/airflow1/venv/lib/python3.10/site-packages/airflow/example_dags/example_latest_only_with_trigger.py took 0.062 seconds
[2025-03-10T09:31:30.570+0100] {processor.py:161} INFO - Started process (PID=147787) to work on /home/philip/de_engineering/airflow_projects/airflow1/venv/lib/python3.10/site-packages/airflow/example_dags/example_latest_only_with_trigger.py
[2025-03-10T09:31:30.571+0100] {processor.py:830} INFO - Processing file /home/philip/de_engineering/airflow_projects/airflow1/venv/lib/python3.10/site-packages/airflow/example_dags/example_latest_only_with_trigger.py for tasks to queue
[2025-03-10T09:31:30.572+0100] {logging_mixin.py:188} INFO - [2025-03-10T09:31:30.571+0100] {dagbag.py:538} INFO - Filling up the DagBag from /home/philip/de_engineering/airflow_projects/airflow1/venv/lib/python3.10/site-packages/airflow/example_dags/example_latest_only_with_trigger.py
[2025-03-10T09:31:30.576+0100] {processor.py:840} INFO - DAG(s) 'latest_only_with_trigger' retrieved from /home/philip/de_engineering/airflow_projects/airflow1/venv/lib/python3.10/site-packages/airflow/example_dags/example_latest_only_with_trigger.py
[2025-03-10T09:31:30.598+0100] {logging_mixin.py:188} INFO - [2025-03-10T09:31:30.598+0100] {dag.py:3036} INFO - Sync 1 DAGs
[2025-03-10T09:31:30.616+0100] {logging_mixin.py:188} INFO - [2025-03-10T09:31:30.615+0100] {dag.py:3823} INFO - Setting next_dagrun for latest_only_with_trigger to 2025-03-10 04:00:00+00:00, run_after=2025-03-10 08:00:00+00:00
[2025-03-10T09:31:30.630+0100] {processor.py:183} INFO - Processing /home/philip/de_engineering/airflow_projects/airflow1/venv/lib/python3.10/site-packages/airflow/example_dags/example_latest_only_with_trigger.py took 0.063 seconds
[2025-03-10T09:32:00.699+0100] {processor.py:161} INFO - Started process (PID=148167) to work on /home/philip/de_engineering/airflow_projects/airflow1/venv/lib/python3.10/site-packages/airflow/example_dags/example_latest_only_with_trigger.py
[2025-03-10T09:32:00.700+0100] {processor.py:830} INFO - Processing file /home/philip/de_engineering/airflow_projects/airflow1/venv/lib/python3.10/site-packages/airflow/example_dags/example_latest_only_with_trigger.py for tasks to queue
[2025-03-10T09:32:00.701+0100] {logging_mixin.py:188} INFO - [2025-03-10T09:32:00.701+0100] {dagbag.py:538} INFO - Filling up the DagBag from /home/philip/de_engineering/airflow_projects/airflow1/venv/lib/python3.10/site-packages/airflow/example_dags/example_latest_only_with_trigger.py
[2025-03-10T09:32:00.706+0100] {processor.py:840} INFO - DAG(s) 'latest_only_with_trigger' retrieved from /home/philip/de_engineering/airflow_projects/airflow1/venv/lib/python3.10/site-packages/airflow/example_dags/example_latest_only_with_trigger.py
[2025-03-10T09:32:00.730+0100] {logging_mixin.py:188} INFO - [2025-03-10T09:32:00.729+0100] {dag.py:3036} INFO - Sync 1 DAGs
[2025-03-10T09:32:00.748+0100] {logging_mixin.py:188} INFO - [2025-03-10T09:32:00.748+0100] {dag.py:3823} INFO - Setting next_dagrun for latest_only_with_trigger to 2025-03-10 04:00:00+00:00, run_after=2025-03-10 08:00:00+00:00
[2025-03-10T09:32:00.763+0100] {processor.py:183} INFO - Processing /home/philip/de_engineering/airflow_projects/airflow1/venv/lib/python3.10/site-packages/airflow/example_dags/example_latest_only_with_trigger.py took 0.067 seconds
[2025-03-10T09:32:30.977+0100] {processor.py:161} INFO - Started process (PID=148542) to work on /home/philip/de_engineering/airflow_projects/airflow1/venv/lib/python3.10/site-packages/airflow/example_dags/example_latest_only_with_trigger.py
[2025-03-10T09:32:30.979+0100] {processor.py:830} INFO - Processing file /home/philip/de_engineering/airflow_projects/airflow1/venv/lib/python3.10/site-packages/airflow/example_dags/example_latest_only_with_trigger.py for tasks to queue
[2025-03-10T09:32:30.979+0100] {logging_mixin.py:188} INFO - [2025-03-10T09:32:30.979+0100] {dagbag.py:538} INFO - Filling up the DagBag from /home/philip/de_engineering/airflow_projects/airflow1/venv/lib/python3.10/site-packages/airflow/example_dags/example_latest_only_with_trigger.py
[2025-03-10T09:32:30.984+0100] {processor.py:840} INFO - DAG(s) 'latest_only_with_trigger' retrieved from /home/philip/de_engineering/airflow_projects/airflow1/venv/lib/python3.10/site-packages/airflow/example_dags/example_latest_only_with_trigger.py
[2025-03-10T09:32:31.004+0100] {logging_mixin.py:188} INFO - [2025-03-10T09:32:31.004+0100] {dag.py:3036} INFO - Sync 1 DAGs
[2025-03-10T09:32:31.021+0100] {logging_mixin.py:188} INFO - [2025-03-10T09:32:31.020+0100] {dag.py:3823} INFO - Setting next_dagrun for latest_only_with_trigger to 2025-03-10 04:00:00+00:00, run_after=2025-03-10 08:00:00+00:00
[2025-03-10T09:32:31.035+0100] {processor.py:183} INFO - Processing /home/philip/de_engineering/airflow_projects/airflow1/venv/lib/python3.10/site-packages/airflow/example_dags/example_latest_only_with_trigger.py took 0.060 seconds
[2025-03-10T09:33:01.231+0100] {processor.py:161} INFO - Started process (PID=148924) to work on /home/philip/de_engineering/airflow_projects/airflow1/venv/lib/python3.10/site-packages/airflow/example_dags/example_latest_only_with_trigger.py
[2025-03-10T09:33:01.233+0100] {processor.py:830} INFO - Processing file /home/philip/de_engineering/airflow_projects/airflow1/venv/lib/python3.10/site-packages/airflow/example_dags/example_latest_only_with_trigger.py for tasks to queue
[2025-03-10T09:33:01.233+0100] {logging_mixin.py:188} INFO - [2025-03-10T09:33:01.233+0100] {dagbag.py:538} INFO - Filling up the DagBag from /home/philip/de_engineering/airflow_projects/airflow1/venv/lib/python3.10/site-packages/airflow/example_dags/example_latest_only_with_trigger.py
[2025-03-10T09:33:01.238+0100] {processor.py:840} INFO - DAG(s) 'latest_only_with_trigger' retrieved from /home/philip/de_engineering/airflow_projects/airflow1/venv/lib/python3.10/site-packages/airflow/example_dags/example_latest_only_with_trigger.py
[2025-03-10T09:33:01.258+0100] {logging_mixin.py:188} INFO - [2025-03-10T09:33:01.258+0100] {dag.py:3036} INFO - Sync 1 DAGs
[2025-03-10T09:33:01.275+0100] {logging_mixin.py:188} INFO - [2025-03-10T09:33:01.275+0100] {dag.py:3823} INFO - Setting next_dagrun for latest_only_with_trigger to 2025-03-10 04:00:00+00:00, run_after=2025-03-10 08:00:00+00:00
[2025-03-10T09:33:01.289+0100] {processor.py:183} INFO - Processing /home/philip/de_engineering/airflow_projects/airflow1/venv/lib/python3.10/site-packages/airflow/example_dags/example_latest_only_with_trigger.py took 0.060 seconds
[2025-03-10T09:33:31.407+0100] {processor.py:161} INFO - Started process (PID=149301) to work on /home/philip/de_engineering/airflow_projects/airflow1/venv/lib/python3.10/site-packages/airflow/example_dags/example_latest_only_with_trigger.py
[2025-03-10T09:33:31.409+0100] {processor.py:830} INFO - Processing file /home/philip/de_engineering/airflow_projects/airflow1/venv/lib/python3.10/site-packages/airflow/example_dags/example_latest_only_with_trigger.py for tasks to queue
[2025-03-10T09:33:31.410+0100] {logging_mixin.py:188} INFO - [2025-03-10T09:33:31.409+0100] {dagbag.py:538} INFO - Filling up the DagBag from /home/philip/de_engineering/airflow_projects/airflow1/venv/lib/python3.10/site-packages/airflow/example_dags/example_latest_only_with_trigger.py
[2025-03-10T09:33:31.414+0100] {processor.py:840} INFO - DAG(s) 'latest_only_with_trigger' retrieved from /home/philip/de_engineering/airflow_projects/airflow1/venv/lib/python3.10/site-packages/airflow/example_dags/example_latest_only_with_trigger.py
[2025-03-10T09:33:31.434+0100] {logging_mixin.py:188} INFO - [2025-03-10T09:33:31.434+0100] {dag.py:3036} INFO - Sync 1 DAGs
[2025-03-10T09:33:31.451+0100] {logging_mixin.py:188} INFO - [2025-03-10T09:33:31.451+0100] {dag.py:3823} INFO - Setting next_dagrun for latest_only_with_trigger to 2025-03-10 04:00:00+00:00, run_after=2025-03-10 08:00:00+00:00
[2025-03-10T09:33:31.466+0100] {processor.py:183} INFO - Processing /home/philip/de_engineering/airflow_projects/airflow1/venv/lib/python3.10/site-packages/airflow/example_dags/example_latest_only_with_trigger.py took 0.061 seconds
[2025-03-10T09:34:01.647+0100] {processor.py:161} INFO - Started process (PID=149681) to work on /home/philip/de_engineering/airflow_projects/airflow1/venv/lib/python3.10/site-packages/airflow/example_dags/example_latest_only_with_trigger.py
[2025-03-10T09:34:01.648+0100] {processor.py:830} INFO - Processing file /home/philip/de_engineering/airflow_projects/airflow1/venv/lib/python3.10/site-packages/airflow/example_dags/example_latest_only_with_trigger.py for tasks to queue
[2025-03-10T09:34:01.648+0100] {logging_mixin.py:188} INFO - [2025-03-10T09:34:01.648+0100] {dagbag.py:538} INFO - Filling up the DagBag from /home/philip/de_engineering/airflow_projects/airflow1/venv/lib/python3.10/site-packages/airflow/example_dags/example_latest_only_with_trigger.py
[2025-03-10T09:34:01.655+0100] {processor.py:840} INFO - DAG(s) 'latest_only_with_trigger' retrieved from /home/philip/de_engineering/airflow_projects/airflow1/venv/lib/python3.10/site-packages/airflow/example_dags/example_latest_only_with_trigger.py
[2025-03-10T09:34:01.675+0100] {logging_mixin.py:188} INFO - [2025-03-10T09:34:01.675+0100] {dag.py:3036} INFO - Sync 1 DAGs
[2025-03-10T09:34:01.693+0100] {logging_mixin.py:188} INFO - [2025-03-10T09:34:01.693+0100] {dag.py:3823} INFO - Setting next_dagrun for latest_only_with_trigger to 2025-03-10 04:00:00+00:00, run_after=2025-03-10 08:00:00+00:00
[2025-03-10T09:34:01.706+0100] {processor.py:183} INFO - Processing /home/philip/de_engineering/airflow_projects/airflow1/venv/lib/python3.10/site-packages/airflow/example_dags/example_latest_only_with_trigger.py took 0.062 seconds
[2025-03-10T09:34:31.888+0100] {processor.py:161} INFO - Started process (PID=150060) to work on /home/philip/de_engineering/airflow_projects/airflow1/venv/lib/python3.10/site-packages/airflow/example_dags/example_latest_only_with_trigger.py
[2025-03-10T09:34:31.889+0100] {processor.py:830} INFO - Processing file /home/philip/de_engineering/airflow_projects/airflow1/venv/lib/python3.10/site-packages/airflow/example_dags/example_latest_only_with_trigger.py for tasks to queue
[2025-03-10T09:34:31.890+0100] {logging_mixin.py:188} INFO - [2025-03-10T09:34:31.889+0100] {dagbag.py:538} INFO - Filling up the DagBag from /home/philip/de_engineering/airflow_projects/airflow1/venv/lib/python3.10/site-packages/airflow/example_dags/example_latest_only_with_trigger.py
[2025-03-10T09:34:31.895+0100] {processor.py:840} INFO - DAG(s) 'latest_only_with_trigger' retrieved from /home/philip/de_engineering/airflow_projects/airflow1/venv/lib/python3.10/site-packages/airflow/example_dags/example_latest_only_with_trigger.py
[2025-03-10T09:34:31.916+0100] {logging_mixin.py:188} INFO - [2025-03-10T09:34:31.915+0100] {dag.py:3036} INFO - Sync 1 DAGs
[2025-03-10T09:34:31.934+0100] {logging_mixin.py:188} INFO - [2025-03-10T09:34:31.934+0100] {dag.py:3823} INFO - Setting next_dagrun for latest_only_with_trigger to 2025-03-10 04:00:00+00:00, run_after=2025-03-10 08:00:00+00:00
[2025-03-10T09:34:31.950+0100] {processor.py:183} INFO - Processing /home/philip/de_engineering/airflow_projects/airflow1/venv/lib/python3.10/site-packages/airflow/example_dags/example_latest_only_with_trigger.py took 0.066 seconds
[2025-03-10T09:35:02.145+0100] {processor.py:161} INFO - Started process (PID=150439) to work on /home/philip/de_engineering/airflow_projects/airflow1/venv/lib/python3.10/site-packages/airflow/example_dags/example_latest_only_with_trigger.py
[2025-03-10T09:35:02.147+0100] {processor.py:830} INFO - Processing file /home/philip/de_engineering/airflow_projects/airflow1/venv/lib/python3.10/site-packages/airflow/example_dags/example_latest_only_with_trigger.py for tasks to queue
[2025-03-10T09:35:02.148+0100] {logging_mixin.py:188} INFO - [2025-03-10T09:35:02.147+0100] {dagbag.py:538} INFO - Filling up the DagBag from /home/philip/de_engineering/airflow_projects/airflow1/venv/lib/python3.10/site-packages/airflow/example_dags/example_latest_only_with_trigger.py
[2025-03-10T09:35:02.152+0100] {processor.py:840} INFO - DAG(s) 'latest_only_with_trigger' retrieved from /home/philip/de_engineering/airflow_projects/airflow1/venv/lib/python3.10/site-packages/airflow/example_dags/example_latest_only_with_trigger.py
[2025-03-10T09:35:02.172+0100] {logging_mixin.py:188} INFO - [2025-03-10T09:35:02.172+0100] {dag.py:3036} INFO - Sync 1 DAGs
[2025-03-10T09:35:02.188+0100] {logging_mixin.py:188} INFO - [2025-03-10T09:35:02.188+0100] {dag.py:3823} INFO - Setting next_dagrun for latest_only_with_trigger to 2025-03-10 04:00:00+00:00, run_after=2025-03-10 08:00:00+00:00
[2025-03-10T09:35:02.202+0100] {processor.py:183} INFO - Processing /home/philip/de_engineering/airflow_projects/airflow1/venv/lib/python3.10/site-packages/airflow/example_dags/example_latest_only_with_trigger.py took 0.061 seconds
[2025-03-10T09:35:32.391+0100] {processor.py:161} INFO - Started process (PID=150821) to work on /home/philip/de_engineering/airflow_projects/airflow1/venv/lib/python3.10/site-packages/airflow/example_dags/example_latest_only_with_trigger.py
[2025-03-10T09:35:32.393+0100] {processor.py:830} INFO - Processing file /home/philip/de_engineering/airflow_projects/airflow1/venv/lib/python3.10/site-packages/airflow/example_dags/example_latest_only_with_trigger.py for tasks to queue
[2025-03-10T09:35:32.393+0100] {logging_mixin.py:188} INFO - [2025-03-10T09:35:32.393+0100] {dagbag.py:538} INFO - Filling up the DagBag from /home/philip/de_engineering/airflow_projects/airflow1/venv/lib/python3.10/site-packages/airflow/example_dags/example_latest_only_with_trigger.py
[2025-03-10T09:35:32.398+0100] {processor.py:840} INFO - DAG(s) 'latest_only_with_trigger' retrieved from /home/philip/de_engineering/airflow_projects/airflow1/venv/lib/python3.10/site-packages/airflow/example_dags/example_latest_only_with_trigger.py
[2025-03-10T09:35:32.421+0100] {logging_mixin.py:188} INFO - [2025-03-10T09:35:32.421+0100] {dag.py:3036} INFO - Sync 1 DAGs
[2025-03-10T09:35:32.438+0100] {logging_mixin.py:188} INFO - [2025-03-10T09:35:32.438+0100] {dag.py:3823} INFO - Setting next_dagrun for latest_only_with_trigger to 2025-03-10 04:00:00+00:00, run_after=2025-03-10 08:00:00+00:00
[2025-03-10T09:35:32.452+0100] {processor.py:183} INFO - Processing /home/philip/de_engineering/airflow_projects/airflow1/venv/lib/python3.10/site-packages/airflow/example_dags/example_latest_only_with_trigger.py took 0.063 seconds
[2025-03-10T09:36:02.571+0100] {processor.py:161} INFO - Started process (PID=151194) to work on /home/philip/de_engineering/airflow_projects/airflow1/venv/lib/python3.10/site-packages/airflow/example_dags/example_latest_only_with_trigger.py
[2025-03-10T09:36:02.573+0100] {processor.py:830} INFO - Processing file /home/philip/de_engineering/airflow_projects/airflow1/venv/lib/python3.10/site-packages/airflow/example_dags/example_latest_only_with_trigger.py for tasks to queue
[2025-03-10T09:36:02.573+0100] {logging_mixin.py:188} INFO - [2025-03-10T09:36:02.573+0100] {dagbag.py:538} INFO - Filling up the DagBag from /home/philip/de_engineering/airflow_projects/airflow1/venv/lib/python3.10/site-packages/airflow/example_dags/example_latest_only_with_trigger.py
[2025-03-10T09:36:02.578+0100] {processor.py:840} INFO - DAG(s) 'latest_only_with_trigger' retrieved from /home/philip/de_engineering/airflow_projects/airflow1/venv/lib/python3.10/site-packages/airflow/example_dags/example_latest_only_with_trigger.py
[2025-03-10T09:36:02.599+0100] {logging_mixin.py:188} INFO - [2025-03-10T09:36:02.599+0100] {dag.py:3036} INFO - Sync 1 DAGs
[2025-03-10T09:36:02.618+0100] {logging_mixin.py:188} INFO - [2025-03-10T09:36:02.618+0100] {dag.py:3823} INFO - Setting next_dagrun for latest_only_with_trigger to 2025-03-10 04:00:00+00:00, run_after=2025-03-10 08:00:00+00:00
[2025-03-10T09:36:02.634+0100] {processor.py:183} INFO - Processing /home/philip/de_engineering/airflow_projects/airflow1/venv/lib/python3.10/site-packages/airflow/example_dags/example_latest_only_with_trigger.py took 0.065 seconds
