[2025-03-10T09:14:23.866+0100] {processor.py:161} INFO - Started process (PID=136851) to work on /home/philip/de_engineering/airflow_projects/airflow1/venv/lib/python3.10/site-packages/airflow/example_dags/tutorial_taskflow_api.py
[2025-03-10T09:14:23.867+0100] {processor.py:830} INFO - Processing file /home/philip/de_engineering/airflow_projects/airflow1/venv/lib/python3.10/site-packages/airflow/example_dags/tutorial_taskflow_api.py for tasks to queue
[2025-03-10T09:14:23.867+0100] {logging_mixin.py:188} INFO - [2025-03-10T09:14:23.867+0100] {dagbag.py:538} INFO - Filling up the DagBag from /home/philip/de_engineering/airflow_projects/airflow1/venv/lib/python3.10/site-packages/airflow/example_dags/tutorial_taskflow_api.py
[2025-03-10T09:14:23.874+0100] {processor.py:840} INFO - DAG(s) 'tutorial_taskflow_api' retrieved from /home/philip/de_engineering/airflow_projects/airflow1/venv/lib/python3.10/site-packages/airflow/example_dags/tutorial_taskflow_api.py
[2025-03-10T09:14:23.953+0100] {logging_mixin.py:188} INFO - [2025-03-10T09:14:23.952+0100] {override.py:1769} INFO - Created Permission View: can read on DAG:tutorial_taskflow_api
[2025-03-10T09:14:23.959+0100] {logging_mixin.py:188} INFO - [2025-03-10T09:14:23.959+0100] {override.py:1769} INFO - Created Permission View: can delete on DAG:tutorial_taskflow_api
[2025-03-10T09:14:23.964+0100] {logging_mixin.py:188} INFO - [2025-03-10T09:14:23.964+0100] {override.py:1769} INFO - Created Permission View: can edit on DAG:tutorial_taskflow_api
[2025-03-10T09:14:23.964+0100] {logging_mixin.py:188} INFO - [2025-03-10T09:14:23.964+0100] {dag.py:3036} INFO - Sync 1 DAGs
[2025-03-10T09:14:23.974+0100] {logging_mixin.py:188} INFO - [2025-03-10T09:14:23.973+0100] {dag.py:3058} INFO - Creating ORM DAG for tutorial_taskflow_api
[2025-03-10T09:14:23.974+0100] {logging_mixin.py:188} INFO - [2025-03-10T09:14:23.974+0100] {dag.py:3823} INFO - Setting next_dagrun for tutorial_taskflow_api to None, run_after=None
[2025-03-10T09:14:23.986+0100] {processor.py:183} INFO - Processing /home/philip/de_engineering/airflow_projects/airflow1/venv/lib/python3.10/site-packages/airflow/example_dags/tutorial_taskflow_api.py took 0.122 seconds
[2025-03-10T09:14:55.135+0100] {processor.py:161} INFO - Started process (PID=136963) to work on /home/philip/de_engineering/airflow_projects/airflow1/venv/lib/python3.10/site-packages/airflow/example_dags/tutorial_taskflow_api.py
[2025-03-10T09:14:55.136+0100] {processor.py:830} INFO - Processing file /home/philip/de_engineering/airflow_projects/airflow1/venv/lib/python3.10/site-packages/airflow/example_dags/tutorial_taskflow_api.py for tasks to queue
[2025-03-10T09:14:55.137+0100] {logging_mixin.py:188} INFO - [2025-03-10T09:14:55.136+0100] {dagbag.py:538} INFO - Filling up the DagBag from /home/philip/de_engineering/airflow_projects/airflow1/venv/lib/python3.10/site-packages/airflow/example_dags/tutorial_taskflow_api.py
[2025-03-10T09:14:55.142+0100] {processor.py:840} INFO - DAG(s) 'tutorial_taskflow_api' retrieved from /home/philip/de_engineering/airflow_projects/airflow1/venv/lib/python3.10/site-packages/airflow/example_dags/tutorial_taskflow_api.py
[2025-03-10T09:14:55.162+0100] {logging_mixin.py:188} INFO - [2025-03-10T09:14:55.162+0100] {dag.py:3036} INFO - Sync 1 DAGs
[2025-03-10T09:14:55.172+0100] {logging_mixin.py:188} INFO - [2025-03-10T09:14:55.172+0100] {dag.py:3823} INFO - Setting next_dagrun for tutorial_taskflow_api to None, run_after=None
[2025-03-10T09:14:55.186+0100] {processor.py:183} INFO - Processing /home/philip/de_engineering/airflow_projects/airflow1/venv/lib/python3.10/site-packages/airflow/example_dags/tutorial_taskflow_api.py took 0.053 seconds
[2025-03-10T09:15:25.321+0100] {processor.py:161} INFO - Started process (PID=137064) to work on /home/philip/de_engineering/airflow_projects/airflow1/venv/lib/python3.10/site-packages/airflow/example_dags/tutorial_taskflow_api.py
[2025-03-10T09:15:25.322+0100] {processor.py:830} INFO - Processing file /home/philip/de_engineering/airflow_projects/airflow1/venv/lib/python3.10/site-packages/airflow/example_dags/tutorial_taskflow_api.py for tasks to queue
[2025-03-10T09:15:25.323+0100] {logging_mixin.py:188} INFO - [2025-03-10T09:15:25.323+0100] {dagbag.py:538} INFO - Filling up the DagBag from /home/philip/de_engineering/airflow_projects/airflow1/venv/lib/python3.10/site-packages/airflow/example_dags/tutorial_taskflow_api.py
[2025-03-10T09:15:25.328+0100] {processor.py:840} INFO - DAG(s) 'tutorial_taskflow_api' retrieved from /home/philip/de_engineering/airflow_projects/airflow1/venv/lib/python3.10/site-packages/airflow/example_dags/tutorial_taskflow_api.py
[2025-03-10T09:15:25.348+0100] {logging_mixin.py:188} INFO - [2025-03-10T09:15:25.347+0100] {dag.py:3036} INFO - Sync 1 DAGs
[2025-03-10T09:15:25.357+0100] {logging_mixin.py:188} INFO - [2025-03-10T09:15:25.357+0100] {dag.py:3823} INFO - Setting next_dagrun for tutorial_taskflow_api to None, run_after=None
[2025-03-10T09:15:25.371+0100] {processor.py:183} INFO - Processing /home/philip/de_engineering/airflow_projects/airflow1/venv/lib/python3.10/site-packages/airflow/example_dags/tutorial_taskflow_api.py took 0.052 seconds
[2025-03-10T09:15:55.561+0100] {processor.py:161} INFO - Started process (PID=137165) to work on /home/philip/de_engineering/airflow_projects/airflow1/venv/lib/python3.10/site-packages/airflow/example_dags/tutorial_taskflow_api.py
[2025-03-10T09:15:55.562+0100] {processor.py:830} INFO - Processing file /home/philip/de_engineering/airflow_projects/airflow1/venv/lib/python3.10/site-packages/airflow/example_dags/tutorial_taskflow_api.py for tasks to queue
[2025-03-10T09:15:55.563+0100] {logging_mixin.py:188} INFO - [2025-03-10T09:15:55.562+0100] {dagbag.py:538} INFO - Filling up the DagBag from /home/philip/de_engineering/airflow_projects/airflow1/venv/lib/python3.10/site-packages/airflow/example_dags/tutorial_taskflow_api.py
[2025-03-10T09:15:55.568+0100] {processor.py:840} INFO - DAG(s) 'tutorial_taskflow_api' retrieved from /home/philip/de_engineering/airflow_projects/airflow1/venv/lib/python3.10/site-packages/airflow/example_dags/tutorial_taskflow_api.py
[2025-03-10T09:15:55.594+0100] {logging_mixin.py:188} INFO - [2025-03-10T09:15:55.594+0100] {dag.py:3036} INFO - Sync 1 DAGs
[2025-03-10T09:15:55.607+0100] {logging_mixin.py:188} INFO - [2025-03-10T09:15:55.607+0100] {dag.py:3823} INFO - Setting next_dagrun for tutorial_taskflow_api to None, run_after=None
[2025-03-10T09:15:55.627+0100] {processor.py:183} INFO - Processing /home/philip/de_engineering/airflow_projects/airflow1/venv/lib/python3.10/site-packages/airflow/example_dags/tutorial_taskflow_api.py took 0.069 seconds
[2025-03-10T09:16:26.145+0100] {processor.py:161} INFO - Started process (PID=137541) to work on /home/philip/de_engineering/airflow_projects/airflow1/venv/lib/python3.10/site-packages/airflow/example_dags/tutorial_taskflow_api.py
[2025-03-10T09:16:26.146+0100] {processor.py:830} INFO - Processing file /home/philip/de_engineering/airflow_projects/airflow1/venv/lib/python3.10/site-packages/airflow/example_dags/tutorial_taskflow_api.py for tasks to queue
[2025-03-10T09:16:26.147+0100] {logging_mixin.py:188} INFO - [2025-03-10T09:16:26.147+0100] {dagbag.py:538} INFO - Filling up the DagBag from /home/philip/de_engineering/airflow_projects/airflow1/venv/lib/python3.10/site-packages/airflow/example_dags/tutorial_taskflow_api.py
[2025-03-10T09:16:26.152+0100] {processor.py:840} INFO - DAG(s) 'tutorial_taskflow_api' retrieved from /home/philip/de_engineering/airflow_projects/airflow1/venv/lib/python3.10/site-packages/airflow/example_dags/tutorial_taskflow_api.py
[2025-03-10T09:16:26.171+0100] {logging_mixin.py:188} INFO - [2025-03-10T09:16:26.171+0100] {dag.py:3036} INFO - Sync 1 DAGs
[2025-03-10T09:16:26.181+0100] {logging_mixin.py:188} INFO - [2025-03-10T09:16:26.181+0100] {dag.py:3823} INFO - Setting next_dagrun for tutorial_taskflow_api to None, run_after=None
[2025-03-10T09:16:26.195+0100] {processor.py:183} INFO - Processing /home/philip/de_engineering/airflow_projects/airflow1/venv/lib/python3.10/site-packages/airflow/example_dags/tutorial_taskflow_api.py took 0.054 seconds
[2025-03-10T09:16:56.273+0100] {processor.py:161} INFO - Started process (PID=137730) to work on /home/philip/de_engineering/airflow_projects/airflow1/venv/lib/python3.10/site-packages/airflow/example_dags/tutorial_taskflow_api.py
[2025-03-10T09:16:56.274+0100] {processor.py:830} INFO - Processing file /home/philip/de_engineering/airflow_projects/airflow1/venv/lib/python3.10/site-packages/airflow/example_dags/tutorial_taskflow_api.py for tasks to queue
[2025-03-10T09:16:56.275+0100] {logging_mixin.py:188} INFO - [2025-03-10T09:16:56.274+0100] {dagbag.py:538} INFO - Filling up the DagBag from /home/philip/de_engineering/airflow_projects/airflow1/venv/lib/python3.10/site-packages/airflow/example_dags/tutorial_taskflow_api.py
[2025-03-10T09:16:56.279+0100] {processor.py:840} INFO - DAG(s) 'tutorial_taskflow_api' retrieved from /home/philip/de_engineering/airflow_projects/airflow1/venv/lib/python3.10/site-packages/airflow/example_dags/tutorial_taskflow_api.py
[2025-03-10T09:16:56.298+0100] {logging_mixin.py:188} INFO - [2025-03-10T09:16:56.298+0100] {dag.py:3036} INFO - Sync 1 DAGs
[2025-03-10T09:16:56.308+0100] {logging_mixin.py:188} INFO - [2025-03-10T09:16:56.308+0100] {dag.py:3823} INFO - Setting next_dagrun for tutorial_taskflow_api to None, run_after=None
[2025-03-10T09:16:56.323+0100] {processor.py:183} INFO - Processing /home/philip/de_engineering/airflow_projects/airflow1/venv/lib/python3.10/site-packages/airflow/example_dags/tutorial_taskflow_api.py took 0.053 seconds
[2025-03-10T09:17:26.551+0100] {processor.py:161} INFO - Started process (PID=137916) to work on /home/philip/de_engineering/airflow_projects/airflow1/venv/lib/python3.10/site-packages/airflow/example_dags/tutorial_taskflow_api.py
[2025-03-10T09:17:26.553+0100] {processor.py:830} INFO - Processing file /home/philip/de_engineering/airflow_projects/airflow1/venv/lib/python3.10/site-packages/airflow/example_dags/tutorial_taskflow_api.py for tasks to queue
[2025-03-10T09:17:26.553+0100] {logging_mixin.py:188} INFO - [2025-03-10T09:17:26.553+0100] {dagbag.py:538} INFO - Filling up the DagBag from /home/philip/de_engineering/airflow_projects/airflow1/venv/lib/python3.10/site-packages/airflow/example_dags/tutorial_taskflow_api.py
[2025-03-10T09:17:26.559+0100] {processor.py:840} INFO - DAG(s) 'tutorial_taskflow_api' retrieved from /home/philip/de_engineering/airflow_projects/airflow1/venv/lib/python3.10/site-packages/airflow/example_dags/tutorial_taskflow_api.py
[2025-03-10T09:17:26.579+0100] {logging_mixin.py:188} INFO - [2025-03-10T09:17:26.578+0100] {dag.py:3036} INFO - Sync 1 DAGs
[2025-03-10T09:17:26.589+0100] {logging_mixin.py:188} INFO - [2025-03-10T09:17:26.589+0100] {dag.py:3823} INFO - Setting next_dagrun for tutorial_taskflow_api to None, run_after=None
[2025-03-10T09:17:26.603+0100] {processor.py:183} INFO - Processing /home/philip/de_engineering/airflow_projects/airflow1/venv/lib/python3.10/site-packages/airflow/example_dags/tutorial_taskflow_api.py took 0.054 seconds
[2025-03-10T09:19:20.656+0100] {processor.py:161} INFO - Started process (PID=138511) to work on /home/philip/de_engineering/airflow_projects/airflow1/venv/lib/python3.10/site-packages/airflow/example_dags/tutorial_taskflow_api.py
[2025-03-10T09:19:20.657+0100] {processor.py:830} INFO - Processing file /home/philip/de_engineering/airflow_projects/airflow1/venv/lib/python3.10/site-packages/airflow/example_dags/tutorial_taskflow_api.py for tasks to queue
[2025-03-10T09:19:20.658+0100] {logging_mixin.py:188} INFO - [2025-03-10T09:19:20.657+0100] {dagbag.py:538} INFO - Filling up the DagBag from /home/philip/de_engineering/airflow_projects/airflow1/venv/lib/python3.10/site-packages/airflow/example_dags/tutorial_taskflow_api.py
[2025-03-10T09:19:20.665+0100] {processor.py:840} INFO - DAG(s) 'tutorial_taskflow_api' retrieved from /home/philip/de_engineering/airflow_projects/airflow1/venv/lib/python3.10/site-packages/airflow/example_dags/tutorial_taskflow_api.py
[2025-03-10T09:19:20.749+0100] {logging_mixin.py:188} INFO - [2025-03-10T09:19:20.749+0100] {dag.py:3036} INFO - Sync 1 DAGs
[2025-03-10T09:19:20.759+0100] {logging_mixin.py:188} INFO - [2025-03-10T09:19:20.759+0100] {dag.py:3823} INFO - Setting next_dagrun for tutorial_taskflow_api to None, run_after=None
[2025-03-10T09:19:20.782+0100] {processor.py:183} INFO - Processing /home/philip/de_engineering/airflow_projects/airflow1/venv/lib/python3.10/site-packages/airflow/example_dags/tutorial_taskflow_api.py took 0.129 seconds
[2025-03-10T09:19:51.062+0100] {processor.py:161} INFO - Started process (PID=138851) to work on /home/philip/de_engineering/airflow_projects/airflow1/venv/lib/python3.10/site-packages/airflow/example_dags/tutorial_taskflow_api.py
[2025-03-10T09:19:51.062+0100] {processor.py:830} INFO - Processing file /home/philip/de_engineering/airflow_projects/airflow1/venv/lib/python3.10/site-packages/airflow/example_dags/tutorial_taskflow_api.py for tasks to queue
[2025-03-10T09:19:51.063+0100] {logging_mixin.py:188} INFO - [2025-03-10T09:19:51.063+0100] {dagbag.py:538} INFO - Filling up the DagBag from /home/philip/de_engineering/airflow_projects/airflow1/venv/lib/python3.10/site-packages/airflow/example_dags/tutorial_taskflow_api.py
[2025-03-10T09:19:51.068+0100] {processor.py:840} INFO - DAG(s) 'tutorial_taskflow_api' retrieved from /home/philip/de_engineering/airflow_projects/airflow1/venv/lib/python3.10/site-packages/airflow/example_dags/tutorial_taskflow_api.py
[2025-03-10T09:19:51.090+0100] {logging_mixin.py:188} INFO - [2025-03-10T09:19:51.090+0100] {dag.py:3036} INFO - Sync 1 DAGs
[2025-03-10T09:19:51.101+0100] {logging_mixin.py:188} INFO - [2025-03-10T09:19:51.101+0100] {dag.py:3823} INFO - Setting next_dagrun for tutorial_taskflow_api to None, run_after=None
[2025-03-10T09:19:51.119+0100] {processor.py:183} INFO - Processing /home/philip/de_engineering/airflow_projects/airflow1/venv/lib/python3.10/site-packages/airflow/example_dags/tutorial_taskflow_api.py took 0.060 seconds
[2025-03-10T09:20:21.546+0100] {processor.py:161} INFO - Started process (PID=139226) to work on /home/philip/de_engineering/airflow_projects/airflow1/venv/lib/python3.10/site-packages/airflow/example_dags/tutorial_taskflow_api.py
[2025-03-10T09:20:21.548+0100] {processor.py:830} INFO - Processing file /home/philip/de_engineering/airflow_projects/airflow1/venv/lib/python3.10/site-packages/airflow/example_dags/tutorial_taskflow_api.py for tasks to queue
[2025-03-10T09:20:21.548+0100] {logging_mixin.py:188} INFO - [2025-03-10T09:20:21.548+0100] {dagbag.py:538} INFO - Filling up the DagBag from /home/philip/de_engineering/airflow_projects/airflow1/venv/lib/python3.10/site-packages/airflow/example_dags/tutorial_taskflow_api.py
[2025-03-10T09:20:21.553+0100] {processor.py:840} INFO - DAG(s) 'tutorial_taskflow_api' retrieved from /home/philip/de_engineering/airflow_projects/airflow1/venv/lib/python3.10/site-packages/airflow/example_dags/tutorial_taskflow_api.py
[2025-03-10T09:20:21.573+0100] {logging_mixin.py:188} INFO - [2025-03-10T09:20:21.573+0100] {dag.py:3036} INFO - Sync 1 DAGs
[2025-03-10T09:20:21.582+0100] {logging_mixin.py:188} INFO - [2025-03-10T09:20:21.582+0100] {dag.py:3823} INFO - Setting next_dagrun for tutorial_taskflow_api to None, run_after=None
[2025-03-10T09:20:21.597+0100] {processor.py:183} INFO - Processing /home/philip/de_engineering/airflow_projects/airflow1/venv/lib/python3.10/site-packages/airflow/example_dags/tutorial_taskflow_api.py took 0.053 seconds
[2025-03-10T09:20:52.075+0100] {processor.py:161} INFO - Started process (PID=139606) to work on /home/philip/de_engineering/airflow_projects/airflow1/venv/lib/python3.10/site-packages/airflow/example_dags/tutorial_taskflow_api.py
[2025-03-10T09:20:52.076+0100] {processor.py:830} INFO - Processing file /home/philip/de_engineering/airflow_projects/airflow1/venv/lib/python3.10/site-packages/airflow/example_dags/tutorial_taskflow_api.py for tasks to queue
[2025-03-10T09:20:52.077+0100] {logging_mixin.py:188} INFO - [2025-03-10T09:20:52.077+0100] {dagbag.py:538} INFO - Filling up the DagBag from /home/philip/de_engineering/airflow_projects/airflow1/venv/lib/python3.10/site-packages/airflow/example_dags/tutorial_taskflow_api.py
[2025-03-10T09:20:52.086+0100] {processor.py:840} INFO - DAG(s) 'tutorial_taskflow_api' retrieved from /home/philip/de_engineering/airflow_projects/airflow1/venv/lib/python3.10/site-packages/airflow/example_dags/tutorial_taskflow_api.py
[2025-03-10T09:20:52.117+0100] {logging_mixin.py:188} INFO - [2025-03-10T09:20:52.116+0100] {dag.py:3036} INFO - Sync 1 DAGs
[2025-03-10T09:20:52.131+0100] {logging_mixin.py:188} INFO - [2025-03-10T09:20:52.131+0100] {dag.py:3823} INFO - Setting next_dagrun for tutorial_taskflow_api to None, run_after=None
[2025-03-10T09:20:52.153+0100] {processor.py:183} INFO - Processing /home/philip/de_engineering/airflow_projects/airflow1/venv/lib/python3.10/site-packages/airflow/example_dags/tutorial_taskflow_api.py took 0.081 seconds
[2025-03-10T09:21:22.521+0100] {processor.py:161} INFO - Started process (PID=139989) to work on /home/philip/de_engineering/airflow_projects/airflow1/venv/lib/python3.10/site-packages/airflow/example_dags/tutorial_taskflow_api.py
[2025-03-10T09:21:22.522+0100] {processor.py:830} INFO - Processing file /home/philip/de_engineering/airflow_projects/airflow1/venv/lib/python3.10/site-packages/airflow/example_dags/tutorial_taskflow_api.py for tasks to queue
[2025-03-10T09:21:22.523+0100] {logging_mixin.py:188} INFO - [2025-03-10T09:21:22.523+0100] {dagbag.py:538} INFO - Filling up the DagBag from /home/philip/de_engineering/airflow_projects/airflow1/venv/lib/python3.10/site-packages/airflow/example_dags/tutorial_taskflow_api.py
[2025-03-10T09:21:22.529+0100] {processor.py:840} INFO - DAG(s) 'tutorial_taskflow_api' retrieved from /home/philip/de_engineering/airflow_projects/airflow1/venv/lib/python3.10/site-packages/airflow/example_dags/tutorial_taskflow_api.py
[2025-03-10T09:21:22.549+0100] {logging_mixin.py:188} INFO - [2025-03-10T09:21:22.548+0100] {dag.py:3036} INFO - Sync 1 DAGs
[2025-03-10T09:21:22.558+0100] {logging_mixin.py:188} INFO - [2025-03-10T09:21:22.558+0100] {dag.py:3823} INFO - Setting next_dagrun for tutorial_taskflow_api to None, run_after=None
[2025-03-10T09:21:22.573+0100] {processor.py:183} INFO - Processing /home/philip/de_engineering/airflow_projects/airflow1/venv/lib/python3.10/site-packages/airflow/example_dags/tutorial_taskflow_api.py took 0.054 seconds
[2025-03-10T09:21:52.806+0100] {processor.py:161} INFO - Started process (PID=140365) to work on /home/philip/de_engineering/airflow_projects/airflow1/venv/lib/python3.10/site-packages/airflow/example_dags/tutorial_taskflow_api.py
[2025-03-10T09:21:52.807+0100] {processor.py:830} INFO - Processing file /home/philip/de_engineering/airflow_projects/airflow1/venv/lib/python3.10/site-packages/airflow/example_dags/tutorial_taskflow_api.py for tasks to queue
[2025-03-10T09:21:52.808+0100] {logging_mixin.py:188} INFO - [2025-03-10T09:21:52.808+0100] {dagbag.py:538} INFO - Filling up the DagBag from /home/philip/de_engineering/airflow_projects/airflow1/venv/lib/python3.10/site-packages/airflow/example_dags/tutorial_taskflow_api.py
[2025-03-10T09:21:52.814+0100] {processor.py:840} INFO - DAG(s) 'tutorial_taskflow_api' retrieved from /home/philip/de_engineering/airflow_projects/airflow1/venv/lib/python3.10/site-packages/airflow/example_dags/tutorial_taskflow_api.py
[2025-03-10T09:21:52.837+0100] {logging_mixin.py:188} INFO - [2025-03-10T09:21:52.837+0100] {dag.py:3036} INFO - Sync 1 DAGs
[2025-03-10T09:21:52.850+0100] {logging_mixin.py:188} INFO - [2025-03-10T09:21:52.849+0100] {dag.py:3823} INFO - Setting next_dagrun for tutorial_taskflow_api to None, run_after=None
[2025-03-10T09:21:52.871+0100] {processor.py:183} INFO - Processing /home/philip/de_engineering/airflow_projects/airflow1/venv/lib/python3.10/site-packages/airflow/example_dags/tutorial_taskflow_api.py took 0.067 seconds
[2025-03-10T09:22:23.074+0100] {processor.py:161} INFO - Started process (PID=140746) to work on /home/philip/de_engineering/airflow_projects/airflow1/venv/lib/python3.10/site-packages/airflow/example_dags/tutorial_taskflow_api.py
[2025-03-10T09:22:23.075+0100] {processor.py:830} INFO - Processing file /home/philip/de_engineering/airflow_projects/airflow1/venv/lib/python3.10/site-packages/airflow/example_dags/tutorial_taskflow_api.py for tasks to queue
[2025-03-10T09:22:23.076+0100] {logging_mixin.py:188} INFO - [2025-03-10T09:22:23.076+0100] {dagbag.py:538} INFO - Filling up the DagBag from /home/philip/de_engineering/airflow_projects/airflow1/venv/lib/python3.10/site-packages/airflow/example_dags/tutorial_taskflow_api.py
[2025-03-10T09:22:23.082+0100] {processor.py:840} INFO - DAG(s) 'tutorial_taskflow_api' retrieved from /home/philip/de_engineering/airflow_projects/airflow1/venv/lib/python3.10/site-packages/airflow/example_dags/tutorial_taskflow_api.py
[2025-03-10T09:22:23.102+0100] {logging_mixin.py:188} INFO - [2025-03-10T09:22:23.102+0100] {dag.py:3036} INFO - Sync 1 DAGs
[2025-03-10T09:22:23.111+0100] {logging_mixin.py:188} INFO - [2025-03-10T09:22:23.111+0100] {dag.py:3823} INFO - Setting next_dagrun for tutorial_taskflow_api to None, run_after=None
[2025-03-10T09:22:23.126+0100] {processor.py:183} INFO - Processing /home/philip/de_engineering/airflow_projects/airflow1/venv/lib/python3.10/site-packages/airflow/example_dags/tutorial_taskflow_api.py took 0.055 seconds
[2025-03-10T09:22:53.254+0100] {processor.py:161} INFO - Started process (PID=141120) to work on /home/philip/de_engineering/airflow_projects/airflow1/venv/lib/python3.10/site-packages/airflow/example_dags/tutorial_taskflow_api.py
[2025-03-10T09:22:53.256+0100] {processor.py:830} INFO - Processing file /home/philip/de_engineering/airflow_projects/airflow1/venv/lib/python3.10/site-packages/airflow/example_dags/tutorial_taskflow_api.py for tasks to queue
[2025-03-10T09:22:53.257+0100] {logging_mixin.py:188} INFO - [2025-03-10T09:22:53.256+0100] {dagbag.py:538} INFO - Filling up the DagBag from /home/philip/de_engineering/airflow_projects/airflow1/venv/lib/python3.10/site-packages/airflow/example_dags/tutorial_taskflow_api.py
[2025-03-10T09:22:53.262+0100] {processor.py:840} INFO - DAG(s) 'tutorial_taskflow_api' retrieved from /home/philip/de_engineering/airflow_projects/airflow1/venv/lib/python3.10/site-packages/airflow/example_dags/tutorial_taskflow_api.py
[2025-03-10T09:22:53.282+0100] {logging_mixin.py:188} INFO - [2025-03-10T09:22:53.282+0100] {dag.py:3036} INFO - Sync 1 DAGs
[2025-03-10T09:22:53.292+0100] {logging_mixin.py:188} INFO - [2025-03-10T09:22:53.291+0100] {dag.py:3823} INFO - Setting next_dagrun for tutorial_taskflow_api to None, run_after=None
[2025-03-10T09:22:53.306+0100] {processor.py:183} INFO - Processing /home/philip/de_engineering/airflow_projects/airflow1/venv/lib/python3.10/site-packages/airflow/example_dags/tutorial_taskflow_api.py took 0.054 seconds
[2025-03-10T09:23:23.518+0100] {processor.py:161} INFO - Started process (PID=141503) to work on /home/philip/de_engineering/airflow_projects/airflow1/venv/lib/python3.10/site-packages/airflow/example_dags/tutorial_taskflow_api.py
[2025-03-10T09:23:23.519+0100] {processor.py:830} INFO - Processing file /home/philip/de_engineering/airflow_projects/airflow1/venv/lib/python3.10/site-packages/airflow/example_dags/tutorial_taskflow_api.py for tasks to queue
[2025-03-10T09:23:23.520+0100] {logging_mixin.py:188} INFO - [2025-03-10T09:23:23.520+0100] {dagbag.py:538} INFO - Filling up the DagBag from /home/philip/de_engineering/airflow_projects/airflow1/venv/lib/python3.10/site-packages/airflow/example_dags/tutorial_taskflow_api.py
[2025-03-10T09:23:23.526+0100] {processor.py:840} INFO - DAG(s) 'tutorial_taskflow_api' retrieved from /home/philip/de_engineering/airflow_projects/airflow1/venv/lib/python3.10/site-packages/airflow/example_dags/tutorial_taskflow_api.py
[2025-03-10T09:23:23.546+0100] {logging_mixin.py:188} INFO - [2025-03-10T09:23:23.546+0100] {dag.py:3036} INFO - Sync 1 DAGs
[2025-03-10T09:23:23.556+0100] {logging_mixin.py:188} INFO - [2025-03-10T09:23:23.555+0100] {dag.py:3823} INFO - Setting next_dagrun for tutorial_taskflow_api to None, run_after=None
[2025-03-10T09:23:23.570+0100] {processor.py:183} INFO - Processing /home/philip/de_engineering/airflow_projects/airflow1/venv/lib/python3.10/site-packages/airflow/example_dags/tutorial_taskflow_api.py took 0.055 seconds
[2025-03-10T09:23:53.865+0100] {processor.py:161} INFO - Started process (PID=141884) to work on /home/philip/de_engineering/airflow_projects/airflow1/venv/lib/python3.10/site-packages/airflow/example_dags/tutorial_taskflow_api.py
[2025-03-10T09:23:53.866+0100] {processor.py:830} INFO - Processing file /home/philip/de_engineering/airflow_projects/airflow1/venv/lib/python3.10/site-packages/airflow/example_dags/tutorial_taskflow_api.py for tasks to queue
[2025-03-10T09:23:53.867+0100] {logging_mixin.py:188} INFO - [2025-03-10T09:23:53.867+0100] {dagbag.py:538} INFO - Filling up the DagBag from /home/philip/de_engineering/airflow_projects/airflow1/venv/lib/python3.10/site-packages/airflow/example_dags/tutorial_taskflow_api.py
[2025-03-10T09:23:53.873+0100] {processor.py:840} INFO - DAG(s) 'tutorial_taskflow_api' retrieved from /home/philip/de_engineering/airflow_projects/airflow1/venv/lib/python3.10/site-packages/airflow/example_dags/tutorial_taskflow_api.py
[2025-03-10T09:23:53.895+0100] {logging_mixin.py:188} INFO - [2025-03-10T09:23:53.895+0100] {dag.py:3036} INFO - Sync 1 DAGs
[2025-03-10T09:23:53.906+0100] {logging_mixin.py:188} INFO - [2025-03-10T09:23:53.906+0100] {dag.py:3823} INFO - Setting next_dagrun for tutorial_taskflow_api to None, run_after=None
[2025-03-10T09:23:53.922+0100] {processor.py:183} INFO - Processing /home/philip/de_engineering/airflow_projects/airflow1/venv/lib/python3.10/site-packages/airflow/example_dags/tutorial_taskflow_api.py took 0.060 seconds
[2025-03-10T09:24:24.173+0100] {processor.py:161} INFO - Started process (PID=142259) to work on /home/philip/de_engineering/airflow_projects/airflow1/venv/lib/python3.10/site-packages/airflow/example_dags/tutorial_taskflow_api.py
[2025-03-10T09:24:24.174+0100] {processor.py:830} INFO - Processing file /home/philip/de_engineering/airflow_projects/airflow1/venv/lib/python3.10/site-packages/airflow/example_dags/tutorial_taskflow_api.py for tasks to queue
[2025-03-10T09:24:24.175+0100] {logging_mixin.py:188} INFO - [2025-03-10T09:24:24.175+0100] {dagbag.py:538} INFO - Filling up the DagBag from /home/philip/de_engineering/airflow_projects/airflow1/venv/lib/python3.10/site-packages/airflow/example_dags/tutorial_taskflow_api.py
[2025-03-10T09:24:24.180+0100] {processor.py:840} INFO - DAG(s) 'tutorial_taskflow_api' retrieved from /home/philip/de_engineering/airflow_projects/airflow1/venv/lib/python3.10/site-packages/airflow/example_dags/tutorial_taskflow_api.py
[2025-03-10T09:24:24.204+0100] {logging_mixin.py:188} INFO - [2025-03-10T09:24:24.204+0100] {dag.py:3036} INFO - Sync 1 DAGs
[2025-03-10T09:24:24.216+0100] {logging_mixin.py:188} INFO - [2025-03-10T09:24:24.216+0100] {dag.py:3823} INFO - Setting next_dagrun for tutorial_taskflow_api to None, run_after=None
[2025-03-10T09:24:24.234+0100] {processor.py:183} INFO - Processing /home/philip/de_engineering/airflow_projects/airflow1/venv/lib/python3.10/site-packages/airflow/example_dags/tutorial_taskflow_api.py took 0.064 seconds
[2025-03-10T09:24:54.618+0100] {processor.py:161} INFO - Started process (PID=142640) to work on /home/philip/de_engineering/airflow_projects/airflow1/venv/lib/python3.10/site-packages/airflow/example_dags/tutorial_taskflow_api.py
[2025-03-10T09:24:54.619+0100] {processor.py:830} INFO - Processing file /home/philip/de_engineering/airflow_projects/airflow1/venv/lib/python3.10/site-packages/airflow/example_dags/tutorial_taskflow_api.py for tasks to queue
[2025-03-10T09:24:54.620+0100] {logging_mixin.py:188} INFO - [2025-03-10T09:24:54.620+0100] {dagbag.py:538} INFO - Filling up the DagBag from /home/philip/de_engineering/airflow_projects/airflow1/venv/lib/python3.10/site-packages/airflow/example_dags/tutorial_taskflow_api.py
[2025-03-10T09:24:54.625+0100] {processor.py:840} INFO - DAG(s) 'tutorial_taskflow_api' retrieved from /home/philip/de_engineering/airflow_projects/airflow1/venv/lib/python3.10/site-packages/airflow/example_dags/tutorial_taskflow_api.py
[2025-03-10T09:24:54.645+0100] {logging_mixin.py:188} INFO - [2025-03-10T09:24:54.645+0100] {dag.py:3036} INFO - Sync 1 DAGs
[2025-03-10T09:24:54.655+0100] {logging_mixin.py:188} INFO - [2025-03-10T09:24:54.655+0100] {dag.py:3823} INFO - Setting next_dagrun for tutorial_taskflow_api to None, run_after=None
[2025-03-10T09:24:54.670+0100] {processor.py:183} INFO - Processing /home/philip/de_engineering/airflow_projects/airflow1/venv/lib/python3.10/site-packages/airflow/example_dags/tutorial_taskflow_api.py took 0.054 seconds
[2025-03-10T09:25:24.773+0100] {processor.py:161} INFO - Started process (PID=143019) to work on /home/philip/de_engineering/airflow_projects/airflow1/venv/lib/python3.10/site-packages/airflow/example_dags/tutorial_taskflow_api.py
[2025-03-10T09:25:24.774+0100] {processor.py:830} INFO - Processing file /home/philip/de_engineering/airflow_projects/airflow1/venv/lib/python3.10/site-packages/airflow/example_dags/tutorial_taskflow_api.py for tasks to queue
[2025-03-10T09:25:24.774+0100] {logging_mixin.py:188} INFO - [2025-03-10T09:25:24.774+0100] {dagbag.py:538} INFO - Filling up the DagBag from /home/philip/de_engineering/airflow_projects/airflow1/venv/lib/python3.10/site-packages/airflow/example_dags/tutorial_taskflow_api.py
[2025-03-10T09:25:24.780+0100] {processor.py:840} INFO - DAG(s) 'tutorial_taskflow_api' retrieved from /home/philip/de_engineering/airflow_projects/airflow1/venv/lib/python3.10/site-packages/airflow/example_dags/tutorial_taskflow_api.py
[2025-03-10T09:25:24.799+0100] {logging_mixin.py:188} INFO - [2025-03-10T09:25:24.799+0100] {dag.py:3036} INFO - Sync 1 DAGs
[2025-03-10T09:25:24.809+0100] {logging_mixin.py:188} INFO - [2025-03-10T09:25:24.808+0100] {dag.py:3823} INFO - Setting next_dagrun for tutorial_taskflow_api to None, run_after=None
[2025-03-10T09:25:24.823+0100] {processor.py:183} INFO - Processing /home/philip/de_engineering/airflow_projects/airflow1/venv/lib/python3.10/site-packages/airflow/example_dags/tutorial_taskflow_api.py took 0.053 seconds
[2025-03-10T09:25:55.054+0100] {processor.py:161} INFO - Started process (PID=143400) to work on /home/philip/de_engineering/airflow_projects/airflow1/venv/lib/python3.10/site-packages/airflow/example_dags/tutorial_taskflow_api.py
[2025-03-10T09:25:55.055+0100] {processor.py:830} INFO - Processing file /home/philip/de_engineering/airflow_projects/airflow1/venv/lib/python3.10/site-packages/airflow/example_dags/tutorial_taskflow_api.py for tasks to queue
[2025-03-10T09:25:55.056+0100] {logging_mixin.py:188} INFO - [2025-03-10T09:25:55.056+0100] {dagbag.py:538} INFO - Filling up the DagBag from /home/philip/de_engineering/airflow_projects/airflow1/venv/lib/python3.10/site-packages/airflow/example_dags/tutorial_taskflow_api.py
[2025-03-10T09:25:55.061+0100] {processor.py:840} INFO - DAG(s) 'tutorial_taskflow_api' retrieved from /home/philip/de_engineering/airflow_projects/airflow1/venv/lib/python3.10/site-packages/airflow/example_dags/tutorial_taskflow_api.py
[2025-03-10T09:25:55.082+0100] {logging_mixin.py:188} INFO - [2025-03-10T09:25:55.082+0100] {dag.py:3036} INFO - Sync 1 DAGs
[2025-03-10T09:25:55.093+0100] {logging_mixin.py:188} INFO - [2025-03-10T09:25:55.093+0100] {dag.py:3823} INFO - Setting next_dagrun for tutorial_taskflow_api to None, run_after=None
[2025-03-10T09:25:55.110+0100] {processor.py:183} INFO - Processing /home/philip/de_engineering/airflow_projects/airflow1/venv/lib/python3.10/site-packages/airflow/example_dags/tutorial_taskflow_api.py took 0.059 seconds
[2025-03-10T09:26:25.510+0100] {processor.py:161} INFO - Started process (PID=143777) to work on /home/philip/de_engineering/airflow_projects/airflow1/venv/lib/python3.10/site-packages/airflow/example_dags/tutorial_taskflow_api.py
[2025-03-10T09:26:25.511+0100] {processor.py:830} INFO - Processing file /home/philip/de_engineering/airflow_projects/airflow1/venv/lib/python3.10/site-packages/airflow/example_dags/tutorial_taskflow_api.py for tasks to queue
[2025-03-10T09:26:25.512+0100] {logging_mixin.py:188} INFO - [2025-03-10T09:26:25.511+0100] {dagbag.py:538} INFO - Filling up the DagBag from /home/philip/de_engineering/airflow_projects/airflow1/venv/lib/python3.10/site-packages/airflow/example_dags/tutorial_taskflow_api.py
[2025-03-10T09:26:25.517+0100] {processor.py:840} INFO - DAG(s) 'tutorial_taskflow_api' retrieved from /home/philip/de_engineering/airflow_projects/airflow1/venv/lib/python3.10/site-packages/airflow/example_dags/tutorial_taskflow_api.py
[2025-03-10T09:26:25.539+0100] {logging_mixin.py:188} INFO - [2025-03-10T09:26:25.539+0100] {dag.py:3036} INFO - Sync 1 DAGs
[2025-03-10T09:26:25.550+0100] {logging_mixin.py:188} INFO - [2025-03-10T09:26:25.550+0100] {dag.py:3823} INFO - Setting next_dagrun for tutorial_taskflow_api to None, run_after=None
[2025-03-10T09:26:25.570+0100] {processor.py:183} INFO - Processing /home/philip/de_engineering/airflow_projects/airflow1/venv/lib/python3.10/site-packages/airflow/example_dags/tutorial_taskflow_api.py took 0.063 seconds
[2025-03-10T09:26:55.969+0100] {processor.py:161} INFO - Started process (PID=144155) to work on /home/philip/de_engineering/airflow_projects/airflow1/venv/lib/python3.10/site-packages/airflow/example_dags/tutorial_taskflow_api.py
[2025-03-10T09:26:55.970+0100] {processor.py:830} INFO - Processing file /home/philip/de_engineering/airflow_projects/airflow1/venv/lib/python3.10/site-packages/airflow/example_dags/tutorial_taskflow_api.py for tasks to queue
[2025-03-10T09:26:55.972+0100] {logging_mixin.py:188} INFO - [2025-03-10T09:26:55.971+0100] {dagbag.py:538} INFO - Filling up the DagBag from /home/philip/de_engineering/airflow_projects/airflow1/venv/lib/python3.10/site-packages/airflow/example_dags/tutorial_taskflow_api.py
[2025-03-10T09:26:55.978+0100] {processor.py:840} INFO - DAG(s) 'tutorial_taskflow_api' retrieved from /home/philip/de_engineering/airflow_projects/airflow1/venv/lib/python3.10/site-packages/airflow/example_dags/tutorial_taskflow_api.py
[2025-03-10T09:26:55.998+0100] {logging_mixin.py:188} INFO - [2025-03-10T09:26:55.998+0100] {dag.py:3036} INFO - Sync 1 DAGs
[2025-03-10T09:26:56.008+0100] {logging_mixin.py:188} INFO - [2025-03-10T09:26:56.008+0100] {dag.py:3823} INFO - Setting next_dagrun for tutorial_taskflow_api to None, run_after=None
[2025-03-10T09:26:56.022+0100] {processor.py:183} INFO - Processing /home/philip/de_engineering/airflow_projects/airflow1/venv/lib/python3.10/site-packages/airflow/example_dags/tutorial_taskflow_api.py took 0.057 seconds
[2025-03-10T09:27:26.159+0100] {processor.py:161} INFO - Started process (PID=144535) to work on /home/philip/de_engineering/airflow_projects/airflow1/venv/lib/python3.10/site-packages/airflow/example_dags/tutorial_taskflow_api.py
[2025-03-10T09:27:26.160+0100] {processor.py:830} INFO - Processing file /home/philip/de_engineering/airflow_projects/airflow1/venv/lib/python3.10/site-packages/airflow/example_dags/tutorial_taskflow_api.py for tasks to queue
[2025-03-10T09:27:26.161+0100] {logging_mixin.py:188} INFO - [2025-03-10T09:27:26.160+0100] {dagbag.py:538} INFO - Filling up the DagBag from /home/philip/de_engineering/airflow_projects/airflow1/venv/lib/python3.10/site-packages/airflow/example_dags/tutorial_taskflow_api.py
[2025-03-10T09:27:26.166+0100] {processor.py:840} INFO - DAG(s) 'tutorial_taskflow_api' retrieved from /home/philip/de_engineering/airflow_projects/airflow1/venv/lib/python3.10/site-packages/airflow/example_dags/tutorial_taskflow_api.py
[2025-03-10T09:27:26.189+0100] {logging_mixin.py:188} INFO - [2025-03-10T09:27:26.189+0100] {dag.py:3036} INFO - Sync 1 DAGs
[2025-03-10T09:27:26.201+0100] {logging_mixin.py:188} INFO - [2025-03-10T09:27:26.200+0100] {dag.py:3823} INFO - Setting next_dagrun for tutorial_taskflow_api to None, run_after=None
[2025-03-10T09:27:26.218+0100] {processor.py:183} INFO - Processing /home/philip/de_engineering/airflow_projects/airflow1/venv/lib/python3.10/site-packages/airflow/example_dags/tutorial_taskflow_api.py took 0.062 seconds
[2025-03-10T09:27:56.412+0100] {processor.py:161} INFO - Started process (PID=144910) to work on /home/philip/de_engineering/airflow_projects/airflow1/venv/lib/python3.10/site-packages/airflow/example_dags/tutorial_taskflow_api.py
[2025-03-10T09:27:56.414+0100] {processor.py:830} INFO - Processing file /home/philip/de_engineering/airflow_projects/airflow1/venv/lib/python3.10/site-packages/airflow/example_dags/tutorial_taskflow_api.py for tasks to queue
[2025-03-10T09:27:56.414+0100] {logging_mixin.py:188} INFO - [2025-03-10T09:27:56.414+0100] {dagbag.py:538} INFO - Filling up the DagBag from /home/philip/de_engineering/airflow_projects/airflow1/venv/lib/python3.10/site-packages/airflow/example_dags/tutorial_taskflow_api.py
[2025-03-10T09:27:56.420+0100] {processor.py:840} INFO - DAG(s) 'tutorial_taskflow_api' retrieved from /home/philip/de_engineering/airflow_projects/airflow1/venv/lib/python3.10/site-packages/airflow/example_dags/tutorial_taskflow_api.py
[2025-03-10T09:27:56.439+0100] {logging_mixin.py:188} INFO - [2025-03-10T09:27:56.439+0100] {dag.py:3036} INFO - Sync 1 DAGs
[2025-03-10T09:27:56.449+0100] {logging_mixin.py:188} INFO - [2025-03-10T09:27:56.449+0100] {dag.py:3823} INFO - Setting next_dagrun for tutorial_taskflow_api to None, run_after=None
[2025-03-10T09:27:56.465+0100] {processor.py:183} INFO - Processing /home/philip/de_engineering/airflow_projects/airflow1/venv/lib/python3.10/site-packages/airflow/example_dags/tutorial_taskflow_api.py took 0.056 seconds
[2025-03-10T09:28:26.765+0100] {processor.py:161} INFO - Started process (PID=145290) to work on /home/philip/de_engineering/airflow_projects/airflow1/venv/lib/python3.10/site-packages/airflow/example_dags/tutorial_taskflow_api.py
[2025-03-10T09:28:26.765+0100] {processor.py:830} INFO - Processing file /home/philip/de_engineering/airflow_projects/airflow1/venv/lib/python3.10/site-packages/airflow/example_dags/tutorial_taskflow_api.py for tasks to queue
[2025-03-10T09:28:26.766+0100] {logging_mixin.py:188} INFO - [2025-03-10T09:28:26.766+0100] {dagbag.py:538} INFO - Filling up the DagBag from /home/philip/de_engineering/airflow_projects/airflow1/venv/lib/python3.10/site-packages/airflow/example_dags/tutorial_taskflow_api.py
[2025-03-10T09:28:26.771+0100] {processor.py:840} INFO - DAG(s) 'tutorial_taskflow_api' retrieved from /home/philip/de_engineering/airflow_projects/airflow1/venv/lib/python3.10/site-packages/airflow/example_dags/tutorial_taskflow_api.py
[2025-03-10T09:28:26.791+0100] {logging_mixin.py:188} INFO - [2025-03-10T09:28:26.791+0100] {dag.py:3036} INFO - Sync 1 DAGs
[2025-03-10T09:28:26.802+0100] {logging_mixin.py:188} INFO - [2025-03-10T09:28:26.802+0100] {dag.py:3823} INFO - Setting next_dagrun for tutorial_taskflow_api to None, run_after=None
[2025-03-10T09:28:26.817+0100] {processor.py:183} INFO - Processing /home/philip/de_engineering/airflow_projects/airflow1/venv/lib/python3.10/site-packages/airflow/example_dags/tutorial_taskflow_api.py took 0.055 seconds
[2025-03-10T09:28:56.928+0100] {processor.py:161} INFO - Started process (PID=145667) to work on /home/philip/de_engineering/airflow_projects/airflow1/venv/lib/python3.10/site-packages/airflow/example_dags/tutorial_taskflow_api.py
[2025-03-10T09:28:56.930+0100] {processor.py:830} INFO - Processing file /home/philip/de_engineering/airflow_projects/airflow1/venv/lib/python3.10/site-packages/airflow/example_dags/tutorial_taskflow_api.py for tasks to queue
[2025-03-10T09:28:56.930+0100] {logging_mixin.py:188} INFO - [2025-03-10T09:28:56.930+0100] {dagbag.py:538} INFO - Filling up the DagBag from /home/philip/de_engineering/airflow_projects/airflow1/venv/lib/python3.10/site-packages/airflow/example_dags/tutorial_taskflow_api.py
[2025-03-10T09:28:56.936+0100] {processor.py:840} INFO - DAG(s) 'tutorial_taskflow_api' retrieved from /home/philip/de_engineering/airflow_projects/airflow1/venv/lib/python3.10/site-packages/airflow/example_dags/tutorial_taskflow_api.py
[2025-03-10T09:28:56.957+0100] {logging_mixin.py:188} INFO - [2025-03-10T09:28:56.957+0100] {dag.py:3036} INFO - Sync 1 DAGs
[2025-03-10T09:28:56.968+0100] {logging_mixin.py:188} INFO - [2025-03-10T09:28:56.968+0100] {dag.py:3823} INFO - Setting next_dagrun for tutorial_taskflow_api to None, run_after=None
[2025-03-10T09:28:56.985+0100] {processor.py:183} INFO - Processing /home/philip/de_engineering/airflow_projects/airflow1/venv/lib/python3.10/site-packages/airflow/example_dags/tutorial_taskflow_api.py took 0.060 seconds
[2025-03-10T09:29:27.155+0100] {processor.py:161} INFO - Started process (PID=146047) to work on /home/philip/de_engineering/airflow_projects/airflow1/venv/lib/python3.10/site-packages/airflow/example_dags/tutorial_taskflow_api.py
[2025-03-10T09:29:27.156+0100] {processor.py:830} INFO - Processing file /home/philip/de_engineering/airflow_projects/airflow1/venv/lib/python3.10/site-packages/airflow/example_dags/tutorial_taskflow_api.py for tasks to queue
[2025-03-10T09:29:27.156+0100] {logging_mixin.py:188} INFO - [2025-03-10T09:29:27.156+0100] {dagbag.py:538} INFO - Filling up the DagBag from /home/philip/de_engineering/airflow_projects/airflow1/venv/lib/python3.10/site-packages/airflow/example_dags/tutorial_taskflow_api.py
[2025-03-10T09:29:27.161+0100] {processor.py:840} INFO - DAG(s) 'tutorial_taskflow_api' retrieved from /home/philip/de_engineering/airflow_projects/airflow1/venv/lib/python3.10/site-packages/airflow/example_dags/tutorial_taskflow_api.py
[2025-03-10T09:29:27.181+0100] {logging_mixin.py:188} INFO - [2025-03-10T09:29:27.181+0100] {dag.py:3036} INFO - Sync 1 DAGs
[2025-03-10T09:29:27.190+0100] {logging_mixin.py:188} INFO - [2025-03-10T09:29:27.190+0100] {dag.py:3823} INFO - Setting next_dagrun for tutorial_taskflow_api to None, run_after=None
[2025-03-10T09:29:27.204+0100] {processor.py:183} INFO - Processing /home/philip/de_engineering/airflow_projects/airflow1/venv/lib/python3.10/site-packages/airflow/example_dags/tutorial_taskflow_api.py took 0.052 seconds
[2025-03-10T09:29:57.316+0100] {processor.py:161} INFO - Started process (PID=146422) to work on /home/philip/de_engineering/airflow_projects/airflow1/venv/lib/python3.10/site-packages/airflow/example_dags/tutorial_taskflow_api.py
[2025-03-10T09:29:57.318+0100] {processor.py:830} INFO - Processing file /home/philip/de_engineering/airflow_projects/airflow1/venv/lib/python3.10/site-packages/airflow/example_dags/tutorial_taskflow_api.py for tasks to queue
[2025-03-10T09:29:57.318+0100] {logging_mixin.py:188} INFO - [2025-03-10T09:29:57.318+0100] {dagbag.py:538} INFO - Filling up the DagBag from /home/philip/de_engineering/airflow_projects/airflow1/venv/lib/python3.10/site-packages/airflow/example_dags/tutorial_taskflow_api.py
[2025-03-10T09:29:57.324+0100] {processor.py:840} INFO - DAG(s) 'tutorial_taskflow_api' retrieved from /home/philip/de_engineering/airflow_projects/airflow1/venv/lib/python3.10/site-packages/airflow/example_dags/tutorial_taskflow_api.py
[2025-03-10T09:29:57.343+0100] {logging_mixin.py:188} INFO - [2025-03-10T09:29:57.343+0100] {dag.py:3036} INFO - Sync 1 DAGs
[2025-03-10T09:29:57.353+0100] {logging_mixin.py:188} INFO - [2025-03-10T09:29:57.353+0100] {dag.py:3823} INFO - Setting next_dagrun for tutorial_taskflow_api to None, run_after=None
[2025-03-10T09:29:57.371+0100] {processor.py:183} INFO - Processing /home/philip/de_engineering/airflow_projects/airflow1/venv/lib/python3.10/site-packages/airflow/example_dags/tutorial_taskflow_api.py took 0.058 seconds
[2025-03-10T09:30:27.564+0100] {processor.py:161} INFO - Started process (PID=146803) to work on /home/philip/de_engineering/airflow_projects/airflow1/venv/lib/python3.10/site-packages/airflow/example_dags/tutorial_taskflow_api.py
[2025-03-10T09:30:27.565+0100] {processor.py:830} INFO - Processing file /home/philip/de_engineering/airflow_projects/airflow1/venv/lib/python3.10/site-packages/airflow/example_dags/tutorial_taskflow_api.py for tasks to queue
[2025-03-10T09:30:27.566+0100] {logging_mixin.py:188} INFO - [2025-03-10T09:30:27.565+0100] {dagbag.py:538} INFO - Filling up the DagBag from /home/philip/de_engineering/airflow_projects/airflow1/venv/lib/python3.10/site-packages/airflow/example_dags/tutorial_taskflow_api.py
[2025-03-10T09:30:27.572+0100] {processor.py:840} INFO - DAG(s) 'tutorial_taskflow_api' retrieved from /home/philip/de_engineering/airflow_projects/airflow1/venv/lib/python3.10/site-packages/airflow/example_dags/tutorial_taskflow_api.py
[2025-03-10T09:30:27.594+0100] {logging_mixin.py:188} INFO - [2025-03-10T09:30:27.594+0100] {dag.py:3036} INFO - Sync 1 DAGs
[2025-03-10T09:30:27.604+0100] {logging_mixin.py:188} INFO - [2025-03-10T09:30:27.604+0100] {dag.py:3823} INFO - Setting next_dagrun for tutorial_taskflow_api to None, run_after=None
[2025-03-10T09:30:27.622+0100] {processor.py:183} INFO - Processing /home/philip/de_engineering/airflow_projects/airflow1/venv/lib/python3.10/site-packages/airflow/example_dags/tutorial_taskflow_api.py took 0.062 seconds
[2025-03-10T09:30:57.694+0100] {processor.py:161} INFO - Started process (PID=147178) to work on /home/philip/de_engineering/airflow_projects/airflow1/venv/lib/python3.10/site-packages/airflow/example_dags/tutorial_taskflow_api.py
[2025-03-10T09:30:57.696+0100] {processor.py:830} INFO - Processing file /home/philip/de_engineering/airflow_projects/airflow1/venv/lib/python3.10/site-packages/airflow/example_dags/tutorial_taskflow_api.py for tasks to queue
[2025-03-10T09:30:57.697+0100] {logging_mixin.py:188} INFO - [2025-03-10T09:30:57.696+0100] {dagbag.py:538} INFO - Filling up the DagBag from /home/philip/de_engineering/airflow_projects/airflow1/venv/lib/python3.10/site-packages/airflow/example_dags/tutorial_taskflow_api.py
[2025-03-10T09:30:57.703+0100] {processor.py:840} INFO - DAG(s) 'tutorial_taskflow_api' retrieved from /home/philip/de_engineering/airflow_projects/airflow1/venv/lib/python3.10/site-packages/airflow/example_dags/tutorial_taskflow_api.py
[2025-03-10T09:30:57.724+0100] {logging_mixin.py:188} INFO - [2025-03-10T09:30:57.723+0100] {dag.py:3036} INFO - Sync 1 DAGs
[2025-03-10T09:30:57.736+0100] {logging_mixin.py:188} INFO - [2025-03-10T09:30:57.736+0100] {dag.py:3823} INFO - Setting next_dagrun for tutorial_taskflow_api to None, run_after=None
[2025-03-10T09:30:57.753+0100] {processor.py:183} INFO - Processing /home/philip/de_engineering/airflow_projects/airflow1/venv/lib/python3.10/site-packages/airflow/example_dags/tutorial_taskflow_api.py took 0.062 seconds
[2025-03-10T09:31:27.973+0100] {processor.py:161} INFO - Started process (PID=147558) to work on /home/philip/de_engineering/airflow_projects/airflow1/venv/lib/python3.10/site-packages/airflow/example_dags/tutorial_taskflow_api.py
[2025-03-10T09:31:27.973+0100] {processor.py:830} INFO - Processing file /home/philip/de_engineering/airflow_projects/airflow1/venv/lib/python3.10/site-packages/airflow/example_dags/tutorial_taskflow_api.py for tasks to queue
[2025-03-10T09:31:27.974+0100] {logging_mixin.py:188} INFO - [2025-03-10T09:31:27.974+0100] {dagbag.py:538} INFO - Filling up the DagBag from /home/philip/de_engineering/airflow_projects/airflow1/venv/lib/python3.10/site-packages/airflow/example_dags/tutorial_taskflow_api.py
[2025-03-10T09:31:27.979+0100] {processor.py:840} INFO - DAG(s) 'tutorial_taskflow_api' retrieved from /home/philip/de_engineering/airflow_projects/airflow1/venv/lib/python3.10/site-packages/airflow/example_dags/tutorial_taskflow_api.py
[2025-03-10T09:31:27.998+0100] {logging_mixin.py:188} INFO - [2025-03-10T09:31:27.998+0100] {dag.py:3036} INFO - Sync 1 DAGs
[2025-03-10T09:31:28.008+0100] {logging_mixin.py:188} INFO - [2025-03-10T09:31:28.008+0100] {dag.py:3823} INFO - Setting next_dagrun for tutorial_taskflow_api to None, run_after=None
[2025-03-10T09:31:28.022+0100] {processor.py:183} INFO - Processing /home/philip/de_engineering/airflow_projects/airflow1/venv/lib/python3.10/site-packages/airflow/example_dags/tutorial_taskflow_api.py took 0.053 seconds
[2025-03-10T09:31:58.104+0100] {processor.py:161} INFO - Started process (PID=147936) to work on /home/philip/de_engineering/airflow_projects/airflow1/venv/lib/python3.10/site-packages/airflow/example_dags/tutorial_taskflow_api.py
[2025-03-10T09:31:58.105+0100] {processor.py:830} INFO - Processing file /home/philip/de_engineering/airflow_projects/airflow1/venv/lib/python3.10/site-packages/airflow/example_dags/tutorial_taskflow_api.py for tasks to queue
[2025-03-10T09:31:58.106+0100] {logging_mixin.py:188} INFO - [2025-03-10T09:31:58.106+0100] {dagbag.py:538} INFO - Filling up the DagBag from /home/philip/de_engineering/airflow_projects/airflow1/venv/lib/python3.10/site-packages/airflow/example_dags/tutorial_taskflow_api.py
[2025-03-10T09:31:58.113+0100] {processor.py:840} INFO - DAG(s) 'tutorial_taskflow_api' retrieved from /home/philip/de_engineering/airflow_projects/airflow1/venv/lib/python3.10/site-packages/airflow/example_dags/tutorial_taskflow_api.py
[2025-03-10T09:31:58.135+0100] {logging_mixin.py:188} INFO - [2025-03-10T09:31:58.135+0100] {dag.py:3036} INFO - Sync 1 DAGs
[2025-03-10T09:31:58.147+0100] {logging_mixin.py:188} INFO - [2025-03-10T09:31:58.147+0100] {dag.py:3823} INFO - Setting next_dagrun for tutorial_taskflow_api to None, run_after=None
[2025-03-10T09:31:58.164+0100] {processor.py:183} INFO - Processing /home/philip/de_engineering/airflow_projects/airflow1/venv/lib/python3.10/site-packages/airflow/example_dags/tutorial_taskflow_api.py took 0.063 seconds
[2025-03-10T09:32:28.278+0100] {processor.py:161} INFO - Started process (PID=148313) to work on /home/philip/de_engineering/airflow_projects/airflow1/venv/lib/python3.10/site-packages/airflow/example_dags/tutorial_taskflow_api.py
[2025-03-10T09:32:28.279+0100] {processor.py:830} INFO - Processing file /home/philip/de_engineering/airflow_projects/airflow1/venv/lib/python3.10/site-packages/airflow/example_dags/tutorial_taskflow_api.py for tasks to queue
[2025-03-10T09:32:28.280+0100] {logging_mixin.py:188} INFO - [2025-03-10T09:32:28.279+0100] {dagbag.py:538} INFO - Filling up the DagBag from /home/philip/de_engineering/airflow_projects/airflow1/venv/lib/python3.10/site-packages/airflow/example_dags/tutorial_taskflow_api.py
[2025-03-10T09:32:28.285+0100] {processor.py:840} INFO - DAG(s) 'tutorial_taskflow_api' retrieved from /home/philip/de_engineering/airflow_projects/airflow1/venv/lib/python3.10/site-packages/airflow/example_dags/tutorial_taskflow_api.py
[2025-03-10T09:32:28.306+0100] {logging_mixin.py:188} INFO - [2025-03-10T09:32:28.306+0100] {dag.py:3036} INFO - Sync 1 DAGs
[2025-03-10T09:32:28.317+0100] {logging_mixin.py:188} INFO - [2025-03-10T09:32:28.317+0100] {dag.py:3823} INFO - Setting next_dagrun for tutorial_taskflow_api to None, run_after=None
[2025-03-10T09:32:28.334+0100] {processor.py:183} INFO - Processing /home/philip/de_engineering/airflow_projects/airflow1/venv/lib/python3.10/site-packages/airflow/example_dags/tutorial_taskflow_api.py took 0.059 seconds
[2025-03-10T09:32:58.503+0100] {processor.py:161} INFO - Started process (PID=148694) to work on /home/philip/de_engineering/airflow_projects/airflow1/venv/lib/python3.10/site-packages/airflow/example_dags/tutorial_taskflow_api.py
[2025-03-10T09:32:58.505+0100] {processor.py:830} INFO - Processing file /home/philip/de_engineering/airflow_projects/airflow1/venv/lib/python3.10/site-packages/airflow/example_dags/tutorial_taskflow_api.py for tasks to queue
[2025-03-10T09:32:58.505+0100] {logging_mixin.py:188} INFO - [2025-03-10T09:32:58.505+0100] {dagbag.py:538} INFO - Filling up the DagBag from /home/philip/de_engineering/airflow_projects/airflow1/venv/lib/python3.10/site-packages/airflow/example_dags/tutorial_taskflow_api.py
[2025-03-10T09:32:58.510+0100] {processor.py:840} INFO - DAG(s) 'tutorial_taskflow_api' retrieved from /home/philip/de_engineering/airflow_projects/airflow1/venv/lib/python3.10/site-packages/airflow/example_dags/tutorial_taskflow_api.py
[2025-03-10T09:32:58.529+0100] {logging_mixin.py:188} INFO - [2025-03-10T09:32:58.529+0100] {dag.py:3036} INFO - Sync 1 DAGs
[2025-03-10T09:32:58.539+0100] {logging_mixin.py:188} INFO - [2025-03-10T09:32:58.539+0100] {dag.py:3823} INFO - Setting next_dagrun for tutorial_taskflow_api to None, run_after=None
[2025-03-10T09:32:58.554+0100] {processor.py:183} INFO - Processing /home/philip/de_engineering/airflow_projects/airflow1/venv/lib/python3.10/site-packages/airflow/example_dags/tutorial_taskflow_api.py took 0.054 seconds
[2025-03-10T09:33:28.787+0100] {processor.py:161} INFO - Started process (PID=149070) to work on /home/philip/de_engineering/airflow_projects/airflow1/venv/lib/python3.10/site-packages/airflow/example_dags/tutorial_taskflow_api.py
[2025-03-10T09:33:28.788+0100] {processor.py:830} INFO - Processing file /home/philip/de_engineering/airflow_projects/airflow1/venv/lib/python3.10/site-packages/airflow/example_dags/tutorial_taskflow_api.py for tasks to queue
[2025-03-10T09:33:28.789+0100] {logging_mixin.py:188} INFO - [2025-03-10T09:33:28.788+0100] {dagbag.py:538} INFO - Filling up the DagBag from /home/philip/de_engineering/airflow_projects/airflow1/venv/lib/python3.10/site-packages/airflow/example_dags/tutorial_taskflow_api.py
[2025-03-10T09:33:28.794+0100] {processor.py:840} INFO - DAG(s) 'tutorial_taskflow_api' retrieved from /home/philip/de_engineering/airflow_projects/airflow1/venv/lib/python3.10/site-packages/airflow/example_dags/tutorial_taskflow_api.py
[2025-03-10T09:33:28.813+0100] {logging_mixin.py:188} INFO - [2025-03-10T09:33:28.813+0100] {dag.py:3036} INFO - Sync 1 DAGs
[2025-03-10T09:33:28.822+0100] {logging_mixin.py:188} INFO - [2025-03-10T09:33:28.822+0100] {dag.py:3823} INFO - Setting next_dagrun for tutorial_taskflow_api to None, run_after=None
[2025-03-10T09:33:28.836+0100] {processor.py:183} INFO - Processing /home/philip/de_engineering/airflow_projects/airflow1/venv/lib/python3.10/site-packages/airflow/example_dags/tutorial_taskflow_api.py took 0.051 seconds
[2025-03-10T09:33:58.985+0100] {processor.py:161} INFO - Started process (PID=149451) to work on /home/philip/de_engineering/airflow_projects/airflow1/venv/lib/python3.10/site-packages/airflow/example_dags/tutorial_taskflow_api.py
[2025-03-10T09:33:58.987+0100] {processor.py:830} INFO - Processing file /home/philip/de_engineering/airflow_projects/airflow1/venv/lib/python3.10/site-packages/airflow/example_dags/tutorial_taskflow_api.py for tasks to queue
[2025-03-10T09:33:58.987+0100] {logging_mixin.py:188} INFO - [2025-03-10T09:33:58.987+0100] {dagbag.py:538} INFO - Filling up the DagBag from /home/philip/de_engineering/airflow_projects/airflow1/venv/lib/python3.10/site-packages/airflow/example_dags/tutorial_taskflow_api.py
[2025-03-10T09:33:58.993+0100] {processor.py:840} INFO - DAG(s) 'tutorial_taskflow_api' retrieved from /home/philip/de_engineering/airflow_projects/airflow1/venv/lib/python3.10/site-packages/airflow/example_dags/tutorial_taskflow_api.py
[2025-03-10T09:33:59.014+0100] {logging_mixin.py:188} INFO - [2025-03-10T09:33:59.014+0100] {dag.py:3036} INFO - Sync 1 DAGs
[2025-03-10T09:33:59.024+0100] {logging_mixin.py:188} INFO - [2025-03-10T09:33:59.024+0100] {dag.py:3823} INFO - Setting next_dagrun for tutorial_taskflow_api to None, run_after=None
[2025-03-10T09:33:59.040+0100] {processor.py:183} INFO - Processing /home/philip/de_engineering/airflow_projects/airflow1/venv/lib/python3.10/site-packages/airflow/example_dags/tutorial_taskflow_api.py took 0.057 seconds
[2025-03-10T09:34:29.233+0100] {processor.py:161} INFO - Started process (PID=149825) to work on /home/philip/de_engineering/airflow_projects/airflow1/venv/lib/python3.10/site-packages/airflow/example_dags/tutorial_taskflow_api.py
[2025-03-10T09:34:29.234+0100] {processor.py:830} INFO - Processing file /home/philip/de_engineering/airflow_projects/airflow1/venv/lib/python3.10/site-packages/airflow/example_dags/tutorial_taskflow_api.py for tasks to queue
[2025-03-10T09:34:29.234+0100] {logging_mixin.py:188} INFO - [2025-03-10T09:34:29.234+0100] {dagbag.py:538} INFO - Filling up the DagBag from /home/philip/de_engineering/airflow_projects/airflow1/venv/lib/python3.10/site-packages/airflow/example_dags/tutorial_taskflow_api.py
[2025-03-10T09:34:29.239+0100] {processor.py:840} INFO - DAG(s) 'tutorial_taskflow_api' retrieved from /home/philip/de_engineering/airflow_projects/airflow1/venv/lib/python3.10/site-packages/airflow/example_dags/tutorial_taskflow_api.py
[2025-03-10T09:34:29.260+0100] {logging_mixin.py:188} INFO - [2025-03-10T09:34:29.259+0100] {dag.py:3036} INFO - Sync 1 DAGs
[2025-03-10T09:34:29.269+0100] {logging_mixin.py:188} INFO - [2025-03-10T09:34:29.269+0100] {dag.py:3823} INFO - Setting next_dagrun for tutorial_taskflow_api to None, run_after=None
[2025-03-10T09:34:29.283+0100] {processor.py:183} INFO - Processing /home/philip/de_engineering/airflow_projects/airflow1/venv/lib/python3.10/site-packages/airflow/example_dags/tutorial_taskflow_api.py took 0.053 seconds
[2025-03-10T09:34:59.448+0100] {processor.py:161} INFO - Started process (PID=150208) to work on /home/philip/de_engineering/airflow_projects/airflow1/venv/lib/python3.10/site-packages/airflow/example_dags/tutorial_taskflow_api.py
[2025-03-10T09:34:59.449+0100] {processor.py:830} INFO - Processing file /home/philip/de_engineering/airflow_projects/airflow1/venv/lib/python3.10/site-packages/airflow/example_dags/tutorial_taskflow_api.py for tasks to queue
[2025-03-10T09:34:59.450+0100] {logging_mixin.py:188} INFO - [2025-03-10T09:34:59.449+0100] {dagbag.py:538} INFO - Filling up the DagBag from /home/philip/de_engineering/airflow_projects/airflow1/venv/lib/python3.10/site-packages/airflow/example_dags/tutorial_taskflow_api.py
[2025-03-10T09:34:59.455+0100] {processor.py:840} INFO - DAG(s) 'tutorial_taskflow_api' retrieved from /home/philip/de_engineering/airflow_projects/airflow1/venv/lib/python3.10/site-packages/airflow/example_dags/tutorial_taskflow_api.py
[2025-03-10T09:34:59.474+0100] {logging_mixin.py:188} INFO - [2025-03-10T09:34:59.474+0100] {dag.py:3036} INFO - Sync 1 DAGs
[2025-03-10T09:34:59.484+0100] {logging_mixin.py:188} INFO - [2025-03-10T09:34:59.483+0100] {dag.py:3823} INFO - Setting next_dagrun for tutorial_taskflow_api to None, run_after=None
[2025-03-10T09:34:59.498+0100] {processor.py:183} INFO - Processing /home/philip/de_engineering/airflow_projects/airflow1/venv/lib/python3.10/site-packages/airflow/example_dags/tutorial_taskflow_api.py took 0.053 seconds
[2025-03-10T09:35:29.666+0100] {processor.py:161} INFO - Started process (PID=150585) to work on /home/philip/de_engineering/airflow_projects/airflow1/venv/lib/python3.10/site-packages/airflow/example_dags/tutorial_taskflow_api.py
[2025-03-10T09:35:29.667+0100] {processor.py:830} INFO - Processing file /home/philip/de_engineering/airflow_projects/airflow1/venv/lib/python3.10/site-packages/airflow/example_dags/tutorial_taskflow_api.py for tasks to queue
[2025-03-10T09:35:29.668+0100] {logging_mixin.py:188} INFO - [2025-03-10T09:35:29.668+0100] {dagbag.py:538} INFO - Filling up the DagBag from /home/philip/de_engineering/airflow_projects/airflow1/venv/lib/python3.10/site-packages/airflow/example_dags/tutorial_taskflow_api.py
[2025-03-10T09:35:29.673+0100] {processor.py:840} INFO - DAG(s) 'tutorial_taskflow_api' retrieved from /home/philip/de_engineering/airflow_projects/airflow1/venv/lib/python3.10/site-packages/airflow/example_dags/tutorial_taskflow_api.py
[2025-03-10T09:35:29.698+0100] {logging_mixin.py:188} INFO - [2025-03-10T09:35:29.697+0100] {dag.py:3036} INFO - Sync 1 DAGs
[2025-03-10T09:35:29.707+0100] {logging_mixin.py:188} INFO - [2025-03-10T09:35:29.707+0100] {dag.py:3823} INFO - Setting next_dagrun for tutorial_taskflow_api to None, run_after=None
[2025-03-10T09:35:29.722+0100] {processor.py:183} INFO - Processing /home/philip/de_engineering/airflow_projects/airflow1/venv/lib/python3.10/site-packages/airflow/example_dags/tutorial_taskflow_api.py took 0.059 seconds
[2025-03-10T09:35:59.943+0100] {processor.py:161} INFO - Started process (PID=150966) to work on /home/philip/de_engineering/airflow_projects/airflow1/venv/lib/python3.10/site-packages/airflow/example_dags/tutorial_taskflow_api.py
[2025-03-10T09:35:59.945+0100] {processor.py:830} INFO - Processing file /home/philip/de_engineering/airflow_projects/airflow1/venv/lib/python3.10/site-packages/airflow/example_dags/tutorial_taskflow_api.py for tasks to queue
[2025-03-10T09:35:59.945+0100] {logging_mixin.py:188} INFO - [2025-03-10T09:35:59.945+0100] {dagbag.py:538} INFO - Filling up the DagBag from /home/philip/de_engineering/airflow_projects/airflow1/venv/lib/python3.10/site-packages/airflow/example_dags/tutorial_taskflow_api.py
[2025-03-10T09:35:59.951+0100] {processor.py:840} INFO - DAG(s) 'tutorial_taskflow_api' retrieved from /home/philip/de_engineering/airflow_projects/airflow1/venv/lib/python3.10/site-packages/airflow/example_dags/tutorial_taskflow_api.py
[2025-03-10T09:35:59.972+0100] {logging_mixin.py:188} INFO - [2025-03-10T09:35:59.972+0100] {dag.py:3036} INFO - Sync 1 DAGs
[2025-03-10T09:35:59.983+0100] {logging_mixin.py:188} INFO - [2025-03-10T09:35:59.983+0100] {dag.py:3823} INFO - Setting next_dagrun for tutorial_taskflow_api to None, run_after=None
[2025-03-10T09:36:00.001+0100] {processor.py:183} INFO - Processing /home/philip/de_engineering/airflow_projects/airflow1/venv/lib/python3.10/site-packages/airflow/example_dags/tutorial_taskflow_api.py took 0.061 seconds
