[2025-03-10T09:14:23.302+0100] {processor.py:161} INFO - Started process (PID=136839) to work on /home/philip/de_engineering/airflow_projects/airflow1/venv/lib/python3.10/site-packages/airflow/example_dags/tutorial_objectstorage.py
[2025-03-10T09:14:23.303+0100] {processor.py:830} INFO - Processing file /home/philip/de_engineering/airflow_projects/airflow1/venv/lib/python3.10/site-packages/airflow/example_dags/tutorial_objectstorage.py for tasks to queue
[2025-03-10T09:14:23.304+0100] {logging_mixin.py:188} INFO - [2025-03-10T09:14:23.303+0100] {dagbag.py:538} INFO - Filling up the DagBag from /home/philip/de_engineering/airflow_projects/airflow1/venv/lib/python3.10/site-packages/airflow/example_dags/tutorial_objectstorage.py
[2025-03-10T09:14:23.311+0100] {processor.py:840} INFO - DAG(s) 'tutorial_objectstorage' retrieved from /home/philip/de_engineering/airflow_projects/airflow1/venv/lib/python3.10/site-packages/airflow/example_dags/tutorial_objectstorage.py
[2025-03-10T09:14:23.389+0100] {logging_mixin.py:188} INFO - [2025-03-10T09:14:23.389+0100] {override.py:1769} INFO - Created Permission View: can read on DAG:tutorial_objectstorage
[2025-03-10T09:14:23.396+0100] {logging_mixin.py:188} INFO - [2025-03-10T09:14:23.395+0100] {override.py:1769} INFO - Created Permission View: can delete on DAG:tutorial_objectstorage
[2025-03-10T09:14:23.400+0100] {logging_mixin.py:188} INFO - [2025-03-10T09:14:23.400+0100] {override.py:1769} INFO - Created Permission View: can edit on DAG:tutorial_objectstorage
[2025-03-10T09:14:23.400+0100] {logging_mixin.py:188} INFO - [2025-03-10T09:14:23.400+0100] {dag.py:3036} INFO - Sync 1 DAGs
[2025-03-10T09:14:23.409+0100] {logging_mixin.py:188} INFO - [2025-03-10T09:14:23.408+0100] {dag.py:3058} INFO - Creating ORM DAG for tutorial_objectstorage
[2025-03-10T09:14:23.409+0100] {logging_mixin.py:188} INFO - [2025-03-10T09:14:23.409+0100] {dag.py:3823} INFO - Setting next_dagrun for tutorial_objectstorage to None, run_after=None
[2025-03-10T09:14:23.422+0100] {processor.py:183} INFO - Processing /home/philip/de_engineering/airflow_projects/airflow1/venv/lib/python3.10/site-packages/airflow/example_dags/tutorial_objectstorage.py took 0.123 seconds
[2025-03-10T09:14:54.925+0100] {processor.py:161} INFO - Started process (PID=136951) to work on /home/philip/de_engineering/airflow_projects/airflow1/venv/lib/python3.10/site-packages/airflow/example_dags/tutorial_objectstorage.py
[2025-03-10T09:14:54.925+0100] {processor.py:830} INFO - Processing file /home/philip/de_engineering/airflow_projects/airflow1/venv/lib/python3.10/site-packages/airflow/example_dags/tutorial_objectstorage.py for tasks to queue
[2025-03-10T09:14:54.926+0100] {logging_mixin.py:188} INFO - [2025-03-10T09:14:54.926+0100] {dagbag.py:538} INFO - Filling up the DagBag from /home/philip/de_engineering/airflow_projects/airflow1/venv/lib/python3.10/site-packages/airflow/example_dags/tutorial_objectstorage.py
[2025-03-10T09:14:54.932+0100] {processor.py:840} INFO - DAG(s) 'tutorial_objectstorage' retrieved from /home/philip/de_engineering/airflow_projects/airflow1/venv/lib/python3.10/site-packages/airflow/example_dags/tutorial_objectstorage.py
[2025-03-10T09:14:54.953+0100] {logging_mixin.py:188} INFO - [2025-03-10T09:14:54.953+0100] {dag.py:3036} INFO - Sync 1 DAGs
[2025-03-10T09:14:54.963+0100] {logging_mixin.py:188} INFO - [2025-03-10T09:14:54.963+0100] {dag.py:3823} INFO - Setting next_dagrun for tutorial_objectstorage to None, run_after=None
[2025-03-10T09:14:54.979+0100] {processor.py:183} INFO - Processing /home/philip/de_engineering/airflow_projects/airflow1/venv/lib/python3.10/site-packages/airflow/example_dags/tutorial_objectstorage.py took 0.057 seconds
[2025-03-10T09:15:25.110+0100] {processor.py:161} INFO - Started process (PID=137052) to work on /home/philip/de_engineering/airflow_projects/airflow1/venv/lib/python3.10/site-packages/airflow/example_dags/tutorial_objectstorage.py
[2025-03-10T09:15:25.112+0100] {processor.py:830} INFO - Processing file /home/philip/de_engineering/airflow_projects/airflow1/venv/lib/python3.10/site-packages/airflow/example_dags/tutorial_objectstorage.py for tasks to queue
[2025-03-10T09:15:25.113+0100] {logging_mixin.py:188} INFO - [2025-03-10T09:15:25.112+0100] {dagbag.py:538} INFO - Filling up the DagBag from /home/philip/de_engineering/airflow_projects/airflow1/venv/lib/python3.10/site-packages/airflow/example_dags/tutorial_objectstorage.py
[2025-03-10T09:15:25.120+0100] {processor.py:840} INFO - DAG(s) 'tutorial_objectstorage' retrieved from /home/philip/de_engineering/airflow_projects/airflow1/venv/lib/python3.10/site-packages/airflow/example_dags/tutorial_objectstorage.py
[2025-03-10T09:15:25.140+0100] {logging_mixin.py:188} INFO - [2025-03-10T09:15:25.140+0100] {dag.py:3036} INFO - Sync 1 DAGs
[2025-03-10T09:15:25.150+0100] {logging_mixin.py:188} INFO - [2025-03-10T09:15:25.150+0100] {dag.py:3823} INFO - Setting next_dagrun for tutorial_objectstorage to None, run_after=None
[2025-03-10T09:15:25.165+0100] {processor.py:183} INFO - Processing /home/philip/de_engineering/airflow_projects/airflow1/venv/lib/python3.10/site-packages/airflow/example_dags/tutorial_objectstorage.py took 0.058 seconds
[2025-03-10T09:15:55.301+0100] {processor.py:161} INFO - Started process (PID=137153) to work on /home/philip/de_engineering/airflow_projects/airflow1/venv/lib/python3.10/site-packages/airflow/example_dags/tutorial_objectstorage.py
[2025-03-10T09:15:55.302+0100] {processor.py:830} INFO - Processing file /home/philip/de_engineering/airflow_projects/airflow1/venv/lib/python3.10/site-packages/airflow/example_dags/tutorial_objectstorage.py for tasks to queue
[2025-03-10T09:15:55.302+0100] {logging_mixin.py:188} INFO - [2025-03-10T09:15:55.302+0100] {dagbag.py:538} INFO - Filling up the DagBag from /home/philip/de_engineering/airflow_projects/airflow1/venv/lib/python3.10/site-packages/airflow/example_dags/tutorial_objectstorage.py
[2025-03-10T09:15:55.308+0100] {processor.py:840} INFO - DAG(s) 'tutorial_objectstorage' retrieved from /home/philip/de_engineering/airflow_projects/airflow1/venv/lib/python3.10/site-packages/airflow/example_dags/tutorial_objectstorage.py
[2025-03-10T09:15:55.330+0100] {logging_mixin.py:188} INFO - [2025-03-10T09:15:55.330+0100] {dag.py:3036} INFO - Sync 1 DAGs
[2025-03-10T09:15:55.342+0100] {logging_mixin.py:188} INFO - [2025-03-10T09:15:55.342+0100] {dag.py:3823} INFO - Setting next_dagrun for tutorial_objectstorage to None, run_after=None
[2025-03-10T09:15:55.364+0100] {processor.py:183} INFO - Processing /home/philip/de_engineering/airflow_projects/airflow1/venv/lib/python3.10/site-packages/airflow/example_dags/tutorial_objectstorage.py took 0.066 seconds
[2025-03-10T09:16:25.892+0100] {processor.py:161} INFO - Started process (PID=137529) to work on /home/philip/de_engineering/airflow_projects/airflow1/venv/lib/python3.10/site-packages/airflow/example_dags/tutorial_objectstorage.py
[2025-03-10T09:16:25.894+0100] {processor.py:830} INFO - Processing file /home/philip/de_engineering/airflow_projects/airflow1/venv/lib/python3.10/site-packages/airflow/example_dags/tutorial_objectstorage.py for tasks to queue
[2025-03-10T09:16:25.895+0100] {logging_mixin.py:188} INFO - [2025-03-10T09:16:25.894+0100] {dagbag.py:538} INFO - Filling up the DagBag from /home/philip/de_engineering/airflow_projects/airflow1/venv/lib/python3.10/site-packages/airflow/example_dags/tutorial_objectstorage.py
[2025-03-10T09:16:25.901+0100] {processor.py:840} INFO - DAG(s) 'tutorial_objectstorage' retrieved from /home/philip/de_engineering/airflow_projects/airflow1/venv/lib/python3.10/site-packages/airflow/example_dags/tutorial_objectstorage.py
[2025-03-10T09:16:25.924+0100] {logging_mixin.py:188} INFO - [2025-03-10T09:16:25.923+0100] {dag.py:3036} INFO - Sync 1 DAGs
[2025-03-10T09:16:25.938+0100] {logging_mixin.py:188} INFO - [2025-03-10T09:16:25.938+0100] {dag.py:3823} INFO - Setting next_dagrun for tutorial_objectstorage to None, run_after=None
[2025-03-10T09:16:25.960+0100] {processor.py:183} INFO - Processing /home/philip/de_engineering/airflow_projects/airflow1/venv/lib/python3.10/site-packages/airflow/example_dags/tutorial_objectstorage.py took 0.071 seconds
[2025-03-10T09:16:56.040+0100] {processor.py:161} INFO - Started process (PID=137712) to work on /home/philip/de_engineering/airflow_projects/airflow1/venv/lib/python3.10/site-packages/airflow/example_dags/tutorial_objectstorage.py
[2025-03-10T09:16:56.041+0100] {processor.py:830} INFO - Processing file /home/philip/de_engineering/airflow_projects/airflow1/venv/lib/python3.10/site-packages/airflow/example_dags/tutorial_objectstorage.py for tasks to queue
[2025-03-10T09:16:56.042+0100] {logging_mixin.py:188} INFO - [2025-03-10T09:16:56.042+0100] {dagbag.py:538} INFO - Filling up the DagBag from /home/philip/de_engineering/airflow_projects/airflow1/venv/lib/python3.10/site-packages/airflow/example_dags/tutorial_objectstorage.py
[2025-03-10T09:16:56.048+0100] {processor.py:840} INFO - DAG(s) 'tutorial_objectstorage' retrieved from /home/philip/de_engineering/airflow_projects/airflow1/venv/lib/python3.10/site-packages/airflow/example_dags/tutorial_objectstorage.py
[2025-03-10T09:16:56.071+0100] {logging_mixin.py:188} INFO - [2025-03-10T09:16:56.071+0100] {dag.py:3036} INFO - Sync 1 DAGs
[2025-03-10T09:16:56.083+0100] {logging_mixin.py:188} INFO - [2025-03-10T09:16:56.083+0100] {dag.py:3823} INFO - Setting next_dagrun for tutorial_objectstorage to None, run_after=None
[2025-03-10T09:16:56.100+0100] {processor.py:183} INFO - Processing /home/philip/de_engineering/airflow_projects/airflow1/venv/lib/python3.10/site-packages/airflow/example_dags/tutorial_objectstorage.py took 0.063 seconds
[2025-03-10T09:17:26.297+0100] {processor.py:161} INFO - Started process (PID=137904) to work on /home/philip/de_engineering/airflow_projects/airflow1/venv/lib/python3.10/site-packages/airflow/example_dags/tutorial_objectstorage.py
[2025-03-10T09:17:26.338+0100] {processor.py:830} INFO - Processing file /home/philip/de_engineering/airflow_projects/airflow1/venv/lib/python3.10/site-packages/airflow/example_dags/tutorial_objectstorage.py for tasks to queue
[2025-03-10T09:17:26.339+0100] {logging_mixin.py:188} INFO - [2025-03-10T09:17:26.338+0100] {dagbag.py:538} INFO - Filling up the DagBag from /home/philip/de_engineering/airflow_projects/airflow1/venv/lib/python3.10/site-packages/airflow/example_dags/tutorial_objectstorage.py
[2025-03-10T09:17:26.344+0100] {processor.py:840} INFO - DAG(s) 'tutorial_objectstorage' retrieved from /home/philip/de_engineering/airflow_projects/airflow1/venv/lib/python3.10/site-packages/airflow/example_dags/tutorial_objectstorage.py
[2025-03-10T09:17:26.364+0100] {logging_mixin.py:188} INFO - [2025-03-10T09:17:26.363+0100] {dag.py:3036} INFO - Sync 1 DAGs
[2025-03-10T09:17:26.375+0100] {logging_mixin.py:188} INFO - [2025-03-10T09:17:26.375+0100] {dag.py:3823} INFO - Setting next_dagrun for tutorial_objectstorage to None, run_after=None
[2025-03-10T09:17:26.393+0100] {processor.py:183} INFO - Processing /home/philip/de_engineering/airflow_projects/airflow1/venv/lib/python3.10/site-packages/airflow/example_dags/tutorial_objectstorage.py took 0.100 seconds
[2025-03-10T09:19:20.149+0100] {processor.py:161} INFO - Started process (PID=138478) to work on /home/philip/de_engineering/airflow_projects/airflow1/venv/lib/python3.10/site-packages/airflow/example_dags/tutorial_objectstorage.py
[2025-03-10T09:19:20.151+0100] {processor.py:830} INFO - Processing file /home/philip/de_engineering/airflow_projects/airflow1/venv/lib/python3.10/site-packages/airflow/example_dags/tutorial_objectstorage.py for tasks to queue
[2025-03-10T09:19:20.152+0100] {logging_mixin.py:188} INFO - [2025-03-10T09:19:20.152+0100] {dagbag.py:538} INFO - Filling up the DagBag from /home/philip/de_engineering/airflow_projects/airflow1/venv/lib/python3.10/site-packages/airflow/example_dags/tutorial_objectstorage.py
[2025-03-10T09:19:20.163+0100] {processor.py:840} INFO - DAG(s) 'tutorial_objectstorage' retrieved from /home/philip/de_engineering/airflow_projects/airflow1/venv/lib/python3.10/site-packages/airflow/example_dags/tutorial_objectstorage.py
[2025-03-10T09:19:20.260+0100] {logging_mixin.py:188} INFO - [2025-03-10T09:19:20.259+0100] {dag.py:3036} INFO - Sync 1 DAGs
[2025-03-10T09:19:20.270+0100] {logging_mixin.py:188} INFO - [2025-03-10T09:19:20.270+0100] {dag.py:3823} INFO - Setting next_dagrun for tutorial_objectstorage to None, run_after=None
[2025-03-10T09:19:20.288+0100] {processor.py:183} INFO - Processing /home/philip/de_engineering/airflow_projects/airflow1/venv/lib/python3.10/site-packages/airflow/example_dags/tutorial_objectstorage.py took 0.142 seconds
[2025-03-10T09:19:50.839+0100] {processor.py:161} INFO - Started process (PID=138815) to work on /home/philip/de_engineering/airflow_projects/airflow1/venv/lib/python3.10/site-packages/airflow/example_dags/tutorial_objectstorage.py
[2025-03-10T09:19:50.839+0100] {processor.py:830} INFO - Processing file /home/philip/de_engineering/airflow_projects/airflow1/venv/lib/python3.10/site-packages/airflow/example_dags/tutorial_objectstorage.py for tasks to queue
[2025-03-10T09:19:50.840+0100] {logging_mixin.py:188} INFO - [2025-03-10T09:19:50.840+0100] {dagbag.py:538} INFO - Filling up the DagBag from /home/philip/de_engineering/airflow_projects/airflow1/venv/lib/python3.10/site-packages/airflow/example_dags/tutorial_objectstorage.py
[2025-03-10T09:19:50.846+0100] {processor.py:840} INFO - DAG(s) 'tutorial_objectstorage' retrieved from /home/philip/de_engineering/airflow_projects/airflow1/venv/lib/python3.10/site-packages/airflow/example_dags/tutorial_objectstorage.py
[2025-03-10T09:19:50.866+0100] {logging_mixin.py:188} INFO - [2025-03-10T09:19:50.866+0100] {dag.py:3036} INFO - Sync 1 DAGs
[2025-03-10T09:19:50.877+0100] {logging_mixin.py:188} INFO - [2025-03-10T09:19:50.876+0100] {dag.py:3823} INFO - Setting next_dagrun for tutorial_objectstorage to None, run_after=None
[2025-03-10T09:19:50.893+0100] {processor.py:183} INFO - Processing /home/philip/de_engineering/airflow_projects/airflow1/venv/lib/python3.10/site-packages/airflow/example_dags/tutorial_objectstorage.py took 0.057 seconds
[2025-03-10T09:20:21.324+0100] {processor.py:161} INFO - Started process (PID=139192) to work on /home/philip/de_engineering/airflow_projects/airflow1/venv/lib/python3.10/site-packages/airflow/example_dags/tutorial_objectstorage.py
[2025-03-10T09:20:21.325+0100] {processor.py:830} INFO - Processing file /home/philip/de_engineering/airflow_projects/airflow1/venv/lib/python3.10/site-packages/airflow/example_dags/tutorial_objectstorage.py for tasks to queue
[2025-03-10T09:20:21.326+0100] {logging_mixin.py:188} INFO - [2025-03-10T09:20:21.325+0100] {dagbag.py:538} INFO - Filling up the DagBag from /home/philip/de_engineering/airflow_projects/airflow1/venv/lib/python3.10/site-packages/airflow/example_dags/tutorial_objectstorage.py
[2025-03-10T09:20:21.332+0100] {processor.py:840} INFO - DAG(s) 'tutorial_objectstorage' retrieved from /home/philip/de_engineering/airflow_projects/airflow1/venv/lib/python3.10/site-packages/airflow/example_dags/tutorial_objectstorage.py
[2025-03-10T09:20:21.350+0100] {logging_mixin.py:188} INFO - [2025-03-10T09:20:21.350+0100] {dag.py:3036} INFO - Sync 1 DAGs
[2025-03-10T09:20:21.360+0100] {logging_mixin.py:188} INFO - [2025-03-10T09:20:21.360+0100] {dag.py:3823} INFO - Setting next_dagrun for tutorial_objectstorage to None, run_after=None
[2025-03-10T09:20:21.375+0100] {processor.py:183} INFO - Processing /home/philip/de_engineering/airflow_projects/airflow1/venv/lib/python3.10/site-packages/airflow/example_dags/tutorial_objectstorage.py took 0.054 seconds
[2025-03-10T09:20:51.831+0100] {processor.py:161} INFO - Started process (PID=139570) to work on /home/philip/de_engineering/airflow_projects/airflow1/venv/lib/python3.10/site-packages/airflow/example_dags/tutorial_objectstorage.py
[2025-03-10T09:20:51.832+0100] {processor.py:830} INFO - Processing file /home/philip/de_engineering/airflow_projects/airflow1/venv/lib/python3.10/site-packages/airflow/example_dags/tutorial_objectstorage.py for tasks to queue
[2025-03-10T09:20:51.833+0100] {logging_mixin.py:188} INFO - [2025-03-10T09:20:51.832+0100] {dagbag.py:538} INFO - Filling up the DagBag from /home/philip/de_engineering/airflow_projects/airflow1/venv/lib/python3.10/site-packages/airflow/example_dags/tutorial_objectstorage.py
[2025-03-10T09:20:51.840+0100] {processor.py:840} INFO - DAG(s) 'tutorial_objectstorage' retrieved from /home/philip/de_engineering/airflow_projects/airflow1/venv/lib/python3.10/site-packages/airflow/example_dags/tutorial_objectstorage.py
[2025-03-10T09:20:51.865+0100] {logging_mixin.py:188} INFO - [2025-03-10T09:20:51.865+0100] {dag.py:3036} INFO - Sync 1 DAGs
[2025-03-10T09:20:51.878+0100] {logging_mixin.py:188} INFO - [2025-03-10T09:20:51.878+0100] {dag.py:3823} INFO - Setting next_dagrun for tutorial_objectstorage to None, run_after=None
[2025-03-10T09:20:51.897+0100] {processor.py:183} INFO - Processing /home/philip/de_engineering/airflow_projects/airflow1/venv/lib/python3.10/site-packages/airflow/example_dags/tutorial_objectstorage.py took 0.070 seconds
[2025-03-10T09:21:22.294+0100] {processor.py:161} INFO - Started process (PID=139955) to work on /home/philip/de_engineering/airflow_projects/airflow1/venv/lib/python3.10/site-packages/airflow/example_dags/tutorial_objectstorage.py
[2025-03-10T09:21:22.295+0100] {processor.py:830} INFO - Processing file /home/philip/de_engineering/airflow_projects/airflow1/venv/lib/python3.10/site-packages/airflow/example_dags/tutorial_objectstorage.py for tasks to queue
[2025-03-10T09:21:22.296+0100] {logging_mixin.py:188} INFO - [2025-03-10T09:21:22.296+0100] {dagbag.py:538} INFO - Filling up the DagBag from /home/philip/de_engineering/airflow_projects/airflow1/venv/lib/python3.10/site-packages/airflow/example_dags/tutorial_objectstorage.py
[2025-03-10T09:21:22.302+0100] {processor.py:840} INFO - DAG(s) 'tutorial_objectstorage' retrieved from /home/philip/de_engineering/airflow_projects/airflow1/venv/lib/python3.10/site-packages/airflow/example_dags/tutorial_objectstorage.py
[2025-03-10T09:21:22.326+0100] {logging_mixin.py:188} INFO - [2025-03-10T09:21:22.326+0100] {dag.py:3036} INFO - Sync 1 DAGs
[2025-03-10T09:21:22.337+0100] {logging_mixin.py:188} INFO - [2025-03-10T09:21:22.337+0100] {dag.py:3823} INFO - Setting next_dagrun for tutorial_objectstorage to None, run_after=None
[2025-03-10T09:21:22.354+0100] {processor.py:183} INFO - Processing /home/philip/de_engineering/airflow_projects/airflow1/venv/lib/python3.10/site-packages/airflow/example_dags/tutorial_objectstorage.py took 0.063 seconds
[2025-03-10T09:21:52.583+0100] {processor.py:161} INFO - Started process (PID=140331) to work on /home/philip/de_engineering/airflow_projects/airflow1/venv/lib/python3.10/site-packages/airflow/example_dags/tutorial_objectstorage.py
[2025-03-10T09:21:52.584+0100] {processor.py:830} INFO - Processing file /home/philip/de_engineering/airflow_projects/airflow1/venv/lib/python3.10/site-packages/airflow/example_dags/tutorial_objectstorage.py for tasks to queue
[2025-03-10T09:21:52.585+0100] {logging_mixin.py:188} INFO - [2025-03-10T09:21:52.585+0100] {dagbag.py:538} INFO - Filling up the DagBag from /home/philip/de_engineering/airflow_projects/airflow1/venv/lib/python3.10/site-packages/airflow/example_dags/tutorial_objectstorage.py
[2025-03-10T09:21:52.591+0100] {processor.py:840} INFO - DAG(s) 'tutorial_objectstorage' retrieved from /home/philip/de_engineering/airflow_projects/airflow1/venv/lib/python3.10/site-packages/airflow/example_dags/tutorial_objectstorage.py
[2025-03-10T09:21:52.610+0100] {logging_mixin.py:188} INFO - [2025-03-10T09:21:52.610+0100] {dag.py:3036} INFO - Sync 1 DAGs
[2025-03-10T09:21:52.619+0100] {logging_mixin.py:188} INFO - [2025-03-10T09:21:52.619+0100] {dag.py:3823} INFO - Setting next_dagrun for tutorial_objectstorage to None, run_after=None
[2025-03-10T09:21:52.634+0100] {processor.py:183} INFO - Processing /home/philip/de_engineering/airflow_projects/airflow1/venv/lib/python3.10/site-packages/airflow/example_dags/tutorial_objectstorage.py took 0.053 seconds
[2025-03-10T09:22:22.842+0100] {processor.py:161} INFO - Started process (PID=140711) to work on /home/philip/de_engineering/airflow_projects/airflow1/venv/lib/python3.10/site-packages/airflow/example_dags/tutorial_objectstorage.py
[2025-03-10T09:22:22.844+0100] {processor.py:830} INFO - Processing file /home/philip/de_engineering/airflow_projects/airflow1/venv/lib/python3.10/site-packages/airflow/example_dags/tutorial_objectstorage.py for tasks to queue
[2025-03-10T09:22:22.845+0100] {logging_mixin.py:188} INFO - [2025-03-10T09:22:22.845+0100] {dagbag.py:538} INFO - Filling up the DagBag from /home/philip/de_engineering/airflow_projects/airflow1/venv/lib/python3.10/site-packages/airflow/example_dags/tutorial_objectstorage.py
[2025-03-10T09:22:22.852+0100] {processor.py:840} INFO - DAG(s) 'tutorial_objectstorage' retrieved from /home/philip/de_engineering/airflow_projects/airflow1/venv/lib/python3.10/site-packages/airflow/example_dags/tutorial_objectstorage.py
[2025-03-10T09:22:22.873+0100] {logging_mixin.py:188} INFO - [2025-03-10T09:22:22.872+0100] {dag.py:3036} INFO - Sync 1 DAGs
[2025-03-10T09:22:22.883+0100] {logging_mixin.py:188} INFO - [2025-03-10T09:22:22.883+0100] {dag.py:3823} INFO - Setting next_dagrun for tutorial_objectstorage to None, run_after=None
[2025-03-10T09:22:22.902+0100] {processor.py:183} INFO - Processing /home/philip/de_engineering/airflow_projects/airflow1/venv/lib/python3.10/site-packages/airflow/example_dags/tutorial_objectstorage.py took 0.063 seconds
[2025-03-10T09:22:53.010+0100] {processor.py:161} INFO - Started process (PID=141084) to work on /home/philip/de_engineering/airflow_projects/airflow1/venv/lib/python3.10/site-packages/airflow/example_dags/tutorial_objectstorage.py
[2025-03-10T09:22:53.011+0100] {processor.py:830} INFO - Processing file /home/philip/de_engineering/airflow_projects/airflow1/venv/lib/python3.10/site-packages/airflow/example_dags/tutorial_objectstorage.py for tasks to queue
[2025-03-10T09:22:53.012+0100] {logging_mixin.py:188} INFO - [2025-03-10T09:22:53.012+0100] {dagbag.py:538} INFO - Filling up the DagBag from /home/philip/de_engineering/airflow_projects/airflow1/venv/lib/python3.10/site-packages/airflow/example_dags/tutorial_objectstorage.py
[2025-03-10T09:22:53.019+0100] {processor.py:840} INFO - DAG(s) 'tutorial_objectstorage' retrieved from /home/philip/de_engineering/airflow_projects/airflow1/venv/lib/python3.10/site-packages/airflow/example_dags/tutorial_objectstorage.py
[2025-03-10T09:22:53.042+0100] {logging_mixin.py:188} INFO - [2025-03-10T09:22:53.042+0100] {dag.py:3036} INFO - Sync 1 DAGs
[2025-03-10T09:22:53.054+0100] {logging_mixin.py:188} INFO - [2025-03-10T09:22:53.054+0100] {dag.py:3823} INFO - Setting next_dagrun for tutorial_objectstorage to None, run_after=None
[2025-03-10T09:22:53.073+0100] {processor.py:183} INFO - Processing /home/philip/de_engineering/airflow_projects/airflow1/venv/lib/python3.10/site-packages/airflow/example_dags/tutorial_objectstorage.py took 0.067 seconds
[2025-03-10T09:23:23.278+0100] {processor.py:161} INFO - Started process (PID=141468) to work on /home/philip/de_engineering/airflow_projects/airflow1/venv/lib/python3.10/site-packages/airflow/example_dags/tutorial_objectstorage.py
[2025-03-10T09:23:23.279+0100] {processor.py:830} INFO - Processing file /home/philip/de_engineering/airflow_projects/airflow1/venv/lib/python3.10/site-packages/airflow/example_dags/tutorial_objectstorage.py for tasks to queue
[2025-03-10T09:23:23.280+0100] {logging_mixin.py:188} INFO - [2025-03-10T09:23:23.280+0100] {dagbag.py:538} INFO - Filling up the DagBag from /home/philip/de_engineering/airflow_projects/airflow1/venv/lib/python3.10/site-packages/airflow/example_dags/tutorial_objectstorage.py
[2025-03-10T09:23:23.288+0100] {processor.py:840} INFO - DAG(s) 'tutorial_objectstorage' retrieved from /home/philip/de_engineering/airflow_projects/airflow1/venv/lib/python3.10/site-packages/airflow/example_dags/tutorial_objectstorage.py
[2025-03-10T09:23:23.308+0100] {logging_mixin.py:188} INFO - [2025-03-10T09:23:23.308+0100] {dag.py:3036} INFO - Sync 1 DAGs
[2025-03-10T09:23:23.318+0100] {logging_mixin.py:188} INFO - [2025-03-10T09:23:23.318+0100] {dag.py:3823} INFO - Setting next_dagrun for tutorial_objectstorage to None, run_after=None
[2025-03-10T09:23:23.333+0100] {processor.py:183} INFO - Processing /home/philip/de_engineering/airflow_projects/airflow1/venv/lib/python3.10/site-packages/airflow/example_dags/tutorial_objectstorage.py took 0.058 seconds
[2025-03-10T09:23:53.645+0100] {processor.py:161} INFO - Started process (PID=141844) to work on /home/philip/de_engineering/airflow_projects/airflow1/venv/lib/python3.10/site-packages/airflow/example_dags/tutorial_objectstorage.py
[2025-03-10T09:23:53.646+0100] {processor.py:830} INFO - Processing file /home/philip/de_engineering/airflow_projects/airflow1/venv/lib/python3.10/site-packages/airflow/example_dags/tutorial_objectstorage.py for tasks to queue
[2025-03-10T09:23:53.647+0100] {logging_mixin.py:188} INFO - [2025-03-10T09:23:53.646+0100] {dagbag.py:538} INFO - Filling up the DagBag from /home/philip/de_engineering/airflow_projects/airflow1/venv/lib/python3.10/site-packages/airflow/example_dags/tutorial_objectstorage.py
[2025-03-10T09:23:53.653+0100] {processor.py:840} INFO - DAG(s) 'tutorial_objectstorage' retrieved from /home/philip/de_engineering/airflow_projects/airflow1/venv/lib/python3.10/site-packages/airflow/example_dags/tutorial_objectstorage.py
[2025-03-10T09:23:53.672+0100] {logging_mixin.py:188} INFO - [2025-03-10T09:23:53.672+0100] {dag.py:3036} INFO - Sync 1 DAGs
[2025-03-10T09:23:53.682+0100] {logging_mixin.py:188} INFO - [2025-03-10T09:23:53.682+0100] {dag.py:3823} INFO - Setting next_dagrun for tutorial_objectstorage to None, run_after=None
[2025-03-10T09:23:53.697+0100] {processor.py:183} INFO - Processing /home/philip/de_engineering/airflow_projects/airflow1/venv/lib/python3.10/site-packages/airflow/example_dags/tutorial_objectstorage.py took 0.054 seconds
[2025-03-10T09:24:23.926+0100] {processor.py:161} INFO - Started process (PID=142224) to work on /home/philip/de_engineering/airflow_projects/airflow1/venv/lib/python3.10/site-packages/airflow/example_dags/tutorial_objectstorage.py
[2025-03-10T09:24:23.927+0100] {processor.py:830} INFO - Processing file /home/philip/de_engineering/airflow_projects/airflow1/venv/lib/python3.10/site-packages/airflow/example_dags/tutorial_objectstorage.py for tasks to queue
[2025-03-10T09:24:23.928+0100] {logging_mixin.py:188} INFO - [2025-03-10T09:24:23.928+0100] {dagbag.py:538} INFO - Filling up the DagBag from /home/philip/de_engineering/airflow_projects/airflow1/venv/lib/python3.10/site-packages/airflow/example_dags/tutorial_objectstorage.py
[2025-03-10T09:24:23.934+0100] {processor.py:840} INFO - DAG(s) 'tutorial_objectstorage' retrieved from /home/philip/de_engineering/airflow_projects/airflow1/venv/lib/python3.10/site-packages/airflow/example_dags/tutorial_objectstorage.py
[2025-03-10T09:24:23.954+0100] {logging_mixin.py:188} INFO - [2025-03-10T09:24:23.954+0100] {dag.py:3036} INFO - Sync 1 DAGs
[2025-03-10T09:24:23.964+0100] {logging_mixin.py:188} INFO - [2025-03-10T09:24:23.964+0100] {dag.py:3823} INFO - Setting next_dagrun for tutorial_objectstorage to None, run_after=None
[2025-03-10T09:24:23.979+0100] {processor.py:183} INFO - Processing /home/philip/de_engineering/airflow_projects/airflow1/venv/lib/python3.10/site-packages/airflow/example_dags/tutorial_objectstorage.py took 0.056 seconds
[2025-03-10T09:24:54.403+0100] {processor.py:161} INFO - Started process (PID=142606) to work on /home/philip/de_engineering/airflow_projects/airflow1/venv/lib/python3.10/site-packages/airflow/example_dags/tutorial_objectstorage.py
[2025-03-10T09:24:54.404+0100] {processor.py:830} INFO - Processing file /home/philip/de_engineering/airflow_projects/airflow1/venv/lib/python3.10/site-packages/airflow/example_dags/tutorial_objectstorage.py for tasks to queue
[2025-03-10T09:24:54.405+0100] {logging_mixin.py:188} INFO - [2025-03-10T09:24:54.405+0100] {dagbag.py:538} INFO - Filling up the DagBag from /home/philip/de_engineering/airflow_projects/airflow1/venv/lib/python3.10/site-packages/airflow/example_dags/tutorial_objectstorage.py
[2025-03-10T09:24:54.411+0100] {processor.py:840} INFO - DAG(s) 'tutorial_objectstorage' retrieved from /home/philip/de_engineering/airflow_projects/airflow1/venv/lib/python3.10/site-packages/airflow/example_dags/tutorial_objectstorage.py
[2025-03-10T09:24:54.431+0100] {logging_mixin.py:188} INFO - [2025-03-10T09:24:54.431+0100] {dag.py:3036} INFO - Sync 1 DAGs
[2025-03-10T09:24:54.441+0100] {logging_mixin.py:188} INFO - [2025-03-10T09:24:54.441+0100] {dag.py:3823} INFO - Setting next_dagrun for tutorial_objectstorage to None, run_after=None
[2025-03-10T09:24:54.456+0100] {processor.py:183} INFO - Processing /home/philip/de_engineering/airflow_projects/airflow1/venv/lib/python3.10/site-packages/airflow/example_dags/tutorial_objectstorage.py took 0.057 seconds
[2025-03-10T09:25:24.555+0100] {processor.py:161} INFO - Started process (PID=142985) to work on /home/philip/de_engineering/airflow_projects/airflow1/venv/lib/python3.10/site-packages/airflow/example_dags/tutorial_objectstorage.py
[2025-03-10T09:25:24.556+0100] {processor.py:830} INFO - Processing file /home/philip/de_engineering/airflow_projects/airflow1/venv/lib/python3.10/site-packages/airflow/example_dags/tutorial_objectstorage.py for tasks to queue
[2025-03-10T09:25:24.556+0100] {logging_mixin.py:188} INFO - [2025-03-10T09:25:24.556+0100] {dagbag.py:538} INFO - Filling up the DagBag from /home/philip/de_engineering/airflow_projects/airflow1/venv/lib/python3.10/site-packages/airflow/example_dags/tutorial_objectstorage.py
[2025-03-10T09:25:24.562+0100] {processor.py:840} INFO - DAG(s) 'tutorial_objectstorage' retrieved from /home/philip/de_engineering/airflow_projects/airflow1/venv/lib/python3.10/site-packages/airflow/example_dags/tutorial_objectstorage.py
[2025-03-10T09:25:24.580+0100] {logging_mixin.py:188} INFO - [2025-03-10T09:25:24.580+0100] {dag.py:3036} INFO - Sync 1 DAGs
[2025-03-10T09:25:24.590+0100] {logging_mixin.py:188} INFO - [2025-03-10T09:25:24.589+0100] {dag.py:3823} INFO - Setting next_dagrun for tutorial_objectstorage to None, run_after=None
[2025-03-10T09:25:24.604+0100] {processor.py:183} INFO - Processing /home/philip/de_engineering/airflow_projects/airflow1/venv/lib/python3.10/site-packages/airflow/example_dags/tutorial_objectstorage.py took 0.051 seconds
[2025-03-10T09:25:54.831+0100] {processor.py:161} INFO - Started process (PID=143365) to work on /home/philip/de_engineering/airflow_projects/airflow1/venv/lib/python3.10/site-packages/airflow/example_dags/tutorial_objectstorage.py
[2025-03-10T09:25:54.833+0100] {processor.py:830} INFO - Processing file /home/philip/de_engineering/airflow_projects/airflow1/venv/lib/python3.10/site-packages/airflow/example_dags/tutorial_objectstorage.py for tasks to queue
[2025-03-10T09:25:54.833+0100] {logging_mixin.py:188} INFO - [2025-03-10T09:25:54.833+0100] {dagbag.py:538} INFO - Filling up the DagBag from /home/philip/de_engineering/airflow_projects/airflow1/venv/lib/python3.10/site-packages/airflow/example_dags/tutorial_objectstorage.py
[2025-03-10T09:25:54.839+0100] {processor.py:840} INFO - DAG(s) 'tutorial_objectstorage' retrieved from /home/philip/de_engineering/airflow_projects/airflow1/venv/lib/python3.10/site-packages/airflow/example_dags/tutorial_objectstorage.py
[2025-03-10T09:25:54.858+0100] {logging_mixin.py:188} INFO - [2025-03-10T09:25:54.857+0100] {dag.py:3036} INFO - Sync 1 DAGs
[2025-03-10T09:25:54.868+0100] {logging_mixin.py:188} INFO - [2025-03-10T09:25:54.868+0100] {dag.py:3823} INFO - Setting next_dagrun for tutorial_objectstorage to None, run_after=None
[2025-03-10T09:25:54.882+0100] {processor.py:183} INFO - Processing /home/philip/de_engineering/airflow_projects/airflow1/venv/lib/python3.10/site-packages/airflow/example_dags/tutorial_objectstorage.py took 0.054 seconds
[2025-03-10T09:26:25.285+0100] {processor.py:161} INFO - Started process (PID=143739) to work on /home/philip/de_engineering/airflow_projects/airflow1/venv/lib/python3.10/site-packages/airflow/example_dags/tutorial_objectstorage.py
[2025-03-10T09:26:25.286+0100] {processor.py:830} INFO - Processing file /home/philip/de_engineering/airflow_projects/airflow1/venv/lib/python3.10/site-packages/airflow/example_dags/tutorial_objectstorage.py for tasks to queue
[2025-03-10T09:26:25.287+0100] {logging_mixin.py:188} INFO - [2025-03-10T09:26:25.286+0100] {dagbag.py:538} INFO - Filling up the DagBag from /home/philip/de_engineering/airflow_projects/airflow1/venv/lib/python3.10/site-packages/airflow/example_dags/tutorial_objectstorage.py
[2025-03-10T09:26:25.292+0100] {processor.py:840} INFO - DAG(s) 'tutorial_objectstorage' retrieved from /home/philip/de_engineering/airflow_projects/airflow1/venv/lib/python3.10/site-packages/airflow/example_dags/tutorial_objectstorage.py
[2025-03-10T09:26:25.312+0100] {logging_mixin.py:188} INFO - [2025-03-10T09:26:25.311+0100] {dag.py:3036} INFO - Sync 1 DAGs
[2025-03-10T09:26:25.321+0100] {logging_mixin.py:188} INFO - [2025-03-10T09:26:25.321+0100] {dag.py:3823} INFO - Setting next_dagrun for tutorial_objectstorage to None, run_after=None
[2025-03-10T09:26:25.336+0100] {processor.py:183} INFO - Processing /home/philip/de_engineering/airflow_projects/airflow1/venv/lib/python3.10/site-packages/airflow/example_dags/tutorial_objectstorage.py took 0.054 seconds
[2025-03-10T09:26:55.725+0100] {processor.py:161} INFO - Started process (PID=144120) to work on /home/philip/de_engineering/airflow_projects/airflow1/venv/lib/python3.10/site-packages/airflow/example_dags/tutorial_objectstorage.py
[2025-03-10T09:26:55.726+0100] {processor.py:830} INFO - Processing file /home/philip/de_engineering/airflow_projects/airflow1/venv/lib/python3.10/site-packages/airflow/example_dags/tutorial_objectstorage.py for tasks to queue
[2025-03-10T09:26:55.727+0100] {logging_mixin.py:188} INFO - [2025-03-10T09:26:55.727+0100] {dagbag.py:538} INFO - Filling up the DagBag from /home/philip/de_engineering/airflow_projects/airflow1/venv/lib/python3.10/site-packages/airflow/example_dags/tutorial_objectstorage.py
[2025-03-10T09:26:55.733+0100] {processor.py:840} INFO - DAG(s) 'tutorial_objectstorage' retrieved from /home/philip/de_engineering/airflow_projects/airflow1/venv/lib/python3.10/site-packages/airflow/example_dags/tutorial_objectstorage.py
[2025-03-10T09:26:55.752+0100] {logging_mixin.py:188} INFO - [2025-03-10T09:26:55.752+0100] {dag.py:3036} INFO - Sync 1 DAGs
[2025-03-10T09:26:55.763+0100] {logging_mixin.py:188} INFO - [2025-03-10T09:26:55.762+0100] {dag.py:3823} INFO - Setting next_dagrun for tutorial_objectstorage to None, run_after=None
[2025-03-10T09:26:55.780+0100] {processor.py:183} INFO - Processing /home/philip/de_engineering/airflow_projects/airflow1/venv/lib/python3.10/site-packages/airflow/example_dags/tutorial_objectstorage.py took 0.058 seconds
[2025-03-10T09:27:25.914+0100] {processor.py:161} INFO - Started process (PID=144498) to work on /home/philip/de_engineering/airflow_projects/airflow1/venv/lib/python3.10/site-packages/airflow/example_dags/tutorial_objectstorage.py
[2025-03-10T09:27:25.914+0100] {processor.py:830} INFO - Processing file /home/philip/de_engineering/airflow_projects/airflow1/venv/lib/python3.10/site-packages/airflow/example_dags/tutorial_objectstorage.py for tasks to queue
[2025-03-10T09:27:25.915+0100] {logging_mixin.py:188} INFO - [2025-03-10T09:27:25.915+0100] {dagbag.py:538} INFO - Filling up the DagBag from /home/philip/de_engineering/airflow_projects/airflow1/venv/lib/python3.10/site-packages/airflow/example_dags/tutorial_objectstorage.py
[2025-03-10T09:27:25.924+0100] {processor.py:840} INFO - DAG(s) 'tutorial_objectstorage' retrieved from /home/philip/de_engineering/airflow_projects/airflow1/venv/lib/python3.10/site-packages/airflow/example_dags/tutorial_objectstorage.py
[2025-03-10T09:27:25.948+0100] {logging_mixin.py:188} INFO - [2025-03-10T09:27:25.948+0100] {dag.py:3036} INFO - Sync 1 DAGs
[2025-03-10T09:27:25.965+0100] {logging_mixin.py:188} INFO - [2025-03-10T09:27:25.964+0100] {dag.py:3823} INFO - Setting next_dagrun for tutorial_objectstorage to None, run_after=None
[2025-03-10T09:27:25.986+0100] {processor.py:183} INFO - Processing /home/philip/de_engineering/airflow_projects/airflow1/venv/lib/python3.10/site-packages/airflow/example_dags/tutorial_objectstorage.py took 0.076 seconds
[2025-03-10T09:27:56.187+0100] {processor.py:161} INFO - Started process (PID=144876) to work on /home/philip/de_engineering/airflow_projects/airflow1/venv/lib/python3.10/site-packages/airflow/example_dags/tutorial_objectstorage.py
[2025-03-10T09:27:56.188+0100] {processor.py:830} INFO - Processing file /home/philip/de_engineering/airflow_projects/airflow1/venv/lib/python3.10/site-packages/airflow/example_dags/tutorial_objectstorage.py for tasks to queue
[2025-03-10T09:27:56.189+0100] {logging_mixin.py:188} INFO - [2025-03-10T09:27:56.189+0100] {dagbag.py:538} INFO - Filling up the DagBag from /home/philip/de_engineering/airflow_projects/airflow1/venv/lib/python3.10/site-packages/airflow/example_dags/tutorial_objectstorage.py
[2025-03-10T09:27:56.194+0100] {processor.py:840} INFO - DAG(s) 'tutorial_objectstorage' retrieved from /home/philip/de_engineering/airflow_projects/airflow1/venv/lib/python3.10/site-packages/airflow/example_dags/tutorial_objectstorage.py
[2025-03-10T09:27:56.213+0100] {logging_mixin.py:188} INFO - [2025-03-10T09:27:56.213+0100] {dag.py:3036} INFO - Sync 1 DAGs
[2025-03-10T09:27:56.222+0100] {logging_mixin.py:188} INFO - [2025-03-10T09:27:56.222+0100] {dag.py:3823} INFO - Setting next_dagrun for tutorial_objectstorage to None, run_after=None
[2025-03-10T09:27:56.237+0100] {processor.py:183} INFO - Processing /home/philip/de_engineering/airflow_projects/airflow1/venv/lib/python3.10/site-packages/airflow/example_dags/tutorial_objectstorage.py took 0.053 seconds
[2025-03-10T09:28:26.542+0100] {processor.py:161} INFO - Started process (PID=145255) to work on /home/philip/de_engineering/airflow_projects/airflow1/venv/lib/python3.10/site-packages/airflow/example_dags/tutorial_objectstorage.py
[2025-03-10T09:28:26.543+0100] {processor.py:830} INFO - Processing file /home/philip/de_engineering/airflow_projects/airflow1/venv/lib/python3.10/site-packages/airflow/example_dags/tutorial_objectstorage.py for tasks to queue
[2025-03-10T09:28:26.544+0100] {logging_mixin.py:188} INFO - [2025-03-10T09:28:26.543+0100] {dagbag.py:538} INFO - Filling up the DagBag from /home/philip/de_engineering/airflow_projects/airflow1/venv/lib/python3.10/site-packages/airflow/example_dags/tutorial_objectstorage.py
[2025-03-10T09:28:26.551+0100] {processor.py:840} INFO - DAG(s) 'tutorial_objectstorage' retrieved from /home/philip/de_engineering/airflow_projects/airflow1/venv/lib/python3.10/site-packages/airflow/example_dags/tutorial_objectstorage.py
[2025-03-10T09:28:26.571+0100] {logging_mixin.py:188} INFO - [2025-03-10T09:28:26.570+0100] {dag.py:3036} INFO - Sync 1 DAGs
[2025-03-10T09:28:26.581+0100] {logging_mixin.py:188} INFO - [2025-03-10T09:28:26.581+0100] {dag.py:3823} INFO - Setting next_dagrun for tutorial_objectstorage to None, run_after=None
[2025-03-10T09:28:26.596+0100] {processor.py:183} INFO - Processing /home/philip/de_engineering/airflow_projects/airflow1/venv/lib/python3.10/site-packages/airflow/example_dags/tutorial_objectstorage.py took 0.056 seconds
[2025-03-10T09:28:56.718+0100] {processor.py:161} INFO - Started process (PID=145633) to work on /home/philip/de_engineering/airflow_projects/airflow1/venv/lib/python3.10/site-packages/airflow/example_dags/tutorial_objectstorage.py
[2025-03-10T09:28:56.719+0100] {processor.py:830} INFO - Processing file /home/philip/de_engineering/airflow_projects/airflow1/venv/lib/python3.10/site-packages/airflow/example_dags/tutorial_objectstorage.py for tasks to queue
[2025-03-10T09:28:56.720+0100] {logging_mixin.py:188} INFO - [2025-03-10T09:28:56.720+0100] {dagbag.py:538} INFO - Filling up the DagBag from /home/philip/de_engineering/airflow_projects/airflow1/venv/lib/python3.10/site-packages/airflow/example_dags/tutorial_objectstorage.py
[2025-03-10T09:28:56.726+0100] {processor.py:840} INFO - DAG(s) 'tutorial_objectstorage' retrieved from /home/philip/de_engineering/airflow_projects/airflow1/venv/lib/python3.10/site-packages/airflow/example_dags/tutorial_objectstorage.py
[2025-03-10T09:28:56.744+0100] {logging_mixin.py:188} INFO - [2025-03-10T09:28:56.743+0100] {dag.py:3036} INFO - Sync 1 DAGs
[2025-03-10T09:28:56.754+0100] {logging_mixin.py:188} INFO - [2025-03-10T09:28:56.754+0100] {dag.py:3823} INFO - Setting next_dagrun for tutorial_objectstorage to None, run_after=None
[2025-03-10T09:28:56.768+0100] {processor.py:183} INFO - Processing /home/philip/de_engineering/airflow_projects/airflow1/venv/lib/python3.10/site-packages/airflow/example_dags/tutorial_objectstorage.py took 0.052 seconds
[2025-03-10T09:29:26.942+0100] {processor.py:161} INFO - Started process (PID=146013) to work on /home/philip/de_engineering/airflow_projects/airflow1/venv/lib/python3.10/site-packages/airflow/example_dags/tutorial_objectstorage.py
[2025-03-10T09:29:26.943+0100] {processor.py:830} INFO - Processing file /home/philip/de_engineering/airflow_projects/airflow1/venv/lib/python3.10/site-packages/airflow/example_dags/tutorial_objectstorage.py for tasks to queue
[2025-03-10T09:29:26.944+0100] {logging_mixin.py:188} INFO - [2025-03-10T09:29:26.943+0100] {dagbag.py:538} INFO - Filling up the DagBag from /home/philip/de_engineering/airflow_projects/airflow1/venv/lib/python3.10/site-packages/airflow/example_dags/tutorial_objectstorage.py
[2025-03-10T09:29:26.950+0100] {processor.py:840} INFO - DAG(s) 'tutorial_objectstorage' retrieved from /home/philip/de_engineering/airflow_projects/airflow1/venv/lib/python3.10/site-packages/airflow/example_dags/tutorial_objectstorage.py
[2025-03-10T09:29:26.969+0100] {logging_mixin.py:188} INFO - [2025-03-10T09:29:26.969+0100] {dag.py:3036} INFO - Sync 1 DAGs
[2025-03-10T09:29:26.979+0100] {logging_mixin.py:188} INFO - [2025-03-10T09:29:26.979+0100] {dag.py:3823} INFO - Setting next_dagrun for tutorial_objectstorage to None, run_after=None
[2025-03-10T09:29:26.994+0100] {processor.py:183} INFO - Processing /home/philip/de_engineering/airflow_projects/airflow1/venv/lib/python3.10/site-packages/airflow/example_dags/tutorial_objectstorage.py took 0.054 seconds
[2025-03-10T09:29:57.092+0100] {processor.py:161} INFO - Started process (PID=146388) to work on /home/philip/de_engineering/airflow_projects/airflow1/venv/lib/python3.10/site-packages/airflow/example_dags/tutorial_objectstorage.py
[2025-03-10T09:29:57.093+0100] {processor.py:830} INFO - Processing file /home/philip/de_engineering/airflow_projects/airflow1/venv/lib/python3.10/site-packages/airflow/example_dags/tutorial_objectstorage.py for tasks to queue
[2025-03-10T09:29:57.094+0100] {logging_mixin.py:188} INFO - [2025-03-10T09:29:57.094+0100] {dagbag.py:538} INFO - Filling up the DagBag from /home/philip/de_engineering/airflow_projects/airflow1/venv/lib/python3.10/site-packages/airflow/example_dags/tutorial_objectstorage.py
[2025-03-10T09:29:57.100+0100] {processor.py:840} INFO - DAG(s) 'tutorial_objectstorage' retrieved from /home/philip/de_engineering/airflow_projects/airflow1/venv/lib/python3.10/site-packages/airflow/example_dags/tutorial_objectstorage.py
[2025-03-10T09:29:57.119+0100] {logging_mixin.py:188} INFO - [2025-03-10T09:29:57.119+0100] {dag.py:3036} INFO - Sync 1 DAGs
[2025-03-10T09:29:57.129+0100] {logging_mixin.py:188} INFO - [2025-03-10T09:29:57.129+0100] {dag.py:3823} INFO - Setting next_dagrun for tutorial_objectstorage to None, run_after=None
[2025-03-10T09:29:57.145+0100] {processor.py:183} INFO - Processing /home/philip/de_engineering/airflow_projects/airflow1/venv/lib/python3.10/site-packages/airflow/example_dags/tutorial_objectstorage.py took 0.055 seconds
[2025-03-10T09:30:27.337+0100] {processor.py:161} INFO - Started process (PID=146769) to work on /home/philip/de_engineering/airflow_projects/airflow1/venv/lib/python3.10/site-packages/airflow/example_dags/tutorial_objectstorage.py
[2025-03-10T09:30:27.338+0100] {processor.py:830} INFO - Processing file /home/philip/de_engineering/airflow_projects/airflow1/venv/lib/python3.10/site-packages/airflow/example_dags/tutorial_objectstorage.py for tasks to queue
[2025-03-10T09:30:27.338+0100] {logging_mixin.py:188} INFO - [2025-03-10T09:30:27.338+0100] {dagbag.py:538} INFO - Filling up the DagBag from /home/philip/de_engineering/airflow_projects/airflow1/venv/lib/python3.10/site-packages/airflow/example_dags/tutorial_objectstorage.py
[2025-03-10T09:30:27.344+0100] {processor.py:840} INFO - DAG(s) 'tutorial_objectstorage' retrieved from /home/philip/de_engineering/airflow_projects/airflow1/venv/lib/python3.10/site-packages/airflow/example_dags/tutorial_objectstorage.py
[2025-03-10T09:30:27.363+0100] {logging_mixin.py:188} INFO - [2025-03-10T09:30:27.363+0100] {dag.py:3036} INFO - Sync 1 DAGs
[2025-03-10T09:30:27.374+0100] {logging_mixin.py:188} INFO - [2025-03-10T09:30:27.374+0100] {dag.py:3823} INFO - Setting next_dagrun for tutorial_objectstorage to None, run_after=None
[2025-03-10T09:30:27.389+0100] {processor.py:183} INFO - Processing /home/philip/de_engineering/airflow_projects/airflow1/venv/lib/python3.10/site-packages/airflow/example_dags/tutorial_objectstorage.py took 0.055 seconds
[2025-03-10T09:30:57.476+0100] {processor.py:161} INFO - Started process (PID=147143) to work on /home/philip/de_engineering/airflow_projects/airflow1/venv/lib/python3.10/site-packages/airflow/example_dags/tutorial_objectstorage.py
[2025-03-10T09:30:57.477+0100] {processor.py:830} INFO - Processing file /home/philip/de_engineering/airflow_projects/airflow1/venv/lib/python3.10/site-packages/airflow/example_dags/tutorial_objectstorage.py for tasks to queue
[2025-03-10T09:30:57.478+0100] {logging_mixin.py:188} INFO - [2025-03-10T09:30:57.478+0100] {dagbag.py:538} INFO - Filling up the DagBag from /home/philip/de_engineering/airflow_projects/airflow1/venv/lib/python3.10/site-packages/airflow/example_dags/tutorial_objectstorage.py
[2025-03-10T09:30:57.484+0100] {processor.py:840} INFO - DAG(s) 'tutorial_objectstorage' retrieved from /home/philip/de_engineering/airflow_projects/airflow1/venv/lib/python3.10/site-packages/airflow/example_dags/tutorial_objectstorage.py
[2025-03-10T09:30:57.504+0100] {logging_mixin.py:188} INFO - [2025-03-10T09:30:57.503+0100] {dag.py:3036} INFO - Sync 1 DAGs
[2025-03-10T09:30:57.514+0100] {logging_mixin.py:188} INFO - [2025-03-10T09:30:57.513+0100] {dag.py:3823} INFO - Setting next_dagrun for tutorial_objectstorage to None, run_after=None
[2025-03-10T09:30:57.528+0100] {processor.py:183} INFO - Processing /home/philip/de_engineering/airflow_projects/airflow1/venv/lib/python3.10/site-packages/airflow/example_dags/tutorial_objectstorage.py took 0.055 seconds
[2025-03-10T09:31:27.757+0100] {processor.py:161} INFO - Started process (PID=147524) to work on /home/philip/de_engineering/airflow_projects/airflow1/venv/lib/python3.10/site-packages/airflow/example_dags/tutorial_objectstorage.py
[2025-03-10T09:31:27.758+0100] {processor.py:830} INFO - Processing file /home/philip/de_engineering/airflow_projects/airflow1/venv/lib/python3.10/site-packages/airflow/example_dags/tutorial_objectstorage.py for tasks to queue
[2025-03-10T09:31:27.759+0100] {logging_mixin.py:188} INFO - [2025-03-10T09:31:27.758+0100] {dagbag.py:538} INFO - Filling up the DagBag from /home/philip/de_engineering/airflow_projects/airflow1/venv/lib/python3.10/site-packages/airflow/example_dags/tutorial_objectstorage.py
[2025-03-10T09:31:27.765+0100] {processor.py:840} INFO - DAG(s) 'tutorial_objectstorage' retrieved from /home/philip/de_engineering/airflow_projects/airflow1/venv/lib/python3.10/site-packages/airflow/example_dags/tutorial_objectstorage.py
[2025-03-10T09:31:27.783+0100] {logging_mixin.py:188} INFO - [2025-03-10T09:31:27.783+0100] {dag.py:3036} INFO - Sync 1 DAGs
[2025-03-10T09:31:27.793+0100] {logging_mixin.py:188} INFO - [2025-03-10T09:31:27.793+0100] {dag.py:3823} INFO - Setting next_dagrun for tutorial_objectstorage to None, run_after=None
[2025-03-10T09:31:27.808+0100] {processor.py:183} INFO - Processing /home/philip/de_engineering/airflow_projects/airflow1/venv/lib/python3.10/site-packages/airflow/example_dags/tutorial_objectstorage.py took 0.053 seconds
[2025-03-10T09:31:57.889+0100] {processor.py:161} INFO - Started process (PID=147899) to work on /home/philip/de_engineering/airflow_projects/airflow1/venv/lib/python3.10/site-packages/airflow/example_dags/tutorial_objectstorage.py
[2025-03-10T09:31:57.890+0100] {processor.py:830} INFO - Processing file /home/philip/de_engineering/airflow_projects/airflow1/venv/lib/python3.10/site-packages/airflow/example_dags/tutorial_objectstorage.py for tasks to queue
[2025-03-10T09:31:57.891+0100] {logging_mixin.py:188} INFO - [2025-03-10T09:31:57.891+0100] {dagbag.py:538} INFO - Filling up the DagBag from /home/philip/de_engineering/airflow_projects/airflow1/venv/lib/python3.10/site-packages/airflow/example_dags/tutorial_objectstorage.py
[2025-03-10T09:31:57.896+0100] {processor.py:840} INFO - DAG(s) 'tutorial_objectstorage' retrieved from /home/philip/de_engineering/airflow_projects/airflow1/venv/lib/python3.10/site-packages/airflow/example_dags/tutorial_objectstorage.py
[2025-03-10T09:31:57.914+0100] {logging_mixin.py:188} INFO - [2025-03-10T09:31:57.914+0100] {dag.py:3036} INFO - Sync 1 DAGs
[2025-03-10T09:31:57.924+0100] {logging_mixin.py:188} INFO - [2025-03-10T09:31:57.924+0100] {dag.py:3823} INFO - Setting next_dagrun for tutorial_objectstorage to None, run_after=None
[2025-03-10T09:31:57.938+0100] {processor.py:183} INFO - Processing /home/philip/de_engineering/airflow_projects/airflow1/venv/lib/python3.10/site-packages/airflow/example_dags/tutorial_objectstorage.py took 0.052 seconds
[2025-03-10T09:32:28.065+0100] {processor.py:161} INFO - Started process (PID=148278) to work on /home/philip/de_engineering/airflow_projects/airflow1/venv/lib/python3.10/site-packages/airflow/example_dags/tutorial_objectstorage.py
[2025-03-10T09:32:28.066+0100] {processor.py:830} INFO - Processing file /home/philip/de_engineering/airflow_projects/airflow1/venv/lib/python3.10/site-packages/airflow/example_dags/tutorial_objectstorage.py for tasks to queue
[2025-03-10T09:32:28.067+0100] {logging_mixin.py:188} INFO - [2025-03-10T09:32:28.066+0100] {dagbag.py:538} INFO - Filling up the DagBag from /home/philip/de_engineering/airflow_projects/airflow1/venv/lib/python3.10/site-packages/airflow/example_dags/tutorial_objectstorage.py
[2025-03-10T09:32:28.072+0100] {processor.py:840} INFO - DAG(s) 'tutorial_objectstorage' retrieved from /home/philip/de_engineering/airflow_projects/airflow1/venv/lib/python3.10/site-packages/airflow/example_dags/tutorial_objectstorage.py
[2025-03-10T09:32:28.091+0100] {logging_mixin.py:188} INFO - [2025-03-10T09:32:28.091+0100] {dag.py:3036} INFO - Sync 1 DAGs
[2025-03-10T09:32:28.100+0100] {logging_mixin.py:188} INFO - [2025-03-10T09:32:28.100+0100] {dag.py:3823} INFO - Setting next_dagrun for tutorial_objectstorage to None, run_after=None
[2025-03-10T09:32:28.115+0100] {processor.py:183} INFO - Processing /home/philip/de_engineering/airflow_projects/airflow1/venv/lib/python3.10/site-packages/airflow/example_dags/tutorial_objectstorage.py took 0.052 seconds
[2025-03-10T09:32:58.262+0100] {processor.py:161} INFO - Started process (PID=148653) to work on /home/philip/de_engineering/airflow_projects/airflow1/venv/lib/python3.10/site-packages/airflow/example_dags/tutorial_objectstorage.py
[2025-03-10T09:32:58.264+0100] {processor.py:830} INFO - Processing file /home/philip/de_engineering/airflow_projects/airflow1/venv/lib/python3.10/site-packages/airflow/example_dags/tutorial_objectstorage.py for tasks to queue
[2025-03-10T09:32:58.264+0100] {logging_mixin.py:188} INFO - [2025-03-10T09:32:58.264+0100] {dagbag.py:538} INFO - Filling up the DagBag from /home/philip/de_engineering/airflow_projects/airflow1/venv/lib/python3.10/site-packages/airflow/example_dags/tutorial_objectstorage.py
[2025-03-10T09:32:58.270+0100] {processor.py:840} INFO - DAG(s) 'tutorial_objectstorage' retrieved from /home/philip/de_engineering/airflow_projects/airflow1/venv/lib/python3.10/site-packages/airflow/example_dags/tutorial_objectstorage.py
[2025-03-10T09:32:58.291+0100] {logging_mixin.py:188} INFO - [2025-03-10T09:32:58.290+0100] {dag.py:3036} INFO - Sync 1 DAGs
[2025-03-10T09:32:58.302+0100] {logging_mixin.py:188} INFO - [2025-03-10T09:32:58.301+0100] {dag.py:3823} INFO - Setting next_dagrun for tutorial_objectstorage to None, run_after=None
[2025-03-10T09:32:58.319+0100] {processor.py:183} INFO - Processing /home/philip/de_engineering/airflow_projects/airflow1/venv/lib/python3.10/site-packages/airflow/example_dags/tutorial_objectstorage.py took 0.059 seconds
[2025-03-10T09:33:28.559+0100] {processor.py:161} INFO - Started process (PID=149036) to work on /home/philip/de_engineering/airflow_projects/airflow1/venv/lib/python3.10/site-packages/airflow/example_dags/tutorial_objectstorage.py
[2025-03-10T09:33:28.560+0100] {processor.py:830} INFO - Processing file /home/philip/de_engineering/airflow_projects/airflow1/venv/lib/python3.10/site-packages/airflow/example_dags/tutorial_objectstorage.py for tasks to queue
[2025-03-10T09:33:28.560+0100] {logging_mixin.py:188} INFO - [2025-03-10T09:33:28.560+0100] {dagbag.py:538} INFO - Filling up the DagBag from /home/philip/de_engineering/airflow_projects/airflow1/venv/lib/python3.10/site-packages/airflow/example_dags/tutorial_objectstorage.py
[2025-03-10T09:33:28.567+0100] {processor.py:840} INFO - DAG(s) 'tutorial_objectstorage' retrieved from /home/philip/de_engineering/airflow_projects/airflow1/venv/lib/python3.10/site-packages/airflow/example_dags/tutorial_objectstorage.py
[2025-03-10T09:33:28.586+0100] {logging_mixin.py:188} INFO - [2025-03-10T09:33:28.585+0100] {dag.py:3036} INFO - Sync 1 DAGs
[2025-03-10T09:33:28.595+0100] {logging_mixin.py:188} INFO - [2025-03-10T09:33:28.595+0100] {dag.py:3823} INFO - Setting next_dagrun for tutorial_objectstorage to None, run_after=None
[2025-03-10T09:33:28.612+0100] {processor.py:183} INFO - Processing /home/philip/de_engineering/airflow_projects/airflow1/venv/lib/python3.10/site-packages/airflow/example_dags/tutorial_objectstorage.py took 0.055 seconds
[2025-03-10T09:33:58.758+0100] {processor.py:161} INFO - Started process (PID=149415) to work on /home/philip/de_engineering/airflow_projects/airflow1/venv/lib/python3.10/site-packages/airflow/example_dags/tutorial_objectstorage.py
[2025-03-10T09:33:58.760+0100] {processor.py:830} INFO - Processing file /home/philip/de_engineering/airflow_projects/airflow1/venv/lib/python3.10/site-packages/airflow/example_dags/tutorial_objectstorage.py for tasks to queue
[2025-03-10T09:33:58.761+0100] {logging_mixin.py:188} INFO - [2025-03-10T09:33:58.760+0100] {dagbag.py:538} INFO - Filling up the DagBag from /home/philip/de_engineering/airflow_projects/airflow1/venv/lib/python3.10/site-packages/airflow/example_dags/tutorial_objectstorage.py
[2025-03-10T09:33:58.769+0100] {processor.py:840} INFO - DAG(s) 'tutorial_objectstorage' retrieved from /home/philip/de_engineering/airflow_projects/airflow1/venv/lib/python3.10/site-packages/airflow/example_dags/tutorial_objectstorage.py
[2025-03-10T09:33:58.791+0100] {logging_mixin.py:188} INFO - [2025-03-10T09:33:58.790+0100] {dag.py:3036} INFO - Sync 1 DAGs
[2025-03-10T09:33:58.804+0100] {logging_mixin.py:188} INFO - [2025-03-10T09:33:58.803+0100] {dag.py:3823} INFO - Setting next_dagrun for tutorial_objectstorage to None, run_after=None
[2025-03-10T09:33:58.819+0100] {processor.py:183} INFO - Processing /home/philip/de_engineering/airflow_projects/airflow1/venv/lib/python3.10/site-packages/airflow/example_dags/tutorial_objectstorage.py took 0.064 seconds
[2025-03-10T09:34:29.011+0100] {processor.py:161} INFO - Started process (PID=149790) to work on /home/philip/de_engineering/airflow_projects/airflow1/venv/lib/python3.10/site-packages/airflow/example_dags/tutorial_objectstorage.py
[2025-03-10T09:34:29.012+0100] {processor.py:830} INFO - Processing file /home/philip/de_engineering/airflow_projects/airflow1/venv/lib/python3.10/site-packages/airflow/example_dags/tutorial_objectstorage.py for tasks to queue
[2025-03-10T09:34:29.012+0100] {logging_mixin.py:188} INFO - [2025-03-10T09:34:29.012+0100] {dagbag.py:538} INFO - Filling up the DagBag from /home/philip/de_engineering/airflow_projects/airflow1/venv/lib/python3.10/site-packages/airflow/example_dags/tutorial_objectstorage.py
[2025-03-10T09:34:29.018+0100] {processor.py:840} INFO - DAG(s) 'tutorial_objectstorage' retrieved from /home/philip/de_engineering/airflow_projects/airflow1/venv/lib/python3.10/site-packages/airflow/example_dags/tutorial_objectstorage.py
[2025-03-10T09:34:29.038+0100] {logging_mixin.py:188} INFO - [2025-03-10T09:34:29.038+0100] {dag.py:3036} INFO - Sync 1 DAGs
[2025-03-10T09:34:29.047+0100] {logging_mixin.py:188} INFO - [2025-03-10T09:34:29.047+0100] {dag.py:3823} INFO - Setting next_dagrun for tutorial_objectstorage to None, run_after=None
[2025-03-10T09:34:29.062+0100] {processor.py:183} INFO - Processing /home/philip/de_engineering/airflow_projects/airflow1/venv/lib/python3.10/site-packages/airflow/example_dags/tutorial_objectstorage.py took 0.054 seconds
[2025-03-10T09:34:59.227+0100] {processor.py:161} INFO - Started process (PID=150173) to work on /home/philip/de_engineering/airflow_projects/airflow1/venv/lib/python3.10/site-packages/airflow/example_dags/tutorial_objectstorage.py
[2025-03-10T09:34:59.229+0100] {processor.py:830} INFO - Processing file /home/philip/de_engineering/airflow_projects/airflow1/venv/lib/python3.10/site-packages/airflow/example_dags/tutorial_objectstorage.py for tasks to queue
[2025-03-10T09:34:59.229+0100] {logging_mixin.py:188} INFO - [2025-03-10T09:34:59.229+0100] {dagbag.py:538} INFO - Filling up the DagBag from /home/philip/de_engineering/airflow_projects/airflow1/venv/lib/python3.10/site-packages/airflow/example_dags/tutorial_objectstorage.py
[2025-03-10T09:34:59.235+0100] {processor.py:840} INFO - DAG(s) 'tutorial_objectstorage' retrieved from /home/philip/de_engineering/airflow_projects/airflow1/venv/lib/python3.10/site-packages/airflow/example_dags/tutorial_objectstorage.py
[2025-03-10T09:34:59.253+0100] {logging_mixin.py:188} INFO - [2025-03-10T09:34:59.253+0100] {dag.py:3036} INFO - Sync 1 DAGs
[2025-03-10T09:34:59.263+0100] {logging_mixin.py:188} INFO - [2025-03-10T09:34:59.262+0100] {dag.py:3823} INFO - Setting next_dagrun for tutorial_objectstorage to None, run_after=None
[2025-03-10T09:34:59.277+0100] {processor.py:183} INFO - Processing /home/philip/de_engineering/airflow_projects/airflow1/venv/lib/python3.10/site-packages/airflow/example_dags/tutorial_objectstorage.py took 0.052 seconds
[2025-03-10T09:35:29.446+0100] {processor.py:161} INFO - Started process (PID=150550) to work on /home/philip/de_engineering/airflow_projects/airflow1/venv/lib/python3.10/site-packages/airflow/example_dags/tutorial_objectstorage.py
[2025-03-10T09:35:29.447+0100] {processor.py:830} INFO - Processing file /home/philip/de_engineering/airflow_projects/airflow1/venv/lib/python3.10/site-packages/airflow/example_dags/tutorial_objectstorage.py for tasks to queue
[2025-03-10T09:35:29.447+0100] {logging_mixin.py:188} INFO - [2025-03-10T09:35:29.447+0100] {dagbag.py:538} INFO - Filling up the DagBag from /home/philip/de_engineering/airflow_projects/airflow1/venv/lib/python3.10/site-packages/airflow/example_dags/tutorial_objectstorage.py
[2025-03-10T09:35:29.453+0100] {processor.py:840} INFO - DAG(s) 'tutorial_objectstorage' retrieved from /home/philip/de_engineering/airflow_projects/airflow1/venv/lib/python3.10/site-packages/airflow/example_dags/tutorial_objectstorage.py
[2025-03-10T09:35:29.472+0100] {logging_mixin.py:188} INFO - [2025-03-10T09:35:29.472+0100] {dag.py:3036} INFO - Sync 1 DAGs
[2025-03-10T09:35:29.481+0100] {logging_mixin.py:188} INFO - [2025-03-10T09:35:29.481+0100] {dag.py:3823} INFO - Setting next_dagrun for tutorial_objectstorage to None, run_after=None
[2025-03-10T09:35:29.496+0100] {processor.py:183} INFO - Processing /home/philip/de_engineering/airflow_projects/airflow1/venv/lib/python3.10/site-packages/airflow/example_dags/tutorial_objectstorage.py took 0.052 seconds
[2025-03-10T09:35:59.695+0100] {processor.py:161} INFO - Started process (PID=150932) to work on /home/philip/de_engineering/airflow_projects/airflow1/venv/lib/python3.10/site-packages/airflow/example_dags/tutorial_objectstorage.py
[2025-03-10T09:35:59.696+0100] {processor.py:830} INFO - Processing file /home/philip/de_engineering/airflow_projects/airflow1/venv/lib/python3.10/site-packages/airflow/example_dags/tutorial_objectstorage.py for tasks to queue
[2025-03-10T09:35:59.697+0100] {logging_mixin.py:188} INFO - [2025-03-10T09:35:59.697+0100] {dagbag.py:538} INFO - Filling up the DagBag from /home/philip/de_engineering/airflow_projects/airflow1/venv/lib/python3.10/site-packages/airflow/example_dags/tutorial_objectstorage.py
[2025-03-10T09:35:59.704+0100] {processor.py:840} INFO - DAG(s) 'tutorial_objectstorage' retrieved from /home/philip/de_engineering/airflow_projects/airflow1/venv/lib/python3.10/site-packages/airflow/example_dags/tutorial_objectstorage.py
[2025-03-10T09:35:59.726+0100] {logging_mixin.py:188} INFO - [2025-03-10T09:35:59.726+0100] {dag.py:3036} INFO - Sync 1 DAGs
[2025-03-10T09:35:59.737+0100] {logging_mixin.py:188} INFO - [2025-03-10T09:35:59.737+0100] {dag.py:3823} INFO - Setting next_dagrun for tutorial_objectstorage to None, run_after=None
[2025-03-10T09:35:59.754+0100] {processor.py:183} INFO - Processing /home/philip/de_engineering/airflow_projects/airflow1/venv/lib/python3.10/site-packages/airflow/example_dags/tutorial_objectstorage.py took 0.062 seconds
