[2025-03-10T09:14:23.445+0100] {processor.py:161} INFO - Started process (PID=136842) to work on /home/philip/de_engineering/airflow_projects/airflow1/venv/lib/python3.10/site-packages/airflow/example_dags/tutorial_dag.py
[2025-03-10T09:14:23.446+0100] {processor.py:830} INFO - Processing file /home/philip/de_engineering/airflow_projects/airflow1/venv/lib/python3.10/site-packages/airflow/example_dags/tutorial_dag.py for tasks to queue
[2025-03-10T09:14:23.446+0100] {logging_mixin.py:188} INFO - [2025-03-10T09:14:23.446+0100] {dagbag.py:538} INFO - Filling up the DagBag from /home/philip/de_engineering/airflow_projects/airflow1/venv/lib/python3.10/site-packages/airflow/example_dags/tutorial_dag.py
[2025-03-10T09:14:23.452+0100] {processor.py:840} INFO - DAG(s) 'tutorial_dag' retrieved from /home/philip/de_engineering/airflow_projects/airflow1/venv/lib/python3.10/site-packages/airflow/example_dags/tutorial_dag.py
[2025-03-10T09:14:23.528+0100] {logging_mixin.py:188} INFO - [2025-03-10T09:14:23.528+0100] {override.py:1769} INFO - Created Permission View: can read on DAG:tutorial_dag
[2025-03-10T09:14:23.536+0100] {logging_mixin.py:188} INFO - [2025-03-10T09:14:23.536+0100] {override.py:1769} INFO - Created Permission View: can delete on DAG:tutorial_dag
[2025-03-10T09:14:23.541+0100] {logging_mixin.py:188} INFO - [2025-03-10T09:14:23.540+0100] {override.py:1769} INFO - Created Permission View: can edit on DAG:tutorial_dag
[2025-03-10T09:14:23.541+0100] {logging_mixin.py:188} INFO - [2025-03-10T09:14:23.541+0100] {dag.py:3036} INFO - Sync 1 DAGs
[2025-03-10T09:14:23.552+0100] {logging_mixin.py:188} INFO - [2025-03-10T09:14:23.551+0100] {dag.py:3058} INFO - Creating ORM DAG for tutorial_dag
[2025-03-10T09:14:23.552+0100] {logging_mixin.py:188} INFO - [2025-03-10T09:14:23.552+0100] {dag.py:3823} INFO - Setting next_dagrun for tutorial_dag to None, run_after=None
[2025-03-10T09:14:23.566+0100] {processor.py:183} INFO - Processing /home/philip/de_engineering/airflow_projects/airflow1/venv/lib/python3.10/site-packages/airflow/example_dags/tutorial_dag.py took 0.123 seconds
[2025-03-10T09:14:54.994+0100] {processor.py:161} INFO - Started process (PID=136955) to work on /home/philip/de_engineering/airflow_projects/airflow1/venv/lib/python3.10/site-packages/airflow/example_dags/tutorial_dag.py
[2025-03-10T09:14:54.994+0100] {processor.py:830} INFO - Processing file /home/philip/de_engineering/airflow_projects/airflow1/venv/lib/python3.10/site-packages/airflow/example_dags/tutorial_dag.py for tasks to queue
[2025-03-10T09:14:54.995+0100] {logging_mixin.py:188} INFO - [2025-03-10T09:14:54.995+0100] {dagbag.py:538} INFO - Filling up the DagBag from /home/philip/de_engineering/airflow_projects/airflow1/venv/lib/python3.10/site-packages/airflow/example_dags/tutorial_dag.py
[2025-03-10T09:14:55.000+0100] {processor.py:840} INFO - DAG(s) 'tutorial_dag' retrieved from /home/philip/de_engineering/airflow_projects/airflow1/venv/lib/python3.10/site-packages/airflow/example_dags/tutorial_dag.py
[2025-03-10T09:14:55.021+0100] {logging_mixin.py:188} INFO - [2025-03-10T09:14:55.021+0100] {dag.py:3036} INFO - Sync 1 DAGs
[2025-03-10T09:14:55.032+0100] {logging_mixin.py:188} INFO - [2025-03-10T09:14:55.031+0100] {dag.py:3823} INFO - Setting next_dagrun for tutorial_dag to None, run_after=None
[2025-03-10T09:14:55.046+0100] {processor.py:183} INFO - Processing /home/philip/de_engineering/airflow_projects/airflow1/venv/lib/python3.10/site-packages/airflow/example_dags/tutorial_dag.py took 0.055 seconds
[2025-03-10T09:15:25.178+0100] {processor.py:161} INFO - Started process (PID=137056) to work on /home/philip/de_engineering/airflow_projects/airflow1/venv/lib/python3.10/site-packages/airflow/example_dags/tutorial_dag.py
[2025-03-10T09:15:25.179+0100] {processor.py:830} INFO - Processing file /home/philip/de_engineering/airflow_projects/airflow1/venv/lib/python3.10/site-packages/airflow/example_dags/tutorial_dag.py for tasks to queue
[2025-03-10T09:15:25.180+0100] {logging_mixin.py:188} INFO - [2025-03-10T09:15:25.180+0100] {dagbag.py:538} INFO - Filling up the DagBag from /home/philip/de_engineering/airflow_projects/airflow1/venv/lib/python3.10/site-packages/airflow/example_dags/tutorial_dag.py
[2025-03-10T09:15:25.184+0100] {processor.py:840} INFO - DAG(s) 'tutorial_dag' retrieved from /home/philip/de_engineering/airflow_projects/airflow1/venv/lib/python3.10/site-packages/airflow/example_dags/tutorial_dag.py
[2025-03-10T09:15:25.204+0100] {logging_mixin.py:188} INFO - [2025-03-10T09:15:25.204+0100] {dag.py:3036} INFO - Sync 1 DAGs
[2025-03-10T09:15:25.213+0100] {logging_mixin.py:188} INFO - [2025-03-10T09:15:25.213+0100] {dag.py:3823} INFO - Setting next_dagrun for tutorial_dag to None, run_after=None
[2025-03-10T09:15:25.228+0100] {processor.py:183} INFO - Processing /home/philip/de_engineering/airflow_projects/airflow1/venv/lib/python3.10/site-packages/airflow/example_dags/tutorial_dag.py took 0.052 seconds
[2025-03-10T09:15:55.383+0100] {processor.py:161} INFO - Started process (PID=137157) to work on /home/philip/de_engineering/airflow_projects/airflow1/venv/lib/python3.10/site-packages/airflow/example_dags/tutorial_dag.py
[2025-03-10T09:15:55.384+0100] {processor.py:830} INFO - Processing file /home/philip/de_engineering/airflow_projects/airflow1/venv/lib/python3.10/site-packages/airflow/example_dags/tutorial_dag.py for tasks to queue
[2025-03-10T09:15:55.384+0100] {logging_mixin.py:188} INFO - [2025-03-10T09:15:55.384+0100] {dagbag.py:538} INFO - Filling up the DagBag from /home/philip/de_engineering/airflow_projects/airflow1/venv/lib/python3.10/site-packages/airflow/example_dags/tutorial_dag.py
[2025-03-10T09:15:55.389+0100] {processor.py:840} INFO - DAG(s) 'tutorial_dag' retrieved from /home/philip/de_engineering/airflow_projects/airflow1/venv/lib/python3.10/site-packages/airflow/example_dags/tutorial_dag.py
[2025-03-10T09:15:55.413+0100] {logging_mixin.py:188} INFO - [2025-03-10T09:15:55.413+0100] {dag.py:3036} INFO - Sync 1 DAGs
[2025-03-10T09:15:55.424+0100] {logging_mixin.py:188} INFO - [2025-03-10T09:15:55.424+0100] {dag.py:3823} INFO - Setting next_dagrun for tutorial_dag to None, run_after=None
[2025-03-10T09:15:55.439+0100] {processor.py:183} INFO - Processing /home/philip/de_engineering/airflow_projects/airflow1/venv/lib/python3.10/site-packages/airflow/example_dags/tutorial_dag.py took 0.060 seconds
[2025-03-10T09:16:25.979+0100] {processor.py:161} INFO - Started process (PID=137533) to work on /home/philip/de_engineering/airflow_projects/airflow1/venv/lib/python3.10/site-packages/airflow/example_dags/tutorial_dag.py
[2025-03-10T09:16:25.980+0100] {processor.py:830} INFO - Processing file /home/philip/de_engineering/airflow_projects/airflow1/venv/lib/python3.10/site-packages/airflow/example_dags/tutorial_dag.py for tasks to queue
[2025-03-10T09:16:25.981+0100] {logging_mixin.py:188} INFO - [2025-03-10T09:16:25.981+0100] {dagbag.py:538} INFO - Filling up the DagBag from /home/philip/de_engineering/airflow_projects/airflow1/venv/lib/python3.10/site-packages/airflow/example_dags/tutorial_dag.py
[2025-03-10T09:16:25.987+0100] {processor.py:840} INFO - DAG(s) 'tutorial_dag' retrieved from /home/philip/de_engineering/airflow_projects/airflow1/venv/lib/python3.10/site-packages/airflow/example_dags/tutorial_dag.py
[2025-03-10T09:16:26.011+0100] {logging_mixin.py:188} INFO - [2025-03-10T09:16:26.010+0100] {dag.py:3036} INFO - Sync 1 DAGs
[2025-03-10T09:16:26.023+0100] {logging_mixin.py:188} INFO - [2025-03-10T09:16:26.023+0100] {dag.py:3823} INFO - Setting next_dagrun for tutorial_dag to None, run_after=None
[2025-03-10T09:16:26.043+0100] {processor.py:183} INFO - Processing /home/philip/de_engineering/airflow_projects/airflow1/venv/lib/python3.10/site-packages/airflow/example_dags/tutorial_dag.py took 0.068 seconds
[2025-03-10T09:16:56.115+0100] {processor.py:161} INFO - Started process (PID=137716) to work on /home/philip/de_engineering/airflow_projects/airflow1/venv/lib/python3.10/site-packages/airflow/example_dags/tutorial_dag.py
[2025-03-10T09:16:56.116+0100] {processor.py:830} INFO - Processing file /home/philip/de_engineering/airflow_projects/airflow1/venv/lib/python3.10/site-packages/airflow/example_dags/tutorial_dag.py for tasks to queue
[2025-03-10T09:16:56.117+0100] {logging_mixin.py:188} INFO - [2025-03-10T09:16:56.117+0100] {dagbag.py:538} INFO - Filling up the DagBag from /home/philip/de_engineering/airflow_projects/airflow1/venv/lib/python3.10/site-packages/airflow/example_dags/tutorial_dag.py
[2025-03-10T09:16:56.122+0100] {processor.py:840} INFO - DAG(s) 'tutorial_dag' retrieved from /home/philip/de_engineering/airflow_projects/airflow1/venv/lib/python3.10/site-packages/airflow/example_dags/tutorial_dag.py
[2025-03-10T09:16:56.144+0100] {logging_mixin.py:188} INFO - [2025-03-10T09:16:56.144+0100] {dag.py:3036} INFO - Sync 1 DAGs
[2025-03-10T09:16:56.154+0100] {logging_mixin.py:188} INFO - [2025-03-10T09:16:56.154+0100] {dag.py:3823} INFO - Setting next_dagrun for tutorial_dag to None, run_after=None
[2025-03-10T09:16:56.172+0100] {processor.py:183} INFO - Processing /home/philip/de_engineering/airflow_projects/airflow1/venv/lib/python3.10/site-packages/airflow/example_dags/tutorial_dag.py took 0.059 seconds
[2025-03-10T09:17:26.407+0100] {processor.py:161} INFO - Started process (PID=137908) to work on /home/philip/de_engineering/airflow_projects/airflow1/venv/lib/python3.10/site-packages/airflow/example_dags/tutorial_dag.py
[2025-03-10T09:17:26.409+0100] {processor.py:830} INFO - Processing file /home/philip/de_engineering/airflow_projects/airflow1/venv/lib/python3.10/site-packages/airflow/example_dags/tutorial_dag.py for tasks to queue
[2025-03-10T09:17:26.410+0100] {logging_mixin.py:188} INFO - [2025-03-10T09:17:26.409+0100] {dagbag.py:538} INFO - Filling up the DagBag from /home/philip/de_engineering/airflow_projects/airflow1/venv/lib/python3.10/site-packages/airflow/example_dags/tutorial_dag.py
[2025-03-10T09:17:26.415+0100] {processor.py:840} INFO - DAG(s) 'tutorial_dag' retrieved from /home/philip/de_engineering/airflow_projects/airflow1/venv/lib/python3.10/site-packages/airflow/example_dags/tutorial_dag.py
[2025-03-10T09:17:26.435+0100] {logging_mixin.py:188} INFO - [2025-03-10T09:17:26.435+0100] {dag.py:3036} INFO - Sync 1 DAGs
[2025-03-10T09:17:26.445+0100] {logging_mixin.py:188} INFO - [2025-03-10T09:17:26.445+0100] {dag.py:3823} INFO - Setting next_dagrun for tutorial_dag to None, run_after=None
[2025-03-10T09:17:26.459+0100] {processor.py:183} INFO - Processing /home/philip/de_engineering/airflow_projects/airflow1/venv/lib/python3.10/site-packages/airflow/example_dags/tutorial_dag.py took 0.055 seconds
[2025-03-10T09:19:20.322+0100] {processor.py:161} INFO - Started process (PID=138487) to work on /home/philip/de_engineering/airflow_projects/airflow1/venv/lib/python3.10/site-packages/airflow/example_dags/tutorial_dag.py
[2025-03-10T09:19:20.323+0100] {processor.py:830} INFO - Processing file /home/philip/de_engineering/airflow_projects/airflow1/venv/lib/python3.10/site-packages/airflow/example_dags/tutorial_dag.py for tasks to queue
[2025-03-10T09:19:20.324+0100] {logging_mixin.py:188} INFO - [2025-03-10T09:19:20.324+0100] {dagbag.py:538} INFO - Filling up the DagBag from /home/philip/de_engineering/airflow_projects/airflow1/venv/lib/python3.10/site-packages/airflow/example_dags/tutorial_dag.py
[2025-03-10T09:19:20.331+0100] {processor.py:840} INFO - DAG(s) 'tutorial_dag' retrieved from /home/philip/de_engineering/airflow_projects/airflow1/venv/lib/python3.10/site-packages/airflow/example_dags/tutorial_dag.py
[2025-03-10T09:19:20.428+0100] {logging_mixin.py:188} INFO - [2025-03-10T09:19:20.427+0100] {dag.py:3036} INFO - Sync 1 DAGs
[2025-03-10T09:19:20.438+0100] {logging_mixin.py:188} INFO - [2025-03-10T09:19:20.438+0100] {dag.py:3823} INFO - Setting next_dagrun for tutorial_dag to None, run_after=None
[2025-03-10T09:19:20.458+0100] {processor.py:183} INFO - Processing /home/philip/de_engineering/airflow_projects/airflow1/venv/lib/python3.10/site-packages/airflow/example_dags/tutorial_dag.py took 0.140 seconds
[2025-03-10T09:19:50.913+0100] {processor.py:161} INFO - Started process (PID=138827) to work on /home/philip/de_engineering/airflow_projects/airflow1/venv/lib/python3.10/site-packages/airflow/example_dags/tutorial_dag.py
[2025-03-10T09:19:50.914+0100] {processor.py:830} INFO - Processing file /home/philip/de_engineering/airflow_projects/airflow1/venv/lib/python3.10/site-packages/airflow/example_dags/tutorial_dag.py for tasks to queue
[2025-03-10T09:19:50.914+0100] {logging_mixin.py:188} INFO - [2025-03-10T09:19:50.914+0100] {dagbag.py:538} INFO - Filling up the DagBag from /home/philip/de_engineering/airflow_projects/airflow1/venv/lib/python3.10/site-packages/airflow/example_dags/tutorial_dag.py
[2025-03-10T09:19:50.919+0100] {processor.py:840} INFO - DAG(s) 'tutorial_dag' retrieved from /home/philip/de_engineering/airflow_projects/airflow1/venv/lib/python3.10/site-packages/airflow/example_dags/tutorial_dag.py
[2025-03-10T09:19:50.940+0100] {logging_mixin.py:188} INFO - [2025-03-10T09:19:50.940+0100] {dag.py:3036} INFO - Sync 1 DAGs
[2025-03-10T09:19:50.950+0100] {logging_mixin.py:188} INFO - [2025-03-10T09:19:50.950+0100] {dag.py:3823} INFO - Setting next_dagrun for tutorial_dag to None, run_after=None
[2025-03-10T09:19:50.965+0100] {processor.py:183} INFO - Processing /home/philip/de_engineering/airflow_projects/airflow1/venv/lib/python3.10/site-packages/airflow/example_dags/tutorial_dag.py took 0.055 seconds
[2025-03-10T09:20:21.394+0100] {processor.py:161} INFO - Started process (PID=139202) to work on /home/philip/de_engineering/airflow_projects/airflow1/venv/lib/python3.10/site-packages/airflow/example_dags/tutorial_dag.py
[2025-03-10T09:20:21.395+0100] {processor.py:830} INFO - Processing file /home/philip/de_engineering/airflow_projects/airflow1/venv/lib/python3.10/site-packages/airflow/example_dags/tutorial_dag.py for tasks to queue
[2025-03-10T09:20:21.396+0100] {logging_mixin.py:188} INFO - [2025-03-10T09:20:21.396+0100] {dagbag.py:538} INFO - Filling up the DagBag from /home/philip/de_engineering/airflow_projects/airflow1/venv/lib/python3.10/site-packages/airflow/example_dags/tutorial_dag.py
[2025-03-10T09:20:21.401+0100] {processor.py:840} INFO - DAG(s) 'tutorial_dag' retrieved from /home/philip/de_engineering/airflow_projects/airflow1/venv/lib/python3.10/site-packages/airflow/example_dags/tutorial_dag.py
[2025-03-10T09:20:21.423+0100] {logging_mixin.py:188} INFO - [2025-03-10T09:20:21.423+0100] {dag.py:3036} INFO - Sync 1 DAGs
[2025-03-10T09:20:21.435+0100] {logging_mixin.py:188} INFO - [2025-03-10T09:20:21.434+0100] {dag.py:3823} INFO - Setting next_dagrun for tutorial_dag to None, run_after=None
[2025-03-10T09:20:21.449+0100] {processor.py:183} INFO - Processing /home/philip/de_engineering/airflow_projects/airflow1/venv/lib/python3.10/site-packages/airflow/example_dags/tutorial_dag.py took 0.058 seconds
[2025-03-10T09:20:51.919+0100] {processor.py:161} INFO - Started process (PID=139582) to work on /home/philip/de_engineering/airflow_projects/airflow1/venv/lib/python3.10/site-packages/airflow/example_dags/tutorial_dag.py
[2025-03-10T09:20:51.920+0100] {processor.py:830} INFO - Processing file /home/philip/de_engineering/airflow_projects/airflow1/venv/lib/python3.10/site-packages/airflow/example_dags/tutorial_dag.py for tasks to queue
[2025-03-10T09:20:51.921+0100] {logging_mixin.py:188} INFO - [2025-03-10T09:20:51.921+0100] {dagbag.py:538} INFO - Filling up the DagBag from /home/philip/de_engineering/airflow_projects/airflow1/venv/lib/python3.10/site-packages/airflow/example_dags/tutorial_dag.py
[2025-03-10T09:20:51.926+0100] {processor.py:840} INFO - DAG(s) 'tutorial_dag' retrieved from /home/philip/de_engineering/airflow_projects/airflow1/venv/lib/python3.10/site-packages/airflow/example_dags/tutorial_dag.py
[2025-03-10T09:20:51.946+0100] {logging_mixin.py:188} INFO - [2025-03-10T09:20:51.946+0100] {dag.py:3036} INFO - Sync 1 DAGs
[2025-03-10T09:20:51.956+0100] {logging_mixin.py:188} INFO - [2025-03-10T09:20:51.956+0100] {dag.py:3823} INFO - Setting next_dagrun for tutorial_dag to None, run_after=None
[2025-03-10T09:20:51.973+0100] {processor.py:183} INFO - Processing /home/philip/de_engineering/airflow_projects/airflow1/venv/lib/python3.10/site-packages/airflow/example_dags/tutorial_dag.py took 0.057 seconds
[2025-03-10T09:21:22.372+0100] {processor.py:161} INFO - Started process (PID=139965) to work on /home/philip/de_engineering/airflow_projects/airflow1/venv/lib/python3.10/site-packages/airflow/example_dags/tutorial_dag.py
[2025-03-10T09:21:22.373+0100] {processor.py:830} INFO - Processing file /home/philip/de_engineering/airflow_projects/airflow1/venv/lib/python3.10/site-packages/airflow/example_dags/tutorial_dag.py for tasks to queue
[2025-03-10T09:21:22.374+0100] {logging_mixin.py:188} INFO - [2025-03-10T09:21:22.374+0100] {dagbag.py:538} INFO - Filling up the DagBag from /home/philip/de_engineering/airflow_projects/airflow1/venv/lib/python3.10/site-packages/airflow/example_dags/tutorial_dag.py
[2025-03-10T09:21:22.379+0100] {processor.py:840} INFO - DAG(s) 'tutorial_dag' retrieved from /home/philip/de_engineering/airflow_projects/airflow1/venv/lib/python3.10/site-packages/airflow/example_dags/tutorial_dag.py
[2025-03-10T09:21:22.399+0100] {logging_mixin.py:188} INFO - [2025-03-10T09:21:22.399+0100] {dag.py:3036} INFO - Sync 1 DAGs
[2025-03-10T09:21:22.409+0100] {logging_mixin.py:188} INFO - [2025-03-10T09:21:22.409+0100] {dag.py:3823} INFO - Setting next_dagrun for tutorial_dag to None, run_after=None
[2025-03-10T09:21:22.424+0100] {processor.py:183} INFO - Processing /home/philip/de_engineering/airflow_projects/airflow1/venv/lib/python3.10/site-packages/airflow/example_dags/tutorial_dag.py took 0.055 seconds
[2025-03-10T09:21:52.653+0100] {processor.py:161} INFO - Started process (PID=140341) to work on /home/philip/de_engineering/airflow_projects/airflow1/venv/lib/python3.10/site-packages/airflow/example_dags/tutorial_dag.py
[2025-03-10T09:21:52.654+0100] {processor.py:830} INFO - Processing file /home/philip/de_engineering/airflow_projects/airflow1/venv/lib/python3.10/site-packages/airflow/example_dags/tutorial_dag.py for tasks to queue
[2025-03-10T09:21:52.655+0100] {logging_mixin.py:188} INFO - [2025-03-10T09:21:52.655+0100] {dagbag.py:538} INFO - Filling up the DagBag from /home/philip/de_engineering/airflow_projects/airflow1/venv/lib/python3.10/site-packages/airflow/example_dags/tutorial_dag.py
[2025-03-10T09:21:52.659+0100] {processor.py:840} INFO - DAG(s) 'tutorial_dag' retrieved from /home/philip/de_engineering/airflow_projects/airflow1/venv/lib/python3.10/site-packages/airflow/example_dags/tutorial_dag.py
[2025-03-10T09:21:52.680+0100] {logging_mixin.py:188} INFO - [2025-03-10T09:21:52.680+0100] {dag.py:3036} INFO - Sync 1 DAGs
[2025-03-10T09:21:52.690+0100] {logging_mixin.py:188} INFO - [2025-03-10T09:21:52.690+0100] {dag.py:3823} INFO - Setting next_dagrun for tutorial_dag to None, run_after=None
[2025-03-10T09:21:52.706+0100] {processor.py:183} INFO - Processing /home/philip/de_engineering/airflow_projects/airflow1/venv/lib/python3.10/site-packages/airflow/example_dags/tutorial_dag.py took 0.056 seconds
[2025-03-10T09:22:22.921+0100] {processor.py:161} INFO - Started process (PID=140722) to work on /home/philip/de_engineering/airflow_projects/airflow1/venv/lib/python3.10/site-packages/airflow/example_dags/tutorial_dag.py
[2025-03-10T09:22:22.922+0100] {processor.py:830} INFO - Processing file /home/philip/de_engineering/airflow_projects/airflow1/venv/lib/python3.10/site-packages/airflow/example_dags/tutorial_dag.py for tasks to queue
[2025-03-10T09:22:22.923+0100] {logging_mixin.py:188} INFO - [2025-03-10T09:22:22.923+0100] {dagbag.py:538} INFO - Filling up the DagBag from /home/philip/de_engineering/airflow_projects/airflow1/venv/lib/python3.10/site-packages/airflow/example_dags/tutorial_dag.py
[2025-03-10T09:22:22.928+0100] {processor.py:840} INFO - DAG(s) 'tutorial_dag' retrieved from /home/philip/de_engineering/airflow_projects/airflow1/venv/lib/python3.10/site-packages/airflow/example_dags/tutorial_dag.py
[2025-03-10T09:22:22.948+0100] {logging_mixin.py:188} INFO - [2025-03-10T09:22:22.947+0100] {dag.py:3036} INFO - Sync 1 DAGs
[2025-03-10T09:22:22.959+0100] {logging_mixin.py:188} INFO - [2025-03-10T09:22:22.958+0100] {dag.py:3823} INFO - Setting next_dagrun for tutorial_dag to None, run_after=None
[2025-03-10T09:22:22.973+0100] {processor.py:183} INFO - Processing /home/philip/de_engineering/airflow_projects/airflow1/venv/lib/python3.10/site-packages/airflow/example_dags/tutorial_dag.py took 0.055 seconds
[2025-03-10T09:22:53.098+0100] {processor.py:161} INFO - Started process (PID=141096) to work on /home/philip/de_engineering/airflow_projects/airflow1/venv/lib/python3.10/site-packages/airflow/example_dags/tutorial_dag.py
[2025-03-10T09:22:53.099+0100] {processor.py:830} INFO - Processing file /home/philip/de_engineering/airflow_projects/airflow1/venv/lib/python3.10/site-packages/airflow/example_dags/tutorial_dag.py for tasks to queue
[2025-03-10T09:22:53.100+0100] {logging_mixin.py:188} INFO - [2025-03-10T09:22:53.100+0100] {dagbag.py:538} INFO - Filling up the DagBag from /home/philip/de_engineering/airflow_projects/airflow1/venv/lib/python3.10/site-packages/airflow/example_dags/tutorial_dag.py
[2025-03-10T09:22:53.105+0100] {processor.py:840} INFO - DAG(s) 'tutorial_dag' retrieved from /home/philip/de_engineering/airflow_projects/airflow1/venv/lib/python3.10/site-packages/airflow/example_dags/tutorial_dag.py
[2025-03-10T09:22:53.128+0100] {logging_mixin.py:188} INFO - [2025-03-10T09:22:53.128+0100] {dag.py:3036} INFO - Sync 1 DAGs
[2025-03-10T09:22:53.139+0100] {logging_mixin.py:188} INFO - [2025-03-10T09:22:53.139+0100] {dag.py:3823} INFO - Setting next_dagrun for tutorial_dag to None, run_after=None
[2025-03-10T09:22:53.155+0100] {processor.py:183} INFO - Processing /home/philip/de_engineering/airflow_projects/airflow1/venv/lib/python3.10/site-packages/airflow/example_dags/tutorial_dag.py took 0.060 seconds
[2025-03-10T09:23:23.352+0100] {processor.py:161} INFO - Started process (PID=141479) to work on /home/philip/de_engineering/airflow_projects/airflow1/venv/lib/python3.10/site-packages/airflow/example_dags/tutorial_dag.py
[2025-03-10T09:23:23.354+0100] {processor.py:830} INFO - Processing file /home/philip/de_engineering/airflow_projects/airflow1/venv/lib/python3.10/site-packages/airflow/example_dags/tutorial_dag.py for tasks to queue
[2025-03-10T09:23:23.355+0100] {logging_mixin.py:188} INFO - [2025-03-10T09:23:23.355+0100] {dagbag.py:538} INFO - Filling up the DagBag from /home/philip/de_engineering/airflow_projects/airflow1/venv/lib/python3.10/site-packages/airflow/example_dags/tutorial_dag.py
[2025-03-10T09:23:23.359+0100] {processor.py:840} INFO - DAG(s) 'tutorial_dag' retrieved from /home/philip/de_engineering/airflow_projects/airflow1/venv/lib/python3.10/site-packages/airflow/example_dags/tutorial_dag.py
[2025-03-10T09:23:23.380+0100] {logging_mixin.py:188} INFO - [2025-03-10T09:23:23.380+0100] {dag.py:3036} INFO - Sync 1 DAGs
[2025-03-10T09:23:23.391+0100] {logging_mixin.py:188} INFO - [2025-03-10T09:23:23.390+0100] {dag.py:3823} INFO - Setting next_dagrun for tutorial_dag to None, run_after=None
[2025-03-10T09:23:23.408+0100] {processor.py:183} INFO - Processing /home/philip/de_engineering/airflow_projects/airflow1/venv/lib/python3.10/site-packages/airflow/example_dags/tutorial_dag.py took 0.059 seconds
[2025-03-10T09:23:53.715+0100] {processor.py:161} INFO - Started process (PID=141854) to work on /home/philip/de_engineering/airflow_projects/airflow1/venv/lib/python3.10/site-packages/airflow/example_dags/tutorial_dag.py
[2025-03-10T09:23:53.718+0100] {processor.py:830} INFO - Processing file /home/philip/de_engineering/airflow_projects/airflow1/venv/lib/python3.10/site-packages/airflow/example_dags/tutorial_dag.py for tasks to queue
[2025-03-10T09:23:53.719+0100] {logging_mixin.py:188} INFO - [2025-03-10T09:23:53.719+0100] {dagbag.py:538} INFO - Filling up the DagBag from /home/philip/de_engineering/airflow_projects/airflow1/venv/lib/python3.10/site-packages/airflow/example_dags/tutorial_dag.py
[2025-03-10T09:23:53.723+0100] {processor.py:840} INFO - DAG(s) 'tutorial_dag' retrieved from /home/philip/de_engineering/airflow_projects/airflow1/venv/lib/python3.10/site-packages/airflow/example_dags/tutorial_dag.py
[2025-03-10T09:23:53.743+0100] {logging_mixin.py:188} INFO - [2025-03-10T09:23:53.743+0100] {dag.py:3036} INFO - Sync 1 DAGs
[2025-03-10T09:23:53.753+0100] {logging_mixin.py:188} INFO - [2025-03-10T09:23:53.753+0100] {dag.py:3823} INFO - Setting next_dagrun for tutorial_dag to None, run_after=None
[2025-03-10T09:23:53.768+0100] {processor.py:183} INFO - Processing /home/philip/de_engineering/airflow_projects/airflow1/venv/lib/python3.10/site-packages/airflow/example_dags/tutorial_dag.py took 0.056 seconds
[2025-03-10T09:24:24.000+0100] {processor.py:161} INFO - Started process (PID=142235) to work on /home/philip/de_engineering/airflow_projects/airflow1/venv/lib/python3.10/site-packages/airflow/example_dags/tutorial_dag.py
[2025-03-10T09:24:24.001+0100] {processor.py:830} INFO - Processing file /home/philip/de_engineering/airflow_projects/airflow1/venv/lib/python3.10/site-packages/airflow/example_dags/tutorial_dag.py for tasks to queue
[2025-03-10T09:24:24.002+0100] {logging_mixin.py:188} INFO - [2025-03-10T09:24:24.002+0100] {dagbag.py:538} INFO - Filling up the DagBag from /home/philip/de_engineering/airflow_projects/airflow1/venv/lib/python3.10/site-packages/airflow/example_dags/tutorial_dag.py
[2025-03-10T09:24:24.007+0100] {processor.py:840} INFO - DAG(s) 'tutorial_dag' retrieved from /home/philip/de_engineering/airflow_projects/airflow1/venv/lib/python3.10/site-packages/airflow/example_dags/tutorial_dag.py
[2025-03-10T09:24:24.031+0100] {logging_mixin.py:188} INFO - [2025-03-10T09:24:24.031+0100] {dag.py:3036} INFO - Sync 1 DAGs
[2025-03-10T09:24:24.042+0100] {logging_mixin.py:188} INFO - [2025-03-10T09:24:24.042+0100] {dag.py:3823} INFO - Setting next_dagrun for tutorial_dag to None, run_after=None
[2025-03-10T09:24:24.059+0100] {processor.py:183} INFO - Processing /home/philip/de_engineering/airflow_projects/airflow1/venv/lib/python3.10/site-packages/airflow/example_dags/tutorial_dag.py took 0.062 seconds
[2025-03-10T09:24:54.474+0100] {processor.py:161} INFO - Started process (PID=142616) to work on /home/philip/de_engineering/airflow_projects/airflow1/venv/lib/python3.10/site-packages/airflow/example_dags/tutorial_dag.py
[2025-03-10T09:24:54.475+0100] {processor.py:830} INFO - Processing file /home/philip/de_engineering/airflow_projects/airflow1/venv/lib/python3.10/site-packages/airflow/example_dags/tutorial_dag.py for tasks to queue
[2025-03-10T09:24:54.476+0100] {logging_mixin.py:188} INFO - [2025-03-10T09:24:54.475+0100] {dagbag.py:538} INFO - Filling up the DagBag from /home/philip/de_engineering/airflow_projects/airflow1/venv/lib/python3.10/site-packages/airflow/example_dags/tutorial_dag.py
[2025-03-10T09:24:54.480+0100] {processor.py:840} INFO - DAG(s) 'tutorial_dag' retrieved from /home/philip/de_engineering/airflow_projects/airflow1/venv/lib/python3.10/site-packages/airflow/example_dags/tutorial_dag.py
[2025-03-10T09:24:54.499+0100] {logging_mixin.py:188} INFO - [2025-03-10T09:24:54.499+0100] {dag.py:3036} INFO - Sync 1 DAGs
[2025-03-10T09:24:54.509+0100] {logging_mixin.py:188} INFO - [2025-03-10T09:24:54.509+0100] {dag.py:3823} INFO - Setting next_dagrun for tutorial_dag to None, run_after=None
[2025-03-10T09:24:54.523+0100] {processor.py:183} INFO - Processing /home/philip/de_engineering/airflow_projects/airflow1/venv/lib/python3.10/site-packages/airflow/example_dags/tutorial_dag.py took 0.052 seconds
[2025-03-10T09:25:24.622+0100] {processor.py:161} INFO - Started process (PID=142995) to work on /home/philip/de_engineering/airflow_projects/airflow1/venv/lib/python3.10/site-packages/airflow/example_dags/tutorial_dag.py
[2025-03-10T09:25:24.623+0100] {processor.py:830} INFO - Processing file /home/philip/de_engineering/airflow_projects/airflow1/venv/lib/python3.10/site-packages/airflow/example_dags/tutorial_dag.py for tasks to queue
[2025-03-10T09:25:24.623+0100] {logging_mixin.py:188} INFO - [2025-03-10T09:25:24.623+0100] {dagbag.py:538} INFO - Filling up the DagBag from /home/philip/de_engineering/airflow_projects/airflow1/venv/lib/python3.10/site-packages/airflow/example_dags/tutorial_dag.py
[2025-03-10T09:25:24.628+0100] {processor.py:840} INFO - DAG(s) 'tutorial_dag' retrieved from /home/philip/de_engineering/airflow_projects/airflow1/venv/lib/python3.10/site-packages/airflow/example_dags/tutorial_dag.py
[2025-03-10T09:25:24.647+0100] {logging_mixin.py:188} INFO - [2025-03-10T09:25:24.647+0100] {dag.py:3036} INFO - Sync 1 DAGs
[2025-03-10T09:25:24.657+0100] {logging_mixin.py:188} INFO - [2025-03-10T09:25:24.656+0100] {dag.py:3823} INFO - Setting next_dagrun for tutorial_dag to None, run_after=None
[2025-03-10T09:25:24.672+0100] {processor.py:183} INFO - Processing /home/philip/de_engineering/airflow_projects/airflow1/venv/lib/python3.10/site-packages/airflow/example_dags/tutorial_dag.py took 0.053 seconds
[2025-03-10T09:25:54.901+0100] {processor.py:161} INFO - Started process (PID=143376) to work on /home/philip/de_engineering/airflow_projects/airflow1/venv/lib/python3.10/site-packages/airflow/example_dags/tutorial_dag.py
[2025-03-10T09:25:54.902+0100] {processor.py:830} INFO - Processing file /home/philip/de_engineering/airflow_projects/airflow1/venv/lib/python3.10/site-packages/airflow/example_dags/tutorial_dag.py for tasks to queue
[2025-03-10T09:25:54.903+0100] {logging_mixin.py:188} INFO - [2025-03-10T09:25:54.903+0100] {dagbag.py:538} INFO - Filling up the DagBag from /home/philip/de_engineering/airflow_projects/airflow1/venv/lib/python3.10/site-packages/airflow/example_dags/tutorial_dag.py
[2025-03-10T09:25:54.907+0100] {processor.py:840} INFO - DAG(s) 'tutorial_dag' retrieved from /home/philip/de_engineering/airflow_projects/airflow1/venv/lib/python3.10/site-packages/airflow/example_dags/tutorial_dag.py
[2025-03-10T09:25:54.927+0100] {logging_mixin.py:188} INFO - [2025-03-10T09:25:54.927+0100] {dag.py:3036} INFO - Sync 1 DAGs
[2025-03-10T09:25:54.937+0100] {logging_mixin.py:188} INFO - [2025-03-10T09:25:54.937+0100] {dag.py:3823} INFO - Setting next_dagrun for tutorial_dag to None, run_after=None
[2025-03-10T09:25:54.953+0100] {processor.py:183} INFO - Processing /home/philip/de_engineering/airflow_projects/airflow1/venv/lib/python3.10/site-packages/airflow/example_dags/tutorial_dag.py took 0.056 seconds
[2025-03-10T09:26:25.354+0100] {processor.py:161} INFO - Started process (PID=143750) to work on /home/philip/de_engineering/airflow_projects/airflow1/venv/lib/python3.10/site-packages/airflow/example_dags/tutorial_dag.py
[2025-03-10T09:26:25.355+0100] {processor.py:830} INFO - Processing file /home/philip/de_engineering/airflow_projects/airflow1/venv/lib/python3.10/site-packages/airflow/example_dags/tutorial_dag.py for tasks to queue
[2025-03-10T09:26:25.356+0100] {logging_mixin.py:188} INFO - [2025-03-10T09:26:25.356+0100] {dagbag.py:538} INFO - Filling up the DagBag from /home/philip/de_engineering/airflow_projects/airflow1/venv/lib/python3.10/site-packages/airflow/example_dags/tutorial_dag.py
[2025-03-10T09:26:25.360+0100] {processor.py:840} INFO - DAG(s) 'tutorial_dag' retrieved from /home/philip/de_engineering/airflow_projects/airflow1/venv/lib/python3.10/site-packages/airflow/example_dags/tutorial_dag.py
[2025-03-10T09:26:25.380+0100] {logging_mixin.py:188} INFO - [2025-03-10T09:26:25.380+0100] {dag.py:3036} INFO - Sync 1 DAGs
[2025-03-10T09:26:25.390+0100] {logging_mixin.py:188} INFO - [2025-03-10T09:26:25.390+0100] {dag.py:3823} INFO - Setting next_dagrun for tutorial_dag to None, run_after=None
[2025-03-10T09:26:25.408+0100] {processor.py:183} INFO - Processing /home/philip/de_engineering/airflow_projects/airflow1/venv/lib/python3.10/site-packages/airflow/example_dags/tutorial_dag.py took 0.057 seconds
[2025-03-10T09:26:55.800+0100] {processor.py:161} INFO - Started process (PID=144131) to work on /home/philip/de_engineering/airflow_projects/airflow1/venv/lib/python3.10/site-packages/airflow/example_dags/tutorial_dag.py
[2025-03-10T09:26:55.801+0100] {processor.py:830} INFO - Processing file /home/philip/de_engineering/airflow_projects/airflow1/venv/lib/python3.10/site-packages/airflow/example_dags/tutorial_dag.py for tasks to queue
[2025-03-10T09:26:55.802+0100] {logging_mixin.py:188} INFO - [2025-03-10T09:26:55.802+0100] {dagbag.py:538} INFO - Filling up the DagBag from /home/philip/de_engineering/airflow_projects/airflow1/venv/lib/python3.10/site-packages/airflow/example_dags/tutorial_dag.py
[2025-03-10T09:26:55.807+0100] {processor.py:840} INFO - DAG(s) 'tutorial_dag' retrieved from /home/philip/de_engineering/airflow_projects/airflow1/venv/lib/python3.10/site-packages/airflow/example_dags/tutorial_dag.py
[2025-03-10T09:26:55.829+0100] {logging_mixin.py:188} INFO - [2025-03-10T09:26:55.829+0100] {dag.py:3036} INFO - Sync 1 DAGs
[2025-03-10T09:26:55.840+0100] {logging_mixin.py:188} INFO - [2025-03-10T09:26:55.840+0100] {dag.py:3823} INFO - Setting next_dagrun for tutorial_dag to None, run_after=None
[2025-03-10T09:26:55.855+0100] {processor.py:183} INFO - Processing /home/philip/de_engineering/airflow_projects/airflow1/venv/lib/python3.10/site-packages/airflow/example_dags/tutorial_dag.py took 0.058 seconds
[2025-03-10T09:27:26.008+0100] {processor.py:161} INFO - Started process (PID=144511) to work on /home/philip/de_engineering/airflow_projects/airflow1/venv/lib/python3.10/site-packages/airflow/example_dags/tutorial_dag.py
[2025-03-10T09:27:26.009+0100] {processor.py:830} INFO - Processing file /home/philip/de_engineering/airflow_projects/airflow1/venv/lib/python3.10/site-packages/airflow/example_dags/tutorial_dag.py for tasks to queue
[2025-03-10T09:27:26.010+0100] {logging_mixin.py:188} INFO - [2025-03-10T09:27:26.009+0100] {dagbag.py:538} INFO - Filling up the DagBag from /home/philip/de_engineering/airflow_projects/airflow1/venv/lib/python3.10/site-packages/airflow/example_dags/tutorial_dag.py
[2025-03-10T09:27:26.014+0100] {processor.py:840} INFO - DAG(s) 'tutorial_dag' retrieved from /home/philip/de_engineering/airflow_projects/airflow1/venv/lib/python3.10/site-packages/airflow/example_dags/tutorial_dag.py
[2025-03-10T09:27:26.036+0100] {logging_mixin.py:188} INFO - [2025-03-10T09:27:26.035+0100] {dag.py:3036} INFO - Sync 1 DAGs
[2025-03-10T09:27:26.045+0100] {logging_mixin.py:188} INFO - [2025-03-10T09:27:26.045+0100] {dag.py:3823} INFO - Setting next_dagrun for tutorial_dag to None, run_after=None
[2025-03-10T09:27:26.059+0100] {processor.py:183} INFO - Processing /home/philip/de_engineering/airflow_projects/airflow1/venv/lib/python3.10/site-packages/airflow/example_dags/tutorial_dag.py took 0.054 seconds
[2025-03-10T09:27:56.256+0100] {processor.py:161} INFO - Started process (PID=144886) to work on /home/philip/de_engineering/airflow_projects/airflow1/venv/lib/python3.10/site-packages/airflow/example_dags/tutorial_dag.py
[2025-03-10T09:27:56.257+0100] {processor.py:830} INFO - Processing file /home/philip/de_engineering/airflow_projects/airflow1/venv/lib/python3.10/site-packages/airflow/example_dags/tutorial_dag.py for tasks to queue
[2025-03-10T09:27:56.258+0100] {logging_mixin.py:188} INFO - [2025-03-10T09:27:56.258+0100] {dagbag.py:538} INFO - Filling up the DagBag from /home/philip/de_engineering/airflow_projects/airflow1/venv/lib/python3.10/site-packages/airflow/example_dags/tutorial_dag.py
[2025-03-10T09:27:56.262+0100] {processor.py:840} INFO - DAG(s) 'tutorial_dag' retrieved from /home/philip/de_engineering/airflow_projects/airflow1/venv/lib/python3.10/site-packages/airflow/example_dags/tutorial_dag.py
[2025-03-10T09:27:56.283+0100] {logging_mixin.py:188} INFO - [2025-03-10T09:27:56.283+0100] {dag.py:3036} INFO - Sync 1 DAGs
[2025-03-10T09:27:56.294+0100] {logging_mixin.py:188} INFO - [2025-03-10T09:27:56.294+0100] {dag.py:3823} INFO - Setting next_dagrun for tutorial_dag to None, run_after=None
[2025-03-10T09:27:56.312+0100] {processor.py:183} INFO - Processing /home/philip/de_engineering/airflow_projects/airflow1/venv/lib/python3.10/site-packages/airflow/example_dags/tutorial_dag.py took 0.058 seconds
[2025-03-10T09:28:26.616+0100] {processor.py:161} INFO - Started process (PID=145266) to work on /home/philip/de_engineering/airflow_projects/airflow1/venv/lib/python3.10/site-packages/airflow/example_dags/tutorial_dag.py
[2025-03-10T09:28:26.617+0100] {processor.py:830} INFO - Processing file /home/philip/de_engineering/airflow_projects/airflow1/venv/lib/python3.10/site-packages/airflow/example_dags/tutorial_dag.py for tasks to queue
[2025-03-10T09:28:26.617+0100] {logging_mixin.py:188} INFO - [2025-03-10T09:28:26.617+0100] {dagbag.py:538} INFO - Filling up the DagBag from /home/philip/de_engineering/airflow_projects/airflow1/venv/lib/python3.10/site-packages/airflow/example_dags/tutorial_dag.py
[2025-03-10T09:28:26.622+0100] {processor.py:840} INFO - DAG(s) 'tutorial_dag' retrieved from /home/philip/de_engineering/airflow_projects/airflow1/venv/lib/python3.10/site-packages/airflow/example_dags/tutorial_dag.py
[2025-03-10T09:28:26.642+0100] {logging_mixin.py:188} INFO - [2025-03-10T09:28:26.642+0100] {dag.py:3036} INFO - Sync 1 DAGs
[2025-03-10T09:28:26.653+0100] {logging_mixin.py:188} INFO - [2025-03-10T09:28:26.653+0100] {dag.py:3823} INFO - Setting next_dagrun for tutorial_dag to None, run_after=None
[2025-03-10T09:28:26.668+0100] {processor.py:183} INFO - Processing /home/philip/de_engineering/airflow_projects/airflow1/venv/lib/python3.10/site-packages/airflow/example_dags/tutorial_dag.py took 0.055 seconds
[2025-03-10T09:28:56.786+0100] {processor.py:161} INFO - Started process (PID=145643) to work on /home/philip/de_engineering/airflow_projects/airflow1/venv/lib/python3.10/site-packages/airflow/example_dags/tutorial_dag.py
[2025-03-10T09:28:56.788+0100] {processor.py:830} INFO - Processing file /home/philip/de_engineering/airflow_projects/airflow1/venv/lib/python3.10/site-packages/airflow/example_dags/tutorial_dag.py for tasks to queue
[2025-03-10T09:28:56.788+0100] {logging_mixin.py:188} INFO - [2025-03-10T09:28:56.788+0100] {dagbag.py:538} INFO - Filling up the DagBag from /home/philip/de_engineering/airflow_projects/airflow1/venv/lib/python3.10/site-packages/airflow/example_dags/tutorial_dag.py
[2025-03-10T09:28:56.793+0100] {processor.py:840} INFO - DAG(s) 'tutorial_dag' retrieved from /home/philip/de_engineering/airflow_projects/airflow1/venv/lib/python3.10/site-packages/airflow/example_dags/tutorial_dag.py
[2025-03-10T09:28:56.811+0100] {logging_mixin.py:188} INFO - [2025-03-10T09:28:56.811+0100] {dag.py:3036} INFO - Sync 1 DAGs
[2025-03-10T09:28:56.821+0100] {logging_mixin.py:188} INFO - [2025-03-10T09:28:56.821+0100] {dag.py:3823} INFO - Setting next_dagrun for tutorial_dag to None, run_after=None
[2025-03-10T09:28:56.834+0100] {processor.py:183} INFO - Processing /home/philip/de_engineering/airflow_projects/airflow1/venv/lib/python3.10/site-packages/airflow/example_dags/tutorial_dag.py took 0.051 seconds
[2025-03-10T09:29:27.012+0100] {processor.py:161} INFO - Started process (PID=146023) to work on /home/philip/de_engineering/airflow_projects/airflow1/venv/lib/python3.10/site-packages/airflow/example_dags/tutorial_dag.py
[2025-03-10T09:29:27.012+0100] {processor.py:830} INFO - Processing file /home/philip/de_engineering/airflow_projects/airflow1/venv/lib/python3.10/site-packages/airflow/example_dags/tutorial_dag.py for tasks to queue
[2025-03-10T09:29:27.013+0100] {logging_mixin.py:188} INFO - [2025-03-10T09:29:27.013+0100] {dagbag.py:538} INFO - Filling up the DagBag from /home/philip/de_engineering/airflow_projects/airflow1/venv/lib/python3.10/site-packages/airflow/example_dags/tutorial_dag.py
[2025-03-10T09:29:27.017+0100] {processor.py:840} INFO - DAG(s) 'tutorial_dag' retrieved from /home/philip/de_engineering/airflow_projects/airflow1/venv/lib/python3.10/site-packages/airflow/example_dags/tutorial_dag.py
[2025-03-10T09:29:27.037+0100] {logging_mixin.py:188} INFO - [2025-03-10T09:29:27.037+0100] {dag.py:3036} INFO - Sync 1 DAGs
[2025-03-10T09:29:27.046+0100] {logging_mixin.py:188} INFO - [2025-03-10T09:29:27.046+0100] {dag.py:3823} INFO - Setting next_dagrun for tutorial_dag to None, run_after=None
[2025-03-10T09:29:27.061+0100] {processor.py:183} INFO - Processing /home/philip/de_engineering/airflow_projects/airflow1/venv/lib/python3.10/site-packages/airflow/example_dags/tutorial_dag.py took 0.052 seconds
[2025-03-10T09:29:57.164+0100] {processor.py:161} INFO - Started process (PID=146398) to work on /home/philip/de_engineering/airflow_projects/airflow1/venv/lib/python3.10/site-packages/airflow/example_dags/tutorial_dag.py
[2025-03-10T09:29:57.166+0100] {processor.py:830} INFO - Processing file /home/philip/de_engineering/airflow_projects/airflow1/venv/lib/python3.10/site-packages/airflow/example_dags/tutorial_dag.py for tasks to queue
[2025-03-10T09:29:57.167+0100] {logging_mixin.py:188} INFO - [2025-03-10T09:29:57.167+0100] {dagbag.py:538} INFO - Filling up the DagBag from /home/philip/de_engineering/airflow_projects/airflow1/venv/lib/python3.10/site-packages/airflow/example_dags/tutorial_dag.py
[2025-03-10T09:29:57.171+0100] {processor.py:840} INFO - DAG(s) 'tutorial_dag' retrieved from /home/philip/de_engineering/airflow_projects/airflow1/venv/lib/python3.10/site-packages/airflow/example_dags/tutorial_dag.py
[2025-03-10T09:29:57.192+0100] {logging_mixin.py:188} INFO - [2025-03-10T09:29:57.192+0100] {dag.py:3036} INFO - Sync 1 DAGs
[2025-03-10T09:29:57.202+0100] {logging_mixin.py:188} INFO - [2025-03-10T09:29:57.202+0100] {dag.py:3823} INFO - Setting next_dagrun for tutorial_dag to None, run_after=None
[2025-03-10T09:29:57.217+0100] {processor.py:183} INFO - Processing /home/philip/de_engineering/airflow_projects/airflow1/venv/lib/python3.10/site-packages/airflow/example_dags/tutorial_dag.py took 0.056 seconds
[2025-03-10T09:30:27.410+0100] {processor.py:161} INFO - Started process (PID=146779) to work on /home/philip/de_engineering/airflow_projects/airflow1/venv/lib/python3.10/site-packages/airflow/example_dags/tutorial_dag.py
[2025-03-10T09:30:27.411+0100] {processor.py:830} INFO - Processing file /home/philip/de_engineering/airflow_projects/airflow1/venv/lib/python3.10/site-packages/airflow/example_dags/tutorial_dag.py for tasks to queue
[2025-03-10T09:30:27.411+0100] {logging_mixin.py:188} INFO - [2025-03-10T09:30:27.411+0100] {dagbag.py:538} INFO - Filling up the DagBag from /home/philip/de_engineering/airflow_projects/airflow1/venv/lib/python3.10/site-packages/airflow/example_dags/tutorial_dag.py
[2025-03-10T09:30:27.416+0100] {processor.py:840} INFO - DAG(s) 'tutorial_dag' retrieved from /home/philip/de_engineering/airflow_projects/airflow1/venv/lib/python3.10/site-packages/airflow/example_dags/tutorial_dag.py
[2025-03-10T09:30:27.437+0100] {logging_mixin.py:188} INFO - [2025-03-10T09:30:27.437+0100] {dag.py:3036} INFO - Sync 1 DAGs
[2025-03-10T09:30:27.446+0100] {logging_mixin.py:188} INFO - [2025-03-10T09:30:27.446+0100] {dag.py:3823} INFO - Setting next_dagrun for tutorial_dag to None, run_after=None
[2025-03-10T09:30:27.461+0100] {processor.py:183} INFO - Processing /home/philip/de_engineering/airflow_projects/airflow1/venv/lib/python3.10/site-packages/airflow/example_dags/tutorial_dag.py took 0.054 seconds
[2025-03-10T09:30:57.546+0100] {processor.py:161} INFO - Started process (PID=147154) to work on /home/philip/de_engineering/airflow_projects/airflow1/venv/lib/python3.10/site-packages/airflow/example_dags/tutorial_dag.py
[2025-03-10T09:30:57.548+0100] {processor.py:830} INFO - Processing file /home/philip/de_engineering/airflow_projects/airflow1/venv/lib/python3.10/site-packages/airflow/example_dags/tutorial_dag.py for tasks to queue
[2025-03-10T09:30:57.549+0100] {logging_mixin.py:188} INFO - [2025-03-10T09:30:57.548+0100] {dagbag.py:538} INFO - Filling up the DagBag from /home/philip/de_engineering/airflow_projects/airflow1/venv/lib/python3.10/site-packages/airflow/example_dags/tutorial_dag.py
[2025-03-10T09:30:57.553+0100] {processor.py:840} INFO - DAG(s) 'tutorial_dag' retrieved from /home/philip/de_engineering/airflow_projects/airflow1/venv/lib/python3.10/site-packages/airflow/example_dags/tutorial_dag.py
[2025-03-10T09:30:57.573+0100] {logging_mixin.py:188} INFO - [2025-03-10T09:30:57.573+0100] {dag.py:3036} INFO - Sync 1 DAGs
[2025-03-10T09:30:57.583+0100] {logging_mixin.py:188} INFO - [2025-03-10T09:30:57.583+0100] {dag.py:3823} INFO - Setting next_dagrun for tutorial_dag to None, run_after=None
[2025-03-10T09:30:57.598+0100] {processor.py:183} INFO - Processing /home/philip/de_engineering/airflow_projects/airflow1/venv/lib/python3.10/site-packages/airflow/example_dags/tutorial_dag.py took 0.054 seconds
[2025-03-10T09:31:27.826+0100] {processor.py:161} INFO - Started process (PID=147534) to work on /home/philip/de_engineering/airflow_projects/airflow1/venv/lib/python3.10/site-packages/airflow/example_dags/tutorial_dag.py
[2025-03-10T09:31:27.827+0100] {processor.py:830} INFO - Processing file /home/philip/de_engineering/airflow_projects/airflow1/venv/lib/python3.10/site-packages/airflow/example_dags/tutorial_dag.py for tasks to queue
[2025-03-10T09:31:27.828+0100] {logging_mixin.py:188} INFO - [2025-03-10T09:31:27.827+0100] {dagbag.py:538} INFO - Filling up the DagBag from /home/philip/de_engineering/airflow_projects/airflow1/venv/lib/python3.10/site-packages/airflow/example_dags/tutorial_dag.py
[2025-03-10T09:31:27.832+0100] {processor.py:840} INFO - DAG(s) 'tutorial_dag' retrieved from /home/philip/de_engineering/airflow_projects/airflow1/venv/lib/python3.10/site-packages/airflow/example_dags/tutorial_dag.py
[2025-03-10T09:31:27.852+0100] {logging_mixin.py:188} INFO - [2025-03-10T09:31:27.852+0100] {dag.py:3036} INFO - Sync 1 DAGs
[2025-03-10T09:31:27.861+0100] {logging_mixin.py:188} INFO - [2025-03-10T09:31:27.861+0100] {dag.py:3823} INFO - Setting next_dagrun for tutorial_dag to None, run_after=None
[2025-03-10T09:31:27.876+0100] {processor.py:183} INFO - Processing /home/philip/de_engineering/airflow_projects/airflow1/venv/lib/python3.10/site-packages/airflow/example_dags/tutorial_dag.py took 0.052 seconds
[2025-03-10T09:31:57.956+0100] {processor.py:161} INFO - Started process (PID=147909) to work on /home/philip/de_engineering/airflow_projects/airflow1/venv/lib/python3.10/site-packages/airflow/example_dags/tutorial_dag.py
[2025-03-10T09:31:57.957+0100] {processor.py:830} INFO - Processing file /home/philip/de_engineering/airflow_projects/airflow1/venv/lib/python3.10/site-packages/airflow/example_dags/tutorial_dag.py for tasks to queue
[2025-03-10T09:31:57.958+0100] {logging_mixin.py:188} INFO - [2025-03-10T09:31:57.958+0100] {dagbag.py:538} INFO - Filling up the DagBag from /home/philip/de_engineering/airflow_projects/airflow1/venv/lib/python3.10/site-packages/airflow/example_dags/tutorial_dag.py
[2025-03-10T09:31:57.962+0100] {processor.py:840} INFO - DAG(s) 'tutorial_dag' retrieved from /home/philip/de_engineering/airflow_projects/airflow1/venv/lib/python3.10/site-packages/airflow/example_dags/tutorial_dag.py
[2025-03-10T09:31:57.982+0100] {logging_mixin.py:188} INFO - [2025-03-10T09:31:57.981+0100] {dag.py:3036} INFO - Sync 1 DAGs
[2025-03-10T09:31:57.991+0100] {logging_mixin.py:188} INFO - [2025-03-10T09:31:57.991+0100] {dag.py:3823} INFO - Setting next_dagrun for tutorial_dag to None, run_after=None
[2025-03-10T09:31:58.006+0100] {processor.py:183} INFO - Processing /home/philip/de_engineering/airflow_projects/airflow1/venv/lib/python3.10/site-packages/airflow/example_dags/tutorial_dag.py took 0.052 seconds
[2025-03-10T09:32:28.134+0100] {processor.py:161} INFO - Started process (PID=148289) to work on /home/philip/de_engineering/airflow_projects/airflow1/venv/lib/python3.10/site-packages/airflow/example_dags/tutorial_dag.py
[2025-03-10T09:32:28.135+0100] {processor.py:830} INFO - Processing file /home/philip/de_engineering/airflow_projects/airflow1/venv/lib/python3.10/site-packages/airflow/example_dags/tutorial_dag.py for tasks to queue
[2025-03-10T09:32:28.135+0100] {logging_mixin.py:188} INFO - [2025-03-10T09:32:28.135+0100] {dagbag.py:538} INFO - Filling up the DagBag from /home/philip/de_engineering/airflow_projects/airflow1/venv/lib/python3.10/site-packages/airflow/example_dags/tutorial_dag.py
[2025-03-10T09:32:28.139+0100] {processor.py:840} INFO - DAG(s) 'tutorial_dag' retrieved from /home/philip/de_engineering/airflow_projects/airflow1/venv/lib/python3.10/site-packages/airflow/example_dags/tutorial_dag.py
[2025-03-10T09:32:28.159+0100] {logging_mixin.py:188} INFO - [2025-03-10T09:32:28.159+0100] {dag.py:3036} INFO - Sync 1 DAGs
[2025-03-10T09:32:28.169+0100] {logging_mixin.py:188} INFO - [2025-03-10T09:32:28.169+0100] {dag.py:3823} INFO - Setting next_dagrun for tutorial_dag to None, run_after=None
[2025-03-10T09:32:28.183+0100] {processor.py:183} INFO - Processing /home/philip/de_engineering/airflow_projects/airflow1/venv/lib/python3.10/site-packages/airflow/example_dags/tutorial_dag.py took 0.052 seconds
[2025-03-10T09:32:58.343+0100] {processor.py:161} INFO - Started process (PID=148667) to work on /home/philip/de_engineering/airflow_projects/airflow1/venv/lib/python3.10/site-packages/airflow/example_dags/tutorial_dag.py
[2025-03-10T09:32:58.344+0100] {processor.py:830} INFO - Processing file /home/philip/de_engineering/airflow_projects/airflow1/venv/lib/python3.10/site-packages/airflow/example_dags/tutorial_dag.py for tasks to queue
[2025-03-10T09:32:58.345+0100] {logging_mixin.py:188} INFO - [2025-03-10T09:32:58.345+0100] {dagbag.py:538} INFO - Filling up the DagBag from /home/philip/de_engineering/airflow_projects/airflow1/venv/lib/python3.10/site-packages/airflow/example_dags/tutorial_dag.py
[2025-03-10T09:32:58.351+0100] {processor.py:840} INFO - DAG(s) 'tutorial_dag' retrieved from /home/philip/de_engineering/airflow_projects/airflow1/venv/lib/python3.10/site-packages/airflow/example_dags/tutorial_dag.py
[2025-03-10T09:32:58.372+0100] {logging_mixin.py:188} INFO - [2025-03-10T09:32:58.372+0100] {dag.py:3036} INFO - Sync 1 DAGs
[2025-03-10T09:32:58.382+0100] {logging_mixin.py:188} INFO - [2025-03-10T09:32:58.382+0100] {dag.py:3823} INFO - Setting next_dagrun for tutorial_dag to None, run_after=None
[2025-03-10T09:32:58.396+0100] {processor.py:183} INFO - Processing /home/philip/de_engineering/airflow_projects/airflow1/venv/lib/python3.10/site-packages/airflow/example_dags/tutorial_dag.py took 0.057 seconds
[2025-03-10T09:33:28.633+0100] {processor.py:161} INFO - Started process (PID=149046) to work on /home/philip/de_engineering/airflow_projects/airflow1/venv/lib/python3.10/site-packages/airflow/example_dags/tutorial_dag.py
[2025-03-10T09:33:28.633+0100] {processor.py:830} INFO - Processing file /home/philip/de_engineering/airflow_projects/airflow1/venv/lib/python3.10/site-packages/airflow/example_dags/tutorial_dag.py for tasks to queue
[2025-03-10T09:33:28.634+0100] {logging_mixin.py:188} INFO - [2025-03-10T09:33:28.634+0100] {dagbag.py:538} INFO - Filling up the DagBag from /home/philip/de_engineering/airflow_projects/airflow1/venv/lib/python3.10/site-packages/airflow/example_dags/tutorial_dag.py
[2025-03-10T09:33:28.639+0100] {processor.py:840} INFO - DAG(s) 'tutorial_dag' retrieved from /home/philip/de_engineering/airflow_projects/airflow1/venv/lib/python3.10/site-packages/airflow/example_dags/tutorial_dag.py
[2025-03-10T09:33:28.663+0100] {logging_mixin.py:188} INFO - [2025-03-10T09:33:28.663+0100] {dag.py:3036} INFO - Sync 1 DAGs
[2025-03-10T09:33:28.675+0100] {logging_mixin.py:188} INFO - [2025-03-10T09:33:28.675+0100] {dag.py:3823} INFO - Setting next_dagrun for tutorial_dag to None, run_after=None
[2025-03-10T09:33:28.691+0100] {processor.py:183} INFO - Processing /home/philip/de_engineering/airflow_projects/airflow1/venv/lib/python3.10/site-packages/airflow/example_dags/tutorial_dag.py took 0.061 seconds
[2025-03-10T09:33:58.839+0100] {processor.py:161} INFO - Started process (PID=149427) to work on /home/philip/de_engineering/airflow_projects/airflow1/venv/lib/python3.10/site-packages/airflow/example_dags/tutorial_dag.py
[2025-03-10T09:33:58.841+0100] {processor.py:830} INFO - Processing file /home/philip/de_engineering/airflow_projects/airflow1/venv/lib/python3.10/site-packages/airflow/example_dags/tutorial_dag.py for tasks to queue
[2025-03-10T09:33:58.842+0100] {logging_mixin.py:188} INFO - [2025-03-10T09:33:58.841+0100] {dagbag.py:538} INFO - Filling up the DagBag from /home/philip/de_engineering/airflow_projects/airflow1/venv/lib/python3.10/site-packages/airflow/example_dags/tutorial_dag.py
[2025-03-10T09:33:58.847+0100] {processor.py:840} INFO - DAG(s) 'tutorial_dag' retrieved from /home/philip/de_engineering/airflow_projects/airflow1/venv/lib/python3.10/site-packages/airflow/example_dags/tutorial_dag.py
[2025-03-10T09:33:58.867+0100] {logging_mixin.py:188} INFO - [2025-03-10T09:33:58.867+0100] {dag.py:3036} INFO - Sync 1 DAGs
[2025-03-10T09:33:58.878+0100] {logging_mixin.py:188} INFO - [2025-03-10T09:33:58.878+0100] {dag.py:3823} INFO - Setting next_dagrun for tutorial_dag to None, run_after=None
[2025-03-10T09:33:58.892+0100] {processor.py:183} INFO - Processing /home/philip/de_engineering/airflow_projects/airflow1/venv/lib/python3.10/site-packages/airflow/example_dags/tutorial_dag.py took 0.055 seconds
[2025-03-10T09:34:29.081+0100] {processor.py:161} INFO - Started process (PID=149801) to work on /home/philip/de_engineering/airflow_projects/airflow1/venv/lib/python3.10/site-packages/airflow/example_dags/tutorial_dag.py
[2025-03-10T09:34:29.082+0100] {processor.py:830} INFO - Processing file /home/philip/de_engineering/airflow_projects/airflow1/venv/lib/python3.10/site-packages/airflow/example_dags/tutorial_dag.py for tasks to queue
[2025-03-10T09:34:29.083+0100] {logging_mixin.py:188} INFO - [2025-03-10T09:34:29.082+0100] {dagbag.py:538} INFO - Filling up the DagBag from /home/philip/de_engineering/airflow_projects/airflow1/venv/lib/python3.10/site-packages/airflow/example_dags/tutorial_dag.py
[2025-03-10T09:34:29.087+0100] {processor.py:840} INFO - DAG(s) 'tutorial_dag' retrieved from /home/philip/de_engineering/airflow_projects/airflow1/venv/lib/python3.10/site-packages/airflow/example_dags/tutorial_dag.py
[2025-03-10T09:34:29.107+0100] {logging_mixin.py:188} INFO - [2025-03-10T09:34:29.107+0100] {dag.py:3036} INFO - Sync 1 DAGs
[2025-03-10T09:34:29.117+0100] {logging_mixin.py:188} INFO - [2025-03-10T09:34:29.116+0100] {dag.py:3823} INFO - Setting next_dagrun for tutorial_dag to None, run_after=None
[2025-03-10T09:34:29.133+0100] {processor.py:183} INFO - Processing /home/philip/de_engineering/airflow_projects/airflow1/venv/lib/python3.10/site-packages/airflow/example_dags/tutorial_dag.py took 0.054 seconds
[2025-03-10T09:34:59.295+0100] {processor.py:161} INFO - Started process (PID=150184) to work on /home/philip/de_engineering/airflow_projects/airflow1/venv/lib/python3.10/site-packages/airflow/example_dags/tutorial_dag.py
[2025-03-10T09:34:59.296+0100] {processor.py:830} INFO - Processing file /home/philip/de_engineering/airflow_projects/airflow1/venv/lib/python3.10/site-packages/airflow/example_dags/tutorial_dag.py for tasks to queue
[2025-03-10T09:34:59.297+0100] {logging_mixin.py:188} INFO - [2025-03-10T09:34:59.296+0100] {dagbag.py:538} INFO - Filling up the DagBag from /home/philip/de_engineering/airflow_projects/airflow1/venv/lib/python3.10/site-packages/airflow/example_dags/tutorial_dag.py
[2025-03-10T09:34:59.301+0100] {processor.py:840} INFO - DAG(s) 'tutorial_dag' retrieved from /home/philip/de_engineering/airflow_projects/airflow1/venv/lib/python3.10/site-packages/airflow/example_dags/tutorial_dag.py
[2025-03-10T09:34:59.323+0100] {logging_mixin.py:188} INFO - [2025-03-10T09:34:59.322+0100] {dag.py:3036} INFO - Sync 1 DAGs
[2025-03-10T09:34:59.333+0100] {logging_mixin.py:188} INFO - [2025-03-10T09:34:59.333+0100] {dag.py:3823} INFO - Setting next_dagrun for tutorial_dag to None, run_after=None
[2025-03-10T09:34:59.348+0100] {processor.py:183} INFO - Processing /home/philip/de_engineering/airflow_projects/airflow1/venv/lib/python3.10/site-packages/airflow/example_dags/tutorial_dag.py took 0.056 seconds
[2025-03-10T09:35:29.515+0100] {processor.py:161} INFO - Started process (PID=150561) to work on /home/philip/de_engineering/airflow_projects/airflow1/venv/lib/python3.10/site-packages/airflow/example_dags/tutorial_dag.py
[2025-03-10T09:35:29.516+0100] {processor.py:830} INFO - Processing file /home/philip/de_engineering/airflow_projects/airflow1/venv/lib/python3.10/site-packages/airflow/example_dags/tutorial_dag.py for tasks to queue
[2025-03-10T09:35:29.517+0100] {logging_mixin.py:188} INFO - [2025-03-10T09:35:29.516+0100] {dagbag.py:538} INFO - Filling up the DagBag from /home/philip/de_engineering/airflow_projects/airflow1/venv/lib/python3.10/site-packages/airflow/example_dags/tutorial_dag.py
[2025-03-10T09:35:29.521+0100] {processor.py:840} INFO - DAG(s) 'tutorial_dag' retrieved from /home/philip/de_engineering/airflow_projects/airflow1/venv/lib/python3.10/site-packages/airflow/example_dags/tutorial_dag.py
[2025-03-10T09:35:29.541+0100] {logging_mixin.py:188} INFO - [2025-03-10T09:35:29.541+0100] {dag.py:3036} INFO - Sync 1 DAGs
[2025-03-10T09:35:29.551+0100] {logging_mixin.py:188} INFO - [2025-03-10T09:35:29.550+0100] {dag.py:3823} INFO - Setting next_dagrun for tutorial_dag to None, run_after=None
[2025-03-10T09:35:29.565+0100] {processor.py:183} INFO - Processing /home/philip/de_engineering/airflow_projects/airflow1/venv/lib/python3.10/site-packages/airflow/example_dags/tutorial_dag.py took 0.053 seconds
[2025-03-10T09:35:59.778+0100] {processor.py:161} INFO - Started process (PID=150942) to work on /home/philip/de_engineering/airflow_projects/airflow1/venv/lib/python3.10/site-packages/airflow/example_dags/tutorial_dag.py
[2025-03-10T09:35:59.780+0100] {processor.py:830} INFO - Processing file /home/philip/de_engineering/airflow_projects/airflow1/venv/lib/python3.10/site-packages/airflow/example_dags/tutorial_dag.py for tasks to queue
[2025-03-10T09:35:59.781+0100] {logging_mixin.py:188} INFO - [2025-03-10T09:35:59.780+0100] {dagbag.py:538} INFO - Filling up the DagBag from /home/philip/de_engineering/airflow_projects/airflow1/venv/lib/python3.10/site-packages/airflow/example_dags/tutorial_dag.py
[2025-03-10T09:35:59.786+0100] {processor.py:840} INFO - DAG(s) 'tutorial_dag' retrieved from /home/philip/de_engineering/airflow_projects/airflow1/venv/lib/python3.10/site-packages/airflow/example_dags/tutorial_dag.py
[2025-03-10T09:35:59.812+0100] {logging_mixin.py:188} INFO - [2025-03-10T09:35:59.812+0100] {dag.py:3036} INFO - Sync 1 DAGs
[2025-03-10T09:35:59.823+0100] {logging_mixin.py:188} INFO - [2025-03-10T09:35:59.823+0100] {dag.py:3823} INFO - Setting next_dagrun for tutorial_dag to None, run_after=None
[2025-03-10T09:35:59.839+0100] {processor.py:183} INFO - Processing /home/philip/de_engineering/airflow_projects/airflow1/venv/lib/python3.10/site-packages/airflow/example_dags/tutorial_dag.py took 0.064 seconds
