[2025-03-10T09:14:23.581+0100] {processor.py:161} INFO - Started process (PID=136845) to work on /home/philip/de_engineering/airflow_projects/airflow1/venv/lib/python3.10/site-packages/airflow/example_dags/tutorial.py
[2025-03-10T09:14:23.582+0100] {processor.py:830} INFO - Processing file /home/philip/de_engineering/airflow_projects/airflow1/venv/lib/python3.10/site-packages/airflow/example_dags/tutorial.py for tasks to queue
[2025-03-10T09:14:23.583+0100] {logging_mixin.py:188} INFO - [2025-03-10T09:14:23.583+0100] {dagbag.py:538} INFO - Filling up the DagBag from /home/philip/de_engineering/airflow_projects/airflow1/venv/lib/python3.10/site-packages/airflow/example_dags/tutorial.py
[2025-03-10T09:14:23.590+0100] {processor.py:840} INFO - DAG(s) 'tutorial' retrieved from /home/philip/de_engineering/airflow_projects/airflow1/venv/lib/python3.10/site-packages/airflow/example_dags/tutorial.py
[2025-03-10T09:14:23.672+0100] {logging_mixin.py:188} INFO - [2025-03-10T09:14:23.671+0100] {override.py:1769} INFO - Created Permission View: can read on DAG:tutorial
[2025-03-10T09:14:23.678+0100] {logging_mixin.py:188} INFO - [2025-03-10T09:14:23.678+0100] {override.py:1769} INFO - Created Permission View: can delete on DAG:tutorial
[2025-03-10T09:14:23.683+0100] {logging_mixin.py:188} INFO - [2025-03-10T09:14:23.683+0100] {override.py:1769} INFO - Created Permission View: can edit on DAG:tutorial
[2025-03-10T09:14:23.683+0100] {logging_mixin.py:188} INFO - [2025-03-10T09:14:23.683+0100] {dag.py:3036} INFO - Sync 1 DAGs
[2025-03-10T09:14:23.692+0100] {logging_mixin.py:188} INFO - [2025-03-10T09:14:23.692+0100] {dag.py:3058} INFO - Creating ORM DAG for tutorial
[2025-03-10T09:14:23.699+0100] {logging_mixin.py:188} INFO - [2025-03-10T09:14:23.699+0100] {dag.py:3823} INFO - Setting next_dagrun for tutorial to 2025-03-09 00:00:00+00:00, run_after=2025-03-10 00:00:00+00:00
[2025-03-10T09:14:23.711+0100] {processor.py:183} INFO - Processing /home/philip/de_engineering/airflow_projects/airflow1/venv/lib/python3.10/site-packages/airflow/example_dags/tutorial.py took 0.133 seconds
[2025-03-10T09:14:55.005+0100] {processor.py:161} INFO - Started process (PID=136956) to work on /home/philip/de_engineering/airflow_projects/airflow1/venv/lib/python3.10/site-packages/airflow/example_dags/tutorial.py
[2025-03-10T09:14:55.006+0100] {processor.py:830} INFO - Processing file /home/philip/de_engineering/airflow_projects/airflow1/venv/lib/python3.10/site-packages/airflow/example_dags/tutorial.py for tasks to queue
[2025-03-10T09:14:55.007+0100] {logging_mixin.py:188} INFO - [2025-03-10T09:14:55.007+0100] {dagbag.py:538} INFO - Filling up the DagBag from /home/philip/de_engineering/airflow_projects/airflow1/venv/lib/python3.10/site-packages/airflow/example_dags/tutorial.py
[2025-03-10T09:14:55.012+0100] {processor.py:840} INFO - DAG(s) 'tutorial' retrieved from /home/philip/de_engineering/airflow_projects/airflow1/venv/lib/python3.10/site-packages/airflow/example_dags/tutorial.py
[2025-03-10T09:14:55.034+0100] {logging_mixin.py:188} INFO - [2025-03-10T09:14:55.034+0100] {dag.py:3036} INFO - Sync 1 DAGs
[2025-03-10T09:14:55.051+0100] {logging_mixin.py:188} INFO - [2025-03-10T09:14:55.051+0100] {dag.py:3823} INFO - Setting next_dagrun for tutorial to 2025-03-09 00:00:00+00:00, run_after=2025-03-10 00:00:00+00:00
[2025-03-10T09:14:55.066+0100] {processor.py:183} INFO - Processing /home/philip/de_engineering/airflow_projects/airflow1/venv/lib/python3.10/site-packages/airflow/example_dags/tutorial.py took 0.065 seconds
[2025-03-10T09:15:25.186+0100] {processor.py:161} INFO - Started process (PID=137057) to work on /home/philip/de_engineering/airflow_projects/airflow1/venv/lib/python3.10/site-packages/airflow/example_dags/tutorial.py
[2025-03-10T09:15:25.188+0100] {processor.py:830} INFO - Processing file /home/philip/de_engineering/airflow_projects/airflow1/venv/lib/python3.10/site-packages/airflow/example_dags/tutorial.py for tasks to queue
[2025-03-10T09:15:25.188+0100] {logging_mixin.py:188} INFO - [2025-03-10T09:15:25.188+0100] {dagbag.py:538} INFO - Filling up the DagBag from /home/philip/de_engineering/airflow_projects/airflow1/venv/lib/python3.10/site-packages/airflow/example_dags/tutorial.py
[2025-03-10T09:15:25.194+0100] {processor.py:840} INFO - DAG(s) 'tutorial' retrieved from /home/philip/de_engineering/airflow_projects/airflow1/venv/lib/python3.10/site-packages/airflow/example_dags/tutorial.py
[2025-03-10T09:15:25.213+0100] {logging_mixin.py:188} INFO - [2025-03-10T09:15:25.213+0100] {dag.py:3036} INFO - Sync 1 DAGs
[2025-03-10T09:15:25.229+0100] {logging_mixin.py:188} INFO - [2025-03-10T09:15:25.229+0100] {dag.py:3823} INFO - Setting next_dagrun for tutorial to 2025-03-09 00:00:00+00:00, run_after=2025-03-10 00:00:00+00:00
[2025-03-10T09:15:25.244+0100] {processor.py:183} INFO - Processing /home/philip/de_engineering/airflow_projects/airflow1/venv/lib/python3.10/site-packages/airflow/example_dags/tutorial.py took 0.060 seconds
[2025-03-10T09:15:55.395+0100] {processor.py:161} INFO - Started process (PID=137158) to work on /home/philip/de_engineering/airflow_projects/airflow1/venv/lib/python3.10/site-packages/airflow/example_dags/tutorial.py
[2025-03-10T09:15:55.395+0100] {processor.py:830} INFO - Processing file /home/philip/de_engineering/airflow_projects/airflow1/venv/lib/python3.10/site-packages/airflow/example_dags/tutorial.py for tasks to queue
[2025-03-10T09:15:55.396+0100] {logging_mixin.py:188} INFO - [2025-03-10T09:15:55.396+0100] {dagbag.py:538} INFO - Filling up the DagBag from /home/philip/de_engineering/airflow_projects/airflow1/venv/lib/python3.10/site-packages/airflow/example_dags/tutorial.py
[2025-03-10T09:15:55.403+0100] {processor.py:840} INFO - DAG(s) 'tutorial' retrieved from /home/philip/de_engineering/airflow_projects/airflow1/venv/lib/python3.10/site-packages/airflow/example_dags/tutorial.py
[2025-03-10T09:15:55.424+0100] {logging_mixin.py:188} INFO - [2025-03-10T09:15:55.424+0100] {dag.py:3036} INFO - Sync 1 DAGs
[2025-03-10T09:15:55.443+0100] {logging_mixin.py:188} INFO - [2025-03-10T09:15:55.443+0100] {dag.py:3823} INFO - Setting next_dagrun for tutorial to 2025-03-09 00:00:00+00:00, run_after=2025-03-10 00:00:00+00:00
[2025-03-10T09:15:55.460+0100] {processor.py:183} INFO - Processing /home/philip/de_engineering/airflow_projects/airflow1/venv/lib/python3.10/site-packages/airflow/example_dags/tutorial.py took 0.069 seconds
[2025-03-10T09:16:25.993+0100] {processor.py:161} INFO - Started process (PID=137534) to work on /home/philip/de_engineering/airflow_projects/airflow1/venv/lib/python3.10/site-packages/airflow/example_dags/tutorial.py
[2025-03-10T09:16:25.995+0100] {processor.py:830} INFO - Processing file /home/philip/de_engineering/airflow_projects/airflow1/venv/lib/python3.10/site-packages/airflow/example_dags/tutorial.py for tasks to queue
[2025-03-10T09:16:25.996+0100] {logging_mixin.py:188} INFO - [2025-03-10T09:16:25.995+0100] {dagbag.py:538} INFO - Filling up the DagBag from /home/philip/de_engineering/airflow_projects/airflow1/venv/lib/python3.10/site-packages/airflow/example_dags/tutorial.py
[2025-03-10T09:16:26.002+0100] {processor.py:840} INFO - DAG(s) 'tutorial' retrieved from /home/philip/de_engineering/airflow_projects/airflow1/venv/lib/python3.10/site-packages/airflow/example_dags/tutorial.py
[2025-03-10T09:16:26.025+0100] {logging_mixin.py:188} INFO - [2025-03-10T09:16:26.025+0100] {dag.py:3036} INFO - Sync 1 DAGs
[2025-03-10T09:16:26.050+0100] {logging_mixin.py:188} INFO - [2025-03-10T09:16:26.049+0100] {dag.py:3823} INFO - Setting next_dagrun for tutorial to 2025-03-09 00:00:00+00:00, run_after=2025-03-10 00:00:00+00:00
[2025-03-10T09:16:26.070+0100] {processor.py:183} INFO - Processing /home/philip/de_engineering/airflow_projects/airflow1/venv/lib/python3.10/site-packages/airflow/example_dags/tutorial.py took 0.080 seconds
[2025-03-10T09:16:56.127+0100] {processor.py:161} INFO - Started process (PID=137717) to work on /home/philip/de_engineering/airflow_projects/airflow1/venv/lib/python3.10/site-packages/airflow/example_dags/tutorial.py
[2025-03-10T09:16:56.128+0100] {processor.py:830} INFO - Processing file /home/philip/de_engineering/airflow_projects/airflow1/venv/lib/python3.10/site-packages/airflow/example_dags/tutorial.py for tasks to queue
[2025-03-10T09:16:56.128+0100] {logging_mixin.py:188} INFO - [2025-03-10T09:16:56.128+0100] {dagbag.py:538} INFO - Filling up the DagBag from /home/philip/de_engineering/airflow_projects/airflow1/venv/lib/python3.10/site-packages/airflow/example_dags/tutorial.py
[2025-03-10T09:16:56.134+0100] {processor.py:840} INFO - DAG(s) 'tutorial' retrieved from /home/philip/de_engineering/airflow_projects/airflow1/venv/lib/python3.10/site-packages/airflow/example_dags/tutorial.py
[2025-03-10T09:16:56.155+0100] {logging_mixin.py:188} INFO - [2025-03-10T09:16:56.155+0100] {dag.py:3036} INFO - Sync 1 DAGs
[2025-03-10T09:16:56.176+0100] {logging_mixin.py:188} INFO - [2025-03-10T09:16:56.176+0100] {dag.py:3823} INFO - Setting next_dagrun for tutorial to 2025-03-09 00:00:00+00:00, run_after=2025-03-10 00:00:00+00:00
[2025-03-10T09:16:56.195+0100] {processor.py:183} INFO - Processing /home/philip/de_engineering/airflow_projects/airflow1/venv/lib/python3.10/site-packages/airflow/example_dags/tutorial.py took 0.071 seconds
[2025-03-10T09:17:26.418+0100] {processor.py:161} INFO - Started process (PID=137909) to work on /home/philip/de_engineering/airflow_projects/airflow1/venv/lib/python3.10/site-packages/airflow/example_dags/tutorial.py
[2025-03-10T09:17:26.419+0100] {processor.py:830} INFO - Processing file /home/philip/de_engineering/airflow_projects/airflow1/venv/lib/python3.10/site-packages/airflow/example_dags/tutorial.py for tasks to queue
[2025-03-10T09:17:26.420+0100] {logging_mixin.py:188} INFO - [2025-03-10T09:17:26.420+0100] {dagbag.py:538} INFO - Filling up the DagBag from /home/philip/de_engineering/airflow_projects/airflow1/venv/lib/python3.10/site-packages/airflow/example_dags/tutorial.py
[2025-03-10T09:17:26.426+0100] {processor.py:840} INFO - DAG(s) 'tutorial' retrieved from /home/philip/de_engineering/airflow_projects/airflow1/venv/lib/python3.10/site-packages/airflow/example_dags/tutorial.py
[2025-03-10T09:17:26.445+0100] {logging_mixin.py:188} INFO - [2025-03-10T09:17:26.445+0100] {dag.py:3036} INFO - Sync 1 DAGs
[2025-03-10T09:17:26.464+0100] {logging_mixin.py:188} INFO - [2025-03-10T09:17:26.463+0100] {dag.py:3823} INFO - Setting next_dagrun for tutorial to 2025-03-09 00:00:00+00:00, run_after=2025-03-10 00:00:00+00:00
[2025-03-10T09:17:26.478+0100] {processor.py:183} INFO - Processing /home/philip/de_engineering/airflow_projects/airflow1/venv/lib/python3.10/site-packages/airflow/example_dags/tutorial.py took 0.063 seconds
[2025-03-10T09:19:20.481+0100] {processor.py:161} INFO - Started process (PID=138496) to work on /home/philip/de_engineering/airflow_projects/airflow1/venv/lib/python3.10/site-packages/airflow/example_dags/tutorial.py
[2025-03-10T09:19:20.482+0100] {processor.py:830} INFO - Processing file /home/philip/de_engineering/airflow_projects/airflow1/venv/lib/python3.10/site-packages/airflow/example_dags/tutorial.py for tasks to queue
[2025-03-10T09:19:20.483+0100] {logging_mixin.py:188} INFO - [2025-03-10T09:19:20.483+0100] {dagbag.py:538} INFO - Filling up the DagBag from /home/philip/de_engineering/airflow_projects/airflow1/venv/lib/python3.10/site-packages/airflow/example_dags/tutorial.py
[2025-03-10T09:19:20.492+0100] {processor.py:840} INFO - DAG(s) 'tutorial' retrieved from /home/philip/de_engineering/airflow_projects/airflow1/venv/lib/python3.10/site-packages/airflow/example_dags/tutorial.py
[2025-03-10T09:19:20.588+0100] {logging_mixin.py:188} INFO - [2025-03-10T09:19:20.588+0100] {dag.py:3036} INFO - Sync 1 DAGs
[2025-03-10T09:19:20.607+0100] {logging_mixin.py:188} INFO - [2025-03-10T09:19:20.607+0100] {dag.py:3823} INFO - Setting next_dagrun for tutorial to 2025-03-09 00:00:00+00:00, run_after=2025-03-10 00:00:00+00:00
[2025-03-10T09:19:20.625+0100] {processor.py:183} INFO - Processing /home/philip/de_engineering/airflow_projects/airflow1/venv/lib/python3.10/site-packages/airflow/example_dags/tutorial.py took 0.147 seconds
[2025-03-10T09:19:50.934+0100] {processor.py:161} INFO - Started process (PID=138833) to work on /home/philip/de_engineering/airflow_projects/airflow1/venv/lib/python3.10/site-packages/airflow/example_dags/tutorial.py
[2025-03-10T09:19:50.935+0100] {processor.py:830} INFO - Processing file /home/philip/de_engineering/airflow_projects/airflow1/venv/lib/python3.10/site-packages/airflow/example_dags/tutorial.py for tasks to queue
[2025-03-10T09:19:50.936+0100] {logging_mixin.py:188} INFO - [2025-03-10T09:19:50.936+0100] {dagbag.py:538} INFO - Filling up the DagBag from /home/philip/de_engineering/airflow_projects/airflow1/venv/lib/python3.10/site-packages/airflow/example_dags/tutorial.py
[2025-03-10T09:19:50.942+0100] {processor.py:840} INFO - DAG(s) 'tutorial' retrieved from /home/philip/de_engineering/airflow_projects/airflow1/venv/lib/python3.10/site-packages/airflow/example_dags/tutorial.py
[2025-03-10T09:19:50.963+0100] {logging_mixin.py:188} INFO - [2025-03-10T09:19:50.962+0100] {dag.py:3036} INFO - Sync 1 DAGs
[2025-03-10T09:19:50.981+0100] {logging_mixin.py:188} INFO - [2025-03-10T09:19:50.980+0100] {dag.py:3823} INFO - Setting next_dagrun for tutorial to 2025-03-09 00:00:00+00:00, run_after=2025-03-10 00:00:00+00:00
[2025-03-10T09:19:50.995+0100] {processor.py:183} INFO - Processing /home/philip/de_engineering/airflow_projects/airflow1/venv/lib/python3.10/site-packages/airflow/example_dags/tutorial.py took 0.064 seconds
[2025-03-10T09:20:21.413+0100] {processor.py:161} INFO - Started process (PID=139208) to work on /home/philip/de_engineering/airflow_projects/airflow1/venv/lib/python3.10/site-packages/airflow/example_dags/tutorial.py
[2025-03-10T09:20:21.414+0100] {processor.py:830} INFO - Processing file /home/philip/de_engineering/airflow_projects/airflow1/venv/lib/python3.10/site-packages/airflow/example_dags/tutorial.py for tasks to queue
[2025-03-10T09:20:21.415+0100] {logging_mixin.py:188} INFO - [2025-03-10T09:20:21.415+0100] {dagbag.py:538} INFO - Filling up the DagBag from /home/philip/de_engineering/airflow_projects/airflow1/venv/lib/python3.10/site-packages/airflow/example_dags/tutorial.py
[2025-03-10T09:20:21.421+0100] {processor.py:840} INFO - DAG(s) 'tutorial' retrieved from /home/philip/de_engineering/airflow_projects/airflow1/venv/lib/python3.10/site-packages/airflow/example_dags/tutorial.py
[2025-03-10T09:20:21.442+0100] {logging_mixin.py:188} INFO - [2025-03-10T09:20:21.441+0100] {dag.py:3036} INFO - Sync 1 DAGs
[2025-03-10T09:20:21.458+0100] {logging_mixin.py:188} INFO - [2025-03-10T09:20:21.458+0100] {dag.py:3823} INFO - Setting next_dagrun for tutorial to 2025-03-09 00:00:00+00:00, run_after=2025-03-10 00:00:00+00:00
[2025-03-10T09:20:21.474+0100] {processor.py:183} INFO - Processing /home/philip/de_engineering/airflow_projects/airflow1/venv/lib/python3.10/site-packages/airflow/example_dags/tutorial.py took 0.064 seconds
[2025-03-10T09:20:51.939+0100] {processor.py:161} INFO - Started process (PID=139588) to work on /home/philip/de_engineering/airflow_projects/airflow1/venv/lib/python3.10/site-packages/airflow/example_dags/tutorial.py
[2025-03-10T09:20:51.939+0100] {processor.py:830} INFO - Processing file /home/philip/de_engineering/airflow_projects/airflow1/venv/lib/python3.10/site-packages/airflow/example_dags/tutorial.py for tasks to queue
[2025-03-10T09:20:51.940+0100] {logging_mixin.py:188} INFO - [2025-03-10T09:20:51.940+0100] {dagbag.py:538} INFO - Filling up the DagBag from /home/philip/de_engineering/airflow_projects/airflow1/venv/lib/python3.10/site-packages/airflow/example_dags/tutorial.py
[2025-03-10T09:20:51.945+0100] {processor.py:840} INFO - DAG(s) 'tutorial' retrieved from /home/philip/de_engineering/airflow_projects/airflow1/venv/lib/python3.10/site-packages/airflow/example_dags/tutorial.py
[2025-03-10T09:20:51.965+0100] {logging_mixin.py:188} INFO - [2025-03-10T09:20:51.965+0100] {dag.py:3036} INFO - Sync 1 DAGs
[2025-03-10T09:20:51.985+0100] {logging_mixin.py:188} INFO - [2025-03-10T09:20:51.985+0100] {dag.py:3823} INFO - Setting next_dagrun for tutorial to 2025-03-09 00:00:00+00:00, run_after=2025-03-10 00:00:00+00:00
[2025-03-10T09:20:52.000+0100] {processor.py:183} INFO - Processing /home/philip/de_engineering/airflow_projects/airflow1/venv/lib/python3.10/site-packages/airflow/example_dags/tutorial.py took 0.064 seconds
[2025-03-10T09:21:22.387+0100] {processor.py:161} INFO - Started process (PID=139970) to work on /home/philip/de_engineering/airflow_projects/airflow1/venv/lib/python3.10/site-packages/airflow/example_dags/tutorial.py
[2025-03-10T09:21:22.388+0100] {processor.py:830} INFO - Processing file /home/philip/de_engineering/airflow_projects/airflow1/venv/lib/python3.10/site-packages/airflow/example_dags/tutorial.py for tasks to queue
[2025-03-10T09:21:22.389+0100] {logging_mixin.py:188} INFO - [2025-03-10T09:21:22.389+0100] {dagbag.py:538} INFO - Filling up the DagBag from /home/philip/de_engineering/airflow_projects/airflow1/venv/lib/python3.10/site-packages/airflow/example_dags/tutorial.py
[2025-03-10T09:21:22.394+0100] {processor.py:840} INFO - DAG(s) 'tutorial' retrieved from /home/philip/de_engineering/airflow_projects/airflow1/venv/lib/python3.10/site-packages/airflow/example_dags/tutorial.py
[2025-03-10T09:21:22.413+0100] {logging_mixin.py:188} INFO - [2025-03-10T09:21:22.413+0100] {dag.py:3036} INFO - Sync 1 DAGs
[2025-03-10T09:21:22.432+0100] {logging_mixin.py:188} INFO - [2025-03-10T09:21:22.432+0100] {dag.py:3823} INFO - Setting next_dagrun for tutorial to 2025-03-09 00:00:00+00:00, run_after=2025-03-10 00:00:00+00:00
[2025-03-10T09:21:22.446+0100] {processor.py:183} INFO - Processing /home/philip/de_engineering/airflow_projects/airflow1/venv/lib/python3.10/site-packages/airflow/example_dags/tutorial.py took 0.061 seconds
[2025-03-10T09:21:52.672+0100] {processor.py:161} INFO - Started process (PID=140347) to work on /home/philip/de_engineering/airflow_projects/airflow1/venv/lib/python3.10/site-packages/airflow/example_dags/tutorial.py
[2025-03-10T09:21:52.673+0100] {processor.py:830} INFO - Processing file /home/philip/de_engineering/airflow_projects/airflow1/venv/lib/python3.10/site-packages/airflow/example_dags/tutorial.py for tasks to queue
[2025-03-10T09:21:52.674+0100] {logging_mixin.py:188} INFO - [2025-03-10T09:21:52.674+0100] {dagbag.py:538} INFO - Filling up the DagBag from /home/philip/de_engineering/airflow_projects/airflow1/venv/lib/python3.10/site-packages/airflow/example_dags/tutorial.py
[2025-03-10T09:21:52.679+0100] {processor.py:840} INFO - DAG(s) 'tutorial' retrieved from /home/philip/de_engineering/airflow_projects/airflow1/venv/lib/python3.10/site-packages/airflow/example_dags/tutorial.py
[2025-03-10T09:21:52.699+0100] {logging_mixin.py:188} INFO - [2025-03-10T09:21:52.699+0100] {dag.py:3036} INFO - Sync 1 DAGs
[2025-03-10T09:21:52.718+0100] {logging_mixin.py:188} INFO - [2025-03-10T09:21:52.718+0100] {dag.py:3823} INFO - Setting next_dagrun for tutorial to 2025-03-09 00:00:00+00:00, run_after=2025-03-10 00:00:00+00:00
[2025-03-10T09:21:52.734+0100] {processor.py:183} INFO - Processing /home/philip/de_engineering/airflow_projects/airflow1/venv/lib/python3.10/site-packages/airflow/example_dags/tutorial.py took 0.065 seconds
[2025-03-10T09:22:22.942+0100] {processor.py:161} INFO - Started process (PID=140728) to work on /home/philip/de_engineering/airflow_projects/airflow1/venv/lib/python3.10/site-packages/airflow/example_dags/tutorial.py
[2025-03-10T09:22:22.943+0100] {processor.py:830} INFO - Processing file /home/philip/de_engineering/airflow_projects/airflow1/venv/lib/python3.10/site-packages/airflow/example_dags/tutorial.py for tasks to queue
[2025-03-10T09:22:22.944+0100] {logging_mixin.py:188} INFO - [2025-03-10T09:22:22.943+0100] {dagbag.py:538} INFO - Filling up the DagBag from /home/philip/de_engineering/airflow_projects/airflow1/venv/lib/python3.10/site-packages/airflow/example_dags/tutorial.py
[2025-03-10T09:22:22.949+0100] {processor.py:840} INFO - DAG(s) 'tutorial' retrieved from /home/philip/de_engineering/airflow_projects/airflow1/venv/lib/python3.10/site-packages/airflow/example_dags/tutorial.py
[2025-03-10T09:22:22.970+0100] {logging_mixin.py:188} INFO - [2025-03-10T09:22:22.970+0100] {dag.py:3036} INFO - Sync 1 DAGs
[2025-03-10T09:22:22.989+0100] {logging_mixin.py:188} INFO - [2025-03-10T09:22:22.989+0100] {dag.py:3823} INFO - Setting next_dagrun for tutorial to 2025-03-09 00:00:00+00:00, run_after=2025-03-10 00:00:00+00:00
[2025-03-10T09:22:23.003+0100] {processor.py:183} INFO - Processing /home/philip/de_engineering/airflow_projects/airflow1/venv/lib/python3.10/site-packages/airflow/example_dags/tutorial.py took 0.064 seconds
[2025-03-10T09:22:53.117+0100] {processor.py:161} INFO - Started process (PID=141102) to work on /home/philip/de_engineering/airflow_projects/airflow1/venv/lib/python3.10/site-packages/airflow/example_dags/tutorial.py
[2025-03-10T09:22:53.118+0100] {processor.py:830} INFO - Processing file /home/philip/de_engineering/airflow_projects/airflow1/venv/lib/python3.10/site-packages/airflow/example_dags/tutorial.py for tasks to queue
[2025-03-10T09:22:53.119+0100] {logging_mixin.py:188} INFO - [2025-03-10T09:22:53.119+0100] {dagbag.py:538} INFO - Filling up the DagBag from /home/philip/de_engineering/airflow_projects/airflow1/venv/lib/python3.10/site-packages/airflow/example_dags/tutorial.py
[2025-03-10T09:22:53.127+0100] {processor.py:840} INFO - DAG(s) 'tutorial' retrieved from /home/philip/de_engineering/airflow_projects/airflow1/venv/lib/python3.10/site-packages/airflow/example_dags/tutorial.py
[2025-03-10T09:22:53.148+0100] {logging_mixin.py:188} INFO - [2025-03-10T09:22:53.148+0100] {dag.py:3036} INFO - Sync 1 DAGs
[2025-03-10T09:22:53.166+0100] {logging_mixin.py:188} INFO - [2025-03-10T09:22:53.166+0100] {dag.py:3823} INFO - Setting next_dagrun for tutorial to 2025-03-09 00:00:00+00:00, run_after=2025-03-10 00:00:00+00:00
[2025-03-10T09:22:53.181+0100] {processor.py:183} INFO - Processing /home/philip/de_engineering/airflow_projects/airflow1/venv/lib/python3.10/site-packages/airflow/example_dags/tutorial.py took 0.066 seconds
[2025-03-10T09:23:23.372+0100] {processor.py:161} INFO - Started process (PID=141485) to work on /home/philip/de_engineering/airflow_projects/airflow1/venv/lib/python3.10/site-packages/airflow/example_dags/tutorial.py
[2025-03-10T09:23:23.373+0100] {processor.py:830} INFO - Processing file /home/philip/de_engineering/airflow_projects/airflow1/venv/lib/python3.10/site-packages/airflow/example_dags/tutorial.py for tasks to queue
[2025-03-10T09:23:23.374+0100] {logging_mixin.py:188} INFO - [2025-03-10T09:23:23.373+0100] {dagbag.py:538} INFO - Filling up the DagBag from /home/philip/de_engineering/airflow_projects/airflow1/venv/lib/python3.10/site-packages/airflow/example_dags/tutorial.py
[2025-03-10T09:23:23.379+0100] {processor.py:840} INFO - DAG(s) 'tutorial' retrieved from /home/philip/de_engineering/airflow_projects/airflow1/venv/lib/python3.10/site-packages/airflow/example_dags/tutorial.py
[2025-03-10T09:23:23.401+0100] {logging_mixin.py:188} INFO - [2025-03-10T09:23:23.401+0100] {dag.py:3036} INFO - Sync 1 DAGs
[2025-03-10T09:23:23.423+0100] {logging_mixin.py:188} INFO - [2025-03-10T09:23:23.422+0100] {dag.py:3823} INFO - Setting next_dagrun for tutorial to 2025-03-09 00:00:00+00:00, run_after=2025-03-10 00:00:00+00:00
[2025-03-10T09:23:23.443+0100] {processor.py:183} INFO - Processing /home/philip/de_engineering/airflow_projects/airflow1/venv/lib/python3.10/site-packages/airflow/example_dags/tutorial.py took 0.074 seconds
[2025-03-10T09:23:53.730+0100] {processor.py:161} INFO - Started process (PID=141859) to work on /home/philip/de_engineering/airflow_projects/airflow1/venv/lib/python3.10/site-packages/airflow/example_dags/tutorial.py
[2025-03-10T09:23:53.731+0100] {processor.py:830} INFO - Processing file /home/philip/de_engineering/airflow_projects/airflow1/venv/lib/python3.10/site-packages/airflow/example_dags/tutorial.py for tasks to queue
[2025-03-10T09:23:53.732+0100] {logging_mixin.py:188} INFO - [2025-03-10T09:23:53.731+0100] {dagbag.py:538} INFO - Filling up the DagBag from /home/philip/de_engineering/airflow_projects/airflow1/venv/lib/python3.10/site-packages/airflow/example_dags/tutorial.py
[2025-03-10T09:23:53.737+0100] {processor.py:840} INFO - DAG(s) 'tutorial' retrieved from /home/philip/de_engineering/airflow_projects/airflow1/venv/lib/python3.10/site-packages/airflow/example_dags/tutorial.py
[2025-03-10T09:23:53.756+0100] {logging_mixin.py:188} INFO - [2025-03-10T09:23:53.756+0100] {dag.py:3036} INFO - Sync 1 DAGs
[2025-03-10T09:23:53.774+0100] {logging_mixin.py:188} INFO - [2025-03-10T09:23:53.774+0100] {dag.py:3823} INFO - Setting next_dagrun for tutorial to 2025-03-09 00:00:00+00:00, run_after=2025-03-10 00:00:00+00:00
[2025-03-10T09:23:53.788+0100] {processor.py:183} INFO - Processing /home/philip/de_engineering/airflow_projects/airflow1/venv/lib/python3.10/site-packages/airflow/example_dags/tutorial.py took 0.061 seconds
[2025-03-10T09:24:24.026+0100] {processor.py:161} INFO - Started process (PID=142241) to work on /home/philip/de_engineering/airflow_projects/airflow1/venv/lib/python3.10/site-packages/airflow/example_dags/tutorial.py
[2025-03-10T09:24:24.026+0100] {processor.py:830} INFO - Processing file /home/philip/de_engineering/airflow_projects/airflow1/venv/lib/python3.10/site-packages/airflow/example_dags/tutorial.py for tasks to queue
[2025-03-10T09:24:24.027+0100] {logging_mixin.py:188} INFO - [2025-03-10T09:24:24.027+0100] {dagbag.py:538} INFO - Filling up the DagBag from /home/philip/de_engineering/airflow_projects/airflow1/venv/lib/python3.10/site-packages/airflow/example_dags/tutorial.py
[2025-03-10T09:24:24.033+0100] {processor.py:840} INFO - DAG(s) 'tutorial' retrieved from /home/philip/de_engineering/airflow_projects/airflow1/venv/lib/python3.10/site-packages/airflow/example_dags/tutorial.py
[2025-03-10T09:24:24.054+0100] {logging_mixin.py:188} INFO - [2025-03-10T09:24:24.053+0100] {dag.py:3036} INFO - Sync 1 DAGs
[2025-03-10T09:24:24.079+0100] {logging_mixin.py:188} INFO - [2025-03-10T09:24:24.079+0100] {dag.py:3823} INFO - Setting next_dagrun for tutorial to 2025-03-09 00:00:00+00:00, run_after=2025-03-10 00:00:00+00:00
[2025-03-10T09:24:24.096+0100] {processor.py:183} INFO - Processing /home/philip/de_engineering/airflow_projects/airflow1/venv/lib/python3.10/site-packages/airflow/example_dags/tutorial.py took 0.073 seconds
[2025-03-10T09:24:54.490+0100] {processor.py:161} INFO - Started process (PID=142621) to work on /home/philip/de_engineering/airflow_projects/airflow1/venv/lib/python3.10/site-packages/airflow/example_dags/tutorial.py
[2025-03-10T09:24:54.491+0100] {processor.py:830} INFO - Processing file /home/philip/de_engineering/airflow_projects/airflow1/venv/lib/python3.10/site-packages/airflow/example_dags/tutorial.py for tasks to queue
[2025-03-10T09:24:54.492+0100] {logging_mixin.py:188} INFO - [2025-03-10T09:24:54.491+0100] {dagbag.py:538} INFO - Filling up the DagBag from /home/philip/de_engineering/airflow_projects/airflow1/venv/lib/python3.10/site-packages/airflow/example_dags/tutorial.py
[2025-03-10T09:24:54.497+0100] {processor.py:840} INFO - DAG(s) 'tutorial' retrieved from /home/philip/de_engineering/airflow_projects/airflow1/venv/lib/python3.10/site-packages/airflow/example_dags/tutorial.py
[2025-03-10T09:24:54.517+0100] {logging_mixin.py:188} INFO - [2025-03-10T09:24:54.516+0100] {dag.py:3036} INFO - Sync 1 DAGs
[2025-03-10T09:24:54.533+0100] {logging_mixin.py:188} INFO - [2025-03-10T09:24:54.533+0100] {dag.py:3823} INFO - Setting next_dagrun for tutorial to 2025-03-09 00:00:00+00:00, run_after=2025-03-10 00:00:00+00:00
[2025-03-10T09:24:54.548+0100] {processor.py:183} INFO - Processing /home/philip/de_engineering/airflow_projects/airflow1/venv/lib/python3.10/site-packages/airflow/example_dags/tutorial.py took 0.061 seconds
[2025-03-10T09:25:24.640+0100] {processor.py:161} INFO - Started process (PID=143001) to work on /home/philip/de_engineering/airflow_projects/airflow1/venv/lib/python3.10/site-packages/airflow/example_dags/tutorial.py
[2025-03-10T09:25:24.641+0100] {processor.py:830} INFO - Processing file /home/philip/de_engineering/airflow_projects/airflow1/venv/lib/python3.10/site-packages/airflow/example_dags/tutorial.py for tasks to queue
[2025-03-10T09:25:24.641+0100] {logging_mixin.py:188} INFO - [2025-03-10T09:25:24.641+0100] {dagbag.py:538} INFO - Filling up the DagBag from /home/philip/de_engineering/airflow_projects/airflow1/venv/lib/python3.10/site-packages/airflow/example_dags/tutorial.py
[2025-03-10T09:25:24.646+0100] {processor.py:840} INFO - DAG(s) 'tutorial' retrieved from /home/philip/de_engineering/airflow_projects/airflow1/venv/lib/python3.10/site-packages/airflow/example_dags/tutorial.py
[2025-03-10T09:25:24.666+0100] {logging_mixin.py:188} INFO - [2025-03-10T09:25:24.666+0100] {dag.py:3036} INFO - Sync 1 DAGs
[2025-03-10T09:25:24.686+0100] {logging_mixin.py:188} INFO - [2025-03-10T09:25:24.685+0100] {dag.py:3823} INFO - Setting next_dagrun for tutorial to 2025-03-09 00:00:00+00:00, run_after=2025-03-10 00:00:00+00:00
[2025-03-10T09:25:24.701+0100] {processor.py:183} INFO - Processing /home/philip/de_engineering/airflow_projects/airflow1/venv/lib/python3.10/site-packages/airflow/example_dags/tutorial.py took 0.064 seconds
[2025-03-10T09:25:54.918+0100] {processor.py:161} INFO - Started process (PID=143382) to work on /home/philip/de_engineering/airflow_projects/airflow1/venv/lib/python3.10/site-packages/airflow/example_dags/tutorial.py
[2025-03-10T09:25:54.919+0100] {processor.py:830} INFO - Processing file /home/philip/de_engineering/airflow_projects/airflow1/venv/lib/python3.10/site-packages/airflow/example_dags/tutorial.py for tasks to queue
[2025-03-10T09:25:54.920+0100] {logging_mixin.py:188} INFO - [2025-03-10T09:25:54.920+0100] {dagbag.py:538} INFO - Filling up the DagBag from /home/philip/de_engineering/airflow_projects/airflow1/venv/lib/python3.10/site-packages/airflow/example_dags/tutorial.py
[2025-03-10T09:25:54.925+0100] {processor.py:840} INFO - DAG(s) 'tutorial' retrieved from /home/philip/de_engineering/airflow_projects/airflow1/venv/lib/python3.10/site-packages/airflow/example_dags/tutorial.py
[2025-03-10T09:25:54.946+0100] {logging_mixin.py:188} INFO - [2025-03-10T09:25:54.946+0100] {dag.py:3036} INFO - Sync 1 DAGs
[2025-03-10T09:25:54.965+0100] {logging_mixin.py:188} INFO - [2025-03-10T09:25:54.964+0100] {dag.py:3823} INFO - Setting next_dagrun for tutorial to 2025-03-09 00:00:00+00:00, run_after=2025-03-10 00:00:00+00:00
[2025-03-10T09:25:54.979+0100] {processor.py:183} INFO - Processing /home/philip/de_engineering/airflow_projects/airflow1/venv/lib/python3.10/site-packages/airflow/example_dags/tutorial.py took 0.064 seconds
[2025-03-10T09:26:25.373+0100] {processor.py:161} INFO - Started process (PID=143756) to work on /home/philip/de_engineering/airflow_projects/airflow1/venv/lib/python3.10/site-packages/airflow/example_dags/tutorial.py
[2025-03-10T09:26:25.374+0100] {processor.py:830} INFO - Processing file /home/philip/de_engineering/airflow_projects/airflow1/venv/lib/python3.10/site-packages/airflow/example_dags/tutorial.py for tasks to queue
[2025-03-10T09:26:25.375+0100] {logging_mixin.py:188} INFO - [2025-03-10T09:26:25.374+0100] {dagbag.py:538} INFO - Filling up the DagBag from /home/philip/de_engineering/airflow_projects/airflow1/venv/lib/python3.10/site-packages/airflow/example_dags/tutorial.py
[2025-03-10T09:26:25.379+0100] {processor.py:840} INFO - DAG(s) 'tutorial' retrieved from /home/philip/de_engineering/airflow_projects/airflow1/venv/lib/python3.10/site-packages/airflow/example_dags/tutorial.py
[2025-03-10T09:26:25.401+0100] {logging_mixin.py:188} INFO - [2025-03-10T09:26:25.401+0100] {dag.py:3036} INFO - Sync 1 DAGs
[2025-03-10T09:26:25.421+0100] {logging_mixin.py:188} INFO - [2025-03-10T09:26:25.421+0100] {dag.py:3823} INFO - Setting next_dagrun for tutorial to 2025-03-09 00:00:00+00:00, run_after=2025-03-10 00:00:00+00:00
[2025-03-10T09:26:25.436+0100] {processor.py:183} INFO - Processing /home/philip/de_engineering/airflow_projects/airflow1/venv/lib/python3.10/site-packages/airflow/example_dags/tutorial.py took 0.066 seconds
[2025-03-10T09:26:55.821+0100] {processor.py:161} INFO - Started process (PID=144137) to work on /home/philip/de_engineering/airflow_projects/airflow1/venv/lib/python3.10/site-packages/airflow/example_dags/tutorial.py
[2025-03-10T09:26:55.822+0100] {processor.py:830} INFO - Processing file /home/philip/de_engineering/airflow_projects/airflow1/venv/lib/python3.10/site-packages/airflow/example_dags/tutorial.py for tasks to queue
[2025-03-10T09:26:55.823+0100] {logging_mixin.py:188} INFO - [2025-03-10T09:26:55.822+0100] {dagbag.py:538} INFO - Filling up the DagBag from /home/philip/de_engineering/airflow_projects/airflow1/venv/lib/python3.10/site-packages/airflow/example_dags/tutorial.py
[2025-03-10T09:26:55.828+0100] {processor.py:840} INFO - DAG(s) 'tutorial' retrieved from /home/philip/de_engineering/airflow_projects/airflow1/venv/lib/python3.10/site-packages/airflow/example_dags/tutorial.py
[2025-03-10T09:26:55.849+0100] {logging_mixin.py:188} INFO - [2025-03-10T09:26:55.849+0100] {dag.py:3036} INFO - Sync 1 DAGs
[2025-03-10T09:26:55.867+0100] {logging_mixin.py:188} INFO - [2025-03-10T09:26:55.867+0100] {dag.py:3823} INFO - Setting next_dagrun for tutorial to 2025-03-09 00:00:00+00:00, run_after=2025-03-10 00:00:00+00:00
[2025-03-10T09:26:55.882+0100] {processor.py:183} INFO - Processing /home/philip/de_engineering/airflow_projects/airflow1/venv/lib/python3.10/site-packages/airflow/example_dags/tutorial.py took 0.064 seconds
[2025-03-10T09:27:26.029+0100] {processor.py:161} INFO - Started process (PID=144517) to work on /home/philip/de_engineering/airflow_projects/airflow1/venv/lib/python3.10/site-packages/airflow/example_dags/tutorial.py
[2025-03-10T09:27:26.030+0100] {processor.py:830} INFO - Processing file /home/philip/de_engineering/airflow_projects/airflow1/venv/lib/python3.10/site-packages/airflow/example_dags/tutorial.py for tasks to queue
[2025-03-10T09:27:26.030+0100] {logging_mixin.py:188} INFO - [2025-03-10T09:27:26.030+0100] {dagbag.py:538} INFO - Filling up the DagBag from /home/philip/de_engineering/airflow_projects/airflow1/venv/lib/python3.10/site-packages/airflow/example_dags/tutorial.py
[2025-03-10T09:27:26.036+0100] {processor.py:840} INFO - DAG(s) 'tutorial' retrieved from /home/philip/de_engineering/airflow_projects/airflow1/venv/lib/python3.10/site-packages/airflow/example_dags/tutorial.py
[2025-03-10T09:27:26.054+0100] {logging_mixin.py:188} INFO - [2025-03-10T09:27:26.054+0100] {dag.py:3036} INFO - Sync 1 DAGs
[2025-03-10T09:27:26.072+0100] {logging_mixin.py:188} INFO - [2025-03-10T09:27:26.071+0100] {dag.py:3823} INFO - Setting next_dagrun for tutorial to 2025-03-09 00:00:00+00:00, run_after=2025-03-10 00:00:00+00:00
[2025-03-10T09:27:26.086+0100] {processor.py:183} INFO - Processing /home/philip/de_engineering/airflow_projects/airflow1/venv/lib/python3.10/site-packages/airflow/example_dags/tutorial.py took 0.060 seconds
[2025-03-10T09:27:56.276+0100] {processor.py:161} INFO - Started process (PID=144892) to work on /home/philip/de_engineering/airflow_projects/airflow1/venv/lib/python3.10/site-packages/airflow/example_dags/tutorial.py
[2025-03-10T09:27:56.277+0100] {processor.py:830} INFO - Processing file /home/philip/de_engineering/airflow_projects/airflow1/venv/lib/python3.10/site-packages/airflow/example_dags/tutorial.py for tasks to queue
[2025-03-10T09:27:56.278+0100] {logging_mixin.py:188} INFO - [2025-03-10T09:27:56.277+0100] {dagbag.py:538} INFO - Filling up the DagBag from /home/philip/de_engineering/airflow_projects/airflow1/venv/lib/python3.10/site-packages/airflow/example_dags/tutorial.py
[2025-03-10T09:27:56.283+0100] {processor.py:840} INFO - DAG(s) 'tutorial' retrieved from /home/philip/de_engineering/airflow_projects/airflow1/venv/lib/python3.10/site-packages/airflow/example_dags/tutorial.py
[2025-03-10T09:27:56.304+0100] {logging_mixin.py:188} INFO - [2025-03-10T09:27:56.304+0100] {dag.py:3036} INFO - Sync 1 DAGs
[2025-03-10T09:27:56.325+0100] {logging_mixin.py:188} INFO - [2025-03-10T09:27:56.325+0100] {dag.py:3823} INFO - Setting next_dagrun for tutorial to 2025-03-09 00:00:00+00:00, run_after=2025-03-10 00:00:00+00:00
[2025-03-10T09:27:56.342+0100] {processor.py:183} INFO - Processing /home/philip/de_engineering/airflow_projects/airflow1/venv/lib/python3.10/site-packages/airflow/example_dags/tutorial.py took 0.070 seconds
[2025-03-10T09:28:26.637+0100] {processor.py:161} INFO - Started process (PID=145272) to work on /home/philip/de_engineering/airflow_projects/airflow1/venv/lib/python3.10/site-packages/airflow/example_dags/tutorial.py
[2025-03-10T09:28:26.638+0100] {processor.py:830} INFO - Processing file /home/philip/de_engineering/airflow_projects/airflow1/venv/lib/python3.10/site-packages/airflow/example_dags/tutorial.py for tasks to queue
[2025-03-10T09:28:26.639+0100] {logging_mixin.py:188} INFO - [2025-03-10T09:28:26.638+0100] {dagbag.py:538} INFO - Filling up the DagBag from /home/philip/de_engineering/airflow_projects/airflow1/venv/lib/python3.10/site-packages/airflow/example_dags/tutorial.py
[2025-03-10T09:28:26.644+0100] {processor.py:840} INFO - DAG(s) 'tutorial' retrieved from /home/philip/de_engineering/airflow_projects/airflow1/venv/lib/python3.10/site-packages/airflow/example_dags/tutorial.py
[2025-03-10T09:28:26.664+0100] {logging_mixin.py:188} INFO - [2025-03-10T09:28:26.664+0100] {dag.py:3036} INFO - Sync 1 DAGs
[2025-03-10T09:28:26.683+0100] {logging_mixin.py:188} INFO - [2025-03-10T09:28:26.682+0100] {dag.py:3823} INFO - Setting next_dagrun for tutorial to 2025-03-09 00:00:00+00:00, run_after=2025-03-10 00:00:00+00:00
[2025-03-10T09:28:26.698+0100] {processor.py:183} INFO - Processing /home/philip/de_engineering/airflow_projects/airflow1/venv/lib/python3.10/site-packages/airflow/example_dags/tutorial.py took 0.064 seconds
[2025-03-10T09:28:56.804+0100] {processor.py:161} INFO - Started process (PID=145649) to work on /home/philip/de_engineering/airflow_projects/airflow1/venv/lib/python3.10/site-packages/airflow/example_dags/tutorial.py
[2025-03-10T09:28:56.805+0100] {processor.py:830} INFO - Processing file /home/philip/de_engineering/airflow_projects/airflow1/venv/lib/python3.10/site-packages/airflow/example_dags/tutorial.py for tasks to queue
[2025-03-10T09:28:56.806+0100] {logging_mixin.py:188} INFO - [2025-03-10T09:28:56.805+0100] {dagbag.py:538} INFO - Filling up the DagBag from /home/philip/de_engineering/airflow_projects/airflow1/venv/lib/python3.10/site-packages/airflow/example_dags/tutorial.py
[2025-03-10T09:28:56.811+0100] {processor.py:840} INFO - DAG(s) 'tutorial' retrieved from /home/philip/de_engineering/airflow_projects/airflow1/venv/lib/python3.10/site-packages/airflow/example_dags/tutorial.py
[2025-03-10T09:28:56.829+0100] {logging_mixin.py:188} INFO - [2025-03-10T09:28:56.829+0100] {dag.py:3036} INFO - Sync 1 DAGs
[2025-03-10T09:28:56.847+0100] {logging_mixin.py:188} INFO - [2025-03-10T09:28:56.846+0100] {dag.py:3823} INFO - Setting next_dagrun for tutorial to 2025-03-09 00:00:00+00:00, run_after=2025-03-10 00:00:00+00:00
[2025-03-10T09:28:56.861+0100] {processor.py:183} INFO - Processing /home/philip/de_engineering/airflow_projects/airflow1/venv/lib/python3.10/site-packages/airflow/example_dags/tutorial.py took 0.060 seconds
[2025-03-10T09:29:27.029+0100] {processor.py:161} INFO - Started process (PID=146029) to work on /home/philip/de_engineering/airflow_projects/airflow1/venv/lib/python3.10/site-packages/airflow/example_dags/tutorial.py
[2025-03-10T09:29:27.030+0100] {processor.py:830} INFO - Processing file /home/philip/de_engineering/airflow_projects/airflow1/venv/lib/python3.10/site-packages/airflow/example_dags/tutorial.py for tasks to queue
[2025-03-10T09:29:27.031+0100] {logging_mixin.py:188} INFO - [2025-03-10T09:29:27.031+0100] {dagbag.py:538} INFO - Filling up the DagBag from /home/philip/de_engineering/airflow_projects/airflow1/venv/lib/python3.10/site-packages/airflow/example_dags/tutorial.py
[2025-03-10T09:29:27.036+0100] {processor.py:840} INFO - DAG(s) 'tutorial' retrieved from /home/philip/de_engineering/airflow_projects/airflow1/venv/lib/python3.10/site-packages/airflow/example_dags/tutorial.py
[2025-03-10T09:29:27.056+0100] {logging_mixin.py:188} INFO - [2025-03-10T09:29:27.055+0100] {dag.py:3036} INFO - Sync 1 DAGs
[2025-03-10T09:29:27.073+0100] {logging_mixin.py:188} INFO - [2025-03-10T09:29:27.072+0100] {dag.py:3823} INFO - Setting next_dagrun for tutorial to 2025-03-09 00:00:00+00:00, run_after=2025-03-10 00:00:00+00:00
[2025-03-10T09:29:27.087+0100] {processor.py:183} INFO - Processing /home/philip/de_engineering/airflow_projects/airflow1/venv/lib/python3.10/site-packages/airflow/example_dags/tutorial.py took 0.060 seconds
[2025-03-10T09:29:57.182+0100] {processor.py:161} INFO - Started process (PID=146403) to work on /home/philip/de_engineering/airflow_projects/airflow1/venv/lib/python3.10/site-packages/airflow/example_dags/tutorial.py
[2025-03-10T09:29:57.183+0100] {processor.py:830} INFO - Processing file /home/philip/de_engineering/airflow_projects/airflow1/venv/lib/python3.10/site-packages/airflow/example_dags/tutorial.py for tasks to queue
[2025-03-10T09:29:57.184+0100] {logging_mixin.py:188} INFO - [2025-03-10T09:29:57.183+0100] {dagbag.py:538} INFO - Filling up the DagBag from /home/philip/de_engineering/airflow_projects/airflow1/venv/lib/python3.10/site-packages/airflow/example_dags/tutorial.py
[2025-03-10T09:29:57.189+0100] {processor.py:840} INFO - DAG(s) 'tutorial' retrieved from /home/philip/de_engineering/airflow_projects/airflow1/venv/lib/python3.10/site-packages/airflow/example_dags/tutorial.py
[2025-03-10T09:29:57.209+0100] {logging_mixin.py:188} INFO - [2025-03-10T09:29:57.209+0100] {dag.py:3036} INFO - Sync 1 DAGs
[2025-03-10T09:29:57.227+0100] {logging_mixin.py:188} INFO - [2025-03-10T09:29:57.226+0100] {dag.py:3823} INFO - Setting next_dagrun for tutorial to 2025-03-09 00:00:00+00:00, run_after=2025-03-10 00:00:00+00:00
[2025-03-10T09:29:57.241+0100] {processor.py:183} INFO - Processing /home/philip/de_engineering/airflow_projects/airflow1/venv/lib/python3.10/site-packages/airflow/example_dags/tutorial.py took 0.063 seconds
[2025-03-10T09:30:27.429+0100] {processor.py:161} INFO - Started process (PID=146785) to work on /home/philip/de_engineering/airflow_projects/airflow1/venv/lib/python3.10/site-packages/airflow/example_dags/tutorial.py
[2025-03-10T09:30:27.430+0100] {processor.py:830} INFO - Processing file /home/philip/de_engineering/airflow_projects/airflow1/venv/lib/python3.10/site-packages/airflow/example_dags/tutorial.py for tasks to queue
[2025-03-10T09:30:27.431+0100] {logging_mixin.py:188} INFO - [2025-03-10T09:30:27.431+0100] {dagbag.py:538} INFO - Filling up the DagBag from /home/philip/de_engineering/airflow_projects/airflow1/venv/lib/python3.10/site-packages/airflow/example_dags/tutorial.py
[2025-03-10T09:30:27.436+0100] {processor.py:840} INFO - DAG(s) 'tutorial' retrieved from /home/philip/de_engineering/airflow_projects/airflow1/venv/lib/python3.10/site-packages/airflow/example_dags/tutorial.py
[2025-03-10T09:30:27.456+0100] {logging_mixin.py:188} INFO - [2025-03-10T09:30:27.456+0100] {dag.py:3036} INFO - Sync 1 DAGs
[2025-03-10T09:30:27.475+0100] {logging_mixin.py:188} INFO - [2025-03-10T09:30:27.474+0100] {dag.py:3823} INFO - Setting next_dagrun for tutorial to 2025-03-09 00:00:00+00:00, run_after=2025-03-10 00:00:00+00:00
[2025-03-10T09:30:27.490+0100] {processor.py:183} INFO - Processing /home/philip/de_engineering/airflow_projects/airflow1/venv/lib/python3.10/site-packages/airflow/example_dags/tutorial.py took 0.063 seconds
[2025-03-10T09:30:57.565+0100] {processor.py:161} INFO - Started process (PID=147160) to work on /home/philip/de_engineering/airflow_projects/airflow1/venv/lib/python3.10/site-packages/airflow/example_dags/tutorial.py
[2025-03-10T09:30:57.567+0100] {processor.py:830} INFO - Processing file /home/philip/de_engineering/airflow_projects/airflow1/venv/lib/python3.10/site-packages/airflow/example_dags/tutorial.py for tasks to queue
[2025-03-10T09:30:57.567+0100] {logging_mixin.py:188} INFO - [2025-03-10T09:30:57.567+0100] {dagbag.py:538} INFO - Filling up the DagBag from /home/philip/de_engineering/airflow_projects/airflow1/venv/lib/python3.10/site-packages/airflow/example_dags/tutorial.py
[2025-03-10T09:30:57.572+0100] {processor.py:840} INFO - DAG(s) 'tutorial' retrieved from /home/philip/de_engineering/airflow_projects/airflow1/venv/lib/python3.10/site-packages/airflow/example_dags/tutorial.py
[2025-03-10T09:30:57.592+0100] {logging_mixin.py:188} INFO - [2025-03-10T09:30:57.592+0100] {dag.py:3036} INFO - Sync 1 DAGs
[2025-03-10T09:30:57.610+0100] {logging_mixin.py:188} INFO - [2025-03-10T09:30:57.610+0100] {dag.py:3823} INFO - Setting next_dagrun for tutorial to 2025-03-09 00:00:00+00:00, run_after=2025-03-10 00:00:00+00:00
[2025-03-10T09:30:57.625+0100] {processor.py:183} INFO - Processing /home/philip/de_engineering/airflow_projects/airflow1/venv/lib/python3.10/site-packages/airflow/example_dags/tutorial.py took 0.062 seconds
[2025-03-10T09:31:27.842+0100] {processor.py:161} INFO - Started process (PID=147539) to work on /home/philip/de_engineering/airflow_projects/airflow1/venv/lib/python3.10/site-packages/airflow/example_dags/tutorial.py
[2025-03-10T09:31:27.843+0100] {processor.py:830} INFO - Processing file /home/philip/de_engineering/airflow_projects/airflow1/venv/lib/python3.10/site-packages/airflow/example_dags/tutorial.py for tasks to queue
[2025-03-10T09:31:27.844+0100] {logging_mixin.py:188} INFO - [2025-03-10T09:31:27.843+0100] {dagbag.py:538} INFO - Filling up the DagBag from /home/philip/de_engineering/airflow_projects/airflow1/venv/lib/python3.10/site-packages/airflow/example_dags/tutorial.py
[2025-03-10T09:31:27.849+0100] {processor.py:840} INFO - DAG(s) 'tutorial' retrieved from /home/philip/de_engineering/airflow_projects/airflow1/venv/lib/python3.10/site-packages/airflow/example_dags/tutorial.py
[2025-03-10T09:31:27.868+0100] {logging_mixin.py:188} INFO - [2025-03-10T09:31:27.868+0100] {dag.py:3036} INFO - Sync 1 DAGs
[2025-03-10T09:31:27.886+0100] {logging_mixin.py:188} INFO - [2025-03-10T09:31:27.885+0100] {dag.py:3823} INFO - Setting next_dagrun for tutorial to 2025-03-09 00:00:00+00:00, run_after=2025-03-10 00:00:00+00:00
[2025-03-10T09:31:27.900+0100] {processor.py:183} INFO - Processing /home/philip/de_engineering/airflow_projects/airflow1/venv/lib/python3.10/site-packages/airflow/example_dags/tutorial.py took 0.061 seconds
[2025-03-10T09:31:57.975+0100] {processor.py:161} INFO - Started process (PID=147915) to work on /home/philip/de_engineering/airflow_projects/airflow1/venv/lib/python3.10/site-packages/airflow/example_dags/tutorial.py
[2025-03-10T09:31:57.976+0100] {processor.py:830} INFO - Processing file /home/philip/de_engineering/airflow_projects/airflow1/venv/lib/python3.10/site-packages/airflow/example_dags/tutorial.py for tasks to queue
[2025-03-10T09:31:57.976+0100] {logging_mixin.py:188} INFO - [2025-03-10T09:31:57.976+0100] {dagbag.py:538} INFO - Filling up the DagBag from /home/philip/de_engineering/airflow_projects/airflow1/venv/lib/python3.10/site-packages/airflow/example_dags/tutorial.py
[2025-03-10T09:31:57.982+0100] {processor.py:840} INFO - DAG(s) 'tutorial' retrieved from /home/philip/de_engineering/airflow_projects/airflow1/venv/lib/python3.10/site-packages/airflow/example_dags/tutorial.py
[2025-03-10T09:31:58.001+0100] {logging_mixin.py:188} INFO - [2025-03-10T09:31:58.001+0100] {dag.py:3036} INFO - Sync 1 DAGs
[2025-03-10T09:31:58.019+0100] {logging_mixin.py:188} INFO - [2025-03-10T09:31:58.019+0100] {dag.py:3823} INFO - Setting next_dagrun for tutorial to 2025-03-09 00:00:00+00:00, run_after=2025-03-10 00:00:00+00:00
[2025-03-10T09:31:58.034+0100] {processor.py:183} INFO - Processing /home/philip/de_engineering/airflow_projects/airflow1/venv/lib/python3.10/site-packages/airflow/example_dags/tutorial.py took 0.062 seconds
[2025-03-10T09:32:28.151+0100] {processor.py:161} INFO - Started process (PID=148295) to work on /home/philip/de_engineering/airflow_projects/airflow1/venv/lib/python3.10/site-packages/airflow/example_dags/tutorial.py
[2025-03-10T09:32:28.152+0100] {processor.py:830} INFO - Processing file /home/philip/de_engineering/airflow_projects/airflow1/venv/lib/python3.10/site-packages/airflow/example_dags/tutorial.py for tasks to queue
[2025-03-10T09:32:28.152+0100] {logging_mixin.py:188} INFO - [2025-03-10T09:32:28.152+0100] {dagbag.py:538} INFO - Filling up the DagBag from /home/philip/de_engineering/airflow_projects/airflow1/venv/lib/python3.10/site-packages/airflow/example_dags/tutorial.py
[2025-03-10T09:32:28.158+0100] {processor.py:840} INFO - DAG(s) 'tutorial' retrieved from /home/philip/de_engineering/airflow_projects/airflow1/venv/lib/python3.10/site-packages/airflow/example_dags/tutorial.py
[2025-03-10T09:32:28.177+0100] {logging_mixin.py:188} INFO - [2025-03-10T09:32:28.177+0100] {dag.py:3036} INFO - Sync 1 DAGs
[2025-03-10T09:32:28.195+0100] {logging_mixin.py:188} INFO - [2025-03-10T09:32:28.195+0100] {dag.py:3823} INFO - Setting next_dagrun for tutorial to 2025-03-09 00:00:00+00:00, run_after=2025-03-10 00:00:00+00:00
[2025-03-10T09:32:28.209+0100] {processor.py:183} INFO - Processing /home/philip/de_engineering/airflow_projects/airflow1/venv/lib/python3.10/site-packages/airflow/example_dags/tutorial.py took 0.061 seconds
[2025-03-10T09:32:58.365+0100] {processor.py:161} INFO - Started process (PID=148673) to work on /home/philip/de_engineering/airflow_projects/airflow1/venv/lib/python3.10/site-packages/airflow/example_dags/tutorial.py
[2025-03-10T09:32:58.366+0100] {processor.py:830} INFO - Processing file /home/philip/de_engineering/airflow_projects/airflow1/venv/lib/python3.10/site-packages/airflow/example_dags/tutorial.py for tasks to queue
[2025-03-10T09:32:58.367+0100] {logging_mixin.py:188} INFO - [2025-03-10T09:32:58.367+0100] {dagbag.py:538} INFO - Filling up the DagBag from /home/philip/de_engineering/airflow_projects/airflow1/venv/lib/python3.10/site-packages/airflow/example_dags/tutorial.py
[2025-03-10T09:32:58.372+0100] {processor.py:840} INFO - DAG(s) 'tutorial' retrieved from /home/philip/de_engineering/airflow_projects/airflow1/venv/lib/python3.10/site-packages/airflow/example_dags/tutorial.py
[2025-03-10T09:32:58.391+0100] {logging_mixin.py:188} INFO - [2025-03-10T09:32:58.391+0100] {dag.py:3036} INFO - Sync 1 DAGs
[2025-03-10T09:32:58.409+0100] {logging_mixin.py:188} INFO - [2025-03-10T09:32:58.409+0100] {dag.py:3823} INFO - Setting next_dagrun for tutorial to 2025-03-09 00:00:00+00:00, run_after=2025-03-10 00:00:00+00:00
[2025-03-10T09:32:58.427+0100] {processor.py:183} INFO - Processing /home/philip/de_engineering/airflow_projects/airflow1/venv/lib/python3.10/site-packages/airflow/example_dags/tutorial.py took 0.065 seconds
[2025-03-10T09:33:28.655+0100] {processor.py:161} INFO - Started process (PID=149052) to work on /home/philip/de_engineering/airflow_projects/airflow1/venv/lib/python3.10/site-packages/airflow/example_dags/tutorial.py
[2025-03-10T09:33:28.656+0100] {processor.py:830} INFO - Processing file /home/philip/de_engineering/airflow_projects/airflow1/venv/lib/python3.10/site-packages/airflow/example_dags/tutorial.py for tasks to queue
[2025-03-10T09:33:28.657+0100] {logging_mixin.py:188} INFO - [2025-03-10T09:33:28.657+0100] {dagbag.py:538} INFO - Filling up the DagBag from /home/philip/de_engineering/airflow_projects/airflow1/venv/lib/python3.10/site-packages/airflow/example_dags/tutorial.py
[2025-03-10T09:33:28.665+0100] {processor.py:840} INFO - DAG(s) 'tutorial' retrieved from /home/philip/de_engineering/airflow_projects/airflow1/venv/lib/python3.10/site-packages/airflow/example_dags/tutorial.py
[2025-03-10T09:33:28.687+0100] {logging_mixin.py:188} INFO - [2025-03-10T09:33:28.687+0100] {dag.py:3036} INFO - Sync 1 DAGs
[2025-03-10T09:33:28.706+0100] {logging_mixin.py:188} INFO - [2025-03-10T09:33:28.706+0100] {dag.py:3823} INFO - Setting next_dagrun for tutorial to 2025-03-09 00:00:00+00:00, run_after=2025-03-10 00:00:00+00:00
[2025-03-10T09:33:28.720+0100] {processor.py:183} INFO - Processing /home/philip/de_engineering/airflow_projects/airflow1/venv/lib/python3.10/site-packages/airflow/example_dags/tutorial.py took 0.069 seconds
[2025-03-10T09:33:58.862+0100] {processor.py:161} INFO - Started process (PID=149433) to work on /home/philip/de_engineering/airflow_projects/airflow1/venv/lib/python3.10/site-packages/airflow/example_dags/tutorial.py
[2025-03-10T09:33:58.863+0100] {processor.py:830} INFO - Processing file /home/philip/de_engineering/airflow_projects/airflow1/venv/lib/python3.10/site-packages/airflow/example_dags/tutorial.py for tasks to queue
[2025-03-10T09:33:58.864+0100] {logging_mixin.py:188} INFO - [2025-03-10T09:33:58.864+0100] {dagbag.py:538} INFO - Filling up the DagBag from /home/philip/de_engineering/airflow_projects/airflow1/venv/lib/python3.10/site-packages/airflow/example_dags/tutorial.py
[2025-03-10T09:33:58.869+0100] {processor.py:840} INFO - DAG(s) 'tutorial' retrieved from /home/philip/de_engineering/airflow_projects/airflow1/venv/lib/python3.10/site-packages/airflow/example_dags/tutorial.py
[2025-03-10T09:33:58.889+0100] {logging_mixin.py:188} INFO - [2025-03-10T09:33:58.889+0100] {dag.py:3036} INFO - Sync 1 DAGs
[2025-03-10T09:33:58.908+0100] {logging_mixin.py:188} INFO - [2025-03-10T09:33:58.907+0100] {dag.py:3823} INFO - Setting next_dagrun for tutorial to 2025-03-09 00:00:00+00:00, run_after=2025-03-10 00:00:00+00:00
[2025-03-10T09:33:58.922+0100] {processor.py:183} INFO - Processing /home/philip/de_engineering/airflow_projects/airflow1/venv/lib/python3.10/site-packages/airflow/example_dags/tutorial.py took 0.063 seconds
[2025-03-10T09:34:29.097+0100] {processor.py:161} INFO - Started process (PID=149806) to work on /home/philip/de_engineering/airflow_projects/airflow1/venv/lib/python3.10/site-packages/airflow/example_dags/tutorial.py
[2025-03-10T09:34:29.098+0100] {processor.py:830} INFO - Processing file /home/philip/de_engineering/airflow_projects/airflow1/venv/lib/python3.10/site-packages/airflow/example_dags/tutorial.py for tasks to queue
[2025-03-10T09:34:29.098+0100] {logging_mixin.py:188} INFO - [2025-03-10T09:34:29.098+0100] {dagbag.py:538} INFO - Filling up the DagBag from /home/philip/de_engineering/airflow_projects/airflow1/venv/lib/python3.10/site-packages/airflow/example_dags/tutorial.py
[2025-03-10T09:34:29.103+0100] {processor.py:840} INFO - DAG(s) 'tutorial' retrieved from /home/philip/de_engineering/airflow_projects/airflow1/venv/lib/python3.10/site-packages/airflow/example_dags/tutorial.py
[2025-03-10T09:34:29.124+0100] {logging_mixin.py:188} INFO - [2025-03-10T09:34:29.124+0100] {dag.py:3036} INFO - Sync 1 DAGs
[2025-03-10T09:34:29.143+0100] {logging_mixin.py:188} INFO - [2025-03-10T09:34:29.143+0100] {dag.py:3823} INFO - Setting next_dagrun for tutorial to 2025-03-09 00:00:00+00:00, run_after=2025-03-10 00:00:00+00:00
[2025-03-10T09:34:29.160+0100] {processor.py:183} INFO - Processing /home/philip/de_engineering/airflow_projects/airflow1/venv/lib/python3.10/site-packages/airflow/example_dags/tutorial.py took 0.065 seconds
[2025-03-10T09:34:59.312+0100] {processor.py:161} INFO - Started process (PID=150190) to work on /home/philip/de_engineering/airflow_projects/airflow1/venv/lib/python3.10/site-packages/airflow/example_dags/tutorial.py
[2025-03-10T09:34:59.314+0100] {processor.py:830} INFO - Processing file /home/philip/de_engineering/airflow_projects/airflow1/venv/lib/python3.10/site-packages/airflow/example_dags/tutorial.py for tasks to queue
[2025-03-10T09:34:59.314+0100] {logging_mixin.py:188} INFO - [2025-03-10T09:34:59.314+0100] {dagbag.py:538} INFO - Filling up the DagBag from /home/philip/de_engineering/airflow_projects/airflow1/venv/lib/python3.10/site-packages/airflow/example_dags/tutorial.py
[2025-03-10T09:34:59.319+0100] {processor.py:840} INFO - DAG(s) 'tutorial' retrieved from /home/philip/de_engineering/airflow_projects/airflow1/venv/lib/python3.10/site-packages/airflow/example_dags/tutorial.py
[2025-03-10T09:34:59.339+0100] {logging_mixin.py:188} INFO - [2025-03-10T09:34:59.339+0100] {dag.py:3036} INFO - Sync 1 DAGs
[2025-03-10T09:34:59.356+0100] {logging_mixin.py:188} INFO - [2025-03-10T09:34:59.356+0100] {dag.py:3823} INFO - Setting next_dagrun for tutorial to 2025-03-09 00:00:00+00:00, run_after=2025-03-10 00:00:00+00:00
[2025-03-10T09:34:59.370+0100] {processor.py:183} INFO - Processing /home/philip/de_engineering/airflow_projects/airflow1/venv/lib/python3.10/site-packages/airflow/example_dags/tutorial.py took 0.061 seconds
[2025-03-10T09:35:29.532+0100] {processor.py:161} INFO - Started process (PID=150567) to work on /home/philip/de_engineering/airflow_projects/airflow1/venv/lib/python3.10/site-packages/airflow/example_dags/tutorial.py
[2025-03-10T09:35:29.533+0100] {processor.py:830} INFO - Processing file /home/philip/de_engineering/airflow_projects/airflow1/venv/lib/python3.10/site-packages/airflow/example_dags/tutorial.py for tasks to queue
[2025-03-10T09:35:29.533+0100] {logging_mixin.py:188} INFO - [2025-03-10T09:35:29.533+0100] {dagbag.py:538} INFO - Filling up the DagBag from /home/philip/de_engineering/airflow_projects/airflow1/venv/lib/python3.10/site-packages/airflow/example_dags/tutorial.py
[2025-03-10T09:35:29.538+0100] {processor.py:840} INFO - DAG(s) 'tutorial' retrieved from /home/philip/de_engineering/airflow_projects/airflow1/venv/lib/python3.10/site-packages/airflow/example_dags/tutorial.py
[2025-03-10T09:35:29.558+0100] {logging_mixin.py:188} INFO - [2025-03-10T09:35:29.558+0100] {dag.py:3036} INFO - Sync 1 DAGs
[2025-03-10T09:35:29.575+0100] {logging_mixin.py:188} INFO - [2025-03-10T09:35:29.575+0100] {dag.py:3823} INFO - Setting next_dagrun for tutorial to 2025-03-09 00:00:00+00:00, run_after=2025-03-10 00:00:00+00:00
[2025-03-10T09:35:29.589+0100] {processor.py:183} INFO - Processing /home/philip/de_engineering/airflow_projects/airflow1/venv/lib/python3.10/site-packages/airflow/example_dags/tutorial.py took 0.060 seconds
[2025-03-10T09:35:59.804+0100] {processor.py:161} INFO - Started process (PID=150948) to work on /home/philip/de_engineering/airflow_projects/airflow1/venv/lib/python3.10/site-packages/airflow/example_dags/tutorial.py
[2025-03-10T09:35:59.805+0100] {processor.py:830} INFO - Processing file /home/philip/de_engineering/airflow_projects/airflow1/venv/lib/python3.10/site-packages/airflow/example_dags/tutorial.py for tasks to queue
[2025-03-10T09:35:59.806+0100] {logging_mixin.py:188} INFO - [2025-03-10T09:35:59.806+0100] {dagbag.py:538} INFO - Filling up the DagBag from /home/philip/de_engineering/airflow_projects/airflow1/venv/lib/python3.10/site-packages/airflow/example_dags/tutorial.py
[2025-03-10T09:35:59.812+0100] {processor.py:840} INFO - DAG(s) 'tutorial' retrieved from /home/philip/de_engineering/airflow_projects/airflow1/venv/lib/python3.10/site-packages/airflow/example_dags/tutorial.py
[2025-03-10T09:35:59.833+0100] {logging_mixin.py:188} INFO - [2025-03-10T09:35:59.833+0100] {dag.py:3036} INFO - Sync 1 DAGs
[2025-03-10T09:35:59.853+0100] {logging_mixin.py:188} INFO - [2025-03-10T09:35:59.853+0100] {dag.py:3823} INFO - Setting next_dagrun for tutorial to 2025-03-09 00:00:00+00:00, run_after=2025-03-10 00:00:00+00:00
[2025-03-10T09:35:59.867+0100] {processor.py:183} INFO - Processing /home/philip/de_engineering/airflow_projects/airflow1/venv/lib/python3.10/site-packages/airflow/example_dags/tutorial.py took 0.067 seconds
