[2025-03-06T14:43:31.414+0100] {processor.py:161} INFO - Started process (PID=10089) to work on /home/philip/de_engineering/airflow_projects/airflow1/venv/lib/python3.10/site-packages/airflow/example_dags/example_latest_only_with_trigger.py
[2025-03-06T14:43:31.415+0100] {processor.py:830} INFO - Processing file /home/philip/de_engineering/airflow_projects/airflow1/venv/lib/python3.10/site-packages/airflow/example_dags/example_latest_only_with_trigger.py for tasks to queue
[2025-03-06T14:43:31.416+0100] {logging_mixin.py:188} INFO - [2025-03-06T14:43:31.416+0100] {dagbag.py:538} INFO - Filling up the DagBag from /home/philip/de_engineering/airflow_projects/airflow1/venv/lib/python3.10/site-packages/airflow/example_dags/example_latest_only_with_trigger.py
[2025-03-06T14:43:31.424+0100] {processor.py:840} INFO - DAG(s) 'latest_only_with_trigger' retrieved from /home/philip/de_engineering/airflow_projects/airflow1/venv/lib/python3.10/site-packages/airflow/example_dags/example_latest_only_with_trigger.py
[2025-03-06T14:43:31.563+0100] {logging_mixin.py:188} INFO - [2025-03-06T14:43:31.562+0100] {override.py:1769} INFO - Created Permission View: can read on DAG:latest_only_with_trigger
[2025-03-06T14:43:31.584+0100] {logging_mixin.py:188} INFO - [2025-03-06T14:43:31.584+0100] {override.py:1769} INFO - Created Permission View: can delete on DAG:latest_only_with_trigger
[2025-03-06T14:43:31.602+0100] {logging_mixin.py:188} INFO - [2025-03-06T14:43:31.602+0100] {override.py:1769} INFO - Created Permission View: can edit on DAG:latest_only_with_trigger
[2025-03-06T14:43:31.603+0100] {logging_mixin.py:188} INFO - [2025-03-06T14:43:31.603+0100] {dag.py:3036} INFO - Sync 1 DAGs
[2025-03-06T14:43:31.610+0100] {logging_mixin.py:188} INFO - [2025-03-06T14:43:31.610+0100] {dag.py:3058} INFO - Creating ORM DAG for latest_only_with_trigger
[2025-03-06T14:43:31.616+0100] {logging_mixin.py:188} INFO - [2025-03-06T14:43:31.616+0100] {dag.py:3823} INFO - Setting next_dagrun for latest_only_with_trigger to 2025-03-06 08:00:00+00:00, run_after=2025-03-06 12:00:00+00:00
[2025-03-06T14:43:31.657+0100] {processor.py:183} INFO - Processing /home/philip/de_engineering/airflow_projects/airflow1/venv/lib/python3.10/site-packages/airflow/example_dags/example_latest_only_with_trigger.py took 0.246 seconds
[2025-03-06T14:44:34.401+0100] {processor.py:161} INFO - Started process (PID=10154) to work on /home/philip/de_engineering/airflow_projects/airflow1/venv/lib/python3.10/site-packages/airflow/example_dags/example_latest_only_with_trigger.py
[2025-03-06T14:44:34.404+0100] {processor.py:830} INFO - Processing file /home/philip/de_engineering/airflow_projects/airflow1/venv/lib/python3.10/site-packages/airflow/example_dags/example_latest_only_with_trigger.py for tasks to queue
[2025-03-06T14:44:34.405+0100] {logging_mixin.py:188} INFO - [2025-03-06T14:44:34.405+0100] {dagbag.py:538} INFO - Filling up the DagBag from /home/philip/de_engineering/airflow_projects/airflow1/venv/lib/python3.10/site-packages/airflow/example_dags/example_latest_only_with_trigger.py
[2025-03-06T14:44:34.414+0100] {processor.py:840} INFO - DAG(s) 'latest_only_with_trigger' retrieved from /home/philip/de_engineering/airflow_projects/airflow1/venv/lib/python3.10/site-packages/airflow/example_dags/example_latest_only_with_trigger.py
[2025-03-06T14:44:34.433+0100] {logging_mixin.py:188} INFO - [2025-03-06T14:44:34.433+0100] {dag.py:3036} INFO - Sync 1 DAGs
[2025-03-06T14:44:34.453+0100] {logging_mixin.py:188} INFO - [2025-03-06T14:44:34.453+0100] {dag.py:3823} INFO - Setting next_dagrun for latest_only_with_trigger to 2025-03-06 08:00:00+00:00, run_after=2025-03-06 12:00:00+00:00
[2025-03-06T14:44:34.485+0100] {processor.py:183} INFO - Processing /home/philip/de_engineering/airflow_projects/airflow1/venv/lib/python3.10/site-packages/airflow/example_dags/example_latest_only_with_trigger.py took 0.088 seconds
[2025-03-06T14:45:29.483+0100] {processor.py:161} INFO - Started process (PID=10214) to work on /home/philip/de_engineering/airflow_projects/airflow1/venv/lib/python3.10/site-packages/airflow/example_dags/example_latest_only_with_trigger.py
[2025-03-06T14:45:29.485+0100] {processor.py:830} INFO - Processing file /home/philip/de_engineering/airflow_projects/airflow1/venv/lib/python3.10/site-packages/airflow/example_dags/example_latest_only_with_trigger.py for tasks to queue
[2025-03-06T14:45:29.486+0100] {logging_mixin.py:188} INFO - [2025-03-06T14:45:29.486+0100] {dagbag.py:538} INFO - Filling up the DagBag from /home/philip/de_engineering/airflow_projects/airflow1/venv/lib/python3.10/site-packages/airflow/example_dags/example_latest_only_with_trigger.py
[2025-03-06T14:45:29.492+0100] {processor.py:840} INFO - DAG(s) 'latest_only_with_trigger' retrieved from /home/philip/de_engineering/airflow_projects/airflow1/venv/lib/python3.10/site-packages/airflow/example_dags/example_latest_only_with_trigger.py
[2025-03-06T14:45:29.512+0100] {logging_mixin.py:188} INFO - [2025-03-06T14:45:29.512+0100] {dag.py:3036} INFO - Sync 1 DAGs
[2025-03-06T14:45:29.530+0100] {logging_mixin.py:188} INFO - [2025-03-06T14:45:29.530+0100] {dag.py:3823} INFO - Setting next_dagrun for latest_only_with_trigger to 2025-03-06 08:00:00+00:00, run_after=2025-03-06 12:00:00+00:00
[2025-03-06T14:45:29.559+0100] {processor.py:183} INFO - Processing /home/philip/de_engineering/airflow_projects/airflow1/venv/lib/python3.10/site-packages/airflow/example_dags/example_latest_only_with_trigger.py took 0.081 seconds
[2025-03-06T14:46:29.115+0100] {processor.py:161} INFO - Started process (PID=10279) to work on /home/philip/de_engineering/airflow_projects/airflow1/venv/lib/python3.10/site-packages/airflow/example_dags/example_latest_only_with_trigger.py
[2025-03-06T14:46:29.117+0100] {processor.py:830} INFO - Processing file /home/philip/de_engineering/airflow_projects/airflow1/venv/lib/python3.10/site-packages/airflow/example_dags/example_latest_only_with_trigger.py for tasks to queue
[2025-03-06T14:46:29.118+0100] {logging_mixin.py:188} INFO - [2025-03-06T14:46:29.117+0100] {dagbag.py:538} INFO - Filling up the DagBag from /home/philip/de_engineering/airflow_projects/airflow1/venv/lib/python3.10/site-packages/airflow/example_dags/example_latest_only_with_trigger.py
[2025-03-06T14:46:29.124+0100] {processor.py:840} INFO - DAG(s) 'latest_only_with_trigger' retrieved from /home/philip/de_engineering/airflow_projects/airflow1/venv/lib/python3.10/site-packages/airflow/example_dags/example_latest_only_with_trigger.py
[2025-03-06T14:46:29.139+0100] {logging_mixin.py:188} INFO - [2025-03-06T14:46:29.139+0100] {dag.py:3036} INFO - Sync 1 DAGs
[2025-03-06T14:46:29.155+0100] {logging_mixin.py:188} INFO - [2025-03-06T14:46:29.155+0100] {dag.py:3823} INFO - Setting next_dagrun for latest_only_with_trigger to 2025-03-06 08:00:00+00:00, run_after=2025-03-06 12:00:00+00:00
[2025-03-06T14:46:29.190+0100] {processor.py:183} INFO - Processing /home/philip/de_engineering/airflow_projects/airflow1/venv/lib/python3.10/site-packages/airflow/example_dags/example_latest_only_with_trigger.py took 0.078 seconds
