[2025-03-06T14:43:13.050+0100] {processor.py:161} INFO - Started process (PID=10073) to work on /home/philip/de_engineering/airflow_projects/airflow1/venv/lib/python3.10/site-packages/airflow/example_dags/example_setup_teardown_taskflow.py
[2025-03-06T14:43:13.051+0100] {processor.py:830} INFO - Processing file /home/philip/de_engineering/airflow_projects/airflow1/venv/lib/python3.10/site-packages/airflow/example_dags/example_setup_teardown_taskflow.py for tasks to queue
[2025-03-06T14:43:13.052+0100] {logging_mixin.py:188} INFO - [2025-03-06T14:43:13.051+0100] {dagbag.py:538} INFO - Filling up the DagBag from /home/philip/de_engineering/airflow_projects/airflow1/venv/lib/python3.10/site-packages/airflow/example_dags/example_setup_teardown_taskflow.py
[2025-03-06T14:43:13.062+0100] {processor.py:840} INFO - DAG(s) 'example_setup_teardown_taskflow' retrieved from /home/philip/de_engineering/airflow_projects/airflow1/venv/lib/python3.10/site-packages/airflow/example_dags/example_setup_teardown_taskflow.py
[2025-03-06T14:43:13.178+0100] {logging_mixin.py:188} INFO - [2025-03-06T14:43:13.177+0100] {override.py:1769} INFO - Created Permission View: can read on DAG:example_setup_teardown_taskflow
[2025-03-06T14:43:13.202+0100] {logging_mixin.py:188} INFO - [2025-03-06T14:43:13.201+0100] {override.py:1769} INFO - Created Permission View: can delete on DAG:example_setup_teardown_taskflow
[2025-03-06T14:43:13.224+0100] {logging_mixin.py:188} INFO - [2025-03-06T14:43:13.223+0100] {override.py:1769} INFO - Created Permission View: can edit on DAG:example_setup_teardown_taskflow
[2025-03-06T14:43:13.224+0100] {logging_mixin.py:188} INFO - [2025-03-06T14:43:13.224+0100] {dag.py:3036} INFO - Sync 1 DAGs
[2025-03-06T14:43:13.235+0100] {logging_mixin.py:188} INFO - [2025-03-06T14:43:13.234+0100] {dag.py:3058} INFO - Creating ORM DAG for example_setup_teardown_taskflow
[2025-03-06T14:43:13.243+0100] {logging_mixin.py:188} INFO - [2025-03-06T14:43:13.242+0100] {dag.py:3823} INFO - Setting next_dagrun for example_setup_teardown_taskflow to 2025-03-05 00:00:00+00:00, run_after=2025-03-06 00:00:00+00:00
[2025-03-06T14:43:13.282+0100] {processor.py:183} INFO - Processing /home/philip/de_engineering/airflow_projects/airflow1/venv/lib/python3.10/site-packages/airflow/example_dags/example_setup_teardown_taskflow.py took 0.235 seconds
[2025-03-06T14:44:04.401+0100] {processor.py:161} INFO - Started process (PID=10123) to work on /home/philip/de_engineering/airflow_projects/airflow1/venv/lib/python3.10/site-packages/airflow/example_dags/example_setup_teardown_taskflow.py
[2025-03-06T14:44:04.403+0100] {processor.py:830} INFO - Processing file /home/philip/de_engineering/airflow_projects/airflow1/venv/lib/python3.10/site-packages/airflow/example_dags/example_setup_teardown_taskflow.py for tasks to queue
[2025-03-06T14:44:04.403+0100] {logging_mixin.py:188} INFO - [2025-03-06T14:44:04.403+0100] {dagbag.py:538} INFO - Filling up the DagBag from /home/philip/de_engineering/airflow_projects/airflow1/venv/lib/python3.10/site-packages/airflow/example_dags/example_setup_teardown_taskflow.py
[2025-03-06T14:44:04.414+0100] {processor.py:840} INFO - DAG(s) 'example_setup_teardown_taskflow' retrieved from /home/philip/de_engineering/airflow_projects/airflow1/venv/lib/python3.10/site-packages/airflow/example_dags/example_setup_teardown_taskflow.py
[2025-03-06T14:44:04.430+0100] {logging_mixin.py:188} INFO - [2025-03-06T14:44:04.430+0100] {dag.py:3036} INFO - Sync 1 DAGs
[2025-03-06T14:44:04.445+0100] {logging_mixin.py:188} INFO - [2025-03-06T14:44:04.445+0100] {dag.py:3823} INFO - Setting next_dagrun for example_setup_teardown_taskflow to 2025-03-05 00:00:00+00:00, run_after=2025-03-06 00:00:00+00:00
[2025-03-06T14:44:04.476+0100] {processor.py:183} INFO - Processing /home/philip/de_engineering/airflow_projects/airflow1/venv/lib/python3.10/site-packages/airflow/example_dags/example_setup_teardown_taskflow.py took 0.078 seconds
[2025-03-06T14:44:51.550+0100] {processor.py:161} INFO - Started process (PID=10173) to work on /home/philip/de_engineering/airflow_projects/airflow1/venv/lib/python3.10/site-packages/airflow/example_dags/example_setup_teardown_taskflow.py
[2025-03-06T14:44:51.552+0100] {processor.py:830} INFO - Processing file /home/philip/de_engineering/airflow_projects/airflow1/venv/lib/python3.10/site-packages/airflow/example_dags/example_setup_teardown_taskflow.py for tasks to queue
[2025-03-06T14:44:51.553+0100] {logging_mixin.py:188} INFO - [2025-03-06T14:44:51.553+0100] {dagbag.py:538} INFO - Filling up the DagBag from /home/philip/de_engineering/airflow_projects/airflow1/venv/lib/python3.10/site-packages/airflow/example_dags/example_setup_teardown_taskflow.py
[2025-03-06T14:44:51.570+0100] {processor.py:840} INFO - DAG(s) 'example_setup_teardown_taskflow' retrieved from /home/philip/de_engineering/airflow_projects/airflow1/venv/lib/python3.10/site-packages/airflow/example_dags/example_setup_teardown_taskflow.py
[2025-03-06T14:44:51.596+0100] {logging_mixin.py:188} INFO - [2025-03-06T14:44:51.595+0100] {dag.py:3036} INFO - Sync 1 DAGs
[2025-03-06T14:44:51.625+0100] {logging_mixin.py:188} INFO - [2025-03-06T14:44:51.624+0100] {dag.py:3823} INFO - Setting next_dagrun for example_setup_teardown_taskflow to 2025-03-05 00:00:00+00:00, run_after=2025-03-06 00:00:00+00:00
[2025-03-06T14:44:51.657+0100] {processor.py:183} INFO - Processing /home/philip/de_engineering/airflow_projects/airflow1/venv/lib/python3.10/site-packages/airflow/example_dags/example_setup_teardown_taskflow.py took 0.111 seconds
[2025-03-06T14:45:50.034+0100] {processor.py:161} INFO - Started process (PID=10237) to work on /home/philip/de_engineering/airflow_projects/airflow1/venv/lib/python3.10/site-packages/airflow/example_dags/example_setup_teardown_taskflow.py
[2025-03-06T14:45:50.036+0100] {processor.py:830} INFO - Processing file /home/philip/de_engineering/airflow_projects/airflow1/venv/lib/python3.10/site-packages/airflow/example_dags/example_setup_teardown_taskflow.py for tasks to queue
[2025-03-06T14:45:50.037+0100] {logging_mixin.py:188} INFO - [2025-03-06T14:45:50.037+0100] {dagbag.py:538} INFO - Filling up the DagBag from /home/philip/de_engineering/airflow_projects/airflow1/venv/lib/python3.10/site-packages/airflow/example_dags/example_setup_teardown_taskflow.py
[2025-03-06T14:45:50.054+0100] {processor.py:840} INFO - DAG(s) 'example_setup_teardown_taskflow' retrieved from /home/philip/de_engineering/airflow_projects/airflow1/venv/lib/python3.10/site-packages/airflow/example_dags/example_setup_teardown_taskflow.py
[2025-03-06T14:45:50.079+0100] {logging_mixin.py:188} INFO - [2025-03-06T14:45:50.078+0100] {dag.py:3036} INFO - Sync 1 DAGs
[2025-03-06T14:45:50.109+0100] {logging_mixin.py:188} INFO - [2025-03-06T14:45:50.108+0100] {dag.py:3823} INFO - Setting next_dagrun for example_setup_teardown_taskflow to 2025-03-05 00:00:00+00:00, run_after=2025-03-06 00:00:00+00:00
[2025-03-06T14:45:50.147+0100] {processor.py:183} INFO - Processing /home/philip/de_engineering/airflow_projects/airflow1/venv/lib/python3.10/site-packages/airflow/example_dags/example_setup_teardown_taskflow.py took 0.118 seconds
