[2025-03-06T14:43:03.695+0100] {processor.py:161} INFO - Started process (PID=10065) to work on /home/philip/de_engineering/airflow_projects/airflow1/venv/lib/python3.10/site-packages/airflow/example_dags/example_short_circuit_decorator.py
[2025-03-06T14:43:03.696+0100] {processor.py:830} INFO - Processing file /home/philip/de_engineering/airflow_projects/airflow1/venv/lib/python3.10/site-packages/airflow/example_dags/example_short_circuit_decorator.py for tasks to queue
[2025-03-06T14:43:03.697+0100] {logging_mixin.py:188} INFO - [2025-03-06T14:43:03.696+0100] {dagbag.py:538} INFO - Filling up the DagBag from /home/philip/de_engineering/airflow_projects/airflow1/venv/lib/python3.10/site-packages/airflow/example_dags/example_short_circuit_decorator.py
[2025-03-06T14:43:03.709+0100] {processor.py:840} INFO - DAG(s) 'example_short_circuit_decorator' retrieved from /home/philip/de_engineering/airflow_projects/airflow1/venv/lib/python3.10/site-packages/airflow/example_dags/example_short_circuit_decorator.py
[2025-03-06T14:43:03.848+0100] {logging_mixin.py:188} INFO - [2025-03-06T14:43:03.847+0100] {override.py:1769} INFO - Created Permission View: can read on DAG:example_short_circuit_decorator
[2025-03-06T14:43:03.869+0100] {logging_mixin.py:188} INFO - [2025-03-06T14:43:03.869+0100] {override.py:1769} INFO - Created Permission View: can delete on DAG:example_short_circuit_decorator
[2025-03-06T14:43:03.887+0100] {logging_mixin.py:188} INFO - [2025-03-06T14:43:03.887+0100] {override.py:1769} INFO - Created Permission View: can edit on DAG:example_short_circuit_decorator
[2025-03-06T14:43:03.888+0100] {logging_mixin.py:188} INFO - [2025-03-06T14:43:03.888+0100] {dag.py:3036} INFO - Sync 1 DAGs
[2025-03-06T14:43:03.896+0100] {logging_mixin.py:188} INFO - [2025-03-06T14:43:03.896+0100] {dag.py:3058} INFO - Creating ORM DAG for example_short_circuit_decorator
[2025-03-06T14:43:03.904+0100] {logging_mixin.py:188} INFO - [2025-03-06T14:43:03.904+0100] {dag.py:3823} INFO - Setting next_dagrun for example_short_circuit_decorator to 2025-03-05 00:00:00+00:00, run_after=2025-03-06 00:00:00+00:00
[2025-03-06T14:43:03.936+0100] {processor.py:183} INFO - Processing /home/philip/de_engineering/airflow_projects/airflow1/venv/lib/python3.10/site-packages/airflow/example_dags/example_short_circuit_decorator.py took 0.244 seconds
[2025-03-06T14:43:56.632+0100] {processor.py:161} INFO - Started process (PID=10115) to work on /home/philip/de_engineering/airflow_projects/airflow1/venv/lib/python3.10/site-packages/airflow/example_dags/example_short_circuit_decorator.py
[2025-03-06T14:43:56.636+0100] {processor.py:830} INFO - Processing file /home/philip/de_engineering/airflow_projects/airflow1/venv/lib/python3.10/site-packages/airflow/example_dags/example_short_circuit_decorator.py for tasks to queue
[2025-03-06T14:43:56.637+0100] {logging_mixin.py:188} INFO - [2025-03-06T14:43:56.636+0100] {dagbag.py:538} INFO - Filling up the DagBag from /home/philip/de_engineering/airflow_projects/airflow1/venv/lib/python3.10/site-packages/airflow/example_dags/example_short_circuit_decorator.py
[2025-03-06T14:43:56.647+0100] {processor.py:840} INFO - DAG(s) 'example_short_circuit_decorator' retrieved from /home/philip/de_engineering/airflow_projects/airflow1/venv/lib/python3.10/site-packages/airflow/example_dags/example_short_circuit_decorator.py
[2025-03-06T14:43:56.664+0100] {logging_mixin.py:188} INFO - [2025-03-06T14:43:56.664+0100] {dag.py:3036} INFO - Sync 1 DAGs
[2025-03-06T14:43:56.680+0100] {logging_mixin.py:188} INFO - [2025-03-06T14:43:56.680+0100] {dag.py:3823} INFO - Setting next_dagrun for example_short_circuit_decorator to 2025-03-05 00:00:00+00:00, run_after=2025-03-06 00:00:00+00:00
[2025-03-06T14:43:56.710+0100] {processor.py:183} INFO - Processing /home/philip/de_engineering/airflow_projects/airflow1/venv/lib/python3.10/site-packages/airflow/example_dags/example_short_circuit_decorator.py took 0.080 seconds
[2025-03-06T14:44:44.759+0100] {processor.py:161} INFO - Started process (PID=10165) to work on /home/philip/de_engineering/airflow_projects/airflow1/venv/lib/python3.10/site-packages/airflow/example_dags/example_short_circuit_decorator.py
[2025-03-06T14:44:44.788+0100] {processor.py:830} INFO - Processing file /home/philip/de_engineering/airflow_projects/airflow1/venv/lib/python3.10/site-packages/airflow/example_dags/example_short_circuit_decorator.py for tasks to queue
[2025-03-06T14:44:44.789+0100] {logging_mixin.py:188} INFO - [2025-03-06T14:44:44.788+0100] {dagbag.py:538} INFO - Filling up the DagBag from /home/philip/de_engineering/airflow_projects/airflow1/venv/lib/python3.10/site-packages/airflow/example_dags/example_short_circuit_decorator.py
[2025-03-06T14:44:44.799+0100] {processor.py:840} INFO - DAG(s) 'example_short_circuit_decorator' retrieved from /home/philip/de_engineering/airflow_projects/airflow1/venv/lib/python3.10/site-packages/airflow/example_dags/example_short_circuit_decorator.py
[2025-03-06T14:44:44.821+0100] {logging_mixin.py:188} INFO - [2025-03-06T14:44:44.821+0100] {dag.py:3036} INFO - Sync 1 DAGs
[2025-03-06T14:44:44.840+0100] {logging_mixin.py:188} INFO - [2025-03-06T14:44:44.840+0100] {dag.py:3823} INFO - Setting next_dagrun for example_short_circuit_decorator to 2025-03-05 00:00:00+00:00, run_after=2025-03-06 00:00:00+00:00
[2025-03-06T14:44:44.872+0100] {processor.py:183} INFO - Processing /home/philip/de_engineering/airflow_projects/airflow1/venv/lib/python3.10/site-packages/airflow/example_dags/example_short_circuit_decorator.py took 0.116 seconds
[2025-03-06T14:45:40.050+0100] {processor.py:161} INFO - Started process (PID=10228) to work on /home/philip/de_engineering/airflow_projects/airflow1/venv/lib/python3.10/site-packages/airflow/example_dags/example_short_circuit_decorator.py
[2025-03-06T14:45:40.052+0100] {processor.py:830} INFO - Processing file /home/philip/de_engineering/airflow_projects/airflow1/venv/lib/python3.10/site-packages/airflow/example_dags/example_short_circuit_decorator.py for tasks to queue
[2025-03-06T14:45:40.053+0100] {logging_mixin.py:188} INFO - [2025-03-06T14:45:40.053+0100] {dagbag.py:538} INFO - Filling up the DagBag from /home/philip/de_engineering/airflow_projects/airflow1/venv/lib/python3.10/site-packages/airflow/example_dags/example_short_circuit_decorator.py
[2025-03-06T14:45:40.066+0100] {processor.py:840} INFO - DAG(s) 'example_short_circuit_decorator' retrieved from /home/philip/de_engineering/airflow_projects/airflow1/venv/lib/python3.10/site-packages/airflow/example_dags/example_short_circuit_decorator.py
[2025-03-06T14:45:40.084+0100] {logging_mixin.py:188} INFO - [2025-03-06T14:45:40.084+0100] {dag.py:3036} INFO - Sync 1 DAGs
[2025-03-06T14:45:40.104+0100] {logging_mixin.py:188} INFO - [2025-03-06T14:45:40.103+0100] {dag.py:3823} INFO - Setting next_dagrun for example_short_circuit_decorator to 2025-03-05 00:00:00+00:00, run_after=2025-03-06 00:00:00+00:00
[2025-03-06T14:45:40.153+0100] {processor.py:183} INFO - Processing /home/philip/de_engineering/airflow_projects/airflow1/venv/lib/python3.10/site-packages/airflow/example_dags/example_short_circuit_decorator.py took 0.106 seconds
[2025-03-06T14:46:24.431+0100] {processor.py:161} INFO - Started process (PID=10273) to work on /home/philip/de_engineering/airflow_projects/airflow1/venv/lib/python3.10/site-packages/airflow/example_dags/example_short_circuit_decorator.py
[2025-03-06T14:46:24.434+0100] {processor.py:830} INFO - Processing file /home/philip/de_engineering/airflow_projects/airflow1/venv/lib/python3.10/site-packages/airflow/example_dags/example_short_circuit_decorator.py for tasks to queue
[2025-03-06T14:46:24.436+0100] {logging_mixin.py:188} INFO - [2025-03-06T14:46:24.435+0100] {dagbag.py:538} INFO - Filling up the DagBag from /home/philip/de_engineering/airflow_projects/airflow1/venv/lib/python3.10/site-packages/airflow/example_dags/example_short_circuit_decorator.py
[2025-03-06T14:46:24.457+0100] {processor.py:840} INFO - DAG(s) 'example_short_circuit_decorator' retrieved from /home/philip/de_engineering/airflow_projects/airflow1/venv/lib/python3.10/site-packages/airflow/example_dags/example_short_circuit_decorator.py
[2025-03-06T14:46:24.479+0100] {logging_mixin.py:188} INFO - [2025-03-06T14:46:24.479+0100] {dag.py:3036} INFO - Sync 1 DAGs
[2025-03-06T14:46:24.499+0100] {logging_mixin.py:188} INFO - [2025-03-06T14:46:24.499+0100] {dag.py:3823} INFO - Setting next_dagrun for example_short_circuit_decorator to 2025-03-05 00:00:00+00:00, run_after=2025-03-06 00:00:00+00:00
[2025-03-06T14:46:24.547+0100] {processor.py:183} INFO - Processing /home/philip/de_engineering/airflow_projects/airflow1/venv/lib/python3.10/site-packages/airflow/example_dags/example_short_circuit_decorator.py took 0.124 seconds
