[2025-03-06T14:42:41.661+0100] {processor.py:161} INFO - Started process (PID=10044) to work on /home/philip/de_engineering/airflow_projects/airflow1/venv/lib/python3.10/site-packages/airflow/example_dags/example_trigger_controller_dag.py
[2025-03-06T14:42:41.663+0100] {processor.py:830} INFO - Processing file /home/philip/de_engineering/airflow_projects/airflow1/venv/lib/python3.10/site-packages/airflow/example_dags/example_trigger_controller_dag.py for tasks to queue
[2025-03-06T14:42:41.664+0100] {logging_mixin.py:188} INFO - [2025-03-06T14:42:41.664+0100] {dagbag.py:538} INFO - Filling up the DagBag from /home/philip/de_engineering/airflow_projects/airflow1/venv/lib/python3.10/site-packages/airflow/example_dags/example_trigger_controller_dag.py
[2025-03-06T14:42:41.673+0100] {processor.py:840} INFO - DAG(s) 'example_trigger_controller_dag' retrieved from /home/philip/de_engineering/airflow_projects/airflow1/venv/lib/python3.10/site-packages/airflow/example_dags/example_trigger_controller_dag.py
[2025-03-06T14:42:41.835+0100] {logging_mixin.py:188} INFO - [2025-03-06T14:42:41.834+0100] {override.py:1769} INFO - Created Permission View: can read on DAG:example_trigger_controller_dag
[2025-03-06T14:42:41.855+0100] {logging_mixin.py:188} INFO - [2025-03-06T14:42:41.855+0100] {override.py:1769} INFO - Created Permission View: can delete on DAG:example_trigger_controller_dag
[2025-03-06T14:42:41.874+0100] {logging_mixin.py:188} INFO - [2025-03-06T14:42:41.874+0100] {override.py:1769} INFO - Created Permission View: can edit on DAG:example_trigger_controller_dag
[2025-03-06T14:42:41.874+0100] {logging_mixin.py:188} INFO - [2025-03-06T14:42:41.874+0100] {dag.py:3036} INFO - Sync 1 DAGs
[2025-03-06T14:42:41.885+0100] {logging_mixin.py:188} INFO - [2025-03-06T14:42:41.885+0100] {dag.py:3058} INFO - Creating ORM DAG for example_trigger_controller_dag
[2025-03-06T14:42:41.895+0100] {logging_mixin.py:188} INFO - [2025-03-06T14:42:41.895+0100] {dag.py:3823} INFO - Setting next_dagrun for example_trigger_controller_dag to 2021-01-01 00:00:00+00:00, run_after=2021-01-01 00:00:00+00:00
[2025-03-06T14:42:41.928+0100] {processor.py:183} INFO - Processing /home/philip/de_engineering/airflow_projects/airflow1/venv/lib/python3.10/site-packages/airflow/example_dags/example_trigger_controller_dag.py took 0.271 seconds
[2025-03-06T14:43:37.207+0100] {processor.py:161} INFO - Started process (PID=10095) to work on /home/philip/de_engineering/airflow_projects/airflow1/venv/lib/python3.10/site-packages/airflow/example_dags/example_trigger_controller_dag.py
[2025-03-06T14:43:37.209+0100] {processor.py:830} INFO - Processing file /home/philip/de_engineering/airflow_projects/airflow1/venv/lib/python3.10/site-packages/airflow/example_dags/example_trigger_controller_dag.py for tasks to queue
[2025-03-06T14:43:37.210+0100] {logging_mixin.py:188} INFO - [2025-03-06T14:43:37.210+0100] {dagbag.py:538} INFO - Filling up the DagBag from /home/philip/de_engineering/airflow_projects/airflow1/venv/lib/python3.10/site-packages/airflow/example_dags/example_trigger_controller_dag.py
[2025-03-06T14:43:37.215+0100] {processor.py:840} INFO - DAG(s) 'example_trigger_controller_dag' retrieved from /home/philip/de_engineering/airflow_projects/airflow1/venv/lib/python3.10/site-packages/airflow/example_dags/example_trigger_controller_dag.py
[2025-03-06T14:43:37.230+0100] {logging_mixin.py:188} INFO - [2025-03-06T14:43:37.229+0100] {dag.py:3036} INFO - Sync 1 DAGs
[2025-03-06T14:43:37.245+0100] {logging_mixin.py:188} INFO - [2025-03-06T14:43:37.245+0100] {dag.py:3823} INFO - Setting next_dagrun for example_trigger_controller_dag to 2021-01-01 00:00:00+00:00, run_after=2021-01-01 00:00:00+00:00
[2025-03-06T14:43:37.281+0100] {processor.py:183} INFO - Processing /home/philip/de_engineering/airflow_projects/airflow1/venv/lib/python3.10/site-packages/airflow/example_dags/example_trigger_controller_dag.py took 0.077 seconds
[2025-03-06T14:44:19.384+0100] {processor.py:161} INFO - Started process (PID=10138) to work on /home/philip/de_engineering/airflow_projects/airflow1/venv/lib/python3.10/site-packages/airflow/example_dags/example_trigger_controller_dag.py
[2025-03-06T14:44:19.386+0100] {processor.py:830} INFO - Processing file /home/philip/de_engineering/airflow_projects/airflow1/venv/lib/python3.10/site-packages/airflow/example_dags/example_trigger_controller_dag.py for tasks to queue
[2025-03-06T14:44:19.387+0100] {logging_mixin.py:188} INFO - [2025-03-06T14:44:19.386+0100] {dagbag.py:538} INFO - Filling up the DagBag from /home/philip/de_engineering/airflow_projects/airflow1/venv/lib/python3.10/site-packages/airflow/example_dags/example_trigger_controller_dag.py
[2025-03-06T14:44:19.391+0100] {processor.py:840} INFO - DAG(s) 'example_trigger_controller_dag' retrieved from /home/philip/de_engineering/airflow_projects/airflow1/venv/lib/python3.10/site-packages/airflow/example_dags/example_trigger_controller_dag.py
[2025-03-06T14:44:19.404+0100] {logging_mixin.py:188} INFO - [2025-03-06T14:44:19.404+0100] {dag.py:3036} INFO - Sync 1 DAGs
[2025-03-06T14:44:19.419+0100] {logging_mixin.py:188} INFO - [2025-03-06T14:44:19.419+0100] {dag.py:3823} INFO - Setting next_dagrun for example_trigger_controller_dag to 2021-01-01 00:00:00+00:00, run_after=2021-01-01 00:00:00+00:00
[2025-03-06T14:44:19.448+0100] {processor.py:183} INFO - Processing /home/philip/de_engineering/airflow_projects/airflow1/venv/lib/python3.10/site-packages/airflow/example_dags/example_trigger_controller_dag.py took 0.067 seconds
[2025-03-06T14:44:56.375+0100] {processor.py:161} INFO - Started process (PID=10179) to work on /home/philip/de_engineering/airflow_projects/airflow1/venv/lib/python3.10/site-packages/airflow/example_dags/example_trigger_controller_dag.py
[2025-03-06T14:44:56.377+0100] {processor.py:830} INFO - Processing file /home/philip/de_engineering/airflow_projects/airflow1/venv/lib/python3.10/site-packages/airflow/example_dags/example_trigger_controller_dag.py for tasks to queue
[2025-03-06T14:44:56.378+0100] {logging_mixin.py:188} INFO - [2025-03-06T14:44:56.378+0100] {dagbag.py:538} INFO - Filling up the DagBag from /home/philip/de_engineering/airflow_projects/airflow1/venv/lib/python3.10/site-packages/airflow/example_dags/example_trigger_controller_dag.py
[2025-03-06T14:44:56.385+0100] {processor.py:840} INFO - DAG(s) 'example_trigger_controller_dag' retrieved from /home/philip/de_engineering/airflow_projects/airflow1/venv/lib/python3.10/site-packages/airflow/example_dags/example_trigger_controller_dag.py
[2025-03-06T14:44:56.405+0100] {logging_mixin.py:188} INFO - [2025-03-06T14:44:56.405+0100] {dag.py:3036} INFO - Sync 1 DAGs
[2025-03-06T14:44:56.432+0100] {logging_mixin.py:188} INFO - [2025-03-06T14:44:56.431+0100] {dag.py:3823} INFO - Setting next_dagrun for example_trigger_controller_dag to 2021-01-01 00:00:00+00:00, run_after=2021-01-01 00:00:00+00:00
[2025-03-06T14:44:56.469+0100] {processor.py:183} INFO - Processing /home/philip/de_engineering/airflow_projects/airflow1/venv/lib/python3.10/site-packages/airflow/example_dags/example_trigger_controller_dag.py took 0.099 seconds
[2025-03-06T14:45:34.763+0100] {processor.py:161} INFO - Started process (PID=10220) to work on /home/philip/de_engineering/airflow_projects/airflow1/venv/lib/python3.10/site-packages/airflow/example_dags/example_trigger_controller_dag.py
[2025-03-06T14:45:34.820+0100] {processor.py:830} INFO - Processing file /home/philip/de_engineering/airflow_projects/airflow1/venv/lib/python3.10/site-packages/airflow/example_dags/example_trigger_controller_dag.py for tasks to queue
[2025-03-06T14:45:34.822+0100] {logging_mixin.py:188} INFO - [2025-03-06T14:45:34.822+0100] {dagbag.py:538} INFO - Filling up the DagBag from /home/philip/de_engineering/airflow_projects/airflow1/venv/lib/python3.10/site-packages/airflow/example_dags/example_trigger_controller_dag.py
[2025-03-06T14:45:34.830+0100] {processor.py:840} INFO - DAG(s) 'example_trigger_controller_dag' retrieved from /home/philip/de_engineering/airflow_projects/airflow1/venv/lib/python3.10/site-packages/airflow/example_dags/example_trigger_controller_dag.py
[2025-03-06T14:45:34.854+0100] {logging_mixin.py:188} INFO - [2025-03-06T14:45:34.854+0100] {dag.py:3036} INFO - Sync 1 DAGs
[2025-03-06T14:45:34.888+0100] {logging_mixin.py:188} INFO - [2025-03-06T14:45:34.888+0100] {dag.py:3823} INFO - Setting next_dagrun for example_trigger_controller_dag to 2021-01-01 00:00:00+00:00, run_after=2021-01-01 00:00:00+00:00
[2025-03-06T14:45:34.927+0100] {processor.py:183} INFO - Processing /home/philip/de_engineering/airflow_projects/airflow1/venv/lib/python3.10/site-packages/airflow/example_dags/example_trigger_controller_dag.py took 0.168 seconds
[2025-03-06T14:46:15.750+0100] {processor.py:161} INFO - Started process (PID=10264) to work on /home/philip/de_engineering/airflow_projects/airflow1/venv/lib/python3.10/site-packages/airflow/example_dags/example_trigger_controller_dag.py
[2025-03-06T14:46:15.752+0100] {processor.py:830} INFO - Processing file /home/philip/de_engineering/airflow_projects/airflow1/venv/lib/python3.10/site-packages/airflow/example_dags/example_trigger_controller_dag.py for tasks to queue
[2025-03-06T14:46:15.753+0100] {logging_mixin.py:188} INFO - [2025-03-06T14:46:15.753+0100] {dagbag.py:538} INFO - Filling up the DagBag from /home/philip/de_engineering/airflow_projects/airflow1/venv/lib/python3.10/site-packages/airflow/example_dags/example_trigger_controller_dag.py
[2025-03-06T14:46:15.758+0100] {processor.py:840} INFO - DAG(s) 'example_trigger_controller_dag' retrieved from /home/philip/de_engineering/airflow_projects/airflow1/venv/lib/python3.10/site-packages/airflow/example_dags/example_trigger_controller_dag.py
[2025-03-06T14:46:15.776+0100] {logging_mixin.py:188} INFO - [2025-03-06T14:46:15.776+0100] {dag.py:3036} INFO - Sync 1 DAGs
[2025-03-06T14:46:15.798+0100] {logging_mixin.py:188} INFO - [2025-03-06T14:46:15.798+0100] {dag.py:3823} INFO - Setting next_dagrun for example_trigger_controller_dag to 2021-01-01 00:00:00+00:00, run_after=2021-01-01 00:00:00+00:00
[2025-03-06T14:46:15.835+0100] {processor.py:183} INFO - Processing /home/philip/de_engineering/airflow_projects/airflow1/venv/lib/python3.10/site-packages/airflow/example_dags/example_trigger_controller_dag.py took 0.087 seconds
