[2025-03-06T14:43:24.588+0100] {processor.py:161} INFO - Started process (PID=10084) to work on /home/philip/de_engineering/airflow_projects/airflow1/venv/lib/python3.10/site-packages/airflow/example_dags/example_python_operator.py
[2025-03-06T14:43:24.589+0100] {processor.py:830} INFO - Processing file /home/philip/de_engineering/airflow_projects/airflow1/venv/lib/python3.10/site-packages/airflow/example_dags/example_python_operator.py for tasks to queue
[2025-03-06T14:43:24.590+0100] {logging_mixin.py:188} INFO - [2025-03-06T14:43:24.590+0100] {dagbag.py:538} INFO - Filling up the DagBag from /home/philip/de_engineering/airflow_projects/airflow1/venv/lib/python3.10/site-packages/airflow/example_dags/example_python_operator.py
[2025-03-06T14:43:24.687+0100] {logging_mixin.py:188} INFO - [2025-03-06T14:43:24.687+0100] {example_python_operator.py:88} WARNING - The virtalenv_python example task requires virtualenv, please install it.
[2025-03-06T14:43:24.688+0100] {processor.py:840} INFO - DAG(s) 'example_python_operator' retrieved from /home/philip/de_engineering/airflow_projects/airflow1/venv/lib/python3.10/site-packages/airflow/example_dags/example_python_operator.py
[2025-03-06T14:43:24.825+0100] {logging_mixin.py:188} INFO - [2025-03-06T14:43:24.825+0100] {override.py:1769} INFO - Created Permission View: can read on DAG:example_python_operator
[2025-03-06T14:43:24.847+0100] {logging_mixin.py:188} INFO - [2025-03-06T14:43:24.846+0100] {override.py:1769} INFO - Created Permission View: can delete on DAG:example_python_operator
[2025-03-06T14:43:24.868+0100] {logging_mixin.py:188} INFO - [2025-03-06T14:43:24.867+0100] {override.py:1769} INFO - Created Permission View: can edit on DAG:example_python_operator
[2025-03-06T14:43:24.868+0100] {logging_mixin.py:188} INFO - [2025-03-06T14:43:24.868+0100] {dag.py:3036} INFO - Sync 1 DAGs
[2025-03-06T14:43:24.876+0100] {logging_mixin.py:188} INFO - [2025-03-06T14:43:24.876+0100] {dag.py:3058} INFO - Creating ORM DAG for example_python_operator
[2025-03-06T14:43:24.877+0100] {logging_mixin.py:188} INFO - [2025-03-06T14:43:24.877+0100] {dag.py:3823} INFO - Setting next_dagrun for example_python_operator to None, run_after=None
[2025-03-06T14:43:24.909+0100] {processor.py:183} INFO - Processing /home/philip/de_engineering/airflow_projects/airflow1/venv/lib/python3.10/site-packages/airflow/example_dags/example_python_operator.py took 0.324 seconds
[2025-03-06T14:44:14.820+0100] {processor.py:161} INFO - Started process (PID=10133) to work on /home/philip/de_engineering/airflow_projects/airflow1/venv/lib/python3.10/site-packages/airflow/example_dags/example_python_operator.py
[2025-03-06T14:44:14.858+0100] {processor.py:830} INFO - Processing file /home/philip/de_engineering/airflow_projects/airflow1/venv/lib/python3.10/site-packages/airflow/example_dags/example_python_operator.py for tasks to queue
[2025-03-06T14:44:14.859+0100] {logging_mixin.py:188} INFO - [2025-03-06T14:44:14.859+0100] {dagbag.py:538} INFO - Filling up the DagBag from /home/philip/de_engineering/airflow_projects/airflow1/venv/lib/python3.10/site-packages/airflow/example_dags/example_python_operator.py
[2025-03-06T14:44:14.965+0100] {logging_mixin.py:188} INFO - [2025-03-06T14:44:14.965+0100] {example_python_operator.py:88} WARNING - The virtalenv_python example task requires virtualenv, please install it.
[2025-03-06T14:44:14.966+0100] {processor.py:840} INFO - DAG(s) 'example_python_operator' retrieved from /home/philip/de_engineering/airflow_projects/airflow1/venv/lib/python3.10/site-packages/airflow/example_dags/example_python_operator.py
[2025-03-06T14:44:14.983+0100] {logging_mixin.py:188} INFO - [2025-03-06T14:44:14.983+0100] {dag.py:3036} INFO - Sync 1 DAGs
[2025-03-06T14:44:14.992+0100] {logging_mixin.py:188} INFO - [2025-03-06T14:44:14.992+0100] {dag.py:3823} INFO - Setting next_dagrun for example_python_operator to None, run_after=None
[2025-03-06T14:44:15.031+0100] {processor.py:183} INFO - Processing /home/philip/de_engineering/airflow_projects/airflow1/venv/lib/python3.10/site-packages/airflow/example_dags/example_python_operator.py took 0.215 seconds
[2025-03-06T14:45:10.160+0100] {processor.py:161} INFO - Started process (PID=10194) to work on /home/philip/de_engineering/airflow_projects/airflow1/venv/lib/python3.10/site-packages/airflow/example_dags/example_python_operator.py
[2025-03-06T14:45:10.162+0100] {processor.py:830} INFO - Processing file /home/philip/de_engineering/airflow_projects/airflow1/venv/lib/python3.10/site-packages/airflow/example_dags/example_python_operator.py for tasks to queue
[2025-03-06T14:45:10.163+0100] {logging_mixin.py:188} INFO - [2025-03-06T14:45:10.162+0100] {dagbag.py:538} INFO - Filling up the DagBag from /home/philip/de_engineering/airflow_projects/airflow1/venv/lib/python3.10/site-packages/airflow/example_dags/example_python_operator.py
[2025-03-06T14:45:10.256+0100] {logging_mixin.py:188} INFO - [2025-03-06T14:45:10.255+0100] {example_python_operator.py:88} WARNING - The virtalenv_python example task requires virtualenv, please install it.
[2025-03-06T14:45:10.256+0100] {processor.py:840} INFO - DAG(s) 'example_python_operator' retrieved from /home/philip/de_engineering/airflow_projects/airflow1/venv/lib/python3.10/site-packages/airflow/example_dags/example_python_operator.py
[2025-03-06T14:45:10.273+0100] {logging_mixin.py:188} INFO - [2025-03-06T14:45:10.272+0100] {dag.py:3036} INFO - Sync 1 DAGs
[2025-03-06T14:45:10.283+0100] {logging_mixin.py:188} INFO - [2025-03-06T14:45:10.283+0100] {dag.py:3823} INFO - Setting next_dagrun for example_python_operator to None, run_after=None
[2025-03-06T14:45:10.313+0100] {processor.py:183} INFO - Processing /home/philip/de_engineering/airflow_projects/airflow1/venv/lib/python3.10/site-packages/airflow/example_dags/example_python_operator.py took 0.156 seconds
[2025-03-06T14:46:10.494+0100] {processor.py:161} INFO - Started process (PID=10259) to work on /home/philip/de_engineering/airflow_projects/airflow1/venv/lib/python3.10/site-packages/airflow/example_dags/example_python_operator.py
[2025-03-06T14:46:10.496+0100] {processor.py:830} INFO - Processing file /home/philip/de_engineering/airflow_projects/airflow1/venv/lib/python3.10/site-packages/airflow/example_dags/example_python_operator.py for tasks to queue
[2025-03-06T14:46:10.497+0100] {logging_mixin.py:188} INFO - [2025-03-06T14:46:10.496+0100] {dagbag.py:538} INFO - Filling up the DagBag from /home/philip/de_engineering/airflow_projects/airflow1/venv/lib/python3.10/site-packages/airflow/example_dags/example_python_operator.py
[2025-03-06T14:46:10.609+0100] {logging_mixin.py:188} INFO - [2025-03-06T14:46:10.609+0100] {example_python_operator.py:88} WARNING - The virtalenv_python example task requires virtualenv, please install it.
[2025-03-06T14:46:10.610+0100] {processor.py:840} INFO - DAG(s) 'example_python_operator' retrieved from /home/philip/de_engineering/airflow_projects/airflow1/venv/lib/python3.10/site-packages/airflow/example_dags/example_python_operator.py
[2025-03-06T14:46:10.630+0100] {logging_mixin.py:188} INFO - [2025-03-06T14:46:10.629+0100] {dag.py:3036} INFO - Sync 1 DAGs
[2025-03-06T14:46:10.642+0100] {logging_mixin.py:188} INFO - [2025-03-06T14:46:10.642+0100] {dag.py:3823} INFO - Setting next_dagrun for example_python_operator to None, run_after=None
[2025-03-06T14:46:10.679+0100] {processor.py:183} INFO - Processing /home/philip/de_engineering/airflow_projects/airflow1/venv/lib/python3.10/site-packages/airflow/example_dags/example_python_operator.py took 0.190 seconds
