[2025-03-06T14:43:28.203+0100] {processor.py:161} INFO - Started process (PID=10087) to work on /home/philip/de_engineering/airflow_projects/airflow1/venv/lib/python3.10/site-packages/airflow/example_dags/example_datasets.py
[2025-03-06T14:43:28.203+0100] {processor.py:830} INFO - Processing file /home/philip/de_engineering/airflow_projects/airflow1/venv/lib/python3.10/site-packages/airflow/example_dags/example_datasets.py for tasks to queue
[2025-03-06T14:43:28.204+0100] {logging_mixin.py:188} INFO - [2025-03-06T14:43:28.204+0100] {dagbag.py:538} INFO - Filling up the DagBag from /home/philip/de_engineering/airflow_projects/airflow1/venv/lib/python3.10/site-packages/airflow/example_dags/example_datasets.py
[2025-03-06T14:43:28.213+0100] {processor.py:840} INFO - DAG(s) 'dataset_consumes_unknown_never_scheduled', 'dataset_consumes_1', 'dataset_produces_2', 'dataset_consumes_1_and_2', 'dataset_produces_1', 'dataset_consumes_1_never_scheduled' retrieved from /home/philip/de_engineering/airflow_projects/airflow1/venv/lib/python3.10/site-packages/airflow/example_dags/example_datasets.py
[2025-03-06T14:43:28.347+0100] {logging_mixin.py:188} INFO - [2025-03-06T14:43:28.346+0100] {override.py:1769} INFO - Created Permission View: can read on DAG:dataset_consumes_unknown_never_scheduled
[2025-03-06T14:43:28.373+0100] {logging_mixin.py:188} INFO - [2025-03-06T14:43:28.372+0100] {override.py:1769} INFO - Created Permission View: can delete on DAG:dataset_consumes_unknown_never_scheduled
[2025-03-06T14:43:28.400+0100] {logging_mixin.py:188} INFO - [2025-03-06T14:43:28.400+0100] {override.py:1769} INFO - Created Permission View: can edit on DAG:dataset_consumes_unknown_never_scheduled
[2025-03-06T14:43:28.470+0100] {logging_mixin.py:188} INFO - [2025-03-06T14:43:28.469+0100] {override.py:1769} INFO - Created Permission View: can read on DAG:dataset_consumes_1
[2025-03-06T14:43:28.492+0100] {logging_mixin.py:188} INFO - [2025-03-06T14:43:28.491+0100] {override.py:1769} INFO - Created Permission View: can delete on DAG:dataset_consumes_1
[2025-03-06T14:43:28.513+0100] {logging_mixin.py:188} INFO - [2025-03-06T14:43:28.512+0100] {override.py:1769} INFO - Created Permission View: can edit on DAG:dataset_consumes_1
[2025-03-06T14:43:28.554+0100] {logging_mixin.py:188} INFO - [2025-03-06T14:43:28.553+0100] {override.py:1769} INFO - Created Permission View: can read on DAG:dataset_produces_2
[2025-03-06T14:43:28.573+0100] {logging_mixin.py:188} INFO - [2025-03-06T14:43:28.573+0100] {override.py:1769} INFO - Created Permission View: can delete on DAG:dataset_produces_2
[2025-03-06T14:43:28.591+0100] {logging_mixin.py:188} INFO - [2025-03-06T14:43:28.591+0100] {override.py:1769} INFO - Created Permission View: can edit on DAG:dataset_produces_2
[2025-03-06T14:43:28.634+0100] {logging_mixin.py:188} INFO - [2025-03-06T14:43:28.634+0100] {override.py:1769} INFO - Created Permission View: can read on DAG:dataset_consumes_1_and_2
[2025-03-06T14:43:28.654+0100] {logging_mixin.py:188} INFO - [2025-03-06T14:43:28.654+0100] {override.py:1769} INFO - Created Permission View: can delete on DAG:dataset_consumes_1_and_2
[2025-03-06T14:43:28.674+0100] {logging_mixin.py:188} INFO - [2025-03-06T14:43:28.673+0100] {override.py:1769} INFO - Created Permission View: can edit on DAG:dataset_consumes_1_and_2
[2025-03-06T14:43:28.723+0100] {logging_mixin.py:188} INFO - [2025-03-06T14:43:28.723+0100] {override.py:1769} INFO - Created Permission View: can read on DAG:dataset_produces_1
[2025-03-06T14:43:28.749+0100] {logging_mixin.py:188} INFO - [2025-03-06T14:43:28.749+0100] {override.py:1769} INFO - Created Permission View: can delete on DAG:dataset_produces_1
[2025-03-06T14:43:28.769+0100] {logging_mixin.py:188} INFO - [2025-03-06T14:43:28.768+0100] {override.py:1769} INFO - Created Permission View: can edit on DAG:dataset_produces_1
[2025-03-06T14:43:28.824+0100] {logging_mixin.py:188} INFO - [2025-03-06T14:43:28.823+0100] {override.py:1769} INFO - Created Permission View: can read on DAG:dataset_consumes_1_never_scheduled
[2025-03-06T14:43:28.843+0100] {logging_mixin.py:188} INFO - [2025-03-06T14:43:28.842+0100] {override.py:1769} INFO - Created Permission View: can delete on DAG:dataset_consumes_1_never_scheduled
[2025-03-06T14:43:28.861+0100] {logging_mixin.py:188} INFO - [2025-03-06T14:43:28.861+0100] {override.py:1769} INFO - Created Permission View: can edit on DAG:dataset_consumes_1_never_scheduled
[2025-03-06T14:43:28.862+0100] {logging_mixin.py:188} INFO - [2025-03-06T14:43:28.862+0100] {dag.py:3036} INFO - Sync 6 DAGs
[2025-03-06T14:43:28.870+0100] {logging_mixin.py:188} INFO - [2025-03-06T14:43:28.870+0100] {dag.py:3058} INFO - Creating ORM DAG for dataset_produces_2
[2025-03-06T14:43:28.870+0100] {logging_mixin.py:188} INFO - [2025-03-06T14:43:28.870+0100] {dag.py:3058} INFO - Creating ORM DAG for dataset_consumes_1_and_2
[2025-03-06T14:43:28.871+0100] {logging_mixin.py:188} INFO - [2025-03-06T14:43:28.871+0100] {dag.py:3058} INFO - Creating ORM DAG for dataset_produces_1
[2025-03-06T14:43:28.871+0100] {logging_mixin.py:188} INFO - [2025-03-06T14:43:28.871+0100] {dag.py:3058} INFO - Creating ORM DAG for dataset_consumes_unknown_never_scheduled
[2025-03-06T14:43:28.871+0100] {logging_mixin.py:188} INFO - [2025-03-06T14:43:28.871+0100] {dag.py:3058} INFO - Creating ORM DAG for dataset_consumes_1_never_scheduled
[2025-03-06T14:43:28.872+0100] {logging_mixin.py:188} INFO - [2025-03-06T14:43:28.872+0100] {dag.py:3058} INFO - Creating ORM DAG for dataset_consumes_1
[2025-03-06T14:43:28.877+0100] {logging_mixin.py:188} INFO - [2025-03-06T14:43:28.877+0100] {dag.py:3823} INFO - Setting next_dagrun for dataset_consumes_1 to None, run_after=None
[2025-03-06T14:43:28.878+0100] {logging_mixin.py:188} INFO - [2025-03-06T14:43:28.878+0100] {dag.py:3823} INFO - Setting next_dagrun for dataset_consumes_1_and_2 to None, run_after=None
[2025-03-06T14:43:28.878+0100] {logging_mixin.py:188} INFO - [2025-03-06T14:43:28.878+0100] {dag.py:3823} INFO - Setting next_dagrun for dataset_consumes_1_never_scheduled to None, run_after=None
[2025-03-06T14:43:28.878+0100] {logging_mixin.py:188} INFO - [2025-03-06T14:43:28.878+0100] {dag.py:3823} INFO - Setting next_dagrun for dataset_consumes_unknown_never_scheduled to None, run_after=None
[2025-03-06T14:43:28.880+0100] {logging_mixin.py:188} INFO - [2025-03-06T14:43:28.880+0100] {dag.py:3823} INFO - Setting next_dagrun for dataset_produces_1 to 2025-03-05 00:00:00+00:00, run_after=2025-03-06 00:00:00+00:00
[2025-03-06T14:43:28.881+0100] {logging_mixin.py:188} INFO - [2025-03-06T14:43:28.881+0100] {dag.py:3823} INFO - Setting next_dagrun for dataset_produces_2 to None, run_after=None
[2025-03-06T14:43:28.934+0100] {processor.py:183} INFO - Processing /home/philip/de_engineering/airflow_projects/airflow1/venv/lib/python3.10/site-packages/airflow/example_dags/example_datasets.py took 0.734 seconds
[2025-03-06T14:44:32.065+0100] {processor.py:161} INFO - Started process (PID=10152) to work on /home/philip/de_engineering/airflow_projects/airflow1/venv/lib/python3.10/site-packages/airflow/example_dags/example_datasets.py
[2025-03-06T14:44:32.067+0100] {processor.py:830} INFO - Processing file /home/philip/de_engineering/airflow_projects/airflow1/venv/lib/python3.10/site-packages/airflow/example_dags/example_datasets.py for tasks to queue
[2025-03-06T14:44:32.068+0100] {logging_mixin.py:188} INFO - [2025-03-06T14:44:32.068+0100] {dagbag.py:538} INFO - Filling up the DagBag from /home/philip/de_engineering/airflow_projects/airflow1/venv/lib/python3.10/site-packages/airflow/example_dags/example_datasets.py
[2025-03-06T14:44:32.078+0100] {processor.py:840} INFO - DAG(s) 'dataset_consumes_unknown_never_scheduled', 'dataset_produces_2', 'dataset_consumes_1_never_scheduled', 'dataset_consumes_1', 'dataset_produces_1', 'dataset_consumes_1_and_2' retrieved from /home/philip/de_engineering/airflow_projects/airflow1/venv/lib/python3.10/site-packages/airflow/example_dags/example_datasets.py
[2025-03-06T14:44:32.100+0100] {logging_mixin.py:188} INFO - [2025-03-06T14:44:32.100+0100] {dag.py:3036} INFO - Sync 6 DAGs
[2025-03-06T14:44:32.117+0100] {logging_mixin.py:188} INFO - [2025-03-06T14:44:32.117+0100] {dag.py:3823} INFO - Setting next_dagrun for dataset_consumes_1 to None, run_after=None
[2025-03-06T14:44:32.120+0100] {logging_mixin.py:188} INFO - [2025-03-06T14:44:32.119+0100] {dag.py:3823} INFO - Setting next_dagrun for dataset_consumes_1_and_2 to None, run_after=None
[2025-03-06T14:44:32.120+0100] {logging_mixin.py:188} INFO - [2025-03-06T14:44:32.120+0100] {dag.py:3823} INFO - Setting next_dagrun for dataset_consumes_1_never_scheduled to None, run_after=None
[2025-03-06T14:44:32.121+0100] {logging_mixin.py:188} INFO - [2025-03-06T14:44:32.121+0100] {dag.py:3823} INFO - Setting next_dagrun for dataset_consumes_unknown_never_scheduled to None, run_after=None
[2025-03-06T14:44:32.123+0100] {logging_mixin.py:188} INFO - [2025-03-06T14:44:32.123+0100] {dag.py:3823} INFO - Setting next_dagrun for dataset_produces_1 to 2025-03-05 00:00:00+00:00, run_after=2025-03-06 00:00:00+00:00
[2025-03-06T14:44:32.124+0100] {logging_mixin.py:188} INFO - [2025-03-06T14:44:32.124+0100] {dag.py:3823} INFO - Setting next_dagrun for dataset_produces_2 to None, run_after=None
[2025-03-06T14:44:32.163+0100] {processor.py:183} INFO - Processing /home/philip/de_engineering/airflow_projects/airflow1/venv/lib/python3.10/site-packages/airflow/example_dags/example_datasets.py took 0.103 seconds
[2025-03-06T14:45:26.999+0100] {processor.py:161} INFO - Started process (PID=10212) to work on /home/philip/de_engineering/airflow_projects/airflow1/venv/lib/python3.10/site-packages/airflow/example_dags/example_datasets.py
[2025-03-06T14:45:27.043+0100] {processor.py:830} INFO - Processing file /home/philip/de_engineering/airflow_projects/airflow1/venv/lib/python3.10/site-packages/airflow/example_dags/example_datasets.py for tasks to queue
[2025-03-06T14:45:27.044+0100] {logging_mixin.py:188} INFO - [2025-03-06T14:45:27.044+0100] {dagbag.py:538} INFO - Filling up the DagBag from /home/philip/de_engineering/airflow_projects/airflow1/venv/lib/python3.10/site-packages/airflow/example_dags/example_datasets.py
[2025-03-06T14:45:27.055+0100] {processor.py:840} INFO - DAG(s) 'dataset_consumes_1', 'dataset_produces_1', 'dataset_consumes_1_and_2', 'dataset_produces_2', 'dataset_consumes_1_never_scheduled', 'dataset_consumes_unknown_never_scheduled' retrieved from /home/philip/de_engineering/airflow_projects/airflow1/venv/lib/python3.10/site-packages/airflow/example_dags/example_datasets.py
[2025-03-06T14:45:27.087+0100] {logging_mixin.py:188} INFO - [2025-03-06T14:45:27.087+0100] {dag.py:3036} INFO - Sync 6 DAGs
[2025-03-06T14:45:27.103+0100] {logging_mixin.py:188} INFO - [2025-03-06T14:45:27.103+0100] {dag.py:3823} INFO - Setting next_dagrun for dataset_consumes_1 to None, run_after=None
[2025-03-06T14:45:27.105+0100] {logging_mixin.py:188} INFO - [2025-03-06T14:45:27.105+0100] {dag.py:3823} INFO - Setting next_dagrun for dataset_consumes_1_and_2 to None, run_after=None
[2025-03-06T14:45:27.106+0100] {logging_mixin.py:188} INFO - [2025-03-06T14:45:27.106+0100] {dag.py:3823} INFO - Setting next_dagrun for dataset_consumes_1_never_scheduled to None, run_after=None
[2025-03-06T14:45:27.106+0100] {logging_mixin.py:188} INFO - [2025-03-06T14:45:27.106+0100] {dag.py:3823} INFO - Setting next_dagrun for dataset_consumes_unknown_never_scheduled to None, run_after=None
[2025-03-06T14:45:27.109+0100] {logging_mixin.py:188} INFO - [2025-03-06T14:45:27.108+0100] {dag.py:3823} INFO - Setting next_dagrun for dataset_produces_1 to 2025-03-05 00:00:00+00:00, run_after=2025-03-06 00:00:00+00:00
[2025-03-06T14:45:27.109+0100] {logging_mixin.py:188} INFO - [2025-03-06T14:45:27.109+0100] {dag.py:3823} INFO - Setting next_dagrun for dataset_produces_2 to None, run_after=None
[2025-03-06T14:45:27.143+0100] {processor.py:183} INFO - Processing /home/philip/de_engineering/airflow_projects/airflow1/venv/lib/python3.10/site-packages/airflow/example_dags/example_datasets.py took 0.147 seconds
[2025-03-06T14:46:26.619+0100] {processor.py:161} INFO - Started process (PID=10277) to work on /home/philip/de_engineering/airflow_projects/airflow1/venv/lib/python3.10/site-packages/airflow/example_dags/example_datasets.py
[2025-03-06T14:46:26.621+0100] {processor.py:830} INFO - Processing file /home/philip/de_engineering/airflow_projects/airflow1/venv/lib/python3.10/site-packages/airflow/example_dags/example_datasets.py for tasks to queue
[2025-03-06T14:46:26.623+0100] {logging_mixin.py:188} INFO - [2025-03-06T14:46:26.622+0100] {dagbag.py:538} INFO - Filling up the DagBag from /home/philip/de_engineering/airflow_projects/airflow1/venv/lib/python3.10/site-packages/airflow/example_dags/example_datasets.py
[2025-03-06T14:46:26.632+0100] {processor.py:840} INFO - DAG(s) 'dataset_produces_1', 'dataset_consumes_1_never_scheduled', 'dataset_consumes_unknown_never_scheduled', 'dataset_produces_2', 'dataset_consumes_1_and_2', 'dataset_consumes_1' retrieved from /home/philip/de_engineering/airflow_projects/airflow1/venv/lib/python3.10/site-packages/airflow/example_dags/example_datasets.py
[2025-03-06T14:46:26.655+0100] {logging_mixin.py:188} INFO - [2025-03-06T14:46:26.654+0100] {dag.py:3036} INFO - Sync 6 DAGs
[2025-03-06T14:46:26.672+0100] {logging_mixin.py:188} INFO - [2025-03-06T14:46:26.672+0100] {dag.py:3823} INFO - Setting next_dagrun for dataset_consumes_1 to None, run_after=None
[2025-03-06T14:46:26.674+0100] {logging_mixin.py:188} INFO - [2025-03-06T14:46:26.674+0100] {dag.py:3823} INFO - Setting next_dagrun for dataset_consumes_1_and_2 to None, run_after=None
[2025-03-06T14:46:26.675+0100] {logging_mixin.py:188} INFO - [2025-03-06T14:46:26.675+0100] {dag.py:3823} INFO - Setting next_dagrun for dataset_consumes_1_never_scheduled to None, run_after=None
[2025-03-06T14:46:26.676+0100] {logging_mixin.py:188} INFO - [2025-03-06T14:46:26.675+0100] {dag.py:3823} INFO - Setting next_dagrun for dataset_consumes_unknown_never_scheduled to None, run_after=None
[2025-03-06T14:46:26.678+0100] {logging_mixin.py:188} INFO - [2025-03-06T14:46:26.677+0100] {dag.py:3823} INFO - Setting next_dagrun for dataset_produces_1 to 2025-03-05 00:00:00+00:00, run_after=2025-03-06 00:00:00+00:00
[2025-03-06T14:46:26.678+0100] {logging_mixin.py:188} INFO - [2025-03-06T14:46:26.678+0100] {dag.py:3823} INFO - Setting next_dagrun for dataset_produces_2 to None, run_after=None
[2025-03-06T14:46:26.716+0100] {processor.py:183} INFO - Processing /home/philip/de_engineering/airflow_projects/airflow1/venv/lib/python3.10/site-packages/airflow/example_dags/example_datasets.py took 0.100 seconds
