[2025-03-06T14:42:56.482+0100] {processor.py:161} INFO - Started process (PID=10059) to work on /home/philip/de_engineering/airflow_projects/airflow1/venv/lib/python3.10/site-packages/airflow/example_dags/example_sensors.py
[2025-03-06T14:42:56.484+0100] {processor.py:830} INFO - Processing file /home/philip/de_engineering/airflow_projects/airflow1/venv/lib/python3.10/site-packages/airflow/example_dags/example_sensors.py for tasks to queue
[2025-03-06T14:42:56.485+0100] {logging_mixin.py:188} INFO - [2025-03-06T14:42:56.484+0100] {dagbag.py:538} INFO - Filling up the DagBag from /home/philip/de_engineering/airflow_projects/airflow1/venv/lib/python3.10/site-packages/airflow/example_dags/example_sensors.py
[2025-03-06T14:42:56.496+0100] {processor.py:840} INFO - DAG(s) 'example_sensors' retrieved from /home/philip/de_engineering/airflow_projects/airflow1/venv/lib/python3.10/site-packages/airflow/example_dags/example_sensors.py
[2025-03-06T14:42:56.622+0100] {logging_mixin.py:188} INFO - [2025-03-06T14:42:56.621+0100] {override.py:1769} INFO - Created Permission View: can read on DAG:example_sensors
[2025-03-06T14:42:56.649+0100] {logging_mixin.py:188} INFO - [2025-03-06T14:42:56.648+0100] {override.py:1769} INFO - Created Permission View: can delete on DAG:example_sensors
[2025-03-06T14:42:56.670+0100] {logging_mixin.py:188} INFO - [2025-03-06T14:42:56.670+0100] {override.py:1769} INFO - Created Permission View: can edit on DAG:example_sensors
[2025-03-06T14:42:56.671+0100] {logging_mixin.py:188} INFO - [2025-03-06T14:42:56.671+0100] {dag.py:3036} INFO - Sync 1 DAGs
[2025-03-06T14:42:56.683+0100] {logging_mixin.py:188} INFO - [2025-03-06T14:42:56.682+0100] {dag.py:3058} INFO - Creating ORM DAG for example_sensors
[2025-03-06T14:42:56.683+0100] {logging_mixin.py:188} INFO - [2025-03-06T14:42:56.683+0100] {dag.py:3823} INFO - Setting next_dagrun for example_sensors to None, run_after=None
[2025-03-06T14:42:56.719+0100] {processor.py:183} INFO - Processing /home/philip/de_engineering/airflow_projects/airflow1/venv/lib/python3.10/site-packages/airflow/example_dags/example_sensors.py took 0.240 seconds
[2025-03-06T14:43:50.095+0100] {processor.py:161} INFO - Started process (PID=10108) to work on /home/philip/de_engineering/airflow_projects/airflow1/venv/lib/python3.10/site-packages/airflow/example_dags/example_sensors.py
[2025-03-06T14:43:50.098+0100] {processor.py:830} INFO - Processing file /home/philip/de_engineering/airflow_projects/airflow1/venv/lib/python3.10/site-packages/airflow/example_dags/example_sensors.py for tasks to queue
[2025-03-06T14:43:50.100+0100] {logging_mixin.py:188} INFO - [2025-03-06T14:43:50.100+0100] {dagbag.py:538} INFO - Filling up the DagBag from /home/philip/de_engineering/airflow_projects/airflow1/venv/lib/python3.10/site-packages/airflow/example_dags/example_sensors.py
[2025-03-06T14:43:50.115+0100] {processor.py:840} INFO - DAG(s) 'example_sensors' retrieved from /home/philip/de_engineering/airflow_projects/airflow1/venv/lib/python3.10/site-packages/airflow/example_dags/example_sensors.py
[2025-03-06T14:43:50.148+0100] {logging_mixin.py:188} INFO - [2025-03-06T14:43:50.148+0100] {dag.py:3036} INFO - Sync 1 DAGs
[2025-03-06T14:43:50.165+0100] {logging_mixin.py:188} INFO - [2025-03-06T14:43:50.165+0100] {dag.py:3823} INFO - Setting next_dagrun for example_sensors to None, run_after=None
[2025-03-06T14:43:50.197+0100] {processor.py:183} INFO - Processing /home/philip/de_engineering/airflow_projects/airflow1/venv/lib/python3.10/site-packages/airflow/example_dags/example_sensors.py took 0.107 seconds
[2025-03-06T14:44:38.018+0100] {processor.py:161} INFO - Started process (PID=10159) to work on /home/philip/de_engineering/airflow_projects/airflow1/venv/lib/python3.10/site-packages/airflow/example_dags/example_sensors.py
[2025-03-06T14:44:38.066+0100] {processor.py:830} INFO - Processing file /home/philip/de_engineering/airflow_projects/airflow1/venv/lib/python3.10/site-packages/airflow/example_dags/example_sensors.py for tasks to queue
[2025-03-06T14:44:38.068+0100] {logging_mixin.py:188} INFO - [2025-03-06T14:44:38.067+0100] {dagbag.py:538} INFO - Filling up the DagBag from /home/philip/de_engineering/airflow_projects/airflow1/venv/lib/python3.10/site-packages/airflow/example_dags/example_sensors.py
[2025-03-06T14:44:38.078+0100] {processor.py:840} INFO - DAG(s) 'example_sensors' retrieved from /home/philip/de_engineering/airflow_projects/airflow1/venv/lib/python3.10/site-packages/airflow/example_dags/example_sensors.py
[2025-03-06T14:44:38.094+0100] {logging_mixin.py:188} INFO - [2025-03-06T14:44:38.094+0100] {dag.py:3036} INFO - Sync 1 DAGs
[2025-03-06T14:44:38.103+0100] {logging_mixin.py:188} INFO - [2025-03-06T14:44:38.103+0100] {dag.py:3823} INFO - Setting next_dagrun for example_sensors to None, run_after=None
[2025-03-06T14:44:38.142+0100] {processor.py:183} INFO - Processing /home/philip/de_engineering/airflow_projects/airflow1/venv/lib/python3.10/site-packages/airflow/example_dags/example_sensors.py took 0.127 seconds
[2025-03-06T14:45:21.815+0100] {processor.py:161} INFO - Started process (PID=10205) to work on /home/philip/de_engineering/airflow_projects/airflow1/venv/lib/python3.10/site-packages/airflow/example_dags/example_sensors.py
[2025-03-06T14:45:21.853+0100] {processor.py:830} INFO - Processing file /home/philip/de_engineering/airflow_projects/airflow1/venv/lib/python3.10/site-packages/airflow/example_dags/example_sensors.py for tasks to queue
[2025-03-06T14:45:21.855+0100] {logging_mixin.py:188} INFO - [2025-03-06T14:45:21.854+0100] {dagbag.py:538} INFO - Filling up the DagBag from /home/philip/de_engineering/airflow_projects/airflow1/venv/lib/python3.10/site-packages/airflow/example_dags/example_sensors.py
[2025-03-06T14:45:21.866+0100] {processor.py:840} INFO - DAG(s) 'example_sensors' retrieved from /home/philip/de_engineering/airflow_projects/airflow1/venv/lib/python3.10/site-packages/airflow/example_dags/example_sensors.py
[2025-03-06T14:45:21.884+0100] {logging_mixin.py:188} INFO - [2025-03-06T14:45:21.884+0100] {dag.py:3036} INFO - Sync 1 DAGs
[2025-03-06T14:45:21.893+0100] {logging_mixin.py:188} INFO - [2025-03-06T14:45:21.893+0100] {dag.py:3823} INFO - Setting next_dagrun for example_sensors to None, run_after=None
[2025-03-06T14:45:21.924+0100] {processor.py:183} INFO - Processing /home/philip/de_engineering/airflow_projects/airflow1/venv/lib/python3.10/site-packages/airflow/example_dags/example_sensors.py took 0.113 seconds
[2025-03-06T14:46:01.231+0100] {processor.py:161} INFO - Started process (PID=10250) to work on /home/philip/de_engineering/airflow_projects/airflow1/venv/lib/python3.10/site-packages/airflow/example_dags/example_sensors.py
[2025-03-06T14:46:01.233+0100] {processor.py:830} INFO - Processing file /home/philip/de_engineering/airflow_projects/airflow1/venv/lib/python3.10/site-packages/airflow/example_dags/example_sensors.py for tasks to queue
[2025-03-06T14:46:01.234+0100] {logging_mixin.py:188} INFO - [2025-03-06T14:46:01.234+0100] {dagbag.py:538} INFO - Filling up the DagBag from /home/philip/de_engineering/airflow_projects/airflow1/venv/lib/python3.10/site-packages/airflow/example_dags/example_sensors.py
[2025-03-06T14:46:01.249+0100] {processor.py:840} INFO - DAG(s) 'example_sensors' retrieved from /home/philip/de_engineering/airflow_projects/airflow1/venv/lib/python3.10/site-packages/airflow/example_dags/example_sensors.py
[2025-03-06T14:46:01.278+0100] {logging_mixin.py:188} INFO - [2025-03-06T14:46:01.278+0100] {dag.py:3036} INFO - Sync 1 DAGs
[2025-03-06T14:46:01.299+0100] {logging_mixin.py:188} INFO - [2025-03-06T14:46:01.298+0100] {dag.py:3823} INFO - Setting next_dagrun for example_sensors to None, run_after=None
[2025-03-06T14:46:01.344+0100] {processor.py:183} INFO - Processing /home/philip/de_engineering/airflow_projects/airflow1/venv/lib/python3.10/site-packages/airflow/example_dags/example_sensors.py took 0.117 seconds
[2025-03-06T14:46:40.205+0100] {processor.py:161} INFO - Started process (PID=10291) to work on /home/philip/de_engineering/airflow_projects/airflow1/venv/lib/python3.10/site-packages/airflow/example_dags/example_sensors.py
[2025-03-06T14:46:40.207+0100] {processor.py:830} INFO - Processing file /home/philip/de_engineering/airflow_projects/airflow1/venv/lib/python3.10/site-packages/airflow/example_dags/example_sensors.py for tasks to queue
[2025-03-06T14:46:40.207+0100] {logging_mixin.py:188} INFO - [2025-03-06T14:46:40.207+0100] {dagbag.py:538} INFO - Filling up the DagBag from /home/philip/de_engineering/airflow_projects/airflow1/venv/lib/python3.10/site-packages/airflow/example_dags/example_sensors.py
[2025-03-06T14:46:40.219+0100] {processor.py:840} INFO - DAG(s) 'example_sensors' retrieved from /home/philip/de_engineering/airflow_projects/airflow1/venv/lib/python3.10/site-packages/airflow/example_dags/example_sensors.py
[2025-03-06T14:46:40.242+0100] {logging_mixin.py:188} INFO - [2025-03-06T14:46:40.242+0100] {dag.py:3036} INFO - Sync 1 DAGs
[2025-03-06T14:46:40.253+0100] {logging_mixin.py:188} INFO - [2025-03-06T14:46:40.253+0100] {dag.py:3823} INFO - Setting next_dagrun for example_sensors to None, run_after=None
[2025-03-06T14:46:40.287+0100] {processor.py:183} INFO - Processing /home/philip/de_engineering/airflow_projects/airflow1/venv/lib/python3.10/site-packages/airflow/example_dags/example_sensors.py took 0.085 seconds
