[2025-03-06T14:42:59.597+0100] {processor.py:161} INFO - Started process (PID=10062) to work on /home/philip/de_engineering/airflow_projects/airflow1/venv/lib/python3.10/site-packages/airflow/example_dags/example_latest_only.py
[2025-03-06T14:42:59.599+0100] {processor.py:830} INFO - Processing file /home/philip/de_engineering/airflow_projects/airflow1/venv/lib/python3.10/site-packages/airflow/example_dags/example_latest_only.py for tasks to queue
[2025-03-06T14:42:59.601+0100] {logging_mixin.py:188} INFO - [2025-03-06T14:42:59.600+0100] {dagbag.py:538} INFO - Filling up the DagBag from /home/philip/de_engineering/airflow_projects/airflow1/venv/lib/python3.10/site-packages/airflow/example_dags/example_latest_only.py
[2025-03-06T14:42:59.613+0100] {processor.py:840} INFO - DAG(s) 'latest_only' retrieved from /home/philip/de_engineering/airflow_projects/airflow1/venv/lib/python3.10/site-packages/airflow/example_dags/example_latest_only.py
[2025-03-06T14:42:59.724+0100] {logging_mixin.py:188} INFO - [2025-03-06T14:42:59.723+0100] {override.py:1769} INFO - Created Permission View: can read on DAG:latest_only
[2025-03-06T14:42:59.744+0100] {logging_mixin.py:188} INFO - [2025-03-06T14:42:59.744+0100] {override.py:1769} INFO - Created Permission View: can delete on DAG:latest_only
[2025-03-06T14:42:59.762+0100] {logging_mixin.py:188} INFO - [2025-03-06T14:42:59.762+0100] {override.py:1769} INFO - Created Permission View: can edit on DAG:latest_only
[2025-03-06T14:42:59.763+0100] {logging_mixin.py:188} INFO - [2025-03-06T14:42:59.763+0100] {dag.py:3036} INFO - Sync 1 DAGs
[2025-03-06T14:42:59.773+0100] {logging_mixin.py:188} INFO - [2025-03-06T14:42:59.772+0100] {dag.py:3058} INFO - Creating ORM DAG for latest_only
[2025-03-06T14:42:59.785+0100] {logging_mixin.py:188} INFO - [2025-03-06T14:42:59.785+0100] {dag.py:3823} INFO - Setting next_dagrun for latest_only to 2025-03-06 08:00:00+00:00, run_after=2025-03-06 12:00:00+00:00
[2025-03-06T14:42:59.825+0100] {processor.py:183} INFO - Processing /home/philip/de_engineering/airflow_projects/airflow1/venv/lib/python3.10/site-packages/airflow/example_dags/example_latest_only.py took 0.237 seconds
[2025-03-06T14:43:53.523+0100] {processor.py:161} INFO - Started process (PID=10112) to work on /home/philip/de_engineering/airflow_projects/airflow1/venv/lib/python3.10/site-packages/airflow/example_dags/example_latest_only.py
[2025-03-06T14:43:53.566+0100] {processor.py:830} INFO - Processing file /home/philip/de_engineering/airflow_projects/airflow1/venv/lib/python3.10/site-packages/airflow/example_dags/example_latest_only.py for tasks to queue
[2025-03-06T14:43:53.568+0100] {logging_mixin.py:188} INFO - [2025-03-06T14:43:53.567+0100] {dagbag.py:538} INFO - Filling up the DagBag from /home/philip/de_engineering/airflow_projects/airflow1/venv/lib/python3.10/site-packages/airflow/example_dags/example_latest_only.py
[2025-03-06T14:43:53.576+0100] {processor.py:840} INFO - DAG(s) 'latest_only' retrieved from /home/philip/de_engineering/airflow_projects/airflow1/venv/lib/python3.10/site-packages/airflow/example_dags/example_latest_only.py
[2025-03-06T14:43:53.598+0100] {logging_mixin.py:188} INFO - [2025-03-06T14:43:53.598+0100] {dag.py:3036} INFO - Sync 1 DAGs
[2025-03-06T14:43:53.641+0100] {logging_mixin.py:188} INFO - [2025-03-06T14:43:53.641+0100] {dag.py:3823} INFO - Setting next_dagrun for latest_only to 2025-03-06 08:00:00+00:00, run_after=2025-03-06 12:00:00+00:00
[2025-03-06T14:43:53.684+0100] {processor.py:183} INFO - Processing /home/philip/de_engineering/airflow_projects/airflow1/venv/lib/python3.10/site-packages/airflow/example_dags/example_latest_only.py took 0.166 seconds
[2025-03-06T14:44:41.205+0100] {processor.py:161} INFO - Started process (PID=10162) to work on /home/philip/de_engineering/airflow_projects/airflow1/venv/lib/python3.10/site-packages/airflow/example_dags/example_latest_only.py
[2025-03-06T14:44:41.251+0100] {processor.py:830} INFO - Processing file /home/philip/de_engineering/airflow_projects/airflow1/venv/lib/python3.10/site-packages/airflow/example_dags/example_latest_only.py for tasks to queue
[2025-03-06T14:44:41.254+0100] {logging_mixin.py:188} INFO - [2025-03-06T14:44:41.253+0100] {dagbag.py:538} INFO - Filling up the DagBag from /home/philip/de_engineering/airflow_projects/airflow1/venv/lib/python3.10/site-packages/airflow/example_dags/example_latest_only.py
[2025-03-06T14:44:41.261+0100] {processor.py:840} INFO - DAG(s) 'latest_only' retrieved from /home/philip/de_engineering/airflow_projects/airflow1/venv/lib/python3.10/site-packages/airflow/example_dags/example_latest_only.py
[2025-03-06T14:44:41.279+0100] {logging_mixin.py:188} INFO - [2025-03-06T14:44:41.279+0100] {dag.py:3036} INFO - Sync 1 DAGs
[2025-03-06T14:44:41.298+0100] {logging_mixin.py:188} INFO - [2025-03-06T14:44:41.297+0100] {dag.py:3823} INFO - Setting next_dagrun for latest_only to 2025-03-06 08:00:00+00:00, run_after=2025-03-06 12:00:00+00:00
[2025-03-06T14:44:41.334+0100] {processor.py:183} INFO - Processing /home/philip/de_engineering/airflow_projects/airflow1/venv/lib/python3.10/site-packages/airflow/example_dags/example_latest_only.py took 0.134 seconds
[2025-03-06T14:45:24.497+0100] {processor.py:161} INFO - Started process (PID=10209) to work on /home/philip/de_engineering/airflow_projects/airflow1/venv/lib/python3.10/site-packages/airflow/example_dags/example_latest_only.py
[2025-03-06T14:45:24.558+0100] {processor.py:830} INFO - Processing file /home/philip/de_engineering/airflow_projects/airflow1/venv/lib/python3.10/site-packages/airflow/example_dags/example_latest_only.py for tasks to queue
[2025-03-06T14:45:24.559+0100] {logging_mixin.py:188} INFO - [2025-03-06T14:45:24.559+0100] {dagbag.py:538} INFO - Filling up the DagBag from /home/philip/de_engineering/airflow_projects/airflow1/venv/lib/python3.10/site-packages/airflow/example_dags/example_latest_only.py
[2025-03-06T14:45:24.565+0100] {processor.py:840} INFO - DAG(s) 'latest_only' retrieved from /home/philip/de_engineering/airflow_projects/airflow1/venv/lib/python3.10/site-packages/airflow/example_dags/example_latest_only.py
[2025-03-06T14:45:24.580+0100] {logging_mixin.py:188} INFO - [2025-03-06T14:45:24.580+0100] {dag.py:3036} INFO - Sync 1 DAGs
[2025-03-06T14:45:24.604+0100] {logging_mixin.py:188} INFO - [2025-03-06T14:45:24.603+0100] {dag.py:3823} INFO - Setting next_dagrun for latest_only to 2025-03-06 08:00:00+00:00, run_after=2025-03-06 12:00:00+00:00
[2025-03-06T14:45:24.658+0100] {processor.py:183} INFO - Processing /home/philip/de_engineering/airflow_projects/airflow1/venv/lib/python3.10/site-packages/airflow/example_dags/example_latest_only.py took 0.164 seconds
[2025-03-06T14:46:20.875+0100] {processor.py:161} INFO - Started process (PID=10269) to work on /home/philip/de_engineering/airflow_projects/airflow1/venv/lib/python3.10/site-packages/airflow/example_dags/example_latest_only.py
[2025-03-06T14:46:20.877+0100] {processor.py:830} INFO - Processing file /home/philip/de_engineering/airflow_projects/airflow1/venv/lib/python3.10/site-packages/airflow/example_dags/example_latest_only.py for tasks to queue
[2025-03-06T14:46:20.879+0100] {logging_mixin.py:188} INFO - [2025-03-06T14:46:20.878+0100] {dagbag.py:538} INFO - Filling up the DagBag from /home/philip/de_engineering/airflow_projects/airflow1/venv/lib/python3.10/site-packages/airflow/example_dags/example_latest_only.py
[2025-03-06T14:46:20.884+0100] {processor.py:840} INFO - DAG(s) 'latest_only' retrieved from /home/philip/de_engineering/airflow_projects/airflow1/venv/lib/python3.10/site-packages/airflow/example_dags/example_latest_only.py
[2025-03-06T14:46:20.898+0100] {logging_mixin.py:188} INFO - [2025-03-06T14:46:20.897+0100] {dag.py:3036} INFO - Sync 1 DAGs
[2025-03-06T14:46:20.917+0100] {logging_mixin.py:188} INFO - [2025-03-06T14:46:20.917+0100] {dag.py:3823} INFO - Setting next_dagrun for latest_only to 2025-03-06 08:00:00+00:00, run_after=2025-03-06 12:00:00+00:00
[2025-03-06T14:46:20.947+0100] {processor.py:183} INFO - Processing /home/philip/de_engineering/airflow_projects/airflow1/venv/lib/python3.10/site-packages/airflow/example_dags/example_latest_only.py took 0.075 seconds
