[2025-03-06T14:43:11.736+0100] {processor.py:161} INFO - Started process (PID=10072) to work on /home/philip/de_engineering/airflow_projects/airflow1/venv/lib/python3.10/site-packages/airflow/example_dags/example_dag_decorator.py
[2025-03-06T14:43:11.737+0100] {processor.py:830} INFO - Processing file /home/philip/de_engineering/airflow_projects/airflow1/venv/lib/python3.10/site-packages/airflow/example_dags/example_dag_decorator.py for tasks to queue
[2025-03-06T14:43:11.738+0100] {logging_mixin.py:188} INFO - [2025-03-06T14:43:11.738+0100] {dagbag.py:538} INFO - Filling up the DagBag from /home/philip/de_engineering/airflow_projects/airflow1/venv/lib/python3.10/site-packages/airflow/example_dags/example_dag_decorator.py
[2025-03-06T14:43:11.856+0100] {processor.py:840} INFO - DAG(s) 'example_dag_decorator' retrieved from /home/philip/de_engineering/airflow_projects/airflow1/venv/lib/python3.10/site-packages/airflow/example_dags/example_dag_decorator.py
[2025-03-06T14:43:12.018+0100] {logging_mixin.py:188} INFO - [2025-03-06T14:43:12.016+0100] {override.py:1769} INFO - Created Permission View: can read on DAG:example_dag_decorator
[2025-03-06T14:43:12.047+0100] {logging_mixin.py:188} INFO - [2025-03-06T14:43:12.046+0100] {override.py:1769} INFO - Created Permission View: can delete on DAG:example_dag_decorator
[2025-03-06T14:43:12.066+0100] {logging_mixin.py:188} INFO - [2025-03-06T14:43:12.066+0100] {override.py:1769} INFO - Created Permission View: can edit on DAG:example_dag_decorator
[2025-03-06T14:43:12.066+0100] {logging_mixin.py:188} INFO - [2025-03-06T14:43:12.066+0100] {dag.py:3036} INFO - Sync 1 DAGs
[2025-03-06T14:43:12.076+0100] {logging_mixin.py:188} INFO - [2025-03-06T14:43:12.076+0100] {dag.py:3058} INFO - Creating ORM DAG for example_dag_decorator
[2025-03-06T14:43:12.076+0100] {logging_mixin.py:188} INFO - [2025-03-06T14:43:12.076+0100] {dag.py:3823} INFO - Setting next_dagrun for example_dag_decorator to None, run_after=None
[2025-03-06T14:43:12.118+0100] {processor.py:183} INFO - Processing /home/philip/de_engineering/airflow_projects/airflow1/venv/lib/python3.10/site-packages/airflow/example_dags/example_dag_decorator.py took 0.384 seconds
[2025-03-06T14:44:03.967+0100] {processor.py:161} INFO - Started process (PID=10122) to work on /home/philip/de_engineering/airflow_projects/airflow1/venv/lib/python3.10/site-packages/airflow/example_dags/example_dag_decorator.py
[2025-03-06T14:44:04.015+0100] {processor.py:830} INFO - Processing file /home/philip/de_engineering/airflow_projects/airflow1/venv/lib/python3.10/site-packages/airflow/example_dags/example_dag_decorator.py for tasks to queue
[2025-03-06T14:44:04.017+0100] {logging_mixin.py:188} INFO - [2025-03-06T14:44:04.016+0100] {dagbag.py:538} INFO - Filling up the DagBag from /home/philip/de_engineering/airflow_projects/airflow1/venv/lib/python3.10/site-packages/airflow/example_dags/example_dag_decorator.py
[2025-03-06T14:44:04.098+0100] {processor.py:840} INFO - DAG(s) 'example_dag_decorator' retrieved from /home/philip/de_engineering/airflow_projects/airflow1/venv/lib/python3.10/site-packages/airflow/example_dags/example_dag_decorator.py
[2025-03-06T14:44:04.195+0100] {logging_mixin.py:188} INFO - [2025-03-06T14:44:04.194+0100] {dag.py:3036} INFO - Sync 1 DAGs
[2025-03-06T14:44:04.202+0100] {logging_mixin.py:188} INFO - [2025-03-06T14:44:04.202+0100] {dag.py:3823} INFO - Setting next_dagrun for example_dag_decorator to None, run_after=None
[2025-03-06T14:44:04.234+0100] {processor.py:183} INFO - Processing /home/philip/de_engineering/airflow_projects/airflow1/venv/lib/python3.10/site-packages/airflow/example_dags/example_dag_decorator.py took 0.271 seconds
[2025-03-06T14:44:50.071+0100] {processor.py:161} INFO - Started process (PID=10172) to work on /home/philip/de_engineering/airflow_projects/airflow1/venv/lib/python3.10/site-packages/airflow/example_dags/example_dag_decorator.py
[2025-03-06T14:44:50.113+0100] {processor.py:830} INFO - Processing file /home/philip/de_engineering/airflow_projects/airflow1/venv/lib/python3.10/site-packages/airflow/example_dags/example_dag_decorator.py for tasks to queue
[2025-03-06T14:44:50.114+0100] {logging_mixin.py:188} INFO - [2025-03-06T14:44:50.114+0100] {dagbag.py:538} INFO - Filling up the DagBag from /home/philip/de_engineering/airflow_projects/airflow1/venv/lib/python3.10/site-packages/airflow/example_dags/example_dag_decorator.py
[2025-03-06T14:44:50.225+0100] {processor.py:840} INFO - DAG(s) 'example_dag_decorator' retrieved from /home/philip/de_engineering/airflow_projects/airflow1/venv/lib/python3.10/site-packages/airflow/example_dags/example_dag_decorator.py
[2025-03-06T14:44:50.332+0100] {logging_mixin.py:188} INFO - [2025-03-06T14:44:50.331+0100] {dag.py:3036} INFO - Sync 1 DAGs
[2025-03-06T14:44:50.346+0100] {logging_mixin.py:188} INFO - [2025-03-06T14:44:50.345+0100] {dag.py:3823} INFO - Setting next_dagrun for example_dag_decorator to None, run_after=None
[2025-03-06T14:44:50.425+0100] {processor.py:183} INFO - Processing /home/philip/de_engineering/airflow_projects/airflow1/venv/lib/python3.10/site-packages/airflow/example_dags/example_dag_decorator.py took 0.359 seconds
[2025-03-06T14:45:48.678+0100] {processor.py:161} INFO - Started process (PID=10236) to work on /home/philip/de_engineering/airflow_projects/airflow1/venv/lib/python3.10/site-packages/airflow/example_dags/example_dag_decorator.py
[2025-03-06T14:45:48.712+0100] {processor.py:830} INFO - Processing file /home/philip/de_engineering/airflow_projects/airflow1/venv/lib/python3.10/site-packages/airflow/example_dags/example_dag_decorator.py for tasks to queue
[2025-03-06T14:45:48.714+0100] {logging_mixin.py:188} INFO - [2025-03-06T14:45:48.713+0100] {dagbag.py:538} INFO - Filling up the DagBag from /home/philip/de_engineering/airflow_projects/airflow1/venv/lib/python3.10/site-packages/airflow/example_dags/example_dag_decorator.py
[2025-03-06T14:45:48.836+0100] {processor.py:840} INFO - DAG(s) 'example_dag_decorator' retrieved from /home/philip/de_engineering/airflow_projects/airflow1/venv/lib/python3.10/site-packages/airflow/example_dags/example_dag_decorator.py
[2025-03-06T14:45:48.972+0100] {logging_mixin.py:188} INFO - [2025-03-06T14:45:48.972+0100] {dag.py:3036} INFO - Sync 1 DAGs
[2025-03-06T14:45:48.985+0100] {logging_mixin.py:188} INFO - [2025-03-06T14:45:48.985+0100] {dag.py:3823} INFO - Setting next_dagrun for example_dag_decorator to None, run_after=None
[2025-03-06T14:45:49.026+0100] {processor.py:183} INFO - Processing /home/philip/de_engineering/airflow_projects/airflow1/venv/lib/python3.10/site-packages/airflow/example_dags/example_dag_decorator.py took 0.355 seconds
