[2025-03-06T14:43:05.046+0100] {processor.py:161} INFO - Started process (PID=10066) to work on /home/philip/de_engineering/airflow_projects/airflow1/venv/lib/python3.10/site-packages/airflow/example_dags/example_branch_day_of_week_operator.py
[2025-03-06T14:43:05.046+0100] {processor.py:830} INFO - Processing file /home/philip/de_engineering/airflow_projects/airflow1/venv/lib/python3.10/site-packages/airflow/example_dags/example_branch_day_of_week_operator.py for tasks to queue
[2025-03-06T14:43:05.047+0100] {logging_mixin.py:188} INFO - [2025-03-06T14:43:05.047+0100] {dagbag.py:538} INFO - Filling up the DagBag from /home/philip/de_engineering/airflow_projects/airflow1/venv/lib/python3.10/site-packages/airflow/example_dags/example_branch_day_of_week_operator.py
[2025-03-06T14:43:05.060+0100] {processor.py:840} INFO - DAG(s) 'example_weekday_branch_operator' retrieved from /home/philip/de_engineering/airflow_projects/airflow1/venv/lib/python3.10/site-packages/airflow/example_dags/example_branch_day_of_week_operator.py
[2025-03-06T14:43:05.185+0100] {logging_mixin.py:188} INFO - [2025-03-06T14:43:05.184+0100] {override.py:1769} INFO - Created Permission View: can read on DAG:example_weekday_branch_operator
[2025-03-06T14:43:05.209+0100] {logging_mixin.py:188} INFO - [2025-03-06T14:43:05.208+0100] {override.py:1769} INFO - Created Permission View: can delete on DAG:example_weekday_branch_operator
[2025-03-06T14:43:05.235+0100] {logging_mixin.py:188} INFO - [2025-03-06T14:43:05.235+0100] {override.py:1769} INFO - Created Permission View: can edit on DAG:example_weekday_branch_operator
[2025-03-06T14:43:05.236+0100] {logging_mixin.py:188} INFO - [2025-03-06T14:43:05.236+0100] {dag.py:3036} INFO - Sync 1 DAGs
[2025-03-06T14:43:05.247+0100] {logging_mixin.py:188} INFO - [2025-03-06T14:43:05.246+0100] {dag.py:3058} INFO - Creating ORM DAG for example_weekday_branch_operator
[2025-03-06T14:43:05.255+0100] {logging_mixin.py:188} INFO - [2025-03-06T14:43:05.255+0100] {dag.py:3823} INFO - Setting next_dagrun for example_weekday_branch_operator to 2025-03-05 00:00:00+00:00, run_after=2025-03-06 00:00:00+00:00
[2025-03-06T14:43:05.285+0100] {processor.py:183} INFO - Processing /home/philip/de_engineering/airflow_projects/airflow1/venv/lib/python3.10/site-packages/airflow/example_dags/example_branch_day_of_week_operator.py took 0.243 seconds
[2025-03-06T14:43:56.854+0100] {processor.py:161} INFO - Started process (PID=10116) to work on /home/philip/de_engineering/airflow_projects/airflow1/venv/lib/python3.10/site-packages/airflow/example_dags/example_branch_day_of_week_operator.py
[2025-03-06T14:43:56.856+0100] {processor.py:830} INFO - Processing file /home/philip/de_engineering/airflow_projects/airflow1/venv/lib/python3.10/site-packages/airflow/example_dags/example_branch_day_of_week_operator.py for tasks to queue
[2025-03-06T14:43:56.857+0100] {logging_mixin.py:188} INFO - [2025-03-06T14:43:56.857+0100] {dagbag.py:538} INFO - Filling up the DagBag from /home/philip/de_engineering/airflow_projects/airflow1/venv/lib/python3.10/site-packages/airflow/example_dags/example_branch_day_of_week_operator.py
[2025-03-06T14:43:56.866+0100] {processor.py:840} INFO - DAG(s) 'example_weekday_branch_operator' retrieved from /home/philip/de_engineering/airflow_projects/airflow1/venv/lib/python3.10/site-packages/airflow/example_dags/example_branch_day_of_week_operator.py
[2025-03-06T14:43:56.884+0100] {logging_mixin.py:188} INFO - [2025-03-06T14:43:56.884+0100] {dag.py:3036} INFO - Sync 1 DAGs
[2025-03-06T14:43:56.911+0100] {logging_mixin.py:188} INFO - [2025-03-06T14:43:56.910+0100] {dag.py:3823} INFO - Setting next_dagrun for example_weekday_branch_operator to 2025-03-05 00:00:00+00:00, run_after=2025-03-06 00:00:00+00:00
[2025-03-06T14:43:56.940+0100] {processor.py:183} INFO - Processing /home/philip/de_engineering/airflow_projects/airflow1/venv/lib/python3.10/site-packages/airflow/example_dags/example_branch_day_of_week_operator.py took 0.089 seconds
[2025-03-06T14:44:45.199+0100] {processor.py:161} INFO - Started process (PID=10166) to work on /home/philip/de_engineering/airflow_projects/airflow1/venv/lib/python3.10/site-packages/airflow/example_dags/example_branch_day_of_week_operator.py
[2025-03-06T14:44:45.201+0100] {processor.py:830} INFO - Processing file /home/philip/de_engineering/airflow_projects/airflow1/venv/lib/python3.10/site-packages/airflow/example_dags/example_branch_day_of_week_operator.py for tasks to queue
[2025-03-06T14:44:45.202+0100] {logging_mixin.py:188} INFO - [2025-03-06T14:44:45.202+0100] {dagbag.py:538} INFO - Filling up the DagBag from /home/philip/de_engineering/airflow_projects/airflow1/venv/lib/python3.10/site-packages/airflow/example_dags/example_branch_day_of_week_operator.py
[2025-03-06T14:44:45.211+0100] {processor.py:840} INFO - DAG(s) 'example_weekday_branch_operator' retrieved from /home/philip/de_engineering/airflow_projects/airflow1/venv/lib/python3.10/site-packages/airflow/example_dags/example_branch_day_of_week_operator.py
[2025-03-06T14:44:45.233+0100] {logging_mixin.py:188} INFO - [2025-03-06T14:44:45.233+0100] {dag.py:3036} INFO - Sync 1 DAGs
[2025-03-06T14:44:45.262+0100] {logging_mixin.py:188} INFO - [2025-03-06T14:44:45.261+0100] {dag.py:3823} INFO - Setting next_dagrun for example_weekday_branch_operator to 2025-03-05 00:00:00+00:00, run_after=2025-03-06 00:00:00+00:00
[2025-03-06T14:44:45.290+0100] {processor.py:183} INFO - Processing /home/philip/de_engineering/airflow_projects/airflow1/venv/lib/python3.10/site-packages/airflow/example_dags/example_branch_day_of_week_operator.py took 0.094 seconds
[2025-03-06T14:45:41.362+0100] {processor.py:161} INFO - Started process (PID=10229) to work on /home/philip/de_engineering/airflow_projects/airflow1/venv/lib/python3.10/site-packages/airflow/example_dags/example_branch_day_of_week_operator.py
[2025-03-06T14:45:41.364+0100] {processor.py:830} INFO - Processing file /home/philip/de_engineering/airflow_projects/airflow1/venv/lib/python3.10/site-packages/airflow/example_dags/example_branch_day_of_week_operator.py for tasks to queue
[2025-03-06T14:45:41.366+0100] {logging_mixin.py:188} INFO - [2025-03-06T14:45:41.365+0100] {dagbag.py:538} INFO - Filling up the DagBag from /home/philip/de_engineering/airflow_projects/airflow1/venv/lib/python3.10/site-packages/airflow/example_dags/example_branch_day_of_week_operator.py
[2025-03-06T14:45:41.377+0100] {processor.py:840} INFO - DAG(s) 'example_weekday_branch_operator' retrieved from /home/philip/de_engineering/airflow_projects/airflow1/venv/lib/python3.10/site-packages/airflow/example_dags/example_branch_day_of_week_operator.py
[2025-03-06T14:45:41.491+0100] {logging_mixin.py:188} INFO - [2025-03-06T14:45:41.490+0100] {dag.py:3036} INFO - Sync 1 DAGs
[2025-03-06T14:45:41.546+0100] {logging_mixin.py:188} INFO - [2025-03-06T14:45:41.546+0100] {dag.py:3823} INFO - Setting next_dagrun for example_weekday_branch_operator to 2025-03-05 00:00:00+00:00, run_after=2025-03-06 00:00:00+00:00
[2025-03-06T14:45:41.589+0100] {processor.py:183} INFO - Processing /home/philip/de_engineering/airflow_projects/airflow1/venv/lib/python3.10/site-packages/airflow/example_dags/example_branch_day_of_week_operator.py took 0.231 seconds
[2025-03-06T14:46:24.878+0100] {processor.py:161} INFO - Started process (PID=10274) to work on /home/philip/de_engineering/airflow_projects/airflow1/venv/lib/python3.10/site-packages/airflow/example_dags/example_branch_day_of_week_operator.py
[2025-03-06T14:46:24.880+0100] {processor.py:830} INFO - Processing file /home/philip/de_engineering/airflow_projects/airflow1/venv/lib/python3.10/site-packages/airflow/example_dags/example_branch_day_of_week_operator.py for tasks to queue
[2025-03-06T14:46:24.880+0100] {logging_mixin.py:188} INFO - [2025-03-06T14:46:24.880+0100] {dagbag.py:538} INFO - Filling up the DagBag from /home/philip/de_engineering/airflow_projects/airflow1/venv/lib/python3.10/site-packages/airflow/example_dags/example_branch_day_of_week_operator.py
[2025-03-06T14:46:24.887+0100] {processor.py:840} INFO - DAG(s) 'example_weekday_branch_operator' retrieved from /home/philip/de_engineering/airflow_projects/airflow1/venv/lib/python3.10/site-packages/airflow/example_dags/example_branch_day_of_week_operator.py
[2025-03-06T14:46:24.901+0100] {logging_mixin.py:188} INFO - [2025-03-06T14:46:24.901+0100] {dag.py:3036} INFO - Sync 1 DAGs
[2025-03-06T14:46:24.919+0100] {logging_mixin.py:188} INFO - [2025-03-06T14:46:24.919+0100] {dag.py:3823} INFO - Setting next_dagrun for example_weekday_branch_operator to 2025-03-05 00:00:00+00:00, run_after=2025-03-06 00:00:00+00:00
[2025-03-06T14:46:24.953+0100] {processor.py:183} INFO - Processing /home/philip/de_engineering/airflow_projects/airflow1/venv/lib/python3.10/site-packages/airflow/example_dags/example_branch_day_of_week_operator.py took 0.079 seconds
