[2025-03-06T14:43:15.334+0100] {processor.py:161} INFO - Started process (PID=10075) to work on /home/philip/de_engineering/airflow_projects/airflow1/venv/lib/python3.10/site-packages/airflow/example_dags/example_short_circuit_operator.py
[2025-03-06T14:43:15.335+0100] {processor.py:830} INFO - Processing file /home/philip/de_engineering/airflow_projects/airflow1/venv/lib/python3.10/site-packages/airflow/example_dags/example_short_circuit_operator.py for tasks to queue
[2025-03-06T14:43:15.336+0100] {logging_mixin.py:188} INFO - [2025-03-06T14:43:15.336+0100] {dagbag.py:538} INFO - Filling up the DagBag from /home/philip/de_engineering/airflow_projects/airflow1/venv/lib/python3.10/site-packages/airflow/example_dags/example_short_circuit_operator.py
[2025-03-06T14:43:15.345+0100] {processor.py:840} INFO - DAG(s) 'example_short_circuit_operator' retrieved from /home/philip/de_engineering/airflow_projects/airflow1/venv/lib/python3.10/site-packages/airflow/example_dags/example_short_circuit_operator.py
[2025-03-06T14:43:15.457+0100] {logging_mixin.py:188} INFO - [2025-03-06T14:43:15.457+0100] {override.py:1769} INFO - Created Permission View: can read on DAG:example_short_circuit_operator
[2025-03-06T14:43:15.485+0100] {logging_mixin.py:188} INFO - [2025-03-06T14:43:15.484+0100] {override.py:1769} INFO - Created Permission View: can delete on DAG:example_short_circuit_operator
[2025-03-06T14:43:15.505+0100] {logging_mixin.py:188} INFO - [2025-03-06T14:43:15.504+0100] {override.py:1769} INFO - Created Permission View: can edit on DAG:example_short_circuit_operator
[2025-03-06T14:43:15.505+0100] {logging_mixin.py:188} INFO - [2025-03-06T14:43:15.505+0100] {dag.py:3036} INFO - Sync 1 DAGs
[2025-03-06T14:43:15.516+0100] {logging_mixin.py:188} INFO - [2025-03-06T14:43:15.516+0100] {dag.py:3058} INFO - Creating ORM DAG for example_short_circuit_operator
[2025-03-06T14:43:15.525+0100] {logging_mixin.py:188} INFO - [2025-03-06T14:43:15.525+0100] {dag.py:3823} INFO - Setting next_dagrun for example_short_circuit_operator to 2025-03-05 00:00:00+00:00, run_after=2025-03-06 00:00:00+00:00
[2025-03-06T14:43:15.567+0100] {processor.py:183} INFO - Processing /home/philip/de_engineering/airflow_projects/airflow1/venv/lib/python3.10/site-packages/airflow/example_dags/example_short_circuit_operator.py took 0.235 seconds
[2025-03-06T14:44:06.306+0100] {processor.py:161} INFO - Started process (PID=10125) to work on /home/philip/de_engineering/airflow_projects/airflow1/venv/lib/python3.10/site-packages/airflow/example_dags/example_short_circuit_operator.py
[2025-03-06T14:44:06.309+0100] {processor.py:830} INFO - Processing file /home/philip/de_engineering/airflow_projects/airflow1/venv/lib/python3.10/site-packages/airflow/example_dags/example_short_circuit_operator.py for tasks to queue
[2025-03-06T14:44:06.311+0100] {logging_mixin.py:188} INFO - [2025-03-06T14:44:06.310+0100] {dagbag.py:538} INFO - Filling up the DagBag from /home/philip/de_engineering/airflow_projects/airflow1/venv/lib/python3.10/site-packages/airflow/example_dags/example_short_circuit_operator.py
[2025-03-06T14:44:06.321+0100] {processor.py:840} INFO - DAG(s) 'example_short_circuit_operator' retrieved from /home/philip/de_engineering/airflow_projects/airflow1/venv/lib/python3.10/site-packages/airflow/example_dags/example_short_circuit_operator.py
[2025-03-06T14:44:06.337+0100] {logging_mixin.py:188} INFO - [2025-03-06T14:44:06.336+0100] {dag.py:3036} INFO - Sync 1 DAGs
[2025-03-06T14:44:06.353+0100] {logging_mixin.py:188} INFO - [2025-03-06T14:44:06.353+0100] {dag.py:3823} INFO - Setting next_dagrun for example_short_circuit_operator to 2025-03-05 00:00:00+00:00, run_after=2025-03-06 00:00:00+00:00
[2025-03-06T14:44:06.384+0100] {processor.py:183} INFO - Processing /home/philip/de_engineering/airflow_projects/airflow1/venv/lib/python3.10/site-packages/airflow/example_dags/example_short_circuit_operator.py took 0.084 seconds
[2025-03-06T14:45:01.030+0100] {processor.py:161} INFO - Started process (PID=10186) to work on /home/philip/de_engineering/airflow_projects/airflow1/venv/lib/python3.10/site-packages/airflow/example_dags/example_short_circuit_operator.py
[2025-03-06T14:45:01.067+0100] {processor.py:830} INFO - Processing file /home/philip/de_engineering/airflow_projects/airflow1/venv/lib/python3.10/site-packages/airflow/example_dags/example_short_circuit_operator.py for tasks to queue
[2025-03-06T14:45:01.068+0100] {logging_mixin.py:188} INFO - [2025-03-06T14:45:01.068+0100] {dagbag.py:538} INFO - Filling up the DagBag from /home/philip/de_engineering/airflow_projects/airflow1/venv/lib/python3.10/site-packages/airflow/example_dags/example_short_circuit_operator.py
[2025-03-06T14:45:01.080+0100] {processor.py:840} INFO - DAG(s) 'example_short_circuit_operator' retrieved from /home/philip/de_engineering/airflow_projects/airflow1/venv/lib/python3.10/site-packages/airflow/example_dags/example_short_circuit_operator.py
[2025-03-06T14:45:01.098+0100] {logging_mixin.py:188} INFO - [2025-03-06T14:45:01.098+0100] {dag.py:3036} INFO - Sync 1 DAGs
[2025-03-06T14:45:01.122+0100] {logging_mixin.py:188} INFO - [2025-03-06T14:45:01.121+0100] {dag.py:3823} INFO - Setting next_dagrun for example_short_circuit_operator to 2025-03-05 00:00:00+00:00, run_after=2025-03-06 00:00:00+00:00
[2025-03-06T14:45:01.155+0100] {processor.py:183} INFO - Processing /home/philip/de_engineering/airflow_projects/airflow1/venv/lib/python3.10/site-packages/airflow/example_dags/example_short_circuit_operator.py took 0.129 seconds
[2025-03-06T14:45:51.782+0100] {processor.py:161} INFO - Started process (PID=10239) to work on /home/philip/de_engineering/airflow_projects/airflow1/venv/lib/python3.10/site-packages/airflow/example_dags/example_short_circuit_operator.py
[2025-03-06T14:45:51.811+0100] {processor.py:830} INFO - Processing file /home/philip/de_engineering/airflow_projects/airflow1/venv/lib/python3.10/site-packages/airflow/example_dags/example_short_circuit_operator.py for tasks to queue
[2025-03-06T14:45:51.813+0100] {logging_mixin.py:188} INFO - [2025-03-06T14:45:51.812+0100] {dagbag.py:538} INFO - Filling up the DagBag from /home/philip/de_engineering/airflow_projects/airflow1/venv/lib/python3.10/site-packages/airflow/example_dags/example_short_circuit_operator.py
[2025-03-06T14:45:51.822+0100] {processor.py:840} INFO - DAG(s) 'example_short_circuit_operator' retrieved from /home/philip/de_engineering/airflow_projects/airflow1/venv/lib/python3.10/site-packages/airflow/example_dags/example_short_circuit_operator.py
[2025-03-06T14:45:51.845+0100] {logging_mixin.py:188} INFO - [2025-03-06T14:45:51.845+0100] {dag.py:3036} INFO - Sync 1 DAGs
[2025-03-06T14:45:51.872+0100] {logging_mixin.py:188} INFO - [2025-03-06T14:45:51.872+0100] {dag.py:3823} INFO - Setting next_dagrun for example_short_circuit_operator to 2025-03-05 00:00:00+00:00, run_after=2025-03-06 00:00:00+00:00
[2025-03-06T14:45:51.912+0100] {processor.py:183} INFO - Processing /home/philip/de_engineering/airflow_projects/airflow1/venv/lib/python3.10/site-packages/airflow/example_dags/example_short_circuit_operator.py took 0.136 seconds
