[2025-03-06T14:43:22.545+0100] {processor.py:161} INFO - Started process (PID=10081) to work on /home/philip/de_engineering/airflow_projects/airflow1/venv/lib/python3.10/site-packages/airflow/example_dags/example_external_task_marker_dag.py
[2025-03-06T14:43:22.546+0100] {processor.py:830} INFO - Processing file /home/philip/de_engineering/airflow_projects/airflow1/venv/lib/python3.10/site-packages/airflow/example_dags/example_external_task_marker_dag.py for tasks to queue
[2025-03-06T14:43:22.547+0100] {logging_mixin.py:188} INFO - [2025-03-06T14:43:22.546+0100] {dagbag.py:538} INFO - Filling up the DagBag from /home/philip/de_engineering/airflow_projects/airflow1/venv/lib/python3.10/site-packages/airflow/example_dags/example_external_task_marker_dag.py
[2025-03-06T14:43:22.555+0100] {processor.py:840} INFO - DAG(s) 'example_external_task_marker_child', 'example_external_task_marker_parent' retrieved from /home/philip/de_engineering/airflow_projects/airflow1/venv/lib/python3.10/site-packages/airflow/example_dags/example_external_task_marker_dag.py
[2025-03-06T14:43:22.691+0100] {logging_mixin.py:188} INFO - [2025-03-06T14:43:22.691+0100] {override.py:1769} INFO - Created Permission View: can read on DAG:example_external_task_marker_child
[2025-03-06T14:43:22.713+0100] {logging_mixin.py:188} INFO - [2025-03-06T14:43:22.713+0100] {override.py:1769} INFO - Created Permission View: can delete on DAG:example_external_task_marker_child
[2025-03-06T14:43:22.733+0100] {logging_mixin.py:188} INFO - [2025-03-06T14:43:22.733+0100] {override.py:1769} INFO - Created Permission View: can edit on DAG:example_external_task_marker_child
[2025-03-06T14:43:22.776+0100] {logging_mixin.py:188} INFO - [2025-03-06T14:43:22.776+0100] {override.py:1769} INFO - Created Permission View: can read on DAG:example_external_task_marker_parent
[2025-03-06T14:43:22.795+0100] {logging_mixin.py:188} INFO - [2025-03-06T14:43:22.795+0100] {override.py:1769} INFO - Created Permission View: can delete on DAG:example_external_task_marker_parent
[2025-03-06T14:43:22.814+0100] {logging_mixin.py:188} INFO - [2025-03-06T14:43:22.814+0100] {override.py:1769} INFO - Created Permission View: can edit on DAG:example_external_task_marker_parent
[2025-03-06T14:43:22.815+0100] {logging_mixin.py:188} INFO - [2025-03-06T14:43:22.814+0100] {dag.py:3036} INFO - Sync 2 DAGs
[2025-03-06T14:43:22.825+0100] {logging_mixin.py:188} INFO - [2025-03-06T14:43:22.825+0100] {dag.py:3058} INFO - Creating ORM DAG for example_external_task_marker_child
[2025-03-06T14:43:22.826+0100] {logging_mixin.py:188} INFO - [2025-03-06T14:43:22.826+0100] {dag.py:3058} INFO - Creating ORM DAG for example_external_task_marker_parent
[2025-03-06T14:43:22.826+0100] {logging_mixin.py:188} INFO - [2025-03-06T14:43:22.826+0100] {dag.py:3823} INFO - Setting next_dagrun for example_external_task_marker_child to None, run_after=None
[2025-03-06T14:43:22.827+0100] {logging_mixin.py:188} INFO - [2025-03-06T14:43:22.827+0100] {dag.py:3823} INFO - Setting next_dagrun for example_external_task_marker_parent to None, run_after=None
[2025-03-06T14:43:22.863+0100] {processor.py:183} INFO - Processing /home/philip/de_engineering/airflow_projects/airflow1/venv/lib/python3.10/site-packages/airflow/example_dags/example_external_task_marker_dag.py took 0.321 seconds
[2025-03-06T14:44:13.273+0100] {processor.py:161} INFO - Started process (PID=10131) to work on /home/philip/de_engineering/airflow_projects/airflow1/venv/lib/python3.10/site-packages/airflow/example_dags/example_external_task_marker_dag.py
[2025-03-06T14:44:13.275+0100] {processor.py:830} INFO - Processing file /home/philip/de_engineering/airflow_projects/airflow1/venv/lib/python3.10/site-packages/airflow/example_dags/example_external_task_marker_dag.py for tasks to queue
[2025-03-06T14:44:13.276+0100] {logging_mixin.py:188} INFO - [2025-03-06T14:44:13.275+0100] {dagbag.py:538} INFO - Filling up the DagBag from /home/philip/de_engineering/airflow_projects/airflow1/venv/lib/python3.10/site-packages/airflow/example_dags/example_external_task_marker_dag.py
[2025-03-06T14:44:13.282+0100] {processor.py:840} INFO - DAG(s) 'example_external_task_marker_child', 'example_external_task_marker_parent' retrieved from /home/philip/de_engineering/airflow_projects/airflow1/venv/lib/python3.10/site-packages/airflow/example_dags/example_external_task_marker_dag.py
[2025-03-06T14:44:13.299+0100] {logging_mixin.py:188} INFO - [2025-03-06T14:44:13.299+0100] {dag.py:3036} INFO - Sync 2 DAGs
[2025-03-06T14:44:13.308+0100] {logging_mixin.py:188} INFO - [2025-03-06T14:44:13.307+0100] {dag.py:3823} INFO - Setting next_dagrun for example_external_task_marker_child to None, run_after=None
[2025-03-06T14:44:13.311+0100] {logging_mixin.py:188} INFO - [2025-03-06T14:44:13.311+0100] {dag.py:3823} INFO - Setting next_dagrun for example_external_task_marker_parent to None, run_after=None
[2025-03-06T14:44:13.340+0100] {processor.py:183} INFO - Processing /home/philip/de_engineering/airflow_projects/airflow1/venv/lib/python3.10/site-packages/airflow/example_dags/example_external_task_marker_dag.py took 0.070 seconds
[2025-03-06T14:45:07.791+0100] {processor.py:161} INFO - Started process (PID=10192) to work on /home/philip/de_engineering/airflow_projects/airflow1/venv/lib/python3.10/site-packages/airflow/example_dags/example_external_task_marker_dag.py
[2025-03-06T14:45:07.842+0100] {processor.py:830} INFO - Processing file /home/philip/de_engineering/airflow_projects/airflow1/venv/lib/python3.10/site-packages/airflow/example_dags/example_external_task_marker_dag.py for tasks to queue
[2025-03-06T14:45:07.844+0100] {logging_mixin.py:188} INFO - [2025-03-06T14:45:07.843+0100] {dagbag.py:538} INFO - Filling up the DagBag from /home/philip/de_engineering/airflow_projects/airflow1/venv/lib/python3.10/site-packages/airflow/example_dags/example_external_task_marker_dag.py
[2025-03-06T14:45:07.855+0100] {processor.py:840} INFO - DAG(s) 'example_external_task_marker_child', 'example_external_task_marker_parent' retrieved from /home/philip/de_engineering/airflow_projects/airflow1/venv/lib/python3.10/site-packages/airflow/example_dags/example_external_task_marker_dag.py
[2025-03-06T14:45:07.875+0100] {logging_mixin.py:188} INFO - [2025-03-06T14:45:07.875+0100] {dag.py:3036} INFO - Sync 2 DAGs
[2025-03-06T14:45:07.889+0100] {logging_mixin.py:188} INFO - [2025-03-06T14:45:07.889+0100] {dag.py:3823} INFO - Setting next_dagrun for example_external_task_marker_child to None, run_after=None
[2025-03-06T14:45:07.893+0100] {logging_mixin.py:188} INFO - [2025-03-06T14:45:07.893+0100] {dag.py:3823} INFO - Setting next_dagrun for example_external_task_marker_parent to None, run_after=None
[2025-03-06T14:45:07.934+0100] {processor.py:183} INFO - Processing /home/philip/de_engineering/airflow_projects/airflow1/venv/lib/python3.10/site-packages/airflow/example_dags/example_external_task_marker_dag.py took 0.146 seconds
[2025-03-06T14:46:08.346+0100] {processor.py:161} INFO - Started process (PID=10257) to work on /home/philip/de_engineering/airflow_projects/airflow1/venv/lib/python3.10/site-packages/airflow/example_dags/example_external_task_marker_dag.py
[2025-03-06T14:46:08.349+0100] {processor.py:830} INFO - Processing file /home/philip/de_engineering/airflow_projects/airflow1/venv/lib/python3.10/site-packages/airflow/example_dags/example_external_task_marker_dag.py for tasks to queue
[2025-03-06T14:46:08.352+0100] {logging_mixin.py:188} INFO - [2025-03-06T14:46:08.350+0100] {dagbag.py:538} INFO - Filling up the DagBag from /home/philip/de_engineering/airflow_projects/airflow1/venv/lib/python3.10/site-packages/airflow/example_dags/example_external_task_marker_dag.py
[2025-03-06T14:46:08.363+0100] {processor.py:840} INFO - DAG(s) 'example_external_task_marker_parent', 'example_external_task_marker_child' retrieved from /home/philip/de_engineering/airflow_projects/airflow1/venv/lib/python3.10/site-packages/airflow/example_dags/example_external_task_marker_dag.py
[2025-03-06T14:46:08.396+0100] {logging_mixin.py:188} INFO - [2025-03-06T14:46:08.396+0100] {dag.py:3036} INFO - Sync 2 DAGs
[2025-03-06T14:46:08.415+0100] {logging_mixin.py:188} INFO - [2025-03-06T14:46:08.414+0100] {dag.py:3823} INFO - Setting next_dagrun for example_external_task_marker_child to None, run_after=None
[2025-03-06T14:46:08.418+0100] {logging_mixin.py:188} INFO - [2025-03-06T14:46:08.418+0100] {dag.py:3823} INFO - Setting next_dagrun for example_external_task_marker_parent to None, run_after=None
[2025-03-06T14:46:08.456+0100] {processor.py:183} INFO - Processing /home/philip/de_engineering/airflow_projects/airflow1/venv/lib/python3.10/site-packages/airflow/example_dags/example_external_task_marker_dag.py took 0.118 seconds
