[2025-03-06T14:42:37.173+0100] {processor.py:161} INFO - Started process (PID=10041) to work on /home/philip/de_engineering/airflow_projects/airflow1/venv/lib/python3.10/site-packages/airflow/example_dags/example_task_group.py
[2025-03-06T14:42:37.176+0100] {processor.py:830} INFO - Processing file /home/philip/de_engineering/airflow_projects/airflow1/venv/lib/python3.10/site-packages/airflow/example_dags/example_task_group.py for tasks to queue
[2025-03-06T14:42:37.177+0100] {logging_mixin.py:188} INFO - [2025-03-06T14:42:37.177+0100] {dagbag.py:538} INFO - Filling up the DagBag from /home/philip/de_engineering/airflow_projects/airflow1/venv/lib/python3.10/site-packages/airflow/example_dags/example_task_group.py
[2025-03-06T14:42:37.207+0100] {processor.py:840} INFO - DAG(s) 'example_task_group' retrieved from /home/philip/de_engineering/airflow_projects/airflow1/venv/lib/python3.10/site-packages/airflow/example_dags/example_task_group.py
[2025-03-06T14:42:37.485+0100] {logging_mixin.py:188} INFO - [2025-03-06T14:42:37.485+0100] {override.py:1769} INFO - Created Permission View: can read on DAG:example_task_group
[2025-03-06T14:42:37.508+0100] {logging_mixin.py:188} INFO - [2025-03-06T14:42:37.507+0100] {override.py:1769} INFO - Created Permission View: can delete on DAG:example_task_group
[2025-03-06T14:42:37.529+0100] {logging_mixin.py:188} INFO - [2025-03-06T14:42:37.528+0100] {override.py:1769} INFO - Created Permission View: can edit on DAG:example_task_group
[2025-03-06T14:42:37.529+0100] {logging_mixin.py:188} INFO - [2025-03-06T14:42:37.529+0100] {dag.py:3036} INFO - Sync 1 DAGs
[2025-03-06T14:42:37.543+0100] {logging_mixin.py:188} INFO - [2025-03-06T14:42:37.543+0100] {dag.py:3058} INFO - Creating ORM DAG for example_task_group
[2025-03-06T14:42:37.556+0100] {logging_mixin.py:188} INFO - [2025-03-06T14:42:37.555+0100] {dag.py:3823} INFO - Setting next_dagrun for example_task_group to 2025-03-05 00:00:00+00:00, run_after=2025-03-06 00:00:00+00:00
[2025-03-06T14:42:37.584+0100] {processor.py:183} INFO - Processing /home/philip/de_engineering/airflow_projects/airflow1/venv/lib/python3.10/site-packages/airflow/example_dags/example_task_group.py took 0.418 seconds
[2025-03-06T14:43:35.261+0100] {processor.py:161} INFO - Started process (PID=10092) to work on /home/philip/de_engineering/airflow_projects/airflow1/venv/lib/python3.10/site-packages/airflow/example_dags/example_task_group.py
[2025-03-06T14:43:35.263+0100] {processor.py:830} INFO - Processing file /home/philip/de_engineering/airflow_projects/airflow1/venv/lib/python3.10/site-packages/airflow/example_dags/example_task_group.py for tasks to queue
[2025-03-06T14:43:35.265+0100] {logging_mixin.py:188} INFO - [2025-03-06T14:43:35.264+0100] {dagbag.py:538} INFO - Filling up the DagBag from /home/philip/de_engineering/airflow_projects/airflow1/venv/lib/python3.10/site-packages/airflow/example_dags/example_task_group.py
[2025-03-06T14:43:35.278+0100] {processor.py:840} INFO - DAG(s) 'example_task_group' retrieved from /home/philip/de_engineering/airflow_projects/airflow1/venv/lib/python3.10/site-packages/airflow/example_dags/example_task_group.py
[2025-03-06T14:43:35.305+0100] {logging_mixin.py:188} INFO - [2025-03-06T14:43:35.305+0100] {dag.py:3036} INFO - Sync 1 DAGs
[2025-03-06T14:43:35.334+0100] {logging_mixin.py:188} INFO - [2025-03-06T14:43:35.334+0100] {dag.py:3823} INFO - Setting next_dagrun for example_task_group to 2025-03-05 00:00:00+00:00, run_after=2025-03-06 00:00:00+00:00
[2025-03-06T14:43:35.385+0100] {processor.py:183} INFO - Processing /home/philip/de_engineering/airflow_projects/airflow1/venv/lib/python3.10/site-packages/airflow/example_dags/example_task_group.py took 0.129 seconds
[2025-03-06T14:44:17.268+0100] {processor.py:161} INFO - Started process (PID=10135) to work on /home/philip/de_engineering/airflow_projects/airflow1/venv/lib/python3.10/site-packages/airflow/example_dags/example_task_group.py
[2025-03-06T14:44:17.294+0100] {processor.py:830} INFO - Processing file /home/philip/de_engineering/airflow_projects/airflow1/venv/lib/python3.10/site-packages/airflow/example_dags/example_task_group.py for tasks to queue
[2025-03-06T14:44:17.295+0100] {logging_mixin.py:188} INFO - [2025-03-06T14:44:17.295+0100] {dagbag.py:538} INFO - Filling up the DagBag from /home/philip/de_engineering/airflow_projects/airflow1/venv/lib/python3.10/site-packages/airflow/example_dags/example_task_group.py
[2025-03-06T14:44:17.306+0100] {processor.py:840} INFO - DAG(s) 'example_task_group' retrieved from /home/philip/de_engineering/airflow_projects/airflow1/venv/lib/python3.10/site-packages/airflow/example_dags/example_task_group.py
[2025-03-06T14:44:17.326+0100] {logging_mixin.py:188} INFO - [2025-03-06T14:44:17.325+0100] {dag.py:3036} INFO - Sync 1 DAGs
[2025-03-06T14:44:17.347+0100] {logging_mixin.py:188} INFO - [2025-03-06T14:44:17.347+0100] {dag.py:3823} INFO - Setting next_dagrun for example_task_group to 2025-03-05 00:00:00+00:00, run_after=2025-03-06 00:00:00+00:00
[2025-03-06T14:44:17.374+0100] {processor.py:183} INFO - Processing /home/philip/de_engineering/airflow_projects/airflow1/venv/lib/python3.10/site-packages/airflow/example_dags/example_task_group.py took 0.109 seconds
[2025-03-06T14:44:54.092+0100] {processor.py:161} INFO - Started process (PID=10176) to work on /home/philip/de_engineering/airflow_projects/airflow1/venv/lib/python3.10/site-packages/airflow/example_dags/example_task_group.py
[2025-03-06T14:44:54.129+0100] {processor.py:830} INFO - Processing file /home/philip/de_engineering/airflow_projects/airflow1/venv/lib/python3.10/site-packages/airflow/example_dags/example_task_group.py for tasks to queue
[2025-03-06T14:44:54.131+0100] {logging_mixin.py:188} INFO - [2025-03-06T14:44:54.130+0100] {dagbag.py:538} INFO - Filling up the DagBag from /home/philip/de_engineering/airflow_projects/airflow1/venv/lib/python3.10/site-packages/airflow/example_dags/example_task_group.py
[2025-03-06T14:44:54.141+0100] {processor.py:840} INFO - DAG(s) 'example_task_group' retrieved from /home/philip/de_engineering/airflow_projects/airflow1/venv/lib/python3.10/site-packages/airflow/example_dags/example_task_group.py
[2025-03-06T14:44:54.160+0100] {logging_mixin.py:188} INFO - [2025-03-06T14:44:54.160+0100] {dag.py:3036} INFO - Sync 1 DAGs
[2025-03-06T14:44:54.185+0100] {logging_mixin.py:188} INFO - [2025-03-06T14:44:54.184+0100] {dag.py:3823} INFO - Setting next_dagrun for example_task_group to 2025-03-05 00:00:00+00:00, run_after=2025-03-06 00:00:00+00:00
[2025-03-06T14:44:54.228+0100] {processor.py:183} INFO - Processing /home/philip/de_engineering/airflow_projects/airflow1/venv/lib/python3.10/site-packages/airflow/example_dags/example_task_group.py took 0.140 seconds
[2025-03-06T14:45:32.203+0100] {processor.py:161} INFO - Started process (PID=10217) to work on /home/philip/de_engineering/airflow_projects/airflow1/venv/lib/python3.10/site-packages/airflow/example_dags/example_task_group.py
[2025-03-06T14:45:32.205+0100] {processor.py:830} INFO - Processing file /home/philip/de_engineering/airflow_projects/airflow1/venv/lib/python3.10/site-packages/airflow/example_dags/example_task_group.py for tasks to queue
[2025-03-06T14:45:32.206+0100] {logging_mixin.py:188} INFO - [2025-03-06T14:45:32.206+0100] {dagbag.py:538} INFO - Filling up the DagBag from /home/philip/de_engineering/airflow_projects/airflow1/venv/lib/python3.10/site-packages/airflow/example_dags/example_task_group.py
[2025-03-06T14:45:32.215+0100] {processor.py:840} INFO - DAG(s) 'example_task_group' retrieved from /home/philip/de_engineering/airflow_projects/airflow1/venv/lib/python3.10/site-packages/airflow/example_dags/example_task_group.py
[2025-03-06T14:45:32.235+0100] {logging_mixin.py:188} INFO - [2025-03-06T14:45:32.235+0100] {dag.py:3036} INFO - Sync 1 DAGs
[2025-03-06T14:45:32.258+0100] {logging_mixin.py:188} INFO - [2025-03-06T14:45:32.258+0100] {dag.py:3823} INFO - Setting next_dagrun for example_task_group to 2025-03-05 00:00:00+00:00, run_after=2025-03-06 00:00:00+00:00
[2025-03-06T14:45:32.299+0100] {processor.py:183} INFO - Processing /home/philip/de_engineering/airflow_projects/airflow1/venv/lib/python3.10/site-packages/airflow/example_dags/example_task_group.py took 0.100 seconds
[2025-03-06T14:46:13.000+0100] {processor.py:161} INFO - Started process (PID=10261) to work on /home/philip/de_engineering/airflow_projects/airflow1/venv/lib/python3.10/site-packages/airflow/example_dags/example_task_group.py
[2025-03-06T14:46:13.002+0100] {processor.py:830} INFO - Processing file /home/philip/de_engineering/airflow_projects/airflow1/venv/lib/python3.10/site-packages/airflow/example_dags/example_task_group.py for tasks to queue
[2025-03-06T14:46:13.004+0100] {logging_mixin.py:188} INFO - [2025-03-06T14:46:13.003+0100] {dagbag.py:538} INFO - Filling up the DagBag from /home/philip/de_engineering/airflow_projects/airflow1/venv/lib/python3.10/site-packages/airflow/example_dags/example_task_group.py
[2025-03-06T14:46:13.015+0100] {processor.py:840} INFO - DAG(s) 'example_task_group' retrieved from /home/philip/de_engineering/airflow_projects/airflow1/venv/lib/python3.10/site-packages/airflow/example_dags/example_task_group.py
[2025-03-06T14:46:13.036+0100] {logging_mixin.py:188} INFO - [2025-03-06T14:46:13.036+0100] {dag.py:3036} INFO - Sync 1 DAGs
[2025-03-06T14:46:13.063+0100] {logging_mixin.py:188} INFO - [2025-03-06T14:46:13.062+0100] {dag.py:3823} INFO - Setting next_dagrun for example_task_group to 2025-03-05 00:00:00+00:00, run_after=2025-03-06 00:00:00+00:00
[2025-03-06T14:46:13.103+0100] {processor.py:183} INFO - Processing /home/philip/de_engineering/airflow_projects/airflow1/venv/lib/python3.10/site-packages/airflow/example_dags/example_task_group.py took 0.108 seconds
