[2025-03-06T14:43:30.072+0100] {processor.py:161} INFO - Started process (PID=10088) to work on /home/philip/de_engineering/airflow_projects/airflow1/venv/lib/python3.10/site-packages/airflow/example_dags/example_params_trigger_ui.py
[2025-03-06T14:43:30.074+0100] {processor.py:830} INFO - Processing file /home/philip/de_engineering/airflow_projects/airflow1/venv/lib/python3.10/site-packages/airflow/example_dags/example_params_trigger_ui.py for tasks to queue
[2025-03-06T14:43:30.075+0100] {logging_mixin.py:188} INFO - [2025-03-06T14:43:30.074+0100] {dagbag.py:538} INFO - Filling up the DagBag from /home/philip/de_engineering/airflow_projects/airflow1/venv/lib/python3.10/site-packages/airflow/example_dags/example_params_trigger_ui.py
[2025-03-06T14:43:30.089+0100] {processor.py:840} INFO - DAG(s) 'example_params_trigger_ui' retrieved from /home/philip/de_engineering/airflow_projects/airflow1/venv/lib/python3.10/site-packages/airflow/example_dags/example_params_trigger_ui.py
[2025-03-06T14:43:30.218+0100] {logging_mixin.py:188} INFO - [2025-03-06T14:43:30.217+0100] {override.py:1769} INFO - Created Permission View: can read on DAG:example_params_trigger_ui
[2025-03-06T14:43:30.241+0100] {logging_mixin.py:188} INFO - [2025-03-06T14:43:30.240+0100] {override.py:1769} INFO - Created Permission View: can delete on DAG:example_params_trigger_ui
[2025-03-06T14:43:30.263+0100] {logging_mixin.py:188} INFO - [2025-03-06T14:43:30.263+0100] {override.py:1769} INFO - Created Permission View: can edit on DAG:example_params_trigger_ui
[2025-03-06T14:43:30.263+0100] {logging_mixin.py:188} INFO - [2025-03-06T14:43:30.263+0100] {dag.py:3036} INFO - Sync 1 DAGs
[2025-03-06T14:43:30.273+0100] {logging_mixin.py:188} INFO - [2025-03-06T14:43:30.273+0100] {dag.py:3058} INFO - Creating ORM DAG for example_params_trigger_ui
[2025-03-06T14:43:30.273+0100] {logging_mixin.py:188} INFO - [2025-03-06T14:43:30.273+0100] {dag.py:3823} INFO - Setting next_dagrun for example_params_trigger_ui to None, run_after=None
[2025-03-06T14:43:30.307+0100] {processor.py:183} INFO - Processing /home/philip/de_engineering/airflow_projects/airflow1/venv/lib/python3.10/site-packages/airflow/example_dags/example_params_trigger_ui.py took 0.239 seconds
[2025-03-06T14:44:33.312+0100] {processor.py:161} INFO - Started process (PID=10153) to work on /home/philip/de_engineering/airflow_projects/airflow1/venv/lib/python3.10/site-packages/airflow/example_dags/example_params_trigger_ui.py
[2025-03-06T14:44:33.356+0100] {processor.py:830} INFO - Processing file /home/philip/de_engineering/airflow_projects/airflow1/venv/lib/python3.10/site-packages/airflow/example_dags/example_params_trigger_ui.py for tasks to queue
[2025-03-06T14:44:33.358+0100] {logging_mixin.py:188} INFO - [2025-03-06T14:44:33.357+0100] {dagbag.py:538} INFO - Filling up the DagBag from /home/philip/de_engineering/airflow_projects/airflow1/venv/lib/python3.10/site-packages/airflow/example_dags/example_params_trigger_ui.py
[2025-03-06T14:44:33.376+0100] {processor.py:840} INFO - DAG(s) 'example_params_trigger_ui' retrieved from /home/philip/de_engineering/airflow_projects/airflow1/venv/lib/python3.10/site-packages/airflow/example_dags/example_params_trigger_ui.py
[2025-03-06T14:44:33.413+0100] {logging_mixin.py:188} INFO - [2025-03-06T14:44:33.413+0100] {dag.py:3036} INFO - Sync 1 DAGs
[2025-03-06T14:44:33.422+0100] {logging_mixin.py:188} INFO - [2025-03-06T14:44:33.422+0100] {dag.py:3823} INFO - Setting next_dagrun for example_params_trigger_ui to None, run_after=None
[2025-03-06T14:44:33.451+0100] {processor.py:183} INFO - Processing /home/philip/de_engineering/airflow_projects/airflow1/venv/lib/python3.10/site-packages/airflow/example_dags/example_params_trigger_ui.py took 0.142 seconds
[2025-03-06T14:45:28.244+0100] {processor.py:161} INFO - Started process (PID=10213) to work on /home/philip/de_engineering/airflow_projects/airflow1/venv/lib/python3.10/site-packages/airflow/example_dags/example_params_trigger_ui.py
[2025-03-06T14:45:28.257+0100] {processor.py:830} INFO - Processing file /home/philip/de_engineering/airflow_projects/airflow1/venv/lib/python3.10/site-packages/airflow/example_dags/example_params_trigger_ui.py for tasks to queue
[2025-03-06T14:45:28.258+0100] {logging_mixin.py:188} INFO - [2025-03-06T14:45:28.257+0100] {dagbag.py:538} INFO - Filling up the DagBag from /home/philip/de_engineering/airflow_projects/airflow1/venv/lib/python3.10/site-packages/airflow/example_dags/example_params_trigger_ui.py
[2025-03-06T14:45:28.271+0100] {processor.py:840} INFO - DAG(s) 'example_params_trigger_ui' retrieved from /home/philip/de_engineering/airflow_projects/airflow1/venv/lib/python3.10/site-packages/airflow/example_dags/example_params_trigger_ui.py
[2025-03-06T14:45:28.305+0100] {logging_mixin.py:188} INFO - [2025-03-06T14:45:28.305+0100] {dag.py:3036} INFO - Sync 1 DAGs
[2025-03-06T14:45:28.315+0100] {logging_mixin.py:188} INFO - [2025-03-06T14:45:28.315+0100] {dag.py:3823} INFO - Setting next_dagrun for example_params_trigger_ui to None, run_after=None
[2025-03-06T14:45:28.352+0100] {processor.py:183} INFO - Processing /home/philip/de_engineering/airflow_projects/airflow1/venv/lib/python3.10/site-packages/airflow/example_dags/example_params_trigger_ui.py took 0.111 seconds
[2025-03-06T14:46:27.867+0100] {processor.py:161} INFO - Started process (PID=10278) to work on /home/philip/de_engineering/airflow_projects/airflow1/venv/lib/python3.10/site-packages/airflow/example_dags/example_params_trigger_ui.py
[2025-03-06T14:46:27.869+0100] {processor.py:830} INFO - Processing file /home/philip/de_engineering/airflow_projects/airflow1/venv/lib/python3.10/site-packages/airflow/example_dags/example_params_trigger_ui.py for tasks to queue
[2025-03-06T14:46:27.870+0100] {logging_mixin.py:188} INFO - [2025-03-06T14:46:27.870+0100] {dagbag.py:538} INFO - Filling up the DagBag from /home/philip/de_engineering/airflow_projects/airflow1/venv/lib/python3.10/site-packages/airflow/example_dags/example_params_trigger_ui.py
[2025-03-06T14:46:27.888+0100] {processor.py:840} INFO - DAG(s) 'example_params_trigger_ui' retrieved from /home/philip/de_engineering/airflow_projects/airflow1/venv/lib/python3.10/site-packages/airflow/example_dags/example_params_trigger_ui.py
[2025-03-06T14:46:27.927+0100] {logging_mixin.py:188} INFO - [2025-03-06T14:46:27.927+0100] {dag.py:3036} INFO - Sync 1 DAGs
[2025-03-06T14:46:27.936+0100] {logging_mixin.py:188} INFO - [2025-03-06T14:46:27.936+0100] {dag.py:3823} INFO - Setting next_dagrun for example_params_trigger_ui to None, run_after=None
[2025-03-06T14:46:27.967+0100] {processor.py:183} INFO - Processing /home/philip/de_engineering/airflow_projects/airflow1/venv/lib/python3.10/site-packages/airflow/example_dags/example_params_trigger_ui.py took 0.104 seconds
