[2025-03-06T14:43:32.772+0100] {processor.py:161} INFO - Started process (PID=10090) to work on /home/philip/de_engineering/airflow_projects/airflow1/venv/lib/python3.10/site-packages/airflow/example_dags/example_sla_dag.py
[2025-03-06T14:43:32.773+0100] {processor.py:830} INFO - Processing file /home/philip/de_engineering/airflow_projects/airflow1/venv/lib/python3.10/site-packages/airflow/example_dags/example_sla_dag.py for tasks to queue
[2025-03-06T14:43:32.774+0100] {logging_mixin.py:188} INFO - [2025-03-06T14:43:32.774+0100] {dagbag.py:538} INFO - Filling up the DagBag from /home/philip/de_engineering/airflow_projects/airflow1/venv/lib/python3.10/site-packages/airflow/example_dags/example_sla_dag.py
[2025-03-06T14:43:32.782+0100] {processor.py:840} INFO - DAG(s) 'example_sla_dag' retrieved from /home/philip/de_engineering/airflow_projects/airflow1/venv/lib/python3.10/site-packages/airflow/example_dags/example_sla_dag.py
[2025-03-06T14:43:32.928+0100] {logging_mixin.py:188} INFO - [2025-03-06T14:43:32.928+0100] {override.py:1769} INFO - Created Permission View: can read on DAG:example_sla_dag
[2025-03-06T14:43:32.949+0100] {logging_mixin.py:188} INFO - [2025-03-06T14:43:32.948+0100] {override.py:1769} INFO - Created Permission View: can delete on DAG:example_sla_dag
[2025-03-06T14:43:32.971+0100] {logging_mixin.py:188} INFO - [2025-03-06T14:43:32.971+0100] {override.py:1769} INFO - Created Permission View: can edit on DAG:example_sla_dag
[2025-03-06T14:43:32.972+0100] {logging_mixin.py:188} INFO - [2025-03-06T14:43:32.971+0100] {dag.py:3036} INFO - Sync 1 DAGs
[2025-03-06T14:43:32.981+0100] {logging_mixin.py:188} INFO - [2025-03-06T14:43:32.981+0100] {dag.py:3058} INFO - Creating ORM DAG for example_sla_dag
[2025-03-06T14:43:32.991+0100] {logging_mixin.py:188} INFO - [2025-03-06T14:43:32.991+0100] {dag.py:3823} INFO - Setting next_dagrun for example_sla_dag to 2025-03-06 13:40:00+00:00, run_after=2025-03-06 13:42:00+00:00
[2025-03-06T14:43:33.023+0100] {processor.py:183} INFO - Processing /home/philip/de_engineering/airflow_projects/airflow1/venv/lib/python3.10/site-packages/airflow/example_dags/example_sla_dag.py took 0.257 seconds
[2025-03-06T14:44:34.548+0100] {processor.py:161} INFO - Started process (PID=10155) to work on /home/philip/de_engineering/airflow_projects/airflow1/venv/lib/python3.10/site-packages/airflow/example_dags/example_sla_dag.py
[2025-03-06T14:44:34.550+0100] {processor.py:830} INFO - Processing file /home/philip/de_engineering/airflow_projects/airflow1/venv/lib/python3.10/site-packages/airflow/example_dags/example_sla_dag.py for tasks to queue
[2025-03-06T14:44:34.552+0100] {logging_mixin.py:188} INFO - [2025-03-06T14:44:34.551+0100] {dagbag.py:538} INFO - Filling up the DagBag from /home/philip/de_engineering/airflow_projects/airflow1/venv/lib/python3.10/site-packages/airflow/example_dags/example_sla_dag.py
[2025-03-06T14:44:34.563+0100] {processor.py:840} INFO - DAG(s) 'example_sla_dag' retrieved from /home/philip/de_engineering/airflow_projects/airflow1/venv/lib/python3.10/site-packages/airflow/example_dags/example_sla_dag.py
[2025-03-06T14:44:34.582+0100] {logging_mixin.py:188} INFO - [2025-03-06T14:44:34.581+0100] {dag.py:3036} INFO - Sync 1 DAGs
[2025-03-06T14:44:34.607+0100] {logging_mixin.py:188} INFO - [2025-03-06T14:44:34.607+0100] {dag.py:3823} INFO - Setting next_dagrun for example_sla_dag to 2025-03-06 13:42:00+00:00, run_after=2025-03-06 13:44:00+00:00
[2025-03-06T14:44:34.646+0100] {processor.py:183} INFO - Processing /home/philip/de_engineering/airflow_projects/airflow1/venv/lib/python3.10/site-packages/airflow/example_dags/example_sla_dag.py took 0.102 seconds
[2025-03-06T14:45:29.883+0100] {processor.py:161} INFO - Started process (PID=10215) to work on /home/philip/de_engineering/airflow_projects/airflow1/venv/lib/python3.10/site-packages/airflow/example_dags/example_sla_dag.py
[2025-03-06T14:45:29.885+0100] {processor.py:830} INFO - Processing file /home/philip/de_engineering/airflow_projects/airflow1/venv/lib/python3.10/site-packages/airflow/example_dags/example_sla_dag.py for tasks to queue
[2025-03-06T14:45:29.886+0100] {logging_mixin.py:188} INFO - [2025-03-06T14:45:29.885+0100] {dagbag.py:538} INFO - Filling up the DagBag from /home/philip/de_engineering/airflow_projects/airflow1/venv/lib/python3.10/site-packages/airflow/example_dags/example_sla_dag.py
[2025-03-06T14:45:29.896+0100] {processor.py:840} INFO - DAG(s) 'example_sla_dag' retrieved from /home/philip/de_engineering/airflow_projects/airflow1/venv/lib/python3.10/site-packages/airflow/example_dags/example_sla_dag.py
[2025-03-06T14:45:29.910+0100] {logging_mixin.py:188} INFO - [2025-03-06T14:45:29.909+0100] {dag.py:3036} INFO - Sync 1 DAGs
[2025-03-06T14:45:29.927+0100] {logging_mixin.py:188} INFO - [2025-03-06T14:45:29.927+0100] {dag.py:3823} INFO - Setting next_dagrun for example_sla_dag to 2025-03-06 13:42:00+00:00, run_after=2025-03-06 13:44:00+00:00
[2025-03-06T14:45:29.961+0100] {processor.py:183} INFO - Processing /home/philip/de_engineering/airflow_projects/airflow1/venv/lib/python3.10/site-packages/airflow/example_dags/example_sla_dag.py took 0.082 seconds
[2025-03-06T14:46:30.272+0100] {processor.py:161} INFO - Started process (PID=10280) to work on /home/philip/de_engineering/airflow_projects/airflow1/venv/lib/python3.10/site-packages/airflow/example_dags/example_sla_dag.py
[2025-03-06T14:46:30.322+0100] {processor.py:830} INFO - Processing file /home/philip/de_engineering/airflow_projects/airflow1/venv/lib/python3.10/site-packages/airflow/example_dags/example_sla_dag.py for tasks to queue
[2025-03-06T14:46:30.323+0100] {logging_mixin.py:188} INFO - [2025-03-06T14:46:30.322+0100] {dagbag.py:538} INFO - Filling up the DagBag from /home/philip/de_engineering/airflow_projects/airflow1/venv/lib/python3.10/site-packages/airflow/example_dags/example_sla_dag.py
[2025-03-06T14:46:30.333+0100] {processor.py:840} INFO - DAG(s) 'example_sla_dag' retrieved from /home/philip/de_engineering/airflow_projects/airflow1/venv/lib/python3.10/site-packages/airflow/example_dags/example_sla_dag.py
[2025-03-06T14:46:30.352+0100] {logging_mixin.py:188} INFO - [2025-03-06T14:46:30.352+0100] {dag.py:3036} INFO - Sync 1 DAGs
[2025-03-06T14:46:30.379+0100] {logging_mixin.py:188} INFO - [2025-03-06T14:46:30.379+0100] {dag.py:3823} INFO - Setting next_dagrun for example_sla_dag to 2025-03-06 13:44:00+00:00, run_after=2025-03-06 13:46:00+00:00
[2025-03-06T14:46:30.426+0100] {processor.py:183} INFO - Processing /home/philip/de_engineering/airflow_projects/airflow1/venv/lib/python3.10/site-packages/airflow/example_dags/example_sla_dag.py took 0.157 seconds
