[2025-03-06T14:43:19.230+0100] {processor.py:161} INFO - Started process (PID=10078) to work on /home/philip/de_engineering/airflow_projects/airflow1/venv/lib/python3.10/site-packages/airflow/example_dags/example_dynamic_task_mapping.py
[2025-03-06T14:43:19.231+0100] {processor.py:830} INFO - Processing file /home/philip/de_engineering/airflow_projects/airflow1/venv/lib/python3.10/site-packages/airflow/example_dags/example_dynamic_task_mapping.py for tasks to queue
[2025-03-06T14:43:19.232+0100] {logging_mixin.py:188} INFO - [2025-03-06T14:43:19.232+0100] {dagbag.py:538} INFO - Filling up the DagBag from /home/philip/de_engineering/airflow_projects/airflow1/venv/lib/python3.10/site-packages/airflow/example_dags/example_dynamic_task_mapping.py
[2025-03-06T14:43:19.241+0100] {processor.py:840} INFO - DAG(s) 'example_dynamic_task_mapping' retrieved from /home/philip/de_engineering/airflow_projects/airflow1/venv/lib/python3.10/site-packages/airflow/example_dags/example_dynamic_task_mapping.py
[2025-03-06T14:43:19.389+0100] {logging_mixin.py:188} INFO - [2025-03-06T14:43:19.388+0100] {override.py:1769} INFO - Created Permission View: can read on DAG:example_dynamic_task_mapping
[2025-03-06T14:43:19.414+0100] {logging_mixin.py:188} INFO - [2025-03-06T14:43:19.413+0100] {override.py:1769} INFO - Created Permission View: can delete on DAG:example_dynamic_task_mapping
[2025-03-06T14:43:19.435+0100] {logging_mixin.py:188} INFO - [2025-03-06T14:43:19.435+0100] {override.py:1769} INFO - Created Permission View: can edit on DAG:example_dynamic_task_mapping
[2025-03-06T14:43:19.436+0100] {logging_mixin.py:188} INFO - [2025-03-06T14:43:19.436+0100] {dag.py:3036} INFO - Sync 1 DAGs
[2025-03-06T14:43:19.452+0100] {logging_mixin.py:188} INFO - [2025-03-06T14:43:19.451+0100] {dag.py:3058} INFO - Creating ORM DAG for example_dynamic_task_mapping
[2025-03-06T14:43:19.463+0100] {logging_mixin.py:188} INFO - [2025-03-06T14:43:19.463+0100] {dag.py:3823} INFO - Setting next_dagrun for example_dynamic_task_mapping to 2022-03-04 00:00:00+00:00, run_after=2022-03-05 00:00:00+00:00
[2025-03-06T14:43:19.500+0100] {processor.py:183} INFO - Processing /home/philip/de_engineering/airflow_projects/airflow1/venv/lib/python3.10/site-packages/airflow/example_dags/example_dynamic_task_mapping.py took 0.274 seconds
[2025-03-06T14:44:09.557+0100] {processor.py:161} INFO - Started process (PID=10128) to work on /home/philip/de_engineering/airflow_projects/airflow1/venv/lib/python3.10/site-packages/airflow/example_dags/example_dynamic_task_mapping.py
[2025-03-06T14:44:09.614+0100] {processor.py:830} INFO - Processing file /home/philip/de_engineering/airflow_projects/airflow1/venv/lib/python3.10/site-packages/airflow/example_dags/example_dynamic_task_mapping.py for tasks to queue
[2025-03-06T14:44:09.615+0100] {logging_mixin.py:188} INFO - [2025-03-06T14:44:09.615+0100] {dagbag.py:538} INFO - Filling up the DagBag from /home/philip/de_engineering/airflow_projects/airflow1/venv/lib/python3.10/site-packages/airflow/example_dags/example_dynamic_task_mapping.py
[2025-03-06T14:44:09.629+0100] {processor.py:840} INFO - DAG(s) 'example_dynamic_task_mapping' retrieved from /home/philip/de_engineering/airflow_projects/airflow1/venv/lib/python3.10/site-packages/airflow/example_dags/example_dynamic_task_mapping.py
[2025-03-06T14:44:09.646+0100] {logging_mixin.py:188} INFO - [2025-03-06T14:44:09.646+0100] {dag.py:3036} INFO - Sync 1 DAGs
[2025-03-06T14:44:09.667+0100] {logging_mixin.py:188} INFO - [2025-03-06T14:44:09.666+0100] {dag.py:3823} INFO - Setting next_dagrun for example_dynamic_task_mapping to 2022-03-04 00:00:00+00:00, run_after=2022-03-05 00:00:00+00:00
[2025-03-06T14:44:09.699+0100] {processor.py:183} INFO - Processing /home/philip/de_engineering/airflow_projects/airflow1/venv/lib/python3.10/site-packages/airflow/example_dags/example_dynamic_task_mapping.py took 0.146 seconds
[2025-03-06T14:45:04.892+0100] {processor.py:161} INFO - Started process (PID=10189) to work on /home/philip/de_engineering/airflow_projects/airflow1/venv/lib/python3.10/site-packages/airflow/example_dags/example_dynamic_task_mapping.py
[2025-03-06T14:45:04.936+0100] {processor.py:830} INFO - Processing file /home/philip/de_engineering/airflow_projects/airflow1/venv/lib/python3.10/site-packages/airflow/example_dags/example_dynamic_task_mapping.py for tasks to queue
[2025-03-06T14:45:04.937+0100] {logging_mixin.py:188} INFO - [2025-03-06T14:45:04.936+0100] {dagbag.py:538} INFO - Filling up the DagBag from /home/philip/de_engineering/airflow_projects/airflow1/venv/lib/python3.10/site-packages/airflow/example_dags/example_dynamic_task_mapping.py
[2025-03-06T14:45:04.943+0100] {processor.py:840} INFO - DAG(s) 'example_dynamic_task_mapping' retrieved from /home/philip/de_engineering/airflow_projects/airflow1/venv/lib/python3.10/site-packages/airflow/example_dags/example_dynamic_task_mapping.py
[2025-03-06T14:45:04.956+0100] {logging_mixin.py:188} INFO - [2025-03-06T14:45:04.955+0100] {dag.py:3036} INFO - Sync 1 DAGs
[2025-03-06T14:45:04.973+0100] {logging_mixin.py:188} INFO - [2025-03-06T14:45:04.973+0100] {dag.py:3823} INFO - Setting next_dagrun for example_dynamic_task_mapping to 2022-03-04 00:00:00+00:00, run_after=2022-03-05 00:00:00+00:00
[2025-03-06T14:45:05.006+0100] {processor.py:183} INFO - Processing /home/philip/de_engineering/airflow_projects/airflow1/venv/lib/python3.10/site-packages/airflow/example_dags/example_dynamic_task_mapping.py took 0.119 seconds
[2025-03-06T14:46:05.218+0100] {processor.py:161} INFO - Started process (PID=10254) to work on /home/philip/de_engineering/airflow_projects/airflow1/venv/lib/python3.10/site-packages/airflow/example_dags/example_dynamic_task_mapping.py
[2025-03-06T14:46:05.220+0100] {processor.py:830} INFO - Processing file /home/philip/de_engineering/airflow_projects/airflow1/venv/lib/python3.10/site-packages/airflow/example_dags/example_dynamic_task_mapping.py for tasks to queue
[2025-03-06T14:46:05.221+0100] {logging_mixin.py:188} INFO - [2025-03-06T14:46:05.220+0100] {dagbag.py:538} INFO - Filling up the DagBag from /home/philip/de_engineering/airflow_projects/airflow1/venv/lib/python3.10/site-packages/airflow/example_dags/example_dynamic_task_mapping.py
[2025-03-06T14:46:05.232+0100] {processor.py:840} INFO - DAG(s) 'example_dynamic_task_mapping' retrieved from /home/philip/de_engineering/airflow_projects/airflow1/venv/lib/python3.10/site-packages/airflow/example_dags/example_dynamic_task_mapping.py
[2025-03-06T14:46:05.254+0100] {logging_mixin.py:188} INFO - [2025-03-06T14:46:05.254+0100] {dag.py:3036} INFO - Sync 1 DAGs
[2025-03-06T14:46:05.277+0100] {logging_mixin.py:188} INFO - [2025-03-06T14:46:05.277+0100] {dag.py:3823} INFO - Setting next_dagrun for example_dynamic_task_mapping to 2022-03-04 00:00:00+00:00, run_after=2022-03-05 00:00:00+00:00
[2025-03-06T14:46:05.313+0100] {processor.py:183} INFO - Processing /home/philip/de_engineering/airflow_projects/airflow1/venv/lib/python3.10/site-packages/airflow/example_dags/example_dynamic_task_mapping.py took 0.099 seconds
