[2025-03-06T14:42:38.775+0100] {processor.py:161} INFO - Started process (PID=10042) to work on /home/philip/de_engineering/airflow_projects/airflow1/venv/lib/python3.10/site-packages/airflow/example_dags/example_trigger_target_dag.py
[2025-03-06T14:42:38.775+0100] {processor.py:830} INFO - Processing file /home/philip/de_engineering/airflow_projects/airflow1/venv/lib/python3.10/site-packages/airflow/example_dags/example_trigger_target_dag.py for tasks to queue
[2025-03-06T14:42:38.776+0100] {logging_mixin.py:188} INFO - [2025-03-06T14:42:38.776+0100] {dagbag.py:538} INFO - Filling up the DagBag from /home/philip/de_engineering/airflow_projects/airflow1/venv/lib/python3.10/site-packages/airflow/example_dags/example_trigger_target_dag.py
[2025-03-06T14:42:38.783+0100] {processor.py:840} INFO - DAG(s) 'example_trigger_target_dag' retrieved from /home/philip/de_engineering/airflow_projects/airflow1/venv/lib/python3.10/site-packages/airflow/example_dags/example_trigger_target_dag.py
[2025-03-06T14:42:38.974+0100] {logging_mixin.py:188} INFO - [2025-03-06T14:42:38.973+0100] {override.py:1769} INFO - Created Permission View: can read on DAG:example_trigger_target_dag
[2025-03-06T14:42:38.994+0100] {logging_mixin.py:188} INFO - [2025-03-06T14:42:38.994+0100] {override.py:1769} INFO - Created Permission View: can delete on DAG:example_trigger_target_dag
[2025-03-06T14:42:39.013+0100] {logging_mixin.py:188} INFO - [2025-03-06T14:42:39.013+0100] {override.py:1769} INFO - Created Permission View: can edit on DAG:example_trigger_target_dag
[2025-03-06T14:42:39.014+0100] {logging_mixin.py:188} INFO - [2025-03-06T14:42:39.014+0100] {dag.py:3036} INFO - Sync 1 DAGs
[2025-03-06T14:42:39.028+0100] {logging_mixin.py:188} INFO - [2025-03-06T14:42:39.028+0100] {dag.py:3058} INFO - Creating ORM DAG for example_trigger_target_dag
[2025-03-06T14:42:39.029+0100] {logging_mixin.py:188} INFO - [2025-03-06T14:42:39.029+0100] {dag.py:3823} INFO - Setting next_dagrun for example_trigger_target_dag to None, run_after=None
[2025-03-06T14:42:39.065+0100] {processor.py:183} INFO - Processing /home/philip/de_engineering/airflow_projects/airflow1/venv/lib/python3.10/site-packages/airflow/example_dags/example_trigger_target_dag.py took 0.292 seconds
[2025-03-06T14:43:35.870+0100] {processor.py:161} INFO - Started process (PID=10093) to work on /home/philip/de_engineering/airflow_projects/airflow1/venv/lib/python3.10/site-packages/airflow/example_dags/example_trigger_target_dag.py
[2025-03-06T14:43:35.873+0100] {processor.py:830} INFO - Processing file /home/philip/de_engineering/airflow_projects/airflow1/venv/lib/python3.10/site-packages/airflow/example_dags/example_trigger_target_dag.py for tasks to queue
[2025-03-06T14:43:35.874+0100] {logging_mixin.py:188} INFO - [2025-03-06T14:43:35.873+0100] {dagbag.py:538} INFO - Filling up the DagBag from /home/philip/de_engineering/airflow_projects/airflow1/venv/lib/python3.10/site-packages/airflow/example_dags/example_trigger_target_dag.py
[2025-03-06T14:43:35.884+0100] {processor.py:840} INFO - DAG(s) 'example_trigger_target_dag' retrieved from /home/philip/de_engineering/airflow_projects/airflow1/venv/lib/python3.10/site-packages/airflow/example_dags/example_trigger_target_dag.py
[2025-03-06T14:43:35.902+0100] {logging_mixin.py:188} INFO - [2025-03-06T14:43:35.902+0100] {dag.py:3036} INFO - Sync 1 DAGs
[2025-03-06T14:43:35.912+0100] {logging_mixin.py:188} INFO - [2025-03-06T14:43:35.912+0100] {dag.py:3823} INFO - Setting next_dagrun for example_trigger_target_dag to None, run_after=None
[2025-03-06T14:43:35.940+0100] {processor.py:183} INFO - Processing /home/philip/de_engineering/airflow_projects/airflow1/venv/lib/python3.10/site-packages/airflow/example_dags/example_trigger_target_dag.py took 0.080 seconds
[2025-03-06T14:44:18.512+0100] {processor.py:161} INFO - Started process (PID=10136) to work on /home/philip/de_engineering/airflow_projects/airflow1/venv/lib/python3.10/site-packages/airflow/example_dags/example_trigger_target_dag.py
[2025-03-06T14:44:18.515+0100] {processor.py:830} INFO - Processing file /home/philip/de_engineering/airflow_projects/airflow1/venv/lib/python3.10/site-packages/airflow/example_dags/example_trigger_target_dag.py for tasks to queue
[2025-03-06T14:44:18.516+0100] {logging_mixin.py:188} INFO - [2025-03-06T14:44:18.515+0100] {dagbag.py:538} INFO - Filling up the DagBag from /home/philip/de_engineering/airflow_projects/airflow1/venv/lib/python3.10/site-packages/airflow/example_dags/example_trigger_target_dag.py
[2025-03-06T14:44:18.521+0100] {processor.py:840} INFO - DAG(s) 'example_trigger_target_dag' retrieved from /home/philip/de_engineering/airflow_projects/airflow1/venv/lib/python3.10/site-packages/airflow/example_dags/example_trigger_target_dag.py
[2025-03-06T14:44:18.533+0100] {logging_mixin.py:188} INFO - [2025-03-06T14:44:18.532+0100] {dag.py:3036} INFO - Sync 1 DAGs
[2025-03-06T14:44:18.541+0100] {logging_mixin.py:188} INFO - [2025-03-06T14:44:18.541+0100] {dag.py:3823} INFO - Setting next_dagrun for example_trigger_target_dag to None, run_after=None
[2025-03-06T14:44:18.569+0100] {processor.py:183} INFO - Processing /home/philip/de_engineering/airflow_projects/airflow1/venv/lib/python3.10/site-packages/airflow/example_dags/example_trigger_target_dag.py took 0.060 seconds
[2025-03-06T14:44:54.728+0100] {processor.py:161} INFO - Started process (PID=10177) to work on /home/philip/de_engineering/airflow_projects/airflow1/venv/lib/python3.10/site-packages/airflow/example_dags/example_trigger_target_dag.py
[2025-03-06T14:44:54.730+0100] {processor.py:830} INFO - Processing file /home/philip/de_engineering/airflow_projects/airflow1/venv/lib/python3.10/site-packages/airflow/example_dags/example_trigger_target_dag.py for tasks to queue
[2025-03-06T14:44:54.732+0100] {logging_mixin.py:188} INFO - [2025-03-06T14:44:54.731+0100] {dagbag.py:538} INFO - Filling up the DagBag from /home/philip/de_engineering/airflow_projects/airflow1/venv/lib/python3.10/site-packages/airflow/example_dags/example_trigger_target_dag.py
[2025-03-06T14:44:54.741+0100] {processor.py:840} INFO - DAG(s) 'example_trigger_target_dag' retrieved from /home/philip/de_engineering/airflow_projects/airflow1/venv/lib/python3.10/site-packages/airflow/example_dags/example_trigger_target_dag.py
[2025-03-06T14:44:54.760+0100] {logging_mixin.py:188} INFO - [2025-03-06T14:44:54.760+0100] {dag.py:3036} INFO - Sync 1 DAGs
[2025-03-06T14:44:54.776+0100] {logging_mixin.py:188} INFO - [2025-03-06T14:44:54.775+0100] {dag.py:3823} INFO - Setting next_dagrun for example_trigger_target_dag to None, run_after=None
[2025-03-06T14:44:54.812+0100] {processor.py:183} INFO - Processing /home/philip/de_engineering/airflow_projects/airflow1/venv/lib/python3.10/site-packages/airflow/example_dags/example_trigger_target_dag.py took 0.089 seconds
[2025-03-06T14:45:33.006+0100] {processor.py:161} INFO - Started process (PID=10218) to work on /home/philip/de_engineering/airflow_projects/airflow1/venv/lib/python3.10/site-packages/airflow/example_dags/example_trigger_target_dag.py
[2025-03-06T14:45:33.008+0100] {processor.py:830} INFO - Processing file /home/philip/de_engineering/airflow_projects/airflow1/venv/lib/python3.10/site-packages/airflow/example_dags/example_trigger_target_dag.py for tasks to queue
[2025-03-06T14:45:33.010+0100] {logging_mixin.py:188} INFO - [2025-03-06T14:45:33.009+0100] {dagbag.py:538} INFO - Filling up the DagBag from /home/philip/de_engineering/airflow_projects/airflow1/venv/lib/python3.10/site-packages/airflow/example_dags/example_trigger_target_dag.py
[2025-03-06T14:45:33.017+0100] {processor.py:840} INFO - DAG(s) 'example_trigger_target_dag' retrieved from /home/philip/de_engineering/airflow_projects/airflow1/venv/lib/python3.10/site-packages/airflow/example_dags/example_trigger_target_dag.py
[2025-03-06T14:45:33.030+0100] {logging_mixin.py:188} INFO - [2025-03-06T14:45:33.030+0100] {dag.py:3036} INFO - Sync 1 DAGs
[2025-03-06T14:45:33.041+0100] {logging_mixin.py:188} INFO - [2025-03-06T14:45:33.040+0100] {dag.py:3823} INFO - Setting next_dagrun for example_trigger_target_dag to None, run_after=None
[2025-03-06T14:45:33.070+0100] {processor.py:183} INFO - Processing /home/philip/de_engineering/airflow_projects/airflow1/venv/lib/python3.10/site-packages/airflow/example_dags/example_trigger_target_dag.py took 0.070 seconds
[2025-03-06T14:46:14.283+0100] {processor.py:161} INFO - Started process (PID=10262) to work on /home/philip/de_engineering/airflow_projects/airflow1/venv/lib/python3.10/site-packages/airflow/example_dags/example_trigger_target_dag.py
[2025-03-06T14:46:14.336+0100] {processor.py:830} INFO - Processing file /home/philip/de_engineering/airflow_projects/airflow1/venv/lib/python3.10/site-packages/airflow/example_dags/example_trigger_target_dag.py for tasks to queue
[2025-03-06T14:46:14.337+0100] {logging_mixin.py:188} INFO - [2025-03-06T14:46:14.337+0100] {dagbag.py:538} INFO - Filling up the DagBag from /home/philip/de_engineering/airflow_projects/airflow1/venv/lib/python3.10/site-packages/airflow/example_dags/example_trigger_target_dag.py
[2025-03-06T14:46:14.346+0100] {processor.py:840} INFO - DAG(s) 'example_trigger_target_dag' retrieved from /home/philip/de_engineering/airflow_projects/airflow1/venv/lib/python3.10/site-packages/airflow/example_dags/example_trigger_target_dag.py
[2025-03-06T14:46:14.361+0100] {logging_mixin.py:188} INFO - [2025-03-06T14:46:14.361+0100] {dag.py:3036} INFO - Sync 1 DAGs
[2025-03-06T14:46:14.375+0100] {logging_mixin.py:188} INFO - [2025-03-06T14:46:14.375+0100] {dag.py:3823} INFO - Setting next_dagrun for example_trigger_target_dag to None, run_after=None
[2025-03-06T14:46:14.410+0100] {processor.py:183} INFO - Processing /home/philip/de_engineering/airflow_projects/airflow1/venv/lib/python3.10/site-packages/airflow/example_dags/example_trigger_target_dag.py took 0.136 seconds
