[2025-03-06T14:43:02.341+0100] {processor.py:161} INFO - Started process (PID=10064) to work on /home/philip/de_engineering/airflow_projects/airflow1/venv/lib/python3.10/site-packages/airflow/example_dags/example_nested_branch_dag.py
[2025-03-06T14:43:02.342+0100] {processor.py:830} INFO - Processing file /home/philip/de_engineering/airflow_projects/airflow1/venv/lib/python3.10/site-packages/airflow/example_dags/example_nested_branch_dag.py for tasks to queue
[2025-03-06T14:43:02.343+0100] {logging_mixin.py:188} INFO - [2025-03-06T14:43:02.342+0100] {dagbag.py:538} INFO - Filling up the DagBag from /home/philip/de_engineering/airflow_projects/airflow1/venv/lib/python3.10/site-packages/airflow/example_dags/example_nested_branch_dag.py
[2025-03-06T14:43:02.360+0100] {processor.py:840} INFO - DAG(s) 'example_nested_branch_dag' retrieved from /home/philip/de_engineering/airflow_projects/airflow1/venv/lib/python3.10/site-packages/airflow/example_dags/example_nested_branch_dag.py
[2025-03-06T14:43:02.501+0100] {logging_mixin.py:188} INFO - [2025-03-06T14:43:02.500+0100] {override.py:1769} INFO - Created Permission View: can read on DAG:example_nested_branch_dag
[2025-03-06T14:43:02.525+0100] {logging_mixin.py:188} INFO - [2025-03-06T14:43:02.525+0100] {override.py:1769} INFO - Created Permission View: can delete on DAG:example_nested_branch_dag
[2025-03-06T14:43:02.543+0100] {logging_mixin.py:188} INFO - [2025-03-06T14:43:02.543+0100] {override.py:1769} INFO - Created Permission View: can edit on DAG:example_nested_branch_dag
[2025-03-06T14:43:02.544+0100] {logging_mixin.py:188} INFO - [2025-03-06T14:43:02.544+0100] {dag.py:3036} INFO - Sync 1 DAGs
[2025-03-06T14:43:02.554+0100] {logging_mixin.py:188} INFO - [2025-03-06T14:43:02.554+0100] {dag.py:3058} INFO - Creating ORM DAG for example_nested_branch_dag
[2025-03-06T14:43:02.562+0100] {logging_mixin.py:188} INFO - [2025-03-06T14:43:02.562+0100] {dag.py:3823} INFO - Setting next_dagrun for example_nested_branch_dag to 2025-03-05 00:00:00+00:00, run_after=2025-03-06 00:00:00+00:00
[2025-03-06T14:43:02.593+0100] {processor.py:183} INFO - Processing /home/philip/de_engineering/airflow_projects/airflow1/venv/lib/python3.10/site-packages/airflow/example_dags/example_nested_branch_dag.py took 0.255 seconds
[2025-03-06T14:43:55.351+0100] {processor.py:161} INFO - Started process (PID=10114) to work on /home/philip/de_engineering/airflow_projects/airflow1/venv/lib/python3.10/site-packages/airflow/example_dags/example_nested_branch_dag.py
[2025-03-06T14:43:55.397+0100] {processor.py:830} INFO - Processing file /home/philip/de_engineering/airflow_projects/airflow1/venv/lib/python3.10/site-packages/airflow/example_dags/example_nested_branch_dag.py for tasks to queue
[2025-03-06T14:43:55.398+0100] {logging_mixin.py:188} INFO - [2025-03-06T14:43:55.398+0100] {dagbag.py:538} INFO - Filling up the DagBag from /home/philip/de_engineering/airflow_projects/airflow1/venv/lib/python3.10/site-packages/airflow/example_dags/example_nested_branch_dag.py
[2025-03-06T14:43:55.413+0100] {processor.py:840} INFO - DAG(s) 'example_nested_branch_dag' retrieved from /home/philip/de_engineering/airflow_projects/airflow1/venv/lib/python3.10/site-packages/airflow/example_dags/example_nested_branch_dag.py
[2025-03-06T14:43:55.431+0100] {logging_mixin.py:188} INFO - [2025-03-06T14:43:55.431+0100] {dag.py:3036} INFO - Sync 1 DAGs
[2025-03-06T14:43:55.452+0100] {logging_mixin.py:188} INFO - [2025-03-06T14:43:55.452+0100] {dag.py:3823} INFO - Setting next_dagrun for example_nested_branch_dag to 2025-03-05 00:00:00+00:00, run_after=2025-03-06 00:00:00+00:00
[2025-03-06T14:43:55.490+0100] {processor.py:183} INFO - Processing /home/philip/de_engineering/airflow_projects/airflow1/venv/lib/python3.10/site-packages/airflow/example_dags/example_nested_branch_dag.py took 0.143 seconds
[2025-03-06T14:44:43.618+0100] {processor.py:161} INFO - Started process (PID=10164) to work on /home/philip/de_engineering/airflow_projects/airflow1/venv/lib/python3.10/site-packages/airflow/example_dags/example_nested_branch_dag.py
[2025-03-06T14:44:43.620+0100] {processor.py:830} INFO - Processing file /home/philip/de_engineering/airflow_projects/airflow1/venv/lib/python3.10/site-packages/airflow/example_dags/example_nested_branch_dag.py for tasks to queue
[2025-03-06T14:44:43.621+0100] {logging_mixin.py:188} INFO - [2025-03-06T14:44:43.620+0100] {dagbag.py:538} INFO - Filling up the DagBag from /home/philip/de_engineering/airflow_projects/airflow1/venv/lib/python3.10/site-packages/airflow/example_dags/example_nested_branch_dag.py
[2025-03-06T14:44:43.631+0100] {processor.py:840} INFO - DAG(s) 'example_nested_branch_dag' retrieved from /home/philip/de_engineering/airflow_projects/airflow1/venv/lib/python3.10/site-packages/airflow/example_dags/example_nested_branch_dag.py
[2025-03-06T14:44:43.646+0100] {logging_mixin.py:188} INFO - [2025-03-06T14:44:43.646+0100] {dag.py:3036} INFO - Sync 1 DAGs
[2025-03-06T14:44:43.664+0100] {logging_mixin.py:188} INFO - [2025-03-06T14:44:43.664+0100] {dag.py:3823} INFO - Setting next_dagrun for example_nested_branch_dag to 2025-03-05 00:00:00+00:00, run_after=2025-03-06 00:00:00+00:00
[2025-03-06T14:44:43.697+0100] {processor.py:183} INFO - Processing /home/philip/de_engineering/airflow_projects/airflow1/venv/lib/python3.10/site-packages/airflow/example_dags/example_nested_branch_dag.py took 0.081 seconds
[2025-03-06T14:45:39.627+0100] {processor.py:161} INFO - Started process (PID=10226) to work on /home/philip/de_engineering/airflow_projects/airflow1/venv/lib/python3.10/site-packages/airflow/example_dags/example_nested_branch_dag.py
[2025-03-06T14:45:39.630+0100] {processor.py:830} INFO - Processing file /home/philip/de_engineering/airflow_projects/airflow1/venv/lib/python3.10/site-packages/airflow/example_dags/example_nested_branch_dag.py for tasks to queue
[2025-03-06T14:45:39.632+0100] {logging_mixin.py:188} INFO - [2025-03-06T14:45:39.632+0100] {dagbag.py:538} INFO - Filling up the DagBag from /home/philip/de_engineering/airflow_projects/airflow1/venv/lib/python3.10/site-packages/airflow/example_dags/example_nested_branch_dag.py
[2025-03-06T14:45:39.652+0100] {processor.py:840} INFO - DAG(s) 'example_nested_branch_dag' retrieved from /home/philip/de_engineering/airflow_projects/airflow1/venv/lib/python3.10/site-packages/airflow/example_dags/example_nested_branch_dag.py
[2025-03-06T14:45:39.677+0100] {logging_mixin.py:188} INFO - [2025-03-06T14:45:39.677+0100] {dag.py:3036} INFO - Sync 1 DAGs
[2025-03-06T14:45:39.698+0100] {logging_mixin.py:188} INFO - [2025-03-06T14:45:39.698+0100] {dag.py:3823} INFO - Setting next_dagrun for example_nested_branch_dag to 2025-03-05 00:00:00+00:00, run_after=2025-03-06 00:00:00+00:00
[2025-03-06T14:45:39.728+0100] {processor.py:183} INFO - Processing /home/philip/de_engineering/airflow_projects/airflow1/venv/lib/python3.10/site-packages/airflow/example_dags/example_nested_branch_dag.py took 0.110 seconds
[2025-03-06T14:46:23.154+0100] {processor.py:161} INFO - Started process (PID=10272) to work on /home/philip/de_engineering/airflow_projects/airflow1/venv/lib/python3.10/site-packages/airflow/example_dags/example_nested_branch_dag.py
[2025-03-06T14:46:23.156+0100] {processor.py:830} INFO - Processing file /home/philip/de_engineering/airflow_projects/airflow1/venv/lib/python3.10/site-packages/airflow/example_dags/example_nested_branch_dag.py for tasks to queue
[2025-03-06T14:46:23.158+0100] {logging_mixin.py:188} INFO - [2025-03-06T14:46:23.157+0100] {dagbag.py:538} INFO - Filling up the DagBag from /home/philip/de_engineering/airflow_projects/airflow1/venv/lib/python3.10/site-packages/airflow/example_dags/example_nested_branch_dag.py
[2025-03-06T14:46:23.168+0100] {processor.py:840} INFO - DAG(s) 'example_nested_branch_dag' retrieved from /home/philip/de_engineering/airflow_projects/airflow1/venv/lib/python3.10/site-packages/airflow/example_dags/example_nested_branch_dag.py
[2025-03-06T14:46:23.185+0100] {logging_mixin.py:188} INFO - [2025-03-06T14:46:23.185+0100] {dag.py:3036} INFO - Sync 1 DAGs
[2025-03-06T14:46:23.218+0100] {logging_mixin.py:188} INFO - [2025-03-06T14:46:23.218+0100] {dag.py:3823} INFO - Setting next_dagrun for example_nested_branch_dag to 2025-03-05 00:00:00+00:00, run_after=2025-03-06 00:00:00+00:00
[2025-03-06T14:46:23.259+0100] {processor.py:183} INFO - Processing /home/philip/de_engineering/airflow_projects/airflow1/venv/lib/python3.10/site-packages/airflow/example_dags/example_nested_branch_dag.py took 0.108 seconds
