[2025-03-06T14:43:21.190+0100] {processor.py:161} INFO - Started process (PID=10080) to work on /home/philip/de_engineering/airflow_projects/airflow1/venv/lib/python3.10/site-packages/airflow/example_dags/example_subdag_operator.py
[2025-03-06T14:43:21.192+0100] {processor.py:830} INFO - Processing file /home/philip/de_engineering/airflow_projects/airflow1/venv/lib/python3.10/site-packages/airflow/example_dags/example_subdag_operator.py for tasks to queue
[2025-03-06T14:43:21.193+0100] {logging_mixin.py:188} INFO - [2025-03-06T14:43:21.192+0100] {dagbag.py:538} INFO - Filling up the DagBag from /home/philip/de_engineering/airflow_projects/airflow1/venv/lib/python3.10/site-packages/airflow/example_dags/example_subdag_operator.py
[2025-03-06T14:43:21.213+0100] {processor.py:840} INFO - DAG(s) 'example_subdag_operator.section-1', 'example_subdag_operator.section-2', 'example_subdag_operator' retrieved from /home/philip/de_engineering/airflow_projects/airflow1/venv/lib/python3.10/site-packages/airflow/example_dags/example_subdag_operator.py
[2025-03-06T14:43:21.332+0100] {logging_mixin.py:188} INFO - [2025-03-06T14:43:21.331+0100] {override.py:1769} INFO - Created Permission View: can read on DAG:example_subdag_operator
[2025-03-06T14:43:21.354+0100] {logging_mixin.py:188} INFO - [2025-03-06T14:43:21.354+0100] {override.py:1769} INFO - Created Permission View: can delete on DAG:example_subdag_operator
[2025-03-06T14:43:21.373+0100] {logging_mixin.py:188} INFO - [2025-03-06T14:43:21.373+0100] {override.py:1769} INFO - Created Permission View: can edit on DAG:example_subdag_operator
[2025-03-06T14:43:21.373+0100] {logging_mixin.py:188} INFO - [2025-03-06T14:43:21.373+0100] {dag.py:3036} INFO - Sync 3 DAGs
[2025-03-06T14:43:21.383+0100] {logging_mixin.py:188} INFO - [2025-03-06T14:43:21.383+0100] {dag.py:3058} INFO - Creating ORM DAG for example_subdag_operator
[2025-03-06T14:43:21.383+0100] {logging_mixin.py:188} INFO - [2025-03-06T14:43:21.383+0100] {dag.py:3058} INFO - Creating ORM DAG for example_subdag_operator.section-2
[2025-03-06T14:43:21.384+0100] {logging_mixin.py:188} INFO - [2025-03-06T14:43:21.384+0100] {dag.py:3058} INFO - Creating ORM DAG for example_subdag_operator.section-1
[2025-03-06T14:43:21.391+0100] {logging_mixin.py:188} INFO - [2025-03-06T14:43:21.391+0100] {dag.py:3823} INFO - Setting next_dagrun for example_subdag_operator to 2022-01-01 00:00:00+00:00, run_after=2022-01-01 00:00:00+00:00
[2025-03-06T14:43:21.392+0100] {logging_mixin.py:188} INFO - [2025-03-06T14:43:21.392+0100] {dag.py:3823} INFO - Setting next_dagrun for example_subdag_operator.section-1 to None, run_after=None
[2025-03-06T14:43:21.392+0100] {logging_mixin.py:188} INFO - [2025-03-06T14:43:21.392+0100] {dag.py:3823} INFO - Setting next_dagrun for example_subdag_operator.section-2 to None, run_after=None
[2025-03-06T14:43:21.397+0100] {logging_mixin.py:188} INFO - [2025-03-06T14:43:21.397+0100] {dag.py:3036} INFO - Sync 2 DAGs
[2025-03-06T14:43:21.401+0100] {logging_mixin.py:188} INFO - [2025-03-06T14:43:21.400+0100] {dag.py:3823} INFO - Setting next_dagrun for example_subdag_operator.section-1 to None, run_after=None
[2025-03-06T14:43:21.402+0100] {logging_mixin.py:188} INFO - [2025-03-06T14:43:21.402+0100] {dag.py:3823} INFO - Setting next_dagrun for example_subdag_operator.section-2 to None, run_after=None
[2025-03-06T14:43:21.431+0100] {processor.py:183} INFO - Processing /home/philip/de_engineering/airflow_projects/airflow1/venv/lib/python3.10/site-packages/airflow/example_dags/example_subdag_operator.py took 0.245 seconds
[2025-03-06T14:44:12.002+0100] {processor.py:161} INFO - Started process (PID=10130) to work on /home/philip/de_engineering/airflow_projects/airflow1/venv/lib/python3.10/site-packages/airflow/example_dags/example_subdag_operator.py
[2025-03-06T14:44:12.040+0100] {processor.py:830} INFO - Processing file /home/philip/de_engineering/airflow_projects/airflow1/venv/lib/python3.10/site-packages/airflow/example_dags/example_subdag_operator.py for tasks to queue
[2025-03-06T14:44:12.042+0100] {logging_mixin.py:188} INFO - [2025-03-06T14:44:12.041+0100] {dagbag.py:538} INFO - Filling up the DagBag from /home/philip/de_engineering/airflow_projects/airflow1/venv/lib/python3.10/site-packages/airflow/example_dags/example_subdag_operator.py
[2025-03-06T14:44:12.062+0100] {processor.py:840} INFO - DAG(s) 'example_subdag_operator.section-1', 'example_subdag_operator.section-2', 'example_subdag_operator' retrieved from /home/philip/de_engineering/airflow_projects/airflow1/venv/lib/python3.10/site-packages/airflow/example_dags/example_subdag_operator.py
[2025-03-06T14:44:12.080+0100] {logging_mixin.py:188} INFO - [2025-03-06T14:44:12.079+0100] {dag.py:3036} INFO - Sync 3 DAGs
[2025-03-06T14:44:12.105+0100] {logging_mixin.py:188} INFO - [2025-03-06T14:44:12.104+0100] {dag.py:3823} INFO - Setting next_dagrun for example_subdag_operator to 2022-01-01 00:00:00+00:00, run_after=2022-01-01 00:00:00+00:00
[2025-03-06T14:44:12.109+0100] {logging_mixin.py:188} INFO - [2025-03-06T14:44:12.108+0100] {dag.py:3823} INFO - Setting next_dagrun for example_subdag_operator.section-1 to None, run_after=None
[2025-03-06T14:44:12.110+0100] {logging_mixin.py:188} INFO - [2025-03-06T14:44:12.110+0100] {dag.py:3823} INFO - Setting next_dagrun for example_subdag_operator.section-2 to None, run_after=None
[2025-03-06T14:44:12.116+0100] {logging_mixin.py:188} INFO - [2025-03-06T14:44:12.116+0100] {dag.py:3036} INFO - Sync 2 DAGs
[2025-03-06T14:44:12.120+0100] {logging_mixin.py:188} INFO - [2025-03-06T14:44:12.120+0100] {dag.py:3823} INFO - Setting next_dagrun for example_subdag_operator.section-1 to None, run_after=None
[2025-03-06T14:44:12.120+0100] {logging_mixin.py:188} INFO - [2025-03-06T14:44:12.120+0100] {dag.py:3823} INFO - Setting next_dagrun for example_subdag_operator.section-2 to None, run_after=None
[2025-03-06T14:44:12.154+0100] {processor.py:183} INFO - Processing /home/philip/de_engineering/airflow_projects/airflow1/venv/lib/python3.10/site-packages/airflow/example_dags/example_subdag_operator.py took 0.155 seconds
[2025-03-06T14:45:06.626+0100] {processor.py:161} INFO - Started process (PID=10191) to work on /home/philip/de_engineering/airflow_projects/airflow1/venv/lib/python3.10/site-packages/airflow/example_dags/example_subdag_operator.py
[2025-03-06T14:45:06.628+0100] {processor.py:830} INFO - Processing file /home/philip/de_engineering/airflow_projects/airflow1/venv/lib/python3.10/site-packages/airflow/example_dags/example_subdag_operator.py for tasks to queue
[2025-03-06T14:45:06.629+0100] {logging_mixin.py:188} INFO - [2025-03-06T14:45:06.628+0100] {dagbag.py:538} INFO - Filling up the DagBag from /home/philip/de_engineering/airflow_projects/airflow1/venv/lib/python3.10/site-packages/airflow/example_dags/example_subdag_operator.py
[2025-03-06T14:45:06.646+0100] {processor.py:840} INFO - DAG(s) 'example_subdag_operator.section-1', 'example_subdag_operator.section-2', 'example_subdag_operator' retrieved from /home/philip/de_engineering/airflow_projects/airflow1/venv/lib/python3.10/site-packages/airflow/example_dags/example_subdag_operator.py
[2025-03-06T14:45:06.657+0100] {logging_mixin.py:188} INFO - [2025-03-06T14:45:06.657+0100] {dag.py:3036} INFO - Sync 3 DAGs
[2025-03-06T14:45:06.671+0100] {logging_mixin.py:188} INFO - [2025-03-06T14:45:06.671+0100] {dag.py:3823} INFO - Setting next_dagrun for example_subdag_operator to 2022-01-01 00:00:00+00:00, run_after=2022-01-01 00:00:00+00:00
[2025-03-06T14:45:06.673+0100] {logging_mixin.py:188} INFO - [2025-03-06T14:45:06.673+0100] {dag.py:3823} INFO - Setting next_dagrun for example_subdag_operator.section-1 to None, run_after=None
[2025-03-06T14:45:06.674+0100] {logging_mixin.py:188} INFO - [2025-03-06T14:45:06.674+0100] {dag.py:3823} INFO - Setting next_dagrun for example_subdag_operator.section-2 to None, run_after=None
[2025-03-06T14:45:06.678+0100] {logging_mixin.py:188} INFO - [2025-03-06T14:45:06.678+0100] {dag.py:3036} INFO - Sync 2 DAGs
[2025-03-06T14:45:06.681+0100] {logging_mixin.py:188} INFO - [2025-03-06T14:45:06.681+0100] {dag.py:3823} INFO - Setting next_dagrun for example_subdag_operator.section-1 to None, run_after=None
[2025-03-06T14:45:06.681+0100] {logging_mixin.py:188} INFO - [2025-03-06T14:45:06.681+0100] {dag.py:3823} INFO - Setting next_dagrun for example_subdag_operator.section-2 to None, run_after=None
[2025-03-06T14:45:06.701+0100] {processor.py:183} INFO - Processing /home/philip/de_engineering/airflow_projects/airflow1/venv/lib/python3.10/site-packages/airflow/example_dags/example_subdag_operator.py took 0.078 seconds
[2025-03-06T14:46:07.052+0100] {processor.py:161} INFO - Started process (PID=10256) to work on /home/philip/de_engineering/airflow_projects/airflow1/venv/lib/python3.10/site-packages/airflow/example_dags/example_subdag_operator.py
[2025-03-06T14:46:07.058+0100] {processor.py:830} INFO - Processing file /home/philip/de_engineering/airflow_projects/airflow1/venv/lib/python3.10/site-packages/airflow/example_dags/example_subdag_operator.py for tasks to queue
[2025-03-06T14:46:07.060+0100] {logging_mixin.py:188} INFO - [2025-03-06T14:46:07.059+0100] {dagbag.py:538} INFO - Filling up the DagBag from /home/philip/de_engineering/airflow_projects/airflow1/venv/lib/python3.10/site-packages/airflow/example_dags/example_subdag_operator.py
[2025-03-06T14:46:07.094+0100] {processor.py:840} INFO - DAG(s) 'example_subdag_operator.section-1', 'example_subdag_operator.section-2', 'example_subdag_operator' retrieved from /home/philip/de_engineering/airflow_projects/airflow1/venv/lib/python3.10/site-packages/airflow/example_dags/example_subdag_operator.py
[2025-03-06T14:46:07.117+0100] {logging_mixin.py:188} INFO - [2025-03-06T14:46:07.117+0100] {dag.py:3036} INFO - Sync 3 DAGs
[2025-03-06T14:46:07.147+0100] {logging_mixin.py:188} INFO - [2025-03-06T14:46:07.147+0100] {dag.py:3823} INFO - Setting next_dagrun for example_subdag_operator to 2022-01-01 00:00:00+00:00, run_after=2022-01-01 00:00:00+00:00
[2025-03-06T14:46:07.153+0100] {logging_mixin.py:188} INFO - [2025-03-06T14:46:07.153+0100] {dag.py:3823} INFO - Setting next_dagrun for example_subdag_operator.section-1 to None, run_after=None
[2025-03-06T14:46:07.154+0100] {logging_mixin.py:188} INFO - [2025-03-06T14:46:07.154+0100] {dag.py:3823} INFO - Setting next_dagrun for example_subdag_operator.section-2 to None, run_after=None
[2025-03-06T14:46:07.164+0100] {logging_mixin.py:188} INFO - [2025-03-06T14:46:07.164+0100] {dag.py:3036} INFO - Sync 2 DAGs
[2025-03-06T14:46:07.170+0100] {logging_mixin.py:188} INFO - [2025-03-06T14:46:07.169+0100] {dag.py:3823} INFO - Setting next_dagrun for example_subdag_operator.section-1 to None, run_after=None
[2025-03-06T14:46:07.170+0100] {logging_mixin.py:188} INFO - [2025-03-06T14:46:07.170+0100] {dag.py:3823} INFO - Setting next_dagrun for example_subdag_operator.section-2 to None, run_after=None
[2025-03-06T14:46:07.207+0100] {processor.py:183} INFO - Processing /home/philip/de_engineering/airflow_projects/airflow1/venv/lib/python3.10/site-packages/airflow/example_dags/example_subdag_operator.py took 0.160 seconds
