[2025-03-06T14:42:49.209+0100] {processor.py:161} INFO - Started process (PID=10051) to work on /home/philip/de_engineering/airflow_projects/airflow1/venv/lib/python3.10/site-packages/airflow/example_dags/example_task_group_decorator.py
[2025-03-06T14:42:49.211+0100] {processor.py:830} INFO - Processing file /home/philip/de_engineering/airflow_projects/airflow1/venv/lib/python3.10/site-packages/airflow/example_dags/example_task_group_decorator.py for tasks to queue
[2025-03-06T14:42:49.212+0100] {logging_mixin.py:188} INFO - [2025-03-06T14:42:49.211+0100] {dagbag.py:538} INFO - Filling up the DagBag from /home/philip/de_engineering/airflow_projects/airflow1/venv/lib/python3.10/site-packages/airflow/example_dags/example_task_group_decorator.py
[2025-03-06T14:42:49.230+0100] {processor.py:840} INFO - DAG(s) 'example_task_group_decorator' retrieved from /home/philip/de_engineering/airflow_projects/airflow1/venv/lib/python3.10/site-packages/airflow/example_dags/example_task_group_decorator.py
[2025-03-06T14:42:49.391+0100] {logging_mixin.py:188} INFO - [2025-03-06T14:42:49.391+0100] {override.py:1769} INFO - Created Permission View: can read on DAG:example_task_group_decorator
[2025-03-06T14:42:49.415+0100] {logging_mixin.py:188} INFO - [2025-03-06T14:42:49.414+0100] {override.py:1769} INFO - Created Permission View: can delete on DAG:example_task_group_decorator
[2025-03-06T14:42:49.435+0100] {logging_mixin.py:188} INFO - [2025-03-06T14:42:49.434+0100] {override.py:1769} INFO - Created Permission View: can edit on DAG:example_task_group_decorator
[2025-03-06T14:42:49.435+0100] {logging_mixin.py:188} INFO - [2025-03-06T14:42:49.435+0100] {dag.py:3036} INFO - Sync 1 DAGs
[2025-03-06T14:42:49.445+0100] {logging_mixin.py:188} INFO - [2025-03-06T14:42:49.445+0100] {dag.py:3058} INFO - Creating ORM DAG for example_task_group_decorator
[2025-03-06T14:42:49.455+0100] {logging_mixin.py:188} INFO - [2025-03-06T14:42:49.454+0100] {dag.py:3823} INFO - Setting next_dagrun for example_task_group_decorator to 2025-03-05 00:00:00+00:00, run_after=2025-03-06 00:00:00+00:00
[2025-03-06T14:42:49.487+0100] {processor.py:183} INFO - Processing /home/philip/de_engineering/airflow_projects/airflow1/venv/lib/python3.10/site-packages/airflow/example_dags/example_task_group_decorator.py took 0.282 seconds
[2025-03-06T14:43:44.055+0100] {processor.py:161} INFO - Started process (PID=10101) to work on /home/philip/de_engineering/airflow_projects/airflow1/venv/lib/python3.10/site-packages/airflow/example_dags/example_task_group_decorator.py
[2025-03-06T14:43:44.057+0100] {processor.py:830} INFO - Processing file /home/philip/de_engineering/airflow_projects/airflow1/venv/lib/python3.10/site-packages/airflow/example_dags/example_task_group_decorator.py for tasks to queue
[2025-03-06T14:43:44.057+0100] {logging_mixin.py:188} INFO - [2025-03-06T14:43:44.057+0100] {dagbag.py:538} INFO - Filling up the DagBag from /home/philip/de_engineering/airflow_projects/airflow1/venv/lib/python3.10/site-packages/airflow/example_dags/example_task_group_decorator.py
[2025-03-06T14:43:44.074+0100] {processor.py:840} INFO - DAG(s) 'example_task_group_decorator' retrieved from /home/philip/de_engineering/airflow_projects/airflow1/venv/lib/python3.10/site-packages/airflow/example_dags/example_task_group_decorator.py
[2025-03-06T14:43:44.102+0100] {logging_mixin.py:188} INFO - [2025-03-06T14:43:44.101+0100] {dag.py:3036} INFO - Sync 1 DAGs
[2025-03-06T14:43:44.125+0100] {logging_mixin.py:188} INFO - [2025-03-06T14:43:44.125+0100] {dag.py:3823} INFO - Setting next_dagrun for example_task_group_decorator to 2025-03-05 00:00:00+00:00, run_after=2025-03-06 00:00:00+00:00
[2025-03-06T14:43:44.157+0100] {processor.py:183} INFO - Processing /home/philip/de_engineering/airflow_projects/airflow1/venv/lib/python3.10/site-packages/airflow/example_dags/example_task_group_decorator.py took 0.105 seconds
[2025-03-06T14:44:25.665+0100] {processor.py:161} INFO - Started process (PID=10145) to work on /home/philip/de_engineering/airflow_projects/airflow1/venv/lib/python3.10/site-packages/airflow/example_dags/example_task_group_decorator.py
[2025-03-06T14:44:25.707+0100] {processor.py:830} INFO - Processing file /home/philip/de_engineering/airflow_projects/airflow1/venv/lib/python3.10/site-packages/airflow/example_dags/example_task_group_decorator.py for tasks to queue
[2025-03-06T14:44:25.708+0100] {logging_mixin.py:188} INFO - [2025-03-06T14:44:25.708+0100] {dagbag.py:538} INFO - Filling up the DagBag from /home/philip/de_engineering/airflow_projects/airflow1/venv/lib/python3.10/site-packages/airflow/example_dags/example_task_group_decorator.py
[2025-03-06T14:44:25.724+0100] {processor.py:840} INFO - DAG(s) 'example_task_group_decorator' retrieved from /home/philip/de_engineering/airflow_projects/airflow1/venv/lib/python3.10/site-packages/airflow/example_dags/example_task_group_decorator.py
[2025-03-06T14:44:25.740+0100] {logging_mixin.py:188} INFO - [2025-03-06T14:44:25.739+0100] {dag.py:3036} INFO - Sync 1 DAGs
[2025-03-06T14:44:25.756+0100] {logging_mixin.py:188} INFO - [2025-03-06T14:44:25.756+0100] {dag.py:3823} INFO - Setting next_dagrun for example_task_group_decorator to 2025-03-05 00:00:00+00:00, run_after=2025-03-06 00:00:00+00:00
[2025-03-06T14:44:25.799+0100] {processor.py:183} INFO - Processing /home/philip/de_engineering/airflow_projects/airflow1/venv/lib/python3.10/site-packages/airflow/example_dags/example_task_group_decorator.py took 0.137 seconds
[2025-03-06T14:45:14.991+0100] {processor.py:161} INFO - Started process (PID=10198) to work on /home/philip/de_engineering/airflow_projects/airflow1/venv/lib/python3.10/site-packages/airflow/example_dags/example_task_group_decorator.py
[2025-03-06T14:45:14.993+0100] {processor.py:830} INFO - Processing file /home/philip/de_engineering/airflow_projects/airflow1/venv/lib/python3.10/site-packages/airflow/example_dags/example_task_group_decorator.py for tasks to queue
[2025-03-06T14:45:14.994+0100] {logging_mixin.py:188} INFO - [2025-03-06T14:45:14.994+0100] {dagbag.py:538} INFO - Filling up the DagBag from /home/philip/de_engineering/airflow_projects/airflow1/venv/lib/python3.10/site-packages/airflow/example_dags/example_task_group_decorator.py
[2025-03-06T14:45:15.008+0100] {processor.py:840} INFO - DAG(s) 'example_task_group_decorator' retrieved from /home/philip/de_engineering/airflow_projects/airflow1/venv/lib/python3.10/site-packages/airflow/example_dags/example_task_group_decorator.py
[2025-03-06T14:45:15.025+0100] {logging_mixin.py:188} INFO - [2025-03-06T14:45:15.025+0100] {dag.py:3036} INFO - Sync 1 DAGs
[2025-03-06T14:45:15.040+0100] {logging_mixin.py:188} INFO - [2025-03-06T14:45:15.040+0100] {dag.py:3823} INFO - Setting next_dagrun for example_task_group_decorator to 2025-03-05 00:00:00+00:00, run_after=2025-03-06 00:00:00+00:00
[2025-03-06T14:45:15.071+0100] {processor.py:183} INFO - Processing /home/philip/de_engineering/airflow_projects/airflow1/venv/lib/python3.10/site-packages/airflow/example_dags/example_task_group_decorator.py took 0.083 seconds
[2025-03-06T14:45:54.616+0100] {processor.py:161} INFO - Started process (PID=10243) to work on /home/philip/de_engineering/airflow_projects/airflow1/venv/lib/python3.10/site-packages/airflow/example_dags/example_task_group_decorator.py
[2025-03-06T14:45:54.618+0100] {processor.py:830} INFO - Processing file /home/philip/de_engineering/airflow_projects/airflow1/venv/lib/python3.10/site-packages/airflow/example_dags/example_task_group_decorator.py for tasks to queue
[2025-03-06T14:45:54.619+0100] {logging_mixin.py:188} INFO - [2025-03-06T14:45:54.618+0100] {dagbag.py:538} INFO - Filling up the DagBag from /home/philip/de_engineering/airflow_projects/airflow1/venv/lib/python3.10/site-packages/airflow/example_dags/example_task_group_decorator.py
[2025-03-06T14:45:54.634+0100] {processor.py:840} INFO - DAG(s) 'example_task_group_decorator' retrieved from /home/philip/de_engineering/airflow_projects/airflow1/venv/lib/python3.10/site-packages/airflow/example_dags/example_task_group_decorator.py
[2025-03-06T14:45:54.650+0100] {logging_mixin.py:188} INFO - [2025-03-06T14:45:54.650+0100] {dag.py:3036} INFO - Sync 1 DAGs
[2025-03-06T14:45:54.666+0100] {logging_mixin.py:188} INFO - [2025-03-06T14:45:54.666+0100] {dag.py:3823} INFO - Setting next_dagrun for example_task_group_decorator to 2025-03-05 00:00:00+00:00, run_after=2025-03-06 00:00:00+00:00
[2025-03-06T14:45:54.698+0100] {processor.py:183} INFO - Processing /home/philip/de_engineering/airflow_projects/airflow1/venv/lib/python3.10/site-packages/airflow/example_dags/example_task_group_decorator.py took 0.086 seconds
[2025-03-06T14:46:33.752+0100] {processor.py:161} INFO - Started process (PID=10284) to work on /home/philip/de_engineering/airflow_projects/airflow1/venv/lib/python3.10/site-packages/airflow/example_dags/example_task_group_decorator.py
[2025-03-06T14:46:33.787+0100] {processor.py:830} INFO - Processing file /home/philip/de_engineering/airflow_projects/airflow1/venv/lib/python3.10/site-packages/airflow/example_dags/example_task_group_decorator.py for tasks to queue
[2025-03-06T14:46:33.788+0100] {logging_mixin.py:188} INFO - [2025-03-06T14:46:33.788+0100] {dagbag.py:538} INFO - Filling up the DagBag from /home/philip/de_engineering/airflow_projects/airflow1/venv/lib/python3.10/site-packages/airflow/example_dags/example_task_group_decorator.py
[2025-03-06T14:46:33.806+0100] {processor.py:840} INFO - DAG(s) 'example_task_group_decorator' retrieved from /home/philip/de_engineering/airflow_projects/airflow1/venv/lib/python3.10/site-packages/airflow/example_dags/example_task_group_decorator.py
[2025-03-06T14:46:33.828+0100] {logging_mixin.py:188} INFO - [2025-03-06T14:46:33.827+0100] {dag.py:3036} INFO - Sync 1 DAGs
[2025-03-06T14:46:33.851+0100] {logging_mixin.py:188} INFO - [2025-03-06T14:46:33.851+0100] {dag.py:3823} INFO - Setting next_dagrun for example_task_group_decorator to 2025-03-05 00:00:00+00:00, run_after=2025-03-06 00:00:00+00:00
[2025-03-06T14:46:33.893+0100] {processor.py:183} INFO - Processing /home/philip/de_engineering/airflow_projects/airflow1/venv/lib/python3.10/site-packages/airflow/example_dags/example_task_group_decorator.py took 0.144 seconds
