[2025-03-06T14:43:17.786+0100] {processor.py:161} INFO - Started process (PID=10077) to work on /home/philip/de_engineering/airflow_projects/airflow1/venv/lib/python3.10/site-packages/airflow/example_dags/example_python_decorator.py
[2025-03-06T14:43:17.787+0100] {processor.py:830} INFO - Processing file /home/philip/de_engineering/airflow_projects/airflow1/venv/lib/python3.10/site-packages/airflow/example_dags/example_python_decorator.py for tasks to queue
[2025-03-06T14:43:17.788+0100] {logging_mixin.py:188} INFO - [2025-03-06T14:43:17.787+0100] {dagbag.py:538} INFO - Filling up the DagBag from /home/philip/de_engineering/airflow_projects/airflow1/venv/lib/python3.10/site-packages/airflow/example_dags/example_python_decorator.py
[2025-03-06T14:43:17.887+0100] {logging_mixin.py:188} INFO - [2025-03-06T14:43:17.887+0100] {example_python_decorator.py:79} WARNING - The virtalenv_python example task requires virtualenv, please install it.
[2025-03-06T14:43:17.890+0100] {processor.py:840} INFO - DAG(s) 'example_python_decorator' retrieved from /home/philip/de_engineering/airflow_projects/airflow1/venv/lib/python3.10/site-packages/airflow/example_dags/example_python_decorator.py
[2025-03-06T14:43:18.044+0100] {logging_mixin.py:188} INFO - [2025-03-06T14:43:18.043+0100] {override.py:1769} INFO - Created Permission View: can read on DAG:example_python_decorator
[2025-03-06T14:43:18.071+0100] {logging_mixin.py:188} INFO - [2025-03-06T14:43:18.070+0100] {override.py:1769} INFO - Created Permission View: can delete on DAG:example_python_decorator
[2025-03-06T14:43:18.089+0100] {logging_mixin.py:188} INFO - [2025-03-06T14:43:18.089+0100] {override.py:1769} INFO - Created Permission View: can edit on DAG:example_python_decorator
[2025-03-06T14:43:18.090+0100] {logging_mixin.py:188} INFO - [2025-03-06T14:43:18.089+0100] {dag.py:3036} INFO - Sync 1 DAGs
[2025-03-06T14:43:18.098+0100] {logging_mixin.py:188} INFO - [2025-03-06T14:43:18.098+0100] {dag.py:3058} INFO - Creating ORM DAG for example_python_decorator
[2025-03-06T14:43:18.099+0100] {logging_mixin.py:188} INFO - [2025-03-06T14:43:18.099+0100] {dag.py:3823} INFO - Setting next_dagrun for example_python_decorator to None, run_after=None
[2025-03-06T14:43:18.135+0100] {processor.py:183} INFO - Processing /home/philip/de_engineering/airflow_projects/airflow1/venv/lib/python3.10/site-packages/airflow/example_dags/example_python_decorator.py took 0.351 seconds
[2025-03-06T14:44:08.300+0100] {processor.py:161} INFO - Started process (PID=10127) to work on /home/philip/de_engineering/airflow_projects/airflow1/venv/lib/python3.10/site-packages/airflow/example_dags/example_python_decorator.py
[2025-03-06T14:44:08.302+0100] {processor.py:830} INFO - Processing file /home/philip/de_engineering/airflow_projects/airflow1/venv/lib/python3.10/site-packages/airflow/example_dags/example_python_decorator.py for tasks to queue
[2025-03-06T14:44:08.303+0100] {logging_mixin.py:188} INFO - [2025-03-06T14:44:08.302+0100] {dagbag.py:538} INFO - Filling up the DagBag from /home/philip/de_engineering/airflow_projects/airflow1/venv/lib/python3.10/site-packages/airflow/example_dags/example_python_decorator.py
[2025-03-06T14:44:08.400+0100] {logging_mixin.py:188} INFO - [2025-03-06T14:44:08.399+0100] {example_python_decorator.py:79} WARNING - The virtalenv_python example task requires virtualenv, please install it.
[2025-03-06T14:44:08.400+0100] {processor.py:840} INFO - DAG(s) 'example_python_decorator' retrieved from /home/philip/de_engineering/airflow_projects/airflow1/venv/lib/python3.10/site-packages/airflow/example_dags/example_python_decorator.py
[2025-03-06T14:44:08.417+0100] {logging_mixin.py:188} INFO - [2025-03-06T14:44:08.416+0100] {dag.py:3036} INFO - Sync 1 DAGs
[2025-03-06T14:44:08.428+0100] {logging_mixin.py:188} INFO - [2025-03-06T14:44:08.428+0100] {dag.py:3823} INFO - Setting next_dagrun for example_python_decorator to None, run_after=None
[2025-03-06T14:44:08.459+0100] {processor.py:183} INFO - Processing /home/philip/de_engineering/airflow_projects/airflow1/venv/lib/python3.10/site-packages/airflow/example_dags/example_python_decorator.py took 0.166 seconds
[2025-03-06T14:45:03.550+0100] {processor.py:161} INFO - Started process (PID=10188) to work on /home/philip/de_engineering/airflow_projects/airflow1/venv/lib/python3.10/site-packages/airflow/example_dags/example_python_decorator.py
[2025-03-06T14:45:03.608+0100] {processor.py:830} INFO - Processing file /home/philip/de_engineering/airflow_projects/airflow1/venv/lib/python3.10/site-packages/airflow/example_dags/example_python_decorator.py for tasks to queue
[2025-03-06T14:45:03.610+0100] {logging_mixin.py:188} INFO - [2025-03-06T14:45:03.609+0100] {dagbag.py:538} INFO - Filling up the DagBag from /home/philip/de_engineering/airflow_projects/airflow1/venv/lib/python3.10/site-packages/airflow/example_dags/example_python_decorator.py
[2025-03-06T14:45:03.731+0100] {logging_mixin.py:188} INFO - [2025-03-06T14:45:03.731+0100] {example_python_decorator.py:79} WARNING - The virtalenv_python example task requires virtualenv, please install it.
[2025-03-06T14:45:03.732+0100] {processor.py:840} INFO - DAG(s) 'example_python_decorator' retrieved from /home/philip/de_engineering/airflow_projects/airflow1/venv/lib/python3.10/site-packages/airflow/example_dags/example_python_decorator.py
[2025-03-06T14:45:03.747+0100] {logging_mixin.py:188} INFO - [2025-03-06T14:45:03.747+0100] {dag.py:3036} INFO - Sync 1 DAGs
[2025-03-06T14:45:03.757+0100] {logging_mixin.py:188} INFO - [2025-03-06T14:45:03.756+0100] {dag.py:3823} INFO - Setting next_dagrun for example_python_decorator to None, run_after=None
[2025-03-06T14:45:03.785+0100] {processor.py:183} INFO - Processing /home/philip/de_engineering/airflow_projects/airflow1/venv/lib/python3.10/site-packages/airflow/example_dags/example_python_decorator.py took 0.239 seconds
[2025-03-06T14:46:04.446+0100] {processor.py:161} INFO - Started process (PID=10253) to work on /home/philip/de_engineering/airflow_projects/airflow1/venv/lib/python3.10/site-packages/airflow/example_dags/example_python_decorator.py
[2025-03-06T14:46:04.448+0100] {processor.py:830} INFO - Processing file /home/philip/de_engineering/airflow_projects/airflow1/venv/lib/python3.10/site-packages/airflow/example_dags/example_python_decorator.py for tasks to queue
[2025-03-06T14:46:04.450+0100] {logging_mixin.py:188} INFO - [2025-03-06T14:46:04.449+0100] {dagbag.py:538} INFO - Filling up the DagBag from /home/philip/de_engineering/airflow_projects/airflow1/venv/lib/python3.10/site-packages/airflow/example_dags/example_python_decorator.py
[2025-03-06T14:46:04.572+0100] {logging_mixin.py:188} INFO - [2025-03-06T14:46:04.571+0100] {example_python_decorator.py:79} WARNING - The virtalenv_python example task requires virtualenv, please install it.
[2025-03-06T14:46:04.572+0100] {processor.py:840} INFO - DAG(s) 'example_python_decorator' retrieved from /home/philip/de_engineering/airflow_projects/airflow1/venv/lib/python3.10/site-packages/airflow/example_dags/example_python_decorator.py
[2025-03-06T14:46:04.591+0100] {logging_mixin.py:188} INFO - [2025-03-06T14:46:04.591+0100] {dag.py:3036} INFO - Sync 1 DAGs
[2025-03-06T14:46:04.601+0100] {logging_mixin.py:188} INFO - [2025-03-06T14:46:04.601+0100] {dag.py:3823} INFO - Setting next_dagrun for example_python_decorator to None, run_after=None
[2025-03-06T14:46:04.631+0100] {processor.py:183} INFO - Processing /home/philip/de_engineering/airflow_projects/airflow1/venv/lib/python3.10/site-packages/airflow/example_dags/example_python_decorator.py took 0.193 seconds
