[2025-03-06T14:43:26.864+0100] {processor.py:161} INFO - Started process (PID=10086) to work on /home/philip/de_engineering/airflow_projects/airflow1/venv/lib/python3.10/site-packages/airflow/example_dags/example_sensor_decorator.py
[2025-03-06T14:43:26.865+0100] {processor.py:830} INFO - Processing file /home/philip/de_engineering/airflow_projects/airflow1/venv/lib/python3.10/site-packages/airflow/example_dags/example_sensor_decorator.py for tasks to queue
[2025-03-06T14:43:26.867+0100] {logging_mixin.py:188} INFO - [2025-03-06T14:43:26.866+0100] {dagbag.py:538} INFO - Filling up the DagBag from /home/philip/de_engineering/airflow_projects/airflow1/venv/lib/python3.10/site-packages/airflow/example_dags/example_sensor_decorator.py
[2025-03-06T14:43:26.876+0100] {processor.py:840} INFO - DAG(s) 'example_sensor_decorator' retrieved from /home/philip/de_engineering/airflow_projects/airflow1/venv/lib/python3.10/site-packages/airflow/example_dags/example_sensor_decorator.py
[2025-03-06T14:43:26.978+0100] {logging_mixin.py:188} INFO - [2025-03-06T14:43:26.977+0100] {override.py:1769} INFO - Created Permission View: can read on DAG:example_sensor_decorator
[2025-03-06T14:43:26.998+0100] {logging_mixin.py:188} INFO - [2025-03-06T14:43:26.998+0100] {override.py:1769} INFO - Created Permission View: can delete on DAG:example_sensor_decorator
[2025-03-06T14:43:27.017+0100] {logging_mixin.py:188} INFO - [2025-03-06T14:43:27.017+0100] {override.py:1769} INFO - Created Permission View: can edit on DAG:example_sensor_decorator
[2025-03-06T14:43:27.017+0100] {logging_mixin.py:188} INFO - [2025-03-06T14:43:27.017+0100] {dag.py:3036} INFO - Sync 1 DAGs
[2025-03-06T14:43:27.026+0100] {logging_mixin.py:188} INFO - [2025-03-06T14:43:27.026+0100] {dag.py:3058} INFO - Creating ORM DAG for example_sensor_decorator
[2025-03-06T14:43:27.026+0100] {logging_mixin.py:188} INFO - [2025-03-06T14:43:27.026+0100] {dag.py:3823} INFO - Setting next_dagrun for example_sensor_decorator to None, run_after=None
[2025-03-06T14:43:27.062+0100] {processor.py:183} INFO - Processing /home/philip/de_engineering/airflow_projects/airflow1/venv/lib/python3.10/site-packages/airflow/example_dags/example_sensor_decorator.py took 0.202 seconds
[2025-03-06T14:44:30.821+0100] {processor.py:161} INFO - Started process (PID=10151) to work on /home/philip/de_engineering/airflow_projects/airflow1/venv/lib/python3.10/site-packages/airflow/example_dags/example_sensor_decorator.py
[2025-03-06T14:44:30.868+0100] {processor.py:830} INFO - Processing file /home/philip/de_engineering/airflow_projects/airflow1/venv/lib/python3.10/site-packages/airflow/example_dags/example_sensor_decorator.py for tasks to queue
[2025-03-06T14:44:30.869+0100] {logging_mixin.py:188} INFO - [2025-03-06T14:44:30.868+0100] {dagbag.py:538} INFO - Filling up the DagBag from /home/philip/de_engineering/airflow_projects/airflow1/venv/lib/python3.10/site-packages/airflow/example_dags/example_sensor_decorator.py
[2025-03-06T14:44:30.879+0100] {processor.py:840} INFO - DAG(s) 'example_sensor_decorator' retrieved from /home/philip/de_engineering/airflow_projects/airflow1/venv/lib/python3.10/site-packages/airflow/example_dags/example_sensor_decorator.py
[2025-03-06T14:44:30.896+0100] {logging_mixin.py:188} INFO - [2025-03-06T14:44:30.896+0100] {dag.py:3036} INFO - Sync 1 DAGs
[2025-03-06T14:44:30.909+0100] {logging_mixin.py:188} INFO - [2025-03-06T14:44:30.909+0100] {dag.py:3823} INFO - Setting next_dagrun for example_sensor_decorator to None, run_after=None
[2025-03-06T14:44:30.941+0100] {processor.py:183} INFO - Processing /home/philip/de_engineering/airflow_projects/airflow1/venv/lib/python3.10/site-packages/airflow/example_dags/example_sensor_decorator.py took 0.125 seconds
[2025-03-06T14:45:25.856+0100] {processor.py:161} INFO - Started process (PID=10211) to work on /home/philip/de_engineering/airflow_projects/airflow1/venv/lib/python3.10/site-packages/airflow/example_dags/example_sensor_decorator.py
[2025-03-06T14:45:25.857+0100] {processor.py:830} INFO - Processing file /home/philip/de_engineering/airflow_projects/airflow1/venv/lib/python3.10/site-packages/airflow/example_dags/example_sensor_decorator.py for tasks to queue
[2025-03-06T14:45:25.858+0100] {logging_mixin.py:188} INFO - [2025-03-06T14:45:25.858+0100] {dagbag.py:538} INFO - Filling up the DagBag from /home/philip/de_engineering/airflow_projects/airflow1/venv/lib/python3.10/site-packages/airflow/example_dags/example_sensor_decorator.py
[2025-03-06T14:45:25.866+0100] {processor.py:840} INFO - DAG(s) 'example_sensor_decorator' retrieved from /home/philip/de_engineering/airflow_projects/airflow1/venv/lib/python3.10/site-packages/airflow/example_dags/example_sensor_decorator.py
[2025-03-06T14:45:25.884+0100] {logging_mixin.py:188} INFO - [2025-03-06T14:45:25.884+0100] {dag.py:3036} INFO - Sync 1 DAGs
[2025-03-06T14:45:25.894+0100] {logging_mixin.py:188} INFO - [2025-03-06T14:45:25.894+0100] {dag.py:3823} INFO - Setting next_dagrun for example_sensor_decorator to None, run_after=None
[2025-03-06T14:45:25.942+0100] {processor.py:183} INFO - Processing /home/philip/de_engineering/airflow_projects/airflow1/venv/lib/python3.10/site-packages/airflow/example_dags/example_sensor_decorator.py took 0.089 seconds
[2025-03-06T14:46:25.473+0100] {processor.py:161} INFO - Started process (PID=10276) to work on /home/philip/de_engineering/airflow_projects/airflow1/venv/lib/python3.10/site-packages/airflow/example_dags/example_sensor_decorator.py
[2025-03-06T14:46:25.476+0100] {processor.py:830} INFO - Processing file /home/philip/de_engineering/airflow_projects/airflow1/venv/lib/python3.10/site-packages/airflow/example_dags/example_sensor_decorator.py for tasks to queue
[2025-03-06T14:46:25.478+0100] {logging_mixin.py:188} INFO - [2025-03-06T14:46:25.477+0100] {dagbag.py:538} INFO - Filling up the DagBag from /home/philip/de_engineering/airflow_projects/airflow1/venv/lib/python3.10/site-packages/airflow/example_dags/example_sensor_decorator.py
[2025-03-06T14:46:25.492+0100] {processor.py:840} INFO - DAG(s) 'example_sensor_decorator' retrieved from /home/philip/de_engineering/airflow_projects/airflow1/venv/lib/python3.10/site-packages/airflow/example_dags/example_sensor_decorator.py
[2025-03-06T14:46:25.510+0100] {logging_mixin.py:188} INFO - [2025-03-06T14:46:25.509+0100] {dag.py:3036} INFO - Sync 1 DAGs
[2025-03-06T14:46:25.520+0100] {logging_mixin.py:188} INFO - [2025-03-06T14:46:25.520+0100] {dag.py:3823} INFO - Setting next_dagrun for example_sensor_decorator to None, run_after=None
[2025-03-06T14:46:25.551+0100] {processor.py:183} INFO - Processing /home/philip/de_engineering/airflow_projects/airflow1/venv/lib/python3.10/site-packages/airflow/example_dags/example_sensor_decorator.py took 0.084 seconds
