[2025-03-06T14:43:26.029+0100] {processor.py:161} INFO - Started process (PID=10085) to work on /home/philip/de_engineering/airflow_projects/airflow1/venv/lib/python3.10/site-packages/airflow/example_dags/example_setup_teardown.py
[2025-03-06T14:43:26.030+0100] {processor.py:830} INFO - Processing file /home/philip/de_engineering/airflow_projects/airflow1/venv/lib/python3.10/site-packages/airflow/example_dags/example_setup_teardown.py for tasks to queue
[2025-03-06T14:43:26.031+0100] {logging_mixin.py:188} INFO - [2025-03-06T14:43:26.031+0100] {dagbag.py:538} INFO - Filling up the DagBag from /home/philip/de_engineering/airflow_projects/airflow1/venv/lib/python3.10/site-packages/airflow/example_dags/example_setup_teardown.py
[2025-03-06T14:43:26.040+0100] {processor.py:840} INFO - DAG(s) 'example_setup_teardown' retrieved from /home/philip/de_engineering/airflow_projects/airflow1/venv/lib/python3.10/site-packages/airflow/example_dags/example_setup_teardown.py
[2025-03-06T14:43:26.172+0100] {logging_mixin.py:188} INFO - [2025-03-06T14:43:26.172+0100] {override.py:1769} INFO - Created Permission View: can read on DAG:example_setup_teardown
[2025-03-06T14:43:26.194+0100] {logging_mixin.py:188} INFO - [2025-03-06T14:43:26.194+0100] {override.py:1769} INFO - Created Permission View: can delete on DAG:example_setup_teardown
[2025-03-06T14:43:26.236+0100] {logging_mixin.py:188} INFO - [2025-03-06T14:43:26.236+0100] {override.py:1769} INFO - Created Permission View: can edit on DAG:example_setup_teardown
[2025-03-06T14:43:26.237+0100] {logging_mixin.py:188} INFO - [2025-03-06T14:43:26.237+0100] {dag.py:3036} INFO - Sync 1 DAGs
[2025-03-06T14:43:26.252+0100] {logging_mixin.py:188} INFO - [2025-03-06T14:43:26.252+0100] {dag.py:3058} INFO - Creating ORM DAG for example_setup_teardown
[2025-03-06T14:43:26.263+0100] {logging_mixin.py:188} INFO - [2025-03-06T14:43:26.262+0100] {dag.py:3823} INFO - Setting next_dagrun for example_setup_teardown to 2025-03-05 00:00:00+00:00, run_after=2025-03-06 00:00:00+00:00
[2025-03-06T14:43:26.297+0100] {processor.py:183} INFO - Processing /home/philip/de_engineering/airflow_projects/airflow1/venv/lib/python3.10/site-packages/airflow/example_dags/example_setup_teardown.py took 0.271 seconds
[2025-03-06T14:44:16.207+0100] {processor.py:161} INFO - Started process (PID=10134) to work on /home/philip/de_engineering/airflow_projects/airflow1/venv/lib/python3.10/site-packages/airflow/example_dags/example_setup_teardown.py
[2025-03-06T14:44:16.209+0100] {processor.py:830} INFO - Processing file /home/philip/de_engineering/airflow_projects/airflow1/venv/lib/python3.10/site-packages/airflow/example_dags/example_setup_teardown.py for tasks to queue
[2025-03-06T14:44:16.211+0100] {logging_mixin.py:188} INFO - [2025-03-06T14:44:16.210+0100] {dagbag.py:538} INFO - Filling up the DagBag from /home/philip/de_engineering/airflow_projects/airflow1/venv/lib/python3.10/site-packages/airflow/example_dags/example_setup_teardown.py
[2025-03-06T14:44:16.219+0100] {processor.py:840} INFO - DAG(s) 'example_setup_teardown' retrieved from /home/philip/de_engineering/airflow_projects/airflow1/venv/lib/python3.10/site-packages/airflow/example_dags/example_setup_teardown.py
[2025-03-06T14:44:16.235+0100] {logging_mixin.py:188} INFO - [2025-03-06T14:44:16.234+0100] {dag.py:3036} INFO - Sync 1 DAGs
[2025-03-06T14:44:16.262+0100] {logging_mixin.py:188} INFO - [2025-03-06T14:44:16.261+0100] {dag.py:3823} INFO - Setting next_dagrun for example_setup_teardown to 2025-03-05 00:00:00+00:00, run_after=2025-03-06 00:00:00+00:00
[2025-03-06T14:44:16.299+0100] {processor.py:183} INFO - Processing /home/philip/de_engineering/airflow_projects/airflow1/venv/lib/python3.10/site-packages/airflow/example_dags/example_setup_teardown.py took 0.095 seconds
[2025-03-06T14:45:11.418+0100] {processor.py:161} INFO - Started process (PID=10195) to work on /home/philip/de_engineering/airflow_projects/airflow1/venv/lib/python3.10/site-packages/airflow/example_dags/example_setup_teardown.py
[2025-03-06T14:45:11.469+0100] {processor.py:830} INFO - Processing file /home/philip/de_engineering/airflow_projects/airflow1/venv/lib/python3.10/site-packages/airflow/example_dags/example_setup_teardown.py for tasks to queue
[2025-03-06T14:45:11.471+0100] {logging_mixin.py:188} INFO - [2025-03-06T14:45:11.470+0100] {dagbag.py:538} INFO - Filling up the DagBag from /home/philip/de_engineering/airflow_projects/airflow1/venv/lib/python3.10/site-packages/airflow/example_dags/example_setup_teardown.py
[2025-03-06T14:45:11.479+0100] {processor.py:840} INFO - DAG(s) 'example_setup_teardown' retrieved from /home/philip/de_engineering/airflow_projects/airflow1/venv/lib/python3.10/site-packages/airflow/example_dags/example_setup_teardown.py
[2025-03-06T14:45:11.496+0100] {logging_mixin.py:188} INFO - [2025-03-06T14:45:11.496+0100] {dag.py:3036} INFO - Sync 1 DAGs
[2025-03-06T14:45:11.524+0100] {logging_mixin.py:188} INFO - [2025-03-06T14:45:11.524+0100] {dag.py:3823} INFO - Setting next_dagrun for example_setup_teardown to 2025-03-05 00:00:00+00:00, run_after=2025-03-06 00:00:00+00:00
[2025-03-06T14:45:11.559+0100] {processor.py:183} INFO - Processing /home/philip/de_engineering/airflow_projects/airflow1/venv/lib/python3.10/site-packages/airflow/example_dags/example_setup_teardown.py took 0.144 seconds
[2025-03-06T14:46:11.746+0100] {processor.py:161} INFO - Started process (PID=10260) to work on /home/philip/de_engineering/airflow_projects/airflow1/venv/lib/python3.10/site-packages/airflow/example_dags/example_setup_teardown.py
[2025-03-06T14:46:11.760+0100] {processor.py:830} INFO - Processing file /home/philip/de_engineering/airflow_projects/airflow1/venv/lib/python3.10/site-packages/airflow/example_dags/example_setup_teardown.py for tasks to queue
[2025-03-06T14:46:11.761+0100] {logging_mixin.py:188} INFO - [2025-03-06T14:46:11.761+0100] {dagbag.py:538} INFO - Filling up the DagBag from /home/philip/de_engineering/airflow_projects/airflow1/venv/lib/python3.10/site-packages/airflow/example_dags/example_setup_teardown.py
[2025-03-06T14:46:11.772+0100] {processor.py:840} INFO - DAG(s) 'example_setup_teardown' retrieved from /home/philip/de_engineering/airflow_projects/airflow1/venv/lib/python3.10/site-packages/airflow/example_dags/example_setup_teardown.py
[2025-03-06T14:46:11.791+0100] {logging_mixin.py:188} INFO - [2025-03-06T14:46:11.790+0100] {dag.py:3036} INFO - Sync 1 DAGs
[2025-03-06T14:46:11.814+0100] {logging_mixin.py:188} INFO - [2025-03-06T14:46:11.813+0100] {dag.py:3823} INFO - Setting next_dagrun for example_setup_teardown to 2025-03-05 00:00:00+00:00, run_after=2025-03-06 00:00:00+00:00
[2025-03-06T14:46:11.849+0100] {processor.py:183} INFO - Processing /home/philip/de_engineering/airflow_projects/airflow1/venv/lib/python3.10/site-packages/airflow/example_dags/example_setup_teardown.py took 0.106 seconds
