[2025-03-06T14:42:50.554+0100] {processor.py:161} INFO - Started process (PID=10052) to work on /home/philip/de_engineering/airflow_projects/airflow1/venv/lib/python3.10/site-packages/airflow/example_dags/example_xcomargs.py
[2025-03-06T14:42:50.555+0100] {processor.py:830} INFO - Processing file /home/philip/de_engineering/airflow_projects/airflow1/venv/lib/python3.10/site-packages/airflow/example_dags/example_xcomargs.py for tasks to queue
[2025-03-06T14:42:50.557+0100] {logging_mixin.py:188} INFO - [2025-03-06T14:42:50.556+0100] {dagbag.py:538} INFO - Filling up the DagBag from /home/philip/de_engineering/airflow_projects/airflow1/venv/lib/python3.10/site-packages/airflow/example_dags/example_xcomargs.py
[2025-03-06T14:42:50.572+0100] {processor.py:840} INFO - DAG(s) 'example_xcom_args_with_operators', 'example_xcom_args' retrieved from /home/philip/de_engineering/airflow_projects/airflow1/venv/lib/python3.10/site-packages/airflow/example_dags/example_xcomargs.py
[2025-03-06T14:42:50.730+0100] {logging_mixin.py:188} INFO - [2025-03-06T14:42:50.729+0100] {override.py:1769} INFO - Created Permission View: can read on DAG:example_xcom_args_with_operators
[2025-03-06T14:42:50.756+0100] {logging_mixin.py:188} INFO - [2025-03-06T14:42:50.756+0100] {override.py:1769} INFO - Created Permission View: can delete on DAG:example_xcom_args_with_operators
[2025-03-06T14:42:50.785+0100] {logging_mixin.py:188} INFO - [2025-03-06T14:42:50.784+0100] {override.py:1769} INFO - Created Permission View: can edit on DAG:example_xcom_args_with_operators
[2025-03-06T14:42:50.828+0100] {logging_mixin.py:188} INFO - [2025-03-06T14:42:50.827+0100] {override.py:1769} INFO - Created Permission View: can read on DAG:example_xcom_args
[2025-03-06T14:42:50.846+0100] {logging_mixin.py:188} INFO - [2025-03-06T14:42:50.845+0100] {override.py:1769} INFO - Created Permission View: can delete on DAG:example_xcom_args
[2025-03-06T14:42:50.865+0100] {logging_mixin.py:188} INFO - [2025-03-06T14:42:50.865+0100] {override.py:1769} INFO - Created Permission View: can edit on DAG:example_xcom_args
[2025-03-06T14:42:50.866+0100] {logging_mixin.py:188} INFO - [2025-03-06T14:42:50.866+0100] {dag.py:3036} INFO - Sync 2 DAGs
[2025-03-06T14:42:50.882+0100] {logging_mixin.py:188} INFO - [2025-03-06T14:42:50.882+0100] {dag.py:3058} INFO - Creating ORM DAG for example_xcom_args
[2025-03-06T14:42:50.883+0100] {logging_mixin.py:188} INFO - [2025-03-06T14:42:50.883+0100] {dag.py:3058} INFO - Creating ORM DAG for example_xcom_args_with_operators
[2025-03-06T14:42:50.884+0100] {logging_mixin.py:188} INFO - [2025-03-06T14:42:50.884+0100] {dag.py:3823} INFO - Setting next_dagrun for example_xcom_args to None, run_after=None
[2025-03-06T14:42:50.885+0100] {logging_mixin.py:188} INFO - [2025-03-06T14:42:50.884+0100] {dag.py:3823} INFO - Setting next_dagrun for example_xcom_args_with_operators to None, run_after=None
[2025-03-06T14:42:50.921+0100] {processor.py:183} INFO - Processing /home/philip/de_engineering/airflow_projects/airflow1/venv/lib/python3.10/site-packages/airflow/example_dags/example_xcomargs.py took 0.372 seconds
[2025-03-06T14:43:44.429+0100] {processor.py:161} INFO - Started process (PID=10102) to work on /home/philip/de_engineering/airflow_projects/airflow1/venv/lib/python3.10/site-packages/airflow/example_dags/example_xcomargs.py
[2025-03-06T14:43:44.431+0100] {processor.py:830} INFO - Processing file /home/philip/de_engineering/airflow_projects/airflow1/venv/lib/python3.10/site-packages/airflow/example_dags/example_xcomargs.py for tasks to queue
[2025-03-06T14:43:44.432+0100] {logging_mixin.py:188} INFO - [2025-03-06T14:43:44.432+0100] {dagbag.py:538} INFO - Filling up the DagBag from /home/philip/de_engineering/airflow_projects/airflow1/venv/lib/python3.10/site-packages/airflow/example_dags/example_xcomargs.py
[2025-03-06T14:43:44.442+0100] {processor.py:840} INFO - DAG(s) 'example_xcom_args_with_operators', 'example_xcom_args' retrieved from /home/philip/de_engineering/airflow_projects/airflow1/venv/lib/python3.10/site-packages/airflow/example_dags/example_xcomargs.py
[2025-03-06T14:43:44.459+0100] {logging_mixin.py:188} INFO - [2025-03-06T14:43:44.459+0100] {dag.py:3036} INFO - Sync 2 DAGs
[2025-03-06T14:43:44.475+0100] {logging_mixin.py:188} INFO - [2025-03-06T14:43:44.474+0100] {dag.py:3823} INFO - Setting next_dagrun for example_xcom_args to None, run_after=None
[2025-03-06T14:43:44.477+0100] {logging_mixin.py:188} INFO - [2025-03-06T14:43:44.477+0100] {dag.py:3823} INFO - Setting next_dagrun for example_xcom_args_with_operators to None, run_after=None
[2025-03-06T14:43:44.512+0100] {processor.py:183} INFO - Processing /home/philip/de_engineering/airflow_projects/airflow1/venv/lib/python3.10/site-packages/airflow/example_dags/example_xcomargs.py took 0.088 seconds
[2025-03-06T14:44:26.711+0100] {processor.py:161} INFO - Started process (PID=10146) to work on /home/philip/de_engineering/airflow_projects/airflow1/venv/lib/python3.10/site-packages/airflow/example_dags/example_xcomargs.py
[2025-03-06T14:44:26.712+0100] {processor.py:830} INFO - Processing file /home/philip/de_engineering/airflow_projects/airflow1/venv/lib/python3.10/site-packages/airflow/example_dags/example_xcomargs.py for tasks to queue
[2025-03-06T14:44:26.713+0100] {logging_mixin.py:188} INFO - [2025-03-06T14:44:26.713+0100] {dagbag.py:538} INFO - Filling up the DagBag from /home/philip/de_engineering/airflow_projects/airflow1/venv/lib/python3.10/site-packages/airflow/example_dags/example_xcomargs.py
[2025-03-06T14:44:26.721+0100] {processor.py:840} INFO - DAG(s) 'example_xcom_args', 'example_xcom_args_with_operators' retrieved from /home/philip/de_engineering/airflow_projects/airflow1/venv/lib/python3.10/site-packages/airflow/example_dags/example_xcomargs.py
[2025-03-06T14:44:26.739+0100] {logging_mixin.py:188} INFO - [2025-03-06T14:44:26.738+0100] {dag.py:3036} INFO - Sync 2 DAGs
[2025-03-06T14:44:26.757+0100] {logging_mixin.py:188} INFO - [2025-03-06T14:44:26.757+0100] {dag.py:3823} INFO - Setting next_dagrun for example_xcom_args to None, run_after=None
[2025-03-06T14:44:26.762+0100] {logging_mixin.py:188} INFO - [2025-03-06T14:44:26.762+0100] {dag.py:3823} INFO - Setting next_dagrun for example_xcom_args_with_operators to None, run_after=None
[2025-03-06T14:44:26.801+0100] {processor.py:183} INFO - Processing /home/philip/de_engineering/airflow_projects/airflow1/venv/lib/python3.10/site-packages/airflow/example_dags/example_xcomargs.py took 0.093 seconds
[2025-03-06T14:45:15.415+0100] {processor.py:161} INFO - Started process (PID=10199) to work on /home/philip/de_engineering/airflow_projects/airflow1/venv/lib/python3.10/site-packages/airflow/example_dags/example_xcomargs.py
[2025-03-06T14:45:15.460+0100] {processor.py:830} INFO - Processing file /home/philip/de_engineering/airflow_projects/airflow1/venv/lib/python3.10/site-packages/airflow/example_dags/example_xcomargs.py for tasks to queue
[2025-03-06T14:45:15.461+0100] {logging_mixin.py:188} INFO - [2025-03-06T14:45:15.461+0100] {dagbag.py:538} INFO - Filling up the DagBag from /home/philip/de_engineering/airflow_projects/airflow1/venv/lib/python3.10/site-packages/airflow/example_dags/example_xcomargs.py
[2025-03-06T14:45:15.471+0100] {processor.py:840} INFO - DAG(s) 'example_xcom_args', 'example_xcom_args_with_operators' retrieved from /home/philip/de_engineering/airflow_projects/airflow1/venv/lib/python3.10/site-packages/airflow/example_dags/example_xcomargs.py
[2025-03-06T14:45:15.490+0100] {logging_mixin.py:188} INFO - [2025-03-06T14:45:15.490+0100] {dag.py:3036} INFO - Sync 2 DAGs
[2025-03-06T14:45:15.501+0100] {logging_mixin.py:188} INFO - [2025-03-06T14:45:15.500+0100] {dag.py:3823} INFO - Setting next_dagrun for example_xcom_args to None, run_after=None
[2025-03-06T14:45:15.503+0100] {logging_mixin.py:188} INFO - [2025-03-06T14:45:15.503+0100] {dag.py:3823} INFO - Setting next_dagrun for example_xcom_args_with_operators to None, run_after=None
[2025-03-06T14:45:15.538+0100] {processor.py:183} INFO - Processing /home/philip/de_engineering/airflow_projects/airflow1/venv/lib/python3.10/site-packages/airflow/example_dags/example_xcomargs.py took 0.127 seconds
[2025-03-06T14:45:54.913+0100] {processor.py:161} INFO - Started process (PID=10244) to work on /home/philip/de_engineering/airflow_projects/airflow1/venv/lib/python3.10/site-packages/airflow/example_dags/example_xcomargs.py
[2025-03-06T14:45:54.914+0100] {processor.py:830} INFO - Processing file /home/philip/de_engineering/airflow_projects/airflow1/venv/lib/python3.10/site-packages/airflow/example_dags/example_xcomargs.py for tasks to queue
[2025-03-06T14:45:54.916+0100] {logging_mixin.py:188} INFO - [2025-03-06T14:45:54.915+0100] {dagbag.py:538} INFO - Filling up the DagBag from /home/philip/de_engineering/airflow_projects/airflow1/venv/lib/python3.10/site-packages/airflow/example_dags/example_xcomargs.py
[2025-03-06T14:45:54.925+0100] {processor.py:840} INFO - DAG(s) 'example_xcom_args_with_operators', 'example_xcom_args' retrieved from /home/philip/de_engineering/airflow_projects/airflow1/venv/lib/python3.10/site-packages/airflow/example_dags/example_xcomargs.py
[2025-03-06T14:45:54.943+0100] {logging_mixin.py:188} INFO - [2025-03-06T14:45:54.943+0100] {dag.py:3036} INFO - Sync 2 DAGs
[2025-03-06T14:45:54.956+0100] {logging_mixin.py:188} INFO - [2025-03-06T14:45:54.956+0100] {dag.py:3823} INFO - Setting next_dagrun for example_xcom_args to None, run_after=None
[2025-03-06T14:45:54.959+0100] {logging_mixin.py:188} INFO - [2025-03-06T14:45:54.959+0100] {dag.py:3823} INFO - Setting next_dagrun for example_xcom_args_with_operators to None, run_after=None
[2025-03-06T14:45:54.991+0100] {processor.py:183} INFO - Processing /home/philip/de_engineering/airflow_projects/airflow1/venv/lib/python3.10/site-packages/airflow/example_dags/example_xcomargs.py took 0.083 seconds
[2025-03-06T14:46:34.020+0100] {processor.py:161} INFO - Started process (PID=10285) to work on /home/philip/de_engineering/airflow_projects/airflow1/venv/lib/python3.10/site-packages/airflow/example_dags/example_xcomargs.py
[2025-03-06T14:46:34.022+0100] {processor.py:830} INFO - Processing file /home/philip/de_engineering/airflow_projects/airflow1/venv/lib/python3.10/site-packages/airflow/example_dags/example_xcomargs.py for tasks to queue
[2025-03-06T14:46:34.024+0100] {logging_mixin.py:188} INFO - [2025-03-06T14:46:34.023+0100] {dagbag.py:538} INFO - Filling up the DagBag from /home/philip/de_engineering/airflow_projects/airflow1/venv/lib/python3.10/site-packages/airflow/example_dags/example_xcomargs.py
[2025-03-06T14:46:34.033+0100] {processor.py:840} INFO - DAG(s) 'example_xcom_args', 'example_xcom_args_with_operators' retrieved from /home/philip/de_engineering/airflow_projects/airflow1/venv/lib/python3.10/site-packages/airflow/example_dags/example_xcomargs.py
[2025-03-06T14:46:34.050+0100] {logging_mixin.py:188} INFO - [2025-03-06T14:46:34.049+0100] {dag.py:3036} INFO - Sync 2 DAGs
[2025-03-06T14:46:34.058+0100] {logging_mixin.py:188} INFO - [2025-03-06T14:46:34.058+0100] {dag.py:3823} INFO - Setting next_dagrun for example_xcom_args to None, run_after=None
[2025-03-06T14:46:34.061+0100] {logging_mixin.py:188} INFO - [2025-03-06T14:46:34.061+0100] {dag.py:3823} INFO - Setting next_dagrun for example_xcom_args_with_operators to None, run_after=None
[2025-03-06T14:46:34.088+0100] {processor.py:183} INFO - Processing /home/philip/de_engineering/airflow_projects/airflow1/venv/lib/python3.10/site-packages/airflow/example_dags/example_xcomargs.py took 0.071 seconds
