[2025-03-06T14:43:10.379+0100] {processor.py:161} INFO - Started process (PID=10071) to work on /home/philip/de_engineering/airflow_projects/airflow1/venv/lib/python3.10/site-packages/airflow/example_dags/example_skip_dag.py
[2025-03-06T14:43:10.380+0100] {processor.py:830} INFO - Processing file /home/philip/de_engineering/airflow_projects/airflow1/venv/lib/python3.10/site-packages/airflow/example_dags/example_skip_dag.py for tasks to queue
[2025-03-06T14:43:10.381+0100] {logging_mixin.py:188} INFO - [2025-03-06T14:43:10.381+0100] {dagbag.py:538} INFO - Filling up the DagBag from /home/philip/de_engineering/airflow_projects/airflow1/venv/lib/python3.10/site-packages/airflow/example_dags/example_skip_dag.py
[2025-03-06T14:43:10.389+0100] {processor.py:840} INFO - DAG(s) 'example_skip_dag' retrieved from /home/philip/de_engineering/airflow_projects/airflow1/venv/lib/python3.10/site-packages/airflow/example_dags/example_skip_dag.py
[2025-03-06T14:43:10.522+0100] {logging_mixin.py:188} INFO - [2025-03-06T14:43:10.521+0100] {override.py:1769} INFO - Created Permission View: can read on DAG:example_skip_dag
[2025-03-06T14:43:10.552+0100] {logging_mixin.py:188} INFO - [2025-03-06T14:43:10.552+0100] {override.py:1769} INFO - Created Permission View: can delete on DAG:example_skip_dag
[2025-03-06T14:43:10.570+0100] {logging_mixin.py:188} INFO - [2025-03-06T14:43:10.570+0100] {override.py:1769} INFO - Created Permission View: can edit on DAG:example_skip_dag
[2025-03-06T14:43:10.571+0100] {logging_mixin.py:188} INFO - [2025-03-06T14:43:10.571+0100] {dag.py:3036} INFO - Sync 1 DAGs
[2025-03-06T14:43:10.582+0100] {logging_mixin.py:188} INFO - [2025-03-06T14:43:10.582+0100] {dag.py:3058} INFO - Creating ORM DAG for example_skip_dag
[2025-03-06T14:43:10.590+0100] {logging_mixin.py:188} INFO - [2025-03-06T14:43:10.590+0100] {dag.py:3823} INFO - Setting next_dagrun for example_skip_dag to 2025-03-05 00:00:00+00:00, run_after=2025-03-06 00:00:00+00:00
[2025-03-06T14:43:10.624+0100] {processor.py:183} INFO - Processing /home/philip/de_engineering/airflow_projects/airflow1/venv/lib/python3.10/site-packages/airflow/example_dags/example_skip_dag.py took 0.248 seconds
[2025-03-06T14:44:02.830+0100] {processor.py:161} INFO - Started process (PID=10121) to work on /home/philip/de_engineering/airflow_projects/airflow1/venv/lib/python3.10/site-packages/airflow/example_dags/example_skip_dag.py
[2025-03-06T14:44:02.831+0100] {processor.py:830} INFO - Processing file /home/philip/de_engineering/airflow_projects/airflow1/venv/lib/python3.10/site-packages/airflow/example_dags/example_skip_dag.py for tasks to queue
[2025-03-06T14:44:02.833+0100] {logging_mixin.py:188} INFO - [2025-03-06T14:44:02.832+0100] {dagbag.py:538} INFO - Filling up the DagBag from /home/philip/de_engineering/airflow_projects/airflow1/venv/lib/python3.10/site-packages/airflow/example_dags/example_skip_dag.py
[2025-03-06T14:44:02.840+0100] {processor.py:840} INFO - DAG(s) 'example_skip_dag' retrieved from /home/philip/de_engineering/airflow_projects/airflow1/venv/lib/python3.10/site-packages/airflow/example_dags/example_skip_dag.py
[2025-03-06T14:44:02.853+0100] {logging_mixin.py:188} INFO - [2025-03-06T14:44:02.853+0100] {dag.py:3036} INFO - Sync 1 DAGs
[2025-03-06T14:44:02.876+0100] {logging_mixin.py:188} INFO - [2025-03-06T14:44:02.875+0100] {dag.py:3823} INFO - Setting next_dagrun for example_skip_dag to 2025-03-05 00:00:00+00:00, run_after=2025-03-06 00:00:00+00:00
[2025-03-06T14:44:02.914+0100] {processor.py:183} INFO - Processing /home/philip/de_engineering/airflow_projects/airflow1/venv/lib/python3.10/site-packages/airflow/example_dags/example_skip_dag.py took 0.088 seconds
[2025-03-06T14:44:49.582+0100] {processor.py:161} INFO - Started process (PID=10171) to work on /home/philip/de_engineering/airflow_projects/airflow1/venv/lib/python3.10/site-packages/airflow/example_dags/example_skip_dag.py
[2025-03-06T14:44:49.584+0100] {processor.py:830} INFO - Processing file /home/philip/de_engineering/airflow_projects/airflow1/venv/lib/python3.10/site-packages/airflow/example_dags/example_skip_dag.py for tasks to queue
[2025-03-06T14:44:49.584+0100] {logging_mixin.py:188} INFO - [2025-03-06T14:44:49.584+0100] {dagbag.py:538} INFO - Filling up the DagBag from /home/philip/de_engineering/airflow_projects/airflow1/venv/lib/python3.10/site-packages/airflow/example_dags/example_skip_dag.py
[2025-03-06T14:44:49.591+0100] {processor.py:840} INFO - DAG(s) 'example_skip_dag' retrieved from /home/philip/de_engineering/airflow_projects/airflow1/venv/lib/python3.10/site-packages/airflow/example_dags/example_skip_dag.py
[2025-03-06T14:44:49.604+0100] {logging_mixin.py:188} INFO - [2025-03-06T14:44:49.603+0100] {dag.py:3036} INFO - Sync 1 DAGs
[2025-03-06T14:44:49.619+0100] {logging_mixin.py:188} INFO - [2025-03-06T14:44:49.619+0100] {dag.py:3823} INFO - Setting next_dagrun for example_skip_dag to 2025-03-05 00:00:00+00:00, run_after=2025-03-06 00:00:00+00:00
[2025-03-06T14:44:49.648+0100] {processor.py:183} INFO - Processing /home/philip/de_engineering/airflow_projects/airflow1/venv/lib/python3.10/site-packages/airflow/example_dags/example_skip_dag.py took 0.068 seconds
[2025-03-06T14:45:47.413+0100] {processor.py:161} INFO - Started process (PID=10235) to work on /home/philip/de_engineering/airflow_projects/airflow1/venv/lib/python3.10/site-packages/airflow/example_dags/example_skip_dag.py
[2025-03-06T14:45:47.415+0100] {processor.py:830} INFO - Processing file /home/philip/de_engineering/airflow_projects/airflow1/venv/lib/python3.10/site-packages/airflow/example_dags/example_skip_dag.py for tasks to queue
[2025-03-06T14:45:47.416+0100] {logging_mixin.py:188} INFO - [2025-03-06T14:45:47.416+0100] {dagbag.py:538} INFO - Filling up the DagBag from /home/philip/de_engineering/airflow_projects/airflow1/venv/lib/python3.10/site-packages/airflow/example_dags/example_skip_dag.py
[2025-03-06T14:45:47.424+0100] {processor.py:840} INFO - DAG(s) 'example_skip_dag' retrieved from /home/philip/de_engineering/airflow_projects/airflow1/venv/lib/python3.10/site-packages/airflow/example_dags/example_skip_dag.py
[2025-03-06T14:45:47.448+0100] {logging_mixin.py:188} INFO - [2025-03-06T14:45:47.448+0100] {dag.py:3036} INFO - Sync 1 DAGs
[2025-03-06T14:45:47.481+0100] {logging_mixin.py:188} INFO - [2025-03-06T14:45:47.480+0100] {dag.py:3823} INFO - Setting next_dagrun for example_skip_dag to 2025-03-05 00:00:00+00:00, run_after=2025-03-06 00:00:00+00:00
[2025-03-06T14:45:47.526+0100] {processor.py:183} INFO - Processing /home/philip/de_engineering/airflow_projects/airflow1/venv/lib/python3.10/site-packages/airflow/example_dags/example_skip_dag.py took 0.116 seconds
