[2025-03-06T14:43:14.404+0100] {processor.py:161} INFO - Started process (PID=10074) to work on /home/philip/de_engineering/airflow_projects/airflow1/venv/lib/python3.10/site-packages/airflow/example_dags/example_branch_datetime_operator.py
[2025-03-06T14:43:14.405+0100] {processor.py:830} INFO - Processing file /home/philip/de_engineering/airflow_projects/airflow1/venv/lib/python3.10/site-packages/airflow/example_dags/example_branch_datetime_operator.py for tasks to queue
[2025-03-06T14:43:14.406+0100] {logging_mixin.py:188} INFO - [2025-03-06T14:43:14.406+0100] {dagbag.py:538} INFO - Filling up the DagBag from /home/philip/de_engineering/airflow_projects/airflow1/venv/lib/python3.10/site-packages/airflow/example_dags/example_branch_datetime_operator.py
[2025-03-06T14:43:14.422+0100] {processor.py:840} INFO - DAG(s) 'example_branch_datetime_operator_3', 'example_branch_datetime_operator_2', 'example_branch_datetime_operator' retrieved from /home/philip/de_engineering/airflow_projects/airflow1/venv/lib/python3.10/site-packages/airflow/example_dags/example_branch_datetime_operator.py
[2025-03-06T14:43:14.541+0100] {logging_mixin.py:188} INFO - [2025-03-06T14:43:14.540+0100] {override.py:1769} INFO - Created Permission View: can read on DAG:example_branch_datetime_operator_3
[2025-03-06T14:43:14.572+0100] {logging_mixin.py:188} INFO - [2025-03-06T14:43:14.571+0100] {override.py:1769} INFO - Created Permission View: can delete on DAG:example_branch_datetime_operator_3
[2025-03-06T14:43:14.589+0100] {logging_mixin.py:188} INFO - [2025-03-06T14:43:14.588+0100] {override.py:1769} INFO - Created Permission View: can edit on DAG:example_branch_datetime_operator_3
[2025-03-06T14:43:14.634+0100] {logging_mixin.py:188} INFO - [2025-03-06T14:43:14.633+0100] {override.py:1769} INFO - Created Permission View: can read on DAG:example_branch_datetime_operator_2
[2025-03-06T14:43:14.661+0100] {logging_mixin.py:188} INFO - [2025-03-06T14:43:14.660+0100] {override.py:1769} INFO - Created Permission View: can delete on DAG:example_branch_datetime_operator_2
[2025-03-06T14:43:14.679+0100] {logging_mixin.py:188} INFO - [2025-03-06T14:43:14.679+0100] {override.py:1769} INFO - Created Permission View: can edit on DAG:example_branch_datetime_operator_2
[2025-03-06T14:43:14.723+0100] {logging_mixin.py:188} INFO - [2025-03-06T14:43:14.723+0100] {override.py:1769} INFO - Created Permission View: can read on DAG:example_branch_datetime_operator
[2025-03-06T14:43:14.745+0100] {logging_mixin.py:188} INFO - [2025-03-06T14:43:14.744+0100] {override.py:1769} INFO - Created Permission View: can delete on DAG:example_branch_datetime_operator
[2025-03-06T14:43:14.766+0100] {logging_mixin.py:188} INFO - [2025-03-06T14:43:14.766+0100] {override.py:1769} INFO - Created Permission View: can edit on DAG:example_branch_datetime_operator
[2025-03-06T14:43:14.767+0100] {logging_mixin.py:188} INFO - [2025-03-06T14:43:14.766+0100] {dag.py:3036} INFO - Sync 3 DAGs
[2025-03-06T14:43:14.781+0100] {logging_mixin.py:188} INFO - [2025-03-06T14:43:14.781+0100] {dag.py:3058} INFO - Creating ORM DAG for example_branch_datetime_operator_2
[2025-03-06T14:43:14.782+0100] {logging_mixin.py:188} INFO - [2025-03-06T14:43:14.781+0100] {dag.py:3058} INFO - Creating ORM DAG for example_branch_datetime_operator_3
[2025-03-06T14:43:14.782+0100] {logging_mixin.py:188} INFO - [2025-03-06T14:43:14.782+0100] {dag.py:3058} INFO - Creating ORM DAG for example_branch_datetime_operator
[2025-03-06T14:43:14.791+0100] {logging_mixin.py:188} INFO - [2025-03-06T14:43:14.791+0100] {dag.py:3823} INFO - Setting next_dagrun for example_branch_datetime_operator to 2025-03-05 00:00:00+00:00, run_after=2025-03-06 00:00:00+00:00
[2025-03-06T14:43:14.792+0100] {logging_mixin.py:188} INFO - [2025-03-06T14:43:14.792+0100] {dag.py:3823} INFO - Setting next_dagrun for example_branch_datetime_operator_2 to 2025-03-05 00:00:00+00:00, run_after=2025-03-06 00:00:00+00:00
[2025-03-06T14:43:14.794+0100] {logging_mixin.py:188} INFO - [2025-03-06T14:43:14.793+0100] {dag.py:3823} INFO - Setting next_dagrun for example_branch_datetime_operator_3 to 2025-03-05 00:00:00+00:00, run_after=2025-03-06 00:00:00+00:00
[2025-03-06T14:43:14.847+0100] {processor.py:183} INFO - Processing /home/philip/de_engineering/airflow_projects/airflow1/venv/lib/python3.10/site-packages/airflow/example_dags/example_branch_datetime_operator.py took 0.446 seconds
[2025-03-06T14:44:05.555+0100] {processor.py:161} INFO - Started process (PID=10124) to work on /home/philip/de_engineering/airflow_projects/airflow1/venv/lib/python3.10/site-packages/airflow/example_dags/example_branch_datetime_operator.py
[2025-03-06T14:44:05.556+0100] {processor.py:830} INFO - Processing file /home/philip/de_engineering/airflow_projects/airflow1/venv/lib/python3.10/site-packages/airflow/example_dags/example_branch_datetime_operator.py for tasks to queue
[2025-03-06T14:44:05.557+0100] {logging_mixin.py:188} INFO - [2025-03-06T14:44:05.557+0100] {dagbag.py:538} INFO - Filling up the DagBag from /home/philip/de_engineering/airflow_projects/airflow1/venv/lib/python3.10/site-packages/airflow/example_dags/example_branch_datetime_operator.py
[2025-03-06T14:44:05.566+0100] {processor.py:840} INFO - DAG(s) 'example_branch_datetime_operator_3', 'example_branch_datetime_operator', 'example_branch_datetime_operator_2' retrieved from /home/philip/de_engineering/airflow_projects/airflow1/venv/lib/python3.10/site-packages/airflow/example_dags/example_branch_datetime_operator.py
[2025-03-06T14:44:05.583+0100] {logging_mixin.py:188} INFO - [2025-03-06T14:44:05.583+0100] {dag.py:3036} INFO - Sync 3 DAGs
[2025-03-06T14:44:05.601+0100] {logging_mixin.py:188} INFO - [2025-03-06T14:44:05.601+0100] {dag.py:3823} INFO - Setting next_dagrun for example_branch_datetime_operator to 2025-03-05 00:00:00+00:00, run_after=2025-03-06 00:00:00+00:00
[2025-03-06T14:44:05.605+0100] {logging_mixin.py:188} INFO - [2025-03-06T14:44:05.604+0100] {dag.py:3823} INFO - Setting next_dagrun for example_branch_datetime_operator_2 to 2025-03-05 00:00:00+00:00, run_after=2025-03-06 00:00:00+00:00
[2025-03-06T14:44:05.607+0100] {logging_mixin.py:188} INFO - [2025-03-06T14:44:05.607+0100] {dag.py:3823} INFO - Setting next_dagrun for example_branch_datetime_operator_3 to 2025-03-05 00:00:00+00:00, run_after=2025-03-06 00:00:00+00:00
[2025-03-06T14:44:05.645+0100] {processor.py:183} INFO - Processing /home/philip/de_engineering/airflow_projects/airflow1/venv/lib/python3.10/site-packages/airflow/example_dags/example_branch_datetime_operator.py took 0.093 seconds
[2025-03-06T14:44:52.844+0100] {processor.py:161} INFO - Started process (PID=10174) to work on /home/philip/de_engineering/airflow_projects/airflow1/venv/lib/python3.10/site-packages/airflow/example_dags/example_branch_datetime_operator.py
[2025-03-06T14:44:52.849+0100] {processor.py:830} INFO - Processing file /home/philip/de_engineering/airflow_projects/airflow1/venv/lib/python3.10/site-packages/airflow/example_dags/example_branch_datetime_operator.py for tasks to queue
[2025-03-06T14:44:52.851+0100] {logging_mixin.py:188} INFO - [2025-03-06T14:44:52.850+0100] {dagbag.py:538} INFO - Filling up the DagBag from /home/philip/de_engineering/airflow_projects/airflow1/venv/lib/python3.10/site-packages/airflow/example_dags/example_branch_datetime_operator.py
[2025-03-06T14:44:52.868+0100] {processor.py:840} INFO - DAG(s) 'example_branch_datetime_operator', 'example_branch_datetime_operator_3', 'example_branch_datetime_operator_2' retrieved from /home/philip/de_engineering/airflow_projects/airflow1/venv/lib/python3.10/site-packages/airflow/example_dags/example_branch_datetime_operator.py
[2025-03-06T14:44:52.888+0100] {logging_mixin.py:188} INFO - [2025-03-06T14:44:52.888+0100] {dag.py:3036} INFO - Sync 3 DAGs
[2025-03-06T14:44:52.909+0100] {logging_mixin.py:188} INFO - [2025-03-06T14:44:52.909+0100] {dag.py:3823} INFO - Setting next_dagrun for example_branch_datetime_operator to 2025-03-05 00:00:00+00:00, run_after=2025-03-06 00:00:00+00:00
[2025-03-06T14:44:52.912+0100] {logging_mixin.py:188} INFO - [2025-03-06T14:44:52.912+0100] {dag.py:3823} INFO - Setting next_dagrun for example_branch_datetime_operator_2 to 2025-03-05 00:00:00+00:00, run_after=2025-03-06 00:00:00+00:00
[2025-03-06T14:44:52.915+0100] {logging_mixin.py:188} INFO - [2025-03-06T14:44:52.914+0100] {dag.py:3823} INFO - Setting next_dagrun for example_branch_datetime_operator_3 to 2025-03-05 00:00:00+00:00, run_after=2025-03-06 00:00:00+00:00
[2025-03-06T14:44:52.957+0100] {processor.py:183} INFO - Processing /home/philip/de_engineering/airflow_projects/airflow1/venv/lib/python3.10/site-packages/airflow/example_dags/example_branch_datetime_operator.py took 0.123 seconds
[2025-03-06T14:45:50.492+0100] {processor.py:161} INFO - Started process (PID=10238) to work on /home/philip/de_engineering/airflow_projects/airflow1/venv/lib/python3.10/site-packages/airflow/example_dags/example_branch_datetime_operator.py
[2025-03-06T14:45:50.514+0100] {processor.py:830} INFO - Processing file /home/philip/de_engineering/airflow_projects/airflow1/venv/lib/python3.10/site-packages/airflow/example_dags/example_branch_datetime_operator.py for tasks to queue
[2025-03-06T14:45:50.515+0100] {logging_mixin.py:188} INFO - [2025-03-06T14:45:50.515+0100] {dagbag.py:538} INFO - Filling up the DagBag from /home/philip/de_engineering/airflow_projects/airflow1/venv/lib/python3.10/site-packages/airflow/example_dags/example_branch_datetime_operator.py
[2025-03-06T14:45:50.532+0100] {processor.py:840} INFO - DAG(s) 'example_branch_datetime_operator_2', 'example_branch_datetime_operator_3', 'example_branch_datetime_operator' retrieved from /home/philip/de_engineering/airflow_projects/airflow1/venv/lib/python3.10/site-packages/airflow/example_dags/example_branch_datetime_operator.py
[2025-03-06T14:45:50.563+0100] {logging_mixin.py:188} INFO - [2025-03-06T14:45:50.563+0100] {dag.py:3036} INFO - Sync 3 DAGs
[2025-03-06T14:45:50.596+0100] {logging_mixin.py:188} INFO - [2025-03-06T14:45:50.595+0100] {dag.py:3823} INFO - Setting next_dagrun for example_branch_datetime_operator to 2025-03-05 00:00:00+00:00, run_after=2025-03-06 00:00:00+00:00
[2025-03-06T14:45:50.604+0100] {logging_mixin.py:188} INFO - [2025-03-06T14:45:50.604+0100] {dag.py:3823} INFO - Setting next_dagrun for example_branch_datetime_operator_2 to 2025-03-05 00:00:00+00:00, run_after=2025-03-06 00:00:00+00:00
[2025-03-06T14:45:50.609+0100] {logging_mixin.py:188} INFO - [2025-03-06T14:45:50.608+0100] {dag.py:3823} INFO - Setting next_dagrun for example_branch_datetime_operator_3 to 2025-03-05 00:00:00+00:00, run_after=2025-03-06 00:00:00+00:00
[2025-03-06T14:45:50.652+0100] {processor.py:183} INFO - Processing /home/philip/de_engineering/airflow_projects/airflow1/venv/lib/python3.10/site-packages/airflow/example_dags/example_branch_datetime_operator.py took 0.164 seconds
