[2025-03-06T14:43:20.571+0100] {processor.py:161} INFO - Started process (PID=10079) to work on /home/philip/de_engineering/airflow_projects/airflow1/venv/lib/python3.10/site-packages/airflow/example_dags/example_kubernetes_executor.py
[2025-03-06T14:43:20.572+0100] {processor.py:830} INFO - Processing file /home/philip/de_engineering/airflow_projects/airflow1/venv/lib/python3.10/site-packages/airflow/example_dags/example_kubernetes_executor.py for tasks to queue
[2025-03-06T14:43:20.573+0100] {logging_mixin.py:188} INFO - [2025-03-06T14:43:20.573+0100] {dagbag.py:538} INFO - Filling up the DagBag from /home/philip/de_engineering/airflow_projects/airflow1/venv/lib/python3.10/site-packages/airflow/example_dags/example_kubernetes_executor.py
[2025-03-06T14:43:20.576+0100] {logging_mixin.py:188} INFO - [2025-03-06T14:43:20.576+0100] {example_kubernetes_executor.py:38} WARNING - The example_kubernetes_executor example DAG requires the kubernetes provider. Please install it with: pip install apache-airflow[cncf.kubernetes]
[2025-03-06T14:43:20.576+0100] {processor.py:842} WARNING - No viable dags retrieved from /home/philip/de_engineering/airflow_projects/airflow1/venv/lib/python3.10/site-packages/airflow/example_dags/example_kubernetes_executor.py
[2025-03-06T14:43:20.585+0100] {processor.py:183} INFO - Processing /home/philip/de_engineering/airflow_projects/airflow1/venv/lib/python3.10/site-packages/airflow/example_dags/example_kubernetes_executor.py took 0.016 seconds
[2025-03-06T14:44:10.840+0100] {processor.py:161} INFO - Started process (PID=10129) to work on /home/philip/de_engineering/airflow_projects/airflow1/venv/lib/python3.10/site-packages/airflow/example_dags/example_kubernetes_executor.py
[2025-03-06T14:44:10.842+0100] {processor.py:830} INFO - Processing file /home/philip/de_engineering/airflow_projects/airflow1/venv/lib/python3.10/site-packages/airflow/example_dags/example_kubernetes_executor.py for tasks to queue
[2025-03-06T14:44:10.843+0100] {logging_mixin.py:188} INFO - [2025-03-06T14:44:10.843+0100] {dagbag.py:538} INFO - Filling up the DagBag from /home/philip/de_engineering/airflow_projects/airflow1/venv/lib/python3.10/site-packages/airflow/example_dags/example_kubernetes_executor.py
[2025-03-06T14:44:10.846+0100] {logging_mixin.py:188} INFO - [2025-03-06T14:44:10.846+0100] {example_kubernetes_executor.py:38} WARNING - The example_kubernetes_executor example DAG requires the kubernetes provider. Please install it with: pip install apache-airflow[cncf.kubernetes]
[2025-03-06T14:44:10.847+0100] {processor.py:842} WARNING - No viable dags retrieved from /home/philip/de_engineering/airflow_projects/airflow1/venv/lib/python3.10/site-packages/airflow/example_dags/example_kubernetes_executor.py
[2025-03-06T14:44:10.856+0100] {processor.py:183} INFO - Processing /home/philip/de_engineering/airflow_projects/airflow1/venv/lib/python3.10/site-packages/airflow/example_dags/example_kubernetes_executor.py took 0.018 seconds
[2025-03-06T14:45:05.539+0100] {processor.py:161} INFO - Started process (PID=10190) to work on /home/philip/de_engineering/airflow_projects/airflow1/venv/lib/python3.10/site-packages/airflow/example_dags/example_kubernetes_executor.py
[2025-03-06T14:45:05.541+0100] {processor.py:830} INFO - Processing file /home/philip/de_engineering/airflow_projects/airflow1/venv/lib/python3.10/site-packages/airflow/example_dags/example_kubernetes_executor.py for tasks to queue
[2025-03-06T14:45:05.542+0100] {logging_mixin.py:188} INFO - [2025-03-06T14:45:05.541+0100] {dagbag.py:538} INFO - Filling up the DagBag from /home/philip/de_engineering/airflow_projects/airflow1/venv/lib/python3.10/site-packages/airflow/example_dags/example_kubernetes_executor.py
[2025-03-06T14:45:05.544+0100] {logging_mixin.py:188} INFO - [2025-03-06T14:45:05.544+0100] {example_kubernetes_executor.py:38} WARNING - The example_kubernetes_executor example DAG requires the kubernetes provider. Please install it with: pip install apache-airflow[cncf.kubernetes]
[2025-03-06T14:45:05.545+0100] {processor.py:842} WARNING - No viable dags retrieved from /home/philip/de_engineering/airflow_projects/airflow1/venv/lib/python3.10/site-packages/airflow/example_dags/example_kubernetes_executor.py
[2025-03-06T14:45:05.553+0100] {processor.py:183} INFO - Processing /home/philip/de_engineering/airflow_projects/airflow1/venv/lib/python3.10/site-packages/airflow/example_dags/example_kubernetes_executor.py took 0.018 seconds
[2025-03-06T14:46:05.903+0100] {processor.py:161} INFO - Started process (PID=10255) to work on /home/philip/de_engineering/airflow_projects/airflow1/venv/lib/python3.10/site-packages/airflow/example_dags/example_kubernetes_executor.py
[2025-03-06T14:46:05.949+0100] {processor.py:830} INFO - Processing file /home/philip/de_engineering/airflow_projects/airflow1/venv/lib/python3.10/site-packages/airflow/example_dags/example_kubernetes_executor.py for tasks to queue
[2025-03-06T14:46:05.950+0100] {logging_mixin.py:188} INFO - [2025-03-06T14:46:05.949+0100] {dagbag.py:538} INFO - Filling up the DagBag from /home/philip/de_engineering/airflow_projects/airflow1/venv/lib/python3.10/site-packages/airflow/example_dags/example_kubernetes_executor.py
[2025-03-06T14:46:05.953+0100] {logging_mixin.py:188} INFO - [2025-03-06T14:46:05.953+0100] {example_kubernetes_executor.py:38} WARNING - The example_kubernetes_executor example DAG requires the kubernetes provider. Please install it with: pip install apache-airflow[cncf.kubernetes]
[2025-03-06T14:46:05.954+0100] {processor.py:842} WARNING - No viable dags retrieved from /home/philip/de_engineering/airflow_projects/airflow1/venv/lib/python3.10/site-packages/airflow/example_dags/example_kubernetes_executor.py
[2025-03-06T14:46:05.969+0100] {processor.py:183} INFO - Processing /home/philip/de_engineering/airflow_projects/airflow1/venv/lib/python3.10/site-packages/airflow/example_dags/example_kubernetes_executor.py took 0.069 seconds
