[2025-03-06T14:42:45.171+0100] {processor.py:161} INFO - Started process (PID=10048) to work on /home/philip/de_engineering/airflow_projects/airflow1/venv/lib/python3.10/site-packages/airflow/example_dags/example_xcom.py
[2025-03-06T14:42:45.173+0100] {processor.py:830} INFO - Processing file /home/philip/de_engineering/airflow_projects/airflow1/venv/lib/python3.10/site-packages/airflow/example_dags/example_xcom.py for tasks to queue
[2025-03-06T14:42:45.174+0100] {logging_mixin.py:188} INFO - [2025-03-06T14:42:45.173+0100] {dagbag.py:538} INFO - Filling up the DagBag from /home/philip/de_engineering/airflow_projects/airflow1/venv/lib/python3.10/site-packages/airflow/example_dags/example_xcom.py
[2025-03-06T14:42:45.189+0100] {processor.py:840} INFO - DAG(s) 'example_xcom' retrieved from /home/philip/de_engineering/airflow_projects/airflow1/venv/lib/python3.10/site-packages/airflow/example_dags/example_xcom.py
[2025-03-06T14:42:45.340+0100] {logging_mixin.py:188} INFO - [2025-03-06T14:42:45.338+0100] {override.py:1769} INFO - Created Permission View: can read on DAG:example_xcom
[2025-03-06T14:42:45.365+0100] {logging_mixin.py:188} INFO - [2025-03-06T14:42:45.365+0100] {override.py:1769} INFO - Created Permission View: can delete on DAG:example_xcom
[2025-03-06T14:42:45.386+0100] {logging_mixin.py:188} INFO - [2025-03-06T14:42:45.386+0100] {override.py:1769} INFO - Created Permission View: can edit on DAG:example_xcom
[2025-03-06T14:42:45.387+0100] {logging_mixin.py:188} INFO - [2025-03-06T14:42:45.386+0100] {dag.py:3036} INFO - Sync 1 DAGs
[2025-03-06T14:42:45.405+0100] {logging_mixin.py:188} INFO - [2025-03-06T14:42:45.404+0100] {dag.py:3058} INFO - Creating ORM DAG for example_xcom
[2025-03-06T14:42:45.417+0100] {logging_mixin.py:188} INFO - [2025-03-06T14:42:45.417+0100] {dag.py:3823} INFO - Setting next_dagrun for example_xcom to 2021-01-01 00:00:00+00:00, run_after=2021-01-01 00:00:00+00:00
[2025-03-06T14:42:45.454+0100] {processor.py:183} INFO - Processing /home/philip/de_engineering/airflow_projects/airflow1/venv/lib/python3.10/site-packages/airflow/example_dags/example_xcom.py took 0.288 seconds
[2025-03-06T14:43:40.413+0100] {processor.py:161} INFO - Started process (PID=10098) to work on /home/philip/de_engineering/airflow_projects/airflow1/venv/lib/python3.10/site-packages/airflow/example_dags/example_xcom.py
[2025-03-06T14:43:40.450+0100] {processor.py:830} INFO - Processing file /home/philip/de_engineering/airflow_projects/airflow1/venv/lib/python3.10/site-packages/airflow/example_dags/example_xcom.py for tasks to queue
[2025-03-06T14:43:40.451+0100] {logging_mixin.py:188} INFO - [2025-03-06T14:43:40.451+0100] {dagbag.py:538} INFO - Filling up the DagBag from /home/philip/de_engineering/airflow_projects/airflow1/venv/lib/python3.10/site-packages/airflow/example_dags/example_xcom.py
[2025-03-06T14:43:40.460+0100] {processor.py:840} INFO - DAG(s) 'example_xcom' retrieved from /home/philip/de_engineering/airflow_projects/airflow1/venv/lib/python3.10/site-packages/airflow/example_dags/example_xcom.py
[2025-03-06T14:43:40.475+0100] {logging_mixin.py:188} INFO - [2025-03-06T14:43:40.475+0100] {dag.py:3036} INFO - Sync 1 DAGs
[2025-03-06T14:43:40.493+0100] {logging_mixin.py:188} INFO - [2025-03-06T14:43:40.493+0100] {dag.py:3823} INFO - Setting next_dagrun for example_xcom to 2021-01-01 00:00:00+00:00, run_after=2021-01-01 00:00:00+00:00
[2025-03-06T14:43:40.524+0100] {processor.py:183} INFO - Processing /home/philip/de_engineering/airflow_projects/airflow1/venv/lib/python3.10/site-packages/airflow/example_dags/example_xcom.py took 0.113 seconds
[2025-03-06T14:44:22.913+0100] {processor.py:161} INFO - Started process (PID=10142) to work on /home/philip/de_engineering/airflow_projects/airflow1/venv/lib/python3.10/site-packages/airflow/example_dags/example_xcom.py
[2025-03-06T14:44:22.915+0100] {processor.py:830} INFO - Processing file /home/philip/de_engineering/airflow_projects/airflow1/venv/lib/python3.10/site-packages/airflow/example_dags/example_xcom.py for tasks to queue
[2025-03-06T14:44:22.916+0100] {logging_mixin.py:188} INFO - [2025-03-06T14:44:22.916+0100] {dagbag.py:538} INFO - Filling up the DagBag from /home/philip/de_engineering/airflow_projects/airflow1/venv/lib/python3.10/site-packages/airflow/example_dags/example_xcom.py
[2025-03-06T14:44:22.923+0100] {processor.py:840} INFO - DAG(s) 'example_xcom' retrieved from /home/philip/de_engineering/airflow_projects/airflow1/venv/lib/python3.10/site-packages/airflow/example_dags/example_xcom.py
[2025-03-06T14:44:22.937+0100] {logging_mixin.py:188} INFO - [2025-03-06T14:44:22.937+0100] {dag.py:3036} INFO - Sync 1 DAGs
[2025-03-06T14:44:22.952+0100] {logging_mixin.py:188} INFO - [2025-03-06T14:44:22.952+0100] {dag.py:3823} INFO - Setting next_dagrun for example_xcom to 2021-01-01 00:00:00+00:00, run_after=2021-01-01 00:00:00+00:00
[2025-03-06T14:44:22.981+0100] {processor.py:183} INFO - Processing /home/philip/de_engineering/airflow_projects/airflow1/venv/lib/python3.10/site-packages/airflow/example_dags/example_xcom.py took 0.070 seconds
[2025-03-06T14:44:59.875+0100] {processor.py:161} INFO - Started process (PID=10182) to work on /home/philip/de_engineering/airflow_projects/airflow1/venv/lib/python3.10/site-packages/airflow/example_dags/example_xcom.py
[2025-03-06T14:44:59.876+0100] {processor.py:830} INFO - Processing file /home/philip/de_engineering/airflow_projects/airflow1/venv/lib/python3.10/site-packages/airflow/example_dags/example_xcom.py for tasks to queue
[2025-03-06T14:44:59.877+0100] {logging_mixin.py:188} INFO - [2025-03-06T14:44:59.877+0100] {dagbag.py:538} INFO - Filling up the DagBag from /home/philip/de_engineering/airflow_projects/airflow1/venv/lib/python3.10/site-packages/airflow/example_dags/example_xcom.py
[2025-03-06T14:44:59.886+0100] {processor.py:840} INFO - DAG(s) 'example_xcom' retrieved from /home/philip/de_engineering/airflow_projects/airflow1/venv/lib/python3.10/site-packages/airflow/example_dags/example_xcom.py
[2025-03-06T14:44:59.901+0100] {logging_mixin.py:188} INFO - [2025-03-06T14:44:59.901+0100] {dag.py:3036} INFO - Sync 1 DAGs
[2025-03-06T14:44:59.919+0100] {logging_mixin.py:188} INFO - [2025-03-06T14:44:59.919+0100] {dag.py:3823} INFO - Setting next_dagrun for example_xcom to 2021-01-01 00:00:00+00:00, run_after=2021-01-01 00:00:00+00:00
[2025-03-06T14:44:59.961+0100] {processor.py:183} INFO - Processing /home/philip/de_engineering/airflow_projects/airflow1/venv/lib/python3.10/site-packages/airflow/example_dags/example_xcom.py took 0.090 seconds
[2025-03-06T14:45:38.461+0100] {processor.py:161} INFO - Started process (PID=10223) to work on /home/philip/de_engineering/airflow_projects/airflow1/venv/lib/python3.10/site-packages/airflow/example_dags/example_xcom.py
[2025-03-06T14:45:38.462+0100] {processor.py:830} INFO - Processing file /home/philip/de_engineering/airflow_projects/airflow1/venv/lib/python3.10/site-packages/airflow/example_dags/example_xcom.py for tasks to queue
[2025-03-06T14:45:38.463+0100] {logging_mixin.py:188} INFO - [2025-03-06T14:45:38.463+0100] {dagbag.py:538} INFO - Filling up the DagBag from /home/philip/de_engineering/airflow_projects/airflow1/venv/lib/python3.10/site-packages/airflow/example_dags/example_xcom.py
[2025-03-06T14:45:38.470+0100] {processor.py:840} INFO - DAG(s) 'example_xcom' retrieved from /home/philip/de_engineering/airflow_projects/airflow1/venv/lib/python3.10/site-packages/airflow/example_dags/example_xcom.py
[2025-03-06T14:45:38.484+0100] {logging_mixin.py:188} INFO - [2025-03-06T14:45:38.484+0100] {dag.py:3036} INFO - Sync 1 DAGs
[2025-03-06T14:45:38.499+0100] {logging_mixin.py:188} INFO - [2025-03-06T14:45:38.499+0100] {dag.py:3823} INFO - Setting next_dagrun for example_xcom to 2021-01-01 00:00:00+00:00, run_after=2021-01-01 00:00:00+00:00
[2025-03-06T14:45:38.536+0100] {processor.py:183} INFO - Processing /home/philip/de_engineering/airflow_projects/airflow1/venv/lib/python3.10/site-packages/airflow/example_dags/example_xcom.py took 0.078 seconds
[2025-03-06T14:46:18.471+0100] {processor.py:161} INFO - Started process (PID=10267) to work on /home/philip/de_engineering/airflow_projects/airflow1/venv/lib/python3.10/site-packages/airflow/example_dags/example_xcom.py
[2025-03-06T14:46:18.473+0100] {processor.py:830} INFO - Processing file /home/philip/de_engineering/airflow_projects/airflow1/venv/lib/python3.10/site-packages/airflow/example_dags/example_xcom.py for tasks to queue
[2025-03-06T14:46:18.474+0100] {logging_mixin.py:188} INFO - [2025-03-06T14:46:18.474+0100] {dagbag.py:538} INFO - Filling up the DagBag from /home/philip/de_engineering/airflow_projects/airflow1/venv/lib/python3.10/site-packages/airflow/example_dags/example_xcom.py
[2025-03-06T14:46:18.484+0100] {processor.py:840} INFO - DAG(s) 'example_xcom' retrieved from /home/philip/de_engineering/airflow_projects/airflow1/venv/lib/python3.10/site-packages/airflow/example_dags/example_xcom.py
[2025-03-06T14:46:18.500+0100] {logging_mixin.py:188} INFO - [2025-03-06T14:46:18.500+0100] {dag.py:3036} INFO - Sync 1 DAGs
[2025-03-06T14:46:18.521+0100] {logging_mixin.py:188} INFO - [2025-03-06T14:46:18.521+0100] {dag.py:3823} INFO - Setting next_dagrun for example_xcom to 2021-01-01 00:00:00+00:00, run_after=2021-01-01 00:00:00+00:00
[2025-03-06T14:46:18.556+0100] {processor.py:183} INFO - Processing /home/philip/de_engineering/airflow_projects/airflow1/venv/lib/python3.10/site-packages/airflow/example_dags/example_xcom.py took 0.088 seconds
