[2025-03-06T14:42:56.979+0100] {processor.py:161} INFO - Started process (PID=10060) to work on /home/philip/de_engineering/airflow_projects/airflow1/venv/lib/python3.10/site-packages/airflow/example_dags/example_bash_operator.py
[2025-03-06T14:42:56.980+0100] {processor.py:830} INFO - Processing file /home/philip/de_engineering/airflow_projects/airflow1/venv/lib/python3.10/site-packages/airflow/example_dags/example_bash_operator.py for tasks to queue
[2025-03-06T14:42:56.981+0100] {logging_mixin.py:188} INFO - [2025-03-06T14:42:56.981+0100] {dagbag.py:538} INFO - Filling up the DagBag from /home/philip/de_engineering/airflow_projects/airflow1/venv/lib/python3.10/site-packages/airflow/example_dags/example_bash_operator.py
[2025-03-06T14:42:57.015+0100] {processor.py:840} INFO - DAG(s) 'example_bash_operator' retrieved from /home/philip/de_engineering/airflow_projects/airflow1/venv/lib/python3.10/site-packages/airflow/example_dags/example_bash_operator.py
[2025-03-06T14:42:57.148+0100] {logging_mixin.py:188} INFO - [2025-03-06T14:42:57.147+0100] {override.py:1769} INFO - Created Permission View: can read on DAG:example_bash_operator
[2025-03-06T14:42:57.170+0100] {logging_mixin.py:188} INFO - [2025-03-06T14:42:57.170+0100] {override.py:1769} INFO - Created Permission View: can delete on DAG:example_bash_operator
[2025-03-06T14:42:57.189+0100] {logging_mixin.py:188} INFO - [2025-03-06T14:42:57.188+0100] {override.py:1769} INFO - Created Permission View: can edit on DAG:example_bash_operator
[2025-03-06T14:42:57.189+0100] {logging_mixin.py:188} INFO - [2025-03-06T14:42:57.189+0100] {dag.py:3036} INFO - Sync 1 DAGs
[2025-03-06T14:42:57.198+0100] {logging_mixin.py:188} INFO - [2025-03-06T14:42:57.198+0100] {dag.py:3058} INFO - Creating ORM DAG for example_bash_operator
[2025-03-06T14:42:57.210+0100] {logging_mixin.py:188} INFO - [2025-03-06T14:42:57.210+0100] {dag.py:3823} INFO - Setting next_dagrun for example_bash_operator to 2025-03-05 00:00:00+00:00, run_after=2025-03-06 00:00:00+00:00
[2025-03-06T14:42:57.246+0100] {processor.py:183} INFO - Processing /home/philip/de_engineering/airflow_projects/airflow1/venv/lib/python3.10/site-packages/airflow/example_dags/example_bash_operator.py took 0.271 seconds
[2025-03-06T14:43:51.036+0100] {processor.py:161} INFO - Started process (PID=10109) to work on /home/philip/de_engineering/airflow_projects/airflow1/venv/lib/python3.10/site-packages/airflow/example_dags/example_bash_operator.py
[2025-03-06T14:43:51.038+0100] {processor.py:830} INFO - Processing file /home/philip/de_engineering/airflow_projects/airflow1/venv/lib/python3.10/site-packages/airflow/example_dags/example_bash_operator.py for tasks to queue
[2025-03-06T14:43:51.040+0100] {logging_mixin.py:188} INFO - [2025-03-06T14:43:51.040+0100] {dagbag.py:538} INFO - Filling up the DagBag from /home/philip/de_engineering/airflow_projects/airflow1/venv/lib/python3.10/site-packages/airflow/example_dags/example_bash_operator.py
[2025-03-06T14:43:51.060+0100] {processor.py:840} INFO - DAG(s) 'example_bash_operator' retrieved from /home/philip/de_engineering/airflow_projects/airflow1/venv/lib/python3.10/site-packages/airflow/example_dags/example_bash_operator.py
[2025-03-06T14:43:51.086+0100] {logging_mixin.py:188} INFO - [2025-03-06T14:43:51.086+0100] {dag.py:3036} INFO - Sync 1 DAGs
[2025-03-06T14:43:51.102+0100] {logging_mixin.py:188} INFO - [2025-03-06T14:43:51.102+0100] {dag.py:3823} INFO - Setting next_dagrun for example_bash_operator to 2025-03-05 00:00:00+00:00, run_after=2025-03-06 00:00:00+00:00
[2025-03-06T14:43:51.136+0100] {processor.py:183} INFO - Processing /home/philip/de_engineering/airflow_projects/airflow1/venv/lib/python3.10/site-packages/airflow/example_dags/example_bash_operator.py took 0.106 seconds
[2025-03-06T14:44:39.281+0100] {processor.py:161} INFO - Started process (PID=10160) to work on /home/philip/de_engineering/airflow_projects/airflow1/venv/lib/python3.10/site-packages/airflow/example_dags/example_bash_operator.py
[2025-03-06T14:44:39.285+0100] {processor.py:830} INFO - Processing file /home/philip/de_engineering/airflow_projects/airflow1/venv/lib/python3.10/site-packages/airflow/example_dags/example_bash_operator.py for tasks to queue
[2025-03-06T14:44:39.287+0100] {logging_mixin.py:188} INFO - [2025-03-06T14:44:39.287+0100] {dagbag.py:538} INFO - Filling up the DagBag from /home/philip/de_engineering/airflow_projects/airflow1/venv/lib/python3.10/site-packages/airflow/example_dags/example_bash_operator.py
[2025-03-06T14:44:39.301+0100] {processor.py:840} INFO - DAG(s) 'example_bash_operator' retrieved from /home/philip/de_engineering/airflow_projects/airflow1/venv/lib/python3.10/site-packages/airflow/example_dags/example_bash_operator.py
[2025-03-06T14:44:39.323+0100] {logging_mixin.py:188} INFO - [2025-03-06T14:44:39.323+0100] {dag.py:3036} INFO - Sync 1 DAGs
[2025-03-06T14:44:39.347+0100] {logging_mixin.py:188} INFO - [2025-03-06T14:44:39.347+0100] {dag.py:3823} INFO - Setting next_dagrun for example_bash_operator to 2025-03-05 00:00:00+00:00, run_after=2025-03-06 00:00:00+00:00
[2025-03-06T14:44:39.382+0100] {processor.py:183} INFO - Processing /home/philip/de_engineering/airflow_projects/airflow1/venv/lib/python3.10/site-packages/airflow/example_dags/example_bash_operator.py took 0.107 seconds
[2025-03-06T14:45:22.003+0100] {processor.py:161} INFO - Started process (PID=10206) to work on /home/philip/de_engineering/airflow_projects/airflow1/venv/lib/python3.10/site-packages/airflow/example_dags/example_bash_operator.py
[2025-03-06T14:45:22.046+0100] {processor.py:830} INFO - Processing file /home/philip/de_engineering/airflow_projects/airflow1/venv/lib/python3.10/site-packages/airflow/example_dags/example_bash_operator.py for tasks to queue
[2025-03-06T14:45:22.048+0100] {logging_mixin.py:188} INFO - [2025-03-06T14:45:22.047+0100] {dagbag.py:538} INFO - Filling up the DagBag from /home/philip/de_engineering/airflow_projects/airflow1/venv/lib/python3.10/site-packages/airflow/example_dags/example_bash_operator.py
[2025-03-06T14:45:22.068+0100] {processor.py:840} INFO - DAG(s) 'example_bash_operator' retrieved from /home/philip/de_engineering/airflow_projects/airflow1/venv/lib/python3.10/site-packages/airflow/example_dags/example_bash_operator.py
[2025-03-06T14:45:22.087+0100] {logging_mixin.py:188} INFO - [2025-03-06T14:45:22.087+0100] {dag.py:3036} INFO - Sync 1 DAGs
[2025-03-06T14:45:22.103+0100] {logging_mixin.py:188} INFO - [2025-03-06T14:45:22.103+0100] {dag.py:3823} INFO - Setting next_dagrun for example_bash_operator to 2025-03-05 00:00:00+00:00, run_after=2025-03-06 00:00:00+00:00
[2025-03-06T14:45:22.135+0100] {processor.py:183} INFO - Processing /home/philip/de_engineering/airflow_projects/airflow1/venv/lib/python3.10/site-packages/airflow/example_dags/example_bash_operator.py took 0.135 seconds
[2025-03-06T14:46:02.516+0100] {processor.py:161} INFO - Started process (PID=10251) to work on /home/philip/de_engineering/airflow_projects/airflow1/venv/lib/python3.10/site-packages/airflow/example_dags/example_bash_operator.py
[2025-03-06T14:46:02.544+0100] {processor.py:830} INFO - Processing file /home/philip/de_engineering/airflow_projects/airflow1/venv/lib/python3.10/site-packages/airflow/example_dags/example_bash_operator.py for tasks to queue
[2025-03-06T14:46:02.546+0100] {logging_mixin.py:188} INFO - [2025-03-06T14:46:02.545+0100] {dagbag.py:538} INFO - Filling up the DagBag from /home/philip/de_engineering/airflow_projects/airflow1/venv/lib/python3.10/site-packages/airflow/example_dags/example_bash_operator.py
[2025-03-06T14:46:02.569+0100] {processor.py:840} INFO - DAG(s) 'example_bash_operator' retrieved from /home/philip/de_engineering/airflow_projects/airflow1/venv/lib/python3.10/site-packages/airflow/example_dags/example_bash_operator.py
[2025-03-06T14:46:02.601+0100] {logging_mixin.py:188} INFO - [2025-03-06T14:46:02.601+0100] {dag.py:3036} INFO - Sync 1 DAGs
[2025-03-06T14:46:02.645+0100] {logging_mixin.py:188} INFO - [2025-03-06T14:46:02.644+0100] {dag.py:3823} INFO - Setting next_dagrun for example_bash_operator to 2025-03-05 00:00:00+00:00, run_after=2025-03-06 00:00:00+00:00
[2025-03-06T14:46:02.697+0100] {processor.py:183} INFO - Processing /home/philip/de_engineering/airflow_projects/airflow1/venv/lib/python3.10/site-packages/airflow/example_dags/example_bash_operator.py took 0.186 seconds
