[2025-03-06T14:43:23.238+0100] {processor.py:161} INFO - Started process (PID=10083) to work on /home/philip/de_engineering/airflow_projects/airflow1/venv/lib/python3.10/site-packages/airflow/example_dags/example_params_ui_tutorial.py
[2025-03-06T14:43:23.239+0100] {processor.py:830} INFO - Processing file /home/philip/de_engineering/airflow_projects/airflow1/venv/lib/python3.10/site-packages/airflow/example_dags/example_params_ui_tutorial.py for tasks to queue
[2025-03-06T14:43:23.241+0100] {logging_mixin.py:188} INFO - [2025-03-06T14:43:23.240+0100] {dagbag.py:538} INFO - Filling up the DagBag from /home/philip/de_engineering/airflow_projects/airflow1/venv/lib/python3.10/site-packages/airflow/example_dags/example_params_ui_tutorial.py
[2025-03-06T14:43:23.256+0100] {processor.py:840} INFO - DAG(s) 'example_params_ui_tutorial' retrieved from /home/philip/de_engineering/airflow_projects/airflow1/venv/lib/python3.10/site-packages/airflow/example_dags/example_params_ui_tutorial.py
[2025-03-06T14:43:23.409+0100] {logging_mixin.py:188} INFO - [2025-03-06T14:43:23.409+0100] {override.py:1769} INFO - Created Permission View: can read on DAG:example_params_ui_tutorial
[2025-03-06T14:43:23.429+0100] {logging_mixin.py:188} INFO - [2025-03-06T14:43:23.429+0100] {override.py:1769} INFO - Created Permission View: can delete on DAG:example_params_ui_tutorial
[2025-03-06T14:43:23.447+0100] {logging_mixin.py:188} INFO - [2025-03-06T14:43:23.447+0100] {override.py:1769} INFO - Created Permission View: can edit on DAG:example_params_ui_tutorial
[2025-03-06T14:43:23.448+0100] {logging_mixin.py:188} INFO - [2025-03-06T14:43:23.448+0100] {dag.py:3036} INFO - Sync 1 DAGs
[2025-03-06T14:43:23.457+0100] {logging_mixin.py:188} INFO - [2025-03-06T14:43:23.457+0100] {dag.py:3058} INFO - Creating ORM DAG for example_params_ui_tutorial
[2025-03-06T14:43:23.457+0100] {logging_mixin.py:188} INFO - [2025-03-06T14:43:23.457+0100] {dag.py:3823} INFO - Setting next_dagrun for example_params_ui_tutorial to None, run_after=None
[2025-03-06T14:43:23.491+0100] {processor.py:183} INFO - Processing /home/philip/de_engineering/airflow_projects/airflow1/venv/lib/python3.10/site-packages/airflow/example_dags/example_params_ui_tutorial.py took 0.260 seconds
[2025-03-06T14:44:14.443+0100] {processor.py:161} INFO - Started process (PID=10132) to work on /home/philip/de_engineering/airflow_projects/airflow1/venv/lib/python3.10/site-packages/airflow/example_dags/example_params_ui_tutorial.py
[2025-03-06T14:44:14.478+0100] {processor.py:830} INFO - Processing file /home/philip/de_engineering/airflow_projects/airflow1/venv/lib/python3.10/site-packages/airflow/example_dags/example_params_ui_tutorial.py for tasks to queue
[2025-03-06T14:44:14.479+0100] {logging_mixin.py:188} INFO - [2025-03-06T14:44:14.479+0100] {dagbag.py:538} INFO - Filling up the DagBag from /home/philip/de_engineering/airflow_projects/airflow1/venv/lib/python3.10/site-packages/airflow/example_dags/example_params_ui_tutorial.py
[2025-03-06T14:44:14.494+0100] {processor.py:840} INFO - DAG(s) 'example_params_ui_tutorial' retrieved from /home/philip/de_engineering/airflow_projects/airflow1/venv/lib/python3.10/site-packages/airflow/example_dags/example_params_ui_tutorial.py
[2025-03-06T14:44:14.540+0100] {logging_mixin.py:188} INFO - [2025-03-06T14:44:14.539+0100] {dag.py:3036} INFO - Sync 1 DAGs
[2025-03-06T14:44:14.550+0100] {logging_mixin.py:188} INFO - [2025-03-06T14:44:14.550+0100] {dag.py:3823} INFO - Setting next_dagrun for example_params_ui_tutorial to None, run_after=None
[2025-03-06T14:44:14.581+0100] {processor.py:183} INFO - Processing /home/philip/de_engineering/airflow_projects/airflow1/venv/lib/python3.10/site-packages/airflow/example_dags/example_params_ui_tutorial.py took 0.141 seconds
[2025-03-06T14:45:09.036+0100] {processor.py:161} INFO - Started process (PID=10193) to work on /home/philip/de_engineering/airflow_projects/airflow1/venv/lib/python3.10/site-packages/airflow/example_dags/example_params_ui_tutorial.py
[2025-03-06T14:45:09.037+0100] {processor.py:830} INFO - Processing file /home/philip/de_engineering/airflow_projects/airflow1/venv/lib/python3.10/site-packages/airflow/example_dags/example_params_ui_tutorial.py for tasks to queue
[2025-03-06T14:45:09.038+0100] {logging_mixin.py:188} INFO - [2025-03-06T14:45:09.038+0100] {dagbag.py:538} INFO - Filling up the DagBag from /home/philip/de_engineering/airflow_projects/airflow1/venv/lib/python3.10/site-packages/airflow/example_dags/example_params_ui_tutorial.py
[2025-03-06T14:45:09.057+0100] {processor.py:840} INFO - DAG(s) 'example_params_ui_tutorial' retrieved from /home/philip/de_engineering/airflow_projects/airflow1/venv/lib/python3.10/site-packages/airflow/example_dags/example_params_ui_tutorial.py
[2025-03-06T14:45:09.099+0100] {logging_mixin.py:188} INFO - [2025-03-06T14:45:09.099+0100] {dag.py:3036} INFO - Sync 1 DAGs
[2025-03-06T14:45:09.108+0100] {logging_mixin.py:188} INFO - [2025-03-06T14:45:09.108+0100] {dag.py:3823} INFO - Setting next_dagrun for example_params_ui_tutorial to None, run_after=None
[2025-03-06T14:45:09.140+0100] {processor.py:183} INFO - Processing /home/philip/de_engineering/airflow_projects/airflow1/venv/lib/python3.10/site-packages/airflow/example_dags/example_params_ui_tutorial.py took 0.107 seconds
[2025-03-06T14:46:09.600+0100] {processor.py:161} INFO - Started process (PID=10258) to work on /home/philip/de_engineering/airflow_projects/airflow1/venv/lib/python3.10/site-packages/airflow/example_dags/example_params_ui_tutorial.py
[2025-03-06T14:46:09.601+0100] {processor.py:830} INFO - Processing file /home/philip/de_engineering/airflow_projects/airflow1/venv/lib/python3.10/site-packages/airflow/example_dags/example_params_ui_tutorial.py for tasks to queue
[2025-03-06T14:46:09.602+0100] {logging_mixin.py:188} INFO - [2025-03-06T14:46:09.602+0100] {dagbag.py:538} INFO - Filling up the DagBag from /home/philip/de_engineering/airflow_projects/airflow1/venv/lib/python3.10/site-packages/airflow/example_dags/example_params_ui_tutorial.py
[2025-03-06T14:46:09.616+0100] {processor.py:840} INFO - DAG(s) 'example_params_ui_tutorial' retrieved from /home/philip/de_engineering/airflow_projects/airflow1/venv/lib/python3.10/site-packages/airflow/example_dags/example_params_ui_tutorial.py
[2025-03-06T14:46:09.669+0100] {logging_mixin.py:188} INFO - [2025-03-06T14:46:09.668+0100] {dag.py:3036} INFO - Sync 1 DAGs
[2025-03-06T14:46:09.685+0100] {logging_mixin.py:188} INFO - [2025-03-06T14:46:09.685+0100] {dag.py:3823} INFO - Setting next_dagrun for example_params_ui_tutorial to None, run_after=None
[2025-03-06T14:46:09.717+0100] {processor.py:183} INFO - Processing /home/philip/de_engineering/airflow_projects/airflow1/venv/lib/python3.10/site-packages/airflow/example_dags/example_params_ui_tutorial.py took 0.121 seconds
