[2025-03-06T14:42:46.471+0100] {processor.py:161} INFO - Started process (PID=10049) to work on /home/philip/de_engineering/airflow_projects/airflow1/venv/lib/python3.10/site-packages/airflow/example_dags/example_time_delta_sensor_async.py
[2025-03-06T14:42:46.472+0100] {processor.py:830} INFO - Processing file /home/philip/de_engineering/airflow_projects/airflow1/venv/lib/python3.10/site-packages/airflow/example_dags/example_time_delta_sensor_async.py for tasks to queue
[2025-03-06T14:42:46.473+0100] {logging_mixin.py:188} INFO - [2025-03-06T14:42:46.473+0100] {dagbag.py:538} INFO - Filling up the DagBag from /home/philip/de_engineering/airflow_projects/airflow1/venv/lib/python3.10/site-packages/airflow/example_dags/example_time_delta_sensor_async.py
[2025-03-06T14:42:46.483+0100] {processor.py:840} INFO - DAG(s) 'example_time_delta_sensor_async' retrieved from /home/philip/de_engineering/airflow_projects/airflow1/venv/lib/python3.10/site-packages/airflow/example_dags/example_time_delta_sensor_async.py
[2025-03-06T14:42:46.632+0100] {logging_mixin.py:188} INFO - [2025-03-06T14:42:46.631+0100] {override.py:1769} INFO - Created Permission View: can read on DAG:example_time_delta_sensor_async
[2025-03-06T14:42:46.655+0100] {logging_mixin.py:188} INFO - [2025-03-06T14:42:46.654+0100] {override.py:1769} INFO - Created Permission View: can delete on DAG:example_time_delta_sensor_async
[2025-03-06T14:42:46.675+0100] {logging_mixin.py:188} INFO - [2025-03-06T14:42:46.674+0100] {override.py:1769} INFO - Created Permission View: can edit on DAG:example_time_delta_sensor_async
[2025-03-06T14:42:46.676+0100] {logging_mixin.py:188} INFO - [2025-03-06T14:42:46.675+0100] {dag.py:3036} INFO - Sync 1 DAGs
[2025-03-06T14:42:46.699+0100] {logging_mixin.py:188} INFO - [2025-03-06T14:42:46.699+0100] {dag.py:3058} INFO - Creating ORM DAG for example_time_delta_sensor_async
[2025-03-06T14:42:46.700+0100] {logging_mixin.py:188} INFO - [2025-03-06T14:42:46.700+0100] {dag.py:3823} INFO - Setting next_dagrun for example_time_delta_sensor_async to None, run_after=None
[2025-03-06T14:42:46.741+0100] {processor.py:183} INFO - Processing /home/philip/de_engineering/airflow_projects/airflow1/venv/lib/python3.10/site-packages/airflow/example_dags/example_time_delta_sensor_async.py took 0.274 seconds
[2025-03-06T14:43:41.681+0100] {processor.py:161} INFO - Started process (PID=10099) to work on /home/philip/de_engineering/airflow_projects/airflow1/venv/lib/python3.10/site-packages/airflow/example_dags/example_time_delta_sensor_async.py
[2025-03-06T14:43:41.684+0100] {processor.py:830} INFO - Processing file /home/philip/de_engineering/airflow_projects/airflow1/venv/lib/python3.10/site-packages/airflow/example_dags/example_time_delta_sensor_async.py for tasks to queue
[2025-03-06T14:43:41.687+0100] {logging_mixin.py:188} INFO - [2025-03-06T14:43:41.686+0100] {dagbag.py:538} INFO - Filling up the DagBag from /home/philip/de_engineering/airflow_projects/airflow1/venv/lib/python3.10/site-packages/airflow/example_dags/example_time_delta_sensor_async.py
[2025-03-06T14:43:41.695+0100] {processor.py:840} INFO - DAG(s) 'example_time_delta_sensor_async' retrieved from /home/philip/de_engineering/airflow_projects/airflow1/venv/lib/python3.10/site-packages/airflow/example_dags/example_time_delta_sensor_async.py
[2025-03-06T14:43:41.713+0100] {logging_mixin.py:188} INFO - [2025-03-06T14:43:41.712+0100] {dag.py:3036} INFO - Sync 1 DAGs
[2025-03-06T14:43:41.726+0100] {logging_mixin.py:188} INFO - [2025-03-06T14:43:41.726+0100] {dag.py:3823} INFO - Setting next_dagrun for example_time_delta_sensor_async to None, run_after=None
[2025-03-06T14:43:41.771+0100] {processor.py:183} INFO - Processing /home/philip/de_engineering/airflow_projects/airflow1/venv/lib/python3.10/site-packages/airflow/example_dags/example_time_delta_sensor_async.py took 0.100 seconds
[2025-03-06T14:44:24.047+0100] {processor.py:161} INFO - Started process (PID=10143) to work on /home/philip/de_engineering/airflow_projects/airflow1/venv/lib/python3.10/site-packages/airflow/example_dags/example_time_delta_sensor_async.py
[2025-03-06T14:44:24.049+0100] {processor.py:830} INFO - Processing file /home/philip/de_engineering/airflow_projects/airflow1/venv/lib/python3.10/site-packages/airflow/example_dags/example_time_delta_sensor_async.py for tasks to queue
[2025-03-06T14:44:24.050+0100] {logging_mixin.py:188} INFO - [2025-03-06T14:44:24.049+0100] {dagbag.py:538} INFO - Filling up the DagBag from /home/philip/de_engineering/airflow_projects/airflow1/venv/lib/python3.10/site-packages/airflow/example_dags/example_time_delta_sensor_async.py
[2025-03-06T14:44:24.055+0100] {processor.py:840} INFO - DAG(s) 'example_time_delta_sensor_async' retrieved from /home/philip/de_engineering/airflow_projects/airflow1/venv/lib/python3.10/site-packages/airflow/example_dags/example_time_delta_sensor_async.py
[2025-03-06T14:44:24.072+0100] {logging_mixin.py:188} INFO - [2025-03-06T14:44:24.072+0100] {dag.py:3036} INFO - Sync 1 DAGs
[2025-03-06T14:44:24.085+0100] {logging_mixin.py:188} INFO - [2025-03-06T14:44:24.085+0100] {dag.py:3823} INFO - Setting next_dagrun for example_time_delta_sensor_async to None, run_after=None
[2025-03-06T14:44:24.118+0100] {processor.py:183} INFO - Processing /home/philip/de_engineering/airflow_projects/airflow1/venv/lib/python3.10/site-packages/airflow/example_dags/example_time_delta_sensor_async.py took 0.074 seconds
[2025-03-06T14:45:12.673+0100] {processor.py:161} INFO - Started process (PID=10196) to work on /home/philip/de_engineering/airflow_projects/airflow1/venv/lib/python3.10/site-packages/airflow/example_dags/example_time_delta_sensor_async.py
[2025-03-06T14:45:12.675+0100] {processor.py:830} INFO - Processing file /home/philip/de_engineering/airflow_projects/airflow1/venv/lib/python3.10/site-packages/airflow/example_dags/example_time_delta_sensor_async.py for tasks to queue
[2025-03-06T14:45:12.675+0100] {logging_mixin.py:188} INFO - [2025-03-06T14:45:12.675+0100] {dagbag.py:538} INFO - Filling up the DagBag from /home/philip/de_engineering/airflow_projects/airflow1/venv/lib/python3.10/site-packages/airflow/example_dags/example_time_delta_sensor_async.py
[2025-03-06T14:45:12.679+0100] {processor.py:840} INFO - DAG(s) 'example_time_delta_sensor_async' retrieved from /home/philip/de_engineering/airflow_projects/airflow1/venv/lib/python3.10/site-packages/airflow/example_dags/example_time_delta_sensor_async.py
[2025-03-06T14:45:12.692+0100] {logging_mixin.py:188} INFO - [2025-03-06T14:45:12.692+0100] {dag.py:3036} INFO - Sync 1 DAGs
[2025-03-06T14:45:12.702+0100] {logging_mixin.py:188} INFO - [2025-03-06T14:45:12.701+0100] {dag.py:3823} INFO - Setting next_dagrun for example_time_delta_sensor_async to None, run_after=None
[2025-03-06T14:45:12.747+0100] {processor.py:183} INFO - Processing /home/philip/de_engineering/airflow_projects/airflow1/venv/lib/python3.10/site-packages/airflow/example_dags/example_time_delta_sensor_async.py took 0.076 seconds
[2025-03-06T14:45:53.057+0100] {processor.py:161} INFO - Started process (PID=10241) to work on /home/philip/de_engineering/airflow_projects/airflow1/venv/lib/python3.10/site-packages/airflow/example_dags/example_time_delta_sensor_async.py
[2025-03-06T14:45:53.097+0100] {processor.py:830} INFO - Processing file /home/philip/de_engineering/airflow_projects/airflow1/venv/lib/python3.10/site-packages/airflow/example_dags/example_time_delta_sensor_async.py for tasks to queue
[2025-03-06T14:45:53.098+0100] {logging_mixin.py:188} INFO - [2025-03-06T14:45:53.098+0100] {dagbag.py:538} INFO - Filling up the DagBag from /home/philip/de_engineering/airflow_projects/airflow1/venv/lib/python3.10/site-packages/airflow/example_dags/example_time_delta_sensor_async.py
[2025-03-06T14:45:53.106+0100] {processor.py:840} INFO - DAG(s) 'example_time_delta_sensor_async' retrieved from /home/philip/de_engineering/airflow_projects/airflow1/venv/lib/python3.10/site-packages/airflow/example_dags/example_time_delta_sensor_async.py
[2025-03-06T14:45:53.129+0100] {logging_mixin.py:188} INFO - [2025-03-06T14:45:53.129+0100] {dag.py:3036} INFO - Sync 1 DAGs
[2025-03-06T14:45:53.146+0100] {logging_mixin.py:188} INFO - [2025-03-06T14:45:53.146+0100] {dag.py:3823} INFO - Setting next_dagrun for example_time_delta_sensor_async to None, run_after=None
[2025-03-06T14:45:52.332+0100] {processor.py:183} INFO - Processing /home/philip/de_engineering/airflow_projects/airflow1/venv/lib/python3.10/site-packages/airflow/example_dags/example_time_delta_sensor_async.py took 0.135 seconds
[2025-03-06T14:46:31.435+0100] {processor.py:161} INFO - Started process (PID=10282) to work on /home/philip/de_engineering/airflow_projects/airflow1/venv/lib/python3.10/site-packages/airflow/example_dags/example_time_delta_sensor_async.py
[2025-03-06T14:46:31.437+0100] {processor.py:830} INFO - Processing file /home/philip/de_engineering/airflow_projects/airflow1/venv/lib/python3.10/site-packages/airflow/example_dags/example_time_delta_sensor_async.py for tasks to queue
[2025-03-06T14:46:31.438+0100] {logging_mixin.py:188} INFO - [2025-03-06T14:46:31.438+0100] {dagbag.py:538} INFO - Filling up the DagBag from /home/philip/de_engineering/airflow_projects/airflow1/venv/lib/python3.10/site-packages/airflow/example_dags/example_time_delta_sensor_async.py
[2025-03-06T14:46:31.442+0100] {processor.py:840} INFO - DAG(s) 'example_time_delta_sensor_async' retrieved from /home/philip/de_engineering/airflow_projects/airflow1/venv/lib/python3.10/site-packages/airflow/example_dags/example_time_delta_sensor_async.py
[2025-03-06T14:46:31.455+0100] {logging_mixin.py:188} INFO - [2025-03-06T14:46:31.454+0100] {dag.py:3036} INFO - Sync 1 DAGs
[2025-03-06T14:46:31.464+0100] {logging_mixin.py:188} INFO - [2025-03-06T14:46:31.463+0100] {dag.py:3823} INFO - Setting next_dagrun for example_time_delta_sensor_async to None, run_after=None
[2025-03-06T14:46:31.495+0100] {processor.py:183} INFO - Processing /home/philip/de_engineering/airflow_projects/airflow1/venv/lib/python3.10/site-packages/airflow/example_dags/example_time_delta_sensor_async.py took 0.062 seconds
