[2025-03-06T14:43:09.038+0100] {processor.py:161} INFO - Started process (PID=10070) to work on /home/philip/de_engineering/airflow_projects/airflow1/venv/lib/python3.10/site-packages/airflow/example_dags/example_branch_labels.py
[2025-03-06T14:43:09.039+0100] {processor.py:830} INFO - Processing file /home/philip/de_engineering/airflow_projects/airflow1/venv/lib/python3.10/site-packages/airflow/example_dags/example_branch_labels.py for tasks to queue
[2025-03-06T14:43:09.040+0100] {logging_mixin.py:188} INFO - [2025-03-06T14:43:09.040+0100] {dagbag.py:538} INFO - Filling up the DagBag from /home/philip/de_engineering/airflow_projects/airflow1/venv/lib/python3.10/site-packages/airflow/example_dags/example_branch_labels.py
[2025-03-06T14:43:09.050+0100] {processor.py:840} INFO - DAG(s) 'example_branch_labels' retrieved from /home/philip/de_engineering/airflow_projects/airflow1/venv/lib/python3.10/site-packages/airflow/example_dags/example_branch_labels.py
[2025-03-06T14:43:09.173+0100] {logging_mixin.py:188} INFO - [2025-03-06T14:43:09.173+0100] {override.py:1769} INFO - Created Permission View: can read on DAG:example_branch_labels
[2025-03-06T14:43:09.194+0100] {logging_mixin.py:188} INFO - [2025-03-06T14:43:09.193+0100] {override.py:1769} INFO - Created Permission View: can delete on DAG:example_branch_labels
[2025-03-06T14:43:09.212+0100] {logging_mixin.py:188} INFO - [2025-03-06T14:43:09.212+0100] {override.py:1769} INFO - Created Permission View: can edit on DAG:example_branch_labels
[2025-03-06T14:43:09.213+0100] {logging_mixin.py:188} INFO - [2025-03-06T14:43:09.213+0100] {dag.py:3036} INFO - Sync 1 DAGs
[2025-03-06T14:43:09.222+0100] {logging_mixin.py:188} INFO - [2025-03-06T14:43:09.222+0100] {dag.py:3058} INFO - Creating ORM DAG for example_branch_labels
[2025-03-06T14:43:09.232+0100] {logging_mixin.py:188} INFO - [2025-03-06T14:43:09.232+0100] {dag.py:3823} INFO - Setting next_dagrun for example_branch_labels to 2025-03-05 00:00:00+00:00, run_after=2025-03-06 00:00:00+00:00
[2025-03-06T14:43:09.264+0100] {processor.py:183} INFO - Processing /home/philip/de_engineering/airflow_projects/airflow1/venv/lib/python3.10/site-packages/airflow/example_dags/example_branch_labels.py took 0.229 seconds
[2025-03-06T14:44:01.687+0100] {processor.py:161} INFO - Started process (PID=10120) to work on /home/philip/de_engineering/airflow_projects/airflow1/venv/lib/python3.10/site-packages/airflow/example_dags/example_branch_labels.py
[2025-03-06T14:44:01.688+0100] {processor.py:830} INFO - Processing file /home/philip/de_engineering/airflow_projects/airflow1/venv/lib/python3.10/site-packages/airflow/example_dags/example_branch_labels.py for tasks to queue
[2025-03-06T14:44:01.689+0100] {logging_mixin.py:188} INFO - [2025-03-06T14:44:01.689+0100] {dagbag.py:538} INFO - Filling up the DagBag from /home/philip/de_engineering/airflow_projects/airflow1/venv/lib/python3.10/site-packages/airflow/example_dags/example_branch_labels.py
[2025-03-06T14:44:01.697+0100] {processor.py:840} INFO - DAG(s) 'example_branch_labels' retrieved from /home/philip/de_engineering/airflow_projects/airflow1/venv/lib/python3.10/site-packages/airflow/example_dags/example_branch_labels.py
[2025-03-06T14:44:01.711+0100] {logging_mixin.py:188} INFO - [2025-03-06T14:44:01.711+0100] {dag.py:3036} INFO - Sync 1 DAGs
[2025-03-06T14:44:01.727+0100] {logging_mixin.py:188} INFO - [2025-03-06T14:44:01.727+0100] {dag.py:3823} INFO - Setting next_dagrun for example_branch_labels to 2025-03-05 00:00:00+00:00, run_after=2025-03-06 00:00:00+00:00
[2025-03-06T14:44:01.757+0100] {processor.py:183} INFO - Processing /home/philip/de_engineering/airflow_projects/airflow1/venv/lib/python3.10/site-packages/airflow/example_dags/example_branch_labels.py took 0.073 seconds
[2025-03-06T14:44:49.394+0100] {processor.py:161} INFO - Started process (PID=10170) to work on /home/philip/de_engineering/airflow_projects/airflow1/venv/lib/python3.10/site-packages/airflow/example_dags/example_branch_labels.py
[2025-03-06T14:44:49.442+0100] {processor.py:830} INFO - Processing file /home/philip/de_engineering/airflow_projects/airflow1/venv/lib/python3.10/site-packages/airflow/example_dags/example_branch_labels.py for tasks to queue
[2025-03-06T14:44:49.444+0100] {logging_mixin.py:188} INFO - [2025-03-06T14:44:49.443+0100] {dagbag.py:538} INFO - Filling up the DagBag from /home/philip/de_engineering/airflow_projects/airflow1/venv/lib/python3.10/site-packages/airflow/example_dags/example_branch_labels.py
[2025-03-06T14:44:49.457+0100] {processor.py:840} INFO - DAG(s) 'example_branch_labels' retrieved from /home/philip/de_engineering/airflow_projects/airflow1/venv/lib/python3.10/site-packages/airflow/example_dags/example_branch_labels.py
[2025-03-06T14:44:49.478+0100] {logging_mixin.py:188} INFO - [2025-03-06T14:44:49.477+0100] {dag.py:3036} INFO - Sync 1 DAGs
[2025-03-06T14:44:49.502+0100] {logging_mixin.py:188} INFO - [2025-03-06T14:44:49.501+0100] {dag.py:3823} INFO - Setting next_dagrun for example_branch_labels to 2025-03-05 00:00:00+00:00, run_after=2025-03-06 00:00:00+00:00
[2025-03-06T14:44:49.531+0100] {processor.py:183} INFO - Processing /home/philip/de_engineering/airflow_projects/airflow1/venv/lib/python3.10/site-packages/airflow/example_dags/example_branch_labels.py took 0.141 seconds
[2025-03-06T14:45:46.162+0100] {processor.py:161} INFO - Started process (PID=10234) to work on /home/philip/de_engineering/airflow_projects/airflow1/venv/lib/python3.10/site-packages/airflow/example_dags/example_branch_labels.py
[2025-03-06T14:45:46.164+0100] {processor.py:830} INFO - Processing file /home/philip/de_engineering/airflow_projects/airflow1/venv/lib/python3.10/site-packages/airflow/example_dags/example_branch_labels.py for tasks to queue
[2025-03-06T14:45:46.166+0100] {logging_mixin.py:188} INFO - [2025-03-06T14:45:46.165+0100] {dagbag.py:538} INFO - Filling up the DagBag from /home/philip/de_engineering/airflow_projects/airflow1/venv/lib/python3.10/site-packages/airflow/example_dags/example_branch_labels.py
[2025-03-06T14:45:46.177+0100] {processor.py:840} INFO - DAG(s) 'example_branch_labels' retrieved from /home/philip/de_engineering/airflow_projects/airflow1/venv/lib/python3.10/site-packages/airflow/example_dags/example_branch_labels.py
[2025-03-06T14:45:46.199+0100] {logging_mixin.py:188} INFO - [2025-03-06T14:45:46.198+0100] {dag.py:3036} INFO - Sync 1 DAGs
[2025-03-06T14:45:46.221+0100] {logging_mixin.py:188} INFO - [2025-03-06T14:45:46.221+0100] {dag.py:3823} INFO - Setting next_dagrun for example_branch_labels to 2025-03-05 00:00:00+00:00, run_after=2025-03-06 00:00:00+00:00
[2025-03-06T14:45:46.259+0100] {processor.py:183} INFO - Processing /home/philip/de_engineering/airflow_projects/airflow1/venv/lib/python3.10/site-packages/airflow/example_dags/example_branch_labels.py took 0.101 seconds
