[2025-03-06T14:43:06.412+0100] {processor.py:161} INFO - Started process (PID=10067) to work on /home/philip/de_engineering/airflow_projects/airflow1/venv/lib/python3.10/site-packages/airflow/example_dags/example_branch_python_dop_operator_3.py
[2025-03-06T14:43:06.413+0100] {processor.py:830} INFO - Processing file /home/philip/de_engineering/airflow_projects/airflow1/venv/lib/python3.10/site-packages/airflow/example_dags/example_branch_python_dop_operator_3.py for tasks to queue
[2025-03-06T14:43:06.414+0100] {logging_mixin.py:188} INFO - [2025-03-06T14:43:06.414+0100] {dagbag.py:538} INFO - Filling up the DagBag from /home/philip/de_engineering/airflow_projects/airflow1/venv/lib/python3.10/site-packages/airflow/example_dags/example_branch_python_dop_operator_3.py
[2025-03-06T14:43:06.427+0100] {processor.py:840} INFO - DAG(s) 'example_branch_dop_operator_v3' retrieved from /home/philip/de_engineering/airflow_projects/airflow1/venv/lib/python3.10/site-packages/airflow/example_dags/example_branch_python_dop_operator_3.py
[2025-03-06T14:43:06.543+0100] {logging_mixin.py:188} INFO - [2025-03-06T14:43:06.543+0100] {override.py:1769} INFO - Created Permission View: can read on DAG:example_branch_dop_operator_v3
[2025-03-06T14:43:06.570+0100] {logging_mixin.py:188} INFO - [2025-03-06T14:43:06.569+0100] {override.py:1769} INFO - Created Permission View: can delete on DAG:example_branch_dop_operator_v3
[2025-03-06T14:43:06.591+0100] {logging_mixin.py:188} INFO - [2025-03-06T14:43:06.590+0100] {override.py:1769} INFO - Created Permission View: can edit on DAG:example_branch_dop_operator_v3
[2025-03-06T14:43:06.591+0100] {logging_mixin.py:188} INFO - [2025-03-06T14:43:06.591+0100] {dag.py:3036} INFO - Sync 1 DAGs
[2025-03-06T14:43:06.603+0100] {logging_mixin.py:188} INFO - [2025-03-06T14:43:06.603+0100] {dag.py:3058} INFO - Creating ORM DAG for example_branch_dop_operator_v3
[2025-03-06T14:43:06.617+0100] {logging_mixin.py:188} INFO - [2025-03-06T14:43:06.617+0100] {dag.py:3823} INFO - Setting next_dagrun for example_branch_dop_operator_v3 to 2025-03-06 13:42:00+00:00, run_after=2025-03-06 13:43:00+00:00
[2025-03-06T14:43:06.654+0100] {processor.py:183} INFO - Processing /home/philip/de_engineering/airflow_projects/airflow1/venv/lib/python3.10/site-packages/airflow/example_dags/example_branch_python_dop_operator_3.py took 0.245 seconds
[2025-03-06T14:43:57.993+0100] {processor.py:161} INFO - Started process (PID=10117) to work on /home/philip/de_engineering/airflow_projects/airflow1/venv/lib/python3.10/site-packages/airflow/example_dags/example_branch_python_dop_operator_3.py
[2025-03-06T14:43:57.995+0100] {processor.py:830} INFO - Processing file /home/philip/de_engineering/airflow_projects/airflow1/venv/lib/python3.10/site-packages/airflow/example_dags/example_branch_python_dop_operator_3.py for tasks to queue
[2025-03-06T14:43:57.996+0100] {logging_mixin.py:188} INFO - [2025-03-06T14:43:57.996+0100] {dagbag.py:538} INFO - Filling up the DagBag from /home/philip/de_engineering/airflow_projects/airflow1/venv/lib/python3.10/site-packages/airflow/example_dags/example_branch_python_dop_operator_3.py
[2025-03-06T14:43:58.009+0100] {processor.py:840} INFO - DAG(s) 'example_branch_dop_operator_v3' retrieved from /home/philip/de_engineering/airflow_projects/airflow1/venv/lib/python3.10/site-packages/airflow/example_dags/example_branch_python_dop_operator_3.py
[2025-03-06T14:43:58.029+0100] {logging_mixin.py:188} INFO - [2025-03-06T14:43:58.029+0100] {dag.py:3036} INFO - Sync 1 DAGs
[2025-03-06T14:43:58.050+0100] {logging_mixin.py:188} INFO - [2025-03-06T14:43:58.049+0100] {dag.py:3823} INFO - Setting next_dagrun for example_branch_dop_operator_v3 to 2025-03-06 13:42:00+00:00, run_after=2025-03-06 13:43:00+00:00
[2025-03-06T14:43:58.079+0100] {processor.py:183} INFO - Processing /home/philip/de_engineering/airflow_projects/airflow1/venv/lib/python3.10/site-packages/airflow/example_dags/example_branch_python_dop_operator_3.py took 0.091 seconds
[2025-03-06T14:44:46.346+0100] {processor.py:161} INFO - Started process (PID=10167) to work on /home/philip/de_engineering/airflow_projects/airflow1/venv/lib/python3.10/site-packages/airflow/example_dags/example_branch_python_dop_operator_3.py
[2025-03-06T14:44:46.348+0100] {processor.py:830} INFO - Processing file /home/philip/de_engineering/airflow_projects/airflow1/venv/lib/python3.10/site-packages/airflow/example_dags/example_branch_python_dop_operator_3.py for tasks to queue
[2025-03-06T14:44:46.349+0100] {logging_mixin.py:188} INFO - [2025-03-06T14:44:46.348+0100] {dagbag.py:538} INFO - Filling up the DagBag from /home/philip/de_engineering/airflow_projects/airflow1/venv/lib/python3.10/site-packages/airflow/example_dags/example_branch_python_dop_operator_3.py
[2025-03-06T14:44:46.358+0100] {processor.py:840} INFO - DAG(s) 'example_branch_dop_operator_v3' retrieved from /home/philip/de_engineering/airflow_projects/airflow1/venv/lib/python3.10/site-packages/airflow/example_dags/example_branch_python_dop_operator_3.py
[2025-03-06T14:44:46.371+0100] {logging_mixin.py:188} INFO - [2025-03-06T14:44:46.371+0100] {dag.py:3036} INFO - Sync 1 DAGs
[2025-03-06T14:44:46.391+0100] {logging_mixin.py:188} INFO - [2025-03-06T14:44:46.390+0100] {dag.py:3823} INFO - Setting next_dagrun for example_branch_dop_operator_v3 to 2025-03-06 13:43:00+00:00, run_after=2025-03-06 13:44:00+00:00
[2025-03-06T14:44:46.420+0100] {processor.py:183} INFO - Processing /home/philip/de_engineering/airflow_projects/airflow1/venv/lib/python3.10/site-packages/airflow/example_dags/example_branch_python_dop_operator_3.py took 0.077 seconds
[2025-03-06T14:45:42.705+0100] {processor.py:161} INFO - Started process (PID=10230) to work on /home/philip/de_engineering/airflow_projects/airflow1/venv/lib/python3.10/site-packages/airflow/example_dags/example_branch_python_dop_operator_3.py
[2025-03-06T14:45:42.708+0100] {processor.py:830} INFO - Processing file /home/philip/de_engineering/airflow_projects/airflow1/venv/lib/python3.10/site-packages/airflow/example_dags/example_branch_python_dop_operator_3.py for tasks to queue
[2025-03-06T14:45:42.709+0100] {logging_mixin.py:188} INFO - [2025-03-06T14:45:42.709+0100] {dagbag.py:538} INFO - Filling up the DagBag from /home/philip/de_engineering/airflow_projects/airflow1/venv/lib/python3.10/site-packages/airflow/example_dags/example_branch_python_dop_operator_3.py
[2025-03-06T14:45:42.721+0100] {processor.py:840} INFO - DAG(s) 'example_branch_dop_operator_v3' retrieved from /home/philip/de_engineering/airflow_projects/airflow1/venv/lib/python3.10/site-packages/airflow/example_dags/example_branch_python_dop_operator_3.py
[2025-03-06T14:45:42.743+0100] {logging_mixin.py:188} INFO - [2025-03-06T14:45:42.743+0100] {dag.py:3036} INFO - Sync 1 DAGs
[2025-03-06T14:45:42.782+0100] {logging_mixin.py:188} INFO - [2025-03-06T14:45:42.782+0100] {dag.py:3823} INFO - Setting next_dagrun for example_branch_dop_operator_v3 to 2025-03-06 13:44:00+00:00, run_after=2025-03-06 13:45:00+00:00
[2025-03-06T14:45:42.817+0100] {processor.py:183} INFO - Processing /home/philip/de_engineering/airflow_projects/airflow1/venv/lib/python3.10/site-packages/airflow/example_dags/example_branch_python_dop_operator_3.py took 0.117 seconds
[2025-03-06T14:46:25.168+0100] {processor.py:161} INFO - Started process (PID=10275) to work on /home/philip/de_engineering/airflow_projects/airflow1/venv/lib/python3.10/site-packages/airflow/example_dags/example_branch_python_dop_operator_3.py
[2025-03-06T14:46:25.170+0100] {processor.py:830} INFO - Processing file /home/philip/de_engineering/airflow_projects/airflow1/venv/lib/python3.10/site-packages/airflow/example_dags/example_branch_python_dop_operator_3.py for tasks to queue
[2025-03-06T14:46:25.172+0100] {logging_mixin.py:188} INFO - [2025-03-06T14:46:25.171+0100] {dagbag.py:538} INFO - Filling up the DagBag from /home/philip/de_engineering/airflow_projects/airflow1/venv/lib/python3.10/site-packages/airflow/example_dags/example_branch_python_dop_operator_3.py
[2025-03-06T14:46:25.186+0100] {processor.py:840} INFO - DAG(s) 'example_branch_dop_operator_v3' retrieved from /home/philip/de_engineering/airflow_projects/airflow1/venv/lib/python3.10/site-packages/airflow/example_dags/example_branch_python_dop_operator_3.py
[2025-03-06T14:46:25.202+0100] {logging_mixin.py:188} INFO - [2025-03-06T14:46:25.202+0100] {dag.py:3036} INFO - Sync 1 DAGs
[2025-03-06T14:46:25.226+0100] {logging_mixin.py:188} INFO - [2025-03-06T14:46:25.226+0100] {dag.py:3823} INFO - Setting next_dagrun for example_branch_dop_operator_v3 to 2025-03-06 13:45:00+00:00, run_after=2025-03-06 13:46:00+00:00
[2025-03-06T14:46:25.258+0100] {processor.py:183} INFO - Processing /home/philip/de_engineering/airflow_projects/airflow1/venv/lib/python3.10/site-packages/airflow/example_dags/example_branch_python_dop_operator_3.py took 0.094 seconds
