[2025-03-06T14:42:43.823+0100] {processor.py:161} INFO - Started process (PID=10047) to work on /home/philip/de_engineering/airflow_projects/airflow1/venv/lib/python3.10/site-packages/airflow/example_dags/tutorial.py
[2025-03-06T14:42:43.824+0100] {processor.py:830} INFO - Processing file /home/philip/de_engineering/airflow_projects/airflow1/venv/lib/python3.10/site-packages/airflow/example_dags/tutorial.py for tasks to queue
[2025-03-06T14:42:43.825+0100] {logging_mixin.py:188} INFO - [2025-03-06T14:42:43.825+0100] {dagbag.py:538} INFO - Filling up the DagBag from /home/philip/de_engineering/airflow_projects/airflow1/venv/lib/python3.10/site-packages/airflow/example_dags/tutorial.py
[2025-03-06T14:42:43.832+0100] {processor.py:840} INFO - DAG(s) 'tutorial' retrieved from /home/philip/de_engineering/airflow_projects/airflow1/venv/lib/python3.10/site-packages/airflow/example_dags/tutorial.py
[2025-03-06T14:42:43.942+0100] {logging_mixin.py:188} INFO - [2025-03-06T14:42:43.942+0100] {override.py:1769} INFO - Created Permission View: can read on DAG:tutorial
[2025-03-06T14:42:43.964+0100] {logging_mixin.py:188} INFO - [2025-03-06T14:42:43.964+0100] {override.py:1769} INFO - Created Permission View: can delete on DAG:tutorial
[2025-03-06T14:42:43.983+0100] {logging_mixin.py:188} INFO - [2025-03-06T14:42:43.983+0100] {override.py:1769} INFO - Created Permission View: can edit on DAG:tutorial
[2025-03-06T14:42:43.984+0100] {logging_mixin.py:188} INFO - [2025-03-06T14:42:43.984+0100] {dag.py:3036} INFO - Sync 1 DAGs
[2025-03-06T14:42:43.999+0100] {logging_mixin.py:188} INFO - [2025-03-06T14:42:43.999+0100] {dag.py:3058} INFO - Creating ORM DAG for tutorial
[2025-03-06T14:42:44.011+0100] {logging_mixin.py:188} INFO - [2025-03-06T14:42:44.010+0100] {dag.py:3823} INFO - Setting next_dagrun for tutorial to 2025-03-05 00:00:00+00:00, run_after=2025-03-06 00:00:00+00:00
[2025-03-06T14:42:44.050+0100] {processor.py:183} INFO - Processing /home/philip/de_engineering/airflow_projects/airflow1/venv/lib/python3.10/site-packages/airflow/example_dags/tutorial.py took 0.230 seconds
[2025-03-06T14:43:39.254+0100] {processor.py:161} INFO - Started process (PID=10097) to work on /home/philip/de_engineering/airflow_projects/airflow1/venv/lib/python3.10/site-packages/airflow/example_dags/tutorial.py
[2025-03-06T14:43:39.256+0100] {processor.py:830} INFO - Processing file /home/philip/de_engineering/airflow_projects/airflow1/venv/lib/python3.10/site-packages/airflow/example_dags/tutorial.py for tasks to queue
[2025-03-06T14:43:39.256+0100] {logging_mixin.py:188} INFO - [2025-03-06T14:43:39.256+0100] {dagbag.py:538} INFO - Filling up the DagBag from /home/philip/de_engineering/airflow_projects/airflow1/venv/lib/python3.10/site-packages/airflow/example_dags/tutorial.py
[2025-03-06T14:43:39.262+0100] {processor.py:840} INFO - DAG(s) 'tutorial' retrieved from /home/philip/de_engineering/airflow_projects/airflow1/venv/lib/python3.10/site-packages/airflow/example_dags/tutorial.py
[2025-03-06T14:43:39.275+0100] {logging_mixin.py:188} INFO - [2025-03-06T14:43:39.274+0100] {dag.py:3036} INFO - Sync 1 DAGs
[2025-03-06T14:43:39.290+0100] {logging_mixin.py:188} INFO - [2025-03-06T14:43:39.290+0100] {dag.py:3823} INFO - Setting next_dagrun for tutorial to 2025-03-05 00:00:00+00:00, run_after=2025-03-06 00:00:00+00:00
[2025-03-06T14:43:39.324+0100] {processor.py:183} INFO - Processing /home/philip/de_engineering/airflow_projects/airflow1/venv/lib/python3.10/site-packages/airflow/example_dags/tutorial.py took 0.072 seconds
[2025-03-06T14:44:21.663+0100] {processor.py:161} INFO - Started process (PID=10140) to work on /home/philip/de_engineering/airflow_projects/airflow1/venv/lib/python3.10/site-packages/airflow/example_dags/tutorial.py
[2025-03-06T14:44:21.665+0100] {processor.py:830} INFO - Processing file /home/philip/de_engineering/airflow_projects/airflow1/venv/lib/python3.10/site-packages/airflow/example_dags/tutorial.py for tasks to queue
[2025-03-06T14:44:21.666+0100] {logging_mixin.py:188} INFO - [2025-03-06T14:44:21.665+0100] {dagbag.py:538} INFO - Filling up the DagBag from /home/philip/de_engineering/airflow_projects/airflow1/venv/lib/python3.10/site-packages/airflow/example_dags/tutorial.py
[2025-03-06T14:44:21.673+0100] {processor.py:840} INFO - DAG(s) 'tutorial' retrieved from /home/philip/de_engineering/airflow_projects/airflow1/venv/lib/python3.10/site-packages/airflow/example_dags/tutorial.py
[2025-03-06T14:44:21.696+0100] {logging_mixin.py:188} INFO - [2025-03-06T14:44:21.695+0100] {dag.py:3036} INFO - Sync 1 DAGs
[2025-03-06T14:44:21.722+0100] {logging_mixin.py:188} INFO - [2025-03-06T14:44:21.722+0100] {dag.py:3823} INFO - Setting next_dagrun for tutorial to 2025-03-05 00:00:00+00:00, run_after=2025-03-06 00:00:00+00:00
[2025-03-06T14:44:21.756+0100] {processor.py:183} INFO - Processing /home/philip/de_engineering/airflow_projects/airflow1/venv/lib/python3.10/site-packages/airflow/example_dags/tutorial.py took 0.097 seconds
[2025-03-06T14:44:58.778+0100] {processor.py:161} INFO - Started process (PID=10181) to work on /home/philip/de_engineering/airflow_projects/airflow1/venv/lib/python3.10/site-packages/airflow/example_dags/tutorial.py
[2025-03-06T14:44:58.780+0100] {processor.py:830} INFO - Processing file /home/philip/de_engineering/airflow_projects/airflow1/venv/lib/python3.10/site-packages/airflow/example_dags/tutorial.py for tasks to queue
[2025-03-06T14:44:58.781+0100] {logging_mixin.py:188} INFO - [2025-03-06T14:44:58.780+0100] {dagbag.py:538} INFO - Filling up the DagBag from /home/philip/de_engineering/airflow_projects/airflow1/venv/lib/python3.10/site-packages/airflow/example_dags/tutorial.py
[2025-03-06T14:44:58.790+0100] {processor.py:840} INFO - DAG(s) 'tutorial' retrieved from /home/philip/de_engineering/airflow_projects/airflow1/venv/lib/python3.10/site-packages/airflow/example_dags/tutorial.py
[2025-03-06T14:44:58.810+0100] {logging_mixin.py:188} INFO - [2025-03-06T14:44:58.810+0100] {dag.py:3036} INFO - Sync 1 DAGs
[2025-03-06T14:44:58.832+0100] {logging_mixin.py:188} INFO - [2025-03-06T14:44:58.831+0100] {dag.py:3823} INFO - Setting next_dagrun for tutorial to 2025-03-05 00:00:00+00:00, run_after=2025-03-06 00:00:00+00:00
[2025-03-06T14:44:58.862+0100] {processor.py:183} INFO - Processing /home/philip/de_engineering/airflow_projects/airflow1/venv/lib/python3.10/site-packages/airflow/example_dags/tutorial.py took 0.087 seconds
[2025-03-06T14:45:37.185+0100] {processor.py:161} INFO - Started process (PID=10222) to work on /home/philip/de_engineering/airflow_projects/airflow1/venv/lib/python3.10/site-packages/airflow/example_dags/tutorial.py
[2025-03-06T14:45:37.188+0100] {processor.py:830} INFO - Processing file /home/philip/de_engineering/airflow_projects/airflow1/venv/lib/python3.10/site-packages/airflow/example_dags/tutorial.py for tasks to queue
[2025-03-06T14:45:37.189+0100] {logging_mixin.py:188} INFO - [2025-03-06T14:45:37.189+0100] {dagbag.py:538} INFO - Filling up the DagBag from /home/philip/de_engineering/airflow_projects/airflow1/venv/lib/python3.10/site-packages/airflow/example_dags/tutorial.py
[2025-03-06T14:45:37.200+0100] {processor.py:840} INFO - DAG(s) 'tutorial' retrieved from /home/philip/de_engineering/airflow_projects/airflow1/venv/lib/python3.10/site-packages/airflow/example_dags/tutorial.py
[2025-03-06T14:45:37.227+0100] {logging_mixin.py:188} INFO - [2025-03-06T14:45:37.227+0100] {dag.py:3036} INFO - Sync 1 DAGs
[2025-03-06T14:45:37.263+0100] {logging_mixin.py:188} INFO - [2025-03-06T14:45:37.263+0100] {dag.py:3823} INFO - Setting next_dagrun for tutorial to 2025-03-05 00:00:00+00:00, run_after=2025-03-06 00:00:00+00:00
[2025-03-06T14:45:37.302+0100] {processor.py:183} INFO - Processing /home/philip/de_engineering/airflow_projects/airflow1/venv/lib/python3.10/site-packages/airflow/example_dags/tutorial.py took 0.122 seconds
[2025-03-06T14:46:17.326+0100] {processor.py:161} INFO - Started process (PID=10266) to work on /home/philip/de_engineering/airflow_projects/airflow1/venv/lib/python3.10/site-packages/airflow/example_dags/tutorial.py
[2025-03-06T14:46:17.329+0100] {processor.py:830} INFO - Processing file /home/philip/de_engineering/airflow_projects/airflow1/venv/lib/python3.10/site-packages/airflow/example_dags/tutorial.py for tasks to queue
[2025-03-06T14:46:17.330+0100] {logging_mixin.py:188} INFO - [2025-03-06T14:46:17.329+0100] {dagbag.py:538} INFO - Filling up the DagBag from /home/philip/de_engineering/airflow_projects/airflow1/venv/lib/python3.10/site-packages/airflow/example_dags/tutorial.py
[2025-03-06T14:46:17.339+0100] {processor.py:840} INFO - DAG(s) 'tutorial' retrieved from /home/philip/de_engineering/airflow_projects/airflow1/venv/lib/python3.10/site-packages/airflow/example_dags/tutorial.py
[2025-03-06T14:46:17.354+0100] {logging_mixin.py:188} INFO - [2025-03-06T14:46:17.354+0100] {dag.py:3036} INFO - Sync 1 DAGs
[2025-03-06T14:46:17.372+0100] {logging_mixin.py:188} INFO - [2025-03-06T14:46:17.372+0100] {dag.py:3823} INFO - Setting next_dagrun for tutorial to 2025-03-05 00:00:00+00:00, run_after=2025-03-06 00:00:00+00:00
[2025-03-06T14:46:17.398+0100] {processor.py:183} INFO - Processing /home/philip/de_engineering/airflow_projects/airflow1/venv/lib/python3.10/site-packages/airflow/example_dags/tutorial.py took 0.077 seconds
