[2025-03-06T14:42:47.836+0100] {processor.py:161} INFO - Started process (PID=10050) to work on /home/philip/de_engineering/airflow_projects/airflow1/venv/lib/python3.10/site-packages/airflow/example_dags/tutorial_taskflow_api.py
[2025-03-06T14:42:47.839+0100] {processor.py:830} INFO - Processing file /home/philip/de_engineering/airflow_projects/airflow1/venv/lib/python3.10/site-packages/airflow/example_dags/tutorial_taskflow_api.py for tasks to queue
[2025-03-06T14:42:47.841+0100] {logging_mixin.py:188} INFO - [2025-03-06T14:42:47.840+0100] {dagbag.py:538} INFO - Filling up the DagBag from /home/philip/de_engineering/airflow_projects/airflow1/venv/lib/python3.10/site-packages/airflow/example_dags/tutorial_taskflow_api.py
[2025-03-06T14:42:47.857+0100] {processor.py:840} INFO - DAG(s) 'tutorial_taskflow_api' retrieved from /home/philip/de_engineering/airflow_projects/airflow1/venv/lib/python3.10/site-packages/airflow/example_dags/tutorial_taskflow_api.py
[2025-03-06T14:42:48.019+0100] {logging_mixin.py:188} INFO - [2025-03-06T14:42:48.018+0100] {override.py:1769} INFO - Created Permission View: can read on DAG:tutorial_taskflow_api
[2025-03-06T14:42:48.041+0100] {logging_mixin.py:188} INFO - [2025-03-06T14:42:48.041+0100] {override.py:1769} INFO - Created Permission View: can delete on DAG:tutorial_taskflow_api
[2025-03-06T14:42:48.061+0100] {logging_mixin.py:188} INFO - [2025-03-06T14:42:48.061+0100] {override.py:1769} INFO - Created Permission View: can edit on DAG:tutorial_taskflow_api
[2025-03-06T14:42:48.062+0100] {logging_mixin.py:188} INFO - [2025-03-06T14:42:48.062+0100] {dag.py:3036} INFO - Sync 1 DAGs
[2025-03-06T14:42:48.073+0100] {logging_mixin.py:188} INFO - [2025-03-06T14:42:48.073+0100] {dag.py:3058} INFO - Creating ORM DAG for tutorial_taskflow_api
[2025-03-06T14:42:48.074+0100] {logging_mixin.py:188} INFO - [2025-03-06T14:42:48.074+0100] {dag.py:3823} INFO - Setting next_dagrun for tutorial_taskflow_api to None, run_after=None
[2025-03-06T14:42:48.108+0100] {processor.py:183} INFO - Processing /home/philip/de_engineering/airflow_projects/airflow1/venv/lib/python3.10/site-packages/airflow/example_dags/tutorial_taskflow_api.py took 0.278 seconds
[2025-03-06T14:43:42.912+0100] {processor.py:161} INFO - Started process (PID=10100) to work on /home/philip/de_engineering/airflow_projects/airflow1/venv/lib/python3.10/site-packages/airflow/example_dags/tutorial_taskflow_api.py
[2025-03-06T14:43:42.914+0100] {processor.py:830} INFO - Processing file /home/philip/de_engineering/airflow_projects/airflow1/venv/lib/python3.10/site-packages/airflow/example_dags/tutorial_taskflow_api.py for tasks to queue
[2025-03-06T14:43:42.915+0100] {logging_mixin.py:188} INFO - [2025-03-06T14:43:42.915+0100] {dagbag.py:538} INFO - Filling up the DagBag from /home/philip/de_engineering/airflow_projects/airflow1/venv/lib/python3.10/site-packages/airflow/example_dags/tutorial_taskflow_api.py
[2025-03-06T14:43:42.928+0100] {processor.py:840} INFO - DAG(s) 'tutorial_taskflow_api' retrieved from /home/philip/de_engineering/airflow_projects/airflow1/venv/lib/python3.10/site-packages/airflow/example_dags/tutorial_taskflow_api.py
[2025-03-06T14:43:42.947+0100] {logging_mixin.py:188} INFO - [2025-03-06T14:43:42.947+0100] {dag.py:3036} INFO - Sync 1 DAGs
[2025-03-06T14:43:42.957+0100] {logging_mixin.py:188} INFO - [2025-03-06T14:43:42.957+0100] {dag.py:3823} INFO - Setting next_dagrun for tutorial_taskflow_api to None, run_after=None
[2025-03-06T14:43:42.994+0100] {processor.py:183} INFO - Processing /home/philip/de_engineering/airflow_projects/airflow1/venv/lib/python3.10/site-packages/airflow/example_dags/tutorial_taskflow_api.py took 0.085 seconds
[2025-03-06T14:44:24.519+0100] {processor.py:161} INFO - Started process (PID=10144) to work on /home/philip/de_engineering/airflow_projects/airflow1/venv/lib/python3.10/site-packages/airflow/example_dags/tutorial_taskflow_api.py
[2025-03-06T14:44:24.520+0100] {processor.py:830} INFO - Processing file /home/philip/de_engineering/airflow_projects/airflow1/venv/lib/python3.10/site-packages/airflow/example_dags/tutorial_taskflow_api.py for tasks to queue
[2025-03-06T14:44:24.521+0100] {logging_mixin.py:188} INFO - [2025-03-06T14:44:24.521+0100] {dagbag.py:538} INFO - Filling up the DagBag from /home/philip/de_engineering/airflow_projects/airflow1/venv/lib/python3.10/site-packages/airflow/example_dags/tutorial_taskflow_api.py
[2025-03-06T14:44:24.527+0100] {processor.py:840} INFO - DAG(s) 'tutorial_taskflow_api' retrieved from /home/philip/de_engineering/airflow_projects/airflow1/venv/lib/python3.10/site-packages/airflow/example_dags/tutorial_taskflow_api.py
[2025-03-06T14:44:24.540+0100] {logging_mixin.py:188} INFO - [2025-03-06T14:44:24.539+0100] {dag.py:3036} INFO - Sync 1 DAGs
[2025-03-06T14:44:24.549+0100] {logging_mixin.py:188} INFO - [2025-03-06T14:44:24.549+0100] {dag.py:3823} INFO - Setting next_dagrun for tutorial_taskflow_api to None, run_after=None
[2025-03-06T14:44:24.581+0100] {processor.py:183} INFO - Processing /home/philip/de_engineering/airflow_projects/airflow1/venv/lib/python3.10/site-packages/airflow/example_dags/tutorial_taskflow_api.py took 0.064 seconds
[2025-03-06T14:45:13.843+0100] {processor.py:161} INFO - Started process (PID=10197) to work on /home/philip/de_engineering/airflow_projects/airflow1/venv/lib/python3.10/site-packages/airflow/example_dags/tutorial_taskflow_api.py
[2025-03-06T14:45:13.845+0100] {processor.py:830} INFO - Processing file /home/philip/de_engineering/airflow_projects/airflow1/venv/lib/python3.10/site-packages/airflow/example_dags/tutorial_taskflow_api.py for tasks to queue
[2025-03-06T14:45:13.846+0100] {logging_mixin.py:188} INFO - [2025-03-06T14:45:13.845+0100] {dagbag.py:538} INFO - Filling up the DagBag from /home/philip/de_engineering/airflow_projects/airflow1/venv/lib/python3.10/site-packages/airflow/example_dags/tutorial_taskflow_api.py
[2025-03-06T14:45:13.852+0100] {processor.py:840} INFO - DAG(s) 'tutorial_taskflow_api' retrieved from /home/philip/de_engineering/airflow_projects/airflow1/venv/lib/python3.10/site-packages/airflow/example_dags/tutorial_taskflow_api.py
[2025-03-06T14:45:13.865+0100] {logging_mixin.py:188} INFO - [2025-03-06T14:45:13.865+0100] {dag.py:3036} INFO - Sync 1 DAGs
[2025-03-06T14:45:13.875+0100] {logging_mixin.py:188} INFO - [2025-03-06T14:45:13.875+0100] {dag.py:3823} INFO - Setting next_dagrun for tutorial_taskflow_api to None, run_after=None
[2025-03-06T14:45:13.903+0100] {processor.py:183} INFO - Processing /home/philip/de_engineering/airflow_projects/airflow1/venv/lib/python3.10/site-packages/airflow/example_dags/tutorial_taskflow_api.py took 0.063 seconds
[2025-03-06T14:45:53.466+0100] {processor.py:161} INFO - Started process (PID=10242) to work on /home/philip/de_engineering/airflow_projects/airflow1/venv/lib/python3.10/site-packages/airflow/example_dags/tutorial_taskflow_api.py
[2025-03-06T14:45:53.468+0100] {processor.py:830} INFO - Processing file /home/philip/de_engineering/airflow_projects/airflow1/venv/lib/python3.10/site-packages/airflow/example_dags/tutorial_taskflow_api.py for tasks to queue
[2025-03-06T14:45:53.470+0100] {logging_mixin.py:188} INFO - [2025-03-06T14:45:53.469+0100] {dagbag.py:538} INFO - Filling up the DagBag from /home/philip/de_engineering/airflow_projects/airflow1/venv/lib/python3.10/site-packages/airflow/example_dags/tutorial_taskflow_api.py
[2025-03-06T14:45:53.480+0100] {processor.py:840} INFO - DAG(s) 'tutorial_taskflow_api' retrieved from /home/philip/de_engineering/airflow_projects/airflow1/venv/lib/python3.10/site-packages/airflow/example_dags/tutorial_taskflow_api.py
[2025-03-06T14:45:53.501+0100] {logging_mixin.py:188} INFO - [2025-03-06T14:45:53.501+0100] {dag.py:3036} INFO - Sync 1 DAGs
[2025-03-06T14:45:53.518+0100] {logging_mixin.py:188} INFO - [2025-03-06T14:45:53.518+0100] {dag.py:3823} INFO - Setting next_dagrun for tutorial_taskflow_api to None, run_after=None
[2025-03-06T14:45:53.557+0100] {processor.py:183} INFO - Processing /home/philip/de_engineering/airflow_projects/airflow1/venv/lib/python3.10/site-packages/airflow/example_dags/tutorial_taskflow_api.py took 0.095 seconds
[2025-03-06T14:46:32.593+0100] {processor.py:161} INFO - Started process (PID=10283) to work on /home/philip/de_engineering/airflow_projects/airflow1/venv/lib/python3.10/site-packages/airflow/example_dags/tutorial_taskflow_api.py
[2025-03-06T14:46:32.595+0100] {processor.py:830} INFO - Processing file /home/philip/de_engineering/airflow_projects/airflow1/venv/lib/python3.10/site-packages/airflow/example_dags/tutorial_taskflow_api.py for tasks to queue
[2025-03-06T14:46:32.596+0100] {logging_mixin.py:188} INFO - [2025-03-06T14:46:32.596+0100] {dagbag.py:538} INFO - Filling up the DagBag from /home/philip/de_engineering/airflow_projects/airflow1/venv/lib/python3.10/site-packages/airflow/example_dags/tutorial_taskflow_api.py
[2025-03-06T14:46:32.603+0100] {processor.py:840} INFO - DAG(s) 'tutorial_taskflow_api' retrieved from /home/philip/de_engineering/airflow_projects/airflow1/venv/lib/python3.10/site-packages/airflow/example_dags/tutorial_taskflow_api.py
[2025-03-06T14:46:32.621+0100] {logging_mixin.py:188} INFO - [2025-03-06T14:46:32.620+0100] {dag.py:3036} INFO - Sync 1 DAGs
[2025-03-06T14:46:32.632+0100] {logging_mixin.py:188} INFO - [2025-03-06T14:46:32.631+0100] {dag.py:3823} INFO - Setting next_dagrun for tutorial_taskflow_api to None, run_after=None
[2025-03-06T14:46:32.664+0100] {processor.py:183} INFO - Processing /home/philip/de_engineering/airflow_projects/airflow1/venv/lib/python3.10/site-packages/airflow/example_dags/tutorial_taskflow_api.py took 0.074 seconds
