[2025-03-06T14:42:40.316+0100] {processor.py:161} INFO - Started process (PID=10043) to work on /home/philip/de_engineering/airflow_projects/airflow1/venv/lib/python3.10/site-packages/airflow/example_dags/tutorial_objectstorage.py
[2025-03-06T14:42:40.318+0100] {processor.py:830} INFO - Processing file /home/philip/de_engineering/airflow_projects/airflow1/venv/lib/python3.10/site-packages/airflow/example_dags/tutorial_objectstorage.py for tasks to queue
[2025-03-06T14:42:40.320+0100] {logging_mixin.py:188} INFO - [2025-03-06T14:42:40.319+0100] {dagbag.py:538} INFO - Filling up the DagBag from /home/philip/de_engineering/airflow_projects/airflow1/venv/lib/python3.10/site-packages/airflow/example_dags/tutorial_objectstorage.py
[2025-03-06T14:42:40.336+0100] {processor.py:840} INFO - DAG(s) 'tutorial_objectstorage' retrieved from /home/philip/de_engineering/airflow_projects/airflow1/venv/lib/python3.10/site-packages/airflow/example_dags/tutorial_objectstorage.py
[2025-03-06T14:42:40.486+0100] {logging_mixin.py:188} INFO - [2025-03-06T14:42:40.485+0100] {override.py:1769} INFO - Created Permission View: can read on DAG:tutorial_objectstorage
[2025-03-06T14:42:40.509+0100] {logging_mixin.py:188} INFO - [2025-03-06T14:42:40.508+0100] {override.py:1769} INFO - Created Permission View: can delete on DAG:tutorial_objectstorage
[2025-03-06T14:42:40.528+0100] {logging_mixin.py:188} INFO - [2025-03-06T14:42:40.527+0100] {override.py:1769} INFO - Created Permission View: can edit on DAG:tutorial_objectstorage
[2025-03-06T14:42:40.528+0100] {logging_mixin.py:188} INFO - [2025-03-06T14:42:40.528+0100] {dag.py:3036} INFO - Sync 1 DAGs
[2025-03-06T14:42:40.538+0100] {logging_mixin.py:188} INFO - [2025-03-06T14:42:40.538+0100] {dag.py:3058} INFO - Creating ORM DAG for tutorial_objectstorage
[2025-03-06T14:42:40.538+0100] {logging_mixin.py:188} INFO - [2025-03-06T14:42:40.538+0100] {dag.py:3823} INFO - Setting next_dagrun for tutorial_objectstorage to None, run_after=None
[2025-03-06T14:42:40.572+0100] {processor.py:183} INFO - Processing /home/philip/de_engineering/airflow_projects/airflow1/venv/lib/python3.10/site-packages/airflow/example_dags/tutorial_objectstorage.py took 0.264 seconds
[2025-03-06T14:43:36.534+0100] {processor.py:161} INFO - Started process (PID=10094) to work on /home/philip/de_engineering/airflow_projects/airflow1/venv/lib/python3.10/site-packages/airflow/example_dags/tutorial_objectstorage.py
[2025-03-06T14:43:36.535+0100] {processor.py:830} INFO - Processing file /home/philip/de_engineering/airflow_projects/airflow1/venv/lib/python3.10/site-packages/airflow/example_dags/tutorial_objectstorage.py for tasks to queue
[2025-03-06T14:43:36.536+0100] {logging_mixin.py:188} INFO - [2025-03-06T14:43:36.536+0100] {dagbag.py:538} INFO - Filling up the DagBag from /home/philip/de_engineering/airflow_projects/airflow1/venv/lib/python3.10/site-packages/airflow/example_dags/tutorial_objectstorage.py
[2025-03-06T14:43:36.544+0100] {processor.py:840} INFO - DAG(s) 'tutorial_objectstorage' retrieved from /home/philip/de_engineering/airflow_projects/airflow1/venv/lib/python3.10/site-packages/airflow/example_dags/tutorial_objectstorage.py
[2025-03-06T14:43:36.560+0100] {logging_mixin.py:188} INFO - [2025-03-06T14:43:36.560+0100] {dag.py:3036} INFO - Sync 1 DAGs
[2025-03-06T14:43:36.571+0100] {logging_mixin.py:188} INFO - [2025-03-06T14:43:36.571+0100] {dag.py:3823} INFO - Setting next_dagrun for tutorial_objectstorage to None, run_after=None
[2025-03-06T14:43:36.601+0100] {processor.py:183} INFO - Processing /home/philip/de_engineering/airflow_projects/airflow1/venv/lib/python3.10/site-packages/airflow/example_dags/tutorial_objectstorage.py took 0.070 seconds
[2025-03-06T14:44:18.846+0100] {processor.py:161} INFO - Started process (PID=10137) to work on /home/philip/de_engineering/airflow_projects/airflow1/venv/lib/python3.10/site-packages/airflow/example_dags/tutorial_objectstorage.py
[2025-03-06T14:44:18.848+0100] {processor.py:830} INFO - Processing file /home/philip/de_engineering/airflow_projects/airflow1/venv/lib/python3.10/site-packages/airflow/example_dags/tutorial_objectstorage.py for tasks to queue
[2025-03-06T14:44:18.849+0100] {logging_mixin.py:188} INFO - [2025-03-06T14:44:18.848+0100] {dagbag.py:538} INFO - Filling up the DagBag from /home/philip/de_engineering/airflow_projects/airflow1/venv/lib/python3.10/site-packages/airflow/example_dags/tutorial_objectstorage.py
[2025-03-06T14:44:18.858+0100] {processor.py:840} INFO - DAG(s) 'tutorial_objectstorage' retrieved from /home/philip/de_engineering/airflow_projects/airflow1/venv/lib/python3.10/site-packages/airflow/example_dags/tutorial_objectstorage.py
[2025-03-06T14:44:18.872+0100] {logging_mixin.py:188} INFO - [2025-03-06T14:44:18.871+0100] {dag.py:3036} INFO - Sync 1 DAGs
[2025-03-06T14:44:18.883+0100] {logging_mixin.py:188} INFO - [2025-03-06T14:44:18.883+0100] {dag.py:3823} INFO - Setting next_dagrun for tutorial_objectstorage to None, run_after=None
[2025-03-06T14:44:18.917+0100] {processor.py:183} INFO - Processing /home/philip/de_engineering/airflow_projects/airflow1/venv/lib/python3.10/site-packages/airflow/example_dags/tutorial_objectstorage.py took 0.074 seconds
[2025-03-06T14:44:55.868+0100] {processor.py:161} INFO - Started process (PID=10178) to work on /home/philip/de_engineering/airflow_projects/airflow1/venv/lib/python3.10/site-packages/airflow/example_dags/tutorial_objectstorage.py
[2025-03-06T14:44:55.870+0100] {processor.py:830} INFO - Processing file /home/philip/de_engineering/airflow_projects/airflow1/venv/lib/python3.10/site-packages/airflow/example_dags/tutorial_objectstorage.py for tasks to queue
[2025-03-06T14:44:55.871+0100] {logging_mixin.py:188} INFO - [2025-03-06T14:44:55.871+0100] {dagbag.py:538} INFO - Filling up the DagBag from /home/philip/de_engineering/airflow_projects/airflow1/venv/lib/python3.10/site-packages/airflow/example_dags/tutorial_objectstorage.py
[2025-03-06T14:44:55.882+0100] {processor.py:840} INFO - DAG(s) 'tutorial_objectstorage' retrieved from /home/philip/de_engineering/airflow_projects/airflow1/venv/lib/python3.10/site-packages/airflow/example_dags/tutorial_objectstorage.py
[2025-03-06T14:44:55.907+0100] {logging_mixin.py:188} INFO - [2025-03-06T14:44:55.906+0100] {dag.py:3036} INFO - Sync 1 DAGs
[2025-03-06T14:44:55.932+0100] {logging_mixin.py:188} INFO - [2025-03-06T14:44:55.931+0100] {dag.py:3823} INFO - Setting next_dagrun for tutorial_objectstorage to None, run_after=None
[2025-03-06T14:44:55.973+0100] {processor.py:183} INFO - Processing /home/philip/de_engineering/airflow_projects/airflow1/venv/lib/python3.10/site-packages/airflow/example_dags/tutorial_objectstorage.py took 0.111 seconds
[2025-03-06T14:45:34.175+0100] {processor.py:161} INFO - Started process (PID=10219) to work on /home/philip/de_engineering/airflow_projects/airflow1/venv/lib/python3.10/site-packages/airflow/example_dags/tutorial_objectstorage.py
[2025-03-06T14:45:34.177+0100] {processor.py:830} INFO - Processing file /home/philip/de_engineering/airflow_projects/airflow1/venv/lib/python3.10/site-packages/airflow/example_dags/tutorial_objectstorage.py for tasks to queue
[2025-03-06T14:45:34.179+0100] {logging_mixin.py:188} INFO - [2025-03-06T14:45:34.178+0100] {dagbag.py:538} INFO - Filling up the DagBag from /home/philip/de_engineering/airflow_projects/airflow1/venv/lib/python3.10/site-packages/airflow/example_dags/tutorial_objectstorage.py
[2025-03-06T14:45:34.193+0100] {processor.py:840} INFO - DAG(s) 'tutorial_objectstorage' retrieved from /home/philip/de_engineering/airflow_projects/airflow1/venv/lib/python3.10/site-packages/airflow/example_dags/tutorial_objectstorage.py
[2025-03-06T14:45:34.216+0100] {logging_mixin.py:188} INFO - [2025-03-06T14:45:34.215+0100] {dag.py:3036} INFO - Sync 1 DAGs
[2025-03-06T14:45:34.236+0100] {logging_mixin.py:188} INFO - [2025-03-06T14:45:34.236+0100] {dag.py:3823} INFO - Setting next_dagrun for tutorial_objectstorage to None, run_after=None
[2025-03-06T14:45:34.283+0100] {processor.py:183} INFO - Processing /home/philip/de_engineering/airflow_projects/airflow1/venv/lib/python3.10/site-packages/airflow/example_dags/tutorial_objectstorage.py took 0.113 seconds
[2025-03-06T14:46:15.520+0100] {processor.py:161} INFO - Started process (PID=10263) to work on /home/philip/de_engineering/airflow_projects/airflow1/venv/lib/python3.10/site-packages/airflow/example_dags/tutorial_objectstorage.py
[2025-03-06T14:46:15.521+0100] {processor.py:830} INFO - Processing file /home/philip/de_engineering/airflow_projects/airflow1/venv/lib/python3.10/site-packages/airflow/example_dags/tutorial_objectstorage.py for tasks to queue
[2025-03-06T14:46:15.522+0100] {logging_mixin.py:188} INFO - [2025-03-06T14:46:15.522+0100] {dagbag.py:538} INFO - Filling up the DagBag from /home/philip/de_engineering/airflow_projects/airflow1/venv/lib/python3.10/site-packages/airflow/example_dags/tutorial_objectstorage.py
[2025-03-06T14:46:15.529+0100] {processor.py:840} INFO - DAG(s) 'tutorial_objectstorage' retrieved from /home/philip/de_engineering/airflow_projects/airflow1/venv/lib/python3.10/site-packages/airflow/example_dags/tutorial_objectstorage.py
[2025-03-06T14:46:15.543+0100] {logging_mixin.py:188} INFO - [2025-03-06T14:46:15.542+0100] {dag.py:3036} INFO - Sync 1 DAGs
[2025-03-06T14:46:15.555+0100] {logging_mixin.py:188} INFO - [2025-03-06T14:46:15.555+0100] {dag.py:3823} INFO - Setting next_dagrun for tutorial_objectstorage to None, run_after=None
[2025-03-06T14:46:15.587+0100] {processor.py:183} INFO - Processing /home/philip/de_engineering/airflow_projects/airflow1/venv/lib/python3.10/site-packages/airflow/example_dags/tutorial_objectstorage.py took 0.070 seconds
