[2025-03-10T09:14:24.208+0100] {processor.py:161} INFO - Started process (PID=136860) to work on /home/philip/de_engineering/airflow_projects/airflow1/venv/lib/python3.10/site-packages/airflow/example_dags/plugins/event_listener.py
[2025-03-10T09:14:24.209+0100] {processor.py:830} INFO - Processing file /home/philip/de_engineering/airflow_projects/airflow1/venv/lib/python3.10/site-packages/airflow/example_dags/plugins/event_listener.py for tasks to queue
[2025-03-10T09:14:24.210+0100] {logging_mixin.py:188} INFO - [2025-03-10T09:14:24.210+0100] {dagbag.py:538} INFO - Filling up the DagBag from /home/philip/de_engineering/airflow_projects/airflow1/venv/lib/python3.10/site-packages/airflow/example_dags/plugins/event_listener.py
[2025-03-10T09:14:24.212+0100] {processor.py:842} WARNING - No viable dags retrieved from /home/philip/de_engineering/airflow_projects/airflow1/venv/lib/python3.10/site-packages/airflow/example_dags/plugins/event_listener.py
[2025-03-10T09:14:24.227+0100] {processor.py:183} INFO - Processing /home/philip/de_engineering/airflow_projects/airflow1/venv/lib/python3.10/site-packages/airflow/example_dags/plugins/event_listener.py took 0.022 seconds
[2025-03-10T09:14:55.306+0100] {processor.py:161} INFO - Started process (PID=136973) to work on /home/philip/de_engineering/airflow_projects/airflow1/venv/lib/python3.10/site-packages/airflow/example_dags/plugins/event_listener.py
[2025-03-10T09:14:55.307+0100] {processor.py:830} INFO - Processing file /home/philip/de_engineering/airflow_projects/airflow1/venv/lib/python3.10/site-packages/airflow/example_dags/plugins/event_listener.py for tasks to queue
[2025-03-10T09:14:55.307+0100] {logging_mixin.py:188} INFO - [2025-03-10T09:14:55.307+0100] {dagbag.py:538} INFO - Filling up the DagBag from /home/philip/de_engineering/airflow_projects/airflow1/venv/lib/python3.10/site-packages/airflow/example_dags/plugins/event_listener.py
[2025-03-10T09:14:55.309+0100] {processor.py:842} WARNING - No viable dags retrieved from /home/philip/de_engineering/airflow_projects/airflow1/venv/lib/python3.10/site-packages/airflow/example_dags/plugins/event_listener.py
[2025-03-10T09:14:55.326+0100] {processor.py:183} INFO - Processing /home/philip/de_engineering/airflow_projects/airflow1/venv/lib/python3.10/site-packages/airflow/example_dags/plugins/event_listener.py took 0.024 seconds
[2025-03-10T09:15:25.488+0100] {processor.py:161} INFO - Started process (PID=137074) to work on /home/philip/de_engineering/airflow_projects/airflow1/venv/lib/python3.10/site-packages/airflow/example_dags/plugins/event_listener.py
[2025-03-10T09:15:25.490+0100] {processor.py:830} INFO - Processing file /home/philip/de_engineering/airflow_projects/airflow1/venv/lib/python3.10/site-packages/airflow/example_dags/plugins/event_listener.py for tasks to queue
[2025-03-10T09:15:25.490+0100] {logging_mixin.py:188} INFO - [2025-03-10T09:15:25.490+0100] {dagbag.py:538} INFO - Filling up the DagBag from /home/philip/de_engineering/airflow_projects/airflow1/venv/lib/python3.10/site-packages/airflow/example_dags/plugins/event_listener.py
[2025-03-10T09:15:25.492+0100] {processor.py:842} WARNING - No viable dags retrieved from /home/philip/de_engineering/airflow_projects/airflow1/venv/lib/python3.10/site-packages/airflow/example_dags/plugins/event_listener.py
[2025-03-10T09:15:25.507+0100] {processor.py:183} INFO - Processing /home/philip/de_engineering/airflow_projects/airflow1/venv/lib/python3.10/site-packages/airflow/example_dags/plugins/event_listener.py took 0.021 seconds
[2025-03-10T09:15:55.810+0100] {processor.py:161} INFO - Started process (PID=137175) to work on /home/philip/de_engineering/airflow_projects/airflow1/venv/lib/python3.10/site-packages/airflow/example_dags/plugins/event_listener.py
[2025-03-10T09:15:55.811+0100] {processor.py:830} INFO - Processing file /home/philip/de_engineering/airflow_projects/airflow1/venv/lib/python3.10/site-packages/airflow/example_dags/plugins/event_listener.py for tasks to queue
[2025-03-10T09:15:55.812+0100] {logging_mixin.py:188} INFO - [2025-03-10T09:15:55.811+0100] {dagbag.py:538} INFO - Filling up the DagBag from /home/philip/de_engineering/airflow_projects/airflow1/venv/lib/python3.10/site-packages/airflow/example_dags/plugins/event_listener.py
[2025-03-10T09:15:55.814+0100] {processor.py:842} WARNING - No viable dags retrieved from /home/philip/de_engineering/airflow_projects/airflow1/venv/lib/python3.10/site-packages/airflow/example_dags/plugins/event_listener.py
[2025-03-10T09:15:55.833+0100] {processor.py:183} INFO - Processing /home/philip/de_engineering/airflow_projects/airflow1/venv/lib/python3.10/site-packages/airflow/example_dags/plugins/event_listener.py took 0.027 seconds
[2025-03-10T09:16:26.315+0100] {processor.py:161} INFO - Started process (PID=137551) to work on /home/philip/de_engineering/airflow_projects/airflow1/venv/lib/python3.10/site-packages/airflow/example_dags/plugins/event_listener.py
[2025-03-10T09:16:26.316+0100] {processor.py:830} INFO - Processing file /home/philip/de_engineering/airflow_projects/airflow1/venv/lib/python3.10/site-packages/airflow/example_dags/plugins/event_listener.py for tasks to queue
[2025-03-10T09:16:26.316+0100] {logging_mixin.py:188} INFO - [2025-03-10T09:16:26.316+0100] {dagbag.py:538} INFO - Filling up the DagBag from /home/philip/de_engineering/airflow_projects/airflow1/venv/lib/python3.10/site-packages/airflow/example_dags/plugins/event_listener.py
[2025-03-10T09:16:26.318+0100] {processor.py:842} WARNING - No viable dags retrieved from /home/philip/de_engineering/airflow_projects/airflow1/venv/lib/python3.10/site-packages/airflow/example_dags/plugins/event_listener.py
[2025-03-10T09:16:26.333+0100] {processor.py:183} INFO - Processing /home/philip/de_engineering/airflow_projects/airflow1/venv/lib/python3.10/site-packages/airflow/example_dags/plugins/event_listener.py took 0.021 seconds
[2025-03-10T09:16:56.442+0100] {processor.py:161} INFO - Started process (PID=137740) to work on /home/philip/de_engineering/airflow_projects/airflow1/venv/lib/python3.10/site-packages/airflow/example_dags/plugins/event_listener.py
[2025-03-10T09:16:56.443+0100] {processor.py:830} INFO - Processing file /home/philip/de_engineering/airflow_projects/airflow1/venv/lib/python3.10/site-packages/airflow/example_dags/plugins/event_listener.py for tasks to queue
[2025-03-10T09:16:56.444+0100] {logging_mixin.py:188} INFO - [2025-03-10T09:16:56.443+0100] {dagbag.py:538} INFO - Filling up the DagBag from /home/philip/de_engineering/airflow_projects/airflow1/venv/lib/python3.10/site-packages/airflow/example_dags/plugins/event_listener.py
[2025-03-10T09:16:56.445+0100] {processor.py:842} WARNING - No viable dags retrieved from /home/philip/de_engineering/airflow_projects/airflow1/venv/lib/python3.10/site-packages/airflow/example_dags/plugins/event_listener.py
[2025-03-10T09:16:56.460+0100] {processor.py:183} INFO - Processing /home/philip/de_engineering/airflow_projects/airflow1/venv/lib/python3.10/site-packages/airflow/example_dags/plugins/event_listener.py took 0.021 seconds
[2025-03-10T09:17:26.728+0100] {processor.py:161} INFO - Started process (PID=137926) to work on /home/philip/de_engineering/airflow_projects/airflow1/venv/lib/python3.10/site-packages/airflow/example_dags/plugins/event_listener.py
[2025-03-10T09:17:26.729+0100] {processor.py:830} INFO - Processing file /home/philip/de_engineering/airflow_projects/airflow1/venv/lib/python3.10/site-packages/airflow/example_dags/plugins/event_listener.py for tasks to queue
[2025-03-10T09:17:26.730+0100] {logging_mixin.py:188} INFO - [2025-03-10T09:17:26.729+0100] {dagbag.py:538} INFO - Filling up the DagBag from /home/philip/de_engineering/airflow_projects/airflow1/venv/lib/python3.10/site-packages/airflow/example_dags/plugins/event_listener.py
[2025-03-10T09:17:26.731+0100] {processor.py:842} WARNING - No viable dags retrieved from /home/philip/de_engineering/airflow_projects/airflow1/venv/lib/python3.10/site-packages/airflow/example_dags/plugins/event_listener.py
[2025-03-10T09:17:26.747+0100] {processor.py:183} INFO - Processing /home/philip/de_engineering/airflow_projects/airflow1/venv/lib/python3.10/site-packages/airflow/example_dags/plugins/event_listener.py took 0.022 seconds
[2025-03-10T09:19:21.057+0100] {processor.py:161} INFO - Started process (PID=138547) to work on /home/philip/de_engineering/airflow_projects/airflow1/venv/lib/python3.10/site-packages/airflow/example_dags/plugins/event_listener.py
[2025-03-10T09:19:21.058+0100] {processor.py:830} INFO - Processing file /home/philip/de_engineering/airflow_projects/airflow1/venv/lib/python3.10/site-packages/airflow/example_dags/plugins/event_listener.py for tasks to queue
[2025-03-10T09:19:21.059+0100] {logging_mixin.py:188} INFO - [2025-03-10T09:19:21.059+0100] {dagbag.py:538} INFO - Filling up the DagBag from /home/philip/de_engineering/airflow_projects/airflow1/venv/lib/python3.10/site-packages/airflow/example_dags/plugins/event_listener.py
[2025-03-10T09:19:21.061+0100] {processor.py:842} WARNING - No viable dags retrieved from /home/philip/de_engineering/airflow_projects/airflow1/venv/lib/python3.10/site-packages/airflow/example_dags/plugins/event_listener.py
[2025-03-10T09:19:21.077+0100] {processor.py:183} INFO - Processing /home/philip/de_engineering/airflow_projects/airflow1/venv/lib/python3.10/site-packages/airflow/example_dags/plugins/event_listener.py took 0.022 seconds
[2025-03-10T09:19:51.250+0100] {processor.py:161} INFO - Started process (PID=138881) to work on /home/philip/de_engineering/airflow_projects/airflow1/venv/lib/python3.10/site-packages/airflow/example_dags/plugins/event_listener.py
[2025-03-10T09:19:51.251+0100] {processor.py:830} INFO - Processing file /home/philip/de_engineering/airflow_projects/airflow1/venv/lib/python3.10/site-packages/airflow/example_dags/plugins/event_listener.py for tasks to queue
[2025-03-10T09:19:51.252+0100] {logging_mixin.py:188} INFO - [2025-03-10T09:19:51.251+0100] {dagbag.py:538} INFO - Filling up the DagBag from /home/philip/de_engineering/airflow_projects/airflow1/venv/lib/python3.10/site-packages/airflow/example_dags/plugins/event_listener.py
[2025-03-10T09:19:51.253+0100] {processor.py:842} WARNING - No viable dags retrieved from /home/philip/de_engineering/airflow_projects/airflow1/venv/lib/python3.10/site-packages/airflow/example_dags/plugins/event_listener.py
[2025-03-10T09:19:51.267+0100] {processor.py:183} INFO - Processing /home/philip/de_engineering/airflow_projects/airflow1/venv/lib/python3.10/site-packages/airflow/example_dags/plugins/event_listener.py took 0.020 seconds
[2025-03-10T09:20:21.734+0100] {processor.py:161} INFO - Started process (PID=139264) to work on /home/philip/de_engineering/airflow_projects/airflow1/venv/lib/python3.10/site-packages/airflow/example_dags/plugins/event_listener.py
[2025-03-10T09:20:21.735+0100] {processor.py:830} INFO - Processing file /home/philip/de_engineering/airflow_projects/airflow1/venv/lib/python3.10/site-packages/airflow/example_dags/plugins/event_listener.py for tasks to queue
[2025-03-10T09:20:21.736+0100] {logging_mixin.py:188} INFO - [2025-03-10T09:20:21.736+0100] {dagbag.py:538} INFO - Filling up the DagBag from /home/philip/de_engineering/airflow_projects/airflow1/venv/lib/python3.10/site-packages/airflow/example_dags/plugins/event_listener.py
[2025-03-10T09:20:21.739+0100] {processor.py:842} WARNING - No viable dags retrieved from /home/philip/de_engineering/airflow_projects/airflow1/venv/lib/python3.10/site-packages/airflow/example_dags/plugins/event_listener.py
[2025-03-10T09:20:21.755+0100] {processor.py:183} INFO - Processing /home/philip/de_engineering/airflow_projects/airflow1/venv/lib/python3.10/site-packages/airflow/example_dags/plugins/event_listener.py took 0.023 seconds
[2025-03-10T09:20:52.382+0100] {processor.py:161} INFO - Started process (PID=139638) to work on /home/philip/de_engineering/airflow_projects/airflow1/venv/lib/python3.10/site-packages/airflow/example_dags/plugins/event_listener.py
[2025-03-10T09:20:52.383+0100] {processor.py:830} INFO - Processing file /home/philip/de_engineering/airflow_projects/airflow1/venv/lib/python3.10/site-packages/airflow/example_dags/plugins/event_listener.py for tasks to queue
[2025-03-10T09:20:52.384+0100] {logging_mixin.py:188} INFO - [2025-03-10T09:20:52.384+0100] {dagbag.py:538} INFO - Filling up the DagBag from /home/philip/de_engineering/airflow_projects/airflow1/venv/lib/python3.10/site-packages/airflow/example_dags/plugins/event_listener.py
[2025-03-10T09:20:52.386+0100] {processor.py:842} WARNING - No viable dags retrieved from /home/philip/de_engineering/airflow_projects/airflow1/venv/lib/python3.10/site-packages/airflow/example_dags/plugins/event_listener.py
[2025-03-10T09:20:52.406+0100] {processor.py:183} INFO - Processing /home/philip/de_engineering/airflow_projects/airflow1/venv/lib/python3.10/site-packages/airflow/example_dags/plugins/event_listener.py took 0.027 seconds
[2025-03-10T09:21:22.717+0100] {processor.py:161} INFO - Started process (PID=140021) to work on /home/philip/de_engineering/airflow_projects/airflow1/venv/lib/python3.10/site-packages/airflow/example_dags/plugins/event_listener.py
[2025-03-10T09:21:22.718+0100] {processor.py:830} INFO - Processing file /home/philip/de_engineering/airflow_projects/airflow1/venv/lib/python3.10/site-packages/airflow/example_dags/plugins/event_listener.py for tasks to queue
[2025-03-10T09:21:22.719+0100] {logging_mixin.py:188} INFO - [2025-03-10T09:21:22.719+0100] {dagbag.py:538} INFO - Filling up the DagBag from /home/philip/de_engineering/airflow_projects/airflow1/venv/lib/python3.10/site-packages/airflow/example_dags/plugins/event_listener.py
[2025-03-10T09:21:22.721+0100] {processor.py:842} WARNING - No viable dags retrieved from /home/philip/de_engineering/airflow_projects/airflow1/venv/lib/python3.10/site-packages/airflow/example_dags/plugins/event_listener.py
[2025-03-10T09:21:22.736+0100] {processor.py:183} INFO - Processing /home/philip/de_engineering/airflow_projects/airflow1/venv/lib/python3.10/site-packages/airflow/example_dags/plugins/event_listener.py took 0.022 seconds
[2025-03-10T09:21:53.017+0100] {processor.py:161} INFO - Started process (PID=140395) to work on /home/philip/de_engineering/airflow_projects/airflow1/venv/lib/python3.10/site-packages/airflow/example_dags/plugins/event_listener.py
[2025-03-10T09:21:53.018+0100] {processor.py:830} INFO - Processing file /home/philip/de_engineering/airflow_projects/airflow1/venv/lib/python3.10/site-packages/airflow/example_dags/plugins/event_listener.py for tasks to queue
[2025-03-10T09:21:53.019+0100] {logging_mixin.py:188} INFO - [2025-03-10T09:21:53.019+0100] {dagbag.py:538} INFO - Filling up the DagBag from /home/philip/de_engineering/airflow_projects/airflow1/venv/lib/python3.10/site-packages/airflow/example_dags/plugins/event_listener.py
[2025-03-10T09:21:53.021+0100] {processor.py:842} WARNING - No viable dags retrieved from /home/philip/de_engineering/airflow_projects/airflow1/venv/lib/python3.10/site-packages/airflow/example_dags/plugins/event_listener.py
[2025-03-10T09:21:53.035+0100] {processor.py:183} INFO - Processing /home/philip/de_engineering/airflow_projects/airflow1/venv/lib/python3.10/site-packages/airflow/example_dags/plugins/event_listener.py took 0.020 seconds
[2025-03-10T09:22:23.278+0100] {processor.py:161} INFO - Started process (PID=140776) to work on /home/philip/de_engineering/airflow_projects/airflow1/venv/lib/python3.10/site-packages/airflow/example_dags/plugins/event_listener.py
[2025-03-10T09:22:23.279+0100] {processor.py:830} INFO - Processing file /home/philip/de_engineering/airflow_projects/airflow1/venv/lib/python3.10/site-packages/airflow/example_dags/plugins/event_listener.py for tasks to queue
[2025-03-10T09:22:23.280+0100] {logging_mixin.py:188} INFO - [2025-03-10T09:22:23.280+0100] {dagbag.py:538} INFO - Filling up the DagBag from /home/philip/de_engineering/airflow_projects/airflow1/venv/lib/python3.10/site-packages/airflow/example_dags/plugins/event_listener.py
[2025-03-10T09:22:23.282+0100] {processor.py:842} WARNING - No viable dags retrieved from /home/philip/de_engineering/airflow_projects/airflow1/venv/lib/python3.10/site-packages/airflow/example_dags/plugins/event_listener.py
[2025-03-10T09:22:23.297+0100] {processor.py:183} INFO - Processing /home/philip/de_engineering/airflow_projects/airflow1/venv/lib/python3.10/site-packages/airflow/example_dags/plugins/event_listener.py took 0.022 seconds
[2025-03-10T09:22:53.467+0100] {processor.py:161} INFO - Started process (PID=141150) to work on /home/philip/de_engineering/airflow_projects/airflow1/venv/lib/python3.10/site-packages/airflow/example_dags/plugins/event_listener.py
[2025-03-10T09:22:53.468+0100] {processor.py:830} INFO - Processing file /home/philip/de_engineering/airflow_projects/airflow1/venv/lib/python3.10/site-packages/airflow/example_dags/plugins/event_listener.py for tasks to queue
[2025-03-10T09:22:53.469+0100] {logging_mixin.py:188} INFO - [2025-03-10T09:22:53.469+0100] {dagbag.py:538} INFO - Filling up the DagBag from /home/philip/de_engineering/airflow_projects/airflow1/venv/lib/python3.10/site-packages/airflow/example_dags/plugins/event_listener.py
[2025-03-10T09:22:53.471+0100] {processor.py:842} WARNING - No viable dags retrieved from /home/philip/de_engineering/airflow_projects/airflow1/venv/lib/python3.10/site-packages/airflow/example_dags/plugins/event_listener.py
[2025-03-10T09:22:53.491+0100] {processor.py:183} INFO - Processing /home/philip/de_engineering/airflow_projects/airflow1/venv/lib/python3.10/site-packages/airflow/example_dags/plugins/event_listener.py took 0.027 seconds
[2025-03-10T09:23:23.705+0100] {processor.py:161} INFO - Started process (PID=141533) to work on /home/philip/de_engineering/airflow_projects/airflow1/venv/lib/python3.10/site-packages/airflow/example_dags/plugins/event_listener.py
[2025-03-10T09:23:23.706+0100] {processor.py:830} INFO - Processing file /home/philip/de_engineering/airflow_projects/airflow1/venv/lib/python3.10/site-packages/airflow/example_dags/plugins/event_listener.py for tasks to queue
[2025-03-10T09:23:23.707+0100] {logging_mixin.py:188} INFO - [2025-03-10T09:23:23.707+0100] {dagbag.py:538} INFO - Filling up the DagBag from /home/philip/de_engineering/airflow_projects/airflow1/venv/lib/python3.10/site-packages/airflow/example_dags/plugins/event_listener.py
[2025-03-10T09:23:23.709+0100] {processor.py:842} WARNING - No viable dags retrieved from /home/philip/de_engineering/airflow_projects/airflow1/venv/lib/python3.10/site-packages/airflow/example_dags/plugins/event_listener.py
[2025-03-10T09:23:23.726+0100] {processor.py:183} INFO - Processing /home/philip/de_engineering/airflow_projects/airflow1/venv/lib/python3.10/site-packages/airflow/example_dags/plugins/event_listener.py took 0.023 seconds
[2025-03-10T09:23:54.055+0100] {processor.py:161} INFO - Started process (PID=141916) to work on /home/philip/de_engineering/airflow_projects/airflow1/venv/lib/python3.10/site-packages/airflow/example_dags/plugins/event_listener.py
[2025-03-10T09:23:54.056+0100] {processor.py:830} INFO - Processing file /home/philip/de_engineering/airflow_projects/airflow1/venv/lib/python3.10/site-packages/airflow/example_dags/plugins/event_listener.py for tasks to queue
[2025-03-10T09:23:54.056+0100] {logging_mixin.py:188} INFO - [2025-03-10T09:23:54.056+0100] {dagbag.py:538} INFO - Filling up the DagBag from /home/philip/de_engineering/airflow_projects/airflow1/venv/lib/python3.10/site-packages/airflow/example_dags/plugins/event_listener.py
[2025-03-10T09:23:54.058+0100] {processor.py:842} WARNING - No viable dags retrieved from /home/philip/de_engineering/airflow_projects/airflow1/venv/lib/python3.10/site-packages/airflow/example_dags/plugins/event_listener.py
[2025-03-10T09:23:54.073+0100] {processor.py:183} INFO - Processing /home/philip/de_engineering/airflow_projects/airflow1/venv/lib/python3.10/site-packages/airflow/example_dags/plugins/event_listener.py took 0.021 seconds
[2025-03-10T09:24:24.381+0100] {processor.py:161} INFO - Started process (PID=142289) to work on /home/philip/de_engineering/airflow_projects/airflow1/venv/lib/python3.10/site-packages/airflow/example_dags/plugins/event_listener.py
[2025-03-10T09:24:24.382+0100] {processor.py:830} INFO - Processing file /home/philip/de_engineering/airflow_projects/airflow1/venv/lib/python3.10/site-packages/airflow/example_dags/plugins/event_listener.py for tasks to queue
[2025-03-10T09:24:24.383+0100] {logging_mixin.py:188} INFO - [2025-03-10T09:24:24.382+0100] {dagbag.py:538} INFO - Filling up the DagBag from /home/philip/de_engineering/airflow_projects/airflow1/venv/lib/python3.10/site-packages/airflow/example_dags/plugins/event_listener.py
[2025-03-10T09:24:24.384+0100] {processor.py:842} WARNING - No viable dags retrieved from /home/philip/de_engineering/airflow_projects/airflow1/venv/lib/python3.10/site-packages/airflow/example_dags/plugins/event_listener.py
[2025-03-10T09:24:24.400+0100] {processor.py:183} INFO - Processing /home/philip/de_engineering/airflow_projects/airflow1/venv/lib/python3.10/site-packages/airflow/example_dags/plugins/event_listener.py took 0.022 seconds
[2025-03-10T09:24:54.812+0100] {processor.py:161} INFO - Started process (PID=142672) to work on /home/philip/de_engineering/airflow_projects/airflow1/venv/lib/python3.10/site-packages/airflow/example_dags/plugins/event_listener.py
[2025-03-10T09:24:54.813+0100] {processor.py:830} INFO - Processing file /home/philip/de_engineering/airflow_projects/airflow1/venv/lib/python3.10/site-packages/airflow/example_dags/plugins/event_listener.py for tasks to queue
[2025-03-10T09:24:54.814+0100] {logging_mixin.py:188} INFO - [2025-03-10T09:24:54.814+0100] {dagbag.py:538} INFO - Filling up the DagBag from /home/philip/de_engineering/airflow_projects/airflow1/venv/lib/python3.10/site-packages/airflow/example_dags/plugins/event_listener.py
[2025-03-10T09:24:54.816+0100] {processor.py:842} WARNING - No viable dags retrieved from /home/philip/de_engineering/airflow_projects/airflow1/venv/lib/python3.10/site-packages/airflow/example_dags/plugins/event_listener.py
[2025-03-10T09:24:54.830+0100] {processor.py:183} INFO - Processing /home/philip/de_engineering/airflow_projects/airflow1/venv/lib/python3.10/site-packages/airflow/example_dags/plugins/event_listener.py took 0.020 seconds
[2025-03-10T09:25:24.951+0100] {processor.py:161} INFO - Started process (PID=143049) to work on /home/philip/de_engineering/airflow_projects/airflow1/venv/lib/python3.10/site-packages/airflow/example_dags/plugins/event_listener.py
[2025-03-10T09:25:24.952+0100] {processor.py:830} INFO - Processing file /home/philip/de_engineering/airflow_projects/airflow1/venv/lib/python3.10/site-packages/airflow/example_dags/plugins/event_listener.py for tasks to queue
[2025-03-10T09:25:24.952+0100] {logging_mixin.py:188} INFO - [2025-03-10T09:25:24.952+0100] {dagbag.py:538} INFO - Filling up the DagBag from /home/philip/de_engineering/airflow_projects/airflow1/venv/lib/python3.10/site-packages/airflow/example_dags/plugins/event_listener.py
[2025-03-10T09:25:24.954+0100] {processor.py:842} WARNING - No viable dags retrieved from /home/philip/de_engineering/airflow_projects/airflow1/venv/lib/python3.10/site-packages/airflow/example_dags/plugins/event_listener.py
[2025-03-10T09:25:24.969+0100] {processor.py:183} INFO - Processing /home/philip/de_engineering/airflow_projects/airflow1/venv/lib/python3.10/site-packages/airflow/example_dags/plugins/event_listener.py took 0.020 seconds
[2025-03-10T09:25:55.246+0100] {processor.py:161} INFO - Started process (PID=143432) to work on /home/philip/de_engineering/airflow_projects/airflow1/venv/lib/python3.10/site-packages/airflow/example_dags/plugins/event_listener.py
[2025-03-10T09:25:55.247+0100] {processor.py:830} INFO - Processing file /home/philip/de_engineering/airflow_projects/airflow1/venv/lib/python3.10/site-packages/airflow/example_dags/plugins/event_listener.py for tasks to queue
[2025-03-10T09:25:55.248+0100] {logging_mixin.py:188} INFO - [2025-03-10T09:25:55.248+0100] {dagbag.py:538} INFO - Filling up the DagBag from /home/philip/de_engineering/airflow_projects/airflow1/venv/lib/python3.10/site-packages/airflow/example_dags/plugins/event_listener.py
[2025-03-10T09:25:55.250+0100] {processor.py:842} WARNING - No viable dags retrieved from /home/philip/de_engineering/airflow_projects/airflow1/venv/lib/python3.10/site-packages/airflow/example_dags/plugins/event_listener.py
[2025-03-10T09:25:55.265+0100] {processor.py:183} INFO - Processing /home/philip/de_engineering/airflow_projects/airflow1/venv/lib/python3.10/site-packages/airflow/example_dags/plugins/event_listener.py took 0.021 seconds
[2025-03-10T09:26:25.729+0100] {processor.py:161} INFO - Started process (PID=143810) to work on /home/philip/de_engineering/airflow_projects/airflow1/venv/lib/python3.10/site-packages/airflow/example_dags/plugins/event_listener.py
[2025-03-10T09:26:25.729+0100] {processor.py:830} INFO - Processing file /home/philip/de_engineering/airflow_projects/airflow1/venv/lib/python3.10/site-packages/airflow/example_dags/plugins/event_listener.py for tasks to queue
[2025-03-10T09:26:25.730+0100] {logging_mixin.py:188} INFO - [2025-03-10T09:26:25.730+0100] {dagbag.py:538} INFO - Filling up the DagBag from /home/philip/de_engineering/airflow_projects/airflow1/venv/lib/python3.10/site-packages/airflow/example_dags/plugins/event_listener.py
[2025-03-10T09:26:25.732+0100] {processor.py:842} WARNING - No viable dags retrieved from /home/philip/de_engineering/airflow_projects/airflow1/venv/lib/python3.10/site-packages/airflow/example_dags/plugins/event_listener.py
[2025-03-10T09:26:25.747+0100] {processor.py:183} INFO - Processing /home/philip/de_engineering/airflow_projects/airflow1/venv/lib/python3.10/site-packages/airflow/example_dags/plugins/event_listener.py took 0.022 seconds
[2025-03-10T09:26:56.154+0100] {processor.py:161} INFO - Started process (PID=144187) to work on /home/philip/de_engineering/airflow_projects/airflow1/venv/lib/python3.10/site-packages/airflow/example_dags/plugins/event_listener.py
[2025-03-10T09:26:56.155+0100] {processor.py:830} INFO - Processing file /home/philip/de_engineering/airflow_projects/airflow1/venv/lib/python3.10/site-packages/airflow/example_dags/plugins/event_listener.py for tasks to queue
[2025-03-10T09:26:56.156+0100] {logging_mixin.py:188} INFO - [2025-03-10T09:26:56.156+0100] {dagbag.py:538} INFO - Filling up the DagBag from /home/philip/de_engineering/airflow_projects/airflow1/venv/lib/python3.10/site-packages/airflow/example_dags/plugins/event_listener.py
[2025-03-10T09:26:56.158+0100] {processor.py:842} WARNING - No viable dags retrieved from /home/philip/de_engineering/airflow_projects/airflow1/venv/lib/python3.10/site-packages/airflow/example_dags/plugins/event_listener.py
[2025-03-10T09:26:56.174+0100] {processor.py:183} INFO - Processing /home/philip/de_engineering/airflow_projects/airflow1/venv/lib/python3.10/site-packages/airflow/example_dags/plugins/event_listener.py took 0.023 seconds
[2025-03-10T09:27:26.405+0100] {processor.py:161} INFO - Started process (PID=144567) to work on /home/philip/de_engineering/airflow_projects/airflow1/venv/lib/python3.10/site-packages/airflow/example_dags/plugins/event_listener.py
[2025-03-10T09:27:26.406+0100] {processor.py:830} INFO - Processing file /home/philip/de_engineering/airflow_projects/airflow1/venv/lib/python3.10/site-packages/airflow/example_dags/plugins/event_listener.py for tasks to queue
[2025-03-10T09:27:26.407+0100] {logging_mixin.py:188} INFO - [2025-03-10T09:27:26.407+0100] {dagbag.py:538} INFO - Filling up the DagBag from /home/philip/de_engineering/airflow_projects/airflow1/venv/lib/python3.10/site-packages/airflow/example_dags/plugins/event_listener.py
[2025-03-10T09:27:26.409+0100] {processor.py:842} WARNING - No viable dags retrieved from /home/philip/de_engineering/airflow_projects/airflow1/venv/lib/python3.10/site-packages/airflow/example_dags/plugins/event_listener.py
[2025-03-10T09:27:26.424+0100] {processor.py:183} INFO - Processing /home/philip/de_engineering/airflow_projects/airflow1/venv/lib/python3.10/site-packages/airflow/example_dags/plugins/event_listener.py took 0.021 seconds
[2025-03-10T09:27:56.630+0100] {processor.py:161} INFO - Started process (PID=144942) to work on /home/philip/de_engineering/airflow_projects/airflow1/venv/lib/python3.10/site-packages/airflow/example_dags/plugins/event_listener.py
[2025-03-10T09:27:56.631+0100] {processor.py:830} INFO - Processing file /home/philip/de_engineering/airflow_projects/airflow1/venv/lib/python3.10/site-packages/airflow/example_dags/plugins/event_listener.py for tasks to queue
[2025-03-10T09:27:56.632+0100] {logging_mixin.py:188} INFO - [2025-03-10T09:27:56.632+0100] {dagbag.py:538} INFO - Filling up the DagBag from /home/philip/de_engineering/airflow_projects/airflow1/venv/lib/python3.10/site-packages/airflow/example_dags/plugins/event_listener.py
[2025-03-10T09:27:56.634+0100] {processor.py:842} WARNING - No viable dags retrieved from /home/philip/de_engineering/airflow_projects/airflow1/venv/lib/python3.10/site-packages/airflow/example_dags/plugins/event_listener.py
[2025-03-10T09:27:56.652+0100] {processor.py:183} INFO - Processing /home/philip/de_engineering/airflow_projects/airflow1/venv/lib/python3.10/site-packages/airflow/example_dags/plugins/event_listener.py took 0.025 seconds
[2025-03-10T09:28:26.963+0100] {processor.py:161} INFO - Started process (PID=145320) to work on /home/philip/de_engineering/airflow_projects/airflow1/venv/lib/python3.10/site-packages/airflow/example_dags/plugins/event_listener.py
[2025-03-10T09:28:26.964+0100] {processor.py:830} INFO - Processing file /home/philip/de_engineering/airflow_projects/airflow1/venv/lib/python3.10/site-packages/airflow/example_dags/plugins/event_listener.py for tasks to queue
[2025-03-10T09:28:26.965+0100] {logging_mixin.py:188} INFO - [2025-03-10T09:28:26.965+0100] {dagbag.py:538} INFO - Filling up the DagBag from /home/philip/de_engineering/airflow_projects/airflow1/venv/lib/python3.10/site-packages/airflow/example_dags/plugins/event_listener.py
[2025-03-10T09:28:26.967+0100] {processor.py:842} WARNING - No viable dags retrieved from /home/philip/de_engineering/airflow_projects/airflow1/venv/lib/python3.10/site-packages/airflow/example_dags/plugins/event_listener.py
[2025-03-10T09:28:26.981+0100] {processor.py:183} INFO - Processing /home/philip/de_engineering/airflow_projects/airflow1/venv/lib/python3.10/site-packages/airflow/example_dags/plugins/event_listener.py took 0.021 seconds
[2025-03-10T09:28:57.117+0100] {processor.py:161} INFO - Started process (PID=145698) to work on /home/philip/de_engineering/airflow_projects/airflow1/venv/lib/python3.10/site-packages/airflow/example_dags/plugins/event_listener.py
[2025-03-10T09:28:57.118+0100] {processor.py:830} INFO - Processing file /home/philip/de_engineering/airflow_projects/airflow1/venv/lib/python3.10/site-packages/airflow/example_dags/plugins/event_listener.py for tasks to queue
[2025-03-10T09:28:57.118+0100] {logging_mixin.py:188} INFO - [2025-03-10T09:28:57.118+0100] {dagbag.py:538} INFO - Filling up the DagBag from /home/philip/de_engineering/airflow_projects/airflow1/venv/lib/python3.10/site-packages/airflow/example_dags/plugins/event_listener.py
[2025-03-10T09:28:57.120+0100] {processor.py:842} WARNING - No viable dags retrieved from /home/philip/de_engineering/airflow_projects/airflow1/venv/lib/python3.10/site-packages/airflow/example_dags/plugins/event_listener.py
[2025-03-10T09:28:57.135+0100] {processor.py:183} INFO - Processing /home/philip/de_engineering/airflow_projects/airflow1/venv/lib/python3.10/site-packages/airflow/example_dags/plugins/event_listener.py took 0.022 seconds
[2025-03-10T09:29:27.341+0100] {processor.py:161} INFO - Started process (PID=146079) to work on /home/philip/de_engineering/airflow_projects/airflow1/venv/lib/python3.10/site-packages/airflow/example_dags/plugins/event_listener.py
[2025-03-10T09:29:27.341+0100] {processor.py:830} INFO - Processing file /home/philip/de_engineering/airflow_projects/airflow1/venv/lib/python3.10/site-packages/airflow/example_dags/plugins/event_listener.py for tasks to queue
[2025-03-10T09:29:27.342+0100] {logging_mixin.py:188} INFO - [2025-03-10T09:29:27.342+0100] {dagbag.py:538} INFO - Filling up the DagBag from /home/philip/de_engineering/airflow_projects/airflow1/venv/lib/python3.10/site-packages/airflow/example_dags/plugins/event_listener.py
[2025-03-10T09:29:27.344+0100] {processor.py:842} WARNING - No viable dags retrieved from /home/philip/de_engineering/airflow_projects/airflow1/venv/lib/python3.10/site-packages/airflow/example_dags/plugins/event_listener.py
[2025-03-10T09:29:27.359+0100] {processor.py:183} INFO - Processing /home/philip/de_engineering/airflow_projects/airflow1/venv/lib/python3.10/site-packages/airflow/example_dags/plugins/event_listener.py took 0.021 seconds
[2025-03-10T09:29:57.511+0100] {processor.py:161} INFO - Started process (PID=146454) to work on /home/philip/de_engineering/airflow_projects/airflow1/venv/lib/python3.10/site-packages/airflow/example_dags/plugins/event_listener.py
[2025-03-10T09:29:57.512+0100] {processor.py:830} INFO - Processing file /home/philip/de_engineering/airflow_projects/airflow1/venv/lib/python3.10/site-packages/airflow/example_dags/plugins/event_listener.py for tasks to queue
[2025-03-10T09:29:57.513+0100] {logging_mixin.py:188} INFO - [2025-03-10T09:29:57.513+0100] {dagbag.py:538} INFO - Filling up the DagBag from /home/philip/de_engineering/airflow_projects/airflow1/venv/lib/python3.10/site-packages/airflow/example_dags/plugins/event_listener.py
[2025-03-10T09:29:57.514+0100] {processor.py:842} WARNING - No viable dags retrieved from /home/philip/de_engineering/airflow_projects/airflow1/venv/lib/python3.10/site-packages/airflow/example_dags/plugins/event_listener.py
[2025-03-10T09:29:57.528+0100] {processor.py:183} INFO - Processing /home/philip/de_engineering/airflow_projects/airflow1/venv/lib/python3.10/site-packages/airflow/example_dags/plugins/event_listener.py took 0.020 seconds
[2025-03-10T09:30:27.753+0100] {processor.py:161} INFO - Started process (PID=146835) to work on /home/philip/de_engineering/airflow_projects/airflow1/venv/lib/python3.10/site-packages/airflow/example_dags/plugins/event_listener.py
[2025-03-10T09:30:27.754+0100] {processor.py:830} INFO - Processing file /home/philip/de_engineering/airflow_projects/airflow1/venv/lib/python3.10/site-packages/airflow/example_dags/plugins/event_listener.py for tasks to queue
[2025-03-10T09:30:27.755+0100] {logging_mixin.py:188} INFO - [2025-03-10T09:30:27.754+0100] {dagbag.py:538} INFO - Filling up the DagBag from /home/philip/de_engineering/airflow_projects/airflow1/venv/lib/python3.10/site-packages/airflow/example_dags/plugins/event_listener.py
[2025-03-10T09:30:27.756+0100] {processor.py:842} WARNING - No viable dags retrieved from /home/philip/de_engineering/airflow_projects/airflow1/venv/lib/python3.10/site-packages/airflow/example_dags/plugins/event_listener.py
[2025-03-10T09:30:27.773+0100] {processor.py:183} INFO - Processing /home/philip/de_engineering/airflow_projects/airflow1/venv/lib/python3.10/site-packages/airflow/example_dags/plugins/event_listener.py took 0.023 seconds
[2025-03-10T09:30:57.885+0100] {processor.py:161} INFO - Started process (PID=147210) to work on /home/philip/de_engineering/airflow_projects/airflow1/venv/lib/python3.10/site-packages/airflow/example_dags/plugins/event_listener.py
[2025-03-10T09:30:57.886+0100] {processor.py:830} INFO - Processing file /home/philip/de_engineering/airflow_projects/airflow1/venv/lib/python3.10/site-packages/airflow/example_dags/plugins/event_listener.py for tasks to queue
[2025-03-10T09:30:57.887+0100] {logging_mixin.py:188} INFO - [2025-03-10T09:30:57.887+0100] {dagbag.py:538} INFO - Filling up the DagBag from /home/philip/de_engineering/airflow_projects/airflow1/venv/lib/python3.10/site-packages/airflow/example_dags/plugins/event_listener.py
[2025-03-10T09:30:57.889+0100] {processor.py:842} WARNING - No viable dags retrieved from /home/philip/de_engineering/airflow_projects/airflow1/venv/lib/python3.10/site-packages/airflow/example_dags/plugins/event_listener.py
[2025-03-10T09:30:57.904+0100] {processor.py:183} INFO - Processing /home/philip/de_engineering/airflow_projects/airflow1/venv/lib/python3.10/site-packages/airflow/example_dags/plugins/event_listener.py took 0.022 seconds
[2025-03-10T09:31:28.155+0100] {processor.py:161} INFO - Started process (PID=147588) to work on /home/philip/de_engineering/airflow_projects/airflow1/venv/lib/python3.10/site-packages/airflow/example_dags/plugins/event_listener.py
[2025-03-10T09:31:28.156+0100] {processor.py:830} INFO - Processing file /home/philip/de_engineering/airflow_projects/airflow1/venv/lib/python3.10/site-packages/airflow/example_dags/plugins/event_listener.py for tasks to queue
[2025-03-10T09:31:28.157+0100] {logging_mixin.py:188} INFO - [2025-03-10T09:31:28.156+0100] {dagbag.py:538} INFO - Filling up the DagBag from /home/philip/de_engineering/airflow_projects/airflow1/venv/lib/python3.10/site-packages/airflow/example_dags/plugins/event_listener.py
[2025-03-10T09:31:28.158+0100] {processor.py:842} WARNING - No viable dags retrieved from /home/philip/de_engineering/airflow_projects/airflow1/venv/lib/python3.10/site-packages/airflow/example_dags/plugins/event_listener.py
[2025-03-10T09:31:28.173+0100] {processor.py:183} INFO - Processing /home/philip/de_engineering/airflow_projects/airflow1/venv/lib/python3.10/site-packages/airflow/example_dags/plugins/event_listener.py took 0.020 seconds
[2025-03-10T09:31:58.295+0100] {processor.py:161} INFO - Started process (PID=147971) to work on /home/philip/de_engineering/airflow_projects/airflow1/venv/lib/python3.10/site-packages/airflow/example_dags/plugins/event_listener.py
[2025-03-10T09:31:58.296+0100] {processor.py:830} INFO - Processing file /home/philip/de_engineering/airflow_projects/airflow1/venv/lib/python3.10/site-packages/airflow/example_dags/plugins/event_listener.py for tasks to queue
[2025-03-10T09:31:58.297+0100] {logging_mixin.py:188} INFO - [2025-03-10T09:31:58.296+0100] {dagbag.py:538} INFO - Filling up the DagBag from /home/philip/de_engineering/airflow_projects/airflow1/venv/lib/python3.10/site-packages/airflow/example_dags/plugins/event_listener.py
[2025-03-10T09:31:58.298+0100] {processor.py:842} WARNING - No viable dags retrieved from /home/philip/de_engineering/airflow_projects/airflow1/venv/lib/python3.10/site-packages/airflow/example_dags/plugins/event_listener.py
[2025-03-10T09:31:58.314+0100] {processor.py:183} INFO - Processing /home/philip/de_engineering/airflow_projects/airflow1/venv/lib/python3.10/site-packages/airflow/example_dags/plugins/event_listener.py took 0.021 seconds
[2025-03-10T09:32:28.466+0100] {processor.py:161} INFO - Started process (PID=148345) to work on /home/philip/de_engineering/airflow_projects/airflow1/venv/lib/python3.10/site-packages/airflow/example_dags/plugins/event_listener.py
[2025-03-10T09:32:28.467+0100] {processor.py:830} INFO - Processing file /home/philip/de_engineering/airflow_projects/airflow1/venv/lib/python3.10/site-packages/airflow/example_dags/plugins/event_listener.py for tasks to queue
[2025-03-10T09:32:28.467+0100] {logging_mixin.py:188} INFO - [2025-03-10T09:32:28.467+0100] {dagbag.py:538} INFO - Filling up the DagBag from /home/philip/de_engineering/airflow_projects/airflow1/venv/lib/python3.10/site-packages/airflow/example_dags/plugins/event_listener.py
[2025-03-10T09:32:28.469+0100] {processor.py:842} WARNING - No viable dags retrieved from /home/philip/de_engineering/airflow_projects/airflow1/venv/lib/python3.10/site-packages/airflow/example_dags/plugins/event_listener.py
[2025-03-10T09:32:28.484+0100] {processor.py:183} INFO - Processing /home/philip/de_engineering/airflow_projects/airflow1/venv/lib/python3.10/site-packages/airflow/example_dags/plugins/event_listener.py took 0.020 seconds
[2025-03-10T09:32:58.689+0100] {processor.py:161} INFO - Started process (PID=148726) to work on /home/philip/de_engineering/airflow_projects/airflow1/venv/lib/python3.10/site-packages/airflow/example_dags/plugins/event_listener.py
[2025-03-10T09:32:58.690+0100] {processor.py:830} INFO - Processing file /home/philip/de_engineering/airflow_projects/airflow1/venv/lib/python3.10/site-packages/airflow/example_dags/plugins/event_listener.py for tasks to queue
[2025-03-10T09:32:58.691+0100] {logging_mixin.py:188} INFO - [2025-03-10T09:32:58.691+0100] {dagbag.py:538} INFO - Filling up the DagBag from /home/philip/de_engineering/airflow_projects/airflow1/venv/lib/python3.10/site-packages/airflow/example_dags/plugins/event_listener.py
[2025-03-10T09:32:58.693+0100] {processor.py:842} WARNING - No viable dags retrieved from /home/philip/de_engineering/airflow_projects/airflow1/venv/lib/python3.10/site-packages/airflow/example_dags/plugins/event_listener.py
[2025-03-10T09:32:58.708+0100] {processor.py:183} INFO - Processing /home/philip/de_engineering/airflow_projects/airflow1/venv/lib/python3.10/site-packages/airflow/example_dags/plugins/event_listener.py took 0.021 seconds
[2025-03-10T09:33:28.968+0100] {processor.py:161} INFO - Started process (PID=149100) to work on /home/philip/de_engineering/airflow_projects/airflow1/venv/lib/python3.10/site-packages/airflow/example_dags/plugins/event_listener.py
[2025-03-10T09:33:28.969+0100] {processor.py:830} INFO - Processing file /home/philip/de_engineering/airflow_projects/airflow1/venv/lib/python3.10/site-packages/airflow/example_dags/plugins/event_listener.py for tasks to queue
[2025-03-10T09:33:28.970+0100] {logging_mixin.py:188} INFO - [2025-03-10T09:33:28.970+0100] {dagbag.py:538} INFO - Filling up the DagBag from /home/philip/de_engineering/airflow_projects/airflow1/venv/lib/python3.10/site-packages/airflow/example_dags/plugins/event_listener.py
[2025-03-10T09:33:28.972+0100] {processor.py:842} WARNING - No viable dags retrieved from /home/philip/de_engineering/airflow_projects/airflow1/venv/lib/python3.10/site-packages/airflow/example_dags/plugins/event_listener.py
[2025-03-10T09:33:28.989+0100] {processor.py:183} INFO - Processing /home/philip/de_engineering/airflow_projects/airflow1/venv/lib/python3.10/site-packages/airflow/example_dags/plugins/event_listener.py took 0.024 seconds
[2025-03-10T09:33:59.184+0100] {processor.py:161} INFO - Started process (PID=149481) to work on /home/philip/de_engineering/airflow_projects/airflow1/venv/lib/python3.10/site-packages/airflow/example_dags/plugins/event_listener.py
[2025-03-10T09:33:59.185+0100] {processor.py:830} INFO - Processing file /home/philip/de_engineering/airflow_projects/airflow1/venv/lib/python3.10/site-packages/airflow/example_dags/plugins/event_listener.py for tasks to queue
[2025-03-10T09:33:59.186+0100] {logging_mixin.py:188} INFO - [2025-03-10T09:33:59.185+0100] {dagbag.py:538} INFO - Filling up the DagBag from /home/philip/de_engineering/airflow_projects/airflow1/venv/lib/python3.10/site-packages/airflow/example_dags/plugins/event_listener.py
[2025-03-10T09:33:59.187+0100] {processor.py:842} WARNING - No viable dags retrieved from /home/philip/de_engineering/airflow_projects/airflow1/venv/lib/python3.10/site-packages/airflow/example_dags/plugins/event_listener.py
[2025-03-10T09:33:59.202+0100] {processor.py:183} INFO - Processing /home/philip/de_engineering/airflow_projects/airflow1/venv/lib/python3.10/site-packages/airflow/example_dags/plugins/event_listener.py took 0.021 seconds
[2025-03-10T09:34:29.410+0100] {processor.py:161} INFO - Started process (PID=149857) to work on /home/philip/de_engineering/airflow_projects/airflow1/venv/lib/python3.10/site-packages/airflow/example_dags/plugins/event_listener.py
[2025-03-10T09:34:29.410+0100] {processor.py:830} INFO - Processing file /home/philip/de_engineering/airflow_projects/airflow1/venv/lib/python3.10/site-packages/airflow/example_dags/plugins/event_listener.py for tasks to queue
[2025-03-10T09:34:29.411+0100] {logging_mixin.py:188} INFO - [2025-03-10T09:34:29.411+0100] {dagbag.py:538} INFO - Filling up the DagBag from /home/philip/de_engineering/airflow_projects/airflow1/venv/lib/python3.10/site-packages/airflow/example_dags/plugins/event_listener.py
[2025-03-10T09:34:29.413+0100] {processor.py:842} WARNING - No viable dags retrieved from /home/philip/de_engineering/airflow_projects/airflow1/venv/lib/python3.10/site-packages/airflow/example_dags/plugins/event_listener.py
[2025-03-10T09:34:29.427+0100] {processor.py:183} INFO - Processing /home/philip/de_engineering/airflow_projects/airflow1/venv/lib/python3.10/site-packages/airflow/example_dags/plugins/event_listener.py took 0.020 seconds
[2025-03-10T09:34:59.627+0100] {processor.py:161} INFO - Started process (PID=150240) to work on /home/philip/de_engineering/airflow_projects/airflow1/venv/lib/python3.10/site-packages/airflow/example_dags/plugins/event_listener.py
[2025-03-10T09:34:59.628+0100] {processor.py:830} INFO - Processing file /home/philip/de_engineering/airflow_projects/airflow1/venv/lib/python3.10/site-packages/airflow/example_dags/plugins/event_listener.py for tasks to queue
[2025-03-10T09:34:59.628+0100] {logging_mixin.py:188} INFO - [2025-03-10T09:34:59.628+0100] {dagbag.py:538} INFO - Filling up the DagBag from /home/philip/de_engineering/airflow_projects/airflow1/venv/lib/python3.10/site-packages/airflow/example_dags/plugins/event_listener.py
[2025-03-10T09:34:59.630+0100] {processor.py:842} WARNING - No viable dags retrieved from /home/philip/de_engineering/airflow_projects/airflow1/venv/lib/python3.10/site-packages/airflow/example_dags/plugins/event_listener.py
[2025-03-10T09:34:59.645+0100] {processor.py:183} INFO - Processing /home/philip/de_engineering/airflow_projects/airflow1/venv/lib/python3.10/site-packages/airflow/example_dags/plugins/event_listener.py took 0.021 seconds
[2025-03-10T09:35:29.855+0100] {processor.py:161} INFO - Started process (PID=150617) to work on /home/philip/de_engineering/airflow_projects/airflow1/venv/lib/python3.10/site-packages/airflow/example_dags/plugins/event_listener.py
[2025-03-10T09:35:29.855+0100] {processor.py:830} INFO - Processing file /home/philip/de_engineering/airflow_projects/airflow1/venv/lib/python3.10/site-packages/airflow/example_dags/plugins/event_listener.py for tasks to queue
[2025-03-10T09:35:29.856+0100] {logging_mixin.py:188} INFO - [2025-03-10T09:35:29.856+0100] {dagbag.py:538} INFO - Filling up the DagBag from /home/philip/de_engineering/airflow_projects/airflow1/venv/lib/python3.10/site-packages/airflow/example_dags/plugins/event_listener.py
[2025-03-10T09:35:29.858+0100] {processor.py:842} WARNING - No viable dags retrieved from /home/philip/de_engineering/airflow_projects/airflow1/venv/lib/python3.10/site-packages/airflow/example_dags/plugins/event_listener.py
[2025-03-10T09:35:29.873+0100] {processor.py:183} INFO - Processing /home/philip/de_engineering/airflow_projects/airflow1/venv/lib/python3.10/site-packages/airflow/example_dags/plugins/event_listener.py took 0.021 seconds
[2025-03-10T09:36:00.150+0100] {processor.py:161} INFO - Started process (PID=150996) to work on /home/philip/de_engineering/airflow_projects/airflow1/venv/lib/python3.10/site-packages/airflow/example_dags/plugins/event_listener.py
[2025-03-10T09:36:00.151+0100] {processor.py:830} INFO - Processing file /home/philip/de_engineering/airflow_projects/airflow1/venv/lib/python3.10/site-packages/airflow/example_dags/plugins/event_listener.py for tasks to queue
[2025-03-10T09:36:00.152+0100] {logging_mixin.py:188} INFO - [2025-03-10T09:36:00.152+0100] {dagbag.py:538} INFO - Filling up the DagBag from /home/philip/de_engineering/airflow_projects/airflow1/venv/lib/python3.10/site-packages/airflow/example_dags/plugins/event_listener.py
[2025-03-10T09:36:00.154+0100] {processor.py:842} WARNING - No viable dags retrieved from /home/philip/de_engineering/airflow_projects/airflow1/venv/lib/python3.10/site-packages/airflow/example_dags/plugins/event_listener.py
[2025-03-10T09:36:00.169+0100] {processor.py:183} INFO - Processing /home/philip/de_engineering/airflow_projects/airflow1/venv/lib/python3.10/site-packages/airflow/example_dags/plugins/event_listener.py took 0.022 seconds
