[2025-03-10T09:14:24.171+0100] {processor.py:161} INFO - Started process (PID=136858) to work on /home/philip/de_engineering/airflow_projects/airflow1/venv/lib/python3.10/site-packages/airflow/example_dags/plugins/workday.py
[2025-03-10T09:14:24.172+0100] {processor.py:830} INFO - Processing file /home/philip/de_engineering/airflow_projects/airflow1/venv/lib/python3.10/site-packages/airflow/example_dags/plugins/workday.py for tasks to queue
[2025-03-10T09:14:24.173+0100] {logging_mixin.py:188} INFO - [2025-03-10T09:14:24.172+0100] {dagbag.py:538} INFO - Filling up the DagBag from /home/philip/de_engineering/airflow_projects/airflow1/venv/lib/python3.10/site-packages/airflow/example_dags/plugins/workday.py
[2025-03-10T09:14:24.175+0100] {logging_mixin.py:188} INFO - [2025-03-10T09:14:24.174+0100] {workday.py:40} WARNING - Could not import pandas. Holidays will not be considered.
[2025-03-10T09:14:24.175+0100] {processor.py:842} WARNING - No viable dags retrieved from /home/philip/de_engineering/airflow_projects/airflow1/venv/lib/python3.10/site-packages/airflow/example_dags/plugins/workday.py
[2025-03-10T09:14:24.192+0100] {processor.py:183} INFO - Processing /home/philip/de_engineering/airflow_projects/airflow1/venv/lib/python3.10/site-packages/airflow/example_dags/plugins/workday.py took 0.023 seconds
[2025-03-10T09:14:55.272+0100] {processor.py:161} INFO - Started process (PID=136970) to work on /home/philip/de_engineering/airflow_projects/airflow1/venv/lib/python3.10/site-packages/airflow/example_dags/plugins/workday.py
[2025-03-10T09:14:55.273+0100] {processor.py:830} INFO - Processing file /home/philip/de_engineering/airflow_projects/airflow1/venv/lib/python3.10/site-packages/airflow/example_dags/plugins/workday.py for tasks to queue
[2025-03-10T09:14:55.273+0100] {logging_mixin.py:188} INFO - [2025-03-10T09:14:55.273+0100] {dagbag.py:538} INFO - Filling up the DagBag from /home/philip/de_engineering/airflow_projects/airflow1/venv/lib/python3.10/site-packages/airflow/example_dags/plugins/workday.py
[2025-03-10T09:14:55.275+0100] {logging_mixin.py:188} INFO - [2025-03-10T09:14:55.275+0100] {workday.py:40} WARNING - Could not import pandas. Holidays will not be considered.
[2025-03-10T09:14:55.276+0100] {processor.py:842} WARNING - No viable dags retrieved from /home/philip/de_engineering/airflow_projects/airflow1/venv/lib/python3.10/site-packages/airflow/example_dags/plugins/workday.py
[2025-03-10T09:14:55.291+0100] {processor.py:183} INFO - Processing /home/philip/de_engineering/airflow_projects/airflow1/venv/lib/python3.10/site-packages/airflow/example_dags/plugins/workday.py took 0.022 seconds
[2025-03-10T09:15:25.457+0100] {processor.py:161} INFO - Started process (PID=137071) to work on /home/philip/de_engineering/airflow_projects/airflow1/venv/lib/python3.10/site-packages/airflow/example_dags/plugins/workday.py
[2025-03-10T09:15:25.458+0100] {processor.py:830} INFO - Processing file /home/philip/de_engineering/airflow_projects/airflow1/venv/lib/python3.10/site-packages/airflow/example_dags/plugins/workday.py for tasks to queue
[2025-03-10T09:15:25.459+0100] {logging_mixin.py:188} INFO - [2025-03-10T09:15:25.459+0100] {dagbag.py:538} INFO - Filling up the DagBag from /home/philip/de_engineering/airflow_projects/airflow1/venv/lib/python3.10/site-packages/airflow/example_dags/plugins/workday.py
[2025-03-10T09:15:25.461+0100] {logging_mixin.py:188} INFO - [2025-03-10T09:15:25.461+0100] {workday.py:40} WARNING - Could not import pandas. Holidays will not be considered.
[2025-03-10T09:15:25.461+0100] {processor.py:842} WARNING - No viable dags retrieved from /home/philip/de_engineering/airflow_projects/airflow1/venv/lib/python3.10/site-packages/airflow/example_dags/plugins/workday.py
[2025-03-10T09:15:25.475+0100] {processor.py:183} INFO - Processing /home/philip/de_engineering/airflow_projects/airflow1/venv/lib/python3.10/site-packages/airflow/example_dags/plugins/workday.py took 0.021 seconds
[2025-03-10T09:15:55.757+0100] {processor.py:161} INFO - Started process (PID=137172) to work on /home/philip/de_engineering/airflow_projects/airflow1/venv/lib/python3.10/site-packages/airflow/example_dags/plugins/workday.py
[2025-03-10T09:15:55.758+0100] {processor.py:830} INFO - Processing file /home/philip/de_engineering/airflow_projects/airflow1/venv/lib/python3.10/site-packages/airflow/example_dags/plugins/workday.py for tasks to queue
[2025-03-10T09:15:55.759+0100] {logging_mixin.py:188} INFO - [2025-03-10T09:15:55.759+0100] {dagbag.py:538} INFO - Filling up the DagBag from /home/philip/de_engineering/airflow_projects/airflow1/venv/lib/python3.10/site-packages/airflow/example_dags/plugins/workday.py
[2025-03-10T09:15:55.762+0100] {logging_mixin.py:188} INFO - [2025-03-10T09:15:55.761+0100] {workday.py:40} WARNING - Could not import pandas. Holidays will not be considered.
[2025-03-10T09:15:55.762+0100] {processor.py:842} WARNING - No viable dags retrieved from /home/philip/de_engineering/airflow_projects/airflow1/venv/lib/python3.10/site-packages/airflow/example_dags/plugins/workday.py
[2025-03-10T09:15:55.786+0100] {processor.py:183} INFO - Processing /home/philip/de_engineering/airflow_projects/airflow1/venv/lib/python3.10/site-packages/airflow/example_dags/plugins/workday.py took 0.033 seconds
[2025-03-10T09:16:26.286+0100] {processor.py:161} INFO - Started process (PID=137548) to work on /home/philip/de_engineering/airflow_projects/airflow1/venv/lib/python3.10/site-packages/airflow/example_dags/plugins/workday.py
[2025-03-10T09:16:26.287+0100] {processor.py:830} INFO - Processing file /home/philip/de_engineering/airflow_projects/airflow1/venv/lib/python3.10/site-packages/airflow/example_dags/plugins/workday.py for tasks to queue
[2025-03-10T09:16:26.288+0100] {logging_mixin.py:188} INFO - [2025-03-10T09:16:26.287+0100] {dagbag.py:538} INFO - Filling up the DagBag from /home/philip/de_engineering/airflow_projects/airflow1/venv/lib/python3.10/site-packages/airflow/example_dags/plugins/workday.py
[2025-03-10T09:16:26.290+0100] {logging_mixin.py:188} INFO - [2025-03-10T09:16:26.290+0100] {workday.py:40} WARNING - Could not import pandas. Holidays will not be considered.
[2025-03-10T09:16:26.290+0100] {processor.py:842} WARNING - No viable dags retrieved from /home/philip/de_engineering/airflow_projects/airflow1/venv/lib/python3.10/site-packages/airflow/example_dags/plugins/workday.py
[2025-03-10T09:16:26.303+0100] {processor.py:183} INFO - Processing /home/philip/de_engineering/airflow_projects/airflow1/venv/lib/python3.10/site-packages/airflow/example_dags/plugins/workday.py took 0.020 seconds
[2025-03-10T09:16:56.411+0100] {processor.py:161} INFO - Started process (PID=137737) to work on /home/philip/de_engineering/airflow_projects/airflow1/venv/lib/python3.10/site-packages/airflow/example_dags/plugins/workday.py
[2025-03-10T09:16:56.412+0100] {processor.py:830} INFO - Processing file /home/philip/de_engineering/airflow_projects/airflow1/venv/lib/python3.10/site-packages/airflow/example_dags/plugins/workday.py for tasks to queue
[2025-03-10T09:16:56.412+0100] {logging_mixin.py:188} INFO - [2025-03-10T09:16:56.412+0100] {dagbag.py:538} INFO - Filling up the DagBag from /home/philip/de_engineering/airflow_projects/airflow1/venv/lib/python3.10/site-packages/airflow/example_dags/plugins/workday.py
[2025-03-10T09:16:56.415+0100] {logging_mixin.py:188} INFO - [2025-03-10T09:16:56.415+0100] {workday.py:40} WARNING - Could not import pandas. Holidays will not be considered.
[2025-03-10T09:16:56.415+0100] {processor.py:842} WARNING - No viable dags retrieved from /home/philip/de_engineering/airflow_projects/airflow1/venv/lib/python3.10/site-packages/airflow/example_dags/plugins/workday.py
[2025-03-10T09:16:56.429+0100] {processor.py:183} INFO - Processing /home/philip/de_engineering/airflow_projects/airflow1/venv/lib/python3.10/site-packages/airflow/example_dags/plugins/workday.py took 0.021 seconds
[2025-03-10T09:17:26.696+0100] {processor.py:161} INFO - Started process (PID=137923) to work on /home/philip/de_engineering/airflow_projects/airflow1/venv/lib/python3.10/site-packages/airflow/example_dags/plugins/workday.py
[2025-03-10T09:17:26.698+0100] {processor.py:830} INFO - Processing file /home/philip/de_engineering/airflow_projects/airflow1/venv/lib/python3.10/site-packages/airflow/example_dags/plugins/workday.py for tasks to queue
[2025-03-10T09:17:26.698+0100] {logging_mixin.py:188} INFO - [2025-03-10T09:17:26.698+0100] {dagbag.py:538} INFO - Filling up the DagBag from /home/philip/de_engineering/airflow_projects/airflow1/venv/lib/python3.10/site-packages/airflow/example_dags/plugins/workday.py
[2025-03-10T09:17:26.701+0100] {logging_mixin.py:188} INFO - [2025-03-10T09:17:26.701+0100] {workday.py:40} WARNING - Could not import pandas. Holidays will not be considered.
[2025-03-10T09:17:26.701+0100] {processor.py:842} WARNING - No viable dags retrieved from /home/philip/de_engineering/airflow_projects/airflow1/venv/lib/python3.10/site-packages/airflow/example_dags/plugins/workday.py
[2025-03-10T09:17:26.715+0100] {processor.py:183} INFO - Processing /home/philip/de_engineering/airflow_projects/airflow1/venv/lib/python3.10/site-packages/airflow/example_dags/plugins/workday.py took 0.022 seconds
[2025-03-10T09:19:21.053+0100] {processor.py:161} INFO - Started process (PID=138544) to work on /home/philip/de_engineering/airflow_projects/airflow1/venv/lib/python3.10/site-packages/airflow/example_dags/plugins/workday.py
[2025-03-10T09:19:21.054+0100] {processor.py:830} INFO - Processing file /home/philip/de_engineering/airflow_projects/airflow1/venv/lib/python3.10/site-packages/airflow/example_dags/plugins/workday.py for tasks to queue
[2025-03-10T09:19:21.055+0100] {logging_mixin.py:188} INFO - [2025-03-10T09:19:21.055+0100] {dagbag.py:538} INFO - Filling up the DagBag from /home/philip/de_engineering/airflow_projects/airflow1/venv/lib/python3.10/site-packages/airflow/example_dags/plugins/workday.py
[2025-03-10T09:19:21.057+0100] {logging_mixin.py:188} INFO - [2025-03-10T09:19:21.057+0100] {workday.py:40} WARNING - Could not import pandas. Holidays will not be considered.
[2025-03-10T09:19:21.057+0100] {processor.py:842} WARNING - No viable dags retrieved from /home/philip/de_engineering/airflow_projects/airflow1/venv/lib/python3.10/site-packages/airflow/example_dags/plugins/workday.py
[2025-03-10T09:19:21.073+0100] {processor.py:183} INFO - Processing /home/philip/de_engineering/airflow_projects/airflow1/venv/lib/python3.10/site-packages/airflow/example_dags/plugins/workday.py took 0.023 seconds
[2025-03-10T09:19:51.216+0100] {processor.py:161} INFO - Started process (PID=138874) to work on /home/philip/de_engineering/airflow_projects/airflow1/venv/lib/python3.10/site-packages/airflow/example_dags/plugins/workday.py
[2025-03-10T09:19:51.216+0100] {processor.py:830} INFO - Processing file /home/philip/de_engineering/airflow_projects/airflow1/venv/lib/python3.10/site-packages/airflow/example_dags/plugins/workday.py for tasks to queue
[2025-03-10T09:19:51.217+0100] {logging_mixin.py:188} INFO - [2025-03-10T09:19:51.217+0100] {dagbag.py:538} INFO - Filling up the DagBag from /home/philip/de_engineering/airflow_projects/airflow1/venv/lib/python3.10/site-packages/airflow/example_dags/plugins/workday.py
[2025-03-10T09:19:51.219+0100] {logging_mixin.py:188} INFO - [2025-03-10T09:19:51.219+0100] {workday.py:40} WARNING - Could not import pandas. Holidays will not be considered.
[2025-03-10T09:19:51.219+0100] {processor.py:842} WARNING - No viable dags retrieved from /home/philip/de_engineering/airflow_projects/airflow1/venv/lib/python3.10/site-packages/airflow/example_dags/plugins/workday.py
[2025-03-10T09:19:51.234+0100] {processor.py:183} INFO - Processing /home/philip/de_engineering/airflow_projects/airflow1/venv/lib/python3.10/site-packages/airflow/example_dags/plugins/workday.py took 0.021 seconds
[2025-03-10T09:20:21.696+0100] {processor.py:161} INFO - Started process (PID=139253) to work on /home/philip/de_engineering/airflow_projects/airflow1/venv/lib/python3.10/site-packages/airflow/example_dags/plugins/workday.py
[2025-03-10T09:20:21.697+0100] {processor.py:830} INFO - Processing file /home/philip/de_engineering/airflow_projects/airflow1/venv/lib/python3.10/site-packages/airflow/example_dags/plugins/workday.py for tasks to queue
[2025-03-10T09:20:21.698+0100] {logging_mixin.py:188} INFO - [2025-03-10T09:20:21.698+0100] {dagbag.py:538} INFO - Filling up the DagBag from /home/philip/de_engineering/airflow_projects/airflow1/venv/lib/python3.10/site-packages/airflow/example_dags/plugins/workday.py
[2025-03-10T09:20:21.701+0100] {logging_mixin.py:188} INFO - [2025-03-10T09:20:21.701+0100] {workday.py:40} WARNING - Could not import pandas. Holidays will not be considered.
[2025-03-10T09:20:21.701+0100] {processor.py:842} WARNING - No viable dags retrieved from /home/philip/de_engineering/airflow_projects/airflow1/venv/lib/python3.10/site-packages/airflow/example_dags/plugins/workday.py
[2025-03-10T09:20:21.716+0100] {processor.py:183} INFO - Processing /home/philip/de_engineering/airflow_projects/airflow1/venv/lib/python3.10/site-packages/airflow/example_dags/plugins/workday.py took 0.023 seconds
[2025-03-10T09:20:52.332+0100] {processor.py:161} INFO - Started process (PID=139629) to work on /home/philip/de_engineering/airflow_projects/airflow1/venv/lib/python3.10/site-packages/airflow/example_dags/plugins/workday.py
[2025-03-10T09:20:52.334+0100] {processor.py:830} INFO - Processing file /home/philip/de_engineering/airflow_projects/airflow1/venv/lib/python3.10/site-packages/airflow/example_dags/plugins/workday.py for tasks to queue
[2025-03-10T09:20:52.335+0100] {logging_mixin.py:188} INFO - [2025-03-10T09:20:52.335+0100] {dagbag.py:538} INFO - Filling up the DagBag from /home/philip/de_engineering/airflow_projects/airflow1/venv/lib/python3.10/site-packages/airflow/example_dags/plugins/workday.py
[2025-03-10T09:20:52.339+0100] {logging_mixin.py:188} INFO - [2025-03-10T09:20:52.339+0100] {workday.py:40} WARNING - Could not import pandas. Holidays will not be considered.
[2025-03-10T09:20:52.339+0100] {processor.py:842} WARNING - No viable dags retrieved from /home/philip/de_engineering/airflow_projects/airflow1/venv/lib/python3.10/site-packages/airflow/example_dags/plugins/workday.py
[2025-03-10T09:20:52.361+0100] {processor.py:183} INFO - Processing /home/philip/de_engineering/airflow_projects/airflow1/venv/lib/python3.10/site-packages/airflow/example_dags/plugins/workday.py took 0.034 seconds
[2025-03-10T09:21:22.682+0100] {processor.py:161} INFO - Started process (PID=140012) to work on /home/philip/de_engineering/airflow_projects/airflow1/venv/lib/python3.10/site-packages/airflow/example_dags/plugins/workday.py
[2025-03-10T09:21:22.684+0100] {processor.py:830} INFO - Processing file /home/philip/de_engineering/airflow_projects/airflow1/venv/lib/python3.10/site-packages/airflow/example_dags/plugins/workday.py for tasks to queue
[2025-03-10T09:21:22.684+0100] {logging_mixin.py:188} INFO - [2025-03-10T09:21:22.684+0100] {dagbag.py:538} INFO - Filling up the DagBag from /home/philip/de_engineering/airflow_projects/airflow1/venv/lib/python3.10/site-packages/airflow/example_dags/plugins/workday.py
[2025-03-10T09:21:22.687+0100] {logging_mixin.py:188} INFO - [2025-03-10T09:21:22.686+0100] {workday.py:40} WARNING - Could not import pandas. Holidays will not be considered.
[2025-03-10T09:21:22.687+0100] {processor.py:842} WARNING - No viable dags retrieved from /home/philip/de_engineering/airflow_projects/airflow1/venv/lib/python3.10/site-packages/airflow/example_dags/plugins/workday.py
[2025-03-10T09:21:22.702+0100] {processor.py:183} INFO - Processing /home/philip/de_engineering/airflow_projects/airflow1/venv/lib/python3.10/site-packages/airflow/example_dags/plugins/workday.py took 0.022 seconds
[2025-03-10T09:21:52.977+0100] {processor.py:161} INFO - Started process (PID=140388) to work on /home/philip/de_engineering/airflow_projects/airflow1/venv/lib/python3.10/site-packages/airflow/example_dags/plugins/workday.py
[2025-03-10T09:21:52.977+0100] {processor.py:830} INFO - Processing file /home/philip/de_engineering/airflow_projects/airflow1/venv/lib/python3.10/site-packages/airflow/example_dags/plugins/workday.py for tasks to queue
[2025-03-10T09:21:52.978+0100] {logging_mixin.py:188} INFO - [2025-03-10T09:21:52.978+0100] {dagbag.py:538} INFO - Filling up the DagBag from /home/philip/de_engineering/airflow_projects/airflow1/venv/lib/python3.10/site-packages/airflow/example_dags/plugins/workday.py
[2025-03-10T09:21:52.981+0100] {logging_mixin.py:188} INFO - [2025-03-10T09:21:52.980+0100] {workday.py:40} WARNING - Could not import pandas. Holidays will not be considered.
[2025-03-10T09:21:52.981+0100] {processor.py:842} WARNING - No viable dags retrieved from /home/philip/de_engineering/airflow_projects/airflow1/venv/lib/python3.10/site-packages/airflow/example_dags/plugins/workday.py
[2025-03-10T09:21:52.998+0100] {processor.py:183} INFO - Processing /home/philip/de_engineering/airflow_projects/airflow1/venv/lib/python3.10/site-packages/airflow/example_dags/plugins/workday.py took 0.025 seconds
[2025-03-10T09:22:23.238+0100] {processor.py:161} INFO - Started process (PID=140769) to work on /home/philip/de_engineering/airflow_projects/airflow1/venv/lib/python3.10/site-packages/airflow/example_dags/plugins/workday.py
[2025-03-10T09:22:23.239+0100] {processor.py:830} INFO - Processing file /home/philip/de_engineering/airflow_projects/airflow1/venv/lib/python3.10/site-packages/airflow/example_dags/plugins/workday.py for tasks to queue
[2025-03-10T09:22:23.240+0100] {logging_mixin.py:188} INFO - [2025-03-10T09:22:23.240+0100] {dagbag.py:538} INFO - Filling up the DagBag from /home/philip/de_engineering/airflow_projects/airflow1/venv/lib/python3.10/site-packages/airflow/example_dags/plugins/workday.py
[2025-03-10T09:22:23.242+0100] {logging_mixin.py:188} INFO - [2025-03-10T09:22:23.242+0100] {workday.py:40} WARNING - Could not import pandas. Holidays will not be considered.
[2025-03-10T09:22:23.243+0100] {processor.py:842} WARNING - No viable dags retrieved from /home/philip/de_engineering/airflow_projects/airflow1/venv/lib/python3.10/site-packages/airflow/example_dags/plugins/workday.py
[2025-03-10T09:22:23.259+0100] {processor.py:183} INFO - Processing /home/philip/de_engineering/airflow_projects/airflow1/venv/lib/python3.10/site-packages/airflow/example_dags/plugins/workday.py took 0.024 seconds
[2025-03-10T09:22:53.420+0100] {processor.py:161} INFO - Started process (PID=141143) to work on /home/philip/de_engineering/airflow_projects/airflow1/venv/lib/python3.10/site-packages/airflow/example_dags/plugins/workday.py
[2025-03-10T09:22:53.422+0100] {processor.py:830} INFO - Processing file /home/philip/de_engineering/airflow_projects/airflow1/venv/lib/python3.10/site-packages/airflow/example_dags/plugins/workday.py for tasks to queue
[2025-03-10T09:22:53.423+0100] {logging_mixin.py:188} INFO - [2025-03-10T09:22:53.422+0100] {dagbag.py:538} INFO - Filling up the DagBag from /home/philip/de_engineering/airflow_projects/airflow1/venv/lib/python3.10/site-packages/airflow/example_dags/plugins/workday.py
[2025-03-10T09:22:53.426+0100] {logging_mixin.py:188} INFO - [2025-03-10T09:22:53.426+0100] {workday.py:40} WARNING - Could not import pandas. Holidays will not be considered.
[2025-03-10T09:22:53.427+0100] {processor.py:842} WARNING - No viable dags retrieved from /home/philip/de_engineering/airflow_projects/airflow1/venv/lib/python3.10/site-packages/airflow/example_dags/plugins/workday.py
[2025-03-10T09:22:53.445+0100] {processor.py:183} INFO - Processing /home/philip/de_engineering/airflow_projects/airflow1/venv/lib/python3.10/site-packages/airflow/example_dags/plugins/workday.py took 0.028 seconds
[2025-03-10T09:23:23.669+0100] {processor.py:161} INFO - Started process (PID=141526) to work on /home/philip/de_engineering/airflow_projects/airflow1/venv/lib/python3.10/site-packages/airflow/example_dags/plugins/workday.py
[2025-03-10T09:23:23.670+0100] {processor.py:830} INFO - Processing file /home/philip/de_engineering/airflow_projects/airflow1/venv/lib/python3.10/site-packages/airflow/example_dags/plugins/workday.py for tasks to queue
[2025-03-10T09:23:23.670+0100] {logging_mixin.py:188} INFO - [2025-03-10T09:23:23.670+0100] {dagbag.py:538} INFO - Filling up the DagBag from /home/philip/de_engineering/airflow_projects/airflow1/venv/lib/python3.10/site-packages/airflow/example_dags/plugins/workday.py
[2025-03-10T09:23:23.672+0100] {logging_mixin.py:188} INFO - [2025-03-10T09:23:23.672+0100] {workday.py:40} WARNING - Could not import pandas. Holidays will not be considered.
[2025-03-10T09:23:23.673+0100] {processor.py:842} WARNING - No viable dags retrieved from /home/philip/de_engineering/airflow_projects/airflow1/venv/lib/python3.10/site-packages/airflow/example_dags/plugins/workday.py
[2025-03-10T09:23:23.688+0100] {processor.py:183} INFO - Processing /home/philip/de_engineering/airflow_projects/airflow1/venv/lib/python3.10/site-packages/airflow/example_dags/plugins/workday.py took 0.022 seconds
[2025-03-10T09:23:54.020+0100] {processor.py:161} INFO - Started process (PID=141907) to work on /home/philip/de_engineering/airflow_projects/airflow1/venv/lib/python3.10/site-packages/airflow/example_dags/plugins/workday.py
[2025-03-10T09:23:54.021+0100] {processor.py:830} INFO - Processing file /home/philip/de_engineering/airflow_projects/airflow1/venv/lib/python3.10/site-packages/airflow/example_dags/plugins/workday.py for tasks to queue
[2025-03-10T09:23:54.022+0100] {logging_mixin.py:188} INFO - [2025-03-10T09:23:54.022+0100] {dagbag.py:538} INFO - Filling up the DagBag from /home/philip/de_engineering/airflow_projects/airflow1/venv/lib/python3.10/site-packages/airflow/example_dags/plugins/workday.py
[2025-03-10T09:23:54.024+0100] {logging_mixin.py:188} INFO - [2025-03-10T09:23:54.024+0100] {workday.py:40} WARNING - Could not import pandas. Holidays will not be considered.
[2025-03-10T09:23:54.025+0100] {processor.py:842} WARNING - No viable dags retrieved from /home/philip/de_engineering/airflow_projects/airflow1/venv/lib/python3.10/site-packages/airflow/example_dags/plugins/workday.py
[2025-03-10T09:23:54.040+0100] {processor.py:183} INFO - Processing /home/philip/de_engineering/airflow_projects/airflow1/venv/lib/python3.10/site-packages/airflow/example_dags/plugins/workday.py took 0.023 seconds
[2025-03-10T09:24:24.342+0100] {processor.py:161} INFO - Started process (PID=142282) to work on /home/philip/de_engineering/airflow_projects/airflow1/venv/lib/python3.10/site-packages/airflow/example_dags/plugins/workday.py
[2025-03-10T09:24:24.343+0100] {processor.py:830} INFO - Processing file /home/philip/de_engineering/airflow_projects/airflow1/venv/lib/python3.10/site-packages/airflow/example_dags/plugins/workday.py for tasks to queue
[2025-03-10T09:24:24.344+0100] {logging_mixin.py:188} INFO - [2025-03-10T09:24:24.343+0100] {dagbag.py:538} INFO - Filling up the DagBag from /home/philip/de_engineering/airflow_projects/airflow1/venv/lib/python3.10/site-packages/airflow/example_dags/plugins/workday.py
[2025-03-10T09:24:24.346+0100] {logging_mixin.py:188} INFO - [2025-03-10T09:24:24.346+0100] {workday.py:40} WARNING - Could not import pandas. Holidays will not be considered.
[2025-03-10T09:24:24.346+0100] {processor.py:842} WARNING - No viable dags retrieved from /home/philip/de_engineering/airflow_projects/airflow1/venv/lib/python3.10/site-packages/airflow/example_dags/plugins/workday.py
[2025-03-10T09:24:24.362+0100] {processor.py:183} INFO - Processing /home/philip/de_engineering/airflow_projects/airflow1/venv/lib/python3.10/site-packages/airflow/example_dags/plugins/workday.py took 0.023 seconds
[2025-03-10T09:24:54.776+0100] {processor.py:161} INFO - Started process (PID=142663) to work on /home/philip/de_engineering/airflow_projects/airflow1/venv/lib/python3.10/site-packages/airflow/example_dags/plugins/workday.py
[2025-03-10T09:24:54.777+0100] {processor.py:830} INFO - Processing file /home/philip/de_engineering/airflow_projects/airflow1/venv/lib/python3.10/site-packages/airflow/example_dags/plugins/workday.py for tasks to queue
[2025-03-10T09:24:54.778+0100] {logging_mixin.py:188} INFO - [2025-03-10T09:24:54.778+0100] {dagbag.py:538} INFO - Filling up the DagBag from /home/philip/de_engineering/airflow_projects/airflow1/venv/lib/python3.10/site-packages/airflow/example_dags/plugins/workday.py
[2025-03-10T09:24:54.780+0100] {logging_mixin.py:188} INFO - [2025-03-10T09:24:54.780+0100] {workday.py:40} WARNING - Could not import pandas. Holidays will not be considered.
[2025-03-10T09:24:54.781+0100] {processor.py:842} WARNING - No viable dags retrieved from /home/philip/de_engineering/airflow_projects/airflow1/venv/lib/python3.10/site-packages/airflow/example_dags/plugins/workday.py
[2025-03-10T09:24:54.796+0100] {processor.py:183} INFO - Processing /home/philip/de_engineering/airflow_projects/airflow1/venv/lib/python3.10/site-packages/airflow/example_dags/plugins/workday.py took 0.022 seconds
[2025-03-10T09:25:24.916+0100] {processor.py:161} INFO - Started process (PID=143042) to work on /home/philip/de_engineering/airflow_projects/airflow1/venv/lib/python3.10/site-packages/airflow/example_dags/plugins/workday.py
[2025-03-10T09:25:24.917+0100] {processor.py:830} INFO - Processing file /home/philip/de_engineering/airflow_projects/airflow1/venv/lib/python3.10/site-packages/airflow/example_dags/plugins/workday.py for tasks to queue
[2025-03-10T09:25:24.918+0100] {logging_mixin.py:188} INFO - [2025-03-10T09:25:24.918+0100] {dagbag.py:538} INFO - Filling up the DagBag from /home/philip/de_engineering/airflow_projects/airflow1/venv/lib/python3.10/site-packages/airflow/example_dags/plugins/workday.py
[2025-03-10T09:25:24.920+0100] {logging_mixin.py:188} INFO - [2025-03-10T09:25:24.920+0100] {workday.py:40} WARNING - Could not import pandas. Holidays will not be considered.
[2025-03-10T09:25:24.920+0100] {processor.py:842} WARNING - No viable dags retrieved from /home/philip/de_engineering/airflow_projects/airflow1/venv/lib/python3.10/site-packages/airflow/example_dags/plugins/workday.py
[2025-03-10T09:25:24.934+0100] {processor.py:183} INFO - Processing /home/philip/de_engineering/airflow_projects/airflow1/venv/lib/python3.10/site-packages/airflow/example_dags/plugins/workday.py took 0.021 seconds
[2025-03-10T09:25:55.212+0100] {processor.py:161} INFO - Started process (PID=143423) to work on /home/philip/de_engineering/airflow_projects/airflow1/venv/lib/python3.10/site-packages/airflow/example_dags/plugins/workday.py
[2025-03-10T09:25:55.214+0100] {processor.py:830} INFO - Processing file /home/philip/de_engineering/airflow_projects/airflow1/venv/lib/python3.10/site-packages/airflow/example_dags/plugins/workday.py for tasks to queue
[2025-03-10T09:25:55.214+0100] {logging_mixin.py:188} INFO - [2025-03-10T09:25:55.214+0100] {dagbag.py:538} INFO - Filling up the DagBag from /home/philip/de_engineering/airflow_projects/airflow1/venv/lib/python3.10/site-packages/airflow/example_dags/plugins/workday.py
[2025-03-10T09:25:55.217+0100] {logging_mixin.py:188} INFO - [2025-03-10T09:25:55.216+0100] {workday.py:40} WARNING - Could not import pandas. Holidays will not be considered.
[2025-03-10T09:25:55.217+0100] {processor.py:842} WARNING - No viable dags retrieved from /home/philip/de_engineering/airflow_projects/airflow1/venv/lib/python3.10/site-packages/airflow/example_dags/plugins/workday.py
[2025-03-10T09:25:55.232+0100] {processor.py:183} INFO - Processing /home/philip/de_engineering/airflow_projects/airflow1/venv/lib/python3.10/site-packages/airflow/example_dags/plugins/workday.py took 0.024 seconds
[2025-03-10T09:26:25.686+0100] {processor.py:161} INFO - Started process (PID=143803) to work on /home/philip/de_engineering/airflow_projects/airflow1/venv/lib/python3.10/site-packages/airflow/example_dags/plugins/workday.py
[2025-03-10T09:26:25.687+0100] {processor.py:830} INFO - Processing file /home/philip/de_engineering/airflow_projects/airflow1/venv/lib/python3.10/site-packages/airflow/example_dags/plugins/workday.py for tasks to queue
[2025-03-10T09:26:25.688+0100] {logging_mixin.py:188} INFO - [2025-03-10T09:26:25.688+0100] {dagbag.py:538} INFO - Filling up the DagBag from /home/philip/de_engineering/airflow_projects/airflow1/venv/lib/python3.10/site-packages/airflow/example_dags/plugins/workday.py
[2025-03-10T09:26:25.690+0100] {logging_mixin.py:188} INFO - [2025-03-10T09:26:25.690+0100] {workday.py:40} WARNING - Could not import pandas. Holidays will not be considered.
[2025-03-10T09:26:25.690+0100] {processor.py:842} WARNING - No viable dags retrieved from /home/philip/de_engineering/airflow_projects/airflow1/venv/lib/python3.10/site-packages/airflow/example_dags/plugins/workday.py
[2025-03-10T09:26:25.708+0100] {processor.py:183} INFO - Processing /home/philip/de_engineering/airflow_projects/airflow1/venv/lib/python3.10/site-packages/airflow/example_dags/plugins/workday.py took 0.024 seconds
[2025-03-10T09:26:56.117+0100] {processor.py:161} INFO - Started process (PID=144178) to work on /home/philip/de_engineering/airflow_projects/airflow1/venv/lib/python3.10/site-packages/airflow/example_dags/plugins/workday.py
[2025-03-10T09:26:56.118+0100] {processor.py:830} INFO - Processing file /home/philip/de_engineering/airflow_projects/airflow1/venv/lib/python3.10/site-packages/airflow/example_dags/plugins/workday.py for tasks to queue
[2025-03-10T09:26:56.118+0100] {logging_mixin.py:188} INFO - [2025-03-10T09:26:56.118+0100] {dagbag.py:538} INFO - Filling up the DagBag from /home/philip/de_engineering/airflow_projects/airflow1/venv/lib/python3.10/site-packages/airflow/example_dags/plugins/workday.py
[2025-03-10T09:26:56.120+0100] {logging_mixin.py:188} INFO - [2025-03-10T09:26:56.120+0100] {workday.py:40} WARNING - Could not import pandas. Holidays will not be considered.
[2025-03-10T09:26:56.121+0100] {processor.py:842} WARNING - No viable dags retrieved from /home/philip/de_engineering/airflow_projects/airflow1/venv/lib/python3.10/site-packages/airflow/example_dags/plugins/workday.py
[2025-03-10T09:26:56.136+0100] {processor.py:183} INFO - Processing /home/philip/de_engineering/airflow_projects/airflow1/venv/lib/python3.10/site-packages/airflow/example_dags/plugins/workday.py took 0.022 seconds
[2025-03-10T09:27:26.287+0100] {processor.py:161} INFO - Started process (PID=144553) to work on /home/philip/de_engineering/airflow_projects/airflow1/venv/lib/python3.10/site-packages/airflow/example_dags/plugins/workday.py
[2025-03-10T09:27:26.288+0100] {processor.py:830} INFO - Processing file /home/philip/de_engineering/airflow_projects/airflow1/venv/lib/python3.10/site-packages/airflow/example_dags/plugins/workday.py for tasks to queue
[2025-03-10T09:27:26.289+0100] {logging_mixin.py:188} INFO - [2025-03-10T09:27:26.289+0100] {dagbag.py:538} INFO - Filling up the DagBag from /home/philip/de_engineering/airflow_projects/airflow1/venv/lib/python3.10/site-packages/airflow/example_dags/plugins/workday.py
[2025-03-10T09:27:26.291+0100] {logging_mixin.py:188} INFO - [2025-03-10T09:27:26.291+0100] {workday.py:40} WARNING - Could not import pandas. Holidays will not be considered.
[2025-03-10T09:27:26.292+0100] {processor.py:842} WARNING - No viable dags retrieved from /home/philip/de_engineering/airflow_projects/airflow1/venv/lib/python3.10/site-packages/airflow/example_dags/plugins/workday.py
[2025-03-10T09:27:26.309+0100] {processor.py:183} INFO - Processing /home/philip/de_engineering/airflow_projects/airflow1/venv/lib/python3.10/site-packages/airflow/example_dags/plugins/workday.py took 0.025 seconds
[2025-03-10T09:27:56.523+0100] {processor.py:161} INFO - Started process (PID=144928) to work on /home/philip/de_engineering/airflow_projects/airflow1/venv/lib/python3.10/site-packages/airflow/example_dags/plugins/workday.py
[2025-03-10T09:27:56.524+0100] {processor.py:830} INFO - Processing file /home/philip/de_engineering/airflow_projects/airflow1/venv/lib/python3.10/site-packages/airflow/example_dags/plugins/workday.py for tasks to queue
[2025-03-10T09:27:56.525+0100] {logging_mixin.py:188} INFO - [2025-03-10T09:27:56.525+0100] {dagbag.py:538} INFO - Filling up the DagBag from /home/philip/de_engineering/airflow_projects/airflow1/venv/lib/python3.10/site-packages/airflow/example_dags/plugins/workday.py
[2025-03-10T09:27:56.527+0100] {logging_mixin.py:188} INFO - [2025-03-10T09:27:56.527+0100] {workday.py:40} WARNING - Could not import pandas. Holidays will not be considered.
[2025-03-10T09:27:56.527+0100] {processor.py:842} WARNING - No viable dags retrieved from /home/philip/de_engineering/airflow_projects/airflow1/venv/lib/python3.10/site-packages/airflow/example_dags/plugins/workday.py
[2025-03-10T09:27:56.543+0100] {processor.py:183} INFO - Processing /home/philip/de_engineering/airflow_projects/airflow1/venv/lib/python3.10/site-packages/airflow/example_dags/plugins/workday.py took 0.023 seconds
[2025-03-10T09:28:26.924+0100] {processor.py:161} INFO - Started process (PID=145313) to work on /home/philip/de_engineering/airflow_projects/airflow1/venv/lib/python3.10/site-packages/airflow/example_dags/plugins/workday.py
[2025-03-10T09:28:26.925+0100] {processor.py:830} INFO - Processing file /home/philip/de_engineering/airflow_projects/airflow1/venv/lib/python3.10/site-packages/airflow/example_dags/plugins/workday.py for tasks to queue
[2025-03-10T09:28:26.926+0100] {logging_mixin.py:188} INFO - [2025-03-10T09:28:26.925+0100] {dagbag.py:538} INFO - Filling up the DagBag from /home/philip/de_engineering/airflow_projects/airflow1/venv/lib/python3.10/site-packages/airflow/example_dags/plugins/workday.py
[2025-03-10T09:28:26.928+0100] {logging_mixin.py:188} INFO - [2025-03-10T09:28:26.928+0100] {workday.py:40} WARNING - Could not import pandas. Holidays will not be considered.
[2025-03-10T09:28:26.928+0100] {processor.py:842} WARNING - No viable dags retrieved from /home/philip/de_engineering/airflow_projects/airflow1/venv/lib/python3.10/site-packages/airflow/example_dags/plugins/workday.py
[2025-03-10T09:28:26.945+0100] {processor.py:183} INFO - Processing /home/philip/de_engineering/airflow_projects/airflow1/venv/lib/python3.10/site-packages/airflow/example_dags/plugins/workday.py took 0.023 seconds
[2025-03-10T09:28:57.080+0100] {processor.py:161} INFO - Started process (PID=145690) to work on /home/philip/de_engineering/airflow_projects/airflow1/venv/lib/python3.10/site-packages/airflow/example_dags/plugins/workday.py
[2025-03-10T09:28:57.081+0100] {processor.py:830} INFO - Processing file /home/philip/de_engineering/airflow_projects/airflow1/venv/lib/python3.10/site-packages/airflow/example_dags/plugins/workday.py for tasks to queue
[2025-03-10T09:28:57.081+0100] {logging_mixin.py:188} INFO - [2025-03-10T09:28:57.081+0100] {dagbag.py:538} INFO - Filling up the DagBag from /home/philip/de_engineering/airflow_projects/airflow1/venv/lib/python3.10/site-packages/airflow/example_dags/plugins/workday.py
[2025-03-10T09:28:57.084+0100] {logging_mixin.py:188} INFO - [2025-03-10T09:28:57.083+0100] {workday.py:40} WARNING - Could not import pandas. Holidays will not be considered.
[2025-03-10T09:28:57.084+0100] {processor.py:842} WARNING - No viable dags retrieved from /home/philip/de_engineering/airflow_projects/airflow1/venv/lib/python3.10/site-packages/airflow/example_dags/plugins/workday.py
[2025-03-10T09:28:57.099+0100] {processor.py:183} INFO - Processing /home/philip/de_engineering/airflow_projects/airflow1/venv/lib/python3.10/site-packages/airflow/example_dags/plugins/workday.py took 0.023 seconds
[2025-03-10T09:29:27.306+0100] {processor.py:161} INFO - Started process (PID=146070) to work on /home/philip/de_engineering/airflow_projects/airflow1/venv/lib/python3.10/site-packages/airflow/example_dags/plugins/workday.py
[2025-03-10T09:29:27.306+0100] {processor.py:830} INFO - Processing file /home/philip/de_engineering/airflow_projects/airflow1/venv/lib/python3.10/site-packages/airflow/example_dags/plugins/workday.py for tasks to queue
[2025-03-10T09:29:27.307+0100] {logging_mixin.py:188} INFO - [2025-03-10T09:29:27.307+0100] {dagbag.py:538} INFO - Filling up the DagBag from /home/philip/de_engineering/airflow_projects/airflow1/venv/lib/python3.10/site-packages/airflow/example_dags/plugins/workday.py
[2025-03-10T09:29:27.309+0100] {logging_mixin.py:188} INFO - [2025-03-10T09:29:27.309+0100] {workday.py:40} WARNING - Could not import pandas. Holidays will not be considered.
[2025-03-10T09:29:27.310+0100] {processor.py:842} WARNING - No viable dags retrieved from /home/philip/de_engineering/airflow_projects/airflow1/venv/lib/python3.10/site-packages/airflow/example_dags/plugins/workday.py
[2025-03-10T09:29:27.324+0100] {processor.py:183} INFO - Processing /home/philip/de_engineering/airflow_projects/airflow1/venv/lib/python3.10/site-packages/airflow/example_dags/plugins/workday.py took 0.021 seconds
[2025-03-10T09:29:57.475+0100] {processor.py:161} INFO - Started process (PID=146445) to work on /home/philip/de_engineering/airflow_projects/airflow1/venv/lib/python3.10/site-packages/airflow/example_dags/plugins/workday.py
[2025-03-10T09:29:57.476+0100] {processor.py:830} INFO - Processing file /home/philip/de_engineering/airflow_projects/airflow1/venv/lib/python3.10/site-packages/airflow/example_dags/plugins/workday.py for tasks to queue
[2025-03-10T09:29:57.476+0100] {logging_mixin.py:188} INFO - [2025-03-10T09:29:57.476+0100] {dagbag.py:538} INFO - Filling up the DagBag from /home/philip/de_engineering/airflow_projects/airflow1/venv/lib/python3.10/site-packages/airflow/example_dags/plugins/workday.py
[2025-03-10T09:29:57.478+0100] {logging_mixin.py:188} INFO - [2025-03-10T09:29:57.478+0100] {workday.py:40} WARNING - Could not import pandas. Holidays will not be considered.
[2025-03-10T09:29:57.479+0100] {processor.py:842} WARNING - No viable dags retrieved from /home/philip/de_engineering/airflow_projects/airflow1/venv/lib/python3.10/site-packages/airflow/example_dags/plugins/workday.py
[2025-03-10T09:29:57.494+0100] {processor.py:183} INFO - Processing /home/philip/de_engineering/airflow_projects/airflow1/venv/lib/python3.10/site-packages/airflow/example_dags/plugins/workday.py took 0.023 seconds
[2025-03-10T09:30:27.722+0100] {processor.py:161} INFO - Started process (PID=146826) to work on /home/philip/de_engineering/airflow_projects/airflow1/venv/lib/python3.10/site-packages/airflow/example_dags/plugins/workday.py
[2025-03-10T09:30:27.722+0100] {processor.py:830} INFO - Processing file /home/philip/de_engineering/airflow_projects/airflow1/venv/lib/python3.10/site-packages/airflow/example_dags/plugins/workday.py for tasks to queue
[2025-03-10T09:30:27.723+0100] {logging_mixin.py:188} INFO - [2025-03-10T09:30:27.723+0100] {dagbag.py:538} INFO - Filling up the DagBag from /home/philip/de_engineering/airflow_projects/airflow1/venv/lib/python3.10/site-packages/airflow/example_dags/plugins/workday.py
[2025-03-10T09:30:27.725+0100] {logging_mixin.py:188} INFO - [2025-03-10T09:30:27.725+0100] {workday.py:40} WARNING - Could not import pandas. Holidays will not be considered.
[2025-03-10T09:30:27.726+0100] {processor.py:842} WARNING - No viable dags retrieved from /home/philip/de_engineering/airflow_projects/airflow1/venv/lib/python3.10/site-packages/airflow/example_dags/plugins/workday.py
[2025-03-10T09:30:27.740+0100] {processor.py:183} INFO - Processing /home/philip/de_engineering/airflow_projects/airflow1/venv/lib/python3.10/site-packages/airflow/example_dags/plugins/workday.py took 0.022 seconds
[2025-03-10T09:30:57.852+0100] {processor.py:161} INFO - Started process (PID=147201) to work on /home/philip/de_engineering/airflow_projects/airflow1/venv/lib/python3.10/site-packages/airflow/example_dags/plugins/workday.py
[2025-03-10T09:30:57.853+0100] {processor.py:830} INFO - Processing file /home/philip/de_engineering/airflow_projects/airflow1/venv/lib/python3.10/site-packages/airflow/example_dags/plugins/workday.py for tasks to queue
[2025-03-10T09:30:57.854+0100] {logging_mixin.py:188} INFO - [2025-03-10T09:30:57.853+0100] {dagbag.py:538} INFO - Filling up the DagBag from /home/philip/de_engineering/airflow_projects/airflow1/venv/lib/python3.10/site-packages/airflow/example_dags/plugins/workday.py
[2025-03-10T09:30:57.856+0100] {logging_mixin.py:188} INFO - [2025-03-10T09:30:57.856+0100] {workday.py:40} WARNING - Could not import pandas. Holidays will not be considered.
[2025-03-10T09:30:57.856+0100] {processor.py:842} WARNING - No viable dags retrieved from /home/philip/de_engineering/airflow_projects/airflow1/venv/lib/python3.10/site-packages/airflow/example_dags/plugins/workday.py
[2025-03-10T09:30:57.870+0100] {processor.py:183} INFO - Processing /home/philip/de_engineering/airflow_projects/airflow1/venv/lib/python3.10/site-packages/airflow/example_dags/plugins/workday.py took 0.021 seconds
[2025-03-10T09:31:28.129+0100] {processor.py:161} INFO - Started process (PID=147581) to work on /home/philip/de_engineering/airflow_projects/airflow1/venv/lib/python3.10/site-packages/airflow/example_dags/plugins/workday.py
[2025-03-10T09:31:28.130+0100] {processor.py:830} INFO - Processing file /home/philip/de_engineering/airflow_projects/airflow1/venv/lib/python3.10/site-packages/airflow/example_dags/plugins/workday.py for tasks to queue
[2025-03-10T09:31:28.131+0100] {logging_mixin.py:188} INFO - [2025-03-10T09:31:28.130+0100] {dagbag.py:538} INFO - Filling up the DagBag from /home/philip/de_engineering/airflow_projects/airflow1/venv/lib/python3.10/site-packages/airflow/example_dags/plugins/workday.py
[2025-03-10T09:31:28.133+0100] {logging_mixin.py:188} INFO - [2025-03-10T09:31:28.133+0100] {workday.py:40} WARNING - Could not import pandas. Holidays will not be considered.
[2025-03-10T09:31:28.133+0100] {processor.py:842} WARNING - No viable dags retrieved from /home/philip/de_engineering/airflow_projects/airflow1/venv/lib/python3.10/site-packages/airflow/example_dags/plugins/workday.py
[2025-03-10T09:31:28.147+0100] {processor.py:183} INFO - Processing /home/philip/de_engineering/airflow_projects/airflow1/venv/lib/python3.10/site-packages/airflow/example_dags/plugins/workday.py took 0.021 seconds
[2025-03-10T09:31:58.260+0100] {processor.py:161} INFO - Started process (PID=147962) to work on /home/philip/de_engineering/airflow_projects/airflow1/venv/lib/python3.10/site-packages/airflow/example_dags/plugins/workday.py
[2025-03-10T09:31:58.261+0100] {processor.py:830} INFO - Processing file /home/philip/de_engineering/airflow_projects/airflow1/venv/lib/python3.10/site-packages/airflow/example_dags/plugins/workday.py for tasks to queue
[2025-03-10T09:31:58.262+0100] {logging_mixin.py:188} INFO - [2025-03-10T09:31:58.262+0100] {dagbag.py:538} INFO - Filling up the DagBag from /home/philip/de_engineering/airflow_projects/airflow1/venv/lib/python3.10/site-packages/airflow/example_dags/plugins/workday.py
[2025-03-10T09:31:58.264+0100] {logging_mixin.py:188} INFO - [2025-03-10T09:31:58.264+0100] {workday.py:40} WARNING - Could not import pandas. Holidays will not be considered.
[2025-03-10T09:31:58.264+0100] {processor.py:842} WARNING - No viable dags retrieved from /home/philip/de_engineering/airflow_projects/airflow1/venv/lib/python3.10/site-packages/airflow/example_dags/plugins/workday.py
[2025-03-10T09:31:58.278+0100] {processor.py:183} INFO - Processing /home/philip/de_engineering/airflow_projects/airflow1/venv/lib/python3.10/site-packages/airflow/example_dags/plugins/workday.py took 0.021 seconds
[2025-03-10T09:32:28.431+0100] {processor.py:161} INFO - Started process (PID=148336) to work on /home/philip/de_engineering/airflow_projects/airflow1/venv/lib/python3.10/site-packages/airflow/example_dags/plugins/workday.py
[2025-03-10T09:32:28.432+0100] {processor.py:830} INFO - Processing file /home/philip/de_engineering/airflow_projects/airflow1/venv/lib/python3.10/site-packages/airflow/example_dags/plugins/workday.py for tasks to queue
[2025-03-10T09:32:28.433+0100] {logging_mixin.py:188} INFO - [2025-03-10T09:32:28.433+0100] {dagbag.py:538} INFO - Filling up the DagBag from /home/philip/de_engineering/airflow_projects/airflow1/venv/lib/python3.10/site-packages/airflow/example_dags/plugins/workday.py
[2025-03-10T09:32:28.435+0100] {logging_mixin.py:188} INFO - [2025-03-10T09:32:28.435+0100] {workday.py:40} WARNING - Could not import pandas. Holidays will not be considered.
[2025-03-10T09:32:28.436+0100] {processor.py:842} WARNING - No viable dags retrieved from /home/philip/de_engineering/airflow_projects/airflow1/venv/lib/python3.10/site-packages/airflow/example_dags/plugins/workday.py
[2025-03-10T09:32:28.449+0100] {processor.py:183} INFO - Processing /home/philip/de_engineering/airflow_projects/airflow1/venv/lib/python3.10/site-packages/airflow/example_dags/plugins/workday.py took 0.021 seconds
[2025-03-10T09:32:58.651+0100] {processor.py:161} INFO - Started process (PID=148717) to work on /home/philip/de_engineering/airflow_projects/airflow1/venv/lib/python3.10/site-packages/airflow/example_dags/plugins/workday.py
[2025-03-10T09:32:58.652+0100] {processor.py:830} INFO - Processing file /home/philip/de_engineering/airflow_projects/airflow1/venv/lib/python3.10/site-packages/airflow/example_dags/plugins/workday.py for tasks to queue
[2025-03-10T09:32:58.653+0100] {logging_mixin.py:188} INFO - [2025-03-10T09:32:58.653+0100] {dagbag.py:538} INFO - Filling up the DagBag from /home/philip/de_engineering/airflow_projects/airflow1/venv/lib/python3.10/site-packages/airflow/example_dags/plugins/workday.py
[2025-03-10T09:32:58.655+0100] {logging_mixin.py:188} INFO - [2025-03-10T09:32:58.655+0100] {workday.py:40} WARNING - Could not import pandas. Holidays will not be considered.
[2025-03-10T09:32:58.656+0100] {processor.py:842} WARNING - No viable dags retrieved from /home/philip/de_engineering/airflow_projects/airflow1/venv/lib/python3.10/site-packages/airflow/example_dags/plugins/workday.py
[2025-03-10T09:32:58.671+0100] {processor.py:183} INFO - Processing /home/philip/de_engineering/airflow_projects/airflow1/venv/lib/python3.10/site-packages/airflow/example_dags/plugins/workday.py took 0.023 seconds
[2025-03-10T09:33:28.930+0100] {processor.py:161} INFO - Started process (PID=149093) to work on /home/philip/de_engineering/airflow_projects/airflow1/venv/lib/python3.10/site-packages/airflow/example_dags/plugins/workday.py
[2025-03-10T09:33:28.931+0100] {processor.py:830} INFO - Processing file /home/philip/de_engineering/airflow_projects/airflow1/venv/lib/python3.10/site-packages/airflow/example_dags/plugins/workday.py for tasks to queue
[2025-03-10T09:33:28.932+0100] {logging_mixin.py:188} INFO - [2025-03-10T09:33:28.931+0100] {dagbag.py:538} INFO - Filling up the DagBag from /home/philip/de_engineering/airflow_projects/airflow1/venv/lib/python3.10/site-packages/airflow/example_dags/plugins/workday.py
[2025-03-10T09:33:28.934+0100] {logging_mixin.py:188} INFO - [2025-03-10T09:33:28.934+0100] {workday.py:40} WARNING - Could not import pandas. Holidays will not be considered.
[2025-03-10T09:33:28.934+0100] {processor.py:842} WARNING - No viable dags retrieved from /home/philip/de_engineering/airflow_projects/airflow1/venv/lib/python3.10/site-packages/airflow/example_dags/plugins/workday.py
[2025-03-10T09:33:28.949+0100] {processor.py:183} INFO - Processing /home/philip/de_engineering/airflow_projects/airflow1/venv/lib/python3.10/site-packages/airflow/example_dags/plugins/workday.py took 0.022 seconds
[2025-03-10T09:33:59.145+0100] {processor.py:161} INFO - Started process (PID=149474) to work on /home/philip/de_engineering/airflow_projects/airflow1/venv/lib/python3.10/site-packages/airflow/example_dags/plugins/workday.py
[2025-03-10T09:33:59.147+0100] {processor.py:830} INFO - Processing file /home/philip/de_engineering/airflow_projects/airflow1/venv/lib/python3.10/site-packages/airflow/example_dags/plugins/workday.py for tasks to queue
[2025-03-10T09:33:59.147+0100] {logging_mixin.py:188} INFO - [2025-03-10T09:33:59.147+0100] {dagbag.py:538} INFO - Filling up the DagBag from /home/philip/de_engineering/airflow_projects/airflow1/venv/lib/python3.10/site-packages/airflow/example_dags/plugins/workday.py
[2025-03-10T09:33:59.150+0100] {logging_mixin.py:188} INFO - [2025-03-10T09:33:59.150+0100] {workday.py:40} WARNING - Could not import pandas. Holidays will not be considered.
[2025-03-10T09:33:59.150+0100] {processor.py:842} WARNING - No viable dags retrieved from /home/philip/de_engineering/airflow_projects/airflow1/venv/lib/python3.10/site-packages/airflow/example_dags/plugins/workday.py
[2025-03-10T09:33:59.166+0100] {processor.py:183} INFO - Processing /home/philip/de_engineering/airflow_projects/airflow1/venv/lib/python3.10/site-packages/airflow/example_dags/plugins/workday.py took 0.023 seconds
[2025-03-10T09:34:29.374+0100] {processor.py:161} INFO - Started process (PID=149848) to work on /home/philip/de_engineering/airflow_projects/airflow1/venv/lib/python3.10/site-packages/airflow/example_dags/plugins/workday.py
[2025-03-10T09:34:29.374+0100] {processor.py:830} INFO - Processing file /home/philip/de_engineering/airflow_projects/airflow1/venv/lib/python3.10/site-packages/airflow/example_dags/plugins/workday.py for tasks to queue
[2025-03-10T09:34:29.375+0100] {logging_mixin.py:188} INFO - [2025-03-10T09:34:29.375+0100] {dagbag.py:538} INFO - Filling up the DagBag from /home/philip/de_engineering/airflow_projects/airflow1/venv/lib/python3.10/site-packages/airflow/example_dags/plugins/workday.py
[2025-03-10T09:34:29.377+0100] {logging_mixin.py:188} INFO - [2025-03-10T09:34:29.377+0100] {workday.py:40} WARNING - Could not import pandas. Holidays will not be considered.
[2025-03-10T09:34:29.377+0100] {processor.py:842} WARNING - No viable dags retrieved from /home/philip/de_engineering/airflow_projects/airflow1/venv/lib/python3.10/site-packages/airflow/example_dags/plugins/workday.py
[2025-03-10T09:34:29.393+0100] {processor.py:183} INFO - Processing /home/philip/de_engineering/airflow_projects/airflow1/venv/lib/python3.10/site-packages/airflow/example_dags/plugins/workday.py took 0.022 seconds
[2025-03-10T09:34:59.591+0100] {processor.py:161} INFO - Started process (PID=150231) to work on /home/philip/de_engineering/airflow_projects/airflow1/venv/lib/python3.10/site-packages/airflow/example_dags/plugins/workday.py
[2025-03-10T09:34:59.592+0100] {processor.py:830} INFO - Processing file /home/philip/de_engineering/airflow_projects/airflow1/venv/lib/python3.10/site-packages/airflow/example_dags/plugins/workday.py for tasks to queue
[2025-03-10T09:34:59.593+0100] {logging_mixin.py:188} INFO - [2025-03-10T09:34:59.593+0100] {dagbag.py:538} INFO - Filling up the DagBag from /home/philip/de_engineering/airflow_projects/airflow1/venv/lib/python3.10/site-packages/airflow/example_dags/plugins/workday.py
[2025-03-10T09:34:59.596+0100] {logging_mixin.py:188} INFO - [2025-03-10T09:34:59.595+0100] {workday.py:40} WARNING - Could not import pandas. Holidays will not be considered.
[2025-03-10T09:34:59.596+0100] {processor.py:842} WARNING - No viable dags retrieved from /home/philip/de_engineering/airflow_projects/airflow1/venv/lib/python3.10/site-packages/airflow/example_dags/plugins/workday.py
[2025-03-10T09:34:59.610+0100] {processor.py:183} INFO - Processing /home/philip/de_engineering/airflow_projects/airflow1/venv/lib/python3.10/site-packages/airflow/example_dags/plugins/workday.py took 0.022 seconds
[2025-03-10T09:35:29.821+0100] {processor.py:161} INFO - Started process (PID=150608) to work on /home/philip/de_engineering/airflow_projects/airflow1/venv/lib/python3.10/site-packages/airflow/example_dags/plugins/workday.py
[2025-03-10T09:35:29.822+0100] {processor.py:830} INFO - Processing file /home/philip/de_engineering/airflow_projects/airflow1/venv/lib/python3.10/site-packages/airflow/example_dags/plugins/workday.py for tasks to queue
[2025-03-10T09:35:29.823+0100] {logging_mixin.py:188} INFO - [2025-03-10T09:35:29.822+0100] {dagbag.py:538} INFO - Filling up the DagBag from /home/philip/de_engineering/airflow_projects/airflow1/venv/lib/python3.10/site-packages/airflow/example_dags/plugins/workday.py
[2025-03-10T09:35:29.825+0100] {logging_mixin.py:188} INFO - [2025-03-10T09:35:29.825+0100] {workday.py:40} WARNING - Could not import pandas. Holidays will not be considered.
[2025-03-10T09:35:29.825+0100] {processor.py:842} WARNING - No viable dags retrieved from /home/philip/de_engineering/airflow_projects/airflow1/venv/lib/python3.10/site-packages/airflow/example_dags/plugins/workday.py
[2025-03-10T09:35:29.839+0100] {processor.py:183} INFO - Processing /home/philip/de_engineering/airflow_projects/airflow1/venv/lib/python3.10/site-packages/airflow/example_dags/plugins/workday.py took 0.020 seconds
[2025-03-10T09:36:00.108+0100] {processor.py:161} INFO - Started process (PID=150989) to work on /home/philip/de_engineering/airflow_projects/airflow1/venv/lib/python3.10/site-packages/airflow/example_dags/plugins/workday.py
[2025-03-10T09:36:00.110+0100] {processor.py:830} INFO - Processing file /home/philip/de_engineering/airflow_projects/airflow1/venv/lib/python3.10/site-packages/airflow/example_dags/plugins/workday.py for tasks to queue
[2025-03-10T09:36:00.111+0100] {logging_mixin.py:188} INFO - [2025-03-10T09:36:00.110+0100] {dagbag.py:538} INFO - Filling up the DagBag from /home/philip/de_engineering/airflow_projects/airflow1/venv/lib/python3.10/site-packages/airflow/example_dags/plugins/workday.py
[2025-03-10T09:36:00.113+0100] {logging_mixin.py:188} INFO - [2025-03-10T09:36:00.113+0100] {workday.py:40} WARNING - Could not import pandas. Holidays will not be considered.
[2025-03-10T09:36:00.114+0100] {processor.py:842} WARNING - No viable dags retrieved from /home/philip/de_engineering/airflow_projects/airflow1/venv/lib/python3.10/site-packages/airflow/example_dags/plugins/workday.py
[2025-03-10T09:36:00.131+0100] {processor.py:183} INFO - Processing /home/philip/de_engineering/airflow_projects/airflow1/venv/lib/python3.10/site-packages/airflow/example_dags/plugins/workday.py took 0.026 seconds
