[2025-03-06T14:42:51.838+0100] {processor.py:161} INFO - Started process (PID=10054) to work on /home/philip/de_engineering/airflow_projects/airflow1/venv/lib/python3.10/site-packages/airflow/example_dags/plugins/workday.py
[2025-03-06T14:42:51.840+0100] {processor.py:830} INFO - Processing file /home/philip/de_engineering/airflow_projects/airflow1/venv/lib/python3.10/site-packages/airflow/example_dags/plugins/workday.py for tasks to queue
[2025-03-06T14:42:51.841+0100] {logging_mixin.py:188} INFO - [2025-03-06T14:42:51.840+0100] {dagbag.py:538} INFO - Filling up the DagBag from /home/philip/de_engineering/airflow_projects/airflow1/venv/lib/python3.10/site-packages/airflow/example_dags/plugins/workday.py
[2025-03-06T14:42:51.845+0100] {logging_mixin.py:188} INFO - [2025-03-06T14:42:51.844+0100] {workday.py:40} WARNING - Could not import pandas. Holidays will not be considered.
[2025-03-06T14:42:51.845+0100] {processor.py:842} WARNING - No viable dags retrieved from /home/philip/de_engineering/airflow_projects/airflow1/venv/lib/python3.10/site-packages/airflow/example_dags/plugins/workday.py
[2025-03-06T14:42:51.856+0100] {processor.py:183} INFO - Processing /home/philip/de_engineering/airflow_projects/airflow1/venv/lib/python3.10/site-packages/airflow/example_dags/plugins/workday.py took 0.022 seconds
[2025-03-06T14:43:46.844+0100] {processor.py:161} INFO - Started process (PID=10104) to work on /home/philip/de_engineering/airflow_projects/airflow1/venv/lib/python3.10/site-packages/airflow/example_dags/plugins/workday.py
[2025-03-06T14:43:46.880+0100] {processor.py:830} INFO - Processing file /home/philip/de_engineering/airflow_projects/airflow1/venv/lib/python3.10/site-packages/airflow/example_dags/plugins/workday.py for tasks to queue
[2025-03-06T14:43:46.881+0100] {logging_mixin.py:188} INFO - [2025-03-06T14:43:46.881+0100] {dagbag.py:538} INFO - Filling up the DagBag from /home/philip/de_engineering/airflow_projects/airflow1/venv/lib/python3.10/site-packages/airflow/example_dags/plugins/workday.py
[2025-03-06T14:43:46.885+0100] {logging_mixin.py:188} INFO - [2025-03-06T14:43:46.885+0100] {workday.py:40} WARNING - Could not import pandas. Holidays will not be considered.
[2025-03-06T14:43:46.886+0100] {processor.py:842} WARNING - No viable dags retrieved from /home/philip/de_engineering/airflow_projects/airflow1/venv/lib/python3.10/site-packages/airflow/example_dags/plugins/workday.py
[2025-03-06T14:43:46.898+0100] {processor.py:183} INFO - Processing /home/philip/de_engineering/airflow_projects/airflow1/venv/lib/python3.10/site-packages/airflow/example_dags/plugins/workday.py took 0.060 seconds
[2025-03-06T14:44:29.135+0100] {processor.py:161} INFO - Started process (PID=10149) to work on /home/philip/de_engineering/airflow_projects/airflow1/venv/lib/python3.10/site-packages/airflow/example_dags/plugins/workday.py
[2025-03-06T14:44:29.137+0100] {processor.py:830} INFO - Processing file /home/philip/de_engineering/airflow_projects/airflow1/venv/lib/python3.10/site-packages/airflow/example_dags/plugins/workday.py for tasks to queue
[2025-03-06T14:44:29.138+0100] {logging_mixin.py:188} INFO - [2025-03-06T14:44:29.138+0100] {dagbag.py:538} INFO - Filling up the DagBag from /home/philip/de_engineering/airflow_projects/airflow1/venv/lib/python3.10/site-packages/airflow/example_dags/plugins/workday.py
[2025-03-06T14:44:29.141+0100] {logging_mixin.py:188} INFO - [2025-03-06T14:44:29.141+0100] {workday.py:40} WARNING - Could not import pandas. Holidays will not be considered.
[2025-03-06T14:44:29.141+0100] {processor.py:842} WARNING - No viable dags retrieved from /home/philip/de_engineering/airflow_projects/airflow1/venv/lib/python3.10/site-packages/airflow/example_dags/plugins/workday.py
[2025-03-06T14:44:29.151+0100] {processor.py:183} INFO - Processing /home/philip/de_engineering/airflow_projects/airflow1/venv/lib/python3.10/site-packages/airflow/example_dags/plugins/workday.py took 0.019 seconds
[2025-03-06T14:45:17.920+0100] {processor.py:161} INFO - Started process (PID=10201) to work on /home/philip/de_engineering/airflow_projects/airflow1/venv/lib/python3.10/site-packages/airflow/example_dags/plugins/workday.py
[2025-03-06T14:45:17.922+0100] {processor.py:830} INFO - Processing file /home/philip/de_engineering/airflow_projects/airflow1/venv/lib/python3.10/site-packages/airflow/example_dags/plugins/workday.py for tasks to queue
[2025-03-06T14:45:17.923+0100] {logging_mixin.py:188} INFO - [2025-03-06T14:45:17.922+0100] {dagbag.py:538} INFO - Filling up the DagBag from /home/philip/de_engineering/airflow_projects/airflow1/venv/lib/python3.10/site-packages/airflow/example_dags/plugins/workday.py
[2025-03-06T14:45:17.925+0100] {logging_mixin.py:188} INFO - [2025-03-06T14:45:17.925+0100] {workday.py:40} WARNING - Could not import pandas. Holidays will not be considered.
[2025-03-06T14:45:17.926+0100] {processor.py:842} WARNING - No viable dags retrieved from /home/philip/de_engineering/airflow_projects/airflow1/venv/lib/python3.10/site-packages/airflow/example_dags/plugins/workday.py
[2025-03-06T14:45:17.934+0100] {processor.py:183} INFO - Processing /home/philip/de_engineering/airflow_projects/airflow1/venv/lib/python3.10/site-packages/airflow/example_dags/plugins/workday.py took 0.018 seconds
[2025-03-06T14:45:56.905+0100] {processor.py:161} INFO - Started process (PID=10246) to work on /home/philip/de_engineering/airflow_projects/airflow1/venv/lib/python3.10/site-packages/airflow/example_dags/plugins/workday.py
[2025-03-06T14:45:56.907+0100] {processor.py:830} INFO - Processing file /home/philip/de_engineering/airflow_projects/airflow1/venv/lib/python3.10/site-packages/airflow/example_dags/plugins/workday.py for tasks to queue
[2025-03-06T14:45:56.908+0100] {logging_mixin.py:188} INFO - [2025-03-06T14:45:56.908+0100] {dagbag.py:538} INFO - Filling up the DagBag from /home/philip/de_engineering/airflow_projects/airflow1/venv/lib/python3.10/site-packages/airflow/example_dags/plugins/workday.py
[2025-03-06T14:45:56.912+0100] {logging_mixin.py:188} INFO - [2025-03-06T14:45:56.912+0100] {workday.py:40} WARNING - Could not import pandas. Holidays will not be considered.
[2025-03-06T14:45:56.913+0100] {processor.py:842} WARNING - No viable dags retrieved from /home/philip/de_engineering/airflow_projects/airflow1/venv/lib/python3.10/site-packages/airflow/example_dags/plugins/workday.py
[2025-03-06T14:45:56.926+0100] {processor.py:183} INFO - Processing /home/philip/de_engineering/airflow_projects/airflow1/venv/lib/python3.10/site-packages/airflow/example_dags/plugins/workday.py took 0.026 seconds
[2025-03-06T14:46:35.527+0100] {processor.py:161} INFO - Started process (PID=10287) to work on /home/philip/de_engineering/airflow_projects/airflow1/venv/lib/python3.10/site-packages/airflow/example_dags/plugins/workday.py
[2025-03-06T14:46:35.529+0100] {processor.py:830} INFO - Processing file /home/philip/de_engineering/airflow_projects/airflow1/venv/lib/python3.10/site-packages/airflow/example_dags/plugins/workday.py for tasks to queue
[2025-03-06T14:46:35.530+0100] {logging_mixin.py:188} INFO - [2025-03-06T14:46:35.530+0100] {dagbag.py:538} INFO - Filling up the DagBag from /home/philip/de_engineering/airflow_projects/airflow1/venv/lib/python3.10/site-packages/airflow/example_dags/plugins/workday.py
[2025-03-06T14:46:35.534+0100] {logging_mixin.py:188} INFO - [2025-03-06T14:46:35.533+0100] {workday.py:40} WARNING - Could not import pandas. Holidays will not be considered.
[2025-03-06T14:46:35.534+0100] {processor.py:842} WARNING - No viable dags retrieved from /home/philip/de_engineering/airflow_projects/airflow1/venv/lib/python3.10/site-packages/airflow/example_dags/plugins/workday.py
[2025-03-06T14:46:35.546+0100] {processor.py:183} INFO - Processing /home/philip/de_engineering/airflow_projects/airflow1/venv/lib/python3.10/site-packages/airflow/example_dags/plugins/workday.py took 0.021 seconds
